#=== ait_pretrained_full_w100_50b50a ===
#
#Metrics:
#  Accuracy: 0.9022 | Macro Precision: 0.8785 | Macro Recall: 0.8627 | Macro F1: 0.8436
#  False Alarms: 16917 | False Alarm Rate: 0.1057
#  Missed Attacks: 1520 | Detection Rate: 0.9466
#
#Per-Class Metrics:
#  [phase1] P=0.5579 | R=0.9451 | F1=0.7016 | 
#  [phase2] P=0.8462 | R=1.0000 | F1=0.9167 | 
#  [phase3] P=1.0000 | R=0.5200 | F1=0.6842 | 
#  [phase4] P=0.9989 | R=0.9543 | F1=0.9761 | 
#
#Confusion Matrix:
#         	      	      	      	Actual	      	      
#         	      	benign	phase1	phase2	phase3	phase4
#         	benign	143059	  1240	     0	    12	   268
#Predicted	phase1	 16909	 21337	     0	     0	     0
#         	phase2	     2	     0	    11	     0	     0
#         	phase3	     0	     0	     0	    13	     0
#         	phase4	     6	     0	     0	     0	  5597
i,time,loss,ground_time,compile_time,eval_time
10,1.5494344234466553,0.20062279706324965,0.0022908263206481956,0.01131499195098878,0.00029934167861938514
20,2.974292039871216,0.1875870747466853,0.002505687713623053,0.012661437511444107,0.0003808145523071289
30,4.302898645401001,0.17130595544946972,0.002535982608795171,0.012656174659729017,0.00036183547973632805
40,5.680392742156982,0.1596237570623656,0.0025041589736938545,0.012684114933013923,0.0003770503997802735
50,7.02978253364563,0.1458362118248102,0.002550020217895514,0.012585206985473643,0.00035757637023925773