#=== ait_logic_pretrained_aug_w10_50b50a ===
#
#Metrics:
#  Accuracy: 0.9956 | Macro Precision: 0.7928 | Macro Recall: 0.9741 | Macro F1: 0.8266
#  False Alarms: 601 | False Alarm Rate: 0.0045
#  Missed Attacks: 21 | Detection Rate: 0.9972
#
#Per-Class Metrics:
#  [phase1] P=0.9875 | R=0.9996 | F1=0.9935 | 
#  [phase2] P=1.0000 | R=0.9965 | F1=0.9982 | 
#  [phase3] P=0.8462 | R=1.0000 | F1=0.9167 | 
#  [phase4] P=0.1303 | R=0.8791 | F1=0.2270 | 
#
#Confusion Matrix:
#         	      	      	      	Actual	      	      
#         	      	benign	phase1	phase2	phase3	phase4
#         	benign	132981	     2	     8	     0	    11
#Predicted	phase1	    65	  5142	     0	     0	     0
#         	phase2	     0	     0	  2260	     0	     0
#         	phase3	     2	     0	     0	    11	     0
#         	phase4	   534	     0	     0	     0	    80
i,time,loss,ground_time,compile_time,eval_time
10,0.8237338066101074,0.07470396481517234,0.0026810380148476554,0.0027671355882595314,0.0002998209975916766
20,1.44575834274292,0.0832080648589349,0.0029677187445862514,0.0030773165667879183,0.00032760698733658633
30,2.017399311065674,0.08575756364060638,0.002968661756864908,0.002940668718054377,0.0003058014501785411
40,2.602926015853882,0.08343673268565299,0.0029688101518770714,0.0030665628612041493,0.00031303225149368415
50,3.14433217048645,0.08617851459051808,0.002971266351383304,0.002972218612658569,0.0002956972553812225
60,3.69844388961792,0.08282702332504444,0.0029662077539953664,0.002957168028786267,0.00030004310196843646
70,4.219422817230225,0.08550149270847814,0.002980467664270561,0.0030416313815733497,0.0002880452907290951
80,4.762089729309082,0.08265084370808887,0.0029639861835487934,0.003037167880041848,0.00029739281483765303
90,5.331364870071411,0.08679803407243149,0.0029750724804812455,0.0030458605494992482,0.0003223088923199422
100,5.940453767776489,0.08282188197581562,0.0029670509927231673,0.003065038228343275,0.00034471917255171413
110,6.453479528427124,0.08990122214067522,0.0029657338842235727,0.002911565735422333,0.0002957312711353959
120,7.001253843307495,0.08253124461979656,0.0029713238493121862,0.0029816257285660724,0.0003108911087800715