#=== ait_logic_pretrained_aug_w10_20b20a ===
#
#Metrics:
#  Accuracy: 0.9993 | Macro Precision: 0.9332 | Macro Recall: 0.8217 | Macro F1: 0.8634
#  False Alarms: 27 | False Alarm Rate: 0.0002
#  Missed Attacks: 65 | Detection Rate: 0.9913
#
#Per-Class Metrics:
#  [phase1] P=0.9998 | R=0.9990 | F1=0.9994 | 
#  [phase2] P=1.0000 | R=0.9929 | F1=0.9965 | 
#  [phase3] P=1.0000 | R=0.5455 | F1=0.7059 | 
#  [phase4] P=0.6667 | R=0.5714 | F1=0.6154 | 
#
#Confusion Matrix:
#         	      	      	      	Actual	      	      
#         	      	benign	phase1	phase2	phase3	phase4
#         	benign	133555	     5	    16	     5	    39
#Predicted	phase1	     1	  5139	     0	     0	     0
#         	phase2	     0	     0	  2252	     0	     0
#         	phase3	     0	     0	     0	     6	     0
#         	phase4	    26	     0	     0	     0	    52
i,time,loss,ground_time,compile_time,eval_time
10,0.7373499870300293,0.09696383465692254,0.0023132994771003727,0.0026307246337334334,0.00033314770294560326
20,1.4888553619384766,0.09868415159768454,0.002577761891815399,0.0026373549467987507,0.00043644288347827046
30,2.224935293197632,0.09615004482121675,0.002568781872590385,0.0028511098275582018,0.00043245235251055823
40,2.9367847442626953,0.09252881516373627,0.0025604799389839185,0.003008721520503365,0.000423719651169247
50,3.6506800651550293,0.09030443714227257,0.002548273818360436,0.0027592755854129814,0.000418091689546903
60,4.380144357681274,0.08560236821340164,0.0025898930927117673,0.0027635138895776568,0.00043070875108242024