#=== ait_logic_pretrained_aug_w10_5000b5000a ===
#
#Metrics:
#  Accuracy: 0.9993 | Macro Precision: 0.8886 | Macro Recall: 0.8674 | Macro F1: 0.8761
#  False Alarms: 47 | False Alarm Rate: 0.0004
#  Missed Attacks: 52 | Detection Rate: 0.9931
#
#Per-Class Metrics:
#  [phase1] P=0.9998 | R=0.9992 | F1=0.9995 | 
#  [phase2] P=1.0000 | R=0.9956 | F1=0.9978 | 
#  [phase3] P=0.8889 | R=0.7273 | F1=0.8000 | 
#  [phase4] P=0.5545 | R=0.6154 | F1=0.5833 | 
#
#Confusion Matrix:
#         	      	      	      	Actual	      	      
#         	      	benign	phase1	phase2	phase3	phase4
#         	benign	133535	     4	    10	     3	    35
#Predicted	phase1	     1	  5140	     0	     0	     0
#         	phase2	     0	     0	  2258	     0	     0
#         	phase3	     1	     0	     0	     8	     0
#         	phase4	    45	     0	     0	     0	    56
i,time,loss,ground_time,compile_time,eval_time
10,2.033020496368408,0.07624321280981808,0.0031750306487083437,0.002482543513178825,0.000666683167219162
20,3.8897907733917236,0.08979121451870943,0.0035825993865728377,0.0032664384692907334,0.0006352335214614869
30,4.878611087799072,0.09197134548517823,0.0035748288035392763,0.0031929664313793183,0.000343799963593483
40,5.756019353866577,0.08843118183305033,0.0035204194486141206,0.0027375675737857817,0.00028569549322128297
50,6.611632347106934,0.08285707067772012,0.0035714901983737945,0.0027154248207807543,0.00028170645236968994
60,7.434977769851685,0.08365313541742601,0.0035685934126377106,0.0028164800256490707,0.0003068249672651291
70,8.171749353408813,0.07983428735015351,0.0035652894526720046,0.002967410907149315,0.00029497481882572173
80,8.940260410308838,0.07753516313460036,0.0035916861146688462,0.002986690029501915,0.0003008916974067688
90,9.638529777526855,0.07716071970887586,0.0035943228751420973,0.003005889803171158,0.0002949923276901245
100,10.322899580001831,0.0825237674250538,0.003552018478512764,0.003189929574728012,0.0002971448004245758
110,11.00696086883545,0.08820942599892034,0.003591972589492798,0.0030305154621601106,0.00028390809893608093
120,11.672698020935059,0.08181063763904456,0.003589035198092461,0.0030058030039072036,0.0002864684909582138
130,12.302895545959473,0.07769852277362467,0.0035759977996349334,0.003070748969912529,0.000293939933180809
140,12.935452938079834,0.0785475526939323,0.0035829465836286546,0.002923080697655678,0.00028924979269504545
150,13.549387216567993,0.08315597832689241,0.003544793277978897,0.0030389022082090377,0.00028910376131534575
160,14.162554264068604,0.07566425096391843,0.0035725321620702745,0.0031050432473421095,0.0002887275069952011
170,14.798452377319336,0.07660450199410912,0.0035548370331525804,0.0032543007284402846,0.0002894796431064606
180,15.40533709526062,0.07992736344348333,0.0035944268107414245,0.0026423342525959013,0.0002917375415563583
190,16.027780294418335,0.08458361025146288,0.0035863172262907026,0.003109753504395485,0.00029322244226932527
200,16.633248329162598,0.08542889956427095,0.0035477209836244582,0.0028203420341014864,0.0002922024577856064
210,17.210378646850586,0.08259257651109976,0.0035751789808273317,0.0027183089405298233,0.000280703604221344
220,17.763088941574097,0.08109716617017712,0.0035809177905321123,0.0031486697494983672,0.0002773825079202652
230,18.323450565338135,0.07935510390717995,0.003602602705359459,0.0028676610440015794,0.00027769096195697787
240,18.871152877807617,0.08047709263177304,0.00355420708656311,0.002508631721138954,0.0002741612493991852
250,19.456775665283203,0.07188210912304167,0.0035887010395526885,0.0029218818992376326,0.0002777468413114548
260,19.997694969177246,0.07602182745109745,0.0036397587507963182,0.0032395891845226287,0.000268140435218811
270,20.546104431152344,0.0804555151934251,0.0035964298993349077,0.0029705040156841277,0.00027137063443660736
280,21.10449981689453,0.07955333135539101,0.0035617277026176453,0.0030113279819488524,0.0002800464630126953
290,21.6325900554657,0.083836924844722,0.0035539045929908752,0.003072373941540718,0.00025854483246803286
300,22.179863691329956,0.07989596431503998,0.0036153171211481096,0.0028226111084222794,0.00026891008019447327
310,22.73950457572937,0.08100051439546127,0.003542567417025566,0.0030252084136009215,0.00027520395815372467
320,23.263975858688354,0.0829271784247632,0.0035532187670469285,0.0030530091375112534,0.0002689950168132782
330,23.818496704101562,0.08316818121663012,0.0035843819379806517,0.0029261849820613863,0.0002695456147193909
340,24.339555740356445,0.08485282823692705,0.0035502418875694277,0.002818169817328453,0.0002660326659679413
350,24.88476848602295,0.08268407797571983,0.0036029454320669176,0.003235110267996788,0.0002707816660404205
360,25.424161195755005,0.07917409551471229,0.0035918597131967545,0.002885512262582779,0.00027402527630329134
370,25.967392683029175,0.07601540669782729,0.0035915400832891462,0.003603081777691841,0.0002754110842943192
380,26.49153733253479,0.08039004398380918,0.0035643644630908968,0.0030281197279691694,0.00027175843715667727
390,27.023881912231445,0.07874004264687924,0.0035805832594633102,0.002962438389658928,0.0002650883048772812
400,27.509591102600098,0.0838659833762451,0.0035527983307838433,0.00305232934653759,0.00026613906025886537
410,27.999079942703247,0.08030930923575776,0.0036090735346078874,0.0029301241040229796,0.00026162415742874144
420,28.496896982192993,0.07885171714464502,0.003625670075416565,0.0028079103678464888,0.000262441486120224
430,29.001378774642944,0.08262786873504553,0.0035672560334205627,0.0030730154365301134,0.00026496127247810364
440,29.506589889526367,0.08145837934885322,0.003557626903057098,0.0028811726719141007,0.00026300251483917235
450,30.004199743270874,0.07719672920275018,0.003579980134963989,0.003072947636246681,0.0002670209854841232
460,30.503337383270264,0.08168316607615553,0.0035730529576539992,0.0032881781458854674,0.0002638939768075943
470,31.013678550720215,0.07440844410088035,0.0035434141755104065,0.0030201025307178496,0.0002678733319044113
480,31.520838737487793,0.07624742436962996,0.0035919416695833206,0.002985602244734764,0.0002600826323032379
490,31.99931263923645,0.08789915247269785,0.0035675816237926484,0.0032971002161502837,0.00025691576302051545
500,32.47276711463928,0.07422990934235413,0.0036058418452739717,0.002883785218000412,0.0002522055059671402
510,32.964091300964355,0.07571569025396403,0.003562996909022331,0.0031040806323289873,0.00026348531246185304
520,33.4466392993927,0.07431864228196382,0.0035745732486248015,0.0031482312828302384,0.00026074759662151335
530,33.93903589248657,0.08416323756030467,0.0035419844090938566,0.002803102135658264,0.0002623345702886581
540,34.41550040245056,0.08104534242441809,0.003528684377670288,0.0024725571274757385,0.00025675222277641294
550,34.98206663131714,0.07665885885535419,0.003577808290719986,0.0029076702892780306,0.0003041394054889679
560,35.47993278503418,0.08423551718810993,0.003580692037940025,0.002753369137644768,0.00025995075702667236
570,35.99855279922485,0.07577768998379639,0.003554917499423027,0.0031272668391466142,0.0002713281661272049
580,36.49116516113281,0.08214933035597496,0.0035714950412511826,0.0032367292791604997,0.0002680350095033646
590,37.031055212020874,0.08391707693197283,0.003575568273663521,0.0030908331274986265,0.00028483271598815917
600,37.519962310791016,0.07904040184965191,0.0036057353019714354,0.002642639726400375,0.0002636931836605072
610,38.01147699356079,0.0775390752546693,0.0035614874213933945,0.00317620225250721,0.00026328042149543763
620,38.49705171585083,0.07966749418422737,0.0035793554037809373,0.003216371312737465,0.0002627909183502197
630,38.994049310684204,0.08585138325403788,0.003605129197239876,0.00319707989692688,0.00026347413659095765
640,39.48646283149719,0.07856676915144026,0.003568826615810394,0.0027335692197084428,0.0002592429518699646
650,39.98546028137207,0.07716070321396848,0.003563385456800461,0.0030739638954401017,0.000265706330537796
660,40.479719161987305,0.07882306639843564,0.0035392869263887405,0.002822228521108627,0.00026319921016693115
670,40.97883749008179,0.08041577872615294,0.0036158476024866102,0.0030506938695907594,0.0002681832760572433
680,41.47911286354065,0.07859414276803463,0.0035832319408655167,0.002676912769675255,0.0002627234905958176
690,41.98104429244995,0.08622642445831018,0.003571422025561333,0.002926439046859741,0.00026569925248622896
700,42.46565914154053,0.07854732688525376,0.003596300259232521,0.0029646698385477066,0.0002590246498584747
710,42.942750692367554,0.08120207957719991,0.0035822529345750807,0.002655869349837303,0.0002503003925085068
720,43.42278718948364,0.08388013113833918,0.0035490367561578752,0.0035370610654354095,0.0002598825842142105
730,43.91218972206116,0.07398970580469535,0.003590118885040283,0.003004259243607521,0.00026111193001270293
740,44.42424249649048,0.08081913081637665,0.003559171408414841,0.0031315132975578306,0.0002716958522796631
750,44.91613554954529,0.07337366829270178,0.0035803735256195067,0.0029056761413812637,0.0002653349190950394
760,45.40394854545593,0.08070736263022923,0.0035267554223537443,0.0030249755829572676,0.0002595048397779465
770,45.91839623451233,0.07881217953125028,0.003586069867014885,0.002886495366692543,0.00027327388525009153
780,46.40940523147583,0.08248395574882442,0.0035764742642641068,0.0029647447168827056,0.00026750415563583376
790,46.89625024795532,0.08515051559544856,0.0036122406274080275,0.002788460329174995,0.0002671443670988083
800,47.37439274787903,0.07962282418531631,0.0035421654582023622,0.0031893212348222733,0.000259564071893692
810,47.860145807266235,0.08414972218561112,0.003537268936634064,0.003339743986725807,0.000261109322309494
820,48.36079001426697,0.07775845379902743,0.003634992241859436,0.002891918271780014,0.0002668328583240509
830,48.84567141532898,0.0779572231582358,0.003588198870420456,0.003043903037905693,0.00025950893759727476
840,49.33050298690796,0.07694417361073427,0.00361965149641037,0.0027614224702119826,0.00026125460863113403
850,49.81897974014282,0.07564676789651155,0.003570692241191864,0.0028211478143930434,0.00026026181876659393
860,50.30545997619629,0.07916029231872454,0.0035782583057880402,0.0030506011098623276,0.0002611108124256134
870,50.798017263412476,0.07448901225501503,0.0036519534885883333,0.002808402478694916,0.0002657022327184677
880,51.308533906936646,0.07450882790360933,0.00356900691986084,0.0026727903634309767,0.00027094222605228424
890,51.80329442024231,0.07979562731006817,0.0035223085433244705,0.002920636534690857,0.00026493147015571594
900,52.29843544960022,0.0799112334558263,0.0035639699548482896,0.0032698340713977815,0.00026724040508270265
910,52.783174991607666,0.08762057254699059,0.00353676863014698,0.0029092665761709215,0.00026192106306552885
920,53.26972007751465,0.07812731330356332,0.0035828594118356705,0.003171062469482422,0.0002626124769449234
930,53.74440336227417,0.08022457015490092,0.0035549793392419815,0.0033374402672052385,0.00025742873549461365
940,54.218881607055664,0.09246553721240164,0.0035351913422346113,0.0027778580784797668,0.0002544265240430832
950,54.715306997299194,0.07701225610494764,0.0035487722605466844,0.003191068395972252,0.00026969835162162783
960,55.200501441955566,0.08553934306788907,0.003613089025020599,0.0029246266931295395,0.000258447602391243
970,55.68185615539551,0.07797455576528531,0.0035468794405460356,0.003063796833157539,0.0002624206244945526
980,56.157981872558594,0.07748418655447172,0.003539855778217316,0.003254452347755432,0.00026136711239814757
990,56.63696336746216,0.07992421690948057,0.0035490691661834717,0.0030292417854070664,0.0002640396356582642
1000,57.119744300842285,0.08287243630019434,0.0035497527569532394,0.002860838547348976,0.0002606377005577087
1010,57.58901643753052,0.07453541886413924,0.0035936176776885987,0.003108750656247139,0.0002586975693702698
1020,58.066152811050415,0.0776956868737848,0.003574391081929207,0.002616909518837929,0.00025984831154346466
1030,58.54717445373535,0.08407976439442874,0.003596067801117897,0.0031112536787986757,0.0002633009105920792
1040,59.01666069030762,0.07646332153146768,0.0035813193768262862,0.0029675442725419997,0.00025916919112205504
1050,59.48595595359802,0.07638973904413233,0.0036086708307266234,0.0024132497608661653,0.0002541415393352509
1060,59.95741248130798,0.07645167398499329,0.0035446207970380784,0.0030886765569448473,0.0002570278942584991
1070,60.43072485923767,0.08033738694142754,0.0035917513072490693,0.0029507312923669816,0.000259755551815033
1080,60.90482831001282,0.08821828202541362,0.0035644058138132096,0.003093274310231209,0.00025920160114765165
1090,61.37145447731018,0.07795404908639382,0.0036002449691295625,0.002987239509820938,0.0002573203295469284
1100,61.84073543548584,0.08376875260761082,0.0035642940551042558,0.0028563242405653,0.0002590488642454147
1110,62.30503511428833,0.07756615373862676,0.0035704925656318666,0.0031144961714744566,0.0002554934471845627
1120,62.772130250930786,0.07849669421762455,0.00362091027200222,0.0030740734189748766,0.00025709941983222964
1130,63.21611976623535,0.07312568300465372,0.0035821955651044847,0.002819667011499405,0.00024522393941879274
1140,63.67910718917847,0.07616459838249416,0.003557896241545677,0.003048115596175194,0.0002548482269048691
1150,64.13726234436035,0.07897787981078616,0.003575722873210907,0.0032994627952575685,0.0002545677125453949
1160,64.61375975608826,0.08288312489308126,0.0035733293741941454,0.0026974156498908997,0.0002620182931423187
1170,65.0905430316925,0.08225294628033353,0.003578124940395355,0.003064368665218353,0.00025932081043720243
1180,65.5547571182251,0.07367979840890442,0.003588192760944366,0.002888713926076889,0.00026046901941299437
1190,66.02741599082947,0.07847461713834677,0.0035661548376083375,0.003118329495191574,0.0002609670162200928
1200,66.49642586708069,0.07579691680206754,0.003560250625014305,0.0028832022100687025,0.00025883428752422334
1210,66.9824321269989,0.0789376948263842,0.0035682503134012223,0.0031518217176198958,0.0002667620778083801
1220,67.4515655040741,0.07349194151090811,0.0035919997841119765,0.0030205413699150086,0.00025933608412742615
1230,67.91825842857361,0.08449006115575822,0.0035317014902830125,0.0030316907912492754,0.00025834813714027406
1240,68.39486861228943,0.08335582638646029,0.0035777844488620756,0.00268196240067482,0.0002582266926765442
1250,68.8708860874176,0.08868710328121313,0.003591619059443474,0.002515921741724014,0.00026121661067008973
1260,69.3312156200409,0.07776019282473266,0.0035832617431879044,0.0032115574926137925,0.0002565443515777588
1270,69.80399584770203,0.08116561932186128,0.003572150319814682,0.0032091420143842697,0.0002630237489938736
1280,70.27200174331665,0.08476208352037654,0.00355939045548439,0.0033193439245224,0.00026126690208911897
1290,70.74710130691528,0.07685372576435755,0.003527802228927612,0.0030908498913049696,0.0002629075199365616
1300,71.24801707267761,0.07639397773656041,0.0035604007542133333,0.0026038233190774918,0.00027700960636138915
1310,71.72348260879517,0.07335754841960256,0.00357874296605587,0.003086414188146591,0.0002614367753267288
1320,72.19868922233582,0.08301514303660541,0.003547849506139755,0.002634572237730026,0.0002625182271003723
1330,72.66089844703674,0.07283819470724381,0.0036096129566431045,0.0031880628317594527,0.0002549372613430023
1340,73.1355791091919,0.07885819359730874,0.0035646766424179076,0.0028845053166151047,0.00026182085275650024
1350,73.5892767906189,0.07773491357383545,0.003586004301905632,0.0030069611966609955,0.000250229611992836
1360,74.0499906539917,0.07969385371514337,0.0036036688834428787,0.0029258649796247483,0.00025410838425159453
1370,74.5169005393982,0.08053234891531705,0.003598643094301224,0.0027594447135925295,0.00025665462017059325
1380,74.97206091880798,0.07818668488645578,0.0035941142588853834,0.0029812734574079514,0.00025196075439453124
1390,75.46682071685791,0.07924519543451206,0.003597471117973328,0.0029294442385435103,0.0002718120813369751
1400,75.96208381652832,0.07784215617875354,0.003597934544086456,0.0028874199837446214,0.0002715256065130234
1410,76.44900679588318,0.07917773473609366,0.0035407885909080504,0.0031067006289958953,0.0002677418291568756
1420,76.92373561859131,0.08043188218585985,0.0035792112350463865,0.0032553236931562425,0.00026081167161464693
1430,77.38685584068298,0.07400465614690703,0.003629330173134804,0.0027426257729530334,0.0002543896436691284
1440,77.85954141616821,0.08077401068345938,0.003584114834666252,0.0032341446727514266,0.0002581033855676651
1450,78.33387470245361,0.07631743210571282,0.0035695765167474748,0.002866927534341812,0.00026225261390209196
1460,78.80767703056335,0.07821779809465879,0.0035831518471240997,0.0029035970568656922,0.0002619866281747818
1470,79.28339219093323,0.09454546725418009,0.0035473920404911043,0.0032943479716777803,0.0002601012587547302
1480,79.74408888816833,0.07882234845367411,0.0036063894629478456,0.0031487349420785903,0.0002567991614341736
1490,80.20139265060425,0.08031509219878766,0.003542885184288025,0.0028452031314373017,0.0002532269805669785
1500,80.66552472114563,0.07788891162941414,0.003586961328983307,0.00294424369931221,0.0002529330551624298
1510,81.12145948410034,0.07518546236880838,0.0035648513585329056,0.002900935709476471,0.00025359317660331724
1520,81.5608320236206,0.07937135566531786,0.003608866035938263,0.003091555833816528,0.00023876838386058808
1530,82.01205849647522,0.0822683909536624,0.0035408239811658858,0.00312582291662693,0.0002467583864927292
1540,82.46245551109314,0.0861568485778789,0.0035574968904256822,0.0026181906461715697,0.00024152621626853942
1550,82.90094995498657,0.07266782979409585,0.0035892561078071593,0.0029848113656044005,0.00024540722370147705
1560,83.33610367774963,0.088172064029378,0.0035838548094034193,0.003175344318151474,0.0002402316778898239
1570,84.1099283695221,0.07910040873940112,0.0035154363512992864,0.0031854460388422005,0.0007755783200263977
1580,84.55300879478455,0.09183738949607514,0.003541732206940651,0.0031235933303833006,0.0002443432807922363
1590,84.99504923820496,0.07760438724679444,0.003551406040787697,0.0029379293322563172,0.00024258047342300414
1600,85.42736005783081,0.07650476459441968,0.0035697393119335174,0.0028222523629665374,0.00024453029036521914
1610,85.87644290924072,0.07270189351459921,0.0035704169422388077,0.0027981437742710114,0.00025270991027355195
1620,86.30869841575623,0.07397834277126193,0.003604738414287567,0.0026403900235891344,0.00024564117193222047
1630,86.73888373374939,0.07627440188527632,0.003580821678042412,0.002899095043540001,0.0002421092242002487
1640,87.18489575386047,0.07966003798066387,0.0035664454102516175,0.003191946819424629,0.00025129653513431547
1650,87.64334869384766,0.0792829610990431,0.0036157049238681794,0.0033135391771793366,0.00025380030274391174
1660,88.0814061164856,0.08400352210888017,0.003542602062225342,0.003233252465724945,0.0002451848238706589
1670,88.51742196083069,0.08156066002018927,0.0035977572202682494,0.0034001931548118592,0.00024662651121616365
1680,88.96058917045593,0.0829254597527769,0.0035680860280990602,0.002951836585998535,0.00024949535727500913
1690,89.39725184440613,0.07637732798372339,0.0035601906478405,0.0029447760432958605,0.00024594180285930634
1700,89.83037042617798,0.07701664840251196,0.00361444316804409,0.0029893785715103148,0.0002414938062429428
1710,90.25821256637573,0.08011123420968555,0.003592085838317871,0.0029044341295957564,0.00023999586701393128
1720,90.66867017745972,0.07424834738103939,0.0035480815917253495,0.0029865361750125883,0.0002314247190952301
1730,91.09716558456421,0.08236585249590543,0.0035683546215295792,0.002886960282921791,0.0002404928207397461
1740,91.54053926467896,0.07744032525519601,0.003585974499583244,0.002902720496058464,0.0002515222877264023
1750,91.939124584198,0.0810265641570965,0.0035951629281044005,0.002912061661481857,0.00022536702454090118
1760,92.32521343231201,0.08569789466438829,0.0035480957478284834,0.003107253834605217,0.00021863579750061035
1770,92.72174572944641,0.08248294773803369,0.003593464195728302,0.002853407338261604,0.0002197388559579849
1780,93.10438871383667,0.07685476107877837,0.003578345850110054,0.0029052246361970903,0.00021687224507331847
1790,93.48764514923096,0.07657425945372201,0.003554607927799225,0.0030578725039958955,0.00021383017301559448
1800,93.87774777412415,0.07924074511327285,0.003559146448969841,0.0030674610286951067,0.00021674484014511108
1810,94.2567629814148,0.08041334488662578,0.003617620840668678,0.003029349818825722,0.0002139344811439514
1820,94.62435817718506,0.07532315482987631,0.0035967610776424406,0.00335371233522892,0.0002068106085062027
1830,95.00137257575989,0.07717841997967527,0.0035907097160816194,0.0026538874953985214,0.00020987354218959808
1840,95.37182879447937,0.07604911879693455,0.003597884997725487,0.0029285456985235214,0.0002071332186460495
1850,95.74353909492493,0.0814250777446337,0.0035869434475898744,0.0032183412462472917,0.00020802095532417296
1860,96.11534428596497,0.07744042545337572,0.0036061909049749374,0.0029673419892787935,0.00020967647433280944
1870,96.49209213256836,0.07580762477645514,0.0035487812012434004,0.003131011500954628,0.00020996779203414918
1880,96.87319135665894,0.08580645224186119,0.003530333563685417,0.0028787579387426375,0.00021704770624637605
1890,97.25128602981567,0.0790528833880979,0.003560609370470047,0.003150978684425354,0.00021238140761852263
1900,97.62522149085999,0.08372711609518277,0.003549756482243538,0.0030692104250192643,0.00021095089614391326
1910,98.00576829910278,0.08191360231966896,0.003575608879327774,0.002962677553296089,0.0002145577222108841
1920,98.39492511749268,0.07212187773723812,0.0035699538886547087,0.0028592009097337724,0.00021496303379535674
1930,98.78330969810486,0.07951322556550794,0.0035682111978530885,0.0028699319809675217,0.0002169400453567505
1940,99.1717414855957,0.08715167431561992,0.0035468921065330505,0.0028862502425909043,0.00021796301007270813
1950,99.56944823265076,0.08177316267203869,0.003624436259269714,0.002766081690788269,0.00022348687052726747
1960,99.96442699432373,0.08443597948566031,0.003528319597244263,0.0033209450542926768,0.0002254304289817809
1970,100.36318850517273,0.0811781422463297,0.0035558238625526426,0.002987805008888245,0.00022782981395721435
1980,100.78491425514221,0.0750211644879943,0.0036120936274528503,0.003006547689437866,0.00023585222661495208
1990,101.19273066520691,0.08142678455084648,0.0035394921898841856,0.0028829868882894517,0.00023372545838356017
2000,101.59969663619995,0.07919738362107272,0.0035857200622558595,0.0030473519116640093,0.00023541003465652466
2010,102.01600503921509,0.0780289744056496,0.003534067049622536,0.003307914361357689,0.0002368323504924774
2020,102.43514084815979,0.08588200766440132,0.0035958897322416307,0.0033742062747478484,0.00023729167878627777
2030,102.85525560379028,0.08845721986652276,0.003558817505836487,0.0029748335480690004,0.0002413026988506317
2040,103.28754019737244,0.07847070298743623,0.0035901419818401338,0.0029671832919120787,0.0002461019903421402
2050,103.76350998878479,0.07620493476627069,0.0036117881536483765,0.0030551772564649583,0.0002699073404073715
2060,104.26480150222778,0.0777399609593378,0.0036299064755439757,0.0028252553194761275,0.00028826147317886355
2070,104.81220364570618,0.08118282323528678,0.003564104437828064,0.0026130516082048414,0.0003115050494670868
2080,105.36694812774658,0.08039113285632288,0.0035850398242473604,0.003155494853854179,0.00032216086983680723
2090,105.92512249946594,0.0762066792483849,0.003582391142845154,0.0029839303344488142,0.0003233000636100769
2100,106.5198302268982,0.07592550317982828,0.0035298388451337815,0.0030842430889606474,0.0003461889922618866
2110,107.26410341262817,0.07876647967355106,0.0035924229770898817,0.0031690355390310287,0.0004356358200311661
2120,107.93404197692871,0.07923238873191214,0.003587193414568901,0.0031699366867542268,0.0003932558000087738
2130,108.60450100898743,0.08368881203592038,0.003563716635107994,0.0028650812804698945,0.0003901433199644089
2140,109.35264420509338,0.08371005146278494,0.0035313017666339873,0.0028456393629312515,0.00043975748121738434
2150,110.20476961135864,0.07700785051223394,0.003566237539052963,0.0026338454335927963,0.0004906099289655686
2160,111.05469799041748,0.07604895633902561,0.0035531379282474516,0.0028671715408563614,0.0004926193505525589
2170,111.94239473342896,0.07753297083306354,0.0035546012222766876,0.0029929108917713166,0.0005083981901407242
2180,112.9630868434906,0.07607444968163425,0.0036024637520313263,0.0031962186098098756,0.0005708344280719758
2190,114.11418342590332,0.0913948827977371,0.0035768315196037293,0.0030528318136930467,0.0006556734442710876
2200,115.34993004798889,0.07516002056562722,0.0035820867866277694,0.003012454882264137,0.00067269466817379
2210,116.49782371520996,0.0811895237419831,0.003582284972071648,0.0027740813791751863,0.0006682202219963074
2220,117.6662929058075,0.07280346486974144,0.0035759679973125457,0.0026745036244392394,0.0006750009953975678
2230,118.84478116035461,0.0786357635399556,0.0036095429211854936,0.00301484689116478,0.0006729181855916977
2240,119.9897289276123,0.08368065969794286,0.003584384173154831,0.0031525928527116774,0.0006782975047826767
2250,121.15630412101746,0.07699275920026616,0.003564555197954178,0.003006875514984131,0.0006695449352264405
2260,122.3412663936615,0.08038302097538728,0.0035435613244771957,0.002867002412676811,0.0006856717169284821
2270,123.51416230201721,0.08029175213325021,0.0035750143229961394,0.0030439674854278566,0.0006816186010837555
2280,124.68203735351562,0.08082226223630441,0.0035454872995615005,0.00310705341398716,0.0006909489631652832
2290,125.79783725738525,0.0753143358578654,0.0035695981234312056,0.0028212815523147583,0.0005971238017082215
2300,126.54869556427002,0.08250511810867804,0.0035836827009916306,0.0029647350311279297,0.00039743930101394654
2310,127.29479575157166,0.07685205153109363,0.0036303739994764327,0.003044892847537994,0.0004158936440944672
2320,128.03960847854614,0.07634243920824954,0.0035610996186733247,0.002940620854496956,0.00041420161724090574
2330,128.7302210330963,0.07427254465377581,0.003536976128816605,0.002796525880694389,0.00038017816841602327
2340,129.3516345024109,0.08452950753839325,0.0035975992679595946,0.002799186483025551,0.00035082101821899415
2350,129.95078992843628,0.07955960853114236,0.0035703469812870038,0.0030539592355489716,0.00036645196378231053
2360,130.5918025970459,0.08507445186760478,0.0035987339913845064,0.0029499303549528123,0.00034616217017173766
2370,131.20265007019043,0.07757953405062497,0.003602389246225357,0.0032738730311393737,0.00037035904824733734
2380,131.68503260612488,0.08060540505528992,0.0035802748054265974,0.002877302095293999,0.0002689208835363388
2390,132.2092261314392,0.07266902359172693,0.003570641204714775,0.0027148205786943435,0.0003009006381034851
2400,132.71033692359924,0.07728098016836898,0.0035987753421068192,0.002845638245344162,0.00028628818690776823
2410,133.21458411216736,0.08355347970651666,0.0035616148263216017,0.002841493859887123,0.0002880372107028961
2420,133.73151397705078,0.08304994095704107,0.0036093223839998244,0.0029220428317785264,0.0002961110323667526
2430,134.24556803703308,0.07732408962096098,0.0035316593945026397,0.003044145554304123,0.0002930041402578354
2440,134.7553346157074,0.07604024933153018,0.003590689226984978,0.0032153848558664324,0.0002917252480983734
2450,135.2612805366516,0.08758708846043597,0.0035765491425991057,0.003380820155143738,0.0002910800278186798
2460,135.7780659198761,0.07920718224199104,0.0035865139216184616,0.00306786447763443,0.0002946864813566208
2470,136.35011959075928,0.07935274607153978,0.0035659536719322205,0.002985212951898575,0.0003288254141807556
2480,136.9350323677063,0.07295066176947806,0.0035951636731624604,0.003170979768037796,0.00033421069383621216
2490,137.51326775550842,0.07501885819565218,0.003587634861469269,0.002947084605693817,0.0003308560699224472
2500,138.08734321594238,0.08251355622583109,0.003580007702112198,0.002901475876569748,0.0003261134028434753
2510,138.66583132743835,0.08084882952827396,0.0035315822809934617,0.003049543872475624,0.0003297526389360428
2520,139.2527060508728,0.07739505180548686,0.003552598133683205,0.0031279657036066056,0.0003330141305923462
2530,139.83118867874146,0.07456933246062705,0.003605878725647926,0.0028266772627830506,0.0003306157886981964
2540,140.45054006576538,0.07619150800658642,0.003632917255163193,0.002970125898718834,0.00035324394702911376
2550,141.04460310935974,0.07995989562771767,0.0035655230283737184,0.0032133154571056368,0.00033617429435253145
2560,141.58929300308228,0.0751700397048093,0.0035608008503913878,0.0030645404011011125,0.0003099884837865829
2570,142.16622877120972,0.08241581829799595,0.003583398833870888,0.0028257004916667936,0.00032691024243831636
2580,142.72353506088257,0.07604645796724224,0.0035901758819818497,0.0029707081615924836,0.0003221716731786728
2590,143.29545497894287,0.08104778138904889,0.0035520058125257494,0.002719907835125923,0.00032922551035881044
2600,143.8596088886261,0.0862517337996309,0.0035415880382061006,0.0026743941009044645,0.0003236308693885803
2610,144.42539262771606,0.07427419938813917,0.003558855503797531,0.0029855675995349882,0.00032439082860946655
2620,145.00835943222046,0.07846903406137837,0.003565039485692978,0.003207278996706009,0.00033049583435058595
2630,145.57311272621155,0.08279907339555666,0.0035487160086631773,0.0029016178101301192,0.0003235451877117157
2640,146.14296555519104,0.07876252376736606,0.003603505343198776,0.0032387878745794296,0.0003285661339759827
2650,146.70466494560242,0.07949521612754831,0.0035509582608938216,0.002920263260602951,0.00032119303941726687
2660,147.265611410141,0.07678430559947742,0.003584815189242363,0.003541674092411995,0.0003241468220949173
2670,147.8545753955841,0.08353476680953896,0.0035694114863872527,0.003092259168624878,0.0003394484519958496
2680,148.41417527198792,0.08955613641738608,0.0035560470074415206,0.0026603251695632934,0.000320424884557724
2690,148.96762490272522,0.07737115969997903,0.003603734076023102,0.0027845431119203567,0.0003156997263431549
2700,149.54088878631592,0.08000192655996718,0.0036132238805294038,0.003047773614525795,0.0003267146646976471
2710,150.07095956802368,0.07801747580238128,0.003589099645614624,0.0028412971645593644,0.00030501559376716614
2720,150.62249445915222,0.07757818580728032,0.0035575613379478454,0.0028367429971694947,0.0003160934895277023
2730,151.19927597045898,0.08295400568236702,0.0035446248948574066,0.002966742590069771,0.0003285534679889679
2740,151.74777245521545,0.07684754271980136,0.0035497201234102257,0.0031926721334457377,0.0003212586045265199
2750,152.31284022331238,0.08043875621431465,0.003591950610280037,0.0025963082909584044,0.00032408349215984344
2760,152.86748003959656,0.0739827435062843,0.0035856243222951887,0.002863457053899765,0.00031662434339523314
2770,153.43530225753784,0.0764943633583389,0.0035554911941289903,0.0029329352080821993,0.00032224804162979127
2780,153.9904420375824,0.07501410973426767,0.003568916395306587,0.0030917193740606307,0.0003168679773807526
2790,154.55127596855164,0.07368637754757448,0.0036068201065063477,0.002798280864953995,0.0003200031816959381
2800,155.11000299453735,0.08025301778254264,0.003600207716226578,0.0028455860912799833,0.0003190610557794571
2810,155.66231441497803,0.0856579994816736,0.003554283827543259,0.0029655385762453077,0.00031969398260116576
2820,156.229722738266,0.08383117923195173,0.0035337306559085845,0.0032493077218532563,0.00032622814178466796
2830,156.84313106536865,0.0781649998652095,0.0035809576511383057,0.002924918010830879,0.0003520134836435318
2840,157.4507007598877,0.07574854217147815,0.00358845591545105,0.0030899010598659515,0.0003501247614622116
2850,158.01743936538696,0.07978793568866313,0.003584010526537895,0.0028224386274814605,0.00032604746520519256
2860,158.5871102809906,0.0859578947052257,0.0035674765706062315,0.0031514592468738557,0.0003268875181674957
2870,159.13798213005066,0.09176226707359475,0.0035771839320659637,0.002906586229801178,0.00031491853296756745
2880,159.6637794971466,0.08654317985412865,0.0035497229546308517,0.0031733404844999312,0.0002995647490024567
2890,160.22572827339172,0.07941003720592155,0.0035255517810583114,0.003169282525777817,0.00032205991446971894
2900,160.78756833076477,0.07993262246018795,0.0035651609301567077,0.0028026312589645385,0.00032290741801261903
2910,161.33614540100098,0.07787491311320685,0.003590745106339455,0.002883565053343773,0.00031902603805065153
2920,161.8813498020172,0.07774765507788647,0.0035638537257909773,0.0034551940858364104,0.00031311847269535067
2930,162.42041945457458,0.07604175255766596,0.003564890846610069,0.002803363651037216,0.00031520985066890717
2940,162.96610188484192,0.08037734792308691,0.0035527978092432023,0.0029609788209199904,0.0003108624368906021
2950,163.53392481803894,0.08210690169752617,0.0035360295325517653,0.002938186749815941,0.0003245897591114044
2960,164.0747890472412,0.0753071820791727,0.0035656914114952087,0.003171372041106224,0.0003081865608692169
2970,164.62537026405334,0.07714071863399971,0.00355788990855217,0.0028811868280172346,0.00031640566885471344
2980,165.16965579986572,0.07786858451297556,0.0035731784999370577,0.0031499624252319335,0.00031294971704483033
2990,165.7141671180725,0.08058888245558345,0.0036481168121099473,0.0029088392853736877,0.0003115996718406677
3000,166.26500010490417,0.0829477029038905,0.0035852663218975066,0.0029120050370693208,0.0003141913563013077
3010,166.8062403202057,0.077285238827393,0.0035950373858213425,0.0028234604746103288,0.00030881576240062716
3020,167.35530257225037,0.07757605857919066,0.00359199158847332,0.003028019517660141,0.00031516179442405703
3030,167.89995002746582,0.07471732134052252,0.003565569221973419,0.0029030948877334594,0.00031369365751743317
3040,168.41711354255676,0.0862514486110747,0.0035934556275606156,0.00307079516351223,0.00029483623802661896
3050,168.96134448051453,0.07949716666292475,0.003562504053115845,0.0031906437128782273,0.00031033195555210116
3060,169.50688219070435,0.08187095672052,0.0035609763115644457,0.00325578898191452,0.00031566619873046875
3070,170.04524421691895,0.08101810099950633,0.0035664722323417663,0.0029024749994277952,0.00030932612717151644
3080,170.57814502716064,0.07766548755070539,0.0035912543535232544,0.0028242647647857668,0.00031011924147605896
3090,171.13173031806946,0.0754670738349831,0.0035725776106119156,0.0031081311404705047,0.0003157671540975571
3100,171.67652797698975,0.0729548363017645,0.0035964440554380416,0.00290718711912632,0.00031202882528305056
3110,172.21973752975464,0.0799858665762516,0.003598690778017044,0.0030485767871141433,0.00031319782137870786
3120,172.76870012283325,0.08457426912452737,0.003547162190079689,0.0030076052993535996,0.0003135226666927338
3130,173.30040979385376,0.07461091482540812,0.0035784320533275614,0.002917504683136938,0.0003117886930704116
3140,173.84787511825562,0.08478047671722283,0.003582236543297768,0.0029406044632196426,0.00031303837895393374
3150,174.3880410194397,0.08056044072656288,0.0035249672830104826,0.002862975001335144,0.0003097862005233765
3160,174.93071031570435,0.07665266420277812,0.003582146018743515,0.0028885964304208754,0.0003106951713562012
3170,175.47748732566833,0.07817153756775383,0.0035938382148742675,0.0028794348239898683,0.00031223148107528687
3180,176.09495496749878,0.07605323912626483,0.0035427339375019074,0.0030466027557849882,0.00035480111837387084
3190,176.64003086090088,0.07891930417642914,0.0035703811794519425,0.0025969576090574265,0.00031156614422798155
3200,177.16482496261597,0.07937075412885919,0.0036007009446620943,0.002543787285685539,0.0003002747893333435
3210,177.68135046958923,0.0767824304325495,0.0035393454134464266,0.0032532192766666413,0.0002964265644550323
3220,178.225243806839,0.08094476229894795,0.003525291755795479,0.002713736519217491,0.00031191073358058927
3230,178.7595934867859,0.07590973185918364,0.003532746434211731,0.0028651028871536253,0.0003105945885181427
3240,179.29834365844727,0.07876402848345306,0.0036067299544811247,0.00313277505338192,0.0003094792366027832
3250,179.84357452392578,0.07472620136452092,0.003579159826040268,0.0031440600752830504,0.0003125108778476715
3260,180.3779697418213,0.07252095524943311,0.003601869195699692,0.002877679839730263,0.0003101829439401627
3270,180.93225193023682,0.07966067371174206,0.0035641416907310486,0.003249618038535118,0.0003147657960653305
3280,181.4759225845337,0.07517435372192283,0.0035963501781225205,0.0029026929289102553,0.0003108985722064972
3290,182.0223410129547,0.08516130615138714,0.0035433631390333177,0.00331680066883564,0.00031327903270721434
3300,182.5648214817047,0.07994211301119936,0.0035853400826454163,0.0032437872141599655,0.00031587928533554076
3310,183.11427211761475,0.08325990285039361,0.003585141897201538,0.0029906824231147764,0.00031036175787448885
3320,183.65287351608276,0.07604439602988997,0.0036025047302246094,0.0027029909193515777,0.00031067468225955965
3330,184.19948887825012,0.07773205853600781,0.0036026835441589355,0.003007744997739792,0.00031147375702857973
3340,184.7440881729126,0.07974747085768853,0.003563995286822319,0.0030391547828912736,0.0003112535923719406
3350,185.27491426467896,0.07383178184299548,0.003596750646829605,0.0030638623982667925,0.00030657164752483367
3360,185.79374146461487,0.08235443140972903,0.003578278422355652,0.003437167778611183,0.00029775276780128477
3370,186.33289980888367,0.0838340615878003,0.003573956713080406,0.0026809316128492354,0.0003080490976572037
3380,186.88478326797485,0.08038489039228558,0.0035837866365909577,0.0033584456890821458,0.0003135696053504944
3390,187.42928504943848,0.07862416849485938,0.003527195379137993,0.0028030607849359513,0.0003107253462076187
3400,187.96975684165955,0.08192630942757266,0.003578733652830124,0.0031932897865772246,0.0003111653029918671
3410,188.51763582229614,0.08506708474501852,0.003585677221417427,0.0025389518588781355,0.0003170199692249298
3420,189.0584979057312,0.0839796789855565,0.003551645204424858,0.003414015099406242,0.0003118332475423813
3430,189.59503936767578,0.07993511217936601,0.00359758660197258,0.0034855175763368607,0.0003106486052274704
3440,190.13460612297058,0.07713905639400878,0.0035705380141735077,0.002840576320886612,0.0003084242343902588
3450,190.676189661026,0.08596929780409188,0.003619183972477913,0.0031935859471559523,0.00031351298093795776
3460,191.22443294525146,0.07707435293892188,0.003559020906686783,0.003053050860762596,0.0003128185868263245
3470,191.7667853832245,0.07456856342382215,0.0035927724093198776,0.002803381532430649,0.00031082145869731903
3480,192.34308123588562,0.0786075447355433,0.003621602803468704,0.0028457697480916977,0.00033126100897789
3490,192.88614678382874,0.07610571439006796,0.003592141345143318,0.0029814541339874268,0.00031403675675392153
3500,193.43169593811035,0.07908914127052077,0.0035327136516571044,0.002555479481816292,0.0003125198185443878
3510,193.97611117362976,0.07772771189462425,0.0035819631069898606,0.002881187200546265,0.00031194277107715607
3520,194.50314903259277,0.0927991377640857,0.0035516944527626037,0.0031189299374818785,0.0003166583925485611
3530,195.091068983078,0.07832777571606692,0.0036138731986284254,0.003028201311826706,0.00030622892081737517
3540,195.60318875312805,0.07890337279244561,0.0035641271620988845,0.0031236644834280016,0.0002930592745542526
3550,196.16014766693115,0.07736940845983384,0.0035800162702798845,0.00303061418235302,0.00031792595982551577
3560,196.68927693367004,0.07530403183680517,0.0035378433763980865,0.003192253038287163,0.0003059960901737213
3570,197.23014330863953,0.08190872897493803,0.003585042431950569,0.0034170627593994142,0.0003088872879743576
3580,197.76113891601562,0.07993213268432273,0.0035181425511837004,0.003207794204354286,0.0003075499087572098
3590,198.30197310447693,0.08294339645608097,0.003574823960661888,0.0028649341315031053,0.00030948556959629057
3600,198.84034633636475,0.08205914025554617,0.0035592056810855865,0.0032108746469020843,0.00030936338007450106
3610,199.3806254863739,0.08073213813623722,0.003589149937033653,0.0029707707464694975,0.0003121688961982727
3620,199.91605353355408,0.08500562381841258,0.0035475198179483413,0.002742934972047806,0.0003089502453804016
3630,200.46721363067627,0.07772172221308106,0.003595714271068573,0.0027585383504629135,0.00031576007604599
3640,201.02454543113708,0.08161839299759036,0.0035602468997240067,0.0027606211602687835,0.000317709892988205
3650,201.57685685157776,0.07729997046536055,0.0036286082118749618,0.0028045881539583207,0.00031017400324344634
3660,202.13310766220093,0.07964129925098143,0.0035484060645103455,0.0029276631772518157,0.00031470581889152526
3670,202.69461965560913,0.07980351480189118,0.003531905263662338,0.0033174891024827955,0.0003239993005990982
3680,203.26481795310974,0.0838257479883996,0.003561069071292877,0.0031307339668273926,0.0003253880888223648
3690,203.83708024024963,0.07663100718251263,0.003571883216500282,0.00284193716943264,0.0003296509385108948
3700,204.383891582489,0.07846407546391668,0.003534908965229988,0.0030420903116464616,0.00030957460403442384
3710,204.95859599113464,0.07530567556440224,0.003601585328578949,0.0029226478189229967,0.000328514352440834
3720,205.5385036468506,0.08170352145219563,0.003616192936897278,0.0029349666088819503,0.00033096298575401305
3730,206.11898493766785,0.07560867863484351,0.003550690412521362,0.003294073790311813,0.0003350451588630676
3740,206.68576502799988,0.07994500153293385,0.0035731431096792223,0.0027626004070043565,0.0003257405012845993
3750,207.2453944683075,0.07648284359774532,0.003550853207707405,0.00290805958211422,0.00032301172614097596
3760,207.81246852874756,0.08169931937149096,0.0035019904375076295,0.0031489118933677672,0.00033045783638954165
3770,208.37470746040344,0.08067116280289666,0.003557756543159485,0.003076428920030594,0.00032503865659236906
3780,208.93863821029663,0.07743038935483308,0.0036275994032621385,0.002781398594379425,0.00032196305692195893
3790,209.49699544906616,0.08032135386375382,0.0035454705357551575,0.0028967346996068956,0.000323399156332016
3800,210.06835770606995,0.07692451732350891,0.003566133603453636,0.0028423134237527846,0.00032823868095874784
3810,210.63750863075256,0.07679048125154102,0.00356941744685173,0.003228401765227318,0.00032637380063533784
3820,211.32700371742249,0.07884116535868307,0.0036027014255523683,0.0025743868201971052,0.00039380304515361785
3830,211.88989853858948,0.08840074708422976,0.003602633625268936,0.0030511919409036635,0.0003253232687711716
3840,212.45682168006897,0.08312835350659731,0.003550625219941139,0.002984574809670448,0.00032389424741268157
3850,213.0212287902832,0.07567977197333026,0.0036106180399656297,0.0030064400285482406,0.0003238677978515625
3860,213.59054160118103,0.07935546610859753,0.003522776812314987,0.0029835265129804613,0.0003252826631069183
3870,214.120379447937,0.08162192968109971,0.0036386288702487946,0.0032778669148683546,0.0003051165491342545
3880,214.68696427345276,0.08235638914585014,0.0036382034420967104,0.0027572054415941237,0.00032468177378177645
3890,215.2511510848999,0.07398137616377842,0.0035614926367998124,0.0028032027184963226,0.000321551039814949
3900,215.8114116191864,0.08162193910561409,0.0036097973585128783,0.002929072454571724,0.00032180435955524443
3910,216.37540531158447,0.0726552116675878,0.0036140128970146177,0.002988215535879135,0.00032476671040058134
3920,218.43376660346985,0.07509664997077813,0.003560083210468292,0.002869623526930809,0.0010621185600757598
3930,220.52825260162354,0.09169946911800785,0.0035254668444395067,0.0032038595527410507,0.001067739352583885
3940,222.29844641685486,0.07905241918775699,0.0036176424473524094,0.002947593107819557,0.0009222976863384247
3950,223.06565880775452,0.07501021761179705,0.0035757888108491898,0.0031151268631219864,0.0004220928996801376
3960,223.83008217811584,0.08368004327159911,0.003560522571206093,0.0030066505074501037,0.00042013563215732576
3970,224.59052395820618,0.0780193267723948,0.0035760745406150816,0.0030450880527496337,0.00042201094329357146
3980,225.37708806991577,0.0805267000259747,0.0035651355981826784,0.002809983119368553,0.0004285790026187897
3990,226.14345574378967,0.07698681346705528,0.00360388420522213,0.0027772031724452974,0.0004205904901027679
4000,226.87829852104187,0.08028866075411265,0.003653702512383461,0.0028473209589719773,0.000406130775809288
4010,227.65033984184265,0.0794918745072488,0.0035576730966567992,0.0030733883380889893,0.00042268335819244384
4020,228.36713242530823,0.07447957623090484,0.0035693705081939696,0.002841528505086899,0.00039802975952625276
4030,229.09015226364136,0.07606146073137673,0.0035731375217437746,0.002971240505576134,0.00039641149342060087
4040,229.78034663200378,0.08081665911448169,0.0035752363502979277,0.002844361588358879,0.000383368507027626
4050,230.45277571678162,0.07645750542822333,0.0036119408905506134,0.0030054669827222825,0.00036787949502468107
4060,231.0985119342804,0.08025578997621353,0.0035248462110757826,0.0031672507524490357,0.0003552611917257309
4070,231.75199127197266,0.07751404206256272,0.003558330237865448,0.002908956632018089,0.0003594581037759781
4080,232.41509079933167,0.07481949627597305,0.0035576369613409043,0.002777358517050743,0.000363655760884285
4090,233.05422949790955,0.07787232383138012,0.0035796497017145158,0.0029420524835586546,0.0003501083701848984
4100,233.69941782951355,0.08055681370047772,0.0035912025719881057,0.0031507119536399843,0.00034877397119998933
4110,234.32371640205383,0.07949194498555834,0.0036008019000291825,0.003154005855321884,0.0003421567380428314
4120,234.9456663131714,0.07861439061989209,0.003589141368865967,0.0028204429894685746,0.0003325745463371277
4130,235.54627680778503,0.08111860577073644,0.003548995032906532,0.0029611703008413314,0.0003255825489759445
4140,236.14282250404358,0.07921997408561024,0.0035756975412368774,0.0028014443814754486,0.00032203607261180876
4150,236.7309889793396,0.07973414524647321,0.003539615124464035,0.003441739082336426,0.0003211420029401779
4160,237.32205867767334,0.08205861148993492,0.003561520203948021,0.002986494079232216,0.00031942985951900483
4170,237.8951621055603,0.08471097184609208,0.0035467877984046935,0.002886248752474785,0.00031907632946968076
4180,238.47858929634094,0.07501027276020193,0.0035777226090431213,0.0030091676861047746,0.00031964518129825594
4190,239.0729763507843,0.07949664837657104,0.003593529015779495,0.0031097602099180222,0.00031993947923183443
4200,239.66124892234802,0.08102873670535765,0.0035785987973213198,0.0030471574515104293,0.0003190778195858002
4210,240.24564862251282,0.07846053348768565,0.0035989679396152495,0.0031275033950805666,0.00031877420842647554
4220,240.83334469795227,0.0764015626250396,0.003581416979432106,0.0028193343430757524,0.00031804591417312623
4230,241.4138650894165,0.07192575621651084,0.003578454628586769,0.002675565332174301,0.00031733438372612
4240,241.99629187583923,0.07869368813016539,0.0035498693585395815,0.003460900112986565,0.0003188915550708771
4250,242.58576250076294,0.08220732360968656,0.0036005180329084395,0.0027239926159381865,0.00031903088092803954
4260,243.17405009269714,0.08022956563656382,0.0035360053181648253,0.0031808849424123766,0.00031912997364997865
4270,243.7592363357544,0.07654506555602052,0.00358283631503582,0.0029264766722917556,0.0003179803490638733
4280,244.35229206085205,0.08551194903329726,0.0035657133907079698,0.002925102040171623,0.0003190558403730392
4290,244.93585872650146,0.0874932497434426,0.003579094633460045,0.0030030887573957443,0.0003175392746925354
4300,245.52162504196167,0.07964026856064035,0.003606446087360382,0.003110377490520477,0.00031809397041797637
4310,246.10379600524902,0.08680724299029613,0.003539770469069481,0.0031454945355653768,0.0003192776441574097
4320,246.68826293945312,0.07978646509292019,0.0035801798105239866,0.003060263395309448,0.0003193698823451996
4330,247.27801418304443,0.08058302091479222,0.003569279611110687,0.0028617478907108306,0.0003171827644109726
4340,247.86116909980774,0.07471531422834667,0.0035659149289131165,0.003166188299655914,0.00031644590198993684
4350,248.44394397735596,0.07500867327087149,0.003606924042105675,0.0031153589487075807,0.00031779520213603973
4360,249.0383276939392,0.07530442407942345,0.0035590309649705886,0.003213958442211151,0.00031817257404327394
4370,249.6353371143341,0.07993475308763683,0.003592713177204132,0.003191813826560974,0.00031866878271102905
4380,250.23000717163086,0.07649290844512943,0.003546302393078804,0.002533791959285736,0.0003183368593454361
4390,250.8243589401245,0.08037504183010905,0.003539493680000305,0.0030717026442289353,0.00032028481364250184
4400,251.42848348617554,0.08653885029535717,0.0035714447498321534,0.0029824230819940566,0.00032990239560604095
4410,252.0621337890625,0.08008029333140586,0.003539140895009041,0.0030292361974716187,0.0003439571708440781
4420,252.72099447250366,0.07633654282641021,0.003562385216355324,0.0033363673835992815,0.000351845845580101
4430,253.3712465763092,0.07949055173815454,0.0035879626870155335,0.002866385504603386,0.0003502730280160904
4440,254.03846430778503,0.08294061674393302,0.003526390343904495,0.0027957219630479813,0.0003594864159822464
4450,254.7198293209076,0.08015274430405325,0.00358181968331337,0.002795971930027008,0.00036296956241130827
4460,255.3894557952881,0.08550931945698097,0.0035544559359550476,0.0027597449719905854,0.00036418400704860685
4470,256.0810558795929,0.08177078053474782,0.0036196183413267136,0.0029251012951135636,0.00036955438554286957
4480,256.75797939300537,0.07919624307876263,0.0035926513373851776,0.0027595356106758116,0.00036379247903823854
4490,257.4574568271637,0.08354301233628687,0.0035419583320617674,0.0030440952628850936,0.0003706835210323334
4500,258.1472373008728,0.07250338726646789,0.0035973664373159407,0.002675258740782738,0.0003734864294528961
4510,258.8473308086395,0.07733350118119409,0.0035689979791641234,0.002987191453576088,0.0003814887255430222
4520,259.5760304927826,0.08342205572940734,0.0035467162728309632,0.002926785498857498,0.00040121376514434814
4530,260.2955346107483,0.08553358352421657,0.0035986773669719695,0.003131834790110588,0.0003714773803949356
4540,261.0427224636078,0.07637953189141773,0.0035910267382860185,0.0032776370644569397,0.00040338970720767977
4550,261.77760076522827,0.07708143692483176,0.003602088242769241,0.003156498074531555,0.00039858296513557435
4560,262.55871868133545,0.08010129159531795,0.003564467653632164,0.0029313039034605027,0.00039819478988647463
4570,263.3108868598938,0.07634384766555143,0.003530864417552948,0.0031638815999031067,0.0004019353538751602
4580,264.06888914108276,0.07831413256502531,0.003603845089673996,0.0027582351118326186,0.0004068698734045029
4590,264.834388256073,0.0780163045201723,0.0035843625664711,0.0026757873594760893,0.000427648052573204
4600,265.6081807613373,0.08565606957856531,0.003561946004629135,0.0027835745364427566,0.0004210676997900009
4610,266.2440981864929,0.07338821939537794,0.0035697124898433686,0.0029789648950099947,0.0003769613802433014
4620,266.8686981201172,0.07742923559568252,0.0036413095891475677,0.0029695659875869753,0.00037368275225162505
4630,267.4862265586853,0.08102865766076939,0.0035657640546560287,0.0032053202390670775,0.00035141482949256896
4640,268.12357091903687,0.07832602556373573,0.003543183207511902,0.0029020972549915315,0.00035286955535411834
4650,268.72453022003174,0.07890004989697035,0.003586208075284958,0.003133261576294899,0.00035475529730319975
4660,269.3488941192627,0.08111095067433935,0.0035844728350639342,0.0029470380395650864,0.0003749050199985504
4670,269.970121383667,0.07978407065239008,0.0036375593394041062,0.0028332319110631944,0.0003706645220518112
4680,270.61332154273987,0.07789002392159913,0.003557997569441795,0.00321393758058548,0.00035569295287132265
4690,271.2239136695862,0.07324004735759383,0.0035713139921426775,0.0030447423458099367,0.00035948418080806733
4700,271.8573398590088,0.08267633411111305,0.0035801874846220017,0.0028432095795869828,0.0003511464595794678
4710,272.47987246513367,0.07654266439355033,0.003600611165165901,0.002886013686656952,0.0003737114369869232
4720,273.05428099632263,0.0766293136698952,0.0035616230219602586,0.0028625987470149994,0.0003139380365610123
4730,273.5038447380066,0.08096422495425999,0.0035489890724420547,0.0033353153616189958,0.0002520352602005005
4740,273.95820784568787,0.07235756877031588,0.003570085018873215,0.0029844246804714204,0.0002557765692472458
4750,274.40969610214233,0.07949259855951618,0.00359799824655056,0.0025203701108694075,0.0002555474638938904
4760,274.8602030277252,0.0797852811971141,0.0035352539271116257,0.003026939556002617,0.0002550378441810608
4770,275.3137550354004,0.07604989310109109,0.003557640686631203,0.0028685927391052246,0.00025525987148284913
4780,275.78047585487366,0.07951359060769683,0.0035921234637498857,0.002885701134800911,0.0002613227814435959
4790,276.2345712184906,0.07949050390791021,0.0035309437662363052,0.0028566114604473116,0.0002564527094364166
4800,276.6898202896118,0.07516009836308528,0.0036126628518104555,0.003175681456923485,0.000256652757525444
4810,277.29788994789124,0.08470963536506779,0.0035455621778964995,0.0034355845302343367,0.00033921301364898683
4820,277.7565453052521,0.08205602831052462,0.0035775087773799895,0.0034108072519302367,0.0002623267471790314
4830,278.26812529563904,0.08462173644417144,0.0035745404660701753,0.002864265814423561,0.0002917084842920303
4840,278.8115794658661,0.07978426687476728,0.003578617051243782,0.002654936909675598,0.0003127679228782654
4850,279.37441635131836,0.08264556998861917,0.0035503122955560682,0.0029621083289384843,0.0003230482339859009
4860,279.9470272064209,0.08067034201231785,0.0035630203783512115,0.0032094210386276246,0.00032511018216609957
4870,280.51873803138733,0.07904853849178448,0.0035685881972312926,0.002946019172668457,0.0003274887800216675
4880,281.1089725494385,0.08008222876089365,0.003600393980741501,0.0028270523995161056,0.0003346793353557587
4890,281.6811046600342,0.07442052052996179,0.003574097901582718,0.0029411450028419494,0.00032257623970508573
4900,282.2602481842041,0.07801668298885701,0.0035753317177295687,0.0030264582484960554,0.0003278985619544983
4910,282.8256080150604,0.07845947770554104,0.003598295524716377,0.0033728428184986114,0.000320575013756752
4920,283.3922002315521,0.0801394838762517,0.0036307528614997866,0.002948501706123352,0.0003267887979745865
4930,283.95532178878784,0.07963668181473017,0.0035264283418655396,0.002752812206745148,0.00032502710819244386
4940,284.5191903114319,0.07955053044677798,0.0035472813993692397,0.0032946217805147173,0.0003242839127779007
4950,285.08874130249023,0.07456519086752773,0.003581196442246437,0.003023257479071617,0.00032599829137325287
4960,285.651686668396,0.08412422055210336,0.003559531643986702,0.0033348746597766875,0.0003235619515180588
4970,286.2379026412964,0.08600999919442298,0.0036211803555488585,0.002982764691114426,0.0003348920494318008
4980,286.81691241264343,0.0752179056074201,0.0035941269248723983,0.00286470465362072,0.00033049508929252627
4990,287.38078784942627,0.08202398769495392,0.003576333075761795,0.002953387424349785,0.0003231290727853775
5000,287.92007327079773,0.07460531659514362,0.0036066513508558272,0.002906925603747368,0.00030830018222332
5010,288.5001320838928,0.08473115367475345,0.003567962348461151,0.0027221444994211196,0.0003286197781562805
5020,289.07516264915466,0.07951840044732841,0.0035809062421321867,0.002843638136982918,0.00032601729035377505
5030,289.6498529911041,0.07964331626574891,0.00358177088201046,0.0030330684036016463,0.00032648965716362
5040,290.21526432037354,0.08073889958426858,0.0036006275564432143,0.0028422385454177856,0.00032023601233959197
5050,290.78594613075256,0.07633458581162858,0.003548917919397354,0.0029481325298547746,0.00032619498670101167
5060,291.35728907585144,0.07905449829563169,0.0035751119256019594,0.00337333045899868,0.0003232903778553009
5070,291.9296462535858,0.07618644569788002,0.0035664591938257217,0.0029160909354686735,0.00033067688345909116
5080,292.497700214386,0.07742774867953373,0.003583669289946556,0.002945072576403618,0.0003245830535888672
5090,293.06045484542847,0.08604534697464776,0.003577102199196815,0.003071008995175361,0.0003263413161039352
5100,293.62901496887207,0.08294210005515798,0.0035691894590854645,0.003112304210662842,0.0003230653703212738
5110,294.18806290626526,0.08087828582312304,0.0035755738615989687,0.0027384135872125627,0.00031964220106601716
5120,294.7497971057892,0.08476946589848447,0.003581789135932922,0.0029302552342414857,0.0003210216760635376
5130,295.311949968338,0.07742743681307732,0.0035611502826213837,0.0028988290578126907,0.00031881146132946015
5140,295.88753843307495,0.08367693968124058,0.0036238424479961397,0.0033478401601314545,0.0003298800438642502
5150,296.41469979286194,0.07539161656106581,0.0036007069051265717,0.003150298073887825,0.0003028135746717453
5160,296.9783687591553,0.07604450049772989,0.0036015842109918595,0.0027839940041303633,0.000320250540971756
5170,297.5492033958435,0.07692400943495402,0.003572326898574829,0.003127869591116905,0.0003237944096326828
5180,298.10036849975586,0.07578933272058778,0.003564956411719322,0.003068699315190315,0.0003172609955072403
5190,298.65729808807373,0.07772231145503547,0.0035645388066768645,0.0025512434542179106,0.0003183919936418533
5200,299.21831011772156,0.07708339034923727,0.0035907909274101256,0.0029891479760408403,0.00031690895557403567
5210,299.78127360343933,0.07845991253135162,0.0035579126328229905,0.002924903109669685,0.0003205478191375732
5220,300.34644389152527,0.07604262690363435,0.003608987107872963,0.002848315238952637,0.0003200758248567581
5230,300.9063220024109,0.08052593117172252,0.0035630106925964356,0.002967289090156555,0.00031836964190006255
5240,301.46788692474365,0.0773659010524517,0.0035269271582365038,0.0027784302830696104,0.000319913774728775
5250,302.0181200504303,0.08845930829043229,0.0036161232739686964,0.0032350171357393267,0.00031446553766727446
5260,302.5604166984558,0.08441481407503545,0.003602209314703941,0.0031032200902700426,0.00031397156417369845
5270,303.1107134819031,0.08279601910855917,0.0035402510315179826,0.002640685811638832,0.00031946748495101927
5280,303.64889764785767,0.0808156320606392,0.0036072690039873124,0.0029954958707094194,0.00031295157968997956
5290,304.19784665107727,0.0858013641602626,0.0035838071256875993,0.0030286006629467012,0.00031560659408569336
5300,304.7234606742859,0.08382906240387647,0.0035568613559007643,0.003188899531960487,0.0003014497458934784
5310,305.28927063941956,0.07831171606959472,0.003560059145092964,0.0031061209738254547,0.0003271955996751785
5320,305.84272861480713,0.08506540035060796,0.003560222312808037,0.002959950268268585,0.0003193732351064682
5330,306.39488220214844,0.07949152690270386,0.003538304939866066,0.0031463455408811567,0.00031685605645179746
5340,306.92869424819946,0.08190923485474652,0.003599470853805542,0.0033357884734869004,0.00030944831669330595
5350,307.46361446380615,0.07934261192418546,0.003568626195192337,0.003027582913637161,0.00031068585813045504
5360,307.9960608482361,0.07969748937939852,0.0035642068833112717,0.003001253679394722,0.00030795596539974214
5370,308.54672741889954,0.0803733077208549,0.0035082649439573286,0.003024010360240936,0.00031808167695999143
5380,309.07868456840515,0.06955644671019603,0.003620452806353569,0.0026960838586091995,0.0003080252557992935
5390,309.63094329833984,0.07264973999355342,0.0035936631262302398,0.0026500657200813293,0.0003183621913194656
5400,310.16905403137207,0.0841223123317709,0.0035556238144636154,0.003192533552646637,0.0003132358193397522
5410,310.70947265625,0.07397569457293005,0.003613554686307907,0.002538524940609932,0.00031506121158599856
5420,311.2636158466339,0.08230924637933511,0.0035217564553022386,0.003192500397562981,0.0003183789551258087
5430,311.7954857349396,0.0805209456593097,0.003544534742832184,0.0026366371661424638,0.0003114137798547745
5440,312.3293662071228,0.07412464752737982,0.0036028381437063217,0.002966685965657234,0.0003073927015066147
5450,312.8616898059845,0.07648052542106065,0.003574280813336372,0.0030080404132604597,0.0003141462802886963
5460,313.4270508289337,0.07338632783706349,0.0035989977419376372,0.0032366737723350525,0.0003255032002925873
5470,313.9514672756195,0.07845903734850637,0.0035595551133155824,0.0031488001346588134,0.0003031231462955475
5480,314.47267985343933,0.07521577298594638,0.003574531152844429,0.0033485235273838037,0.00030682697892189033
5490,315.01003432273865,0.07397677450090401,0.003570882976055145,0.003025493025779724,0.000309942290186882
5500,315.5466125011444,0.07559774883677095,0.003585682064294815,0.0027652550488710403,0.00030963346362113955
5510,316.08633399009705,0.0817610543827429,0.003566114231944084,0.003044267371296883,0.00031162463128566744
5520,316.6332769393921,0.07948989950237698,0.0036009471863508225,0.002985721454024315,0.0003165755420923233
5530,317.1683554649353,0.08565347625744077,0.0036182258278131484,0.002821584790945053,0.00031003691256046293
5540,317.69963932037354,0.08257813102346738,0.003583572804927826,0.002715938910841942,0.000308869406580925
5550,318.2267336845398,0.08013984595692378,0.0035915184766054154,0.0029257278889417647,0.00030834674835205077
5560,318.7623224258423,0.07589174585546946,0.0035506777465343477,0.0026157937943935396,0.00030953697860240935
5570,319.3105790615082,0.0817635838534048,0.0035845987498760224,0.003026288002729416,0.0003164626657962799
5580,319.89706230163574,0.07918805108053684,0.003550361469388008,0.0030839134007692335,0.00034029521048069
5590,320.4602882862091,0.08022710339861629,0.0035545244812965394,0.003523528203368187,0.00032302588224411013
5600,321.0090796947479,0.07739732465178475,0.0035513602197170258,0.0032972350716590883,0.00031233616173267367
5610,321.5335440635681,0.08910656537038592,0.0035852476954460143,0.002984769642353058,0.0003091517835855484
5620,322.074312210083,0.07656667959062981,0.0035636123269796372,0.0029214341193437576,0.0003114346414804459
5630,322.6092140674591,0.07772295024335088,0.003583308681845665,0.0025953590869903565,0.00030674971640110016
5640,323.10933923721313,0.08067032609697253,0.0035731200128793716,0.0032385271042585373,0.0002897631376981735
5650,323.65360140800476,0.07635207459290208,0.003544723242521286,0.002779442071914673,0.0003151223063468933
5660,324.1873290538788,0.07948998502539538,0.0035723958164453505,0.0027602136135101317,0.00031107962131500245
5670,324.73296427726746,0.07899099853135289,0.003571547195315361,0.0031748976558446883,0.0003165502101182938
5680,325.26263189315796,0.07787114950478745,0.0036168221384286882,0.002888273075222969,0.00030935853719711305
5690,325.79390144348145,0.0750073985041312,0.003583904728293419,0.0033135131001472474,0.0003099914640188217
5700,326.35323762893677,0.07802038407575784,0.0035381805151700973,0.003349113464355469,0.00031853318214416506
5710,326.8872129917145,0.07294720036349159,0.00356060154736042,0.0026392411440610886,0.00031042434275150297
5720,327.76663160324097,0.07845950864443574,0.0036129768937826156,0.002909260988235474,0.0008616872131824493
5730,328.21210050582886,0.07220889281599865,0.0035943984985351562,0.00247587114572525,0.0002539951354265213
5740,328.71264481544495,0.08140697513583404,0.003551865369081497,0.0029269754886627197,0.00029105544090271
5750,329.20223212242126,0.08155369773586091,0.0035249579697847365,0.0031473111361265183,0.000284498929977417
5760,329.7085773944855,0.07919583311158743,0.0035509001463651657,0.003054005652666092,0.00029013939201831817
5770,330.21408581733704,0.08037312580181602,0.0035734858363866808,0.0031520534306764604,0.0002919051796197891
5780,330.71854281425476,0.07500889968264315,0.00359920933842659,0.0030906837433576583,0.0002896048128604889
5790,331.22913932800293,0.07721890124422498,0.003543129563331604,0.003092854842543602,0.00029315464198589327
5800,331.72826170921326,0.08477187846972038,0.003587363287806511,0.0028227556496858595,0.0002853047102689743
5810,332.1685702800751,0.08176026634440112,0.003605969250202179,0.0031508691608905792,0.0002559170126914978
5820,332.6786410808563,0.0744185994093254,0.0036145664751529695,0.0027179677039384843,0.00029287524521350863
5830,333.2803702354431,0.09087279721415897,0.0035413347184658052,0.0033972352743148805,0.00034221485257148745
5840,333.7930197715759,0.08603466092700851,0.0035227227956056593,0.0030901096761226654,0.000296122208237648
5850,334.2961645126343,0.07713171269279703,0.0035998038947582245,0.0029058501124382017,0.00029194466769695283
5860,334.7978265285492,0.07633343531534281,0.003594360128045082,0.0029061406850814818,0.00028985030949115755
5870,335.3025360107422,0.08509167644754173,0.003592135682702065,0.0030809251964092235,0.00029564395546913144
5880,335.82137274742126,0.07831059037854804,0.0035746611654758455,0.003209316357970238,0.0002955231815576553
5890,336.3328261375427,0.07589140637038433,0.003573085740208626,0.0028634488582611082,0.000295257568359375
5900,336.85230588912964,0.0799319103321232,0.0035544373095035553,0.003069697692990303,0.0002990592271089554
5910,337.43779039382935,0.0862425395364734,0.003608504682779312,0.0026773780584335325,0.00033704303205013276
5920,337.9440047740936,0.07780732935832471,0.0035390391945838927,0.003310379385948181,0.0002925913780927658
5930,338.44899916648865,0.07353613021457162,0.00359908863902092,0.0032327111810445787,0.0002907861024141312
5940,338.93450927734375,0.08594914431793224,0.003570673242211342,0.0033387940376996992,0.0002829667180776596
5950,339.4345934391022,0.09137579186593517,0.0035718657076358796,0.002980586141347885,0.00028757601976394655
5960,339.93273854255676,0.07875275042750493,0.003593752160668373,0.0030912790447473527,0.0002877991646528244
5970,340.43650794029236,0.0739759345817073,0.0036322791129350662,0.003008587658405304,0.0002913817763328552
5980,340.9394166469574,0.07919419189998633,0.003575310483574867,0.0034831661731004717,0.00029221735894680023
5990,341.4361662864685,0.0805208475954717,0.0035608705133199693,0.0033606488257646562,0.00028548650443553923
6000,341.8799011707306,0.0892070263034873,0.0035505034029483795,0.002824398502707481,0.00025832392275333406
6010,342.3786516189575,0.07471271713927698,0.003531590849161148,0.0025959692895412443,0.0002877615392208099
6020,342.87128043174744,0.07727981342867608,0.0036241695284843444,0.003097003325819969,0.00028511323034763336
6030,343.3721008300781,0.08176080395627541,0.003534445911645889,0.0029444947838783266,0.00029068440198898315
6040,343.8716034889221,0.07713304897646873,0.0035843566060066224,0.0026796918362379076,0.0002883356064558029
6050,344.37092638015747,0.07713127524913299,0.003605782985687256,0.002823799476027489,0.000289708748459816
6060,344.8796172142029,0.08052064555433372,0.0035959545522928236,0.0029705453664064406,0.00029514357447624207
6070,345.3697991371155,0.07574594855733219,0.003533133119344711,0.0031277604401111605,0.0002854496240615845
6080,345.8748664855957,0.08176042846992658,0.0036050572991371153,0.0029242698103189467,0.00029240809381008147
6090,346.3666458129883,0.07662884090592943,0.0035296350717544554,0.0030489452183246613,0.000282244011759758
6100,346.86599588394165,0.08432754332655783,0.0035989712923765182,0.0027023859322071074,0.00028632991015911104
6110,347.3684711456299,0.07662800459265805,0.003608306497335434,0.002915540337562561,0.0002893257886171341
6120,347.8558509349823,0.07648048923594704,0.003583115711808205,0.0030250027775764465,0.0002860803157091141
6130,348.3542878627777,0.0797836443746678,0.003555440902709961,0.0032923810184001924,0.00028712116181850433
6140,348.85045194625854,0.0821430690556736,0.003571931645274162,0.003235086053609848,0.00028494596481323244
6150,349.34936571121216,0.07648085549294617,0.0035590182989835737,0.002960457652807236,0.0002891741693019867
6160,349.84605622291565,0.07353365289652314,0.003608325496315956,0.002530938759446144,0.0002853676676750183
6170,350.34403252601624,0.0748599870833851,0.0035864919424057006,0.0032154016196727754,0.00028703175485134125
6180,350.80891394615173,0.08007887689864347,0.0035749383270740507,0.0029695164412260056,0.0002678863704204559
6190,351.29746413230896,0.07423670826447626,0.003581633046269417,0.0028387214988470078,0.00028478093445301057
6200,351.80118131637573,0.07845954348595034,0.0035725913941860197,0.002495016157627106,0.0002900060266256332
6210,352.3007068634033,0.07176554977991134,0.0035454526543617247,0.003062836453318596,0.0002878468483686447
6220,352.79443645477295,0.0861284980071571,0.00359756201505661,0.0031514856964349747,0.0002847619354724884
6230,353.293514251709,0.07829967099432873,0.0034862663596868515,0.0025301579385995864,0.0002852827310562134
6240,353.79494619369507,0.07969852157844974,0.0035719219595193863,0.0028150487691164018,0.00028792694211006166
6250,354.2886347770691,0.08146592984218444,0.0035826381295919417,0.0031462088227272034,0.0002846326678991318
6260,354.78873324394226,0.09268000995269209,0.0035474565625190748,0.0031424905359745,0.0002902396023273467
6270,355.298789024353,0.0794916493731998,0.0035755954682826995,0.003194767236709595,0.0002893909811973572
6280,355.8096811771393,0.07890198143285898,0.003607669845223427,0.0028240401297807693,0.0002937592566013336
6290,356.3006155490875,0.07603849188353548,0.0035309560596942903,0.0030894789844751356,0.00028512924909591676
6300,356.801308631897,0.07456775885444132,0.003545059636235237,0.002862284332513809,0.0002846475690603256
6310,357.3108878135681,0.07884055379298126,0.0035067830234766007,0.0027433857321739197,0.00029115863144397737
6320,357.8158116340637,0.08426762961988807,0.0035761114209890365,0.003148113191127777,0.0002927951514720917
6330,358.3135521411896,0.07486025584611516,0.00358174704015255,0.002858656644821167,0.00028818100690841675
6340,358.8097126483917,0.07816300194533257,0.003597881644964218,0.0030656494200229645,0.00028868988156318667
6350,359.29306864738464,0.07662915207081447,0.003567422926425934,0.003073441609740257,0.0002817079424858093
6360,359.7579913139343,0.08169973603208305,0.0035553384572267533,0.00303129218518734,0.00027112290263175964
6370,360.23376631736755,0.07397642222544838,0.0036218266934156416,0.0027767937630414964,0.0002741403877735138
6380,360.7399175167084,0.07324110595855379,0.003599593788385391,0.0029076576232910157,0.0002881385385990143
6390,361.25335454940796,0.07544888915854824,0.0036130744963884355,0.002955202758312225,0.0002974972128868103
6400,361.73970651626587,0.08235082583217199,0.0035288557410240173,0.0031843043863773344,0.00028171725571155546
6410,362.23395347595215,0.08096238843857974,0.003543590381741524,0.002900168299674988,0.00028559602797031405
6420,362.72922372817993,0.0794897453453062,0.0035413190722465514,0.002986326813697815,0.0002866126596927643
6430,363.2267701625824,0.07683716178048386,0.003561658039689064,0.00270221121609211,0.00028648935258388517
6440,363.72121024131775,0.07757344239652302,0.0035621676594018935,0.0025711305439472198,0.00028825029730796816
6450,364.2243618965149,0.07751394509960485,0.0035599280148744584,0.003398335725069046,0.00028855912387371063
6460,364.7040662765503,0.07830984663449522,0.003602137789130211,0.0030678965151309965,0.00027919746935367584
6470,365.16641759872437,0.08382477625950777,0.0035650260746479035,0.003172364830970764,0.0002640370279550552
6480,365.6158273220062,0.08382428533333658,0.003596224635839462,0.0030119769275188447,0.0002589378505945206
6490,366.07056641578674,0.0859478654330919,0.0035664670169353483,0.0030683130025863647,0.0002597752958536148
6500,366.50785183906555,0.07698381263072866,0.003600066527724266,0.00253809317946434,0.0002488482743501663
6510,366.9171395301819,0.09042954977297235,0.0036272261291742324,0.003419341519474983,0.00023550018668174743
6520,367.3233516216278,0.07803265229882352,0.0035949386656284332,0.0031543783843517303,0.00023299232125282288
6530,367.73215770721436,0.07919415005563288,0.003577961027622223,0.0030472248792648314,0.00023571327328681947
6540,368.1540381908417,0.08491667418178325,0.0035863488912582396,0.0027001626789569856,0.0002403814345598221
6550,368.57210659980774,0.07559666642820731,0.003599279373884201,0.0030682262033224104,0.00024011619389057158
6560,368.9867992401123,0.07708047407697009,0.0035513699054718017,0.003029106557369232,0.00023390501737594605
6570,369.38906621932983,0.07757327244034394,0.003571770712733269,0.0027201220393180845,0.00023161619901657104
6580,369.80846667289734,0.08044053328585032,0.0035581368952989577,0.003186841309070587,0.00023714713752269744
6590,370.2194559574127,0.08792533803648792,0.0035662926733493806,0.002716156095266342,0.00023546330630779265
6600,370.64758682250977,0.07515446717927454,0.003584343567490578,0.003169013187289238,0.0002471677958965302
6610,371.07160663604736,0.08037396335272219,0.0035618759691715242,0.0030474159866571426,0.0002443067729473114
6620,371.499813079834,0.07919438898387243,0.0036069929599761965,0.002826239913702011,0.0002426043152809143
6630,371.9187922477722,0.07668995681083618,0.003552795946598053,0.0029013317078351976,0.00023953989148139954
6640,372.3399167060852,0.07816342008304183,0.003602054715156555,0.0031721144914627075,0.00024251304566860198
6650,372.7531976699829,0.07683423098741067,0.0036025825887918486,0.002703191712498664,0.0002406712621450424
6660,373.1593430042267,0.08117097986636948,0.0035945773124694824,0.0028028253465890883,0.00023371018469333648
6670,373.56565618515015,0.08491850354085498,0.0035662878304719924,0.0029663238674402237,0.00023305751383304596
6680,373.9778821468353,0.07795491250915057,0.0035659592598676682,0.0031974401324987413,0.00023525692522525788
6690,374.3886687755585,0.08146556126405162,0.0035780139267444612,0.002660943567752838,0.0002361346036195755
6700,374.78878593444824,0.08072927848575694,0.0035705190151929856,0.0025478545576334,0.00023273713886737824
6710,375.19242906570435,0.08308733254393788,0.003560265526175499,0.003010218217968941,0.0002315498888492584
6720,375.58607959747314,0.08169941235817602,0.003541473299264908,0.00296817384660244,0.00022951550781726837
6730,375.9960253238678,0.0787532423782734,0.0035833977162837982,0.0027439650148153305,0.0002338901162147522
6740,376.3889310359955,0.08207302161017735,0.003583153709769249,0.0031912654638290407,0.00022656582295894624
6750,376.77226281166077,0.08087611545147959,0.003583023324608803,0.0029217883944511413,0.0002186112105846405
6760,377.1485130786896,0.08161464229436693,0.0035919606685638427,0.0029251135885715483,0.00021612569689750672
6770,377.5345253944397,0.08087715019333847,0.0035640522837638855,0.0026524566113948823,0.0002171870321035385
6780,377.9047255516052,0.07589147381559816,0.003590279817581177,0.003271127864718437,0.00021112002432346343
6790,378.2713565826416,0.08161342130863929,0.003606564179062843,0.0032130256295204163,0.00021131709218025208
6800,378.64576482772827,0.07427108745154046,0.003625170886516571,0.002954094111919403,0.00021302588284015654
6810,379.02213430404663,0.07928057342838028,0.003554945066571236,0.003035557642579079,0.0002142924815416336
6820,379.3983328342438,0.08544516616329288,0.003548895940184593,0.0030925419181585313,0.00021337084472179414
6830,379.77605175971985,0.0783102805643948,0.0036149375140666963,0.003110456466674805,0.00021577365696430207
6840,380.1674473285675,0.07603882190114562,0.0035715609788894652,0.003420005738735199,0.00022194869816303254
6850,380.5489740371704,0.08066854693486585,0.0035504646599292754,0.0030437655746936797,0.00021814405918121337
6860,380.9272425174713,0.075596650853288,0.0035945761948823927,0.003150593861937523,0.00021604858338832855
6870,381.30720233917236,0.07677539186306338,0.003525618463754654,0.003413188457489014,0.00021760053932666777
6880,381.69618248939514,0.08249782466976377,0.003562122955918312,0.0029292918741703035,0.00022266432642936707
6890,382.0853097438812,0.07294420426968297,0.0035872314125299453,0.0029864780604839324,0.0002226687967777252
6900,382.4773871898651,0.07999224640837085,0.003620554879307747,0.0026979189366102218,0.00022557713091373444
6910,382.8793292045593,0.07412299801403106,0.003638579696416855,0.002989804744720459,0.0002306230366230011
6920,383.28742361068726,0.07810209253845074,0.0035471856594085694,0.0027638930827379228,0.00023511052131652832
6930,383.6971628665924,0.07427011936718937,0.0035715300589799883,0.002794921398162842,0.00023746304214000702
6940,384.10414719581604,0.07427044975279176,0.0035742972046136855,0.002942350134253502,0.00023364275693893433
6950,384.51833629608154,0.08264555503360259,0.0035640496760606767,0.0027769241482019425,0.0002367306500673294
6960,384.93163442611694,0.08096238262506741,0.003549607843160629,0.00333809070289135,0.00024134628474712372
6970,385.35352420806885,0.07624768710385085,0.003586159646511078,0.002906223386526108,0.00024303384125232697
6980,385.78243112564087,0.07742670640438187,0.0035737600177526475,0.003089746832847595,0.000246255099773407
6990,386.21341276168823,0.08329264317529264,0.0035521000623703,0.003192048892378807,0.00024720728397369384
7000,386.64772725105286,0.08683358505703194,0.0035466760396957397,0.003086940944194794,0.0002486161887645721
7010,387.11131978034973,0.07795443043040137,0.003516073524951935,0.0030656158924102783,0.00026721134781837463
7020,387.5992376804352,0.07412474304065957,0.0035997778177261353,0.0030088450759649275,0.0002820558845996857
7030,388.07038259506226,0.07860497421645507,0.0036028217524290084,0.002944952622056007,0.00027369484305381773
7040,388.58281326293945,0.08099662708681633,0.003568850085139277,0.0029169027507305123,0.0002995265275239945
7050,389.15974378585815,0.07515531613655821,0.003602707013487816,0.002756670117378235,0.0003181111067533493
7060,389.73488759994507,0.08161342141635008,0.003565915673971176,0.0029426854103803634,0.0003157917410135269
7070,390.3003771305084,0.07368172177122306,0.003586408123373985,0.002903319150209427,0.00031507797539234164
7080,390.88188648223877,0.07728172710588192,0.003655710443854332,0.0031176801770925523,0.000316460058093071
7090,391.45842385292053,0.07757463394870061,0.0035929504781961443,0.0026796795427799225,0.000317000225186348
7100,392.03032970428467,0.08155281309292885,0.0035793930292129517,0.003132375329732895,0.0003169320523738861
7110,392.60338306427,0.0793431456540388,0.00356837697327137,0.0032938394695520403,0.0003165636211633682
7120,393.17607855796814,0.07574438387440864,0.003592358157038689,0.003008322045207024,0.0003167197108268738
7130,393.74838519096375,0.075154768577092,0.00359746590256691,0.002886892855167389,0.0003167033195495605
7140,394.316463470459,0.07530142490333061,0.003595926612615585,0.0029274459928274156,0.0003162425011396408
7150,394.88090682029724,0.07441753005310102,0.003597075119614601,0.002823983505368233,0.00031611956655979155
7160,395.4532494544983,0.08264496510621301,0.003545382246375084,0.0027751468122005464,0.0003163684159517288
7170,396.0159959793091,0.08134759632322504,0.0035877838730812074,0.003171369805932045,0.0003160402178764343
7180,396.6501045227051,0.08655525070727979,0.003523098677396774,0.00302753783762455,0.00032019838690757754
7190,397.2208511829376,0.0841186068582617,0.003604747727513313,0.002869626507163048,0.0003158915787935257
7200,397.7962770462036,0.08111005304844185,0.0035678841173648833,0.0028295043855905535,0.00031772218644618986
7210,398.36583733558655,0.07574453862663572,0.003571352735161781,0.0031945161521434785,0.0003177475184202194
7220,398.9541211128235,0.08007882460074559,0.0035221461206674577,0.0028443239629268647,0.0003213386982679367
7230,399.52712416648865,0.07757404967450751,0.0036075606942176817,0.00317036397755146,0.0003176584839820862
7240,400.10321497917175,0.07500802972894055,0.0035153500735759734,0.002919696271419525,0.0003182493150234222
7250,400.6775324344635,0.08205564841293109,0.0035385489463806152,0.002796506881713867,0.00031854994595050814
7260,401.2726423740387,0.07801693582878552,0.0035953428596258163,0.003358767554163933,0.0003304172307252884
7270,401.83887100219727,0.08117065063675061,0.0035744991153478624,0.0029861368238925934,0.0003175973892211914
7280,402.41895508766174,0.08418013815439733,0.0035919912159442903,0.0027797788381576536,0.0003193926066160202
7290,402.9903106689453,0.07875238720441155,0.003574705123901367,0.0028670169413089752,0.0003192652016878128
7300,403.55817461013794,0.08456002620602895,0.003555632755160332,0.0030644576996564864,0.0003182902932167053
7310,404.1277332305908,0.07589131741820268,0.0035574596375226976,0.0032094046473503113,0.0003186456859111786
7320,404.7012369632721,0.07618627882334005,0.0035197220742702482,0.0028157856315374373,0.0003197118639945984
7330,405.26931047439575,0.08022635626542686,0.0035776693373918535,0.0028278183192014692,0.00031920000910758974
7340,405.8422095775604,0.07456574205168792,0.003558729961514473,0.0027790557593107223,0.0003183651715517044
7350,406.42256593704224,0.0826451944094724,0.0035448558628559113,0.0031088121235370637,0.00031967833638191223
7360,407.0025498867035,0.082350874848861,0.003593982011079788,0.003009239211678505,0.000319937989115715
7370,407.5829679965973,0.07721777052400089,0.0035729873925447464,0.0030707426369190214,0.0003202877938747406
7380,408.157785654068,0.08373732601660142,0.003592666983604431,0.002925271913409233,0.0003185603767633438
7390,408.73290157318115,0.07801569159787095,0.003581298142671585,0.0032374899834394454,0.00031897611916065216
7400,409.31137108802795,0.08697988326497573,0.0035617336630821227,0.0031710594892501833,0.0003201756626367569
7410,409.8863191604614,0.07919470858322206,0.0035620063543319704,0.0029823537915945053,0.00031920336186885834
7420,410.49452662467957,0.07934165517661355,0.003588830679655075,0.002945852652192116,0.0003398209810256958
7430,411.0914740562439,0.0791065304091773,0.00357845462858677,0.0032373465597629546,0.0003429755568504333
7440,411.6981129646301,0.07889901896991508,0.003547736257314682,0.003070329874753952,0.0003387942910194397
7450,412.28184366226196,0.07948843441838851,0.003540913760662079,0.0030904233455657957,0.00032943598926067353
7460,412.89773988723755,0.07854424728362494,0.0035571586340665817,0.002720993384718895,0.0003395959734916687