#=== ait_logic_pretrained_aug_w10_30b30a ===
#
#Metrics:
#  Accuracy: 0.9965 | Macro Precision: 0.7991 | Macro Recall: 0.9719 | Macro F1: 0.8353
#  False Alarms: 471 | False Alarm Rate: 0.0035
#  Missed Attacks: 25 | Detection Rate: 0.9967
#
#Per-Class Metrics:
#  [phase1] P=0.9898 | R=0.9996 | F1=0.9947 | 
#  [phase2] P=1.0000 | R=0.9951 | F1=0.9976 | 
#  [phase3] P=0.8462 | R=1.0000 | F1=0.9167 | 
#  [phase4] P=0.1596 | R=0.8681 | F1=0.2696 | 
#
#Confusion Matrix:
#         	      	      	      	Actual	      	      
#         	      	benign	phase1	phase2	phase3	phase4
#         	benign	133111	     2	    11	     0	    12
#Predicted	phase1	    53	  5142	     0	     0	     0
#         	phase2	     0	     0	  2257	     0	     0
#         	phase3	     2	     0	     0	    11	     0
#         	phase4	   416	     0	     0	     0	    79
i,time,loss,ground_time,compile_time,eval_time
10,0.5232610702514648,0.087537096932843,0.00240809019993652,0.001193621212785894,0.00021889761767604146
20,0.9863989353179932,0.0889489427220209,0.002700187909332189,0.0012447184121066866,0.000275476107543165
30,1.4455130100250244,0.08499779823642997,0.0026981404559178793,0.001343180036002939,0.0002772218463095751
40,1.8763723373413086,0.08337656110339844,0.002675816823135723,0.001202221621166575,0.00028191296891732647
50,2.356391668319702,0.07839808129021217,0.002686418863860044,0.0013418642296032465,0.00028790821405974304
60,2.838101863861084,0.07523890648957444,0.002700536528771574,0.0014211350543932477,0.0002893595871600239
70,3.279892683029175,0.07725797838807472,0.0026710208505392073,0.0013022716411135416,0.00029091716490008606
80,3.760741710662842,0.0750874004679358,0.0026984715326265857,0.0014211398295380846,0.00028563646430318994
90,4.260638475418091,0.07643417283567422,0.0026791374114426697,0.0012827664952386503,0.0003060365265065973