#=== ait_logic_scratch_aug_w10_50b50a ===
#
#Metrics:
#  Accuracy: 0.8957 | Macro Precision: 0.6431 | Macro Recall: 0.9780 | Macro F1: 0.6931
#  False Alarms: 14722 | False Alarm Rate: 0.1102
#  Missed Attacks: 0 | Detection Rate: 1.0000
#
#Per-Class Metrics:
#  [phase1] P=0.2701 | R=1.0000 | F1=0.4253 | 
#  [phase2] P=0.9991 | R=1.0000 | F1=0.9996 | 
#  [phase3] P=0.8462 | R=1.0000 | F1=0.9167 | 
#  [phase4] P=0.1003 | R=1.0000 | F1=0.1824 | 
#
#Confusion Matrix:
#         	      	      	      	Actual	      	      
#         	      	benign	phase1	phase2	phase3	phase4
#         	benign	118860	     0	     0	     0	     0
#Predicted	phase1	 13902	  5144	     0	     0	     0
#         	phase2	     2	     0	  2268	     0	     0
#         	phase3	     2	     0	     0	    11	     0
#         	phase4	   816	     0	     0	     0	    91
i,time,loss,ground_time,compile_time,eval_time
10,2.695162296295166,0.49673668077448385,0.002908688372579114,0.002261121070076681,0.0007284807105516563
20,6.365156412124634,0.552654651371995,0.0032197505107213697,0.0025475847952324774,0.0012925568454224482
30,9.883599519729614,0.5363760220236145,0.0032175829184466383,0.002509782977145295,0.0012391377368877676
40,13.44270133972168,0.5378718764986843,0.003222042746071159,0.0025524031499336523,0.001251770941347911
50,16.980122804641724,0.5178772481740452,0.0032441735267639167,0.00238356722583031,0.001242692331815588
60,18.736641883850098,0.5152919246465899,0.003204945153717336,0.0025493296055958212,0.0006225567311048507
70,20.35680055618286,0.49708435421343894,0.0032136078024732643,0.0025194250047206887,0.0005879067655267386
80,21.856901168823242,0.4911887822090648,0.003212117994653767,0.002451959843265602,0.0005358456152266468
90,23.42919373512268,0.46668255457188934,0.003259243238075027,0.0025428615253547163,0.000569338595558857
100,24.870656490325928,0.46340548945590854,0.0032241727129138755,0.0024975871859953354,0.0005094931557260711
110,26.45946717262268,0.43695911125978454,0.0032291840504983377,0.0025265174179241604,0.0005713102632555469
120,28.076769828796387,0.40097230676328766,0.0032083828387589274,0.002545378048872128,0.0005826744539984344