#=== ait_logic_scratch_aug_w10_30b30a ===
#
#Metrics:
#  Accuracy: 0.8957 | Macro Precision: 0.6431 | Macro Recall: 0.9780 | Macro F1: 0.6931
#  False Alarms: 14722 | False Alarm Rate: 0.1102
#  Missed Attacks: 0 | Detection Rate: 1.0000
#
#Per-Class Metrics:
#  [phase1] P=0.2701 | R=1.0000 | F1=0.4253 | 
#  [phase2] P=0.9991 | R=1.0000 | F1=0.9996 | 
#  [phase3] P=0.8462 | R=1.0000 | F1=0.9167 | 
#  [phase4] P=0.1003 | R=1.0000 | F1=0.1824 | 
#
#Confusion Matrix:
#         	      	      	      	Actual	      	      
#         	      	benign	phase1	phase2	phase3	phase4
#         	benign	118860	     0	     0	     0	     0
#Predicted	phase1	 13902	  5144	     0	     0	     0
#         	phase2	     2	     0	  2268	     0	     0
#         	phase3	     2	     0	     0	    11	     0
#         	phase4	   816	     0	     0	     0	    91
i,time,loss,ground_time,compile_time,eval_time
10,2.557563304901123,0.48406400122330523,0.002654194459319115,0.0023704478347843358,0.000946279039437121
20,5.565707683563232,0.5188866754295305,0.0029386721212755536,0.0026974524625323053,0.0012518178671598432
30,8.452932357788086,0.5287656795233489,0.0028526115823875762,0.00311549021439119,0.001232348145409064
40,11.097910404205322,0.5229535801743623,0.002896312421018425,0.0029017825018275894,0.0012158844281326645
50,13.958581447601318,0.5163612079864833,0.002917380664836277,0.0030497136441144093,0.0012268627909096806
60,16.906014680862427,0.4998722938587889,0.002878054129806431,0.002964080328291114,0.0012497711588035933
70,19.599524974822998,0.4917090716422535,0.002836564623496748,0.0028962152248079146,0.0012727026234973556
80,22.561217308044434,0.47011910506989807,0.002920527993278069,0.0030617546290159234,0.0012595484202558346
90,25.534987688064575,0.46276980206603185,0.0028662516312165692,0.0029251918535340925,0.001277424293485555