#=== ait_logic_pretrained_aug_w100_20b20a ===
#
#Metrics:
#  Accuracy: 0.9971 | Macro Precision: 0.8384 | Macro Recall: 0.9862 | Macro F1: 0.8656
#  False Alarms: 396 | False Alarm Rate: 0.0030
#  Missed Attacks: 7 | Detection Rate: 0.9991
#
#Per-Class Metrics:
#  [phase1] P=0.9873 | R=0.9998 | F1=0.9935 | 
#  [phase2] P=1.0000 | R=1.0000 | F1=1.0000 | 
#  [phase3] P=1.0000 | R=1.0000 | F1=1.0000 | 
#  [phase4] P=0.2048 | R=0.9341 | F1=0.3360 | 
#
#Confusion Matrix:
#         	      	      	      	Actual	      	      
#         	      	benign	phase1	phase2	phase3	phase4
#         	benign	133154	     1	     0	     0	     6
#Predicted	phase1	    66	  5140	     0	     0	     0
#         	phase2	     0	     0	  2268	     0	     0
#         	phase3	     0	     0	     0	    10	     0
#         	phase4	   330	     0	     0	     0	    85
i,time,loss,ground_time,compile_time,eval_time
10,0.6973347663879395,0.0678515379168331,0.002299436430136363,0.01223688282900386,0.00017105146414703791
20,1.0443899631500244,0.07530132508045556,0.002561989385220742,0.013569628323117889,0.0001846407022741106
30,1.3745930194854736,0.07695491275334411,0.002536290056175659,0.013538370322850013,0.00017975266608926988
40,1.687558889389038,0.07484272844736668,0.0025560862902138,0.013630740054779582,0.0001752301636669371
50,2.0067780017852783,0.07484272844736668,0.0025604265431563096,0.013653674100836117,0.00017867191798157163
60,2.3240694999694824,0.07472811477439828,0.0025602040605412625,0.013625065402852165,0.00017871819436550141