#=== ait_logic_pretrained_reduced_w10_20b20a ===
#
#Metrics:
#  Accuracy: 0.9880 | Macro Precision: 0.7536 | Macro Recall: 0.8031 | Macro F1: 0.7694
#  False Alarms: 1362 | False Alarm Rate: 0.0102
#  Missed Attacks: 335 | Detection Rate: 0.9554
#
#Per-Class Metrics:
#  [phase1] P=0.8045 | R=0.9553 | F1=0.8734 | 
#  [phase2] P=1.0000 | R=0.9806 | F1=0.9902 | 
#  [phase3] P=0.8000 | R=0.7273 | F1=0.7619 | 
#  [phase4] P=0.1658 | R=0.3626 | F1=0.2276 | 
#
#Confusion Matrix:
#         	      	      	      	Actual	      	      
#         	      	benign	phase1	phase2	phase3	phase4
#         	benign	132220	   230	    44	     3	    58
#Predicted	phase1	  1194	  4914	     0	     0	     0
#         	phase2	     0	     0	  2224	     0	     0
#         	phase3	     2	     0	     0	     8	     0
#         	phase4	   166	     0	     0	     0	    33
i,time,loss,ground_time,compile_time,eval_time
10,0.7055587768554688,0.1017736392896402,0.0023967872063318857,0.0002775385561916559,0.0002681757840845319
20,1.4031946659088135,0.10786748959038317,0.0026640062116914296,0.0003065793464581166,0.0003227599379089142
30,2.1130998134613037,0.10141347559415832,0.002656369573540156,0.00030810108615292396,0.0003228586994939379
40,2.8132846355438232,0.09668487537148415,0.002656937100821069,0.00030733036498228666,0.0003192240993181863
50,3.495112895965576,0.08970542626238162,0.0026361388050847563,0.0003060273412201135,0.00031549475259251054
60,4.1812424659729,0.08604908989553975,0.0026705572174655053,0.00030872027079264293,0.0003198362059063381