#=== ait_logic_pretrained_full_w100_balanced ===
#
#Metrics:
#  Accuracy: 0.9863 | Macro Precision: 0.8653 | Macro Recall: 0.9582 | Macro F1: 0.9044
#  False Alarms: 1814 | False Alarm Rate: 0.0136
#  Missed Attacks: 113 | Detection Rate: 0.9850
#
#Per-Class Metrics:
#  [phase1] P=0.7413 | R=0.9817 | F1=0.8448 | 
#  [phase2] P=1.0000 | R=0.9987 | F1=0.9993 | 
#  [phase3] P=1.0000 | R=1.0000 | F1=1.0000 | 
#  [phase4] P=0.5859 | R=0.8242 | F1=0.6849 | 
#
#Confusion Matrix:
#         	      	      	      	Actual	      	      
#         	      	benign	phase1	phase2	phase3	phase4
#         	benign	131736	    94	     3	     0	    16
#Predicted	phase1	  1761	  5047	     0	     0	     0
#         	phase2	     0	     0	  2265	     0	     0
#         	phase3	     0	     0	     0	    10	     0
#         	phase4	    53	     0	     0	     0	    75
i,time,loss,ground_time,compile_time,eval_time
10,1.8928191661834717,0.1280286260793162,0.0029498312622308733,0.008615733310580253,0.0003705337643623352
20,3.8716483116149902,0.13440537230536698,0.003284936398267746,0.010028012841939927,0.0004542481154203415
30,5.082974910736084,0.1041456391911784,0.0032386578619480132,0.009809654206037521,0.00025949589908123014
40,7.26609206199646,0.129759146198477,0.003273061662912369,0.009649919718503952,0.0005276143550872803
50,8.659423112869263,0.12579102613910478,0.003354073688387871,0.00989021398127079,0.00030396021902561187
60,9.901371955871582,0.10932472378365121,0.0033318042755126954,0.009879399463534356,0.0002935994416475296
70,10.955007076263428,0.11371329765868776,0.0032211579382419586,0.00963524468243122,0.0002663515508174896
80,12.215775728225708,0.10186466454448817,0.0033088140189647675,0.00984649769961834,0.00032375417649745943
90,13.794288396835327,0.10464973585126358,0.003284594416618347,0.00963275320827961,0.00043362826108932494
100,15.432753562927246,0.11437045133208738,0.0033871758729219436,0.010073401778936387,0.0004273273050785065
110,16.49532127380371,0.10333683250523959,0.0033415019512176513,0.009874428436160088,0.00028674528002738955
120,17.52269220352173,0.10622348975397308,0.0033418204635381698,0.009637819230556488,0.0002700209617614746
130,18.48997163772583,0.11342209453267035,0.0032307911664247514,0.009557956084609031,0.0002676539123058319
140,19.47480845451355,0.09548924507627068,0.0033743757754564284,0.009821484237909317,0.0002717670053243637
150,20.537617683410645,0.09788449698296438,0.0033278368413448335,0.009748709946870803,0.00027335360646247865
160,21.52556872367859,0.10242017492477347,0.0032505832612514498,0.009800046309828758,0.00027422569692134855
170,22.49833059310913,0.08680436288172658,0.0033343248069286346,0.010216458141803742,0.00027332156896591185
180,23.492535829544067,0.10029733732559225,0.0033302288502454758,0.009629108756780625,0.0002726912498474121
190,24.450743913650513,0.08571469757240602,0.003279827907681465,0.010112427547574044,0.00027635917067527773
200,25.438544273376465,0.09074290658699857,0.003245701640844345,0.009738747030496597,0.00027345679700374603
210,26.452773094177246,0.0898982662947467,0.0033077191561460494,0.009498144686222076,0.0002839416265487671
220,27.675625801086426,0.08961624014557779,0.0034101396799087525,0.010219264030456542,0.0003347165882587433
230,29.016193628311157,0.08307753600367072,0.0033250752836465835,0.010259289294481277,0.0003725804388523102
240,30.34126305580139,0.08704312552706538,0.003229696676135063,0.010058008879423142,0.00036500953137874603
250,31.57481336593628,0.0836262451316168,0.003278552740812302,0.00993402786552906,0.0003395184874534607
260,32.786123514175415,0.09212954542755052,0.0033463526517152785,0.009917092695832252,0.00033819824457168577
270,34.00457048416138,0.08436891575852293,0.0033158350735902785,0.01002953052520752,0.0003420762717723846
280,35.16176629066467,0.08202387221640971,0.003322400525212288,0.009746153652668,0.000331076979637146
290,36.32990503311157,0.0802109329792212,0.0033336304128170013,0.009817896410822868,0.0003322970122098923
300,37.54279971122742,0.08131351747934688,0.003366435319185257,0.00967010110616684,0.00034242086112499235
310,38.699702978134155,0.08320663726763836,0.003234579786658287,0.00975995920598507,0.0003231804817914963
320,39.80327033996582,0.08260802390494008,0.003328820690512657,0.009890656918287277,0.000320836529135704
330,40.931089878082275,0.08172819590807685,0.0032190684229135512,0.01000436618924141,0.0003236826509237289
340,42.11729407310486,0.09075238797316834,0.0032869700342416765,0.009973002970218659,0.0003336772322654724
350,43.302924156188965,0.08133516130463239,0.00331198163330555,0.009700499847531319,0.0003297388553619385
360,44.433082818984985,0.07937426823494395,0.003281841054558754,0.009844322130084038,0.0003213141113519669
370,45.59305238723755,0.0815083444872766,0.003260406106710434,0.009537841752171516,0.0003310132771730423
380,46.67563009262085,0.08159932479195407,0.003243672847747803,0.009854391962289811,0.00032298564910888673
390,47.845935106277466,0.07954965507577463,0.0032840412110090255,0.00977310724556446,0.0003340426832437515
400,48.99059343338013,0.07942082864339223,0.003342752158641815,0.009734094142913818,0.0003222420811653137
410,50.110209465026855,0.08440274400401991,0.003263796493411064,0.009743301942944527,0.0003248456865549088
420,51.2430260181427,0.08108977858077417,0.003337984159588814,0.010069678351283074,0.0003275800496339798
430,52.4150276184082,0.08187900676529354,0.0032101403921842575,0.00973234437406063,0.00032725557684898376
440,53.55784869194031,0.07742426385923293,0.003366430103778839,0.00973709560930729,0.00032370612025260924
450,54.61503195762634,0.07933958126239525,0.003276838734745979,0.010034506395459174,0.0003213468939065933
460,55.68976402282715,0.08491693375012942,0.0032705746591091154,0.009890016540884972,0.0003142666071653366
470,56.817092180252075,0.08086780879544814,0.0032437358051538466,0.010182633250951766,0.00033164508640766145
480,57.970046520233154,0.08120952002006912,0.0032778218388557433,0.009612486511468888,0.00033709965646266937
490,59.08259916305542,0.08211787489601094,0.003365634009242058,0.009585821628570556,0.00031990110874176026
500,60.15746092796326,0.08231337028035528,0.0033512599766254425,0.010000761598348618,0.0003170013427734375
510,61.25062870979309,0.0784188918178112,0.003345731645822525,0.009689538180828095,0.0003232374787330627
520,62.388630390167236,0.08149709530211362,0.0032486137002706527,0.010024020075798034,0.00032120533287525175
530,63.450226068496704,0.08394867482953182,0.0033100102096796035,0.010008947178721427,0.0003166712820529938
540,64.5127100944519,0.07789083057103574,0.003266157954931259,0.010004844516515732,0.0003129642456769943
550,65.61317801475525,0.08314262454538549,0.0033173024654388427,0.009789255261421204,0.00031492933630943297
560,66.72062540054321,0.07695013254371916,0.0033236734569072725,0.009885995462536813,0.00032778196036815644
570,67.854975938797,0.08091952185501344,0.003333813697099686,0.009866196289658546,0.0003320746123790741
580,68.98371505737305,0.07890647342196329,0.0032977573573589325,0.009846791252493858,0.0003357339650392532
590,70.09775114059448,0.08042116959711323,0.0034095972776412966,0.010287997499108314,0.00032588616013526914
600,71.15857148170471,0.07906011183892953,0.003272821381688118,0.009869394823908806,0.00031470805406570436
610,72.20105457305908,0.08110534331749797,0.0033509329099346086,0.01034319995454064,0.00032008520706936167
620,73.25011706352234,0.07828098239518479,0.003281022608280182,0.009783923998475075,0.0003124833106994629
630,74.28886365890503,0.08203873674662611,0.0033130433410406114,0.010089366137981415,0.00030889213085174563
640,75.31702041625977,0.07973864099342642,0.003305700048804283,0.00985901579260826,0.0003058638423681259
650,76.40797328948975,0.08177193303309821,0.0033255137503147127,0.009873472154140472,0.00032589323818683625
660,77.46478533744812,0.07890315646013257,0.003261232003569603,0.009663928672671318,0.0003204800188541412
670,78.57080292701721,0.07879546026086548,0.003271779417991638,0.009627509862184525,0.0003315489739179611
680,79.58736443519592,0.07778950858141792,0.003351118043065071,0.010092515125870704,0.00030676871538162234
690,80.5765814781189,0.07942042190578265,0.0033155295997858046,0.010229152441024781,0.0003033328801393509
700,81.60703945159912,0.07794993915292722,0.003337017446756363,0.009196078777313233,0.00030391179025173186
710,82.64201617240906,0.0785679433004221,0.0033118799328804016,0.009854448214173316,0.00031084530055522917
720,83.63451552391052,0.077362002184525,0.0032741133123636245,0.010155022889375687,0.000307542085647583
730,84.6659049987793,0.07972241435147294,0.003327583521604538,0.009854977577924728,0.0003074180334806442
740,85.69821548461914,0.07956628145847809,0.003341519832611084,0.009697523713111878,0.00030468851327896117
750,86.67656660079956,0.07797271115480076,0.003243420273065567,0.010025415942072869,0.0003088817000389099
760,87.77794289588928,0.08927548672080213,0.0033112317323684692,0.009445273503661155,0.00031653754413127897
770,88.93829774856567,0.07996793369146199,0.0032903824001550676,0.009985169768333435,0.00034634023904800415
780,90.01564812660217,0.0810300240733442,0.003296982869505882,0.00998418927192688,0.0003239203244447708
790,91.04887819290161,0.07667784214895093,0.0033491648733615874,0.009801390022039414,0.00031357035040855406
800,92.06164002418518,0.07881096200565191,0.0033966023474931717,0.009639392048120499,0.00030791796743869784
810,93.1446464061737,0.0797860761023336,0.0032957512885332108,0.009538654610514641,0.00031688548624515535
820,94.20979237556458,0.07790920532169399,0.0033059488981962205,0.009802816808223725,0.000310472771525383
830,95.24066877365112,0.07557057276335644,0.003258117660880089,0.009816856309771537,0.00031246207654476164
840,96.26311159133911,0.07680103290657501,0.0033344101160764695,0.00989748015999794,0.000305914506316185
850,97.35500597953796,0.08228911140766429,0.0033348038792610168,0.009467471763491631,0.0003192577511072159
860,98.35751700401306,0.07718007898609544,0.003285110369324684,0.009690145403146744,0.00030339062213897706
870,99.43496227264404,0.08158023469243081,0.0034647628664970396,0.009616534039378167,0.00032387636601924894
880,100.46518325805664,0.0805866136276723,0.0032832227647304536,0.009896566346287727,0.0003097318112850189
890,101.50557899475098,0.0775425402999966,0.0033820807933807374,0.00972069837152958,0.00031448379158973696
900,102.66804838180542,0.0837196248616813,0.0032563455402851104,0.009607747942209244,0.00035276710987091063
910,103.6657829284668,0.07766800721037868,0.0033254455775022507,0.010317065566778184,0.00030881427228450774
920,104.72731137275696,0.084373072119402,0.0032463233917951586,0.009395865350961685,0.0003091499209403992
930,105.74935793876648,0.07529040640588128,0.003285812959074974,0.009941303357481956,0.0003118153661489487
940,106.77948594093323,0.08190447888450388,0.0032906670123338698,0.009974806010723114,0.00031079016625881197
950,107.82681679725647,0.07899593269307212,0.0032613418996334078,0.009583451971411704,0.0003157045692205429
960,108.83369064331055,0.07970953807530043,0.003339773416519165,0.00993036776781082,0.00030221976339817047
970,109.83504343032837,0.08060282544105145,0.003348485752940178,0.010034963488578796,0.00030406080186367034
980,110.88825130462646,0.0805976644281776,0.003320582956075668,0.009857464581727982,0.00030820779502391813
990,111.91936039924622,0.07967186161093963,0.0033424049615859985,0.010113251954317093,0.0003116294741630554
1000,112.93599247932434,0.07891164626186785,0.0032396771013736723,0.009635299071669578,0.0003044851124286652
1010,113.9271776676178,0.07868414554241593,0.0032699670642614364,0.01002989299595356,0.00030569247901439666
1020,114.92570352554321,0.07650118661583313,0.003295014798641205,0.009880173206329345,0.000310487300157547
1030,115.92676997184753,0.07867671061851605,0.0033221714198589324,0.009763167798519134,0.00030231215059757234
1040,116.95637440681458,0.08087729880291707,0.003336767852306366,0.010021093115210534,0.00031437948346138
1050,117.93509006500244,0.0797182893786662,0.003252481296658516,0.00997636616230011,0.0003036167472600937
1060,118.97876286506653,0.07856737067736319,0.003296699747443199,0.009540295600891114,0.00030969083309173584
1070,120.00999283790588,0.07749238966699473,0.003339013084769249,0.009711262956261634,0.0003087833523750305
1080,121.00969004631042,0.07913571941346109,0.003276028111577034,0.01015867218375206,0.0003054510802030563
1090,121.99067783355713,0.0887922390206393,0.003266094997525215,0.010333111509680748,0.0003069654107093811
1100,122.92858290672302,0.0790711010223911,0.0032607730478048324,0.009802126884460449,0.00029090046882629395
1110,123.91351699829102,0.07879666780673338,0.0032719243317842484,0.009804585948586464,0.0002970568835735321
1120,124.79878234863281,0.07735076266442889,0.0032363127917051314,0.010201365128159523,0.0002809301018714905
1130,125.70244574546814,0.0791444478100835,0.003347218409180641,0.010152517631649972,0.0002805955708026886
1140,126.89074277877808,0.0777820324557115,0.003291245922446251,0.009840007498860359,0.00034840479493141173
1150,128.43483901023865,0.07734926834403553,0.0032382097095251085,0.010277890041470528,0.0004569489508867264
1160,129.98480558395386,0.08480711146137054,0.003239777311682701,0.00975126139819622,0.0004486292600631714
1170,131.45106887817383,0.07798185487833174,0.0033920969814062118,0.009746028482913971,0.0004159696400165558
1180,132.80564546585083,0.08018975459244738,0.0032316375523805617,0.010109999775886535,0.00039307475090026854
1190,134.11281752586365,0.07642817252229817,0.0032401379197835923,0.01015656404197216,0.0003814082592725754
1200,135.4120397567749,0.08468652554229732,0.0033520076423883436,0.009646877273917198,0.00036871321499347686
1210,136.62199473381042,0.07920413766015671,0.0032856068539398693,0.00960718684450344,0.0003574119397887476
1220,137.84869503974915,0.08242944583108937,0.0032637182623147963,0.009772914275527001,0.00034594982862472533
1230,139.0763599872589,0.07983927261997124,0.0033354431390762327,0.009739092364907265,0.0003450866788625717
1240,140.31195378303528,0.07929617925704444,0.003272845968604088,0.010083355009555817,0.0003497082740068436
1250,141.8227288722992,0.0825490206776125,0.0032562054693698883,0.01035982184112072,0.0009634781628847123
1260,142.63755416870117,0.07951622519775561,0.003322808817028999,0.009938712790608406,0.0002432543784379959
1270,143.42213082313538,0.07938315433654176,0.0032867025583982468,0.009906566888093948,0.00024246871471405028
1280,144.21553564071655,0.07743936758873546,0.0033401254564523696,0.009870189428329467,0.0002387695014476776
1290,145.0034966468811,0.07999978886759171,0.003374634310603142,0.01052062213420868,0.00024235360324382783
1300,145.80792546272278,0.08240594347857702,0.0032705973833799364,0.009867050871253013,0.00024519748985767363
1310,146.58829927444458,0.07807379295646946,0.003266315907239914,0.01005115695297718,0.00024279579520225525
1320,147.38251495361328,0.07855547539897048,0.0032103609293699263,0.009751710668206215,0.00024824254214763644
1330,148.1881241798401,0.07947512476646221,0.0032788481563329696,0.010192913934588432,0.0002518918365240097
1340,149.02439332008362,0.07750995366958108,0.003287665545940399,0.009421088173985482,0.00025003664195537566
1350,149.864360332489,0.07611252174094663,0.0033121254295110703,0.009579149633646011,0.00025749318301677705
1360,150.68057227134705,0.08028078952985856,0.003322660177946091,0.010076374933123588,0.0002571519464254379
1370,151.5322208404541,0.07604957556598915,0.0032534845173358916,0.009724922478199005,0.000262601301074028
1380,152.3744068145752,0.08067727096431071,0.0032324064522981644,0.009682727605104446,0.00026385709643363955
1390,153.2010772228241,0.07725150093988199,0.0033305566757917404,0.009703590720891952,0.00026063472032547
1400,154.0458824634552,0.07704507351587685,0.0033236715942621233,0.009967979788780213,0.0002644877880811691
1410,154.89928722381592,0.08108514859777391,0.0033140417188405992,0.00991940163075924,0.00027207247912883756
1420,155.74866342544556,0.07889855789494508,0.00339333713054657,0.009587263315916061,0.00026766695082187654
1430,156.59796047210693,0.07564653487171155,0.003352711349725723,0.009709054976701737,0.0002654995769262314
1440,157.47648549079895,0.07639732096461496,0.0032475806772708895,0.009574825689196587,0.00026752762496471403
1450,158.32790517807007,0.0802401855869729,0.003258361294865608,0.009701453149318695,0.0002699799835681915
1460,159.16941952705383,0.07885790221246,0.0033239930868148803,0.009999175742268562,0.00026385709643363955
1470,160.05255031585693,0.07921155091691694,0.0032619498670101166,0.010060149431228637,0.0002729211002588272
1480,160.89780449867249,0.07885805575132146,0.0033255625516176225,0.009975969791412354,0.000266902893781662
1490,161.74609804153442,0.08306243341311766,0.0033969663083553312,0.009572982415556907,0.0002607259899377823
1500,162.62338376045227,0.0771908488727697,0.0032902427017688753,0.00973537303507328,0.00026904307305812835
1510,163.48300647735596,0.07712858847968303,0.003399922698736191,0.00964876227080822,0.00025942958891391756
1520,164.32931852340698,0.07597928574035454,0.0032172918319702147,0.010080545395612716,0.00025976262986660004
1530,165.17583847045898,0.07779987784464068,0.0033611763268709184,0.009651760384440423,0.00026087164878845214
1540,166.05984354019165,0.07754404000781455,0.0033383000642061233,0.009893806278705597,0.00027344301342964173
1550,166.99479746818542,0.07732857867336475,0.003357260301709175,0.009763321280479431,0.0002888321876525879
1560,167.88827228546143,0.0761562545225347,0.0034486472606658934,0.010078870132565499,0.0002733975648880005
1570,168.7684063911438,0.07880552212015171,0.003226418048143387,0.009926819801330566,0.0002792090177536011
1580,169.65937161445618,0.07955963880519709,0.0033089518547058105,0.009887916967272758,0.0002734009176492691
1590,170.53506684303284,0.07696061588170111,0.003313039615750313,0.009918486326932907,0.00027299486100673676
1600,171.81185269355774,0.07689467233077762,0.0032821614295244217,0.009673490002751351,0.0004061628133058548
1610,173.0818009376526,0.08143405695286257,0.0032555948942899703,0.009665284678339959,0.00040115974843502045
1620,174.36030387878418,0.0816223235801838,0.003165816143155098,0.009966796264052391,0.0004221122711896896
1630,175.6452112197876,0.07580055452057584,0.003312993049621582,0.010215733945369721,0.00041783004999160764
1640,176.90404891967773,0.07804471237558916,0.0032519735395908356,0.009993772581219673,0.00041282400488853457
1650,178.18213486671448,0.07687663122855541,0.0033417247235774995,0.009901350364089012,0.0004160556942224503
1660,179.48082637786865,0.07971661988041662,0.003253532573580742,0.009999854490160942,0.0004346322268247604
1670,180.74892258644104,0.07831818901457638,0.0033731888979673386,0.01018701083958149,0.0004097320139408112
1680,181.97198224067688,0.07679315405679339,0.003182952478528023,0.0097821194678545,0.00040367431938648224
1690,183.24536800384521,0.08062041506610368,0.0032168880105018617,0.009923000633716584,0.0004091221839189529
1700,184.4060869216919,0.07585030197474565,0.0033206425607204436,0.009658258035778999,0.00038752481341362
1710,185.630512714386,0.07586238171267927,0.003323666751384735,0.009842098131775856,0.00039680488407611847
1720,186.88148593902588,0.07734448453624673,0.003305516764521599,0.009707706421613694,0.0003972962498664856
1730,188.18504905700684,0.08499410890639414,0.003350754827260971,0.009567699953913688,0.00040203370153903963
1740,189.42343282699585,0.07838919101043373,0.0034044761210680007,0.009488831833004951,0.0003862239420413971
1750,190.75319170951843,0.07967455951051627,0.0033014748245477677,0.009871133416891099,0.0004311848431825638
1760,192.050190448761,0.0795426724935287,0.0033090226352214813,0.009725356474518776,0.0004026368260383606
1770,193.27178645133972,0.07753398243853624,0.0033024776726961135,0.009995349124073983,0.00038833692669868467
1780,194.43242955207825,0.077914108457721,0.0032281287014484404,0.010198871418833733,0.00037987977266311644
1790,195.6029999256134,0.07721664886248633,0.0033165402710437775,0.009989197179675103,0.0003828559070825577
1800,196.84081959724426,0.0792285553945151,0.0033427976071834565,0.00943833664059639,0.000390474870800972
1810,197.94808959960938,0.07847173987862521,0.003307217856248218,0.010014207481786063,0.00038712893923123677
1820,199.0836043357849,0.07872499561999789,0.0033888880163431166,0.00992674082517624,0.0003844205290079117
1830,200.25813794136047,0.07920419438051111,0.0032718975096940996,0.009716152399778365,0.0003836624324321747
1840,201.40596914291382,0.07809316245144882,0.003278161957859993,0.010077017918229103,0.0003845073282718658
1850,202.52474975585938,0.07735129759993478,0.003297838941216469,0.01011909320950508,0.00037755221128463743
1860,203.74433302879333,0.07661944178090736,0.003387753665447235,0.00976404920220375,0.00038360320031642913
1870,204.94633221626282,0.07816809773804861,0.0033483289182186125,0.009701906889677047,0.0003877021372318268
1880,206.11582612991333,0.07877597228152956,0.003192033991217613,0.009734003618359566,0.00038389675319194794
1890,207.29108333587646,0.0780390804925892,0.0032638363540172578,0.009811560064554215,0.00038507506251335145
1900,208.45813870429993,0.07657024037312907,0.003242448344826698,0.009849843755364417,0.0003893226385116577
1910,209.7804319858551,0.07892735113208277,0.003280432149767876,0.00955093652009964,0.00041085779666900636
1920,210.91627597808838,0.08032941354857019,0.00333319790661335,0.01007678098976612,0.00036972835659980773
1930,212.09281492233276,0.08138409605470046,0.003394615277647972,0.009522831067442894,0.0003827366977930069
1940,213.18862223625183,0.07720692903754063,0.003235526755452156,0.010229475051164626,0.0003771368414163589
1950,214.35573029518127,0.07906412272359561,0.0033007897436618805,0.010181181132793427,0.0003873836249113083
1960,215.51531147956848,0.07734726337513363,0.0032654255628585815,0.00978744737803936,0.00037964023649692533
1970,216.65382432937622,0.08015503467100174,0.003235843777656555,0.009602392464876175,0.00037799626588821413
1980,217.81717562675476,0.07726988760370103,0.003318267688155174,0.009850861877202988,0.00037619397044181825
1990,218.97157406806946,0.07662936506755914,0.003291599079966545,0.009667195007205009,0.00037191249430179596
2000,220.07159423828125,0.07898737681528109,0.0033467095345258713,0.009843340516090393,0.0003714006394147873
2010,221.2767310142517,0.07848112685659075,0.003265911713242531,0.009293750673532487,0.00038437619805336
2020,222.42226696014404,0.0790880405599774,0.0032578811049461366,0.009944284707307816,0.0003818012773990631
2030,223.53750443458557,0.0777733372512092,0.0032911516726017,0.010364904999732971,0.000380760058760643
2040,224.65653896331787,0.07631741876572776,0.0033078785985708238,0.00968814231455326,0.00036626942455768584
2050,225.7741940021515,0.0792123744910737,0.003336861729621887,0.010347649082541465,0.00037403404712677
2060,226.89939665794373,0.08074796356902453,0.003237679600715637,0.009969931468367577,0.0003746259957551956
2070,228.0340118408203,0.07525844192770491,0.003298209607601166,0.009672873839735984,0.0003764651715755463
2080,229.18155241012573,0.0852036458956889,0.003349285200238228,0.009724316373467445,0.000375356525182724
2090,230.3536114692688,0.07877117188043799,0.0033024393022060396,0.009651245549321175,0.0003761257976293564
2100,231.52362298965454,0.07976897440193027,0.0031733185052871702,0.009646628424525261,0.00038871169090270996
2110,232.6951093673706,0.07858149255254612,0.003413010761141777,0.009734140336513519,0.00037555433809757235
2120,233.8416042327881,0.07720782944491425,0.003258264437317848,0.00978240668773651,0.0003725022077560425
2130,234.98561096191406,0.07874415766621136,0.0032429538667201998,0.009976158291101456,0.0003721754997968674
2140,236.11689162254333,0.07825769093851047,0.0033657267689704896,0.009861941263079644,0.00037411414086818695
2150,237.26252794265747,0.07808179516075744,0.00340917706489563,0.009932734444737435,0.0003786526620388031
2160,238.44767808914185,0.07729948019966414,0.0032805673778057098,0.009900907427072525,0.0003853358328342438
2170,239.6034255027771,0.0799537971852436,0.003349906578660011,0.010076140984892845,0.00038878805935382843
2180,240.6980059146881,0.07687757713935503,0.0034378726035356522,0.009852344915270806,0.00035573504865169523
2190,241.84479546546936,0.08118896684471053,0.003323080390691757,0.009777140244841576,0.00037514232099056244
2200,243.04988861083984,0.0759669920853184,0.0032806158065795898,0.010321160405874252,0.00040071159601211547
2210,244.15878057479858,0.07834884738543363,0.0033118601888418196,0.010116206109523773,0.00036623626947402955
2220,245.28656196594238,0.07595062067879874,0.0033429432660341263,0.009813247248530388,0.00037085041403770445
2230,246.44726610183716,0.07860215526789556,0.00331914983689785,0.009872800856828689,0.0003832690417766571
2240,247.56475520133972,0.07811127510962815,0.003258180990815163,0.009826340526342393,0.00037133730947971346
2250,248.68002915382385,0.07895792717035452,0.0032918747514486314,0.009847111254930496,0.000368325412273407
2260,249.8041844367981,0.07819184900045727,0.003192250803112984,0.010040786117315292,0.0003738243132829666
2270,250.96432948112488,0.07952168149883151,0.003271052986383438,0.009976543486118317,0.0003731228411197662
2280,252.1138367652893,0.07759212301821557,0.0032888360321521757,0.00975961722433567,0.0003974195569753647
2290,253.25709128379822,0.07766764826993318,0.0032846372574567794,0.009622923284769058,0.0003686811774969101
2300,254.26735424995422,0.07798923841886045,0.0034226637333631517,0.01007433868944645,0.00033228769898414613
2310,255.1824176311493,0.07506137524790045,0.003281893581151962,0.009602393582463264,0.00030074752867221833
2320,256.0598773956299,0.07605191267242509,0.0034052398055791854,0.009908836334943771,0.00028407834470272063
2330,256.9871926307678,0.08009450850029405,0.003299830108880997,0.01005738265812397,0.00030695125460624697
2340,257.88813829421997,0.08027113193627279,0.003340907394886017,0.009798940643668175,0.0003034457564353943
2350,258.77023434638977,0.07488893225954706,0.003282387554645538,0.009881096333265305,0.0002863403409719467
2360,259.64017367362976,0.08197068918742327,0.0032366041094064714,0.00989469513297081,0.0002867918461561203
2370,260.66449451446533,0.07506997902072503,0.003320268914103508,0.009889236465096474,0.00033196620643138885
2380,261.77528285980225,0.0783553721301952,0.0032827362418174745,0.01017916426062584,0.0003748491406440735
2390,262.9346535205841,0.07760674246204487,0.00330682247877121,0.009396473690867425,0.00037393718957901
2400,264.070867061615,0.07649946771450211,0.0032700542360544205,0.009743603691458703,0.0003851309418678284
2410,265.20906352996826,0.07731794274910134,0.003311295434832573,0.009770769625902176,0.000378129631280899
2420,266.31982684135437,0.0786676164548863,0.0032301962927535725,0.009737312007281515,0.000388579484489229
2430,267.3422975540161,0.07847017209402149,0.003314276039600372,0.009613699093461037,0.0003430251032114029
2440,268.3489384651184,0.07656902962681719,0.0032445330172777174,0.009846486151218414,0.00033125095069408417
2450,269.34795689582825,0.07662381107811829,0.0032608781009912493,0.009892125055193901,0.0003296390175819397
2460,270.1702299118042,0.07883515853106275,0.0033157210797071456,0.010023731365799904,0.0002659682184457779
2470,271.0498857498169,0.07735080665927101,0.0032121747732162475,0.009993351250886916,0.00028309263288974764
2480,271.91365242004395,0.07740248252161192,0.0033242359757423403,0.01002524048089981,0.0002733122557401657
2490,272.7230041027069,0.07649631898293575,0.0032713502645492555,0.009634855389595031,0.00026297569274902344
2500,273.5346746444702,0.07951916477601029,0.0032386217266321183,0.009474595263600349,0.0002542220056056976
2510,274.3473541736603,0.07664481910024881,0.0032623760402202607,0.009478579834103584,0.0002484466880559921
2520,275.11020970344543,0.07697436249587525,0.0032685015350580214,0.009498144313693047,0.00024266652762889863
2530,275.86996603012085,0.07634268831408145,0.0033001575618982317,0.009830432385206223,0.0002421122044324875
2540,276.63896012306213,0.07720568908667293,0.00329805389046669,0.009876741468906403,0.0002466052770614624
2550,277.41528701782227,0.07857843544218848,0.003318064287304878,0.009855523705482483,0.0002475854009389877
2560,278.1766653060913,0.07764272859171034,0.0033337950706481935,0.010068811476230621,0.00024201832711696626
2570,278.9679732322693,0.07935406852703565,0.0033115703612565995,0.009903674945235252,0.00024797916412353513
2580,279.7598366737366,0.0768583249176124,0.003328923135995865,0.009599337354302406,0.00024561695754528047
2590,280.534948348999,0.07802545624243104,0.0034370079636573793,0.01013859398663044,0.0002538446336984634
2600,281.31995463371277,0.07987443327148405,0.003391005843877792,0.009717828035354615,0.00024900585412979126
2610,282.13110995292664,0.07660864041343472,0.0032786890864372254,0.009280692413449287,0.0002530507743358612
2620,282.8771240711212,0.0773257141802989,0.0032608117908239365,0.010290830209851266,0.00024684295058250425
2630,283.66176676750183,0.08146807042762837,0.0033134311437606812,0.00964631587266922,0.00024880431592464445
2640,284.42070031166077,0.078068243943245,0.003293803334236145,0.009734472259879112,0.0002445213496685028
2650,285.1911506652832,0.07557035077499055,0.003357626497745514,0.010033517330884933,0.0002468492835760117
2660,285.990683555603,0.07866832037319803,0.0032963160425424575,0.009659019112586976,0.00025075450539588926
2670,286.77265548706055,0.07884782085158841,0.0032549094408750533,0.009927818924188614,0.0002523515373468399
2680,287.549946308136,0.08022676105150787,0.003277619555592537,0.009759879112243653,0.0002528134733438492
2690,288.31899094581604,0.07592343787399196,0.0032700669020414353,0.010073015838861466,0.0002561155706644058
2700,289.09767603874207,0.07726796894289686,0.003319237008690834,0.010027749836444855,0.00025122389197349546
2710,289.8738100528717,0.07672944845824123,0.0033578336238861083,0.009753095731139184,0.0002531919628381729
2720,290.6859276294708,0.0770886876804329,0.0033280778676271438,0.009798722714185715,0.00025587305426597593
2730,291.5179235935211,0.07495721199409396,0.003347792848944664,0.00973420925438404,0.00027225688099861143
2740,292.37248396873474,0.07602759044946625,0.003383760526776314,0.009763922914862633,0.0002744242548942566
2750,293.20028710365295,0.0779224693933138,0.0032965146005153657,0.010030030459165572,0.00027072131633758544
2760,294.03282833099365,0.07716575195691726,0.003311462327837944,0.010124867409467697,0.00027238428592681887
2770,294.8278305530548,0.07796209917317772,0.0032905898988246918,0.009566620737314225,0.00026581883430480956
2780,295.70412707328796,0.07892381457128053,0.0032938037067651747,0.009772279858589172,0.0002805881202220917
2790,296.7100760936737,0.07972139969588234,0.0031881630420684814,0.009909393638372422,0.0003357451409101486
2800,297.7556777000427,0.07800234846344108,0.003263586387038231,0.010278570279479027,0.00035991035401821135
2810,298.7373077869415,0.08019284042068883,0.0033444736152887346,0.009811261296272277,0.00032613910734653474
2820,299.72804951667786,0.07897012308885079,0.0033141426742076875,0.010108725726604461,0.00032727792859077454
2830,300.7056429386139,0.07771484492607775,0.0033500831574201583,0.01037861593067646,0.00034063197672367095
2840,301.88927459716797,0.07842847266375272,0.0032901082187891005,0.009710158035159112,0.0003973595798015594
2850,303.03219771385193,0.08084622525299381,0.0032773464918136597,0.010243493691086769,0.00040112733840942384
2860,304.2602300643921,0.07912204504851193,0.003364451602101326,0.009405917301774026,0.0004091549664735794
2870,305.3703546524048,0.07926051613666023,0.0033505082130432127,0.009756236523389816,0.0003725782036781311
2880,306.53723096847534,0.08303794503594215,0.003268752619624138,0.009445283561944962,0.00038743242621421816
2890,307.6606559753418,0.07845487022963103,0.0033098239451646804,0.009869785234332084,0.00037754252552986146
2900,308.8078815937042,0.07865051924424507,0.0033211421221494676,0.009965414553880692,0.0003907449543476105
2910,309.935599565506,0.08078822229886777,0.0032204512506723406,0.009885142371058465,0.0003843989223241806
2920,311.0339033603668,0.07903525939965979,0.003311452642083168,0.010053782537579537,0.00038019418716430666
2930,312.100688457489,0.07671285336165957,0.0033467337489128113,0.01016540452837944,0.00038135536015033723
2940,313.24046325683594,0.07678528675107107,0.0033229652792215346,0.00986136794090271,0.00038330033421516416
2950,314.3423662185669,0.0778292397551621,0.0033087026327848434,0.009702461957931518,0.0003715872764587402
2960,315.44233083724976,0.07700201237032357,0.0033477071672677996,0.010210111364722252,0.0003820788115262985
2970,316.5557110309601,0.07861005786564511,0.0032945603132247927,0.009979883208870888,0.00037257298827171327
2980,317.6839702129364,0.07729965241585533,0.0032734468579292296,0.009582199156284332,0.0003733634948730469
2990,318.761611700058,0.07663038911850673,0.003271886333823204,0.010009708255529404,0.00037518218159675597
3000,319.8053481578827,0.07856792502719351,0.003307823836803436,0.01022648736834526,0.0003636874258518219
3010,320.85403990745544,0.07839198247077366,0.0032391663640737533,0.009783962368965149,0.0003606665879487991
3020,322.73016571998596,0.0779161007463108,0.0032961870095244163,0.009884246907852313,0.0006808764956615589
3030,326.0171329975128,0.0781202906142698,0.0033589884638786315,0.009700903668999672,0.001204194501042366
3040,329.2053589820862,0.07527435437567156,0.003270755335688591,0.009466570988297462,0.0011461760848760604
3050,332.552503824234,0.07661910357503152,0.00333758108317852,0.009859202057123184,0.001204497367143631
3060,335.87251901626587,0.07772605946572501,0.0032697007060050963,0.00972554311156273,0.0012126732617616653
3070,339.15216612815857,0.0765784964107992,0.0033523857593536375,0.00983707420527935,0.0011992525309324265
3080,342.42831921577454,0.07692433560143412,0.003375435248017311,0.009626323729753495,0.0012014474719762801
3090,345.7954378128052,0.07730210647227129,0.0033796411007642746,0.010180917754769325,0.0012083489447832108
3100,349.1009519100189,0.07757365105874642,0.003260897845029831,0.009924517199397086,0.001193324849009514
3110,352.39292192459106,0.07647844834730787,0.003211390972137451,0.009778300300240517,0.0011989247053861619
3120,355.7120506763458,0.07803823082037432,0.003278587758541107,0.009879628568887711,0.0012034744024276734
3130,359.0944905281067,0.07535448078247092,0.003371993452310562,0.009678399562835694,0.0012107722461223603
3140,362.3510000705719,0.08124785746814679,0.0032322958111763002,0.00981263369321823,0.001177012547850609
3150,365.5813069343567,0.07715596374260661,0.003316236659884453,0.009765299409627915,0.0011626146733760834
3160,368.6605808734894,0.07614929886629077,0.0033370137214660646,0.009800421074032784,0.0011262185871601105
3170,371.724702835083,0.07793192440105202,0.003263915330171585,0.01005660742521286,0.0011192813515663147
3180,374.8864347934723,0.07486393682761058,0.0033787935972213745,0.00973162092268467,0.0011334724724292756
3190,377.93582558631897,0.07797002505715993,0.003355458751320839,0.0098813034594059,0.0011028710752725602
3200,380.93149065971375,0.07577720377775606,0.0033647939562797546,0.010038574039936066,0.001106477901339531
3210,383.95630526542664,0.0759268046524881,0.003392615541815758,0.009771427139639854,0.0010935112833976746
3220,386.9560775756836,0.0799230336825344,0.0033034466207027434,0.009642653912305833,0.0010932337492704392
3230,389.7300021648407,0.07988897222396145,0.0032090242952108384,0.00988396443426609,0.0010036204010248184
3240,392.684424161911,0.07907055011559366,0.003300927206873894,0.009635331481695176,0.0010687284171581267
3250,395.6099569797516,0.07656972353087878,0.0033405791968107224,0.010037775337696075,0.001084548607468605
3260,398.5235390663147,0.07767642607909053,0.0032842103391885757,0.009858397394418716,0.0010748658329248427
3270,401.5486435890198,0.08200083574813684,0.0032592181116342543,0.01010986752808094,0.0011058844625949859
3280,404.6752197742462,0.07456460811922014,0.003356971591711044,0.009781349450349808,0.0011205710470676422
3290,407.796350479126,0.07606671009033483,0.0033317051827907564,0.009963436424732209,0.0011464476585388184
3300,411.18050622940063,0.07796343275379226,0.0033311907202005385,0.009647512435913086,0.0012293264269828796
3310,414.5807614326477,0.0773554984155485,0.0032821930944919586,0.00961100272834301,0.0012325003743171691
3320,417.9570965766907,0.07894513031306709,0.003307601436972618,0.009766280278563499,0.0012153666466474533
3330,421.26411509513855,0.07787535733161194,0.0031992435455322266,0.010070289298892022,0.0012061882764101029
3340,424.6378562450409,0.07932568609991068,0.0032001882791519165,0.009769941866397857,0.0012235000729560852
3350,427.9550995826721,0.08197171226338203,0.003311607614159584,0.009877750650048256,0.0012070287019014358
3360,431.2564380168915,0.07834877993356798,0.003326106444001198,0.009912550821900368,0.0012068022042512894
3370,434.4647738933563,0.07469128924688286,0.0033037886023521423,0.009950751438736916,0.0011844608932733535
3380,437.79141449928284,0.07820846752974217,0.003267449513077736,0.009522717818617821,0.001203296333551407
3390,441.11678552627563,0.07993909730687934,0.0033102866262197496,0.009631761536002158,0.0012067105621099473
3400,444.3223080635071,0.0786977115844569,0.0032190259546041487,0.009942522644996643,0.001199570670723915
3410,447.57311725616455,0.07638057563316929,0.0033359594643116,0.009914087131619453,0.0011820308864116669
3420,448.5054223537445,0.07899640002777164,0.0032678242772817613,0.010417148470878601,0.00032122395932674406
3430,449.55861496925354,0.077077015153508,0.003322072699666023,0.009911386668682099,0.0003449305891990662
3440,450.509526014328,0.0781528952182334,0.003365746513009071,0.010055825486779213,0.00031092241406440737
3450,451.45193314552307,0.07908060444495275,0.0033444102853536608,0.010129640996456146,0.0003201674669981003
3460,452.3858149051666,0.07708726253510388,0.003324943780899048,0.009929057955741883,0.0003136087208986282
3470,453.3030126094818,0.07688181222625097,0.00335114561021328,0.010130880028009414,0.00030890852212905884
3480,454.244756937027,0.07780875516080277,0.003265262022614479,0.00935240127146244,0.0003073342144489288
3490,455.1513135433197,0.07883421897175222,0.003358360007405281,0.009827207028865814,0.0003055643290281296
3500,456.11834239959717,0.07672382777334383,0.0033587560057640074,0.00961334966123104,0.00031436122953891753
3510,457.0934672355652,0.08233896994623144,0.0032684843987226485,0.009757076576352119,0.0003162626177072525
3520,457.994745016098,0.07922746702870771,0.003372342884540558,0.010131922364234925,0.00030410848557949066
3530,458.9145474433899,0.07621613383708836,0.003269515559077263,0.009931009635329247,0.00030402541160583495
3540,459.87328457832336,0.08015271745849079,0.003261282667517662,0.010036301985383033,0.0003178991377353668
3550,460.8907504081726,0.07786161477083917,0.0032926220446825027,0.009670384600758553,0.00033972263336181643
3560,461.87232756614685,0.07688302675296503,0.003274981677532196,0.009494072198867798,0.00031539089977741244
3570,462.79387736320496,0.0771244322889227,0.0033147215843200685,0.009943211078643798,0.0003109712153673172
3580,463.7381224632263,0.07854792320548801,0.003320419415831566,0.009963639453053475,0.00031626448035240176
3590,464.70393419265747,0.07888040488489463,0.0031937528401613235,0.00986165925860405,0.00032401308417320254
3600,465.62775921821594,0.07840612671369125,0.003218141570687294,0.010175691917538643,0.00030623674392700196
3610,466.5684268474579,0.07937500578850296,0.0033142950385808946,0.010036241635680199,0.00031398795545101166
3620,467.4467349052429,0.07939688383269741,0.003247489366266463,0.010144129657634988,0.00031118791688371586
3630,468.3630955219269,0.07767348922324127,0.0033019855618476868,0.00981116183102131,0.00031100064516067507
3640,469.22698521614075,0.07806813016227143,0.0032564420253038406,0.01024806648492813,0.00029760003089904783
3650,470.1775176525116,0.07836745580842479,0.003337195888161659,0.009853449836373328,0.0003111977130174637
3660,471.0899295806885,0.07759875547901483,0.003376017510890961,0.009915449097752571,0.00030839331448078154
3670,472.01547050476074,0.07771097889445863,0.003331749886274338,0.009382583200931549,0.0003150817006826401
3680,472.92078280448914,0.07894041142329392,0.0031810149550437926,0.00949118286371231,0.00030568353831768037
3690,473.8554699420929,0.07634354322393162,0.003366422653198242,0.010321011394262313,0.0003087770193815231
3700,474.8119101524353,0.07674882879339331,0.003282845765352249,0.009680841863155366,0.00031168423593044283
3710,475.71496653556824,0.0753710268698934,0.0033406972885131835,0.0096708495169878,0.0003056779503822327
3720,476.6300663948059,0.07881579541492673,0.0033195503056049347,0.010000606253743171,0.00031058639287948606
3730,477.60973954200745,0.07738296497061808,0.003229089453816414,0.009842703863978387,0.0003153737634420395
3740,478.57961535453796,0.07714119986409783,0.003357390686869621,0.009856652095913887,0.0003256920725107193
3750,479.4773688316345,0.08027659533919085,0.003252391517162323,0.010142869502305984,0.00029960311949253084
3760,480.46147060394287,0.07711713558923629,0.0032254613935947416,0.009489426389336586,0.0003334585577249527
3770,481.3527925014496,0.07687089295083249,0.003273048996925354,0.01004544198513031,0.0003041777759790421
3780,482.25230741500854,0.07782943913965029,0.003319154307246208,0.009764031320810319,0.00030338801443576815
3790,483.1624162197113,0.07668689970282286,0.003242882341146469,0.009621180221438408,0.0003057718276977539
3800,484.0794999599457,0.07810390012808296,0.0032812289893627165,0.010213683918118477,0.0003183759748935699
3810,484.971798658371,0.07854674020308447,0.003324805200099945,0.009872464463114738,0.0003023643046617508
3820,485.8826959133148,0.0770069347585879,0.003325418755412102,0.009875166416168212,0.0003017820417881012
3830,486.74661207199097,0.07660044726677549,0.0033322487026453016,0.010101776942610741,0.00029713809490203855
3840,487.58603715896606,0.07885480577266211,0.0033776093274354934,0.010108694061636924,0.00029444247484207154
3850,488.421959400177,0.07612050012252633,0.0033064566552639006,0.009944329783320428,0.00028263889253139497
3860,489.2269797325134,0.07919279578976629,0.003321557119488716,0.009781704097986222,0.0002660170197486877
3870,489.95606684684753,0.07874806340820947,0.0032374754548072813,0.009855859354138375,0.00025688931345939635
3880,490.7020778656006,0.0769233496627522,0.0033661499619483948,0.009753229469060898,0.00025422684848308563
3890,491.4771075248718,0.07545841347461614,0.003422136232256889,0.009854283183813095,0.0002626102417707443
3900,492.2167007923126,0.07749776165828232,0.0032903119921684266,0.009793559834361077,0.00025530010461807253
3910,492.9327886104584,0.07932626373709414,0.00326966717839241,0.010051338747143746,0.00024614594876766206
3920,493.66754817962646,0.08115715095577655,0.0031502161175012587,0.009423357993364334,0.00024442486464977265
3930,494.361775636673,0.07917265845190372,0.0033445350825786592,0.009739707037806512,0.00024040937423706055
3940,495.04852056503296,0.0756272635525298,0.003338930010795593,0.01011347696185112,0.00023521482944488525
3950,495.7356035709381,0.07610816459233836,0.0033718887716531754,0.009782302007079125,0.0002281222492456436
3960,496.4098479747772,0.07582804649048253,0.0034149564802646638,0.009441812708973884,0.00022742338478565216
3970,497.08687019348145,0.07719955311487912,0.0033284783363342284,0.009849735721945762,0.00022937916219234467
3980,497.7727835178375,0.07745169516698372,0.0032509230077266693,0.009806083887815476,0.00023307651281356812
3990,498.49831461906433,0.07722955162033912,0.0033258277922868728,0.009310634061694145,0.0002454575151205063
4000,499.2020649909973,0.07742392471731199,0.0033008769154548646,0.009897302836179733,0.00024449750781059266
4010,499.92062163352966,0.07651933780052991,0.0032725825905799864,0.010003312677145004,0.0002480503171682358
4020,500.64637637138367,0.07768878466509023,0.0032338201999664307,0.00949515551328659,0.00025264248251914977