#=== ait_logic_scratch_aug_w10_30b30a ===
#
#Metrics:
#  Accuracy: 0.8957 | Macro Precision: 0.6431 | Macro Recall: 0.9780 | Macro F1: 0.6931
#  False Alarms: 14722 | False Alarm Rate: 0.1102
#  Missed Attacks: 0 | Detection Rate: 1.0000
#
#Per-Class Metrics:
#  [phase1] P=0.2701 | R=1.0000 | F1=0.4253 | 
#  [phase2] P=0.9991 | R=1.0000 | F1=0.9996 | 
#  [phase3] P=0.8462 | R=1.0000 | F1=0.9167 | 
#  [phase4] P=0.1003 | R=1.0000 | F1=0.1824 | 
#
#Confusion Matrix:
#         	      	      	      	Actual	      	      
#         	      	benign	phase1	phase2	phase3	phase4
#         	benign	118860	     0	     0	     0	     0
#Predicted	phase1	 13902	  5144	     0	     0	     0
#         	phase2	     2	     0	  2268	     0	     0
#         	phase3	     2	     0	     0	    11	     0
#         	phase4	   816	     0	     0	     0	    91
i,time,loss,ground_time,compile_time,eval_time
10,0.9281489849090576,0.49336425586952826,0.0025079833851619207,0.00033542791550809697,0.0003244129094210538
20,1.7666101455688477,0.5216340406739619,0.002818389067595655,0.0003999942066994581,0.00036199123344638135
30,2.6022560596466064,0.5350533443503082,0.002764579315077175,0.00038340829990126865,0.0003630228679288517
40,3.335594654083252,0.5305279405671172,0.002774234827269207,0.00036580234088680964,0.00034764246507124443
50,4.1662609577178955,0.5060101265262347,0.0027779545973647735,0.00038128515536134904,0.0003584912554784254
60,4.998776435852051,0.49908471297239887,0.002779108793898062,0.0004030863669785585,0.0003622729669917713
70,5.771208763122559,0.4880391790647991,0.002767360989343036,0.0003992059352723036,0.0003633110360665755
80,6.597525119781494,0.48071110919117926,0.0027606455439871005,0.00036238299852067767,0.00035855641419237305
90,7.42336106300354,0.46582418439211326,0.0027676423503593976,0.00042045187543738975,0.00035913071849129417