COMMAND: uv run python experiments/models/decision_tree.py experiments/preprocessing/processed_data/host_temporal/unbalanced/phase_3/ False
START: 20251215T153725Z

Data shapes:
(61862, 100) (61862,) (61862,)
(63963, 100) (63963,) (63963,)

Training Classifier...
Training completed.
Testing Classifier...
Testing completed.
Evaluating Classifier...
Evaluation completed.

=== Decision Tree Classifier Results ===
Accuracy:  0.9999
Precision: 0.6111
Recall:    0.8462
F1-Score:  0.7097
Confusion Matrix:
[[63943     7]
 [    2    11]]

Top 10 feature indices: [32  7 11  0  2 79 38 83  1 96]
Number of features: 100
categorical__local_orig_F: 0.3548
numerical__resp_ip_bytes: 0.2905
categorical__service_-: 0.1334
numerical__duration: 0.1035
numerical__resp_bytes: 0.0837
categorical__history_ShAdDFaf: 0.0181
categorical__history_D: 0.0088
categorical__history_ShAdDaFf: 0.0072
numerical__orig_bytes: 0.0000
categorical__tunnel_parents_-: 0.0000

Number of misclassified samples: 9
Misclassified samples per phase:
Phase 0: 0 samples
Phase 1: 0 samples
Phase 2: 7 samples
Phase 3: 2 samples
Phase 4: 0 samples
Phase 5: 0 samples

Misclassified samples plot saved to: experiments/results/decision_tree/no_sample_weights/host_temporal/unbalanced/phase_3/misclassified_samples.png

END: 20251215T153727Z
RETURN_CODE: 0
