#
#=== Dataset results ===
#
#Accuracy: 0.9989
#Micro F1: 0.9989 | Macro F1: 0.4612 | Weighted F1: 0.9986
#
#Per-class metrics:
#  [benign] P=0.9976 | R=0.9997 | F1=0.9986 | Support=20900
#  [phase1] P=1.0000 | R=0.6250 | F1=0.7692 | Support=8
#  [phase2] P=0.0000 | R=0.0000 | F1=0.0000 | Support=9
#  [phase3] P=0.0000 | R=0.0000 | F1=0.0000 | Support=14
#  [phase4] P=0.0000 | R=0.0000 | F1=0.0000 | Support=7
#  [phase5] P=0.9998 | R=0.9994 | F1=0.9996 | Support=29389
#Confusion Matrix:
#         	      	      	      	Actual	      	      	      
#         	      	benign	phase1	phase2	phase3	phase4	phase5
#         	benign	 20893	     3	     9	    14	     7	    17
#         	phase1	     0	     5	     0	     0	     0	     0
#Predicted	phase2	     0	     0	     0	     0	     0	     0
#         	phase3	     0	     0	     0	     0	     0	     0
#         	phase4	     0	     0	     0	     0	     0	     0
#         	phase5	     7	     0	     0	     0	     0	 29372
i,time,loss,ground_time,compile_time,eval_time
100,17.66592240333557,0.6930642876774072,0.0013654744625091622,0.00027413516044617013,0.0003188864707946779
200,33.49373698234558,0.3467222608742304,0.0016286029815673973,0.00025733065605163864,0.00025149865150451647
300,50.94296908378601,0.08842382779926992,0.0014560337543487638,0.0002880485534668014,0.00033297967910766546
400,72.62742757797241,0.03298974563964294,0.0016454844951629825,0.00032490029335022354,0.0004200253963470464
500,90.35864901542664,0.01627970943074615,0.0018553299903869953,0.00027609643936157515,0.00030249524116516283
600,101.83800387382507,0.011586212362890364,0.0012518774509430019,0.0002496849060058623,0.0002292753219604496
700,119.51466035842896,0.010571086250456574,0.0014890092849731559,0.0002971401214599643,0.0003616107940673833
800,139.68302202224731,0.00506080670402298,0.0020901004314422774,0.0003182745456695598,0.000422259044647215
900,160.62824273109436,0.007609530543923029,0.002056463718414335,0.0002987894535064727,0.00038009529113769625
1000,176.48650574684143,0.010697432465822204,0.0014630165576934944,0.00029479966163635556,0.000328866100311279
1100,193.10413932800293,0.01191644208123762,0.0014958319664001637,0.0002959855079650919,0.00037015256881713863
1200,206.86003065109253,0.004227518229927227,0.0014496978759765764,0.0002878308773040804,0.00030316662788391105
1300,224.7813858985901,0.006611532844253816,0.0015407002925872987,0.0003057930946350135,0.00041818518638610887
1400,239.54432320594788,0.006930667008819,0.0014794343471527236,0.00029418535232544245,0.00033975691795349103
1500,249.7103853225708,0.010617752142979952,0.0013753418445587235,0.00027458910942077956,0.00024175853729248048