COMMAND: uv run python experiments/models/random_forest.py experiments/preprocessing/processed_data/stratified/sampled/phase_5/ True
START: 20251216T074443Z

Data shapes:
(70242, 101) (70242,) (70242,)
(50330, 101) (50330,) (50330,)
Training Classifier...
Using class weights: [0.63576626 0.63576626 0.63576626 ... 2.3414     2.3414     2.3414    ]
Training completed.
Testing Classifier...
Testing completed.
Evaluating Classifier...
Evaluation completed.

=== Random Forest Classifier Results ===
Accuracy:  0.6809
Precision: 0.4567
Recall:    0.9998
F1-Score:  0.6270
Confusion Matrix:
[[20774 16055]
 [    3 13498]]

Top 10 feature indices: [ 5 11  0 25 39  7 37  2  6 31]
Number of features: 101
numerical__orig_ip_bytes: 0.1299
categorical__service_-: 0.1166
numerical__duration: 0.1018
categorical__conn_state_OTH: 0.0974
categorical__history_A: 0.0894
numerical__resp_ip_bytes: 0.0626
categorical__local_resp_T: 0.0525
numerical__resp_bytes: 0.0463
numerical__resp_pkts: 0.0439
categorical__conn_state_SF: 0.0408

Number of misclassified samples: 16058
Misclassified samples per phase:
Phase 0: 16055 samples
Phase 1: 0 samples
Phase 2: 0 samples
Phase 3: 0 samples
Phase 4: 0 samples
Phase 5: 3 samples

Misclassified samples plot saved to: experiments/results/random_forest/sample_weights/stratified/sampled/phase_5/misclassified_samples.png

END: 20251216T074446Z
RETURN_CODE: 0
