COMMAND: uv run python experiments/models/random_forest.py experiments/preprocessing/processed_data/host_temporal/sampled/upsample/ True
START: 20251216T074505Z

Data shapes:
(141816, 100) (141816,) (141816,)
(63963, 100) (63963,) (63963,)
Training Classifier...
Using class weights: [2.27539069 2.27539069 2.27539069 ... 0.64081408 0.64081408 0.64081408]
Training completed.
Testing Classifier...
Testing completed.
Evaluating Classifier...
Evaluation completed.

=== Random Forest Classifier Results ===
Accuracy:  0.3818
Precision: 0.0734
Recall:    0.9927
F1-Score:  0.1367
Confusion Matrix:
[[21289 39520]
 [   23  3131]]

Top 10 feature indices: [11  2 13  7 32 33  1  0  5 29]
Number of features: 100
categorical__service_-: 0.1876
numerical__resp_bytes: 0.1444
categorical__service_dns: 0.0942
numerical__resp_ip_bytes: 0.0784
categorical__local_orig_F: 0.0766
categorical__local_orig_T: 0.0697
numerical__orig_bytes: 0.0463
numerical__duration: 0.0434
numerical__orig_ip_bytes: 0.0362
categorical__conn_state_SF: 0.0353

Number of misclassified samples: 39543
Misclassified samples per phase:
Phase 0: 39520 samples
Phase 1: 0 samples
Phase 2: 9 samples
Phase 3: 0 samples
Phase 4: 11 samples
Phase 5: 3 samples

Misclassified samples plot saved to: experiments/results/random_forest/sample_weights/host_temporal/sampled/upsample/misclassified_samples.png

END: 20251216T074509Z
RETURN_CODE: 0
