COMMAND: uv run python experiments/models/random_forest.py experiments/preprocessing/processed_data/stratified/sampled/phase_3/ True
START: 20251216T074437Z

Data shapes:
(90474, 101) (90474,) (90474,)
(50330, 101) (50330,) (50330,)
Training Classifier...
Using class weights: [0.59937197 0.59937197 0.59937197 ... 3.0158     3.0158     3.0158    ]
Training completed.
Testing Classifier...
Testing completed.
Evaluating Classifier...
Evaluation completed.

=== Random Forest Classifier Results ===
Accuracy:  0.9999
Precision: 0.9231
Recall:    0.8571
F1-Score:  0.8889
Confusion Matrix:
[[50315     1]
 [    2    12]]

Top 10 feature indices: [ 5 34 36 37 35 11 39 25  7 13]
Number of features: 101
numerical__orig_ip_bytes: 0.1353
categorical__local_orig_F: 0.1065
categorical__local_resp_F: 0.0885
categorical__local_resp_T: 0.0840
categorical__local_orig_T: 0.0836
categorical__service_-: 0.0574
categorical__history_A: 0.0550
categorical__conn_state_OTH: 0.0525
numerical__resp_ip_bytes: 0.0427
categorical__service_dns: 0.0397

Number of misclassified samples: 3
Misclassified samples per phase:
Phase 0: 0 samples
Phase 1: 0 samples
Phase 2: 1 samples
Phase 3: 2 samples
Phase 4: 0 samples
Phase 5: 0 samples

Misclassified samples plot saved to: experiments/results/random_forest/sample_weights/stratified/sampled/phase_3/misclassified_samples.png

END: 20251216T074440Z
RETURN_CODE: 0
