COMMAND: uv run python experiments/models/random_forest.py experiments/preprocessing/processed_data/host_temporal/unbalanced/phase_3/ True
START: 20251216T074456Z

Data shapes:
(61862, 100) (61862,) (61862,)
(63963, 100) (63963,) (63963,)
Training Classifier...
Using class weights: [0.50017788 0.50017788 0.50017788 ... 0.50017788 0.50017788 0.50017788]
Training completed.
Testing Classifier...
Testing completed.
Evaluating Classifier...
Evaluation completed.

=== Random Forest Classifier Results ===
Accuracy:  1.0000
Precision: 0.9231
Recall:    0.9231
F1-Score:  0.9231
Confusion Matrix:
[[63949     1]
 [    1    12]]

Top 10 feature indices: [ 5 32 33 35 11 24 13 34  7  0]
Number of features: 100
numerical__orig_ip_bytes: 0.1410
categorical__local_orig_F: 0.0966
categorical__local_orig_T: 0.0940
categorical__local_resp_T: 0.0891
categorical__service_-: 0.0614
categorical__conn_state_OTH: 0.0608
categorical__service_dns: 0.0512
categorical__local_resp_F: 0.0502
numerical__resp_ip_bytes: 0.0475
numerical__duration: 0.0374

Number of misclassified samples: 2
Misclassified samples per phase:
Phase 0: 0 samples
Phase 1: 0 samples
Phase 2: 1 samples
Phase 3: 1 samples
Phase 4: 0 samples
Phase 5: 0 samples

Misclassified samples plot saved to: experiments/results/random_forest/sample_weights/host_temporal/unbalanced/phase_3/misclassified_samples.png

END: 20251216T074459Z
RETURN_CODE: 0
