#=== ait_flags_neg_scratch_10data_w10 ===
#
#Metrics:
#  Accuracy: 0.9707 | Macro Precision: 0.6048 | Macro Recall: 0.9649 | Macro F1: 0.6100
#  False Alarms: 4974 | False Alarm Rate: 0.0311
#  Missed Attacks: 558 | Detection Rate: 0.9804
#
#Per-Class Metrics:
#  [phase1] P=0.9981 | R=1.0000 | F1=0.9991 | 
#  [phase2] P=0.9834 | R=0.9754 | F1=0.9794 | 
#  [phase3] P=0.0410 | R=1.0000 | F1=0.0789 | 
#  [phase4] P=0.0051 | R=0.8800 | F1=0.0100 | 
#
#Confusion Matrix:
#         	      	      	      	Actual	      	      
#         	      	benign	phase1	phase2	phase3	phase4
#         	benign	155032	     0	   555	     0	     3
#Predicted	phase1	    11	  5871	     0	     0	     0
#         	phase2	   372	     0	 22022	     0	     0
#         	phase3	   257	     0	     0	    11	     0
#         	phase4	  4334	     0	     0	     0	    22
i,time,loss,ground_time,compile_time,eval_time
100,11.52582049369812,0.6380234338156879,0.0011222555160522866,0.000582442951202362,0.00021895070075988746
200,23.047532558441162,0.5363737436232623,0.0011426344871521392,0.0005979250431060499,0.00022419376373290973
300,34.58214330673218,0.30394023464265046,0.0011370305061340691,0.0005925256252288504,0.00022440633773803748
400,46.5854115486145,0.19533022634153896,0.0011206064224243534,0.0005798206806182554,0.00023423190116882354
500,64.43709921836853,0.14733073525319923,0.0011346688270569226,0.0005900252819060971,0.00037028708457946806
600,81.59939432144165,0.11061153314596595,0.001144161796569862,0.0005979049682616887,0.0003644416332244876
700,99.31734824180603,0.09671918053109038,0.0011406601905823172,0.0005950116634368585,0.0003690301418304438
800,115.9565212726593,0.09378044486791623,0.0011355565547943476,0.0005904947280883485,0.00032930631637573086