#=== ait_flags_neg_scratch_50data_w10 ===
#
#Metrics:
#  Accuracy: 0.9971 | Macro Precision: 0.5981 | Macro Recall: 0.5965 | Macro F1: 0.5973
#  False Alarms: 122 | False Alarm Rate: 0.0008
#  Missed Attacks: 418 | Detection Rate: 0.9853
#
#Per-Class Metrics:
#  [phase1] P=0.9981 | R=1.0000 | F1=0.9991 | 
#  [phase2] P=0.9950 | R=0.9831 | F1=0.9890 | 
#  [phase3] P=0.0000 | R=0.0000 | F1=0.0000 | 
#  [phase4] P=0.0000 | R=0.0000 | F1=0.0000 | 
#
#Confusion Matrix:
#         	      	      	      	Actual	      	      
#         	      	benign	phase1	phase2	phase3	phase4
#         	benign	159884	     0	   382	    11	    25
#Predicted	phase1	    11	  5871	     0	     0	     0
#         	phase2	   111	     0	 22195	     0	     0
#         	phase3	     0	     0	     0	     0	     0
#         	phase4	     0	     0	     0	     0	     0
i,time,loss,ground_time,compile_time,eval_time
100,8.73673415184021,0.6480245404038578,0.003035070657730121,0.00021341738700866929,0.00017830028533935568
200,20.58625078201294,0.5096832673141034,0.003055020332336456,0.00021525421142578366,0.0002747259616851805
300,32.93925642967224,0.20260576294953353,0.003049892759323139,0.0002151791095733659,0.00028473892211914025
400,45.3044319152832,0.08519165238154529,0.003139931154251123,0.00021679563522339075,0.00028655519485473556
500,57.92094850540161,0.040147298717674855,0.0030777496337890914,0.00021642618179321512,0.00029250173568725626
600,70.72577404975891,0.02729782503009119,0.0030705977439880634,0.0002155533313751247,0.00029689931869506794
700,82.17273569107056,0.020889333033464935,0.003103911161422757,0.0002160746097564714,0.00024829001426696757
800,94.36508250236511,0.020022176380643943,0.003044538736343411,0.00021574392318725807,0.00025454177856445314
900,106.382803440094,0.023633842464842018,0.003029815769195579,0.00021456670761108582,0.00025157079696655244
1000,118.50194191932678,0.02245752551702026,0.0031191321372986093,0.0002163545608520526,0.0002511746883392332
1100,130.51663088798523,0.021548085378526594,0.003153958988189723,0.00021734290122986039,0.0002465531826019284
1200,142.39982843399048,0.01791459953214144,0.0031430977344513184,0.0002170236587524432,0.00023792243003845204
1300,154.7535481452942,0.013769265563068985,0.003099914121627824,0.00021618781089782904,0.00025082669258117655
1400,167.36176753044128,0.019993307897939305,0.0030831244468689134,0.00021535882949829275,0.0002570331573486327
1500,179.75259375572205,0.014239346018812285,0.003064416122436547,0.0002152615547180196,0.0002474748134613031
1600,192.23230648040771,0.020162124994781153,0.003030336523056058,0.00021484193801880102,0.000251092672348022
1700,204.9094820022583,0.016552874803664963,0.0030469666481018187,0.00021509280204773146,0.0002575786590576167
1800,217.4726278781891,0.01854847791553766,0.0030401493549347186,0.00021544227600097884,0.0002494637012481685
1900,230.17663526535034,0.022436287658306357,0.0030623665809631556,0.00021570286750793643,0.0002566850185394277
2000,242.58225750923157,0.0155413279479626,0.003030271816253685,0.0002152182102203389,0.0002476450920104983
2100,255.2694911956787,0.01386895233452833,0.0030928955554962406,0.00021575694084167708,0.0002549324989318845
2200,268.0950186252594,0.014938197959643275,0.003151802301406883,0.00021686925888061718,0.0002605483531951906
2300,280.77060866355896,0.01573848949521107,0.003159845018386874,0.0002172000408172627,0.00025518326759338443
2400,291.2059347629547,0.0100112293663733,0.0030822624206543188,0.00021588172912597836,0.00019300804138183602
2500,301.6580276489258,0.015112557638030922,0.0030770224094391102,0.00021576123237610092,0.0002006538867950446
2600,314.18886947631836,0.016147528493577284,0.003004397678375266,0.00021424322128296157,0.00025113725662231527
2700,327.32954263687134,0.018355898069439717,0.003059561109542871,0.00021530518531799524,0.00026509990692138665
2800,340.1668038368225,0.014972740786672602,0.003072124576568623,0.00021499395370483575,0.00025779995918273797
2900,352.8882215023041,0.0134207110872444,0.002973237562179586,0.00021361560821533395,0.0002524145126342771