#=== darpa_temp_context_pretrained_base_w10_full_0.001lr ===
#
#Metrics:
#  Accuracy: 0.9995 | Micro F1: 0.9995 | Macro F1: 0.8966 | 
#  False Alarms: 1 | False Alarm Rate: 0.0001
#  Missed Attacks: 18 | Detection Rate: 0.9992
#
#Per-Class Metrics:
#  [phase1] P=0.8333 | R=0.8333 | F1=0.8333 | 
#  [phase2] P=1.0000 | R=0.6667 | F1=0.8000 | 
#  [phase3] P=1.0000 | R=0.9000 | F1=0.9474 | 
#  [phase4] P=1.0000 | R=0.6667 | F1=0.8000 | 
#  [phase5] P=1.0000 | R=0.9995 | F1=0.9997 | 
#
#Inference time:
#  Average: 0.0052 | Total: 194.5511
#
#Confusion Matrix:
#         	      	      	      	Actual	      	      	      
#         	      	benign	phase1	phase2	phase3	phase4	phase5
#         	benign	 15674	     1	     2	     1	     2	    12
#         	phase1	     1	     5	     0	     0	     0	     0
#Predicted	phase2	     0	     0	     4	     0	     0	     0
#         	phase3	     0	     0	     0	     9	     0	     0
#         	phase4	     0	     0	     0	     0	     4	     0
#         	phase5	     0	     0	     0	     0	     0	 22030
i,time,loss,ground_time,compile_time,eval_time
100,15.17346453666687,8.277577975871031e-05,0.0025297290831804275,0.000235617496073246,0.00039976302534341815
200,29.060693740844727,6.166968379572868e-07,0.0025527093932032584,0.00023867085576057435,0.0002796810120344162
300,42.372305154800415,0.0018543574438116023,0.0025672756135463716,0.0004149904102087021,0.0002470625191926956
400,53.217634439468384,0.0007535844346381198,0.002547295466065407,0.0002333051711320877,0.00021499060094356536
500,63.705517292022705,0.00029539892954776465,0.002572499439120293,0.00023718416690826416,0.00022040676325559615
600,76.6444001197815,0.0016383553817671465,0.0028219593316316603,0.0002446149289608002,0.00028441525995731354
700,87.36406230926514,0.005401977956134849,0.002654584273695946,0.00024683382362127303,0.00025053415447473526
800,98.77662491798401,0.002183833714949677,0.0026701370999217032,0.0002497079595923424,0.00030809640884399414
900,110.40812230110168,0.0022916960403278532,0.002689165510237217,0.0002557312324643135,0.0003338906913995743
1000,123.20806694030762,0.0008847214010874243,0.0027211954444646834,0.0002604325115680695,0.00039028480648994445
1100,133.9085488319397,0.0052250126254253315,0.0031606780737638476,0.0002539088949561119,0.0002703341469168663
1200,144.30464625358582,0.0009261600327471712,0.0027160700783133507,0.00025574941188097,0.00032869186252355577
1300,153.04501938819885,0.0008896612010849261,0.0027003521472215653,0.00025564949959516525,0.0002779584378004074
1400,162.08592581748962,0.0009004859546313472,0.002930311177458082,0.00025874311370509013,0.0003307296495352472
1500,166.90129256248474,0.00010380381040461961,0.0026418567448854447,0.0002465195953845978,0.00027189012616872786
1600,171.68817234039307,0.0019040264701364917,0.0026369601488113402,0.00024568285793066027,0.0002704618498682976
1700,176.4916968345642,0.0013931218949612039,0.002642948031425476,0.0002474851533770561,0.00026922047138214114
1800,181.63621258735657,0.002134117654352856,0.00285920474678278,0.0002483491599559784,0.00028320398181676867
1900,186.78252410888672,0.0009621724215323926,0.0026184261217713357,0.00024583332240581514,0.0002770877256989479
2000,192.78720664978027,0.0010313715527479192,0.002849902957677841,0.0002487914264202118,0.00032291878014802935
2100,200.24868631362915,0.004412011733615105,0.002845037244260311,0.00024581093341112135,0.00039150264114141465
2200,207.2372088432312,0.004369836451970376,0.0026515917852520943,0.0002487398311495781,0.00036853455007076265
2300,214.3040647506714,0.0009918975880096287,0.0029054659977555274,0.00024497531354427337,0.00037058617919683457
2400,221.87410378456116,0.001665072722981201,0.0026450562477111817,0.00024801097810268403,0.00040106236934661865
2500,228.0922703742981,0.00018823739266398713,0.002641095146536827,0.00024526983499526976,0.0003335677087306976
2600,235.6752369403839,0.001407601838943102,0.0026397334784269335,0.0002476993948221207,0.0004009052738547325
2700,242.78055024147034,0.0003106210373973425,0.0026385641470551492,0.0004308685287833214,0.0003737471625208855
2800,250.41983699798584,0.0010368581839027343,0.0026370593266827726,0.000247137966964926,0.00040619815566710066
2900,256.4349181652069,0.00012426543852655763,0.0026425641402602197,0.0002462044358253479,0.0003270084038376808
3000,261.83690643310547,5.0571141756793614e-05,0.002907022498548031,0.0002505901828408241,0.00030296873301267625
3100,267.3343605995178,2.0693559811355844e-05,0.002637086920440197,0.0002463437989354134,0.00030910912901163103
3200,274.7942569255829,0.0011056741440818518,0.002651878595352173,0.00024856142699718474,0.0003915718570351601
3300,280.5558578968048,0.0009666132960894933,0.0026227928325533866,0.00024966564029455185,0.0003089221194386482
3400,284.84050154685974,0.0010142798817030982,0.0026408375054597856,0.0002466970682144165,0.00024158570915460586
3500,290.89193296432495,0.00016385768357562335,0.0026496686786413193,0.00024572174996137616,0.0003208943083882332
3600,298.4145064353943,0.0010579982388801968,0.00286129854619503,0.00042546775192022325,0.00039425183087587356
3700,304.03715682029724,0.005925238083880258,0.0028470952063798906,0.000247940756380558,0.000307014174759388
3800,309.871218919754,0.0008991443593066975,0.0028465210646390917,0.00024373777210712433,0.00031324971467256547
3900,314.00744700431824,0.0018894004089784213,0.0026341798156499863,0.0002476780489087105,0.00023101795464754106
4000,318.39790391921997,0.0019220334131211194,0.0026376130804419517,0.00024844039231538775,0.00024324070662260056
4100,322.61894965171814,0.0067512937533981375,0.0026294106245040895,0.0002499508485198021,0.00023573640733957291
4200,326.8074314594269,0.00024505928124158476,0.0026447296142578123,0.0002450028860143253,0.0002346445620059967
4300,331.0022461414337,0.0023239376384569977,0.0026370532438158988,0.00024896461516618726,0.00023358881473541259
4400,335.1356534957886,0.00021923753447155108,0.0026483726501464844,0.0002486265078186989,0.00023051895201206207
4500,339.38716530799866,0.0009354132649615768,0.0026436050608754156,0.00024401769042015076,0.00023826673626899718
4600,343.5279359817505,8.62497284093927e-05,0.002845361642539501,0.0002453085780143738,0.00023288186639547348
4700,347.8997161388397,0.0011988521501524782,0.0026279930025339127,0.00043164875358343125,0.0002445860952138901
4800,354.15069794654846,8.127935520160612e-05,0.00284919660538435,0.0002501339837908745,0.0003420131653547287
4900,361.6306438446045,2.9925565526292552e-05,0.002652035616338253,0.00024648513644933703,0.00040194489061832426
5000,367.50029969215393,0.002498759979082302,0.0026376017183065413,0.00024456646293401717,0.00031701620668172836
5100,372.8987717628479,0.006981213898401878,0.0028990674763917923,0.00024789191782474516,0.0003031434863805771
5200,378.53922939300537,0.0010191797991866652,0.0028405626863241195,0.0002488679811358452,0.00031518105417490007
5300,383.81119775772095,0.0001231576575363469,0.002646125927567482,0.00024689890444278716,0.0002983805537223816
5400,389.0904004573822,0.0009266285611878677,0.0026610840111970903,0.00024530500173568725,0.00029806263744831086
5500,394.27778220176697,0.0054209019320996185,0.0026288117840886117,0.00024870526045560836,0.0002923942357301712
5600,399.49792408943176,0.0018557377334663188,0.0026133816742471283,0.0002481370632137571,0.0002920633235148021
5700,404.22101759910583,0.00015636517711013515,0.0026313522085547447,0.0002483675256371498,0.0002667221426963806
5800,409.0713140964508,6.670977822782393e-05,0.002644439488649368,0.0002467271313071251,0.0002743508294224739
5900,413.7736976146698,0.001452809795499001,0.0028536197170615195,0.00042773060500621795,0.00026659868657588956
6000,418.54649353027344,0.005502747713389168,0.0026528820395469665,0.00024876125156879424,0.0002699534595012665
6100,423.43165922164917,0.00018563561613668623,0.0026505256071686746,0.00024679820984601974,0.00027430471032857895
6200,428.1957104206085,0.000979961659137239,0.0026455679163336753,0.00024727221578359606,0.0002697758376598358
6300,432.84874391555786,0.0017257764337202317,0.002631096579134464,0.0002483545988798141,0.00026256345212459563
6400,437.58541917800903,0.002019867521845352,0.0026474554464221,0.000246257521212101,0.0002676193043589592
6500,442.57180762290955,0.004613743764876657,0.002624772898852825,0.0002462666854262352,0.000278378501534462
6600,447.34375834465027,0.00021907999494006735,0.0026441291347146035,0.00024674370884895323,0.00027097199112176897
6700,452.1784975528717,0.0012453451878993104,0.0026421038061380385,0.0002467069402337074,0.00027230259031057357
6800,457.08944511413574,0.000921129091122842,0.003059735521674156,0.00024730194360017777,0.00027701213955879213
6900,462.02251625061035,0.0008718706682686412,0.0029093988346202025,0.0002473799352134977,0.0002790027324642454
7000,466.94237756729126,0.00011238120774703791,0.002646305598318577,0.0002495122700929642,0.000277450755238533
7100,473.34300684928894,0.0022018797253397005,0.002631598599255085,0.00024719417095184324,0.00034279018640518186
7200,478.2659730911255,0.0017727550424881367,0.0026474670320749284,0.00042625512927770617,0.00027523092925548555
7300,482.9552574157715,0.00017665937220541549,0.0026424296200275423,0.00024449251592159274,0.00026551879942417146
7400,487.7674524784088,0.0019349798986808156,0.002837236411869526,0.00024581097066402437,0.0002721993625164032
7500,493.57711815834045,0.0008848055846595224,0.0026354221254587173,0.0002480446547269821,0.0003147231042385101
7600,501.15288519859314,0.0009946605550108887,0.002853277251124382,0.00024520371109247206,0.0003948577493429184
7700,508.3727331161499,0.005377218648820169,0.0026385144889354705,0.00024987824261188504,0.00038352008908987045
7800,515.2493720054626,0.0006147995864326753,0.002637602314352989,0.0002464883029460907,0.000353410467505455
7900,520.7213747501373,0.0010256167852557838,0.002645787037909031,0.00024812392890453337,0.0003007989004254341
8000,526.6766581535339,0.00469205392589175,0.002908425144851208,0.0002475585788488388,0.0003217768296599388
8100,533.4362924098969,0.00048361399342132126,0.00263529047369957,0.0002501988410949707,0.0003622854501008987
8200,541.1020069122314,2.8689491537357003e-05,0.002856985554099083,0.00024626173079013826,0.0004017657041549683
8300,547.1336207389832,0.0013861609048897874,0.0028473239125949997,0.0002482229896954128,0.00032565285584756307
8400,552.407258272171,0.0012827426134419911,0.0026468698680400847,0.00024518348276615144,0.00029462285339832306
8500,557.193861246109,0.0008809227804886366,0.0026357491314411164,0.0002479083463549614,0.0002715465798974037
8600,562.1078100204468,0.0024520701707996246,0.002661191523075104,0.0002456251159310341,0.00027609918266534804
8700,566.9082469940186,0.0009940766199811482,0.0026457894966006278,0.00024851243942976,0.0002704235166311264
8800,572.4099335670471,0.00014170406249625262,0.0026501569151878355,0.00024788625538349154,0.00030181948095560075
8900,579.4628925323486,0.0008731374789626544,0.0026407283544540405,0.00024709243327379225,0.00037797171622514723
9000,584.4569482803345,0.0009118254672604742,0.002628363408148289,0.00024828489869832993,0.00028193127363920214
9100,591.3864529132843,0.0009734546598307716,0.0028576201573014257,0.000246245376765728,0.0003665762767195702
9200,598.6972708702087,0.004529779887281236,0.002635219767689705,0.0002476497367024422,0.0003901475295424461
9300,603.5414934158325,0.0009629561932887412,0.002636285163462162,0.0002493408694863319,0.00027465347200632094
9400,608.453033208847,0.0016289990116524283,0.002624068893492222,0.00024809282273054124,0.00027695789933204653
9500,613.5489342212677,0.0053871565088587595,0.0031096356734633445,0.0002469836175441742,0.00028597559779882433
9600,618.8015365600586,0.0001683767924324739,0.002634001448750496,0.0004268556460738182,0.0002931404486298561
9700,625.1503546237946,0.00499215285357326,0.002834725688610758,0.0004271890808429037,0.00034555749701602114
9800,630.3901565074921,0.00015672032798907942,0.002902166582643986,0.0002514927461743355,0.00029298100620508196
9900,636.5494754314423,0.0002972553691328622,0.0026382430642843246,0.0002462707832455635,0.0003285634145140648
10000,643.8299584388733,5.3104647813177754e-05,0.0026417623832821844,0.00024795595556497573,0.0003705205395817757
10100,649.9436204433441,2.5453994761438504e-05,0.0026309968531131743,0.0002486342191696167,0.00033418402075767516
10200,657.1071712970734,0.00543484780808306,0.0026340551674366,0.00024663958698511123,0.00038328967988491056
10300,664.5468275547028,0.0008977390214155234,0.0026397357881069185,0.00024794485419988633,0.00039681702852249144
10400,672.0755798816681,0.0004888448762639758,0.0028529074788093568,0.00024721067398786545,0.0003987787663936615
10500,677.0184237957001,0.0025411976579055107,0.002665482759475708,0.0002447597309947014,0.0002783484011888504
10600,682.9598219394684,0.002884237247461623,0.002865326590836048,0.0002463526278734207,0.0003244737535715103
10700,687.8343675136566,0.001269174124149751,0.002635517492890358,0.0002456172928214073,0.0002750834822654724
10800,693.0599436759949,0.0016582619563414833,0.0026441123709082604,0.0002466055005788803,0.0002845251187682152
10900,698.1581032276154,0.00013449076907960905,0.0026409757882356645,0.00024916712194681165,0.0002861858531832695
11000,703.0673627853394,0.0009359642318022812,0.0026353692263364793,0.0002462487295269966,0.0002783737704157829
11100,707.4631886482239,0.0008918464859535054,0.0026408025515930987,0.000248432138136455,0.0002451924766813006
11200,713.83407330513,0.004522006472760093,0.002611993029713631,0.00024833742529153826,0.0003361661732196808
11300,721.3414220809937,0.005394706869947701,0.0026470985263586043,0.0002474820613861084,0.0003948693349957466
11400,726.9602732658386,0.0015210211069475483,0.0028355293348431587,0.0002469942718744278,0.00031551409512758254
11500,732.1766595840454,0.0007432622582107993,0.002645929604768753,0.0002477102726697922,0.00029480274766683577
11600,737.8231315612793,0.0010000612608332968,0.002635102681815624,0.0002462764456868172,0.0003101082518696785
11700,743.6087145805359,0.0009765266040386334,0.002856108471751213,0.00042621910572052005,0.00031032189726829527
11800,748.9970798492432,0.0018712751052249183,0.002634532414376736,0.00024673163890838625,0.0002933990955352783
11900,754.9355034828186,0.0004327697342917583,0.002648155465722084,0.0002476942166686058,0.0005120058730244636
12000,760.8684976100922,0.000988713283395805,0.002657362297177315,0.0002477380633354187,0.00032141819596290586
12100,768.1936450004578,7.657250128041304e-05,0.002630305178463459,0.00024817995727062226,0.0003916345536708832
12200,775.9430422782898,0.0018048966757299697,0.0028575374558568,0.00024703774601221085,0.0004010612517595291
12300,780.8114161491394,0.0008801480256411998,0.0026364905014634133,0.00024483095854520797,0.00026942189782857895
12400,788.1267218589783,0.0008949685320571516,0.002916784627096993,0.00025151147906269343,0.00038562048758779255
12500,795.2166919708252,8.088503211803738e-05,0.0026298209652304647,0.00024736832827329633,0.00037855837494134905
12600,802.2576251029968,0.00010166327522265622,0.0026501934602856637,0.0002488619834184647,0.00037408079952001573
12700,808.9402012825012,0.005335669813898749,0.0026508129760622976,0.000248170904815197,0.0003621109202504158
12800,815.8026723861694,0.005184808760528927,0.0026465152949094774,0.00025029875338077544,0.00036420930176973344
12900,823.4940001964569,0.0009270401050261876,0.0026381744816899298,0.00024433765560388565,0.0003925955668091774
13000,829.1825675964355,0.0016190957841387878,0.003059873208403587,0.0002452847361564636,0.0003168712928891182
13100,835.150860786438,0.0006687966645648122,0.003099224753677845,0.0002484726160764694,0.0003284807130694389
13200,841.8997507095337,0.00031851226622951284,0.002643350288271904,0.00024717006832361224,0.000355084128677845
13300,846.1415781974792,4.574123046315382e-05,0.002632463313639164,0.00024889767169952395,0.00023995440453290938
13400,850.4864993095398,0.001065970410976199,0.0026429837197065355,0.0004258541017770767,0.0002440975606441498
13500,854.6159436702728,0.0008639446812001165,0.002640722952783108,0.0002470813691616058,0.0002339891716837883
13600,859.1660211086273,0.0013476481593040913,0.002640204690396786,0.0002465099096298218,0.0002529403939843178
13700,863.5940792560577,0.001986193872647793,0.0026312728226184847,0.0002483278512954712,0.0002473900094628334
13800,867.6525263786316,0.005942299580901121,0.00265127073441233,0.00024470995579447066,0.00022840492427349092
13900,871.8644564151764,0.0016402987761081319,0.0026461680978536605,0.00024658866226673126,0.0002356639876961708
14000,876.0776433944702,0.001542449115399143,0.0026425975188612938,0.00024714071303606034,0.00023772500455379486
14100,880.4064922332764,0.0006239831332347937,0.0026288321986794472,0.00024598065763711927,0.0002441524714231491
14200,884.6264774799347,0.0007507464680347534,0.0026419905200600626,0.00024917516857385634,0.00023864902555942536
14300,889.00168800354,0.0001281396915209626,0.0026495399698615073,0.0002486656606197357,0.0002451687306165695
14400,893.1722476482391,1.913145659293597e-05,0.0028940893337130544,0.00024832122027873993,0.00023706633597612382
14500,897.3063480854034,1.207146353152e-05,0.0026392045617103575,0.0002459567040205002,0.0002342284470796585
14600,901.4590046405792,0.004328492351640435,0.0026354310289025307,0.00024628546088933945,0.00023575972765684127
14700,905.5285184383392,0.001134635697156023,0.0026595562696456907,0.0002459535747766495,0.0002304254099726677
14800,909.749730348587,0.002483135166298117,0.0028460704907774925,0.00024821940809488296,0.0002365759387612343
14900,913.9443554878235,0.0020371185521661115,0.0028473911434412002,0.0002477555721998215,0.00023552756756544112
15000,919.0827224254608,0.0016746255121327846,0.0026280839741230013,0.00024741671979427337,0.00028983373194932935
15100,924.3819212913513,0.0003035977985614602,0.0028486159816384317,0.0004285365715622902,0.0002937756851315498
15200,931.3127911090851,0.0005725318688798986,0.002648893179638045,0.0002486448043159076,0.00037380886397191457
15300,936.2342052459717,0.00525663663653604,0.0029044029861688614,0.0002479396015405655,0.0002772054821252823
15400,943.3952393531799,0.0009401368837803873,0.0026405222341418268,0.0002491385117173195,0.0003605500236153603
15500,950.9737141132355,0.0002970228360398222,0.002642892748117447,0.0002463507279753685,0.00040059398859739305
15600,957.3853144645691,0.0015497295446644773,0.002619721069931984,0.00024985980242490767,0.00034104473888874054
15700,964.6410365104675,0.00017272653736575245,0.0030514888465404512,0.0002484782040119171,0.00038203783333301544
15800,971.7604124546051,6.297417054299398e-05,0.002660202868282795,0.0002466351166367531,0.00037790890783071516
15900,977.6575779914856,0.0019049834613204639,0.002648060657083988,0.00024405237287282943,0.0003230424597859383
16000,982.7070527076721,0.0023739297851902486,0.0026369183138012886,0.0002430841699242592,0.0002834104374051094
16100,987.4917714595795,0.0011937139262662327,0.0026342247799038885,0.00024636086076498034,0.00027019690722227094
16200,992.2145664691925,0.00020019149172482986,0.0026296208798885345,0.00024689950048923493,0.0002683871611952782
16300,997.0998723506927,0.0002761013674906343,0.002854658290743828,0.0002452509477734566,0.00027562659233808516
16400,1002.1493451595306,0.005968290094634174,0.0026412882283329965,0.0002503553405404091,0.000280752032995224
16500,1006.9440262317657,0.0009452706333505834,0.002650342471897602,0.0004293251410126686,0.00027052197605371476
16600,1013.42174243927,0.0009502858659469016,0.002841792495122978,0.0004297001127685819,0.00034345091985804696
16700,1020.3023633956909,0.00012771505803602285,0.002641362361609936,0.0002474743127822876,0.00036272261291742325
16800,1025.6452567577362,0.005997748304662577,0.0026489751785993576,0.00024902760982513426,0.0002898132428526878
16900,1031.423104763031,0.00024047291737512715,0.0026508814468979834,0.0002454021945595741,0.0003160956874489784
17000,1038.9022948741913,0.005965700462222786,0.0028491245955228808,0.00024320077151060104,0.0004013844579458237
17100,1044.8999371528625,0.00014202045018205212,0.0026518438756465913,0.00024710070341825484,0.000326772965490818
17200,1051.3162474632263,6.228218348113518e-05,0.002846814505755901,0.0002470533177256584,0.0003505394607782364
17300,1058.9371721744537,0.0024361822107431467,0.002899363078176975,0.00024741280823946,0.00039028506726026537
17400,1066.2039680480957,0.0012084910800160811,0.0026506442949175836,0.00024766512215137484,0.0003858997672796249
17500,1073.456273317337,0.0027237292019635273,0.0026358246058225633,0.0002474144473671913,0.0003844670951366425
17600,1080.8264527320862,0.0018678505739491472,0.002638127915561199,0.00024859704077243803,0.00038366515189409257
17700,1088.0405757427216,0.00097925712029343,0.0026347457990050314,0.0002495717629790306,0.0003822358697652817
17800,1095.6119899749756,8.628762533707063e-05,0.0026377981901168825,0.0002454303950071335,0.000392908975481987
17900,1102.4521248340607,2.9812511870622726e-05,0.0026287028566002847,0.00024851392954587935,0.0003625106438994408
18000,1106.6630172729492,3.1337898712197924e-05,0.002632667438260147,0.0002480199613741466,0.00023962145405156273
18100,1111.2718183994293,0.001902446842751679,0.0028525463491678236,0.00024530638009309766,0.0002547575905919075
18200,1115.3659505844116,0.0015694447187634864,0.0026286935806274416,0.00024402152746915817,0.00023183260113000868
18300,1119.8518397808075,0.0002584583063638543,0.0026423510536551474,0.0002495822310447693,0.0002536243200302124
18400,1124.0947408676147,4.2940676424416126e-05,0.0026321615278720855,0.0002447346970438957,0.00023986093699932098
18500,1128.4066021442413,0.0011318966444680192,0.003107185736298561,0.0002492842823266983,0.00024018049240112304
18600,1133.1884744167328,0.0012753446647299348,0.0026688523218035697,0.0002521950751543045,0.0002663998305797577
18700,1137.804355621338,0.00013885242735197395,0.002657443061470985,0.00024628177285194395,0.00026209954172372817
18800,1142.4565415382385,0.0034544269690411746,0.002639397978782654,0.0002461550012230873,0.0002646307647228241
18900,1147.619470357895,0.004697970233916323,0.0026478072255849837,0.0002472995966672897,0.00029055215418338776
19000,1152.8616070747375,0.0006956432863117381,0.002627084106206894,0.0002476285398006439,0.000293235257267952
19100,1159.8959603309631,0.005839458157335462,0.0026428487524390223,0.00024700388312339785,0.00036808039993047715
19200,1167.2384231090546,0.00013588270176569965,0.002619907557964325,0.00042820136994123456,0.0003872717171907425
19300,1174.309608221054,0.0010753905267633886,0.0028482304087706976,0.00024638148290770395,0.00036820857652596057
19400,1180.4495339393616,0.0021474677139992544,0.002634974867105484,0.0002476183325052261,0.00033806171268224716
19500,1185.2516317367554,0.0015534999368359273,0.0026451251283288,0.00024576503783464433,0.00027123406529426573
19600,1191.8446776866913,0.005628651624076459,0.0029157719761133192,0.0002465946599841118,0.00035119224339723586
19700,1197.959422826767,0.001018462870053997,0.002638533189892769,0.0002504885196685791,0.0003360697999596596
19800,1202.802145242691,0.000834401134627194,0.002860049344599247,0.0002470501884818077,0.00027455370873212813
19900,1207.6224689483643,0.0006710025462498151,0.002629106603562832,0.00024490758776664736,0.00027290958911180496
20000,1212.3909742832184,0.000925843752672744,0.00264406431466341,0.0002453693374991417,0.0002705292776226997
20100,1217.3179128170013,0.00012862840324001784,0.0026346088573336603,0.0002492058649659157,0.0002801210805773735
20200,1224.6388521194458,0.001404584798485993,0.0028532693162560464,0.0002464323118329048,0.00038847267627716063
20300,1232.0462551116943,0.00028324092353323836,0.0026396914944052698,0.00024419967085123064,0.00039195440709590914
20400,1239.3384811878204,4.968088117320829e-05,0.0026369171217083933,0.0002472972124814987,0.00038366079330444337
20500,1246.740788936615,0.000988946700286705,0.0028362764790654184,0.0004308471456170082,0.00038512054830789564
20600,1253.5366151332855,0.004386794389913473,0.0026411578059196473,0.0002507994696497917,0.0003627787157893181
20700,1257.7738649845123,6.341132804512116e-05,0.002650775414492403,0.00024580774562699457,0.00024005075650555745
20800,1261.9477944374084,0.0012435873432760955,0.002640647292137146,0.00024750273674726484,0.00023420356214046479
20900,1266.196397304535,0.0020224663190331195,0.0026376089453697205,0.00042740292847156527,0.00023919396102428436
21000,1270.4696757793427,0.00024160103470467626,0.0026368496939539908,0.0002504207193851471,0.0002400467172265053
21100,1276.6608018875122,0.0016204397868174638,0.0028389496356248855,0.0002473881095647812,0.000335756279528141
21200,1282.4859211444855,0.0002261202840614132,0.002638825066387653,0.0002485621720552444,0.00031688664108514786
21300,1287.4404935836792,0.004901956974552148,0.0026320894435048104,0.00024758528918027877,0.0002816769853234291
21400,1294.732427597046,0.0052509949250594615,0.0031167275831103323,0.00024520233273506165,0.000378141812980175
21500,1300.3044316768646,0.0014816213596986403,0.0028433144837617876,0.00024616364389657975,0.00031050916761159896
21600,1305.7079129219055,0.0009755671678568737,0.0026469309255480766,0.00024602722376585004,0.0002992888167500496
21700,1310.6110334396362,0.00021033780353090281,0.0026527761295437814,0.0002454489469528198,0.00027599431574344636
21800,1317.4837987422943,5.953620160827372e-05,0.002641530595719814,0.00024694371968507766,0.0003577219694852829
21900,1323.801918745041,0.0009635100837133517,0.0026410359144210817,0.00024831518530845644,0.0003412393108010292
22000,1331.2250611782074,0.00013900025064203042,0.0026456309854984285,0.0002498784288764,0.0003886079415678978
22100,1339.087816953659,0.0029595679441044007,0.0026394823299986975,0.00042843553636755265,0.00040998603084257674
22200,1346.139885187149,0.0045202603149364475,0.0026348455995321273,0.0002471385896205902,0.00037922818213701246
22300,1352.687077999115,0.0020248942710279836,0.00264281902462244,0.0002456650882959366,0.0003514417633414268
22400,1357.7369542121887,0.0010207802628529913,0.0028659862652420996,0.00024410150945186615,0.0002825170010328293
22500,1362.8683443069458,0.001540988505665017,0.002642901949584484,0.0002489125728607178,0.0002887510135769844
22600,1367.8463897705078,0.005227918475612398,0.002637680359184742,0.00024818141013383866,0.0002807055786252022
22700,1372.9481213092804,0.001556733945918274,0.0026368513330817223,0.000246603712439537,0.00028825074434280396
22800,1377.886153936386,0.0017694199651020221,0.003103107325732708,0.00024708800017833707,0.0002790769934654236
22900,1382.925908088684,0.0002750923477617631,0.002645493261516094,0.0002462700754404068,0.0002854645624756813
23000,1387.8403191566467,0.0009140384630709292,0.002643464170396328,0.00024782925844192506,0.0002772120013833046
23100,1392.7013683319092,0.0003124221516239148,0.002643640451133251,0.0002486887574195862,0.0002765154466032982
23200,1397.9308590888977,4.8460902459116775e-05,0.002634437195956707,0.00024966776371002195,0.00029369432479143143
23300,1403.1745250225067,3.1219238651482576e-05,0.002643647938966751,0.000244833268225193,0.0002917720004916191
23400,1408.0185523033142,0.0007483788863249905,0.002842133715748787,0.00024953905493021013,0.000275784470140934
23500,1413.2577192783356,0.001012552176143972,0.00264368976865496,0.0002498908713459969,0.0002893953025341034
23600,1418.2415063381195,0.005888324224863708,0.00289707213640213,0.0002480189874768257,0.000281202532351017
23700,1423.4583733081818,0.00162601361599628,0.0026512354239821433,0.0002455710247159004,0.00029229581356048583
23800,1428.4224679470062,0.0008850822576851508,0.0028497207164764403,0.00024440899491310117,0.00028197143226861955
23900,1434.0434739589691,0.0006568489277851256,0.0026282063871622087,0.00024672288447618484,0.00031276244670152664
24000,1441.117105960846,0.0014752053605317098,0.0028481678664684295,0.0002466311678290367,0.0003752947598695755
24100,1448.4397327899933,0.0008645666568106042,0.0026286414638161657,0.00024452559649944304,0.0003942038118839264
24200,1454.6071684360504,7.689243764556152e-05,0.0026443222537636756,0.00024619173258543013,0.0003258156403899193
24300,1461.4386904239655,0.0021331310929350923,0.002652151919901371,0.00024843011051416396,0.0003644067049026489
24400,1466.3301963806152,0.000991766509111206,0.002855960093438625,0.000429132878780365,0.0002745785191655159
24500,1471.2721951007843,0.000145644684386588,0.0026225035265088083,0.00024383269250392913,0.00027824029326438903
24600,1476.1700174808502,5.150097777467278e-05,0.002651562690734863,0.00025000721216201783,0.0002765984460711479
24700,1481.2746467590332,0.0009351255062548963,0.0026375601813197137,0.00024984966963529585,0.0002880571037530899
24800,1486.6605205535889,0.004392557144264363,0.002634971860264029,0.00024994332343339923,0.000303872674703598
24900,1491.6470265388489,0.0015600028978387638,0.0028541888296604156,0.00024674326181411743,0.00027946833521127703
25000,1497.9326968193054,0.00013258824537792395,0.002655774690210819,0.00042862121015787126,0.00034237947314977643
25100,1505.0438010692596,0.002151429934647457,0.0026335351541638373,0.00024770289659500124,0.000374855138361454
25200,1511.13623046875,0.0029075644013439837,0.0026406971365213394,0.00024532921612262725,0.00033325619995594024
25300,1517.5449187755585,0.005736865023793546,0.0028463418781757353,0.00024809978902339935,0.00035119548439979556
25400,1523.5021514892578,0.0001831559345265546,0.002632981538772583,0.00025025501847267153,0.00031530745327472686
25500,1530.681223154068,0.0011423936221494492,0.0026556364074349402,0.00024887461215257646,0.0003807634860277176
25600,1536.6899020671844,0.0009300993145983847,0.002894512414932251,0.0002470206096768379,0.0003260958567261696
25700,1541.5477550029755,0.0001498116998636406,0.0026395488902926445,0.00024731595069169996,0.0002751930058002472
25800,1546.4820337295532,6.308153626907148e-05,0.002842175401747227,0.00024887368083000185,0.0002819222584366798
25900,1551.1157803535461,0.001833055394512964,0.0026406412571668625,0.0002444832772016525,0.0002632663771510124
26000,1556.0763251781464,0.00028365503070393344,0.002644115574657917,0.0002463212236762047,0.0002807726338505745
26100,1560.8446004390717,0.005290978636819698,0.0026385539025068285,0.00024797745048999787,0.0002708388492465019
26200,1565.6951506137848,0.004986314848979164,0.0026427051265324863,0.00024437796324491503,0.00027436066418886186
26300,1570.724630355835,0.004376029440601415,0.0028920458257198334,0.00024748843163251876,0.0002849786356091499
26400,1575.4004180431366,2.6688914107814988e-05,0.0026395541056990625,0.0002472056448459625,0.000266156829893589
26500,1580.486911058426,0.00011605001754491584,0.002655505985021591,0.0002465083822607994,0.00028674475848674777
26600,1585.2664196491241,0.003247662388245921,0.002645232751965523,0.00024620946496725085,0.00027174554765224457
26700,1589.9726343154907,0.0008694718607004356,0.0026506061851978304,0.00024868343025445937,0.0002658580243587494
26800,1595.06307721138,0.0020583764048592752,0.0026260144263505936,0.00042991749942302706,0.00028796862810850145
26900,1600.0230033397675,0.00025958248685252705,0.0026347598433494566,0.0002503789588809013,0.0002814643085002899
27000,1604.9579589366913,0.0014926589075647087,0.002847159169614315,0.0002467907965183258,0.00027872610837221146
27100,1609.9712266921997,0.0009122687794452061,0.002856234945356846,0.00024800967425107955,0.0002825143933296204
27200,1616.2655301094055,0.0009076741605793844,0.0026535318046808243,0.0002460133656859398,0.00033997733145952225
27300,1623.5799293518066,0.0001228226005780844,0.0026435622945427894,0.0002462262287735939,0.00038137927651405335
27400,1628.782998085022,0.0009901112329959896,0.0028342602401971815,0.00024855799973011016,0.000294346809387207
27500,1633.6891541481018,0.0012873563554212872,0.0026298340782523154,0.00024624761193990706,0.0002776992693543434
27600,1640.6226060390472,0.00010979331806006902,0.002656832715230329,0.0002447575011423656,0.00037887017641748697
27700,1645.342030286789,0.0023919226258409115,0.0028524209186434747,0.00024885229766368866,0.0002624765783548355
27800,1649.5942344665527,0.0002018966930679278,0.002640902064740658,0.0004264383390545845,0.00023885581642389298
27900,1653.8170127868652,0.0016834051166762874,0.002635617442429066,0.00024894960224628446,0.0002369704470038414
28000,1658.1243500709534,0.0008366859557663156,0.0026348304748535158,0.0002483012527227402,0.00024105023592710495
28100,1662.5478711128235,0.0052116777957633064,0.0026433150470256805,0.0002460193261504173,0.00024773746728897096
28200,1666.6686720848083,0.006366917775974685,0.002647842578589916,0.00024828828871250154,0.000231911763548851
28300,1671.624252796173,0.00039293424856921,0.0026398254558444023,0.00024851951748132705,0.00027776993811130525
28400,1676.5255677700043,0.00065280523088864,0.0026400844380259515,0.0002462117373943329,0.0002797660604119301
28500,1681.425579547882,0.001007919875844968,0.0026361285895109177,0.00024671774357557294,0.00027821481227874756
28600,1686.987737417221,9.85019208831725e-05,0.002642665095627308,0.00024835553020238874,0.00030976608395576476
28700,1691.7340710163116,3.3888425212654785e-05,0.002880633920431137,0.0002490672841668129,0.0002698620408773422
28800,1696.579743862152,0.0010092965643954078,0.0028621145710349084,0.0002459099143743515,0.00027453750371932986
28900,1701.5884404182434,0.0013430157327613257,0.0028453747928142547,0.0002456526085734367,0.0002824389562010765
29000,1706.3152122497559,0.0002534310481130076,0.0026517103452767645,0.0002470998466014862,0.0002697818513427462
29100,1711.8235862255096,0.0009969771962917307,0.0026405443623661994,0.00042609114199876786,0.00030397661030292513
29200,1716.885670185089,0.00011145414359080063,0.002652916833758354,0.00024658557027578353,0.00028666723519563673
29300,1722.4149351119995,3.9025573439182837e-05,0.0030446410551667213,0.0002461815252900124,0.00031375095248222353
29400,1727.7086005210876,0.0010086998358115335,0.0026494843512773515,0.0002476247027516365,0.0003010532632470131
29500,1732.9444644451141,0.0008429429333639798,0.0028997140005230905,0.0002465595304965973,0.0002980722486972809
29600,1738.1782929897308,0.00020370149146476142,0.0026427200064063072,0.00024906147271394727,0.0002972711622714996
29700,1743.5077476501465,0.0008946385493138575,0.002652217149734497,0.0002489305660128593,0.00030057322233915327
29800,1748.9176411628723,0.006649999055156117,0.002636035978794098,0.0002475380524992943,0.00030473314225673673
29900,1754.1597158908844,0.0006664043902990424,0.0026352903619408607,0.00024697940796613693,0.000298800989985466
30000,1759.8668484687805,0.0008643305222172778,0.0026351655274629592,0.0002473257854580879,0.0003170222043991089
30100,1767.260666847229,0.002490939703164521,0.0026425674557685854,0.0002468772977590561,0.0003916242718696594
30200,1773.770702123642,0.005621486998219283,0.0026302529126405716,0.0002487965300679207,0.000351468026638031
30300,1778.8518056869507,0.0002667565444803401,0.0028399990711893354,0.0002479506762964385,0.00028777787727969037
30400,1786.419694185257,0.0018833937343883571,0.002642124928534031,0.000427541472017765,0.00040240984410047534
30500,1793.6594364643097,0.0010016085388124094,0.0026391636580228805,0.0002491588890552521,0.0003867450729012489
30600,1800.3395476341248,0.0019584435557423114,0.0026413626968860627,0.000246414989233017,0.0003571062907576561
30700,1807.615468263626,0.0052052578238482704,0.002621624805033207,0.00024783246219158174,0.00038819938898086546
30800,1813.4261944293976,0.004396465515035032,0.002635412663221359,0.00024780947715044024,0.0003157908841967583
30900,1818.946455001831,0.0016682341411051967,0.0026547207310795786,0.0002452484890818596,0.00029920488595962523
31000,1824.8756141662598,0.0002079669427943076,0.002640535645186901,0.0002468098327517509,0.00032462269067764284
31100,1829.8066191673279,6.462721379370567e-05,0.002637949138879776,0.00024755243211984637,0.000280122309923172
31200,1834.6342492103577,0.0008259667681294814,0.002648192122578621,0.00024811994284391404,0.0002738716080784798
31300,1839.5957252979279,7.89042980289087e-05,0.0026451895013451577,0.00024956740438938143,0.0002828645706176758
31400,1845.1352438926697,5.838659936629326e-05,0.0033127790316939353,0.00024736177176237106,0.0003027348965406418
31500,1849.2407431602478,0.001952723108801884,0.0028561075776815416,0.00024706270545721054,0.00023243565112352372
31600,1853.3642354011536,0.00020888112139379688,0.0026326429098844526,0.00024602096527814865,0.00023297518491744996
31700,1857.6780395507812,0.0016199401589024616,0.002641378428254809,0.0002480351765240942,0.0002435364361320223
31800,1861.8975293636322,0.0009243252634274962,0.002632678784430027,0.0002474164217710495,0.0002373715117573738
31900,1867.7674057483673,9.847404275091843e-05,0.002663204073905945,0.00024559587240219116,0.0005075860396027565
32000,1872.5144078731537,0.005270266084833211,0.0026466005668044092,0.0002447299286723137,0.0002692181244492531
32100,1877.5649967193604,0.001034317133316028,0.0026314207166433334,0.0002463938295841217,0.00028378307819366456
32200,1883.2144708633423,0.0015075193710422563,0.0029123985767364503,0.0002492539957165718,0.0003086874261498451
32300,1890.2345955371857,0.0009156179977958273,0.0028377094492316244,0.0002456739917397499,0.00037465281784534457
32400,1897.4358975887299,0.0009164605646065857,0.0026285873353481294,0.0002487250044941902,0.0003828248381614685
32500,1904.9886558055878,0.00011778671927945766,0.002635374329984188,0.00024703297764062883,0.0003948026895523071
32600,1912.5325317382812,0.0010219268682817755,0.002655698135495186,0.00024704955518245697,0.00039515566080808637
32700,1919.828765630722,0.001214287683775288,0.0026429878175258637,0.00024860005825757983,0.0003857060521841049
32800,1926.8016483783722,0.0008838435907512637,0.0028474777936935425,0.00024458937346935275,0.00036996815353631976
32900,1933.9873132705688,0.0009290387673779232,0.0028558608517050745,0.0002500753104686737,0.0003867891803383827
33000,1940.3590738773346,0.005237043770543915,0.0026256809756159782,0.00042952418327331544,0.00034809626638889314
33100,1944.6553587913513,0.0015141164091767054,0.002641142303390163,0.0002459694179041045,0.00024163307888167243
33200,1950.1688997745514,0.0016176933032152967,0.002848712429404259,0.0002467996999621391,0.0003028465062379837
33300,1957.927045583725,0.004754112763882867,0.002625637874007225,0.0002493214979767799,0.0004106475785374641
33400,1965.5618007183075,0.00010322292224731883,0.002647186480462551,0.0002475973218679428,0.00039455547928810117
33500,1971.4649600982666,4.119171988010012e-05,0.002661656215786934,0.0004278106614947319,0.0003241279721260071
33600,1976.4396879673004,0.0006841786974810809,0.0026438836380839347,0.0002466447278857231,0.000280442014336586
33700,1981.2716026306152,0.005248704618402028,0.002639993391931057,0.0002477167919278145,0.0002745986357331276
33800,1986.9848577976227,9.604371612382146e-05,0.002642061859369278,0.0002465002611279488,0.00031470689922571184
33900,1994.5404307842255,0.00027940458494591367,0.0026405198499560357,0.0002467888966202736,0.0004036206007003784
34000,2002.0301141738892,0.0008787151228610893,0.0026416091993451117,0.000246492363512516,0.00039175309240818023
34100,2008.3362398147583,0.0022276269285633602,0.002652011513710022,0.0002483471482992172,0.00033782094717025755
34200,2015.868959903717,0.0021702010786992247,0.0030914933606982233,0.00024786785244941713,0.0003987061977386475
34300,2023.7223107814789,0.0016624319083466516,0.002637571133673191,0.0002490965276956558,0.0004143950715661049
34400,2031.1159100532532,0.0009209878168324606,0.0028546390682458876,0.00024686072021722793,0.0003916856274008751
34500,2038.7314937114716,0.0002540629717253031,0.0026383028072970256,0.00024772855852331436,0.00040300724761826653
34600,2046.4150040149689,0.0014276625143397495,0.0026506125926971436,0.0002469400689005852,0.0004003618285059929
34700,2053.3452813625336,0.0002053398309090046,0.0026560655608773233,0.0002476217970252037,0.0003681248798966408
34800,2060.760476589203,0.001879535534704078,0.002621290609240532,0.0002488808333873749,0.0003968960791826248
34900,2067.198825120926,0.005167590283168635,0.0028405585139989853,0.0002453026548027992,0.0003380757570266724
35000,2073.8448095321655,0.0054074701969717785,0.002641940675675869,0.0004278747737407684,0.00035285301506519316
35100,2081.187921524048,0.00014043403414242317,0.002634803056716919,0.0002464066445827484,0.0003867813944816589
35200,2087.3863451480865,0.0008633125506886266,0.002651069909334183,0.0002455425634980202,0.000335603803396225
35300,2093.029944896698,0.0007770268281552633,0.002625789865851402,0.00024379216134548187,0.0003117237612605095
35400,2099.2486867904663,0.0008595070142378405,0.0028542156517505648,0.0002511092275381088,0.00033488724380731583
35500,2103.4046516418457,0.0013586142970280462,0.002634183689951897,0.00024557940661907196,0.00023309562355279922
35600,2107.633838415146,0.0019037148680004295,0.0029049203917384148,0.00024623703211545944,0.00023843124508857728
35700,2112.3194358348846,0.0007888399662722975,0.002639586180448532,0.0002478402853012085,0.0002587229013442993
35800,2116.4512465000153,0.00012067861726877044,0.0026405773311853407,0.0002515806257724762,0.00023388635367155075
35900,2120.973800420761,0.001826363509282686,0.0028511595193828855,0.00024869559598820546,0.00025118044976677216
36000,2125.0938749313354,0.00010831933846736086,0.0026473678275942803,0.00024687323719263076,0.00023205164819955826
36100,2129.306625843048,0.0009345394665767992,0.002644267827272415,0.00024928666651248934,0.00023755941540002824
36200,2133.9788777828217,0.001944174033506478,0.0028440309688448906,0.00024596258997917176,0.0002645723894238472
36300,2139.048670768738,0.0009521945374415311,0.002834344282746315,0.0002487509697675705,0.00028494153171777727
36400,2144.3125524520874,0.0053888155051673,0.0026321224123239517,0.0002451302483677864,0.0002919941395521164
36500,2149.4647946357727,0.0008771700524355083,0.0028856345638632775,0.00024664949625730515,0.00029047828167676925
36600,2154.3235850334167,0.0013548776613226809,0.0026445896923542023,0.0002476254105567932,0.0002758213132619858
36700,2159.7608110904694,0.0009327838288534685,0.0026461994647979737,0.00024565737694501875,0.00030344173312187196
36800,2167.1644883155823,0.0008792057334610523,0.0026366357505321503,0.000251406729221344,0.00039062492549419404
36900,2174.6022522449493,0.0004900503446434693,0.0028441860526800156,0.00024824295192956927,0.00039600204676389696
37000,2181.8904280662537,0.004377796559927975,0.0026445698738098143,0.0002435784786939621,0.00038648806512355807
37100,2189.6958651542664,0.00026702646986543564,0.002651900686323643,0.0002460188418626785,0.0004082683846354485
37200,2197.3769841194153,0.001041566745313941,0.0026607185708624973,0.0004301945066877774,0.00041362155228853227
37300,2204.9832332134247,7.247628579968413e-05,0.002848420664668083,0.0002488885819911957,0.00041043788194656373
37400,2212.419173002243,0.0015804616972653457,0.002652164623141289,0.00024504564702510835,0.0003993790224194527
37500,2220.070777654648,0.001253655108065809,0.002649127207696438,0.00024635739624500274,0.0004074467346072197
37600,2227.8057997226715,0.006496594500274677,0.002836214452981949,0.0002459759637713432,0.0003932587802410126
37700,2235.378306865692,0.005714920453834077,0.002630295753479004,0.0002506197616457939,0.00039694897830486295
37800,2242.773945569992,0.0008835710036234112,0.002647762931883335,0.00024549294263124464,0.00038702331483364105
37900,2250.3243432044983,0.001369809170356564,0.002642451897263527,0.0002489275485277176,0.000392499677836895
38000,2257.586069583893,0.0008048379935149685,0.0026291780918836593,0.0004277325049042702,0.0003714197501540184
38100,2264.976615190506,9.047155633388676e-05,0.002630866840481758,0.0002479783073067665,0.0003974888473749161
38200,2272.287111520767,0.000778076951771729,0.003097529150545597,0.00024795368313789367,0.00038845621049404144
38300,2279.5886929035187,0.0010564192428661077,0.0026516091823577882,0.00024701062589883806,0.00038836237043142317
38400,2286.6783287525177,0.00016496602009679256,0.0026561254635453224,0.00024855975061655045,0.0003722693771123886
38500,2294.166715860367,5.452143492603978e-05,0.002640597149729729,0.0002439006045460701,0.00038940142840147016
38600,2300.718790769577,0.002366531991821691,0.002641876031245505,0.00024788770292486466,0.0003483712087784495
38700,2304.866069316864,0.0003773124026717406,0.002633456587791443,0.0002450213953852653,0.00023337308317422867
38800,2309.1338646411896,0.0015188913801811258,0.002644470147788525,0.00024523336440324784,0.00024054545909166336
38900,2313.2693977355957,0.00010442021522273748,0.002645157910883427,0.0002489664778113365,0.0002330417186021805
39000,2317.4655945301056,0.0010042722731058449,0.002899755872786045,0.0002486582472920418,0.0002330610528588295
39100,2322.64404964447,0.0010624766612200064,0.0026395097002387046,0.00024894900619983675,0.00029183540493249894
39200,2327.599639892578,0.0044428407724488375,0.002857695072889328,0.00042900506407022476,0.00028075549751520155
39300,2332.6215059757233,0.0007828060300093983,0.0026301209628582,0.0002496038377285004,0.0002800525352358818
39400,2337.6857438087463,0.000999824457619872,0.002636002488434315,0.0002493460848927498,0.00028357744216918947
39500,2342.3782868385315,0.004441643289895797,0.0026408985629677775,0.0002444174513220787,0.00026705827564001085
39600,2347.3311989307404,0.0009362505885539968,0.002644624523818493,0.0002450145781040192,0.0002794690430164337
39700,2352.5320506095886,0.0018415916853225613,0.002635617293417454,0.00024702128022909166,0.000284980908036232
39800,2357.38236784935,0.000910558815833692,0.0028536076098680495,0.000245765782892704,0.0002748063951730728
39900,2364.5390014648438,0.0008700594785628579,0.002643539197742939,0.0002467271313071251,0.00037969689816236496
40000,2371.0113697052,0.0009152484413807019,0.00284501709576164,0.0002484573104551861,0.00034881778593574245
40100,2378.527619123459,0.00010499913131849808,0.002840682864189148,0.00024704158306121827,0.00038426849991083143
40200,2385.811781167984,4.842924324888115e-05,0.0026313478127121927,0.00024689521640539167,0.00038067474961280825
40300,2392.932225227356,3.0950872175447566e-05,0.002641603834927082,0.000245932936668396,0.00037466760724782946
40400,2400.195410013199,0.002056093630932865,0.0026339884847402573,0.0002501118928194046,0.00039054356515407564
40500,2405.100578069687,0.010480881856614173,0.0029165515303611754,0.0002480819821357727,0.00027844268828630447
40600,2410.1308121681213,0.0002738588415305032,0.0026502788066864015,0.0002501976117491722,0.00028565920889377593
40700,2415.0654442310333,0.0014441639994137395,0.0026536142453551293,0.00024759288877248766,0.0002803555503487587
40800,2421.8996770381927,0.0015853903738550382,0.0026218802481889725,0.00024717602878808974,0.00036806017160415647
40900,2429.2817034721375,0.0007212082913970547,0.0026453274860978124,0.0002473052591085434,0.00038809873163700106
41000,2436.628278017044,0.001032747603158278,0.0028548688814044,0.0004258795455098152,0.0003896404057741165
41100,2443.6653637886047,6.88780791824889e-05,0.002634005583822727,0.00024794109165668485,0.0003738357126712799
41200,2451.3052003383636,0.0017397826317580114,0.00284805566072464,0.00024678226560354233,0.000400020033121109
41300,2458.3605835437775,0.00015737534922529662,0.0026347690820693968,0.0002454102784395218,0.00037439893931150435
41400,2464.910113811493,0.0008489499858787215,0.0026325201988220215,0.00024716325104236605,0.0003518115569438253
41500,2470.365126132965,0.004415107600288804,0.00264542318880558,0.0002467365190386772,0.00030882805585861204
41600,2475.7125754356384,0.000980608176105167,0.0026383668184280394,0.0002498164400458336,0.0003023921325802803
41700,2481.219668865204,0.0004918529231794849,0.002630808241665363,0.00024698615074157714,0.0003136039525270462
41800,2486.863525390625,8.686786056087859e-05,0.0030566202104091644,0.0002466309070587158,0.0003126309439539909
41900,2493.9500710964203,0.0010500002320634578,0.00288863655179739,0.0002478285878896713,0.0003746671602129936
42000,2501.2088017463684,0.0020824420717265816,0.002644747942686081,0.0002466032654047012,0.00038245312869548796
42100,2508.369084596634,0.005203922847770921,0.002647635713219643,0.00024531804025173186,0.00036710254848003386
42200,2515.510415315628,0.0008633030299658703,0.0026446758210659027,0.0002472081035375595,0.0003768846765160561
42300,2522.07128238678,0.001525268475280136,0.002648579441010952,0.0004263897612690926,0.00034590136259794236
42400,2527.468076467514,0.00012150248556982601,0.0026379699632525446,0.00024767730385065077,0.00029817134141921995
42500,2534.4182941913605,0.0015781002059785097,0.002848011739552021,0.00024775154888629914,0.000368650034070015
42600,2541.716952562332,0.0008837613198448687,0.0026379640400409697,0.0002505214512348175,0.0003784428536891937
42700,2547.234364271164,0.0009386151072922676,0.0026520278730562757,0.00024586073522056854,0.00030419299112898965
42800,2554.2172458171844,0.0012730701605959296,0.002646561115980148,0.000245402529835701,0.0003743799030780792
42900,2562.0928359031677,0.0015188918865202674,0.0026377084106206893,0.0002492591366171837,0.00040927957743406294
43000,2569.088625431061,0.00012937418428514647,0.0026322130113840105,0.0002482333034276962,0.00036806445568799974
43100,2573.208852291107,0.0006762890470409169,0.002638135626912117,0.0002491968870162964,0.000232919342815876
43200,2577.4472415447235,0.0005805534291318609,0.002643740214407444,0.00024693600833415987,0.0002387520670890808
43300,2581.5720024108887,0.000881211636302687,0.0026563756540417672,0.00024786900728940964,0.00023262295871973038
43400,2587.057089328766,0.005182641164068966,0.002622290663421154,0.0002457140386104584,0.000299021415412426
43500,2591.1880881786346,0.0008790244704292235,0.00291172094643116,0.0002462019771337509,0.00023305971175432204
43600,2595.445998430252,0.004515748885171742,0.0026365856453776358,0.0002476732805371284,0.0002397206798195839
43700,2599.710167646408,0.001834293072178036,0.002861583307385445,0.00024647917598485947,0.00023827217519283294
43800,2604.947746992111,0.0001773325500186218,0.0026273954287171363,0.00042766086757183074,0.00028709299862384797
43900,2609.0605895519257,0.0008751522667272519,0.0028650430589914322,0.00024901021271944045,0.00022959642112255096
44000,2613.2531394958496,0.0022402027843664934,0.002848791480064392,0.0002464749664068222,0.00023559842258691788
44100,2618.2874989509583,0.00020680218883228774,0.0026274877946291654,0.00024509203221116747,0.0002740202311958586
44200,2623.2143630981445,0.006003270091405079,0.00262453768402338,0.0002465040236711502,0.0002768721431493759
44300,2629.573235273361,0.0009058750314838251,0.002638602405786514,0.0002447954937815666,0.00033779114484786986
44400,2633.756688594818,0.0001534648683617426,0.0028914076834917067,0.00024496618658304215,0.00023618701845407486
44500,2637.9481630325317,0.0013772452956141937,0.0026477004960179327,0.00024780333042144774,0.00023586165159940719
44600,2642.17502784729,0.0001224902767553801,0.0028518799692392348,0.0002445291727781296,0.00023546386510133743
44700,2649.3468294143677,0.0001633717585214811,0.0026367880403995515,0.0002510194852948189,0.0003792088478803635
44800,2656.7160840034485,0.0006238658624000909,0.0028740942478179933,0.00024632908403873446,0.00038527961820364
44900,2664.120522737503,0.005224414999004292,0.0026334074139595033,0.00042805861681699753,0.0003886113688349724
45000,2671.3876192569733,0.001380761586329181,0.0026438910886645317,0.0002452629804611206,0.00038809012621641157
45100,2678.80597448349,0.0015443487761360544,0.002643194906413555,0.00024914298206567763,0.00039068471640348436
45200,2685.3950028419495,0.0008546721905056295,0.0026422884687781335,0.0002495023980736732,0.0003478972986340523
45300,2692.9783697128296,0.00014919749915357438,0.002637152709066868,0.00025005847215652465,0.00040067773312330246
45400,2700.8947706222534,0.0017337238612077427,0.0028565514087677004,0.00025035973638296125,0.00041624169796705246
45500,2707.867338657379,0.0013596351822195618,0.002629936752574785,0.0002441164904407092,0.0003723551066858427
45600,2715.2984380722046,0.0009118445044845391,0.0026497108489274977,0.0002482549101114273,0.0003927476704120636
45700,2723.3058409690857,0.0014434729176632047,0.002631194144487381,0.00025020100176334384,0.00041062049567699435
45800,2728.082911014557,0.004710155606520699,0.0026616860926151277,0.00024799104779958724,0.0002633914351463318
45900,2732.184705734253,0.00086153188124583,0.002630700580775738,0.00024573251605033877,0.00023163266479969024
46000,2736.33177113533,0.001023701901687455,0.0028622834011912345,0.0002471214160323143,0.00023543305695056916
46100,2740.642174243927,0.001799161156654569,0.002628978528082371,0.00024533718824386596,0.0002434636652469635
46200,2746.648267030716,0.00011008730721058568,0.002645634263753891,0.00024567771703004837,0.0003302498161792755
46300,2752.030506372452,0.0028515769982743024,0.0026302742213010787,0.00042820606380701066,0.00030380651354789735
46400,2758.2469103336334,0.00028143442294268934,0.0026462811976671217,0.00024648837745189667,0.00033916719257831573
46500,2762.406142473221,0.00010163545315747869,0.002647772878408432,0.0002466388046741486,0.0002360919862985611
46600,2767.720084667206,0.004348444366473405,0.003310196064412594,0.00024652060121297835,0.0002934115752577782
46700,2773.773497104645,2.5053875293639115e-05,0.0026374875009059907,0.00025001633912324905,0.000325387641787529
46800,2778.803897857666,1.4597617623185455e-05,0.0026355906575918197,0.00025001030415296556,0.00028191011399030685
46900,2784.0488142967224,0.002391923549520948,0.002628027621124472,0.00024684546249253406,0.00029439856963498254
47000,2789.4921219348907,0.0013695977412745105,0.002641446776688099,0.00024863369762897494,0.00030077483505010607
47100,2794.96334028244,0.005179788272469763,0.0026505812630057335,0.00025031954050064087,0.000305611677467823
47200,2800.045623779297,0.0015311645992777212,0.002641068771481514,0.00042686998844146726,0.00028787925839424133
47300,2804.9060440063477,0.0009295347202434984,0.002846153303980827,0.0002493203431367874,0.0002756064757704735
47400,2809.7201142311096,0.0008848325006117749,0.0028507730737328527,0.00024391964077949524,0.00027445219457149505
47500,2814.432099342346,8.351836051398636e-05,0.0026344143971800803,0.0002446594089269638,0.00026882648468017577
47600,2819.2896349430084,0.001563141531034027,0.002891809344291687,0.0002481651306152344,0.00027792401611804963
47700,2824.094438314438,0.00012690957308658462,0.0026409999281167985,0.00024912238121032714,0.00027330055832862853
47800,2828.9581186771393,0.0016757935454309978,0.0026357244327664376,0.0002468277513980866,0.0002759024128317833
47900,2833.8654265403748,9.131409232043835e-05,0.0028560709580779074,0.0002464523911476135,0.0002772481739521027
48000,2838.8217623233795,4.600723527159206e-05,0.0026337118446826935,0.000248723104596138,0.0002834451943635941
48100,2843.7853214740753,0.0010419160121940608,0.0026638251543045044,0.00024482090026140213,0.0002799998223781586
48200,2849.012764453888,0.005161329114530805,0.002639219297894409,0.00024707781417029244,0.00029571616756064555
48300,2855.3713018894196,0.0010496347049556557,0.0028563668951392175,0.00024915970861911775,0.0003454947471618652
48400,2862.8258380889893,7.936782486915761e-05,0.002837873287498951,0.00024762678891420364,0.0003675290197134018
48500,2870.2962486743927,0.0012621251148170023,0.002625923007726669,0.00024732109159231186,0.00039311524480581286
48600,2877.366861343384,0.005280830625319036,0.0026411545276641846,0.0002469080686569214,0.00037593990564346316
48700,2884.395804643631,0.00498236151876263,0.0026413878053426743,0.0002482254803180695,0.0003697539493441582
48800,2891.7249567508698,0.0015740388719647663,0.002638775072991848,0.00024736743420362473,0.0003885093703866005
48900,2896.6162207126617,0.0003045739694635691,0.0029168085381388663,0.00024639718234539034,0.0002775328233838081
49000,2901.64404964447,0.002055643552303671,0.002643888257443905,0.0004277396947145462,0.00028381645679473875
49100,2906.424455881119,0.000206787683055277,0.0026576440036296845,0.00024588845670223233,0.0002712418511509895
49200,2911.2498638629913,0.0008660571533774034,0.002638682536780834,0.00024779975414276125,0.00027347426861524583
49300,2916.063699245453,0.0014901634872722897,0.0026313763111829756,0.0002473859488964081,0.0002751866728067398
49400,2921.2420575618744,0.00027135420303469465,0.002635991461575031,0.0002485799416899681,0.00029326826333999636
49500,2927.8917145729065,0.0008882444383378568,0.0026373454183340073,0.00024520915001630784,0.00035552747547626493
49600,2933.368498802185,0.0014646738465704018,0.002858468677316393,0.00024672044707196096,0.0003045399487018585
49700,2938.947021484375,0.0015061688997833837,0.0029086766764521597,0.00024629250168800354,0.0003107462823390961
49800,2945.8426744937897,0.0051159465641703,0.0028457266837358473,0.000247737355530262,0.00036606617271900177
49900,2953.1795608997345,0.0009587541970699859,0.0026433253660798073,0.00024592772126197815,0.0003858865797519684
50000,2961.4233915805817,0.00015930476343499394,0.002847001664340496,0.0002476965636014938,0.00043148525059223176
50100,2968.7903146743774,0.001532144711362671,0.0026479677855968473,0.00024555593729019164,0.00039524085819721223
50200,2975.9433872699738,0.0013107097425468517,0.0026363881677389147,0.0002480307221412659,0.0003651222214102745
50300,2982.3809599876404,0.0005852569950952435,0.0026526882499456404,0.0004262423515319824,0.00034560155123472216
50400,2987.2941744327545,0.0010679932698347927,0.0026249970495700837,0.00024856802076101304,0.00027815595269203185
50500,2992.2842576503754,0.0001679168953545146,0.0028351940959692,0.0002478695288300514,0.00028316441923379896
50600,2997.116354942322,0.0021247632987008895,0.0026465606689453124,0.0002483601868152618,0.0002712690457701683
50700,3001.755131483078,0.004512447817130478,0.0026391930133104324,0.00024825908243656156,0.00026404816657304764
50800,3006.615731239319,0.00010135472759180502,0.0026473718509078025,0.00024718262255191804,0.00027595184743404386
50900,3011.5821282863617,0.0009862728045856141,0.0026287490501999853,0.00024848487228155134,0.00028153307735919955
51000,3016.493203639984,7.906186472959585e-05,0.0026556073129177095,0.00024711144821984427,0.0002812954783439636
51100,3022.5640482902527,0.0012246091925802109,0.0026432155445218087,0.00024760488420724866,0.00032865431159734726
51200,3029.8543298244476,9.025537710677656e-05,0.0026468143984675406,0.0002480868995189667,0.00038863956928253174
51300,3037.2053265571594,0.004383626707314832,0.002640781030058861,0.000246480330824852,0.0003847136721014976
51400,3044.384161233902,4.3857485246396325e-05,0.0026328827440738676,0.0002478690445423126,0.00038188926875591276
51500,3051.401850938797,0.0004966357688239012,0.002639194466173649,0.00024619705975055696,0.00037680860608816144
51600,3057.220549583435,0.0052461732101436375,0.00285462211817503,0.00024632997810840606,0.00031144402921199797
51700,3061.35946559906,0.005881299342070814,0.0031220217049121855,0.0002459827810525894,0.0002328893542289734
51800,3069.8065700531006,0.001430698962228387,0.0026471752300858496,0.0002472614496946335,0.0006269372254610061
51900,3076.1886932849884,0.00154856443559837,0.00264339093118906,0.00042869672179222105,0.0003420783579349518
52000,3081.359362602234,0.0009091975026367769,0.0026272803172469137,0.0002473951131105423,0.00029130104929208755
52100,3086.0132460594177,0.0008485581878719354,0.002635442055761814,0.0002462412044405937,0.0002633843943476677
52200,3091.7458939552307,0.0014418002825866744,0.002847676873207092,0.00024908039718866346,0.0003134426474571228
52300,3099.127215862274,0.0008183927267047045,0.0026281497254967688,0.00024907995015382767,0.00038243740797042845
52400,3106.9880051612854,0.004408556469077515,0.0028366200679114883,0.0002449094504117966,0.00041909590895686835
52500,3114.0111405849457,0.001990750818931201,0.0026444720849394796,0.00024378128349781037,0.000376504622399807
52600,3121.505853652954,0.00016445640916108172,0.002886933237314224,0.00024742834270000455,0.00039913974702358244
52700,3128.892557144165,0.0020798668142925788,0.0026330062001943587,0.00024609152227640153,0.00038446713238954544
52800,3134.2235581874847,0.000987717000487197,0.0026502567157149315,0.00043114088475704193,0.00029604800045490264
52900,3139.245858669281,0.00440090344043757,0.002628063037991524,0.0002483014762401581,0.0002857540547847748
53000,3144.6701056957245,0.001532891846042024,0.0026367613300681114,0.0002473077923059463,0.0003070412203669548
53100,3151.334197282791,0.00015257860503853525,0.002638166807591915,0.0002453700453042984,0.00036171916872262955
53200,3156.741830587387,6.909598023211033e-05,0.002848009094595909,0.00024713758379220964,0.00030787490308284757
53300,3162.156141281128,0.005992175161082535,0.002641112431883812,0.00024898897856473923,0.000307820662856102
53400,3168.340014696121,0.0028005723885845047,0.0028524329885840417,0.0002481478452682495,0.0003368517383933067
53500,3175.1997344493866,7.834117046173345e-05,0.002655554860830307,0.0002485624700784683,0.00036117523908615114
53600,3182.6042864322662,6.435411121856999e-05,0.002652779407799244,0.00024785015732049944,0.0003860578313469887
53700,3189.193759918213,4.722739079263405e-05,0.0026445441693067552,0.00024727776646614073,0.00035387516021728515
53800,3195.3046860694885,3.881638743662065e-05,0.0026443924435547417,0.0002464533810104642,0.00032876635768583844
53900,3200.235782146454,0.0010146861792402226,0.0029102453216910363,0.0002467725053429604,0.00027959980070590973
54000,3206.962382078171,0.0003678179853237323,0.002849940359592438,0.0002453051134943962,0.00035877741873264313
54100,3212.5363149642944,4.914245057833583e-05,0.002649172991514206,0.00024813756346702575,0.0003061355650424957
54200,3219.822509765625,0.0008850343211422033,0.00262696597725153,0.0002499024197459221,0.0003798829764127731
54300,3226.3375589847565,0.0012144586200571786,0.0026371333748102187,0.0002468626201152801,0.00034451987594366076
54400,3230.5892882347107,0.0022149311301650583,0.0026264587789773942,0.00024875760078430176,0.0002383848652243614
54500,3234.7651619911194,0.0027456738870873716,0.002635020092129707,0.0004256709665060043,0.00023542363196611406
54600,3239.9106068611145,0.0008799533738323404,0.002640201039612293,0.0002479761466383934,0.00028014972805976866
54700,3244.1884603500366,0.005129774340632407,0.002646714001893997,0.0002508701756596565,0.00024205606430768967
54800,3248.3585221767426,0.00019909758250056365,0.0026336841657757758,0.0002450212463736534,0.0002348383143544197
54900,3252.4697003364563,6.92986922155614e-05,0.0028481008857488633,0.00024751149117946625,0.00023230202496051788
55000,3256.7529335021973,4.509733308129676e-05,0.0028683142364025116,0.0002465743571519852,0.00023953750729560852
55100,3264.233712911606,0.005175786364544141,0.00263998383390052,0.0002464985634599413,0.0003989781652178083
55200,3272.3477194309235,0.0009012146177984326,0.0026418410614132883,0.00025032874196767807,0.0004269658401608467
55300,3280.426078557968,0.0008887989169762497,0.0026367885246872903,0.0002456113696098328,0.0004311681166291237
55400,3288.264899492264,0.004407006040136595,0.0026484189927577974,0.000246400348842144,0.000414748415350914
55500,3295.832604408264,5.155918623050926e-05,0.002840198017656803,0.00024818222969770433,0.00039893485605716703
55600,3301.716112136841,0.0023226219907055744,0.0026225824281573295,0.0002492497116327286,0.0003216870129108429
55700,3306.60853433609,0.0015616016593675993,0.002620033621788025,0.0002459537610411644,0.00027735747396945954
55800,3311.296137571335,0.0008350583957680766,0.002845349907875061,0.0004300549626350403,0.00026498742401599886
55900,3316.379729986191,0.0008177163918043084,0.0026602372899651528,0.00024527490139007567,0.0002900440990924835
56000,3324.0705201625824,0.0006866596063589925,0.0026384155824780466,0.00024870693683624266,0.0004030610993504524
56100,3331.585972547531,0.0002524447561824064,0.002631877511739731,0.00024504978209733964,0.0004002835601568222
56200,3339.0134057998657,0.0006209578427951848,0.0026521320268511773,0.00024880286306142805,0.00039689522236585617
56300,3346.314789056778,0.005216975623030551,0.0026427750289440156,0.00024835042655467986,0.00038468092679977417
56400,3351.359918117523,0.0008429116660499683,0.002865322269499302,0.00024372167885303498,0.00027708515524864195
56500,3356.5222878456116,0.0007443701416098105,0.0029108281007834847,0.00042845877153532846,0.0002851633461458342
56600,3363.9545986652374,0.00010149660023761831,0.0028482342511415484,0.00024507638067007066,0.00039625804871320727
56700,3369.8157505989075,0.0015214818999333554,0.002620834931731224,0.0002455450966954231,0.00032595720142126084
56800,3374.7426466941833,0.005125269117580603,0.002855054400861263,0.00024904750287532804,0.00027941569685935975
56900,3381.0406563282013,7.70411098656254e-05,0.002640727385878563,0.00024719804525375367,0.00033622361719608306
57000,3386.6097633838654,0.0018769795990616913,0.0026542117819190027,0.0002478489652276039,0.0003062819689512253
57100,3391.6269080638885,0.0017792731668939785,0.0026439252495765687,0.00024710725992918017,0.00028016362339258196
57200,3398.5625224113464,0.00032299640211645025,0.0026491596177220344,0.0002492142841219902,0.00036438960582017897
57300,3405.786401987076,0.0056627618745305084,0.0026186351478099824,0.00024998169392347335,0.0003728153556585312
57400,3413.2265741825104,0.0014116337511485028,0.0028375015407800675,0.0002492809295654297,0.0003921396285295486
57500,3420.871222257614,0.00018700907066648758,0.002908915989100933,0.0002455899491906166,0.00039359357208013535
57600,3427.879152774811,7.327574057179542e-05,0.002645852006971836,0.0002484260126948357,0.00036724254488945007
57700,3434.8178989887238,0.0014180567091801285,0.0026434966921806335,0.0002470996230840683,0.00036781337112188337
57800,3441.088816165924,0.0009605962483438554,0.0026484110578894617,0.00024467267096042636,0.0003372914344072342
57900,3446.2364671230316,0.0001347557139955545,0.002625257500580379,0.00024662021547555924,0.0002923440507480077
58000,3451.0257935523987,0.0008625928581310852,0.002846740297973156,0.0004279208928346634,0.00027235116809606555
58100,3455.6290996074677,0.0044430658649829225,0.0026317427307367327,0.00024815373122692106,0.0002615576237440109
58200,3460.8642897605896,0.0008445618238587749,0.002651454918086529,0.0002482923120260239,0.0002937326207756996
58300,3468.301199913025,0.0008451962387022349,0.0026433589681982995,0.00024705864489078523,0.0003927357494831085
58400,3475.5032296180725,0.0017227410901781376,0.002637447230517864,0.0002482219040393829,0.00037459369748830794
58500,3482.331620454788,0.0016472377815408307,0.0028374489024281502,0.0002458002045750618,0.0003617488592863083
58600,3489.5140187740326,0.0009594197114104919,0.002839182764291763,0.0002504710480570793,0.00038299985229969027
58700,3495.0592923164368,0.0015655811501658348,0.002642291635274887,0.0002474072203040123,0.0003042428195476532
58800,3499.759774208069,0.00019128495113299531,0.0026597332209348677,0.0002465110644698143,0.00026626545935869216
58900,3504.7916588783264,0.000905281343589217,0.002642429247498512,0.0002454134449362755,0.00027883581817150115
59000,3511.3488116264343,0.0008593608380520473,0.0026427118852734564,0.00024764183908700945,0.00034738697111606596
59100,3516.340629339218,0.0001476240857914571,0.0029138488322496413,0.0002459238469600677,0.00027847763150930406
59200,3521.7967467308044,0.005106987103455597,0.0026354750618338583,0.0002473217993974686,0.0003044654056429863
59300,3526.573113679886,0.006916626317227261,0.0026444136457783834,0.00024578953960112165,0.000269228241273335
59400,3534.31782412529,0.00023880257273348277,0.002634412869811058,0.00024712882936000824,0.00040481682866811753
59500,3540.0928606987,0.0007480608023522359,0.0026434020325541495,0.00024556469172239305,0.0003211948648095131
59600,3545.539121389389,0.0015934341199313683,0.002647811770439148,0.0002466650679707527,0.00030308343470096587
59700,3550.846655368805,0.0007934713225007275,0.0026370202377438545,0.0002486972510814667,0.0003007383644580841
59800,3556.025426864624,0.0005508934247757022,0.0026470985263586043,0.00024759162217378615,0.00029378291219472885
59900,3561.8488924503326,0.000158285915886249,0.002867347002029419,0.00042799189686775206,0.0003205194696784019
60000,3567.7266755104065,0.0009400724708159414,0.0026448772475123404,0.0002474609762430191,0.00032108545303344727
60100,3572.797459125519,0.0008618457003491225,0.0026214925944805147,0.00024704162031412123,0.00028509460389614105
60200,3579.170454978943,0.0004517927920775727,0.0026424025371670724,0.0002493882179260254,0.0003438742831349373
60300,3586.6364781856537,0.0010066655538522326,0.00263386532664299,0.0002472982928156853,0.0003908506780862808
60400,3593.1473693847656,9.196505370014124e-05,0.002887203507125378,0.00024770449846982955,0.0003526216000318527
60500,3598.648549079895,0.0009175054933406202,0.002861035726964474,0.0002476629242300987,0.0003078598529100418
60600,3603.8112604618073,0.005221136918577332,0.0028378799557685847,0.0002463827069316592,0.00029431109449693134
60700,3611.0442333221436,0.004393990527105219,0.0026415056735277177,0.00024939540773630145,0.00038451459258794787
60800,3616.6034557819366,0.000998319463699624,0.0029017189517617226,0.0002457085996866226,0.0003039305284619331
60900,3622.234305381775,0.00084065497488719,0.0026442248746752738,0.00024853579699993136,0.00031321108341217043
61000,3626.920973300934,0.0008971551973615191,0.002831723466515541,0.0002488032355904579,0.0002657988667488098
61100,3631.5298495292664,0.0014463872513479788,0.0026662398502230646,0.00024836558848619463,0.00026151981204748155
61200,3636.8573117256165,0.001026087001870218,0.002637746036052704,0.00024599891155958176,0.0002918395772576332
61300,3643.5158565044403,0.0007733424255569363,0.0028401970118284224,0.00024933982640504835,0.0003553765267133713
61400,3649.8696796894073,7.249640850586297e-05,0.0026486967876553536,0.00024829387664794924,0.0003469229117035866
61500,3655.2438292503357,0.005980125948585312,0.0026382748782634736,0.00042751964181661603,0.00030385587364435197
61600,3662.8102848529816,0.00022107527139146322,0.0028454006835818293,0.0002468712255358696,0.00040399115532636644
61700,3669.7091388702393,0.0018932431895024066,0.002637924887239933,0.0002451878786087036,0.00036860309541225433
61800,3677.1246807575226,0.0009931364404059124,0.0026492075994610786,0.00024791520088911055,0.00039452798664569856
61900,3684.748265028,0.00018790469181151847,0.0026419897004961966,0.0002452637255191803,0.00040456335991621015
62000,3691.8865468502045,0.0009109174159348088,0.0028307877906731194,0.0002455467038920947,0.00038098475762775975
62100,3696.94064950943,0.0008752561147461527,0.0026236588135361673,0.0002514294907450676,0.0002842433005571365
62200,3702.6446022987366,0.002286792528041365,0.0026371074095368385,0.0002469860017299652,0.00031362686306238177
62300,3707.5939116477966,0.0008815517319950547,0.0026449298858642577,0.00042740803211927414,0.000280517116189003
62400,3714.650074481964,0.004740036988209862,0.002646086513996124,0.00024723440408706664,0.00037645526230335236
62500,3721.9492988586426,6.346054580672361e-05,0.0028457604348659515,0.00024700969457626344,0.00038943812251091003
62600,3729.2573919296265,0.0009583266198279339,0.0026516840979456903,0.00024846222251653674,0.00039003726094961167
62700,3736.391188144684,0.0015839177342709754,0.0026424022763967513,0.00024959225207567216,0.00037875887006521224
62800,3742.174377679825,0.0014221759382050216,0.0026349667832255364,0.00024550843983888625,0.0003202608972787857
62900,3747.141983985901,0.00017289623125216148,0.0026399553567171097,0.0002450680360198021,0.0002808072790503502
63000,3752.0969111919403,5.407821972628485e-05,0.002642516754567623,0.00024725105613470076,0.00028143320232629774
63100,3756.9755535125732,6.280797681224471e-05,0.0026474077999591827,0.0002462276816368103,0.00027829878032207487
63200,3762.001768350601,0.0060374054514105505,0.0026359503716230394,0.00024902448058128357,0.00028701744973659517
63300,3767.0333817005157,0.0007963799938224645,0.0028525086119771,0.0002444208785891533,0.00028464067727327345
63400,3773.39927649498,9.10785176604622e-05,0.002906550552163806,0.0002474451916558402,0.00034610782350812634
63500,3780.9558413028717,0.002194178647469378,0.002645367830991745,0.0002464689314365387,0.0003993551805615425
63600,3788.2201521396637,0.005140990465357237,0.002651555947959423,0.0002476976439356804,0.0003796538710594177
63700,3795.304739713669,5.241149867102723e-05,0.0028574591875076293,0.0002481222897768021,0.0003800467029213905
63800,3801.8538422584534,0.0009502109552138674,0.0026409899815917014,0.00024824775755405426,0.0003516598418354988
63900,3806.7181680202484,8.267038621617012e-05,0.002839502654969692,0.00024789415299892426,0.0002749166637659073
64000,3812.728499889374,0.0009852387263618787,0.0026364733651280405,0.00024566154927015306,0.0003298097103834152
64100,3820.3319551944733,0.0013390553290257828,0.002879251874983311,0.00025148216634988783,0.00040132924914360046
64200,3826.7440934181213,0.0010238926854215494,0.00263150405138731,0.0002452718839049339,0.00034492556005716324
64300,3832.3584575653076,0.001664467438967512,0.002646082602441311,0.00024816926568746564,0.00030879896134138106
64400,3839.70135641098,0.0008483959964495466,0.0028547121211886404,0.0002463051304221153,0.00038309406489133834
64500,3845.44690656662,6.97473587481831e-05,0.002648302800953388,0.0002450212836265564,0.0003146401420235634
64600,3852.1886928081512,0.005913273460964192,0.0026438065990805628,0.0004274363443255425,0.00036451853811740874
64700,3858.6718237400055,0.0020016762208464826,0.0026378121972084044,0.0002482810989022255,0.0003485426306724548
64800,3864.389876127243,0.00019614386685868978,0.0026480070235473767,0.00024551688028233394,0.00031780918794018886
64900,3870.0228383541107,0.005050975911596025,0.002898333929479122,0.0002471903339028358,0.0003153957799077034
65000,3875.9997460842133,0.0015819404155745264,0.0026504283398389814,0.00024781767278909684,0.00032483071088790894
65100,3881.028426885605,0.00012000347476322976,0.002645994834601879,0.00024639971554279327,0.0002847094461321831
65200,3885.8452291488647,0.0008527653351823311,0.002633378989994526,0.00024808455258607865,0.0002734511718153954
65300,3890.7201294898987,0.000822756507723488,0.0026149072870612143,0.0002464352175593376,0.0002762514725327492
65400,3896.976248025894,0.002015865434681308,0.0026364951953291894,0.00042721182107925416,0.0003403794020414352
65500,3903.878741979599,0.0014742570246139661,0.0026203549653291704,0.0002469884231686592,0.00036941301077604295
65600,3911.3441393375397,0.0001797988338456602,0.002861946038901806,0.0002482670918107033,0.00038713160902261736
65700,3918.16437792778,0.006369160422039318,0.0026496734470129015,0.00024895872920751574,0.00035909548401832583
65800,3923.2469067573547,0.00021254401577013997,0.0026393910497426987,0.00024972591549158094,0.00028781544417142866
65900,3928.2627215385437,7.110421921870336e-05,0.0028489672020077707,0.00024674788117408754,0.00028651852160692213
66000,3932.7877762317657,5.1302823586192034e-05,0.002854166179895401,0.00024760864675045014,0.0002592345327138901
66100,3937.5722737312317,0.0009997464748830753,0.002660538862858499,0.0002459244163972991,0.00027429898934704913
66200,3942.649906396866,0.0019319094720423855,0.002867894098162651,0.000248919278383255,0.0002858515828847885
66300,3947.646288394928,0.0008905036180837325,0.0026423563808202744,0.00024893496185541153,0.00028476305305957794
66400,3952.4936549663544,0.004407142820269999,0.002647547721862793,0.0002498294413089752,0.0002764705941081047
66500,3957.335700273514,0.0008856747220569397,0.002635320909321308,0.00024568211287260053,0.00027614545077085493
66600,3962.261538743973,0.0047836449732026505,0.0026377500966191293,0.00024893958121538165,0.00028136849403381347
66700,3967.765376806259,0.0025467872528547077,0.002649323605000973,0.0004247991740703583,0.00030604660511016844
66800,3974.827567100525,0.0008818791429919279,0.0026396733522415163,0.00024681638926267625,0.00037619881331920626
66900,3982.376050710678,0.0014077857131107722,0.0028338689729571344,0.0002496320381760597,0.0003990107774734497
67000,3989.629453897476,0.0008298889697608675,0.0026388558372855185,0.0002450663596391678,0.00037993289530277255
67100,3995.3340904712677,9.748097096161562e-05,0.00262948676943779,0.00024731487035751343,0.0003136341646313667
67200,4002.7969732284546,4.975798020143779e-05,0.0026321423798799514,0.0002478219196200371,0.0003983396664261818
67300,4008.922399997711,5.890683369140309e-05,0.002645257115364075,0.00024763785302639007,0.000331973060965538
67400,4015.341106891632,0.0009538652326569019,0.003109486810863018,0.0002461257576942444,0.0003393683582544327
67500,4022.99986076355,6.114213365789997e-05,0.0026514191074030746,0.0002451833497200694,0.00040355844689267026
67600,4030.1128520965576,3.149866495464282e-05,0.0026444561779499056,0.0002508824318647385,0.0003789391368627548
67700,4037.0101528167725,0.004354587284110351,0.0026599766314029695,0.0002501022070646286,0.00036684971302747727
67800,4044.4158442020416,0.0009929557334945735,0.0026285795494914053,0.0002459033951163292,0.0003922436758875847
67900,4051.288689851761,0.001222693462667102,0.003057194650173187,0.0002478409931063652,0.00035619817674160004
68000,4058.1429376602173,0.0016491908799196218,0.0028329911082983017,0.0002453871071338654,0.00036403704434633254
68100,4065.45263838768,0.00019441752235491467,0.002909414730966091,0.0002493131160736084,0.0003844799846410751
68200,4072.7114555835724,0.0008560800096816945,0.0026350095123052596,0.00024881787598133085,0.00037948280572891235
68300,4079.38560295105,0.004421565854791998,0.002638291046023369,0.0002443438395857811,0.0003602815419435501
68400,4084.3193321228027,0.0008592387878794103,0.002635315805673599,0.00042950350791215897,0.00027999196201562883
68500,4088.5050077438354,6.564975950120621e-05,0.0026456406712532044,0.00024743173271417617,0.00023654449731111527
68600,4092.7285022735596,0.001562672333917,0.002649606056511402,0.00024791982024908066,0.00023711271584033966
68700,4096.856862068176,0.0019246998771805263,0.002642255425453186,0.00024373911321163178,0.00023315977305173873
68800,4101.244403839111,0.0014062438784727958,0.0026170347630977632,0.0002467050775885582,0.0002456897497177124