#=== darpa_temp_pretrained_base_w10_full_0.001lr ===
#
#Metrics:
#  Accuracy: 0.9995 | Micro F1: 0.9995 | Macro F1: 0.8744 | 
#  False Alarms: 1 | False Alarm Rate: 0.0001
#  Missed Attacks: 19 | Detection Rate: 0.9991
#
#Per-Class Metrics:
#  [phase1] P=0.8333 | R=0.8333 | F1=0.8333 | 
#  [phase2] P=1.0000 | R=0.6667 | F1=0.8000 | 
#  [phase3] P=1.0000 | R=0.9000 | F1=0.9474 | 
#  [phase4] P=1.0000 | R=0.5000 | F1=0.6667 | 
#  [phase5] P=1.0000 | R=0.9995 | F1=0.9997 | 
#
#Inference time:
#  Average: 0.0054 | Total: 203.5909
#
#Confusion Matrix:
#         	      	      	      	Actual	      	      	      
#         	      	benign	phase1	phase2	phase3	phase4	phase5
#         	benign	 15674	     1	     2	     1	     3	    12
#         	phase1	     1	     5	     0	     0	     0	     0
#Predicted	phase2	     0	     0	     4	     0	     0	     0
#         	phase3	     0	     0	     0	     9	     0	     0
#         	phase4	     0	     0	     0	     0	     3	     0
#         	phase5	     0	     0	     0	     0	     0	 22030
i,time,loss,ground_time,compile_time,eval_time
100,32.429312229156494,2.1835185150165246e-06,0.0031918543204665184,0.000306888185441494,0.00041841793805360796
200,63.315163373947144,0.00434600510157361,0.003432190753519535,0.00030484702438116074,0.0003877517208456993
300,89.22720289230347,0.0011268059346274924,0.0031345269829034807,0.0002964350581169128,0.0003523655980825424
400,120.47153973579407,0.001250541596975233,0.003249976672232151,0.0003105895221233368,0.0004057871550321579
500,140.59328246116638,0.0015721259400559733,0.0030888085067272185,0.0002878979593515396,0.0002933677285909653
600,165.66337323188782,0.00019544635820295308,0.003202696889638901,0.0003095696493983269,0.0003563689440488815
700,183.70309734344482,0.002837192523811496,0.0033590292558074,0.00028909776359796523,0.0002706494927406311
800,205.69941234588623,0.0001673459986375969,0.0031241030618548394,0.0002912408858537674,0.00029686417430639265
900,226.82477188110352,5.600122283705045e-05,0.0031822386384010317,0.00030400600284338,0.00034346237778663634
1000,244.8720338344574,0.0019978328896431453,0.003169499710202217,0.00029712338000535964,0.00028481271117925645
1100,264.873464345932,0.000984299882515455,0.003207540214061737,0.00030419275164604185,0.00034064732491970065
1200,281.0420641899109,0.0009027975007877342,0.0031314804032444954,0.0002957097068428993,0.00028110090643167495
1300,299.8291893005371,0.001002032943979916,0.003214881233870983,0.00030664727091789246,0.00031895365566015244
1400,315.214994430542,7.256063442778348e-05,0.003156030614461217,0.0003010753010000502,0.00028500478714704513
1500,325.41986179351807,0.001923712531913407,0.0031414002552628516,0.0003013176470994949,0.00023714393377304076
1600,341.88026428222656,0.001988741785845304,0.0031448589265346528,0.00030056633055210115,0.00038585491478443146
1700,352.548278093338,0.001962029958522425,0.0031503918394446373,0.0003042997419834137,0.00025042053312063217
1800,374.5310573577881,0.00035935029870693276,0.0031741761043667794,0.0003013128042221069,0.0005168376863002777
1900,398.2650308609009,5.9054965374383264e-05,0.0031905875355005262,0.00029847446829080583,0.0005578824132680893
2000,414.1831591129303,0.001690432191539185,0.0031735945492982866,0.00029933713376522063,0.00036556512117385864
2100,424.6569426059723,0.00015019669618763026,0.003408592715859413,0.0002999267354607582,0.0002447600290179253
2200,439.1242823600769,0.0010070076384849605,0.003154502883553505,0.0002993312850594521,0.0003343835845589638
2300,458.21058535575867,0.0025332204384281355,0.0031678098440170287,0.00030197862535715105,0.0004349740594625473
2400,479.3307342529297,0.0012866827949517047,0.003162565156817436,0.00029981765896081925,0.00048102572560310364
2500,500.42834520339966,0.0007695786809691549,0.0031682287901639936,0.0003008628636598587,0.00048267997801303863
2600,515.6343355178833,0.0003063686309058539,0.0031833607703447343,0.0003005829080939293,0.0003487765416502953
2700,532.321010351181,5.8195430943441537e-05,0.003179252967238426,0.0002983582019805908,0.0003849194198846817
2800,542.5636100769043,7.683849075899945e-05,0.003423612250813416,0.0003015630213277681,0.00024025878735951017
2900,552.9499938488007,1.3093290064550012e-05,0.0031584909558296202,0.0003025469556450844,0.00024282708764076233
3000,566.1673095226288,0.00203856954119295,0.0031924329325556753,0.00029845625162124636,0.0003085771948099136
3100,578.5922045707703,0.0024047107705394413,0.003150443062186241,0.00030014678835868833,0.00028798040002584455
3200,588.6809656620026,0.0003228318279386255,0.003445556573569775,0.0003008083999156952,0.0002369130030274391
3300,599.797297000885,0.001865887109760581,0.0031625399738550186,0.00029942832887172696,0.00024666063487529757
3400,627.5599503517151,0.0014875759019281618,0.0031555960699915886,0.0003004496917128563,0.0006618944555521011
3500,646.7733709812164,0.0010593733528581784,0.0031639858707785606,0.0003000486269593239,0.00043909035623073577
3600,667.8128139972687,0.00018844802670844985,0.003163323625922203,0.00030002083629369734,0.00047893136739730836
3700,688.9423635005951,0.001019166766118868,0.0031662847474217414,0.0003000262752175331,0.00048002451658248904
3800,716.4961261749268,0.0003464356556517839,0.0032039694115519523,0.00030562505125999453,0.0005538732558488846
3900,727.1269540786743,0.0008264589435443687,0.0031445037946105005,0.00030009355396032333,0.0002518126368522644
4000,737.7804152965546,0.0014788190168665296,0.003182236962020397,0.00030099838972091675,0.0002495240047574043
4100,776.0979738235474,0.0010407716478855126,0.0034390099346637724,0.0002997288107872009,0.0009180298820137977
4200,809.672577381134,0.00027857072605972836,0.003151586375066212,0.0003007045707532338,0.0008096298681838171
4300,829.7766873836517,5.813625882818391e-05,0.00316218513995409,0.00030103128403425217,0.00047783128917217255
4400,845.5020430088043,3.19413833620677e-05,0.003193918988108635,0.000300767794251442,0.0003743734583258629
4500,857.0040407180786,0.0021702087047294704,0.003135795071721077,0.0002994806319475174,0.0002693987637758255
4600,867.9119288921356,0.0014192169697664514,0.0031839827448129653,0.0003031705692410469,0.00025525644421577455
4700,883.0774517059326,0.002404295937893844,0.003128257542848587,0.00029972296208143236,0.00035133209079504015
4800,908.6116201877594,0.00038914441279521843,0.0031694620102643966,0.0003001990541815758,0.0006052809208631515
4900,955.1375095844269,0.002472957049841307,0.0031658918038010597,0.0003013244643807411,0.0011217639595270156
5000,978.4210605621338,0.001040374842991554,0.00317358136177063,0.00030153438448905946,0.0005393015220761299
5100,999.6555609703064,9.970376220979737e-05,0.003166201636195183,0.000301259309053421,0.0004869922995567322
5200,1016.929619550705,0.0011117702732810347,0.003147173710167408,0.0002981161326169968,0.00039790768176317215
5300,1027.970986366272,0.0009479570470209197,0.0034221237897872924,0.00029877200722694397,0.00025795932859182355
5400,1038.8110768795013,6.696466956066294e-05,0.0031787259131669998,0.0003009776026010513,0.00025463886559009554
5500,1049.5040781497955,0.0007927027389965321,0.003436641059815884,0.00030000224709510805,0.00025188762694597247
5600,1061.9809818267822,0.0006099527863037038,0.003175128123589924,0.00030171187328440803,0.000293085617678506
5700,1102.626493215561,0.001619324947236822,0.0031635893881320955,0.00030075058341026304,0.000980825126171112
5800,1119.217865228653,0.001165338532852142,0.003168167546391487,0.0003001432865858078,0.0003858049213886261
5900,1129.9943823814392,0.00011812584651403363,0.003166665881872177,0.0003010905534029007,0.00025358226150274277
6000,1152.1527178287506,0.001568842012328411,0.003153359517455101,0.00029834643006324766,0.0005267314985394478
6100,1162.520341873169,0.0017370933023315748,0.003178227432072163,0.00029822807759046557,0.0002435765042901039
6200,1174.022445678711,0.0017696829546697984,0.0031650887429714204,0.0003039122000336647,0.0002689075842499733
6300,1185.7743384838104,0.00014010915871708106,0.003177148289978504,0.0003011952713131905,0.000276988185942173
6400,1197.331003665924,0.0011266195040371108,0.0031492725759744646,0.00029961798340082167,0.00027366627007722853
6500,1210.7491722106934,0.00014341724914405718,0.003158379718661308,0.00030067719519138336,0.00031252875924110414
6600,1222.7939944267273,0.0030173253763025563,0.0031486457586288453,0.00030197616666555405,0.00028255566954612734
6700,1233.4660558700562,0.0010073514135781972,0.0031802541390061377,0.0003001589700579643,0.0002496577054262161
6800,1272.7483627796173,0.0012559738566675794,0.003696394897997379,0.0002989146113395691,0.0009477603435516358
6900,1300.6170959472656,0.0002588184263818072,0.003171761818230152,0.0003005346389753478,0.0006721258163452148
7000,1339.6477854251862,0.0010257396928187459,0.0031763356924057007,0.0002990704774856567,0.0009397431463003159
7100,1360.6419551372528,0.0005552460459435458,0.003153703324496746,0.00029833324253559113,0.0004816766083240509
7200,1381.948826789856,0.0003683005128443537,0.0031945014744997023,0.0002992198243737221,0.0004852435737848282
7300,1420.6985960006714,8.652095357208345e-06,0.0031370828673243523,0.00030099887400865556,0.0009223999083042145
7400,1437.547383069992,0.0009066395673294995,0.0031800587102770806,0.00030095387250185014,0.0003996894881129265
7500,1448.507838010788,0.0001094243191244737,0.003120424598455429,0.00029847055673599244,0.0002552720904350281
7600,1464.7955315113068,3.711107528059948e-05,0.0031607184559106828,0.00030193649232387545,0.00038986094295978546
7700,1475.6013624668121,0.0018778452444955238,0.0031712318956851958,0.00030168861150741576,0.0002536369115114212
7800,1486.422966003418,0.0028866799413931068,0.0034294870495796205,0.00030027899891138076,0.0002540905773639679
7900,1497.1439485549927,0.0016944696291541867,0.0031526963785290718,0.00030276328325271604,0.00025158196687698366
8000,1507.8763785362244,0.0014235332440188785,0.0031843142583966254,0.0003033459931612015,0.00025196224451065066
8100,1523.7747223377228,0.001838388761023002,0.0031866223365068437,0.00029869750142097473,0.00037508171051740645
8200,1545.197926044464,0.0008650423981978506,0.003446378670632839,0.0003024745360016823,0.0005121472477912903
8300,1555.6785147190094,0.001090322876422386,0.0031497414835861747,0.0003002849274447986,0.0002471784023301942
8400,1595.99818277359,0.0010648169189094608,0.003443973623216152,0.0003013858199119568,0.0009656455740332604
8500,1635.2606828212738,0.00020045179030579675,0.0031789153814315795,0.00029920965433120726,0.0009424981847405433
8600,1673.1285455226898,0.001676727037368366,0.0034192197769880293,0.00030153151601552963,0.0009092756733298301
8700,1700.1292972564697,0.0002639421398047567,0.0031638174876570703,0.00030348438769578934,0.0006349861621856689
8800,1721.2237079143524,0.001095090706567062,0.003181263282895088,0.00030178070068359375,0.00048504836857318876
8900,1740.7757530212402,0.0010045746507965048,0.0031554728746414186,0.0003017386049032211,0.0004521070048213005
9000,1769.0460166931152,0.000385874249333433,0.003179370015859604,0.000299895778298378,0.0006728087365627289
9100,1790.8408014774323,0.002297892522784605,0.0031375134736299514,0.0002997533977031708,0.0005241148918867111
9200,1817.0123901367188,0.001744017883173766,0.0031775495782494544,0.00029877305030822753,0.0006293976679444313
9300,1840.1315686702728,0.00015907279894470384,0.003162919282913208,0.0002990485727787018,0.0005566789582371712
9400,1850.9932532310486,0.00220050251097621,0.0031529666110873223,0.0003004303574562073,0.0002560247853398323
9500,1862.0435907840729,0.00022327331060758378,0.0031809454038739205,0.000299840047955513,0.00026138704270124437
9600,1874.827537536621,0.001598704758655809,0.003174724727869034,0.000300881490111351,0.00029874324798583984
9700,1885.523678779602,0.00038826640313284006,0.003142498949808734,0.00029873814965997424,0.00025397883462054393
9800,1896.3490447998047,0.0001048831886843557,0.0034487489238381385,0.00030032359063625336,0.00025365933775901796
9900,1906.9860653877258,0.002479935635015868,0.003155129812657833,0.00029985804110765457,0.0002498835697770119
10000,1917.9413449764252,0.0001904630373813515,0.0034264759719371796,0.0003011655434966087,0.00025689620524644853
10100,1928.5718195438385,6.491703947733462e-05,0.003192754089832306,0.0003021382540464401,0.0002496707439422607
10200,1939.393285036087,2.6932066148740442e-05,0.0031638430058956147,0.000299767330288887,0.0002532201632857323
10300,1950.085678577423,0.0011608542570077823,0.0031577729061245917,0.0003013370186090469,0.0002505284547805786
10400,1961.776306629181,0.0019072888043208441,0.003164006806910038,0.0003016165643930435,0.00027223337441682814
10500,1982.8779892921448,0.002409051490429029,0.003173632100224495,0.00030234213918447497,0.0004844062775373459
10600,2004.2162108421326,0.000938546415079341,0.003148936554789543,0.00029910329729318616,0.0004938424751162529
10700,2028.5417277812958,0.0009691863327712788,0.0031790963932871816,0.0003016432002186775,0.0005816033855080605
10800,2056.9802050590515,0.00012748848349290826,0.0031559857353568076,0.0002987518534064293,0.0006833232939243317
10900,2069.4006078243256,0.0010933563696141398,0.003158918619155884,0.0003005950897932053,0.0002885551005601883
11000,2083.957843542099,0.0011603800206385685,0.003174808621406555,0.0002998056635260582,0.00034150004386901856
11100,2098.5633227825165,0.0010638390159819445,0.0031687860031213077,0.0003034455967800958,0.00035120060933487756
11200,2119.4803347587585,5.840129797218319e-05,0.0031440026313066484,0.00030117362737655637,0.0004977744817733765
11300,2130.1791603565216,0.002869925526493868,0.003176220580935478,0.00030019231140613554,0.00025200292468070985
11400,2142.647769212723,0.0012168489540596978,0.0034031177684664725,0.00029918354004621506,0.0002954555302858353
11500,2153.3250648975372,0.0009016540155792985,0.003171038515865803,0.00030129790306091306,0.0002526894956827164
11600,2164.5154807567596,0.00017828854880589856,0.0031663280725479125,0.00030053544789552687,0.0002649981528520584
11700,2208.9732751846313,0.0010497250075559926,0.0031676216050982474,0.00030090000480413435,0.0010735728964209558
11800,2255.4652795791626,0.0009776072395592471,0.003401378355920315,0.0002986246719956398,0.001122225821018219
11900,2300.0222465991974,0.0014952269687373324,0.003175777830183506,0.0003032287210226059,0.0010783366486430167
12000,2319.6561822891235,0.0009723513231923844,0.0031807029619812964,0.0003000449761748314,0.0004662179946899414
12100,2342.003440618515,0.0008923814547729919,0.0031744632497429847,0.00029821090400218965,0.0005253631249070167
12200,2357.6056365966797,0.001810807619215668,0.0031656553968787194,0.0002997443452477455,0.00036534421145915984
12300,2380.4150228500366,0.0002524112167005144,0.003173968382179737,0.000300372950732708,0.0005489522218704223
12400,2391.0536568164825,0.0010194699454492216,0.0031730705712522777,0.0003005719610622951,0.000255008116364479
12500,2418.452892780304,0.0009945759576267693,0.0034303493052721024,0.0003048303723335266,0.0006608153507113456
12600,2429.0671513080597,0.0007765605461560732,0.0031531217694282534,0.0003004433587193489,0.0002521815523505211
12700,2450.1747801303864,0.0015117308045660288,0.0031704201176762582,0.00030208226293325423,0.00048515625298023224
12800,2471.1845829486847,0.001656430925561932,0.003425294831395149,0.0002978021278977394,0.00048488028347492217
12900,2492.267922639847,0.00010276655743872514,0.0031788813695311545,0.00029888354241847993,0.0004852824285626411
13000,2528.307652950287,0.0011103229542832826,0.003132639080286026,0.0002982201427221298,0.000861046276986599
13100,2547.2400934696198,0.0010325570706947451,0.003180479854345322,0.0003017576038837433,0.0004478805512189865
13200,2557.573028087616,0.0025074259646107357,0.0031075933203101157,0.00030079197138547896,0.00024352192878723144
13300,2567.8377265930176,0.0010467235945866998,0.003208307437598705,0.0003032953292131424,0.0002432340383529663
13400,2580.3417127132416,0.0009283922167341,0.0031972423195838926,0.0002998918667435646,0.0002951562404632568
13500,2608.1002180576324,0.0002868661619540017,0.0031698157638311384,0.0003009629622101784,0.0006539710983633995
13600,2629.164412021637,4.567215316765294e-05,0.003152967318892479,0.000302451029419899,0.0004854732006788254
13700,2650.1505205631256,0.0026128639423935985,0.003197559788823128,0.00029733806848526,0.00048438061028718946
13800,2668.194024324417,0.0003150983621451528,0.0031537123450211114,0.00029996472809995923,0.00041985808738640384
13900,2678.7728312015533,6.859879869488022e-05,0.0031333086267113686,0.00029811259359121325,0.0002483513951301575
14000,2697.706456184387,0.0014419504641192682,0.0031397607922554016,0.00030056871473789216,0.00044791214168071747
14100,2731.617174386978,0.0018297297151086513,0.0031968850269913675,0.0003002034872770309,0.0008194021135568618
14200,2742.2644605636597,0.00015854866723691714,0.003150973543524742,0.0003017604351043701,0.00025268785655498506
14300,2753.0021805763245,0.0009697588678776619,0.0031619278714060785,0.0003027902916073799,0.0002544168010354042
14400,2773.984400987625,9.036402016016632e-05,0.0031441208347678185,0.0002976500615477562,0.00048409529030323027
14500,2791.883543729782,5.2453345701060085e-05,0.003435718081891537,0.00029981307685375216,0.0004180530086159706
14600,2812.659602165222,0.0010553397159894532,0.003177271485328674,0.0003011250123381615,0.000495121069252491
14700,2832.3707790374756,0.002366842873185796,0.003191121183335781,0.00030086960643529895,0.00046725887805223467
14800,2843.303047180176,0.0011457089977316636,0.0031455153226852416,0.00030088093131780625,0.00025753870606422426
14900,2871.2903158664703,0.001969974461009706,0.0031830356642603874,0.0003020724281668663,0.0006706849485635757
15000,2913.07399392128,0.0016293707365591767,0.0031678443402051925,0.0002997691184282303,0.0010091984644532205
15100,2931.000337600708,0.0009135245514599227,0.0031756555661559107,0.00030118696391582487,0.00042840249836444854
15200,2941.371197462082,0.00024085222124922728,0.003442919222371919,0.00029899989387818744,0.0002465871295758656
15300,2971.371211528778,0.002607510415793526,0.0031660588458180426,0.0002989625558257103,0.0007097059115767479
15400,2999.4749093055725,0.0013690171776143036,0.0031716691330075262,0.0003014129027724266,0.0006768548861145973
15500,3010.147833108902,0.00019358349529085495,0.0031584900990128516,0.0002998517826199532,0.0002547716721892357
15600,3020.7715570926666,0.0009548324615573559,0.0031435029208660126,0.00029813885688781736,0.0002527206763625145
15700,3031.4353511333466,0.0010720268156273831,0.003186689019203186,0.0003009866550564766,0.00025444429367780684
15800,3041.9746758937836,0.0009545431320256256,0.0031888226419687273,0.0003009723871946335,0.0002507068961858749
15900,3052.5809664726257,0.0012065187142048153,0.0031649408489465712,0.0003020108491182327,0.0002527334541082382
16000,3063.349320411682,0.0016626887862364603,0.003160739503800869,0.000301816388964653,0.00025614380836486817
16100,3074.326300382614,0.0001799650994139107,0.0031620705872774124,0.00029799479991197584,0.0002572543919086456
16200,3085.028857946396,0.0020214899754006656,0.0034368926286697386,0.0003014475107192993,0.00025323636829853056
16300,3095.6640400886536,9.393025652016857e-05,0.0031724949181079864,0.00030174750834703444,0.0002511003613471985
16400,3106.283763408661,0.0012572323837064612,0.003165266625583172,0.00030298687517642974,0.00025224581360816956
16500,3117.050969362259,0.00032027817028148776,0.003122823499143124,0.00029921699315309523,0.000256819948554039
16600,3127.9388291835785,5.914343397587257e-05,0.003468487049852099,0.00030244113079139163,0.0002612125075289181
16700,3138.470145225525,0.00259878085629497,0.003149789460003376,0.000300046019256115,0.00025073152035474776
16800,3178.1386981010437,0.001982005515719459,0.00343407541513443,0.000299655944108963,0.0009551448747515678
16900,3202.0095040798187,0.0015382419399873053,0.00316770002245903,0.00029945310205221177,0.0005511618033051491
17000,3231.5006947517395,0.002908023147729297,0.003207511715590954,0.00029946401715278624,0.0007025828212499619
17100,3252.5252044200897,0.00021688136644298694,0.003139074519276619,0.0003004413843154907,0.0004839274287223816
17200,3273.6176364421844,0.0010357110707192156,0.003154423125088215,0.000304066501557827,0.00048641491681337355
17300,3290.3642959594727,0.00016679835456891723,0.0031378183886408804,0.00029997821897268293,0.0003884200006723404
17400,3320.46798992157,0.00038069391922021105,0.003196752741932869,0.00030204251408576965,0.000727732926607132
17500,3339.4990179538727,4.325441430487353e-05,0.0034459657594561577,0.0003005734086036682,0.0004397967830300331
17600,3354.40575504303,9.612681541913886e-05,0.0031123074144124986,0.0002962496504187584,0.00034881360828876496
17700,3365.0067553520203,2.000208163606465e-05,0.003177863657474518,0.00030582066625356674,0.000251229889690876
17800,3376.4767820835114,0.0011400769764956685,0.00318054374307394,0.00030020758509635926,0.0002702374383807182
17900,3397.1923739910126,0.0010026539731009766,0.003167339749634266,0.0002985106036067009,0.00048319712281227114
18000,3424.5512986183167,0.0007309800409713355,0.003174417939569269,0.0002996472322515079,0.0006504772284201213
18100,3434.9920539855957,0.00013930715291534946,0.003175141401588917,0.0003032761812210083,0.00024549182504415514
18200,3448.3674144744873,0.001044660009067072,0.003408714234828949,0.0003022050857543945,0.00031401697546243665
18300,3461.4392290115356,0.0010824734143134857,0.0031618357077240946,0.00030014153569936754,0.0003052249923348427
18400,3488.409833908081,0.0016082220422547063,0.003157831467688084,0.0002973900735378265,0.0006467903405427932
18500,3503.770962715149,0.0002767344973948721,0.0031775516644120217,0.00029972657561302187,0.0003565473854541779
18600,3529.579381465912,0.001474382237236396,0.003143855407834053,0.0002991156280040741,0.0006039223447442055
18700,3552.4195868968964,0.0017908918897905938,0.003429884910583496,0.00029789421707391737,0.0005250842496752739
18800,3577.46045422554,0.0011668552876803063,0.0031410878896713256,0.0003014833107590675,0.0006029706820845604
18900,3592.236259460449,0.001026333701672771,0.0031566314026713373,0.00030177947133779525,0.0003393884375691414
19000,3604.3508903980255,0.00010604008985509783,0.00318600382655859,0.0003011424839496613,0.0002864151448011398
19100,3644.0135333538055,0.0019109307888799212,0.003189873956143856,0.0002990487217903137,0.0009548947960138321
19200,3657.015249967575,0.0001138512297302996,0.0031641309708356855,0.000301174595952034,0.00031048808246850965
19300,3667.214108467102,0.0021874533834360427,0.003180212527513504,0.00030481625348329546,0.0002429607989532607
19400,3678.156593322754,0.001863071553623544,0.0031940319389104845,0.00030123770236968996,0.0002619419619441032
19500,3689.9360740184784,0.0009717041345105473,0.003151004537940025,0.00030142702162265777,0.00027638591825962066
19600,3701.27281665802,0.0016838302249990854,0.0033790743723511696,0.0002991284802556038,0.0002688342332839966
19700,3718.17116355896,0.0005530076349346677,0.003163500875234604,0.00029989365488290785,0.0003992289304733276
19800,3731.373708486557,0.0009658797553941994,0.003168323747813702,0.0003005753830075264,0.0003082699328660965
19900,3755.0500535964966,0.00010653194804392113,0.0031732700020074846,0.0002992820367217064,0.0005606278404593468
20000,3787.5495409965515,7.277003253666647e-05,0.003447223789989948,0.00029791679233312604,0.0007810145616531372
20100,3798.5859270095825,1.938395152544792e-05,0.003132681027054787,0.00030074696987867353,0.00026100628077983855
20200,3811.2133436203003,0.0014043887296244653,0.003190733417868614,0.0003041232377290726,0.000297100692987442
20300,3821.7326991558075,0.0016920973751265716,0.003155135065317154,0.0003013089671730995,0.0002488970756530762
20400,3833.2965817451477,0.0017014818901802836,0.0031818702444434167,0.0003011833131313324,0.000270451195538044
20500,3843.593975543976,0.0012362337545670382,0.0031643829122185705,0.00029988862574100496,0.00024353906512260436
20600,3874.4063999652863,0.0011673027550360524,0.0031702011078596115,0.00030121807008981705,0.0007332204654812813
20700,3886.2471277713776,0.0021877097357935783,0.003177700415253639,0.00029841417180640357,0.0002774101708616529
20800,3928.950686454773,0.0018425240675979178,0.0031853893771767615,0.000300760380923748,0.0010285785049200058
20900,3939.7524840831757,0.0010674517904715282,0.00341556940227747,0.00029978908598423006,0.00025356706231832504
21000,3955.5187039375305,0.00021243038449216323,0.0031681481003761293,0.00029976677149534225,0.0003677308186888695
21100,3987.0626294612885,0.0017346084050656977,0.0031500330939888952,0.00029918421059846876,0.0007559600844979286
21200,4030.5197954177856,0.0007409480323083784,0.003142571896314621,0.0003022940829396248,0.001047520898282528
21300,4058.917188644409,0.0010648426230656569,0.0031728436797857284,0.00030114084482192995,0.0005999406799674034
21400,4073.472597837448,0.00016322260040686266,0.0031973737478256225,0.00029886744916439055,0.0003459366038441658
21500,4087.766094684601,4.152389516119792e-05,0.0031703665107488633,0.00030030272901058195,0.0003355194628238678
21600,4102.164907455444,0.0010459682175289647,0.0031252001225948334,0.00030034143477678297,0.00033577635884284973
21700,4113.407821178436,0.0001032546499564746,0.0031924282014369966,0.0002989877760410309,0.00026444699615240096
21800,4123.879123926163,0.0020023648938622424,0.0031565188989043235,0.00030087649822235107,0.00024485066533088686
21900,4134.449882268906,0.00025620362122179995,0.003158358968794346,0.00030202265828847884,0.00024766705930233
22000,4145.689816951752,0.0017504102704598023,0.0034571024775505066,0.00030310120433568955,0.000265364833176136
22100,4169.380010843277,0.00011191556314710387,0.0031991048849054748,0.00030074196202414376,0.0005713998313461032
22200,4179.8833684921265,4.5042905998232966e-05,0.0031638452783226967,0.0003028496727347374,0.00024810317903757096
22300,4202.548374652863,0.0019427205423918912,0.003158941641449928,0.00030012290924787523,0.0005362401902675629
22400,4223.78044629097,0.0010833103626180312,0.0032031054049730303,0.000302543118596077,0.0005094131827354431
22500,4234.458482980728,0.0006228087147427172,0.0031608879193663598,0.0003025950863957405,0.0002531573548913002
22600,4245.13799738884,0.0009779312991678448,0.0031715102866292,0.0003004821762442589,0.0002520937472581863
22700,4255.8374898433685,9.159205312181423e-05,0.003418644219636917,0.0002991754561662674,0.00025218334048986434
22800,4266.707061052322,0.0028808325937987045,0.0031533561646938323,0.00030040662735700605,0.000257137231528759
22900,4277.548711299896,0.0017294123715276795,0.003185487203299999,0.00029930520802736284,0.0002552357316017151
23000,4288.450314760208,0.00013425952810248526,0.003166609853506088,0.0002988681197166443,0.0002572769671678543
23100,4301.478153467178,0.0010503700694659932,0.0031478593870997427,0.00030141592025756836,0.0003051239997148514
23200,4315.613381147385,0.001203235620151235,0.003174406960606575,0.00030056532472372055,0.0003309282660484314
23300,4352.8235466480255,0.0009144938778778547,0.0031445486471056937,0.0002993963286280632,0.000889645591378212
23400,4399.215538024902,0.0007295642662960944,0.0034034188836812975,0.00029899191111326217,0.0011215561628341675
23500,4429.32181596756,0.0009846571512684412,0.0031471488411937442,0.0003012667117374284,0.0007285913079977035
23600,4441.378123283386,0.00010711668471630492,0.0031543975695967675,0.0003006494417786598,0.00028635196387767793
23700,4457.0224051475525,0.00152271000975944,0.0034491638094186782,0.0003002311289310455,0.00036549162119627
23800,4467.718021631241,0.0016010454286691934,0.0031742189079523087,0.00030318986624479295,0.0002532939612865448
23900,4478.32944393158,0.002033194425799652,0.0031271206215023996,0.0003020070493221283,0.00025103986263275146
24000,4488.970456361771,0.00017403220440354887,0.003168252669274807,0.00029849845916032794,0.00025048963725566865
24100,4519.149039983749,0.0010753868566285517,0.003158560171723366,0.0003017404302954674,0.0007235584035515786
24200,4532.609561681747,0.0019795646588008117,0.0031877557188272477,0.0003015587478876114,0.00032072529196739194
24300,4548.17497420311,0.00020085003576445244,0.0031645028665661813,0.00029978141188621523,0.000360025055706501
24400,4558.740962028503,7.680292889497037e-05,0.0031564699858427046,0.00030064284801483153,0.0002488276734948158
24500,4569.078667163849,0.0013297813274819803,0.0031547049805521967,0.0003028756752610207,0.00024401545524597169
24600,4579.6074595451355,0.00013426742284302379,0.003464168757200241,0.0002984600141644478,0.0002462676540017128
24700,4592.930067062378,0.0010017663025999495,0.003175555281341076,0.0002996877208352089,0.0003164176270365715
24800,4627.244918584824,0.0013000087723895406,0.0031726747165833204,0.0002970383901681219,0.0008302691206336022
24900,4639.369922399521,0.0019253340635366628,0.003422173485159874,0.00029699090868234634,0.00028558399528265
25000,4649.644111156464,0.0008075859869695528,0.0031942036375403405,0.0003005211055278778,0.0002428397536277771
25100,4672.2564561367035,0.00012734759773104482,0.0031698089465498924,0.0003003546595573425,0.0005423843115568161
25200,4682.893784284592,5.7285215666794676e-05,0.0031816918402910233,0.0003015698119997978,0.0002501928433775902
25300,4715.637547254562,0.0028843438123537257,0.00342526949942112,0.00029803283512592316,0.0007750611379742623
25400,4762.062209367752,0.0017382153773948241,0.003148435428738594,0.0002990361303091049,0.001123088002204895
25500,4804.001132488251,0.00026997618357663095,0.003190201073884964,0.00030171487480401993,0.0010146955400705338
25600,4815.358292341232,0.0030350015253690354,0.003147374205291271,0.00029972217977046966,0.0002698124200105667
25700,4835.225817680359,0.00033820769623239713,0.0031316691637039186,0.00030033454298973084,0.00047069992870092393
25800,4869.784417629242,9.176725935701874e-05,0.003150958381593227,0.00030342530459165573,0.0008341092988848687
25900,4880.440320014954,0.0011986094974097974,0.003155329413712025,0.0002994837984442711,0.0002501196414232254
26000,4891.196194887161,0.0002117734669472879,0.0031631672009825706,0.00030191946774721145,0.0002497800812125206
26100,4901.837244749069,0.0012428813605476177,0.003197813481092453,0.0003019731491804123,0.0002483052387833595
26200,4913.5130496025085,0.00016613175636665255,0.0031744738774640213,0.0003032766388995307,0.00027362077896084095
26300,4924.073611974716,0.0029746750091241892,0.0031754377484321593,0.0003022459149360657,0.000248459130525589
26400,4934.429441213608,0.00023187656024076437,0.0031660983711481096,0.00030312612652778627,0.00024321623146533966
26500,4944.816778421402,0.0001293926412985591,0.0034270602464675903,0.0002998533099889755,0.0002437499538064003
26600,4978.548027515411,0.0009688364222123055,0.0031622777134180068,0.0003011501580476761,0.0008028025180101395
26700,5008.134883642197,0.0015903586742989449,0.0031615933403372765,0.0003004666790366173,0.0007080318406224251
26800,5029.265683174133,0.0019507624802275287,0.0034374375641345978,0.00030002698302268984,0.00048489298671483994
26900,5050.38606095314,0.0009509808199603231,0.003168528899550438,0.00030027218163013457,0.00048435259610414506
27000,5071.563122987747,0.001184870171916007,0.003134716711938381,0.0002982396632432938,0.00048538405448198316
27100,5103.933561086655,0.0019222735467502444,0.0031632906571030617,0.00029884394258260726,0.0007776399701833725
27200,5117.169005870819,0.0009095648556276142,0.003162957988679409,0.00029987994581460954,0.00030984662473201754
27300,5127.425418138504,0.00018457064684196224,0.003201010264456272,0.00030040740966796875,0.00024405613541603088
27400,5149.933436632156,0.00014722192430139308,0.0031647951155900954,0.0003015633672475815,0.0005434153601527214
27500,5170.765705347061,4.7396008796162513e-05,0.003156420774757862,0.000302211195230484,0.000496484525501728
27600,5181.561886787415,0.0010179725016357516,0.0031844466818230495,0.0003004148602485657,0.00026079028844833374
27700,5195.4447185993195,0.001851633123167969,0.003119259439408779,0.00029709413647651675,0.00032471660524606704
27800,5216.454738616943,0.0002771661016128135,0.0031782541051506995,0.0003018090128898621,0.0004840658232569694
27900,5236.950489759445,8.921199758789411e-05,0.0031625597178936006,0.00030109718441963197,0.00047350652515888215
28000,5264.899006128311,0.0018911167782026655,0.0031722638010978697,0.00029894798994064333,0.0006338400766253471
28100,5298.5779728889465,0.0029143988136870035,0.0031328510120511056,0.0003001100942492485,0.0008057523146271705
28200,5327.169779777527,0.00014223666421013054,0.0031563317030668257,0.0003010639175772667,0.0006864405423402787
28300,5340.757603406906,0.0010008624477102742,0.0031908781826496123,0.0002995198592543602,0.0003205924108624458
28400,5370.226098537445,0.0017330660406900808,0.003748370558023453,0.0002996038645505905,0.0007035209983587265
28500,5380.938908100128,0.0016139878131890412,0.0031845222786068914,0.0003022504225373268,0.00025145936757326126
28600,5396.841343641281,0.00017062085036473164,0.00317045908421278,0.00030087236315011977,0.000373748242855072
28700,5433.58416223526,0.000270406294968594,0.0031315719336271284,0.0003005125001072884,0.0008933759108185768
28800,5446.025737285614,4.939853901050978e-05,0.003166698068380356,0.0003002278506755829,0.0002926870435476303
28900,5456.498933315277,8.319876754938948e-05,0.0031542591750621796,0.000302891843020916,0.0002473116293549538
29000,5474.895579099655,0.0019920315962642086,0.0031615590889539037,0.000301007479429245,0.0004226717885051455
29100,5496.0016140937805,0.001756147960263884,0.003183327578008175,0.0002987952530384064,0.0004844352230429649
29200,5517.170600891113,0.0004484311705927829,0.003149551637470722,0.000301426500082016,0.0004856390878558159
29300,5528.440854549408,0.0009662911956190464,0.003165883980691433,0.00030054841190576556,0.0002635340020060539
29400,5539.225373744965,0.0003069784102046702,0.0036878279596567155,0.0002977929636836052,0.00025349933654069903
29500,5551.771399974823,0.0018172629710229249,0.003179088793694973,0.00030041683465242385,0.0002936086431145668
29600,5591.739672899246,5.449272097080071e-05,0.003130795247852802,0.00029696691781282424,0.0009587498754262924
29700,5603.438530921936,4.602841741017632e-05,0.0031748370081186293,0.00030113186687231064,0.0002729178965091705
29800,5616.157694578171,0.0009253746109372485,0.00316615205258131,0.00030179601162672043,0.00029962655156850815
29900,5653.167571544647,0.0010245209148923718,0.003190718963742256,0.0003025681897997856,0.0008858208730816842
30000,5674.119215488434,9.012846006265285e-05,0.0031640792638063433,0.00030347634106874465,0.0005028602480888366
30100,5686.057072401047,4.71623361216994e-05,0.0031771446764469148,0.00029999971389770507,0.00027886733412742616
30200,5712.116239070892,0.002845834536770237,0.0031600115820765496,0.0003039468452334404,0.0006254633143544197
30300,5722.79248046875,0.002119525267439497,0.0031653271934815813,0.00029840707246746334,0.0002554675777043615
30400,5733.616370439529,0.00021235009554927686,0.0031763585284352303,0.0003000885620713234,0.0002544889971613884
30500,5744.518799304962,7.062155458934516e-05,0.003157982416450977,0.0003019259124994278,0.00025734085589647294
30600,5755.2671275138855,3.67771896778743e-05,0.0031849249824881555,0.0003031950816512108,0.0002520284801721573
30700,5766.107002496719,3.079806332364599e-05,0.0031492558494210245,0.0003001619502902031,0.00025393933057785037
30800,5776.799443483353,0.0029112538151686495,0.003174646273255348,0.00030126512050628664,0.0002508510276675224
30900,5787.607637882233,0.0023499528082629854,0.0031692926213145256,0.0002983296290040016,0.0002536818012595177
31000,5820.15336561203,0.0016794956058255126,0.0031885595619678495,0.0003007880970835686,0.0007786890119314193
31100,5839.288456916809,0.00021654927359487152,0.003150637187063694,0.00030052762478590013,0.0004603338614106178
31200,5850.510689496994,0.0009584657896648704,0.003165137469768524,0.0002987472340464592,0.00026454262435436247
31300,5861.214374065399,0.00013618540589641236,0.0031636931002140046,0.0002994311228394508,0.00025586120784282685
31400,5872.007048368454,0.0019105069513522723,0.003154306523501873,0.00030148256570100785,0.0002567324414849281
31500,5885.941273212433,9.977983926943185e-05,0.0034043872356414795,0.00030323583632707596,0.00032564181834459304
31600,5903.013138771057,0.0008854547836623669,0.003188895583152771,0.0002999229729175568,0.00040815144777297976
31700,5932.325034856796,0.0016201899368582747,0.0034317731537989206,0.0002982594179255622,0.0007063594992671694
31800,5946.72539806366,0.0010232032402784212,0.0031550582498311996,0.00029853478074073794,0.00034873370081186297
31900,5961.519011259079,0.0012240737790333294,0.003172361999750137,0.0003013038635253906,0.0003433557599782944
32000,6003.578112125397,0.0008781592298247362,0.0031685221940279005,0.00030020330101251605,0.001004633978009224
32100,6027.327385425568,0.0009773739444948236,0.0031745827943086623,0.0003003400191664696,0.0005691477283835411
32200,6070.071119785309,0.0020297785275683313,0.0031588130816817286,0.0002968383207917213,0.0010278600454330445
32300,6091.303516864777,0.00017815167084139216,0.003179148733615875,0.0003040405735373497,0.0004845806583762169
32400,6107.054442405701,6.433468738939074e-05,0.003423201106488705,0.0002989152446389198,0.0003645922988653183
32500,6118.845367193222,2.871972636607878e-05,0.003434315212070942,0.0002992020174860954,0.000276462621986866
32600,6129.82119846344,0.0010692528857565067,0.0031453672423958777,0.00030149642378091813,0.0002587428316473961
32700,6140.603259086609,0.0010248489785387141,0.003169632293283939,0.00030183549970388415,0.00025403782725334166
32800,6151.412802219391,0.0015391460698745054,0.003167173080146313,0.00030413568019866944,0.0002540704235434532
32900,6162.2088787555695,0.0009518382032655645,0.003173209503293037,0.00030151430517435076,0.00025368042290210726
33000,6181.090715885162,0.0017556095066795197,0.003159334734082222,0.0003001658618450165,0.0004472889378666878
33100,6212.168262958527,0.000392414224511648,0.0034517146114792143,0.00030019920851503105,0.0007434259834034102
33200,6225.247287273407,0.0025341173914348158,0.0031348421424627305,0.0003014833107590675,0.0002959299832582474
33300,6244.618533372879,0.00024218779552428739,0.0031354136765003203,0.0002993844449520111,0.00045360825955867765
33400,6260.997628450394,0.000990624890071444,0.003143011890351772,0.00029979903250932694,0.00039357028901576996
33500,6288.050410985947,8.623340207846136e-05,0.0031750325858592985,0.0002982448786497116,0.0006454826891422272
33600,6334.596796512604,0.00023675506642151123,0.0031669119000434873,0.00030130792409181593,0.0011166433617472648
33700,6381.407567024231,0.0010119657337910326,0.0031878527253866194,0.00030320826917886736,0.0011251470446586608
33800,6428.131479024887,0.0018258669486296147,0.0031871722638607027,0.0003021283075213432,0.0011266040429472922
33900,6463.187678813934,0.0013269460143396318,0.0031635811552405356,0.00030227944254875185,0.0008460302278399468
34000,6475.135907173157,0.0019505508763923373,0.003166179023683071,0.00030028712004423144,0.0002815450355410576
34100,6486.789041757584,0.0009511683693238593,0.0031672604382038116,0.000299348384141922,0.00027536988258361814
34200,6510.459573030472,0.00014316202474735335,0.003446953035891056,0.0003005703538656235,0.000563788041472435
34300,6537.874413251877,0.0009880654384567633,0.003164551816880703,0.0002986089512705803,0.0006538322567939759
34400,6548.669468641281,0.0011342621514424363,0.003149583339691162,0.0002982831001281738,0.00025418013334274294
34500,6558.880527019501,9.691273905093445e-05,0.0031439302010195596,0.00029959369450807574,0.0002427332741873605
34600,6571.809609174728,7.389942231994822e-05,0.0031991003826260566,0.00030185703188180925,0.00030136048793792723
34700,6583.499787807465,0.0010251566685324036,0.0031797554343938827,0.00029901280999183655,0.00027653470635414124
34800,6614.926731348038,0.0008100726038098396,0.003186340443789959,0.0003013618290424347,0.0007514730840921402
34900,6634.807247877121,0.00037464201148102865,0.0031688214838504793,0.0003010300174355507,0.0004770655184984207
35000,6652.536301851273,0.0010301429734807033,0.0031739594042301178,0.0003012059256434441,0.00042018912732601167
35100,6699.112382173538,0.00011244508613085707,0.003168102353811264,0.00029983274638652803,0.001122087724506855
35200,6721.166769981384,0.0007168251081413091,0.003401971571147442,0.0002983091399073601,0.0005262015014886857
35300,6742.790228843689,0.0002276268170923937,0.003151541277766228,0.0003012814000248909,0.0005167735740542412
35400,6753.657118558884,0.001788739695688316,0.003177304342389107,0.0003028316050767899,0.000254865325987339
35500,6794.653481006622,0.0012849216600244134,0.003403240293264389,0.0003003258630633354,0.0009844352677464486
35600,6826.988097906113,0.0023924677353028105,0.0031759315356612206,0.00029954779893159866,0.0007765329629182816
35700,6839.302421569824,0.0019616786403271864,0.003139803446829319,0.0002989612892270088,0.00028979405760765076
35800,6860.790977239609,0.0011417959284709498,0.003191080428659916,0.0003038525953888893,0.0005131623893976212
35900,6878.25247836113,0.0009363809341121507,0.0031580132565328057,0.00029756911098957064,0.00041631892323493956
36000,6889.768648862839,0.0009140750867602837,0.003155185729265213,0.0002982719242572784,0.00027152601629495623
36100,6906.345138788223,0.00013770306554596019,0.0031583794951438905,0.0003013167157769203,0.00039161808788776395
36200,6916.605045557022,0.0013903878315735371,0.0034254474192857744,0.00029917120933532716,0.0002430005744099617
36300,6928.315397977829,0.0014469831014433173,0.0031823774054646494,0.00029929418116807937,0.0002708191424608231
36400,6969.851255893707,6.688917939621036e-05,0.003209117352962494,0.00030104260891675947,0.000996512770652771
36500,6997.612863063812,0.0009803817480538285,0.0031318995356559754,0.0002994663268327713,0.0006691398471593856
36600,7007.992277622223,0.002446611523395573,0.0031763210520148275,0.00030125774443149565,0.000244511254131794
36700,7028.066217184067,0.0005676442860371073,0.003132757656276226,0.00029956214129924776,0.00047642864286899565
36800,7072.934779882431,0.0010067571994927498,0.003197973035275936,0.00030325401574373247,0.0010825086757540704
36900,7085.580627202988,0.0012323135794334956,0.0034184572473168373,0.0003015853837132454,0.0002955173701047897
37000,7106.823335647583,0.0016966981268600845,0.003136332519352436,0.0003016690909862518,0.0005067170783877372
37100,7135.049998044968,0.0009597215030835729,0.0031920312345027923,0.000302523747086525,0.0006656254455447197
37200,7151.004810810089,0.00011717214594454601,0.00315699684300593,0.00030015380254813607,0.0003711973024266107
37300,7183.10808134079,6.21449614543726e-05,0.003139103911817074,0.0003011289983987808,0.0007732531428337097
37400,7211.037652730942,0.0018225430096674312,0.003123134225606918,0.0003003878518939018,0.0006645052880048752
37500,7234.257430791855,0.0016083931927710362,0.0031662105023860933,0.0002994636446237564,0.0005431636422872544
37600,7257.6673192977905,0.00017804223496800136,0.0034423359856009484,0.0003015606105327606,0.0005601668357849122
37700,7268.1879024505615,6.905793609287226e-05,0.0031677262857556345,0.0003010955080389977,0.00025102559477090835
37800,7281.169093608856,0.00011932951346763005,0.00316946379840374,0.0003016011416912079,0.0003093869984149933
37900,7291.781096696854,0.0010784693360613984,0.003205449618399143,0.00030289046466350553,0.0002516062930226326
38000,7314.803847074509,0.0001559588244659685,0.003170650005340576,0.00030174050480127337,0.0005538856238126755
38100,7357.921237230301,0.0028052475688668944,0.0031720874086022376,0.0003007678687572479,0.0010402027145028114
38200,7374.324402332306,0.0017558577883896196,0.0034301821887493134,0.00029993802309036255,0.0003902780264616013
38300,7384.630568265915,0.00021018609467599286,0.003175838887691498,0.0002994544059038162,0.00024327870458364486
38400,7394.959944486618,5.527516011342604e-05,0.003165182396769524,0.00029833585023880004,0.00024388637393712997
38500,7410.353932142258,0.003054599017318442,0.0031744834780693056,0.00030188247561454775,0.00036200325936079023
38600,7424.395037889481,0.001062472852034082,0.00318059042096138,0.0002993609809449741,0.0003303111131702151
38700,7458.837671041489,0.0017831434658779224,0.003167293295264244,0.000302201546728611,0.0008198470249772072
38800,7506.355328321457,0.0017686337223198265,0.00314251784235239,0.00030320510268211365,0.0010579176247119903
38900,7528.4962520599365,0.0015536970093034637,0.0032013661041855814,0.00029983259737491607,0.0005335231125354766
39000,7539.468714237213,0.00012516493170924901,0.0031538449227809908,0.0002981247380375862,0.00026027057319879534
39100,7550.208011388779,0.0010431176825379408,0.0031361835077404975,0.0002985914796590805,0.0002533934637904167
39200,7560.960681438446,0.0007942907654564662,0.0034399774298071862,0.0002996532618999481,0.0002543632686138153
39300,7571.535872220993,9.741123345391429e-05,0.0031862322986125945,0.00030184365808963773,0.00024975918233394623
39400,7582.29048705101,0.0010424761004108108,0.0034239501506090164,0.00029980875551700593,0.00025502044707536697
39500,7593.185630083084,6.686337905165707e-05,0.003159061744809151,0.0002985914424061775,0.00025557447224855423
39600,7604.019463777542,0.0010415941011343965,0.003170334026217461,0.00030182775110006334,0.0002541671320796013
39700,7614.775301218033,0.0018505762967830142,0.003155897259712219,0.0002992672473192215,0.00025290679186582563
39800,7625.501266241074,0.0005931484734578229,0.0031681545078754425,0.0003042272105813026,0.0002519037947058678
39900,7636.223256111145,0.00011395132982801232,0.0031629782170057297,0.00029764916747808455,0.00025253165513277053
40000,7647.180909156799,0.002653231043090993,0.003196345791220665,0.00030228430139166965,0.0002593939432076046
40100,7658.0527284145355,0.0016849986670839311,0.0031603311747312544,0.00029966749250888826,0.0002557501196861267
40200,7668.779055595398,0.00030914996681463523,0.0031454174220561983,0.00029886923730373385,0.00025127340108156205
40300,7679.567303180695,0.0009577336012302426,0.0034293654561042787,0.00030119553208351134,0.0002538250759243965
40400,7691.699102878571,0.0019252112523306206,0.003142860271036625,0.0003016301244497299,0.000284961462020874
40500,7702.332898616791,0.0003306990587727243,0.0031674522161483764,0.00030198927968740465,0.0002503978833556175
40600,7713.63812661171,0.0017254212781032965,0.0034272969514131547,0.0003022019937634468,0.0002650762349367142
40700,7753.075545549393,0.00025411542221904474,0.0031821514666080476,0.00030229084193706513,0.0009486459195613862
40800,7796.864017248154,0.0004825412920742683,0.0031489215046167376,0.00029763299971818924,0.0010467766970396041
40900,7843.560645103455,5.820491638661413e-05,0.003201032727956772,0.0003005138039588928,0.0011244995146989822
41000,7886.809282541275,3.6791916625073526e-05,0.003190185651183128,0.0003005422279238701,0.0010368094965815544
41100,7908.336225271225,0.0011987886585187004,0.003177720122039318,0.0002991466224193573,0.0004932732507586479
41200,7929.513653755188,0.0017715071234838877,0.003140839599072933,0.0003007429838180542,0.00048683259636163713
41300,7950.725859642029,0.00013170691425783975,0.0031515414267778395,0.00030164998024702073,0.0004861444234848022
41400,7964.858280658722,4.398671597416831e-05,0.00316044450870582,0.00029955728245632986,0.0003333305727158274
41500,7975.530521154404,0.0010481983598216254,0.0031496213749051096,0.0003020493686199188,0.00025292273610830304
41600,7993.315464019775,0.00010004498525315958,0.0031697691977024076,0.0002996616065502167,0.00040598124265670774
41700,8021.600943803787,0.0015426674341344618,0.0031573296710848808,0.00029971323907375337,0.0006763306632637978
41800,8068.237692832947,0.0016765544098141013,0.003181413635611534,0.00030076086521148683,0.001122691035270691
41900,8111.375665426254,0.0015207166883822603,0.0031974734365940094,0.0003039257973432541,0.0010339636355638504
42000,8125.134272098541,0.0014560849825048792,0.0031453222408890725,0.0003005209192633629,0.0003292441740632057
42100,8145.6945815086365,0.0005977757117681478,0.003176364786922932,0.00029975347220897677,0.0004920590296387672
42200,8171.838377714157,0.0008222378315617718,0.00368800301104784,0.0003015705943107605,0.0006268175318837165
42300,8195.211668491364,0.0017696461916355468,0.0031716639921069143,0.0002983679249882698,0.0005578882992267609
42400,8228.245782375336,0.0010455296678309489,0.0031606071814894677,0.00029930055141448976,0.0007888169586658478
42500,8268.145768880844,0.0010823151775963724,0.003187444880604744,0.00030022867023944856,0.000954151377081871
42600,8297.786311626434,0.00022274451838169286,0.003177529387176037,0.00030124817043542863,0.0007002783194184303
42700,8319.009360790253,0.0001186659160289863,0.0031329870809401784,0.00030035344085523063,0.0004885663305010115
42800,8346.757850646973,0.0007596728243898984,0.003443911038339138,0.00030068498104810713,0.000650804415345192
42900,8361.22931098938,0.0024683537857100434,0.0031854384019970893,0.0003001584857702255,0.0003440190851688385
43000,8385.650584220886,0.001627680333116976,0.0031913428753614424,0.00030025914311408995,0.0005791528522968292
43100,8407.244787216187,0.001015781253814191,0.00318124134093523,0.00030111052095890047,0.0004960175231099129
43200,8428.507356882095,0.0007719088862298542,0.003193984255194664,0.00030128903687000276,0.0004867345839738846
43300,8440.485633850098,0.0013551386553203582,0.0031474915146827696,0.0002980509400367737,0.000279960073530674
43400,8451.329489946365,0.00046087705493323775,0.0031610604375600813,0.00030182544142007826,0.00025496717542409895
43500,8462.0690305233,0.0009606877907095768,0.0031307553872466087,0.0003007306531071663,0.00025238793343305586
43600,8472.893518447876,0.0001445237356099688,0.0031759900972247123,0.00029953360557556153,0.000254385732114315
43700,8483.73200392723,6.573807287463124e-05,0.0034371843934059144,0.00030044443905353547,0.000254899300634861
43800,8494.821674108505,2.623237745420809e-05,0.0031659863516688347,0.0002994721382856369,0.0002618074789643288
43900,8505.690136671066,2.1634313863639343e-05,0.0031465333700180054,0.00030254960060119627,0.00025454387068748476
44000,8516.920531988144,0.0022271499084326814,0.0031146935373544695,0.000299585685133934,0.0002669152617454529
44100,8544.07331609726,0.0009021476815395632,0.0031554880046418734,0.0003023891896009445,0.0006541836048875537
44200,8555.470391273499,0.0016619503647075761,0.003166772201657295,0.00029874607920646665,0.00026723004877567293
44300,8567.926100254059,0.0019157434135755216,0.0031532976776361466,0.0002991745993494988,0.00029566269367933275
44400,8581.036802530289,0.0014739479608051873,0.003172191381454468,0.00029980041086673736,0.0003074042871594429
44500,8603.524564743042,0.0007078181649449194,0.0031519296392798425,0.0002991771325469017,0.0005389750748872757
44600,8617.415105819702,0.00011182973346782172,0.003419171944260597,0.00029990807175636294,0.0003285618498921394
44700,8628.182106018066,0.0022127245263081088,0.003159704431891441,0.0003002362698316574,0.0002525370940566063
44800,8639.053738355637,0.00034283457553135,0.0034453810378909113,0.0003009621798992157,0.00025583259761333463
44900,8649.827521800995,8.828161412910235e-05,0.0031790883839130403,0.0003012677654623985,0.00025244485586881635
45000,8660.616765737534,0.0009513515030699646,0.0031508195772767065,0.0003019849956035614,0.0002538182958960533
45100,8671.421659469604,7.18632774104222e-05,0.0031879789009690283,0.00030018400400877,0.00025368615984916687
45200,8682.166162729263,0.0009161531128264603,0.0031887976452708243,0.0003016900271177292,0.0002524665743112564
45300,8694.479029417038,0.0009419508940036697,0.0031585568562150002,0.00029931243509054187,0.0002865561470389366
45400,8704.825315952301,0.001623815519251944,0.0031561597809195516,0.00030136290937662127,0.0002449381723999977
45500,8720.299234867096,0.000360676703615231,0.003166089802980423,0.00030412264168262483,0.0003610795895968165
45600,8731.816085338593,7.167441577188211e-05,0.003138359822332859,0.0002985740453004837,0.0002718444168567657
45700,8749.246641635895,0.001938440123866797,0.0031655290350317954,0.0003019790351390839,0.0004088166356086731
45800,8763.95742726326,0.0009071871932084677,0.0031710541620850563,0.0003045930713415146,0.0003425121679902077
45900,8777.766522407532,0.0015899524939845774,0.0031659158691763876,0.000301080197095871,0.00032735701650381087
46000,8789.786627054214,0.000913203579084445,0.0031454173102974893,0.0003001345694065094,0.0002801499888300896
46100,8805.095484018326,0.0013370052964452065,0.0031881982088088987,0.00030113253742456434,0.0003586200624704361
46200,8831.449823617935,0.000950134013908513,0.003197785094380379,0.00030270814895629885,0.0006294799968600273
46300,8858.147699832916,0.0009472992873492953,0.003122814856469631,0.00029951676726341247,0.0006226538121700286
46400,8871.940126895905,0.0001262712164843516,0.003462970294058323,0.00030124634504318236,0.0003224064409732819
46500,8884.756169557571,0.001376606387588083,0.0031340355053544044,0.0002978074923157692,0.00029748622328042986
46600,8904.743961811066,0.0009209938005744051,0.003164492845535278,0.0002960438281297684,0.0004756101220846176
46700,8917.217417955399,0.0009372288470696255,0.0032036161050200463,0.00030143313109874724,0.0002915550023317337
46800,8928.942282676697,0.0009823721146960376,0.003446319364011288,0.000300927571952343,0.0002772395312786102
46900,8957.699144363403,0.0009458292375530802,0.00314750248832362,0.00030148256037916456,0.0006919882499745913
47000,9004.164980888367,0.0009286475469553251,0.003442963846027851,0.0003016580268740654,0.0011208745464682578
47100,9041.049645662308,0.0017222877201045713,0.0031733498349785804,0.00030223261564970015,0.0008875520899891854
47200,9071.33924484253,0.0001399460067852029,0.0031683666631579397,0.00029870335012674334,0.000724436640739441
47300,9092.625316143036,0.002152474713398114,0.0031313080713152885,0.0002998756244778633,0.000486210472881794
47400,9113.918974399567,0.0003452424051223421,0.003160594068467617,0.0003002762049436569,0.00048764102160930633
47500,9125.654309034348,8.577410658907075e-05,0.0031536661460995676,0.0002982384338974953,0.0002754488587379456
47600,9155.671210289001,0.0009595906560613201,0.0034630780294537546,0.00030037384480237963,0.0007229643687605857
47700,9173.544918775558,0.0010936179243284231,0.0031622321903705597,0.00029751639813184737,0.0004270879179239273
47800,9184.346148729324,0.00016565823783144308,0.0031954782083630563,0.00030113309621810914,0.00025402236729860306
47900,9204.008994340897,0.0005561385604021238,0.0031799986213445664,0.0003030755743384361,0.00046883076429367067
48000,9220.93299794197,0.0019286801041943724,0.003146885856986046,0.0003024071455001831,0.00040111109614372254
48100,9244.635514497757,0.0016484362743430035,0.003159308545291424,0.00029887612909078597,0.0005654339119791985
48200,9264.636168956757,0.0018305864458612049,0.0031568652231778417,0.0003013674648744719,0.0004750207066535949
48300,9280.983606338501,0.0018326309193076916,0.0031979226693511008,0.00030428953468799593,0.0003917083889245987
48400,9319.848168611526,0.0014073686411926092,0.0034395379945635794,0.00030127853155136107,0.0009323032572865486
48500,9344.112908124924,0.00020623650999273296,0.003138652816414833,0.00030048925429582596,0.0005615447461605072
48600,9354.597575187683,0.0017426067976351114,0.0031695304811000823,0.0003032495826482773,0.00024556301534175875
48700,9381.718465805054,0.0006743140955467361,0.003167806714773178,0.0003003343939781189,0.0006448256224393845
48800,9427.795931100845,0.0029736034177666403,0.003142710365355015,0.0003002908080816269,0.0011122073605656624
48900,9438.261803388596,0.00019673422928932676,0.0031276094540953637,0.00029841486364603044,0.00024742268025875093
49000,9448.631973981857,0.0010316574389892343,0.003455279171466827,0.00030252262949943544,0.0002454615756869316
49100,9458.831811666489,7.233869293026968e-05,0.0031693708151578903,0.00029964040964841843,0.00024114295840263367
49200,9481.614629507065,0.001745017018040975,0.0031793038919568062,0.0002985834702849388,0.0005434926971793174
49300,9494.837826490402,0.0017716759862131631,0.0031476614996790884,0.00029845140874385835,0.00030913855880498886
49400,9506.12707400322,0.0009705783601329687,0.0031873512268066405,0.0003018321469426155,0.00026811521500349047
49500,9516.696202278137,0.0017612945013425168,0.003181260973215103,0.00030001617968082426,0.00024799615144729617
49600,9529.409771203995,0.0003227770235081154,0.0031605107709765435,0.0002974752656051091,0.0003018576226064137
49700,9546.939302444458,0.0010378807190285066,0.003712407201528549,0.00030255116522312167,0.00040693625807762144
49800,9559.988891601562,0.0008897971313973834,0.003169111721217632,0.0002990444004535675,0.00030758000910282137
49900,9572.300984859467,8.449113935715707e-05,0.0031637229397892953,0.00030013080686330795,0.00028771974146366117
50000,9584.352670907974,4.1808938463283596e-05,0.003135377801954746,0.0002998925372958183,0.0002815622836351395
50100,9596.856545209885,0.0009943156238092525,0.0031970239803195,0.00030201733112335206,0.0002909180149435997
50200,9609.553990125656,0.0014058635062272377,0.003167555332183838,0.00030397195369005205,0.0002948879078030586
50300,9639.70221567154,0.00014558074098611345,0.0031521691754460334,0.00029975473880767823,0.0007135887444019317
50400,9651.329401254654,0.00028659784317419337,0.003158786743879318,0.0003023941814899445,0.00027165476232767107
50500,9673.194474935532,0.0009766556910252298,0.0031789159774780274,0.00029955144971609114,0.0005074760690331459
50600,9687.019547700882,0.0023616344367208032,0.0031566428393125534,0.00030001945793628693,0.00032605092972517015
50700,9697.790563821793,0.0026743317472621092,0.0031659092009067536,0.00029999159276485445,0.0002514161542057991
50800,9708.962288856506,0.0005963284350636649,0.0031543571874499323,0.00029903486371040343,0.0002602776512503624
50900,9723.453246116638,0.0011096375996357238,0.0031681134551763534,0.0002996165305376053,0.0003357144445180893
51000,9741.3553109169,0.00012224007136505053,0.0031728849879332954,0.00030016626630510604,0.0004170817189982959
51100,9764.183480024338,0.00249385753069208,0.0034348645061254503,0.00030068278312683105,0.0005419175326824188
51200,9781.815737962723,0.0012116596625416675,0.003160991370677948,0.00030080843716859815,0.00040848735719919207
51300,9798.18969655037,0.002464600419232894,0.0031580180674791337,0.00030149344354867935,0.00038920897990465166
51400,9809.687971830368,0.00015270580392546444,0.0034464332088828087,0.00030121564865112307,0.0002689311653375626
51500,9822.785580396652,0.0008973632873897178,0.0031654858589172364,0.0003015032783150673,0.0003077403083443642
51600,9833.641553878784,8.598356928755074e-05,0.0031842755526304244,0.00030339151620864866,0.0002553758397698402
51700,9844.465779542923,3.872331678861723e-05,0.003178105354309082,0.0002998026832938194,0.0002543259039521217
51800,9855.195890903473,0.0012504843052465226,0.003167562410235405,0.0002992786094546318,0.0002520955726504326
51900,9865.958091497421,0.00010310141536783973,0.0031511541455984116,0.00029639095067977904,0.00025263406336307527
52000,9876.81225848198,0.001097426904865679,0.0031434323266148565,0.0002987341210246086,0.00025610316544771194
52100,9887.685839653015,0.0007191080899208174,0.003160990551114082,0.00029987350106239316,0.00025619883090257647
52200,9898.45695900917,6.950312920550456e-05,0.0031450178101658822,0.00030122596770524977,0.0002528239414095879
52300,9909.177425146103,0.0020149510891657677,0.003171712942421436,0.0003024985268712044,0.0002510268613696098
52400,9919.853519201279,9.475938758813141e-05,0.0031737044453620912,0.00030202562787703106,0.00025250839335577826
52500,9930.617335557938,0.0015804250919712148,0.003168465346097946,0.0003000909462571144,0.0002529558539390564
52600,9946.488596439362,0.00014947594388175445,0.0034556685388088225,0.0002992448583245277,0.0003720550239086151
52700,9976.506659269333,0.00011100310931315027,0.003183806575834751,0.00030065905302762986,0.0007140372321009636
52800,9986.928806304932,0.0010090119598589293,0.0033955750241875648,0.00030028898268938067,0.0002479366585612297
52900,9999.241433858871,8.369321934899199e-05,0.0031745847314596175,0.0003005637601017952,0.0002883854880928993
53000,10012.16015791893,0.0013451685983062777,0.0031713546067476273,0.00030371058732271195,0.00030312180519104004
53100,10023.243685245514,0.0009320542015021055,0.003197932243347168,0.0003002558276057243,0.0002619539946317673
53200,10033.972671985626,0.00014244039405397397,0.003125096037983894,0.00029849991202354434,0.0002526642382144928
53300,10044.806668043137,5.7532936428964784e-05,0.003185223825275898,0.00030086666345596313,0.0002553129941225052
53400,10055.840975522995,0.0029811955117694067,0.0031456416100263595,0.0003016899526119232,0.00025841008871793744
53500,10066.574818849564,0.0007781389256951521,0.003145809061825275,0.00029819626361131667,0.0002524066716432571
53600,10077.354346990585,0.0013728299484822458,0.0031636002659797668,0.0003013933449983597,0.0002544541284441948
53700,10088.05231642723,0.0015668282785906407,0.003166012391448021,0.0003005799278616905,0.0002528620883822441
53800,10104.140543222427,0.0016314869624227343,0.003158832772501877,0.00030231175678116935,0.0003757761791348457
53900,10124.291693925858,0.0009062267211319775,0.003177397772669792,0.00030010484158992767,0.0004638245329260826
54000,10138.022927045822,0.00015896136664595855,0.0031390604749321938,0.00029718853533267976,0.0003193303197622299
54100,10148.80868768692,4.979559841136849e-05,0.003425411470234394,0.0003005301207304001,0.0002538587525486946
54200,10159.68486046791,4.043761902782522e-05,0.0031915518268942835,0.00030157864093780515,0.00025472674518823625
54300,10170.50241971016,0.0011380619153062116,0.0034425093978643416,0.00030116811394691466,0.00025457948446273805
54400,10181.315334320068,0.0009736604216262851,0.0031586991623044013,0.00030056603252887726,0.00025485761463642123
54500,10191.982360363007,0.000890238152742194,0.0031895052269101144,0.00029938943684101107,0.00025074239820241926
54600,10202.71000790596,0.0019285196709224453,0.0031640372052788735,0.000303017757833004,0.0002523881942033768
54700,10213.45630288124,0.0016064154445159593,0.003141210973262787,0.00029993563890457154,0.000253051221370697
54800,10224.3430352211,0.0015443761618436965,0.0031675999239087105,0.0003024907410144806,0.0002552386000752449
54900,10235.157107830048,0.002023293813380843,0.0031532228738069532,0.00030067957937717437,0.0002530233189463615
55000,10245.840113639832,0.00018008048680642763,0.0031559526920318603,0.00029932826757431033,0.00025176331400871276
55100,10256.574624300003,5.712230972826998e-05,0.0031878220556037767,0.0003004388883709908,0.0002516791969537735
55200,10267.310451745987,0.0010779333839595,0.0034411168470978738,0.00029954925179481506,0.0002533024549484253
55300,10278.045538425446,0.00011386205710717134,0.0031644610688090326,0.00030056625604629516,0.0002519676834344864
55400,10288.60627746582,0.0010708846123691676,0.0031356348097324373,0.00029876738786697386,0.0002478190883994102
55500,10299.65394449234,0.0007475443431505344,0.0031509744003415108,0.00030016619712114334,0.0002603679895401001
55600,10316.334174394608,0.00011052241446689259,0.0031458545103669167,0.00029988937079906464,0.0003970051929354668
55700,10328.623704195023,0.0018634406818146337,0.0032083458080887795,0.00029947355389595034,0.0002917160838842392
55800,10342.211207151413,0.0014603841566690934,0.003169635944068432,0.0003013117238879204,0.0002874629572033882
55900,10352.76328754425,0.000150042521874669,0.0031900836154818537,0.0003039547428488731,0.0002483687549829483
56000,10363.107604026794,8.562661033716973e-05,0.0031468941271305083,0.0003015964850783348,0.00024490311741828916
56100,10388.24837589264,0.002559989057599964,0.0031386774778366087,0.0002996634691953659,0.0005977440625429154
56200,10427.77659869194,0.001857855151085114,0.0034413669630885125,0.0003001879155635834,0.0009502218663692474
56300,10449.230779886246,0.0013252652484416771,0.0031841279566287993,0.00030270867049694063,0.0004215097427368164
56400,10485.436930894852,0.00012406110891761496,0.003173522800207138,0.00029821772128343585,0.0008751345798373222
56500,10500.260563611984,5.14780134802284e-05,0.0031732587303434103,0.000302103225673948,0.0003501473580087934
56600,10514.131034851074,0.0008374981812243006,0.0031264770776033403,0.0002992037683725357,0.0003256617859005928
56700,10546.59901380539,7.73633959520928e-05,0.0031541138142347335,0.000299653559923172,0.000771169550716877
56800,10561.764906406403,0.0019521980338774926,0.003139887973666191,0.00029691707342863085,0.0003498606011271477
56900,10582.989355325699,0.0005025717866368149,0.003153574541211128,0.00030167482793331147,0.0004840005561709404
57000,10604.206107378006,0.002387263581825997,0.003174983449280262,0.0003014051541686058,0.00048437703400850296
57100,10625.346399068832,0.00015708090017021726,0.003438759185373783,0.0003009186685085297,0.00048319898545742037
57200,10646.25319314003,0.0032394704695791732,0.003191527985036373,0.00030064746737480164,0.00047711320221424105
57300,10657.271458387375,0.0018116691094930205,0.00321464404463768,0.00030108969658613203,0.00025988753885030746
57400,10668.165672540665,0.0009264347922140625,0.0031758075207471846,0.0003007436916232109,0.00025607582181692124
57500,10678.956986427307,0.00013033024043461184,0.0031532566621899605,0.00030219100415706634,0.00025347016751766207
57600,10689.637646913528,0.0001420917864226437,0.003181454502046108,0.00030057162046432496,0.0002513748034834862
57700,10700.40853381157,0.001748009335495025,0.0031445029377937315,0.00030021488666534426,0.00025239214301109314
57800,10711.251962661743,0.00013500532220069917,0.003448937237262726,0.0003025049716234207,0.0002546411380171776
57900,10721.981944561005,0.0007026492789215342,0.00314313572964498,0.0002987987388457571,0.00025580342326845444
58000,10750.38803935051,0.0006696915938793085,0.00317205935716629,0.0002987551689147949,0.0006776436045765877
58100,10786.562365055084,0.0015308554824187196,0.00313920583575964,0.0002981013432145119,0.0008618081733584404
58200,10807.557577848434,0.002340346254894484,0.0031801340356469154,0.0003019149973988533,0.0004847881942987442
58300,10828.574265956879,0.0019026927646109792,0.003166101910173893,0.00030122872442007065,0.0004849676787853241
58400,10849.68100118637,0.00025559340486646905,0.0034330838546156885,0.00030313968658447266,0.00048599932342767714
58500,10870.704069375992,9.202398378773763e-05,0.003147875852882862,0.0003017225861549377,0.00048546794801950454
58600,10909.797015666962,0.000941154139850936,0.0031722937896847725,0.0003000359609723091,0.0009314774349331856
58700,10941.882980108261,0.000904853046574014,0.003156149238348007,0.0003015806898474693,0.0007685601338744164
58800,10970.27277135849,7.437216724224372e-05,0.003160199746489525,0.00029712975025177003,0.0006697436794638634
58900,10991.413286209106,0.0010556516099684535,0.0031616782769560816,0.00030183710157871246,0.00048506446182727814
59000,11012.61205458641,7.349385000832265e-05,0.0034409601986408233,0.0002999652549624443,0.00048535779118537905
59100,11027.246475219727,7.241771488363525e-05,0.003190116137266159,0.00030240539461374283,0.0003436611220240593
59200,11037.874336481094,0.001834217472682234,0.0031737891957163812,0.00029895544052124025,0.00025147974491119385
59300,11063.15625500679,0.0022056944923648162,0.003149538061448506,0.0002973505056330136,0.000602778930749212
59400,11099.778543233871,0.0009869602622510102,0.003182990290224552,0.0003029238060116768,0.0008761388063430786
59500,11111.39709854126,0.00017135599463454583,0.003165494836866856,0.0003016554564237595,0.00027447842061519625
59600,11128.043971538544,0.0009008241873968323,0.0031181152164936068,0.0002976669743657112,0.0003854796662926674
59700,11150.962804079056,7.489931764082719e-05,0.003171805217862129,0.00030111514031887053,0.0005434102565050125
59800,11162.216293334961,0.001808080116016633,0.0032008854672312737,0.0003014745563268662,0.00026420924812555315
59900,11173.460540056229,0.001363796186825695,0.0031649421527981756,0.0003007421270012856,0.0002651246264576912
60000,11188.421163797379,0.00029834858694891887,0.0034586089849472047,0.0003041425347328186,0.00035388942807912827
60100,11198.967207670212,4.411638173910937e-05,0.0031681891158223154,0.00030200108885765077,0.00024816300719976425
60200,11209.40623664856,0.0015634742746121766,0.0031677410379052163,0.0002999071031808853,0.00024552643299102783
60300,11226.952639102936,0.0006637679300588237,0.0031615500152111053,0.00030202701687812803,0.00040447425097227095
60400,11248.164869785309,0.0010961616266797374,0.0034310613200068474,0.0002982873097062111,0.0004859624430537224
60500,11269.37869644165,8.392147373827457e-05,0.003125079348683357,0.00029843319207429887,0.0004864354431629181
60600,11287.815412044525,0.0019278946021787328,0.003175574855080673,0.0003004441995705877,0.00043393569333212716
60700,11311.87262058258,9.139130741483898e-05,0.0031604156643152237,0.00029926810413599014,0.0005767645686864853
60800,11322.685981035233,0.000997629352858222,0.003191857933998108,0.0003010152652859688,0.000255790576338768
60900,11333.389437437057,0.0009414487677509173,0.003166491575539112,0.00030054662376642225,0.0002543562278151512
61000,11344.38298034668,0.001673866270122967,0.0034420954808592795,0.0002993803098797798,0.0002608725428581238
61100,11354.655345916748,0.00162305332104539,0.003162302039563656,0.0003022123500704765,0.00024376910179853438
61200,11364.900017023087,0.001589758539942291,0.00317647710442543,0.0003011798858642578,0.00024338118731975555
61300,11377.143107414246,0.00016914963998647975,0.0031918857619166376,0.0003024143353104591,0.00029075879603624344
61400,11387.927540540695,0.002365963306130974,0.003180641010403633,0.00029785621911287307,0.00025281280279159545
61500,11403.35997056961,0.0015414707765299017,0.003425442911684513,0.0003010493144392967,0.00036422189325094226
61600,11425.47092294693,0.00023977020126369401,0.003124107904732227,0.0002980004996061325,0.0005082966759800911
61700,11446.620399475098,6.340005359732697e-05,0.0031389986351132394,0.0002989068254828453,0.00048458505421876906
61800,11466.854979991913,0.0010915129341401986,0.0031654778122901916,0.0003010598197579384,0.0004882112890481949
61900,11479.659313678741,9.961173621838514e-05,0.0031767481192946432,0.0003047897294163704,0.00030384209007024767
62000,11490.72027015686,2.534991763108939e-05,0.003142470680177212,0.00030082054968391144,0.000262369199522904
62100,11501.53187584877,0.0005838007958789018,0.0031794846802949907,0.0003031026944518089,0.00025519192218780517
62200,11513.060084819794,0.002901748757218266,0.0034576840326189994,0.000299999825656414,0.000268700011074543
62300,11527.90934252739,0.0014224330858533384,0.0031416885182261466,0.00029686518013477325,0.00034621834754943847
62400,11538.229475736618,0.0010344506124653145,0.0034252311289310455,0.0003008522093296051,0.00024495776742696764
62500,11578.883510828018,0.00017294183595039758,0.0031434249877929686,0.0003025619313120842,0.0009781904518604279
62600,11597.096695899963,0.0009554667882548379,0.00318012285977602,0.00030125651508569715,0.00043124143034219744
62700,11612.895679712296,9.537328467557254e-05,0.0031693655252456663,0.0003023138642311096,0.000377257876098156
62800,11651.947348833084,0.0004507423381857528,0.003160131275653839,0.0003018569201231003,0.0009373781830072403
62900,11670.39805841446,0.0011037512844267081,0.003147607259452343,0.00029761478304862976,0.00044157590717077257
63000,11682.44591498375,7.733748455233753e-05,0.003157545030117035,0.0002986003085970879,0.00028290681540966034
63100,11693.17636680603,0.0017913567001088312,0.003194102384150028,0.0003016887232661247,0.00025331031531095505
63200,11703.648439407349,0.0008832715370500344,0.0031831394881010056,0.0003008439019322395,0.000246545784175396
63300,11717.004680156708,7.152863083249167e-05,0.003148927912116051,0.00029928956180810926,0.00031507328152656554
63400,11728.839214801788,0.0017502856679710577,0.0031678440634693417,0.0003018998035362789,0.00028088210948875973
63500,11739.55827498436,0.00012234942862573067,0.0031510407105088236,0.0003003387153148651,0.0002547883987426758
63600,11750.284876585007,3.848366607668047e-05,0.0031299670040607452,0.00029848780483007433,0.0002546482533216476
63700,11761.054294586182,3.0696935528803926e-05,0.0034836013242602348,0.00030325114727020264,0.000254800021648407
63800,11773.852908849716,1.8180554557218897e-05,0.0031788336485624315,0.00030233513563871384,0.000299764908850193
63900,11784.586889982224,0.0010789815241441427,0.003436908647418022,0.0003009739890694618,0.0002539239451289177
64000,11795.345036506653,0.0011242695222404323,0.0031640760973095892,0.0003003431484103203,0.00025454308837652206
64100,11806.115209817886,0.0008974609734495836,0.0031872590258717535,0.0003036129102110863,0.00025573547929525376
64200,11816.73327755928,0.0015139829879082212,0.0031258664280176163,0.0002963120862841606,0.0002510156109929085
64300,11828.90226483345,0.0011101571962566404,0.003160177282989025,0.00029937658458948133,0.0002853146567940712
64400,11853.44690823555,0.0010360053252891953,0.003176850751042366,0.0003002455458045006,0.0005894609913229943
64500,11864.176643371582,0.002637326163669613,0.0031660642847418786,0.00029875773936510085,0.0002530885115265846
64600,11875.149586677551,0.00038347929361170986,0.003148885853588581,0.0002992665022611618,0.00026062954217195513
64700,11885.803860664368,0.001820092987634795,0.00318474680185318,0.0003011545166373253,0.0002523750811815262
64800,11896.439560890198,0.0009026037479062735,0.0031845757524882044,0.0003029313417417662,0.0002511409244367055
64900,11907.159791231155,0.002331387761414306,0.0031776998937129972,0.0003057126700878143,0.0002523296698927879
65000,11917.854206323624,0.0008404739879634951,0.0031851711496710777,0.00029923632740974426,0.00025199711322784426
65100,11933.427399158478,0.0016712623701654148,0.0031498030200600626,0.000297209732234478,0.0003636607900261879
65200,11945.528577804565,0.00019046759428500786,0.0034560533612966538,0.000298474058508873,0.00029106933623552323
65300,11956.202957391739,6.603989138961292e-05,0.003161016069352627,0.0002978648245334625,0.0002536456286907196
65400,11966.887769699097,0.0010289702016299707,0.0031792421638965605,0.0003003193438053131,0.0002527500316500664
65500,11977.591889381409,0.00011549979253527631,0.003150283806025982,0.00030207693576812745,0.00025289133191108704
65600,11989.092908143997,0.0016400067979983838,0.0034250257164239882,0.0003004501387476921,0.00027345336973667145
65700,11999.983550071716,0.000900983675452206,0.00316849485039711,0.00030245795845985413,0.00025864239782094953
65800,12020.655663490295,0.00017128133730480555,0.0031417698413133623,0.00030027538537979125,0.0004787416011095047
65900,12032.964139461517,0.0016908511702960574,0.0031722085922956467,0.0003003964200615883,0.0002960953116416931
66000,12043.956103801727,0.0007060978859231793,0.003147692568600178,0.00029960405081510546,0.0002593962103128433
66100,12055.614977836609,0.000611738213693728,0.0031522812694311144,0.00030155617211546215,0.00027672577649354933
66200,12101.433887004852,0.00093351588816287,0.0031819238886237142,0.0002993142232298851,0.0011062777787446975
66300,12123.76707482338,0.001791254038312175,0.0031635910645127297,0.00029983025044202807,0.0005346442759037018
66400,12168.976274490356,0.0014460255333325902,0.0031567940115928648,0.00030085396021604536,0.001087847650051117
66500,12201.11499428749,0.00011405543989268824,0.0031972409412264822,0.00029992684721946716,0.0007721700891852378
66600,12217.203925609589,0.00041158857885435746,0.0031994251161813736,0.00030141152441501615,0.0003810116648674011
66700,12241.433129310608,0.0009420402584736121,0.003164111115038395,0.00030277375131845477,0.0005791649594902992
66800,12264.776984930038,0.0010338926826694624,0.0031253798678517342,0.0002979038283228874,0.0005554972216486931
66900,12289.667782068253,0.0008526908131489045,0.0031912264972925185,0.000301920548081398,0.0005906606838107109
67000,12310.333332061768,0.000884270679510622,0.003454873152077198,0.00030129551887512205,0.00048612438142299654
67100,12333.388167381287,0.00011808943521799203,0.0031240667775273324,0.00029941096901893617,0.0005524619668722153
67200,12345.357929944992,0.002108850242163553,0.003429871238768101,0.00030054401606321334,0.00028349634259939194
67300,12388.036246538162,0.001554462732814199,0.003134069852530956,0.00030034203082323073,0.0010249481722712517
67400,12424.723826408386,0.00017767554799766772,0.003163556307554245,0.0002987663447856903,0.0008772880584001541
67500,12443.807973146439,7.405746069942876e-05,0.0031809886544942856,0.00030619755919490546,0.0004616975092462131
67600,12454.469884634018,0.000949893753177915,0.003155694156885147,0.0003005921095609665,0.00025396741926670075
67700,12472.211704492569,0.0008590919983934422,0.0031765645742416384,0.00029885351657867433,0.0004108327627182007
67800,12492.167405366898,6.648407650622634e-05,0.0034644072875380516,0.0003005042299628258,0.0004610369727015495
67900,12510.91964006424,0.0018293562745101194,0.00317815188318491,0.00029943138360977173,0.0004471699893474579
68000,12556.73350429535,0.00157667027768692,0.0031744466349482537,0.00030078522861003875,0.0011020544916391373
68100,12581.895530462265,0.0014709453149058553,0.0031285916268825533,0.0002984585240483284,0.0006026332825422288
68200,12592.463214635849,0.00020525349703260005,0.0031550418585538863,0.00029815036803483965,0.0002531041577458382
68300,12629.574549913406,4.44595529445313e-05,0.0031897847354412077,0.0003021983429789543,0.0008913403004407883
68400,12675.345274925232,0.00110180384233076,0.003446352109313011,0.0003018510341644287,0.0011023489758372306
68500,12696.886528253555,0.0009267679269179074,0.0031453362852334977,0.00029944013804197314,0.0005014213174581528
68600,12717.832590341568,0.0016784390075783374,0.0031684652715921404,0.00029935307800769804,0.0004848318174481392
68700,12731.46983385086,0.0008857220466779511,0.003131902329623699,0.0003014111146330833,0.00032052550464868547
68800,12742.247643232346,0.0007985079446819596,0.0031365583837032317,0.0003040489926934242,0.0002553790435194969