#=== darpa_temp_endtoend_base_w10_full_0.001lr ===
#
#Metrics:
#  Accuracy: 0.9994 | Micro F1: 0.9994 | Macro F1: 0.8359 | 
#  False Alarms: 2 | False Alarm Rate: 0.0001
#  Missed Attacks: 19 | Detection Rate: 0.9991
#
#Per-Class Metrics:
#  [phase1] P=0.7143 | R=0.8333 | F1=0.7692 | 
#  [phase2] P=1.0000 | R=0.6667 | F1=0.8000 | 
#  [phase3] P=1.0000 | R=0.9000 | F1=0.9474 | 
#  [phase4] P=1.0000 | R=0.3333 | F1=0.5000 | 
#  [phase5] P=1.0000 | R=0.9995 | F1=0.9998 | 
#
#Inference time:
#  Average: 0.0056 | Total: 211.9830
#
#Confusion Matrix:
#         	      	      	      	Actual	      	      	      
#         	      	benign	phase1	phase2	phase3	phase4	phase5
#         	benign	 15673	     1	     2	     1	     4	    11
#         	phase1	     2	     5	     0	     0	     0	     0
#Predicted	phase2	     0	     0	     4	     0	     0	     0
#         	phase3	     0	     0	     0	     9	     0	     0
#         	phase4	     0	     0	     0	     0	     2	     0
#         	phase5	     0	     0	     0	     0	     0	 22031
i,time,loss,ground_time,compile_time,eval_time
100,26.21962833404541,0.15725204576589483,0.003105386421084404,0.00031622231006622314,0.00035237085074186326
200,52.207966804504395,0.006853398089347167,0.003369811289012432,0.000312429815530777,0.0003347824886441231
300,77.18954753875732,0.01264573911216663,0.003455915153026581,0.00031877093017101287,0.00036503229290246964
400,105.41502094268799,0.0033542789017236905,0.0035879062116146087,0.0003321836888790131,0.00034873031079769135
500,127.38312768936157,0.006994281336720021,0.003212653174996376,0.00032560866326093675,0.00030704624950885775
600,150.60108184814453,0.006925594883815916,0.003237154856324196,0.00032792124897241593,0.00036297280341386797
700,171.14953589439392,0.006128871774948051,0.003192487582564354,0.000320950523018837,0.0003106451407074928
800,195.2743411064148,0.0052947235283165965,0.004349302463233471,0.0003249138966202736,0.00033710893243551256
900,218.1257884502411,0.0032616174690429335,0.0037498719990253448,0.0003371124714612961,0.0003612060099840164
1000,240.35778999328613,0.00408824626419137,0.0032733988016843798,0.0003354030475020409,0.00037007525563240054
1100,259.3065001964569,0.003265568798121552,0.0032279691100120544,0.0003266419842839241,0.00032959237694740295
1200,281.5796024799347,0.002147124662042532,0.003328652232885361,0.0003390517458319664,0.00037341758608818056
1300,304.66155552864075,0.006220803460198781,0.003614296764135361,0.0003447059541940689,0.0004160236194729805
1400,321.92179584503174,0.0016196654334934835,0.0032523757645062028,0.00033384757382529123,0.000332173550767558
1500,338.28619837760925,0.0047809185625840465,0.0032265910878777502,0.00032867491245269775,0.00039028558880090715
1600,348.69238328933716,0.005321186005043102,0.0034836916252970695,0.00032871443778276444,0.0002544655278325081
1700,359.33524990081787,0.0014394679160030423,0.0032577235624194146,0.00033266391605138776,0.0002589886263012886
1800,371.0813012123108,0.0017365863860768968,0.003241746127605438,0.0003273435682058334,0.00028088368475437164
1900,383.9660425186157,0.003611375254621948,0.0032468542456626894,0.0003286987543106079,0.0003087412193417549
2000,405.1042561531067,0.0028502271040117934,0.003237379565834999,0.00032864701002836225,0.0004954107850790024
2100,420.742244720459,0.003941681007853844,0.0035929000005126,0.00032808046787977216,0.00037166163325309755
2200,431.4855606555939,0.0008420378957210514,0.003234793022274971,0.0003278549388051033,0.0002609170600771904
2300,443.0518684387207,0.0017513575854029453,0.003504978232085705,0.00033162415027618406,0.0002799284085631371
2400,453.5310089588165,0.0020431288951926123,0.003487371690571308,0.00032636262476444245,0.0002522089332342148
2500,463.78633642196655,0.003210265239704128,0.003200758621096611,0.0003275211900472641,0.00024636238813400266
2600,479.0418210029602,0.003698619073462952,0.0032377184554934504,0.00032702073454856875,0.0003651349991559982
2700,490.49345350265503,0.0027406293094286837,0.004361546859145165,0.00032575178891420365,0.0002764077857136726
2800,516.6588134765625,0.003927456629065439,0.003707894097481455,0.00032928432737077984,0.0006448284004415784
2900,528.3827018737793,0.003223923587544479,0.003237467147409916,0.0003268236294388771,0.00028724007308483123
3000,539.5899472236633,0.0021357735963235484,0.003768463842570782,0.00033037170767784117,0.00026842214167118074
3100,550.4936444759369,0.003733993070050645,0.0032199981808662416,0.0003309614211320877,0.0002633478119969368
3200,570.8288109302521,0.00280619305676845,0.003260834105312824,0.00033096160739660264,0.0004069925844669342
3300,617.0374410152435,0.0018064830021378914,0.003218512125313282,0.0003244907781481743,0.0011477294564247132
3400,650.2321889400482,0.003126533712776215,0.0032335245609283448,0.00032856717705726624,0.0008099950477480889
3500,662.2412791252136,0.0016163550318946717,0.0044529495015740396,0.00032853186130523684,0.0002821839973330498
3600,673.1160697937012,0.0020579361665569946,0.0034844981506466865,0.0003265588730573654,0.00025810398161411283
3700,686.2755331993103,0.00017612611088873382,0.0036606957390904428,0.00032832980155944824,0.0003079257532954216
3800,730.1020698547363,0.0016372044494823324,0.0032451680675148965,0.0003295789286494255,0.0010586853325366974
3900,768.4518868923187,0.002202075677979138,0.00324809517711401,0.0003285680711269379,0.0009369528666138649
4000,796.8034157752991,0.0016651137796013693,0.003221805617213249,0.0003277094289660454,0.0006897719576954842
4100,819.955634355545,0.002446198072989978,0.0034854511544108392,0.0003279753029346466,0.000551418587565422
4200,834.5732724666595,0.0016786029761240021,0.003694465069898537,0.0003300421365669795,0.00035034932196140287
4300,847.7634100914001,0.0009607884759969002,0.003736436665058136,0.00032942742109298706,0.00031351357698440553
4400,858.8560562133789,0.003596250626416125,0.003266139179468155,0.00033047568053007126,0.00026107460260391233
4500,871.3348505496979,0.0007008666744313763,0.0032252239435911177,0.00032766155898571013,0.0002949836477637291
4600,885.5035533905029,0.003397970424661512,0.003487064428627491,0.000329570472240448,0.0003343378379940987
4700,896.4840605258942,0.0026435838585586215,0.0038825055211782456,0.00032797399908304217,0.00025959920138120653
4800,907.8503270149231,0.0013940835853457748,0.0032469268515706064,0.000330023355782032,0.00027179259806871416
4900,919.4193484783173,0.0003013301821004083,0.0032137680798769,0.00032887257635593413,0.00027348846197128296
5000,931.2346405982971,0.0004698874764187297,0.0032253747805953024,0.0003263682499527931,0.0002780019119381905
5100,942.6507444381714,0.0033575654727479786,0.0032068699970841407,0.00032656606286764146,0.0002711986377835274
5200,955.452624797821,0.0032582166998904104,0.0036871276050806047,0.00032794009894132614,0.0003066951408982277
5300,971.7785289287567,0.0028282185948077503,0.0032603748515248297,0.0003303490579128265,0.0003957577049732208
5400,982.655036687851,0.0034676980486285647,0.003197312094271183,0.0003262725472450256,0.00025722846388816835
5500,994.6376826763153,0.0004103560018886057,0.00368698813021183,0.0003264612704515457,0.00028683148324489595
5600,1007.3989732265472,0.001259456300450405,0.0032536205063973156,0.00032844235854489464,0.000305510014295578
5700,1025.819491147995,0.0001415331250358054,0.003217272609472275,0.0003268177062273026,0.0004253248870372772
5800,1043.006901025772,0.001983836849123799,0.0032579369470477106,0.00032922238111495974,0.0004051482677459717
5900,1054.530028104782,0.003225457367026975,0.0038710279017686844,0.00033021703362464907,0.00027281932532787325
6000,1065.7837555408478,0.0011234411254469902,0.0032323119789361954,0.00032967954874038694,0.00026512794196605684
6100,1090.2979440689087,0.0013817813959453246,0.003235005810856819,0.00033222679048776626,0.0005906103551387787
6200,1130.1744091510773,0.001778398490174012,0.003215021751821041,0.0003293027728796005,0.0009699232131242752
6300,1141.0531978607178,0.0014285353092300449,0.003672259747982025,0.0003278622776269913,0.0002559778466820717
6400,1152.0463745594025,0.0026673073722084223,0.0032193385437130928,0.00033028144389390945,0.00025776978582143785
6500,1177.3201415538788,0.003768215728773736,0.003750385902822018,0.000325368270277977,0.0006027792021632194
6600,1199.5614340305328,0.0029489133564651925,0.0035005374997854233,0.00032630469650030136,0.0005411424115300178
6700,1229.414155960083,0.0012729681093299275,0.003684549145400524,0.00032772418111562726,0.0007193476706743241
6800,1269.6308274269104,0.0025838504538582916,0.0036639285460114478,0.00032571379095315935,0.0009738301485776902
6900,1296.5566787719727,0.0007344610587381176,0.0032357959662164953,0.00032801548817328036,0.0006439348576324326
7000,1342.899132013321,0.00224533989771931,0.0035940785706043243,0.0003305250406265259,0.0011164369806647301
7100,1385.1950130462646,0.00017349482738557854,0.003204464502632618,0.0003270167112350464,0.001018143631517887
7200,1409.547142982483,0.003143809261534971,0.0032220473885536194,0.0003256840258836746,0.000584379956126213
7300,1437.1022629737854,0.0013746854994569815,0.003946343921124935,0.00033045414835214615,0.0006549252197146415
7400,1448.6645402908325,0.0008358139872513037,0.003502258770167828,0.00032787319272756574,0.0002786238491535187
7500,1460.0273892879486,0.003700541716330342,0.003217031955718994,0.00032736752182245256,0.0002686576545238495
7600,1470.7316708564758,0.0015165489471786386,0.0032361114397645,0.0003275918960571289,0.0002512165531516075
7700,1481.6355497837067,0.00025100314222837705,0.0032236871123313905,0.00032656114548444747,0.0002550511434674263
7800,1500.4063363075256,0.003764280137538926,0.00439765252172947,0.0003315633162856102,0.00044643767178058623
7900,1511.482986688614,0.0024004285183906976,0.003491319827735424,0.0003318221122026444,0.0002574377506971359
8000,1522.4940354824066,0.002140093438895323,0.0032507524639368056,0.0003275758028030396,0.0002617710456252098
8100,1550.6302831172943,0.0005610128537824116,0.003224811404943466,0.00032559342682361605,0.0006705658510327339
8200,1579.761263847351,0.003250083771059655,0.0032576866820454597,0.0003306632861495018,0.0007013411447405815
8300,1590.744264125824,0.0012455592833189159,0.0032279065836753164,0.0003269587936145918,0.0002597407091941152
8400,1601.9469532966614,0.0013569431216724783,0.0034775837510824205,0.0003287909552454948,0.0002617399767041206
8500,1613.3421485424042,0.0015001088853969233,0.003232270181179047,0.00032930970191955564,0.0002680130302906036
8600,1624.1509006023407,0.0031259498039093838,0.003205523528158665,0.00032653868198394775,0.0002588564530014992
8700,1634.8770055770874,0.00016955220200684268,0.0035003965720534326,0.0003272201493382454,0.00025593917816877363
8800,1647.6368145942688,6.155399083755842e-05,0.0036323853954672814,0.0003268187120556831,0.00029686212539672854
8900,1659.2766511440277,0.001253558623342862,0.0032166357710957526,0.0003283766657114029,0.0002742386981844902
9000,1672.196841955185,0.003998382542485155,0.0032602637633681298,0.00032876983284950255,0.0003087027743458748
9100,1693.256428718567,0.0014652135377596015,0.0036897312104701998,0.0003295072540640831,0.0005007608607411385
9200,1712.9295403957367,0.0016503938090082278,0.0032724346593022346,0.0003274792805314064,0.00046294916421175003
9300,1735.7421243190765,0.0017554276473512357,0.003506467565894127,0.0003286674991250038,0.0005317315831780433
9400,1746.074113368988,0.0012044589300407862,0.003263055793941021,0.00033122900873422623,0.00024144701659679414
9500,1756.4266407489777,0.0017179391113372258,0.003243241347372532,0.0003286857530474663,0.00024701137095689774
9600,1770.3883731365204,0.003684805389947653,0.004280656091868878,0.0003292790427803993,0.00032754957675933837
9700,1790.7512171268463,0.0012299625477822365,0.003453304874045508,0.00032801425350563863,0.00048469019787652156
9800,1801.865492105484,0.0014824050357610504,0.003226315416395664,0.00032792799174785614,0.0002595803141593933
9900,1817.1948227882385,0.0020701464679026478,0.0032533153891563414,0.00033368684351444246,0.00036107752472162245
10000,1828.1410274505615,0.0019022464564994754,0.0032486679032444955,0.0003307054936885834,0.0002577293664216995
10100,1839.5937292575836,0.0011723289851200602,0.0032266826927661897,0.0003277129679918289,0.0002682720869779587
10200,1853.851909160614,0.0002687023284132384,0.003592834137380123,0.00033000644296407697,0.00033827617764472964
10300,1897.6341972351074,0.0013518609197563538,0.0032294116914272307,0.00032741032540798185,0.0010601609200239183
10400,1938.3150594234467,0.0017545613589447034,0.0034927504509687426,0.0003274381160736084,0.0009823441505432129
10500,1949.663834810257,0.0031661948466878477,0.0032863061502575873,0.00032915141433477403,0.0002689409628510475
10600,1970.1683332920074,0.00024236615410418188,0.0036807894706726075,0.0003277456760406494,0.0004915576055645942
10700,1984.572903394699,0.0026853359534552536,0.0034678469970822333,0.00032678931951522826,0.00034169640392065046
10800,1996.6606035232544,0.0002867588400680851,0.003258325271308422,0.0003297904133796692,0.0002855592593550682
10900,2007.3740639686584,0.0030163455045975817,0.004091453887522221,0.00032714821398258207,0.00025593753904104235
11000,2024.6361129283905,0.002126286848034092,0.0034688320755958558,0.0003247600421309471,0.0003951029852032661
11100,2038.5156059265137,0.0022364378359198485,0.0032194406379546436,0.00032853049359151293,0.0003306056559085846
11200,2063.0983674526215,0.0037538939193649877,0.003231962323188782,0.00032974310219287874,0.0005783850327134132
11300,2073.5092916488647,0.0016065676133943873,0.003953562341630459,0.0003284423053264618,0.0002477629855275154
11400,2107.542350769043,0.0018556069188768783,0.003245689831674099,0.0003268539533019066,0.0008142730966210365
11500,2120.614718437195,0.0002993164964752243,0.0032569573819637297,0.00033105608075857163,0.0003102508559823036
11600,2131.413946390152,0.0011701303562610165,0.0036766237020492555,0.0003310190513730049,0.00025457702577114105
11700,2142.8625452518463,0.00118160066365978,0.0042089296877384184,0.0003296174481511116,0.0002545258030295372
11800,2157.1354620456696,0.00010318491918601736,0.003250751942396164,0.00032635662704706193,0.00032699558883905413
11900,2168.8816957473755,0.003139149508916457,0.003262563683092594,0.0003309269994497299,0.0002745385468006134
12000,2179.278069972992,0.0020335683717450535,0.0034861209243535994,0.0003269621357321739,0.0002443550899624825
12100,2192.067549943924,0.0015373187096562135,0.0032084310054779053,0.0003251046687364578,0.000297052301466465
12200,2218.103182554245,0.0021289619591446417,0.003203519843518734,0.00032726600766181947,0.0006237979978322983
12300,2232.566651582718,0.0011515790319446483,0.0032338202372193337,0.00032904751598834993,0.00033983834087848665
12400,2245.3056585788727,0.002006403935977431,0.0035713145402925354,0.0003273732002292361,0.0002998660717691694
12500,2263.794014930725,0.0020425786486216813,0.0036779505014419554,0.00032859154045581816,0.0004314164072275162
12600,2277.624178647995,0.0012237678044907958,0.0032183533906936647,0.0003286609798669815,0.00032739661633968353
12700,2308.345491886139,0.0012210240604761371,0.003516922518610954,0.0003306950256228447,0.000723821260035038
12800,2319.8098771572113,0.0011405522183385618,0.0032073474302887917,0.0003260227665305138,0.00026865243911743163
12900,2337.893672466278,0.001993479551678042,0.0032194121181964874,0.00032963261008262635,0.0004286258295178413
13000,2378.416882276535,0.004554243872121146,0.0032168691977858543,0.0003256359696388245,0.0009773362055420876
13100,2397.588096141815,0.0012817801170171713,0.003244354836642742,0.000328403040766716,0.00045392978936433794
13200,2408.4935731887817,0.0004272593980630476,0.0037261173874139786,0.00032788537442684173,0.00025789763778448103
13300,2419.124079465866,0.0023702283203198673,0.003845827691257,0.0003294004499912262,0.0002530059590935707
13400,2429.6979336738586,0.002556491770736336,0.003482217751443386,0.00032816115766763686,0.00025072883814573286
13500,2440.0319657325745,0.00026394190064276096,0.003668161816895008,0.0003287254646420479,0.00024451050907373426
13600,2452.198760509491,0.0011667913085751387,0.003246510401368141,0.0003267721086740494,0.0002843876555562019
13700,2462.989438533783,0.001155355545077383,0.003510580509901047,0.0003301723673939705,0.0002528992667794228
13800,2473.8026506900787,0.0012295513679679718,0.0032345640127147946,0.0003290020461593355,0.0002556156899247851
13900,2485.945169210434,0.001128857268853178,0.0036610378324985504,0.00032869182527065275,0.0002838237211108208
14000,2497.1411876678467,0.0011486127654262346,0.0035730554908514024,0.0003270651027560234,0.00026577286422252655
14100,2510.438506126404,0.00014445154763399775,0.003258129730820656,0.0003277408331632614,0.0003096587583422661
14200,2531.6276938915253,0.0022373433594212056,0.003249988444149494,0.0003289443626999855,0.00048407681286334993
14300,2553.11164188385,0.0023442587844013777,0.0032004078850150107,0.00032598692923784255,0.0004992352426052094
14400,2563.8203167915344,0.0012072616622083253,0.0034774839505553245,0.0003273060172796249,0.0002543887495994568
14500,2574.432166814804,0.0019382547092513414,0.003244882859289646,0.00032862205058336257,0.00025196369737386705
14600,2585.2393765449524,0.0013832702534414998,0.003942614458501339,0.00032782673835754397,0.00025522802025079727
14700,2595.9360795021057,0.0029167814600396724,0.0032620590925216673,0.00032800134271383286,0.0002526954561471939
14800,2606.725272655487,0.0012571163239782893,0.0032474202662706375,0.0003288325667381287,0.0002537275478243828
14900,2618.899816274643,0.0012752210552086155,0.0036815935373306274,0.0003321170061826706,0.00029020197689533234
15000,2646.910969018936,0.0011839426460673508,0.003506072610616684,0.00033281035721302035,0.0006627726927399635
15100,2692.74516415596,0.003277065552579327,0.003202011473476887,0.0003257195651531219,0.0011038133502006531
15200,2738.086024284363,0.0036778369883613852,0.0035075385283146587,0.0003303861724478858,0.001104124662067209
15300,2780.8041360378265,0.0020631369333868523,0.003250164724886417,0.0003285745531320572,0.0010321904718875886
15400,2795.0442593097687,0.0012605784532979984,0.0032123664766550066,0.0003271666169166565,0.0003322647511959076
15500,2822.939027786255,0.0012708572403175788,0.003243572600185871,0.0003260067105293274,0.0006650391593575477
15600,2849.3006551265717,0.00397606108388249,0.003507477641105652,0.0003253285586833954,0.0006301058083772659
15700,2871.454208612442,0.0003545258836627613,0.0032409198209643365,0.00032517451792955397,0.0005294741690158845
15800,2903.94025683403,0.0014678325007368212,0.003942365311086177,0.0003307657316327095,0.0007674288749694824
15900,2924.788511991501,0.00011816338698173557,0.0032137931138277055,0.0003307190537452698,0.00047384787350893023
16000,2943.516726255417,0.0012128210363198247,0.0032452842593193054,0.0003262125328183174,0.0004276764765381813
16100,2957.348887205124,0.0023198084987730697,0.003215276189148426,0.00032677751034498214,0.0003250913694500923
16200,2986.53031873703,0.002144580930775495,0.003238486610352993,0.0003309118375182152,0.0006937472894787788
16300,2997.2432379722595,0.0011176153037333286,0.003592243976891041,0.00032978955656290057,0.0002527717500925064
16400,3009.689353466034,0.0002403391495873508,0.003490709736943245,0.0003292384371161461,0.00028078507632017135
16500,3024.298027276993,0.0020884733552690576,0.004370734952390194,0.00033185504376888276,0.0003456440940499306
16600,3047.0421979427338,0.0011140126878848244,0.003257983821843352,0.00032950930297374724,0.0005405809198107038
16700,3061.8728024959564,0.00011184242071752365,0.003531875275075436,0.000328117199242115,0.0003500474989414215
16800,3073.023629426956,0.0022070647897380856,0.0032290078327059744,0.0003292880579829216,0.0002631144225597382
16900,3085.202961921692,0.00016058200290006597,0.0032195927947759628,0.0003281296417117119,0.00028453126549720764
17000,3102.9330909252167,0.0011903360685336392,0.0032182401046156883,0.00032732322812080385,0.0004178301617503166
17100,3113.684170484543,0.0028636655089396175,0.0032428671047091484,0.00032932773232460024,0.0002503764256834984
17200,3128.2070190906525,0.0035393866413397247,0.003247605711221695,0.0003265991806983948,0.0003365734964609146
17300,3153.40838432312,0.0015063611480619918,0.0038932039588689803,0.0003243596106767654,0.0006002698466181755
17400,3165.4575622081757,0.003164595690422799,0.0035073525458574296,0.0003286771848797798,0.00027711596339941025
17500,3185.2023389339447,0.000608510700161095,0.0036457209289073944,0.0003265364468097687,0.00047339845448732373
17600,3200.2055373191833,0.0001800378692587848,0.003240246661007404,0.00033180192112922666,0.00035748157650232314
17700,3213.135022163391,0.0011472153217822866,0.0032184315100312233,0.0003277818486094475,0.0003016495332121849
17800,3224.178975582123,0.0020816976234621664,0.0032357934489846227,0.00033012717962265013,0.0002615968510508537
17900,3235.469408750534,0.0019853046702799494,0.0043065396696329115,0.00032986730337142945,0.0002653510123491287
18000,3268.729540348053,0.0011160406299053733,0.003239434020859855,0.000326703025826386,0.0007934771265302385
18100,3279.4366385936737,0.0036698486024210556,0.003216588757932186,0.0003268448263406754,0.0002544805407524109
18200,3290.7137248516083,0.0028094261457104618,0.003671145923435688,0.00032960418611764907,0.0002624412998557091
18300,3302.784029483795,0.0002750097433356799,0.003498632684350014,0.0003320175036787987,0.00028080180287361146
18400,3313.6091554164886,0.00012015679356757819,0.0032348115742206573,0.00032556328922510146,0.0002527531608939171
18500,3324.7756068706512,0.0030560328708315577,0.003457558825612068,0.00032807372510433195,0.0002576734870672226
18600,3339.4950630664825,0.002244014288412858,0.0036586081981658937,0.00032909929752349853,0.00033890992403030396
18700,3361.009041786194,0.00157828378546892,0.0032679131627082825,0.0003281480818986893,0.0004978514462709427
18800,3378.436145067215,0.0011107403565173138,0.0036854533851146697,0.0003324136883020401,0.0004166562482714653
18900,3389.816879749298,0.0001014908134335335,0.0035473200306296348,0.0003262412175536156,0.0002676665037870407
19000,3401.496998310089,0.0011362239906850102,0.0037593792378902437,0.000330851636826992,0.0002756507322192192
19100,3419.4217669963837,0.00016397376650471334,0.0032656710967421533,0.0003261904790997505,0.0004271632805466652
19200,3435.9019317626953,0.0017064550001176506,0.0032711103931069374,0.00032872188836336136,0.00038741350173950197
19300,3458.1205327510834,0.002559087458475695,0.0034880684635468884,0.00032684233571801864,0.0005283794019903456
19400,3473.3163454532623,0.001112171794941666,0.003477872908115387,0.0003269047662615776,0.00035156447440385817
19500,3484.2915408611298,0.0011735198371009379,0.0035005618259310724,0.0003284063935279846,0.00025496244430541995
19600,3501.226636171341,0.0001423478949577761,0.0031917060911655424,0.00032625533640384674,0.00039732675999403
19700,3547.0395646095276,0.0011497001819620759,0.0032474853843450545,0.00032611683011054995,0.001104562096297741
19800,3587.9500799179077,8.385998774516207e-05,0.004055020399391651,0.0003286559134721756,0.0009871115535497665
19900,3622.415482521057,0.0031009637004783576,0.0032492102682590484,0.0003333761543035507,0.0008237335830926895
20000,3643.7824733257294,0.0037429062358853436,0.003237576298415661,0.00033042341470718384,0.0005024636909365654
20100,3664.3292775154114,0.0011884302440257927,0.003239109143614769,0.00032815761864185333,0.00048654429614543917
20200,3701.2815339565277,0.00195499769548425,0.004143491052091121,0.000331474095582962,0.0008912751823663711
20300,3733.595678806305,0.001995305057373999,0.0032489308342337608,0.0003325485810637474,0.0007763556018471718
20400,3776.4659600257874,0.0019993994010265555,0.0032119954749941825,0.00032552935183048247,0.001029907390475273
20500,3801.7123160362244,0.0011220062419405252,0.0034669964015483857,0.0003243646025657654,0.0005865024030208588
20600,3823.944397687912,0.0001429787393024462,0.003247676007449627,0.0003293213993310928,0.0005222203209996224
20700,3853.346059322357,0.0012023758928024822,0.0032464300308908734,0.0003284450726849692,0.0006070091788257871
20800,3882.3667511940002,0.0023018875835098614,0.0037067003175616266,0.00032866470515727995,0.0006940310075879097
20900,3899.3994414806366,0.001039184684795306,0.003627995252609253,0.00033041644841432573,0.0004037799686193466
21000,3913.7966797351837,0.0019708384228354927,0.0036562023684382438,0.00032859928905963897,0.00033499013632535933
21100,3944.0676877498627,0.001104115553359566,0.0034864134714007377,0.00032725654542446135,0.0007112282514572144
21200,3958.6102600097656,0.002013301477390712,0.003209925815463066,0.000325981080532074,0.0003502730280160904
21300,3969.0389375686646,0.001069811550744715,0.003916123732924461,0.0003251894935965538,0.0002450600638985634
21400,3979.5887799263,0.0014283495189246636,0.0032465485110878944,0.0003296176344156265,0.00024738162755966187
21500,3993.6967067718506,0.0020200613788845167,0.003254094645380974,0.00033133599907159806,0.0003186245262622833
21600,4015.2609639167786,0.0020255808614886178,0.0031932483240962027,0.00032602746039628983,0.0005010037869215011
21700,4034.785352706909,0.0028177167899595544,0.003231073431670666,0.0003281120955944061,0.0004418933764100075
21800,4062.414915561676,0.0011526648877447988,0.0034980659931898115,0.00032871779054403303,0.0006537052616477013
21900,4078.688807487488,0.002068071662555939,0.003461253456771374,0.00032619204372167585,0.000383860170841217
22000,4099.491675615311,0.00016186163834425198,0.003229447416961193,0.0003291988745331764,0.0004796741530299187
22100,4113.451909780502,0.001220734877721265,0.003248845493154866,0.0003301913770181792,0.0003295842132398061
22200,4129.82680606842,0.0001298813857751016,0.0036903948709368704,0.0003325767442584038,0.00039188973605632784
22300,4173.1688668727875,0.0011755997988650213,0.0032054286450147627,0.00032500747591257095,0.0010401181131601334
22400,4208.075444459915,0.001950025485841046,0.0032171355560421944,0.0003273477032780647,0.0008438211679458618
22500,4219.422829866409,0.00021233525031937316,0.0032407867163419726,0.00032855041325092316,0.0002701609581708908
22600,4229.49072265625,0.00021062310966960514,0.0032054723799228666,0.0003274572268128395,0.00024288102984428405
22700,4239.496914386749,0.0012002424693310467,0.0036493333056569098,0.00032613489776849746,0.00024302486330270766
22800,4249.644269227982,0.0013946421239437934,0.0032147838920354842,0.00032894514501094816,0.0002457961067557335
22900,4259.798250198364,0.0026509106543079154,0.0032524871453642845,0.0003293750062584877,0.00024479493498802185
23000,4269.901074647903,0.0028223436524401685,0.004041814915835857,0.00033105455338954925,0.00024345673620700836
23100,4279.94526720047,0.004105035299990132,0.004041251838207245,0.00033007431775331495,0.0002423088997602463
23200,4290.154303073883,0.0011135873503911183,0.0034815141186118124,0.00032571233808994295,0.0002474287524819374
23300,4302.921854734421,0.0019031780536685936,0.0032577937096357344,0.00032915256917476654,0.00030408911406993867
23400,4323.800822257996,0.00023143970743126242,0.0032661237567663194,0.00032851308584213256,0.0004978176578879357
23500,4334.050454378128,0.0029343296791424713,0.003929367560361113,0.0003285680817706244,0.00024678265409810204
23600,4344.208167552948,0.0011472183274983227,0.003509874865412712,0.00032902959734201434,0.0002424171194434166
23700,4354.439901590347,0.0028177893903560246,0.0032548268139362337,0.0003252983093261719,0.00024507198482751844
23800,4364.550823926926,0.0019476031370877364,0.0031958986446261406,0.0003269234672188759,0.00024196915328502654
23900,4374.636892557144,0.0018203614136839332,0.0032581881061196326,0.000328894704580307,0.00024349212646484374
24000,4384.891952037811,0.00013690154528826935,0.003230541795492172,0.00032800983637571335,0.0002467978745698929
24100,4395.019948720932,5.31092679062628e-05,0.003894007429480553,0.00032912060618400574,0.00024497367441654204
24200,4404.996055364609,0.0012174682414653629,0.003227626569569111,0.00032976746559143066,0.00024105411022901535
24300,4415.2322788238525,8.884975219569546e-05,0.0036638612300157547,0.00032804302871227266,0.0002479252219200134
24400,4425.266444683075,0.0020253199262627274,0.0032156217843294145,0.0003285171836614609,0.00024330630898475647
24500,4435.269651889801,0.0020785813856536942,0.0032301276177167893,0.00032712846994400026,0.00024117588996887208
24600,4445.605818748474,0.001177204625152864,0.0036200933530926706,0.00032934192568063737,0.0002491980418562889
24700,4455.511239528656,0.0011116971527526766,0.0035229312255978585,0.00033029966056346893,0.00024061251431703568
24800,4465.424402713776,0.001119269938848388,0.0032514873147010803,0.0003284079262188503,0.00024219375103712084
24900,4475.531235694885,0.0019630293085131315,0.0032465240359306337,0.00032885927706956865,0.00024502396583557127
25000,4485.610295295715,0.00013973142359367807,0.0034917951002717018,0.0003291766345500946,0.00024308595806360245
25100,4495.60489153862,0.001124615151135892,0.003213653303682804,0.00032633792608976363,0.00024214286357164384
25200,4505.795044183731,0.0020064600789538797,0.0032889681309461595,0.0003294424712657928,0.00024597376585006715
25300,4516.026872873306,0.00012688150812065812,0.003940939977765083,0.0003284106031060219,0.00024721916764974594
25400,4531.377723932266,0.0012049264474727314,0.003925800696015358,0.0003320024907588959,0.00036982454359531404
25500,4578.405376911163,0.0021381913555725707,0.003247297294437885,0.00033009760081768034,0.0011304166913032531
25600,4625.245625495911,0.0010945175352203278,0.003567277602851391,0.00032585233449935916,0.0011249278485774995
25700,4672.289435148239,0.0020436802120676924,0.003215753249824047,0.0003253158554434776,0.0011348427087068558
25800,4712.3803358078,0.0026970967011018666,0.003246130347251892,0.0003277446702122688,0.0009630281105637551
25900,4723.011022567749,0.0019155373885707072,0.003649938888847828,0.0003263606503605843,0.0002584531158208847
26000,4733.434885501862,0.0019752666810806175,0.003509086221456528,0.00032965514808893205,0.0002482857927680016
26100,4743.321179151535,0.0017932409671410571,0.0032194360718131067,0.00033089999109506605,0.00023838132619857788
26200,4753.317097902298,0.0005733108652765409,0.003237975649535656,0.0003299936705401965,0.00024168755859136582
26300,4768.774831533432,0.001239073930852557,0.0035012784600257875,0.00032636646181344987,0.00036877766251564026
26400,4815.887531757355,0.00276155061003704,0.004370271265506744,0.0003324964642524719,0.0011317600309848786
26500,4831.75327205658,0.0011323883657394231,0.0036862535402178765,0.0003296586126089096,0.0003832865878939629
26600,4856.1987681388855,0.0028205929338517744,0.003200480826199055,0.00032658305019140244,0.0005770650878548623
26700,4879.8696303367615,0.001224259378586666,0.0032368723675608637,0.0003282301500439644,0.0005667673051357269
26800,4926.94953918457,0.0001703806626833676,0.003194928914308548,0.0003275740146636963,0.0011309639737010003
26900,4940.378084182739,0.001249236993091307,0.0032247617468237877,0.00032689139246940615,0.0003238210082054138
27000,4951.173998594284,0.0008287766520465753,0.0032344933599233626,0.0003288012370467186,0.00025767337530851363
27100,4960.920073509216,0.001177489908206693,0.0035132983326911925,0.0003295671194791794,0.00023506157100200653
27200,4970.595501422882,0.00011942918784617867,0.0032383802160620687,0.00032768283039331437,0.00023360777646303177
27300,4982.944585084915,0.0012034634206886724,0.003610433749854565,0.00032806213945150373,0.0002930278331041336
27400,5003.346604585648,0.0027601978782934816,0.003242122679948807,0.0003268031403422356,0.0004718412458896637
27500,5050.388728141785,0.001943889408823481,0.00324535857886076,0.00032937522977590563,0.0011279889568686485
27600,5069.280117988586,0.0011093971867326036,0.0035201801306435038,0.00033167629901851924,0.0004559861070343426
27700,5079.084497928619,0.0011362237695696819,0.003230444900691509,0.0003295251727104187,0.0002339296042919159
27800,5089.87668299675,0.0010117999741991524,0.003680514357984066,0.0003287780657410622,0.0002611641585826874
27900,5100.020398616791,0.0009638656934313802,0.0036029303073883056,0.0003283796459436417,0.00024379275739192964
28000,5109.907855987549,0.0021090336058602124,0.003260565474629402,0.0003289135545492172,0.0002392711862921715
28100,5123.101602077484,0.0011968271716860138,0.0032291073724627496,0.00032804101705551146,0.0003138801828026772
28200,5133.210800409317,0.0025065331683260706,0.003231007605791092,0.0003287465870380402,0.00024094447493553162
28300,5143.391639471054,0.0019902414151144864,0.003489302061498165,0.0003276644647121429,0.0002426648512482643
28400,5153.531342744827,0.0001306808425307454,0.0031936439126729966,0.0003240904211997986,0.00024214252829551697
28500,5163.798982143402,0.0008901487704846131,0.003739051967859268,0.000328676775097847,0.0002437657490372658
28600,5173.994517326355,0.0034290038274122038,0.003228571005165577,0.00032647863030433656,0.00024249557405710222
28700,5184.086001396179,0.001219339943199256,0.00392465341836214,0.0003281985968351364,0.00024047959595918655
28800,5194.4097464084625,0.0019500672988915053,0.0036852873116731645,0.00032685600221157076,0.00024710647761821747
28900,5204.554425477982,0.0010943491178132812,0.0032552134990692138,0.00033087462186813353,0.00024232283234596253
29000,5214.744644641876,0.0001204780284546672,0.003226284592279366,0.0003307830276233809,0.00024385436304977964
29100,5224.859079837799,0.0009989320841756353,0.0032514553889632226,0.00032973069697618486,0.00024058911949396134
29200,5234.992091655731,0.0020194211112565317,0.0032330257445573806,0.00032862670719623565,0.0002403755486011505
29300,5245.089483499527,0.0025828466081535507,0.003852556422352791,0.0003297063708305359,0.0002410205453634262
29400,5255.268237352371,0.001124969627775619,0.003242130130529404,0.0003310684487223625,0.0002422802895307541
29500,5265.4502782821655,0.0004829831904520307,0.003219706080853939,0.0003245660662651062,0.00024273883551359176
29600,5275.889346599579,0.003413408731937706,0.0032410788536071777,0.00032819241285324095,0.00024840343743562696
29700,5286.1066472530365,0.0015055620838617283,0.0035128868743777276,0.00032726131379604337,0.00024411402642726898
29800,5296.250353574753,0.002813963618186003,0.003501177318394184,0.00032553832978010177,0.0002412092685699463
29900,5306.335839271545,0.00012963564969299625,0.003696892559528351,0.0003294326364994049,0.00024082615971565246
30000,5316.49089050293,3.971326661330349e-05,0.003652619048953056,0.00033139340579509737,0.0002427307888865471
30100,5326.852915525436,0.001214639458571482,0.0034851962327957153,0.00032740168273448945,0.00024726707488298416
30200,5336.949136734009,0.0022644220663328644,0.0031937114894390107,0.0003272254392504692,0.0002413780987262726
30300,5347.048404216766,0.000292115788524078,0.003696660958230496,0.00032955902495554517,0.00024196137807198936
30400,5358.798751592636,0.0006965729388999841,0.003681502230465412,0.00032909348607063294,0.00027528408914804457
30500,5374.832548856735,0.0006163849217253761,0.0032151087000966074,0.0003251297399401665,0.0003799973428249359
30600,5410.943363189697,0.0013416290279422627,0.0032370563969016074,0.0003308919817209244,0.0008611408621072769
30700,5451.8996913433075,0.0018868128118365768,0.0034958989918231964,0.0003304355591535568,0.0009813060611486436
30800,5464.038694620132,0.001903287545301923,0.0036607807502150535,0.00032875452190637587,0.00028326701372861863
30900,5474.488589525223,0.001182827138577684,0.003861169442534447,0.00032856065779924393,0.0002473859488964081
31000,5487.091948032379,0.0010941801708650289,0.0032368796691298485,0.00032954931259155274,0.00029259126633405684
31100,5501.065057516098,0.0021066689475500206,0.0032435448840260504,0.0003259690478444099,0.00033200789242982865
31200,5513.797078132629,0.000966888414555766,0.0032585931941866873,0.00032881226390600203,0.00029717352241277696
31300,5526.3215508461,0.00014259606373681594,0.0036848125234246252,0.0003294463083148003,0.0002965245768427849
31400,5541.731574773788,0.0010414882238181597,0.0034891365095973013,0.0003275289386510849,0.00035801533609628675
31500,5554.112699508667,0.0011194493265448658,0.0032114114984869956,0.0003261216729879379,0.000293690450489521
31600,5574.86233997345,0.0027300031396037495,0.0032211459428071977,0.0003282751515507698,0.0004907121509313584
31700,5608.621611118317,0.0020044767625824623,0.0037498265930584495,0.0003275727054902485,0.0008149572142532894
31800,5625.547792196274,0.0019938237453250756,0.003269059844315052,0.00033126648515462875,0.0003918611258268356
31900,5644.767976522446,0.002264511197882741,0.00325161449611187,0.00033264268189668654,0.00045109368860721586
32000,5663.518440008163,0.00011069081034804806,0.003664599917829037,0.00032689061015844345,0.0004294382780790329
32100,5678.880650758743,0.002034594085747638,0.0032029139250516893,0.00032616302371025086,0.0003544868156313896
32200,5715.180066823959,0.00012016268863781765,0.0032352715730667113,0.00032857608050107956,0.0008584417775273323
32300,5747.662753820419,0.0011234579231507752,0.003240819051861763,0.00032920897006988526,0.0007800685986876488
32400,5785.626598119736,0.0012083319957165932,0.003227851912379265,0.00032903488725423815,0.0009126293286681175
32500,5811.917496919632,0.0010807231553714373,0.003293520286679268,0.0003278722614049911,0.0006288840621709824
32600,5826.50949716568,0.0019417491704674858,0.003929268345236778,0.00032855506986379624,0.00034469787031412126
32700,5862.770906448364,0.001800043286264429,0.0036418211460113527,0.00032818406820297243,0.0008651093021035195
32800,5873.69979929924,0.0016953285665767565,0.003235121518373489,0.00032657187432050705,0.0002580198273062706
32900,5906.5170221328735,0.001211360592899855,0.003578067719936371,0.0003291088715195656,0.0007796276360750199
33000,5941.3206968307495,0.0016414543400605148,0.003753310590982437,0.00032720904797315596,0.000832781083881855
33100,5953.990655660629,0.0011037127413149684,0.003211694625871522,0.0003249260463884898,0.0002968328126839229
33200,5988.6268475055695,0.0011081061556144894,0.003465964049100876,0.00032503221184015273,0.0008283303678035736
33300,6020.875379085541,0.0026868889664849504,0.003702969327569008,0.0003323245793581009,0.0007689082249999047
33400,6036.251301765442,0.0019308016061157828,0.0036532825231552126,0.0003263375535607338,0.00035816963762044904
33500,6046.784362316132,0.00016947581727956573,0.003516695573925972,0.0003316887095570564,0.0002479324117302895
33600,6057.190176486969,0.0018881384015788365,0.0032483863458037374,0.0003273424506187439,0.0002460684254765511
33700,6075.7265503406525,0.0010829468821859068,0.003205452114343643,0.0003263956680893898,0.00042386386543512343
33800,6093.32231593132,0.0003574716501426942,0.0036703754961490633,0.0003274672105908394,0.0004038538038730621
33900,6132.76714348793,7.722117014128477e-05,0.00349646832793951,0.0003284374997019768,0.0009404510259628296
34000,6151.112872362137,0.0025996697841657946,0.003257484547793865,0.0003303392231464386,0.0004372745379805565
34100,6163.1055862903595,0.0020203266446866554,0.0032439255341887474,0.00032905671745538713,0.0002827633172273636
34200,6179.5299208164215,0.00212321523650038,0.0035299842432141306,0.00033046904951334,0.00038720689713954925
34300,6192.9675879478455,0.0005753193046504651,0.003229539953172207,0.0003285478428006172,0.0003133309632539749
34400,6205.735064983368,0.00011496937618655112,0.00357974324375391,0.00033058647066354753,0.000303586944937706
34500,6216.533732175827,2.8404964881756366e-05,0.0034730561290468487,0.00032637895217963624,0.0002558785517300878
34600,6228.460467576981,0.0007741271150227052,0.003228667564690113,0.0003291792795062065,0.0002775518968701363
34700,6269.79695725441,0.002109595930308098,0.003927188254892826,0.00032903779298067094,0.0009837677329778672
34800,6297.038123130798,0.00221487469174348,0.003212338425219059,0.00032604869455099105,0.0006488945335149765
34900,6314.582310676575,0.0011129542182873114,0.003246334381401539,0.000332183912396431,0.00041325192898511887
35000,6339.2179119586945,0.0031124763795562288,0.004218491278588771,0.00032884936779737473,0.0005730314552783966
35100,6364.813578367233,0.0012249911553010712,0.003276166170835495,0.00032880041748285294,0.0006080122292041779
35200,6375.122496128082,0.0026956730243023687,0.0032154671475291253,0.00032697804272174835,0.00024503506720066073
35300,6418.643704175949,0.00020153238576614245,0.0032362856715917585,0.0003267117589712143,0.001046394519507885
35400,6455.139027833939,7.040698875360962e-05,0.0036612696200609206,0.00033108580857515334,0.0008778134360909462
35500,6490.340334415436,0.0024314328718449993,0.003238394297659397,0.000327720083296299,0.0008468044549226761
35600,6518.954326868057,7.412516326975398e-05,0.0035544460639357566,0.0003278188779950142,0.0006821373850107192
35700,6540.652366161346,0.0011632710350380612,0.003222585991024971,0.0003261830285191536,0.0005009846389293671
35800,6555.731759786606,0.0002805051621392807,0.003269405402243137,0.0003299706056714058,0.00035443998873233793
35900,6579.025148630142,0.0021102420238947373,0.003576563506254128,0.00032752753368445805,0.0005472557938524655
36000,6609.971970796585,0.000360673839731582,0.0032558517903089525,0.00032819394022226333,0.0007424059137701988
36100,6630.61608171463,0.0012100982429962437,0.003456711955368519,0.00032308612018823625,0.0004727571830153465
36200,6670.794380903244,0.0006429818228539244,0.00353510070592165,0.00032775331288576126,0.0009588987752795219
36300,6696.225119829178,0.001079506765273666,0.0032050465419888497,0.0003255132213234901,0.0006024375557899475
36400,6719.886686563492,0.0029055213995821433,0.003794330321252346,0.0003285248950123787,0.0005547117069363594
36500,6734.75257897377,0.0010815494689326952,0.004534219764173031,0.00033209893852472307,0.00034444883465766906
36600,6767.324012041092,0.0011115696719725078,0.003256651647388935,0.0003298642113804817,0.000769132599234581
36700,6787.008352279663,0.0003506236231830301,0.00325571995228529,0.00032783053815364836,0.0004711427167057991
36800,6812.720439195633,0.0010893903411961848,0.003212650753557682,0.0003318167477846146,0.0006052794307470321
36900,6836.0061156749725,0.0011026921622123175,0.003221364989876747,0.00033110514283180237,0.0005348347127437592
37000,6857.236912727356,0.0022858070950580876,0.0032283947244286537,0.00032926328480243684,0.0004791225865483284
37100,6883.510096311569,0.0019015504234738197,0.0032595858350396158,0.00032924812287092207,0.0006158271431922912
37200,6896.000996828079,5.8357172927391845e-05,0.0032054254891616956,0.0003272442413227898,0.00028929900377988816
37300,6915.809468269348,0.0004562437984368517,0.003674624636769295,0.00033093426376581194,0.0004600830376148224
37400,6946.2157917022705,0.001472193177400903,0.0035783633589744567,0.0003282065689563751,0.0007199924811720848
37500,6967.072618484497,0.002169868472336329,0.0032756926119327547,0.0003291143849492073,0.0004763156548142433
37600,6981.178029060364,0.0018625061964576634,0.0032069629058241846,0.00032656289637088775,0.0003317395225167274
37700,6993.193780183792,0.002051530967728778,0.0032248811051249506,0.00032790232449769974,0.0002857840806245804
37800,7017.162932395935,0.00018221519828026333,0.003244229145348072,0.0003296515718102455,0.000575127862393856
37900,7032.964030981064,0.0010133050549655125,0.0032314449176192284,0.0003311634436249733,0.0003631101176142693
38000,7046.806178808212,0.0010776320906051473,0.003271346651017666,0.000327276811003685,0.000322059765458107
38100,7071.57180762291,0.0010623724882161333,0.0035011106356978416,0.00033011216670274734,0.0005008235201239586
38200,7082.530777931213,0.0014770560861357776,0.003669966496527195,0.0003276649117469788,0.0002577146515250206
38300,7106.0715708732605,0.0017778075514180921,0.0037173456698656082,0.0003263889253139496,0.0005587350949645042
38400,7140.825187921524,0.0010585075188463166,0.00325570710003376,0.00032750289887189865,0.0008362653478980064
38500,7160.857122659683,0.002603102743127841,0.003659960813820362,0.00032891567796468736,0.00047028318047523496
38600,7174.914014339447,0.0006608686431157676,0.003506528618080276,0.00032783143754516324,0.0003203060158661433
38700,7199.632643938065,0.0011783693648301141,0.0032560134679079054,0.0003290574625134468,0.0005790501460433006
38800,7212.030296564102,9.119208683023128e-05,0.0032418530806899073,0.00032812591642141344,0.0002874443307518959
38900,7223.459729671478,0.0036756393438183944,0.003219707645475864,0.00032488614320755007,0.00027053315192461015
39000,7246.000987768173,0.0002530478636762307,0.0032364314794540404,0.000328628309071064,0.000531369112432003
39100,7266.635703086853,0.0011309441319271852,0.003204785548150539,0.0003253163024783134,0.00046738173812627793
39200,7291.765264749527,8.279166729165288e-05,0.004118864834308625,0.00032899655401706694,0.0006045141071081161
39300,7302.4676032066345,0.002553618785706392,0.0032413025200366975,0.00033274337649345396,0.00025693126022815707
39400,7316.53536772728,0.001123443711819284,0.004172856844961643,0.0003276212513446808,0.0003339160978794098
39500,7330.805227518082,0.0019630361890822776,0.0035397980362176897,0.0003283768147230148,0.0003377673774957657
39600,7345.171278476715,0.0018729861924002547,0.003607114255428314,0.0003286613151431084,0.0003448172658681869
39700,7362.734996795654,0.0010546234682186199,0.0035041388869285583,0.000329369381070137,0.00040993236005306246
39800,7386.318417310715,5.9355334143462726e-05,0.0032113533467054366,0.0003295587003231049,0.0005419990420341492
39900,7406.83686041832,0.0011452320312021755,0.0032228291779756546,0.00032774541527032854,0.0004819316789507866
40000,7423.806974887848,7.103992306341789e-05,0.0036330198124051092,0.00032517992492233,0.00037303841539791655
40100,7447.063699245453,0.003139056379192069,0.003530096672475338,0.0003325077146291733,0.0005490956827998161
40200,7476.573038816452,0.00014301130122313266,0.0034991372004151344,0.00032841838896274566,0.0006994595006108284
40300,7490.430581569672,0.0004337488863656297,0.0032582955062389375,0.00032793089747428894,0.00032656934112310407
40400,7503.915504693985,0.0027771960001606753,0.0032347989827394485,0.00032657500356435775,0.0003208189457654953
40500,7517.610729455948,0.00211713099935122,0.003230155073106289,0.00032984185963869095,0.0003269416838884354
40600,7529.539429664612,0.0013687652370516859,0.0032598627731204033,0.00032925572246313096,0.0002845267951488495
40700,7547.6728515625,0.0010548774232224487,0.003233436644077301,0.00032649517059326174,0.0004202835261821747
40800,7585.314487934113,0.0008495765645172939,0.004026685617864132,0.0003288339450955391,0.0009019782394170761
40900,7600.0585424900055,0.0001455170551263038,0.003505667969584465,0.00033135507255792617,0.00033475518226623536
41000,7626.964438676834,2.603978517698613e-05,0.003225012086331844,0.0003297623619437218,0.0006322168186306954
41100,7640.717421531677,0.002075091437910298,0.003202536217868328,0.000326889269053936,0.00031906537711620333
41200,7673.137760639191,0.0021165310335197903,0.003662058599293232,0.00032787244766950606,0.0007769628986716271
41300,7694.311670064926,0.00017481267545383787,0.003482740931212902,0.00032685711979866025,0.0004945523664355279
41400,7709.935566663742,0.0029007383241278196,0.0036345585009881433,0.0003294209869844573,0.00036855047302586694
41500,7724.754998207092,0.0011874931591608746,0.003475220948457718,0.0003259656950831413,0.00034527052193880083
41600,7739.262014627457,0.001019591307108862,0.0035067706555128096,0.00032823823392391204,0.00034308750182390215
41700,7763.430811882019,0.002000920333264298,0.0032130642607808113,0.00032738182693719864,0.0005743355676531792
41800,7786.553545951843,0.00018983205659915957,0.0032548682391643526,0.00032799012959003446,0.000539744645357132
41900,7807.651913404465,5.837684673866111e-05,0.0032406902313232423,0.0003271391987800598,0.0004970249533653259
42000,7820.810971736908,0.001194289881312904,0.0032694894075393677,0.00033227689564228056,0.0003084971383213997
42100,7840.264998674393,0.0010438741981768252,0.0032623570039868356,0.00032992392778396606,0.00044395532459020617
42200,7856.860947370529,0.0010567395041053637,0.0039366564899683,0.0003269476071000099,0.0003639257699251175
42300,7895.179186582565,0.0018783841093719814,0.0034820254519581794,0.0003285139054059982,0.0009173854812979698
42400,7917.896566152573,0.00016095221675606092,0.0032489363849163054,0.0003280383720993996,0.0005250893533229828
42500,7939.085750579834,0.0004183258268731588,0.003675915040075779,0.0003276003524661064,0.0004810553416609764
42600,7960.465603113174,0.0023579777032545924,0.0032234690338373184,0.0003289740905165672,0.0004864146560430527
42700,7978.716595411301,0.0026781245814749303,0.0035709156628165924,0.00033014939299651555,0.00043050967156887054
42800,7989.390915393829,0.00039235410146100657,0.0032609405368566515,0.00033070582896471023,0.0002523413300514221
42900,8001.638183355331,0.0012648758825462428,0.003214544728398323,0.0003259831666946411,0.00029107678681612015
43000,8015.454008579254,0.00014046256257482516,0.003512470871210098,0.0003299270942807198,0.00032868325710296633
43100,8029.540110588074,0.0008797208891599068,0.00323715902864933,0.00032608263194561004,0.0003364105522632599
43200,8051.06817984581,0.0010928675637246407,0.0032389237731695174,0.0003285365551710129,0.0005041973665356636
43300,8080.565943956375,0.0001596721230648357,0.004469484724104404,0.0003277327120304108,0.0006975043937563896
43400,8098.038598060608,0.001234488609362239,0.0032179321348667143,0.0003306229040026665,0.0004002493619918823
43500,8112.282861709595,0.001077585932337467,0.0034817824512720108,0.0003285648673772812,0.00033381640911102296
43600,8123.326316356659,0.00010502692033928035,0.0032453204691410063,0.0003285397216677666,0.0002632816135883331
43700,8136.684601068497,0.0016605976775703744,0.003472558781504631,0.0003283676132559776,0.0003152948617935181
43800,8152.973286390305,0.0027373630442085574,0.003214363679289818,0.0003263671696186066,0.00036263398826122287
43900,8175.137676477432,0.0019440412605542337,0.003255535401403904,0.000327872708439827,0.0005318741500377655
44000,8185.315890789032,0.0011318707847970677,0.003253231719136238,0.0003286559134721756,0.00024364519864320756
44100,8197.26250052452,6.519190159748029e-05,0.003935775336410319,0.00032878172716924127,0.0002861866993563516
44200,8211.043132543564,2.438180110627325e-05,0.003233011066913605,0.00032975077629089357,0.00032996878027915957
44300,8221.56484913826,0.00033852669692258504,0.0032393861562013625,0.0003288888558745384,0.00024990513920783994
44400,8232.0728495121,0.0038209395950678272,0.0032435813546180725,0.0003255509212613106,0.00025050632655620575
44500,8242.458011865616,0.002429831344730488,0.0035076332837343216,0.0003290628641843796,0.0002471599727869034
44600,8253.838295698166,0.00016836855497268072,0.003654548041522503,0.0003302676975727081,0.0002699154615402222
44700,8264.342673301697,0.0012111897357193996,0.0032646150141954424,0.0003280828148126602,0.0002486678212881088
44800,8275.854984998703,0.0016152076630778947,0.003473949804902077,0.00032619092613458636,0.00027078352868556974
44900,8288.955307483673,0.001466566816972823,0.003923142403364182,0.0003268221765756607,0.00031259190291166306
45000,8303.012939929962,0.0003510886693529111,0.0032643821090459824,0.0003301319107413292,0.00033558659255504607
45100,8325.666069030762,0.00031740612636966983,0.003890174739062786,0.0003295328095555305,0.0005215615034103394
45200,8365.425372600555,0.0010599699138680628,0.0031947600096464157,0.00032832704484462736,0.0009490077570080757
45300,8382.634189605713,7.293791296171499e-05,0.0031979313865303995,0.0003289612010121346,0.00039603296667337415
45400,8400.096219062805,0.0010917712847929243,0.003232561759650707,0.00032890185713768005,0.00040034603327512744
45500,8411.155234336853,0.0010105543198195405,0.0037022026521818974,0.0003283259006483214,0.0002616189420223236
45600,8422.579423666,0.0011044689367135957,0.0035302143543958662,0.0003290150687098503,0.00027309149503707887
45700,8434.835358142853,0.0016882207589815185,0.0031983543932437896,0.0003291956707835197,0.00029256537556648254
45800,8448.41064119339,0.0025523069412586785,0.003642020784318447,0.0003261478990316391,0.0003262538462877274
45900,8460.5139605999,0.0005255491238681734,0.0036805708706378936,0.0003326345235109329,0.0002859467640519142
46000,8473.62368631363,0.001209963292583143,0.003215688206255436,0.0003277597948908806,0.0003115605190396309
46100,8506.7869951725,0.001667803153423904,0.0032741010934114454,0.00032773245126008985,0.00079653549939394
46200,8546.01777768135,0.001635635158322306,0.003487456552684307,0.00032971389591693876,0.0009414476156234742
46300,8568.363013267517,0.0002258114245115428,0.0038567709922790526,0.0003286531940102577,0.0005233890563249588
46400,8581.5277531147,0.0018891011015883688,0.0032244335860013964,0.00032728638499975206,0.00030965447425842287
46500,8625.244193077087,0.000628073771377047,0.0032314008846879004,0.00032682638615369794,0.001049334779381752
46600,8638.802531003952,0.0013652966038944668,0.003262709267437458,0.00032792557030916216,0.0003217514231801033
46700,8661.885899066925,0.0001600911409317024,0.00393941156566143,0.00032955896109342574,0.0005486172437667847
46800,8679.205829620361,0.0013474877556854008,0.003192674070596695,0.0003278876096010208,0.00041327804327011107
46900,8696.40866613388,0.0002079477567142321,0.0035013760519879205,0.000327984844999654,0.0004050740972161293
47000,8710.165934562683,0.002088829402985862,0.0032434682920575142,0.00032892048358917236,0.0003311975672841072
47100,8721.625883102417,0.0015735745815949375,0.003242545835673809,0.0003270966187119484,0.00026894662529230117
47200,8733.853345394135,0.0002531662459693296,0.003233978934586048,0.00032856788486242296,0.0002880321443080902
47300,8747.734783649445,0.0014671870168703977,0.0035930577665567397,0.0003270618990063667,0.00032451372593641283
47400,8761.505716562271,7.705229740964214e-05,0.0032367029786109923,0.0003271906077861786,0.0003178063780069351
47500,8774.817460536957,0.0030405022453650152,0.003938874192535877,0.00033184997737407685,0.00031546451151371
47600,8799.900040149689,0.00021485278205453706,0.003687346242368221,0.0003279675915837288,0.0005992269143462181
47700,8820.738171815872,0.001118793522931545,0.0034898847714066508,0.00032874234020709994,0.0004872777312994003
47800,8841.592569589615,5.918961651390581e-05,0.003248083107173443,0.00033081680536270144,0.00047651708126068116
47900,8858.525680541992,3.970195375070623e-05,0.003652462847530842,0.00032760880887508395,0.0003935687988996506
48000,8877.851293325424,0.002004908156438725,0.0032072468847036363,0.0003265106678009033,0.0004639915749430656
48100,8889.003375768661,0.002011174285869256,0.0032468230649828913,0.0003301872313022614,0.00025933615863323213
48200,8902.82638168335,0.0015693755296948139,0.0034855671173759867,0.00032902733555861883,0.00033041175454854964
48300,8943.237335443497,0.0007852140623020923,0.003244101665914059,0.00032795250415802,0.0009704478085041046
48400,8986.810669660568,0.002145815818436492,0.0034998418018221855,0.00033258568495512006,0.0010517879948019981
48500,9031.333030700684,0.00101146087839389,0.0032337236031889914,0.0003290731459856033,0.0010785635933279992
48600,9046.32931470871,9.977283520778701e-05,0.0036455247178673743,0.00032461833208799365,0.0003591286391019821
48700,9059.558933734894,0.001111875675737164,0.003578903749585152,0.0003292455524206161,0.00030020520091056824
48800,9074.185682058334,0.0010252804493156064,0.0037514566630125045,0.0003275550529360771,0.00033830709755420683
48900,9093.341491937637,0.000989985297704254,0.0036657819524407386,0.00032796524465084076,0.0004404151067137718
49000,9138.893244743347,0.0020748987440788107,0.0032493283599615095,0.000328117273747921,0.0010986908897757531
49100,9162.736840486526,0.0001356638775435573,0.003255959562957287,0.000331324078142643,0.0005714255198836326
49200,9179.763357877731,0.0007696405149040425,0.0036537780612707137,0.0003276557847857475,0.0004051631316542625
49300,9201.296285867691,0.00017447097873283607,0.0032432874664664268,0.00032870195806026457,0.000515071377158165
49400,9222.465695619583,0.0029919940707760894,0.0032433870062232016,0.0003268461674451828,0.0005073869973421097
49500,9232.935168266296,0.00045504799740159364,0.003494531586766243,0.000328386165201664,0.00024559233337640763
49600,9244.151940822601,0.002204964070948883,0.0032305740724716866,0.0003260344532983643,0.0002675072050520352
49700,9263.79924607277,9.204534776022705e-05,0.0032273368537425995,0.00032678578048944473,0.00045475706458091735
49800,9292.050909757614,4.305704535863514e-05,0.0032559777796268463,0.0003316822275519371,0.0006804854050278664
49900,9332.552338838577,2.8225226182373996e-05,0.0036371099576354027,0.00032840728759765626,0.0009673070162534714
50000,9379.530335187912,0.0011431871400336608,0.00366600189357996,0.0003289853408932686,0.001126609668135643
50100,9419.893403053284,0.000522233704385647,0.0032575758174061774,0.00032686747610569003,0.0009706574678421021
50200,9430.962548017502,0.00240562784237477,0.00359145063906908,0.00032752957195043565,0.0002608832716941834
50300,9441.871277332306,0.0012804578756016303,0.0034823906794190407,0.00032824356108903887,0.0002564840018749237
50400,9454.717745304108,0.0016515172185088424,0.003769330158829689,0.000329083651304245,0.0003003184869885445
50500,9477.59932398796,0.0010334849079638947,0.003935266546905041,0.00033003181219100954,0.0005461795255541802
50600,9505.054500341415,0.0018285631489925883,0.0032179813459515573,0.0003269854560494423,0.0006577738747000694
50700,9516.585852146149,0.002199486564195448,0.0032681403681635857,0.0003310539945960045,0.0002692706137895584
50800,9529.1639149189,0.0021211889470914716,0.003251209259033203,0.00032873973250389097,0.00029854994267225265
50900,9544.166764259338,0.0014552336468837475,0.0032153093442320825,0.0003260710462927818,0.0003541407361626625
51000,9557.270589590073,0.0014841848130932747,0.004365270180361611,0.00032785018639905106,0.0003099257232887404
51100,9571.576499700546,0.0018914788639275149,0.003484489284455776,0.0003279213607311249,0.0003395793214440346
51200,9585.264914751053,0.0002448040651233169,0.0032375578954815863,0.00032821588218212127,0.0003195150941610336
51300,9605.466085672379,9.052504941925693e-05,0.0032333939149975775,0.00032885082066059113,0.00046036332845687865
51400,9624.631352901459,0.00020268460115378,0.003237541615962982,0.00033057644963264466,0.00045676585286855695
51500,9642.171949148178,4.044556776482328e-05,0.00392556756734848,0.0003284209966659546,0.00040564030408859255
51600,9658.888003349304,0.0009763144721739453,0.003234827443957329,0.00032756611704826355,0.0003888007253408432
51700,9671.696410655975,0.0008690928661918199,0.0032465634122490882,0.000328565388917923,0.00030306067317724226
51800,9682.786408185959,0.0014030651820166916,0.003253099210560322,0.0003276040777564049,0.00026379317045211793
51900,9708.52113199234,0.0017865761298970942,0.0036210695654153822,0.0003305601328611374,0.0006134126335382462
52000,9720.283861160278,0.0023392282531084344,0.003490215130150318,0.00032983113080263136,0.00027384765446186065
52100,9737.34732890129,0.0019136636200912224,0.0032210398837924006,0.00032678119838237764,0.0003920811414718628
52200,9748.045765399933,0.0010551609709952786,0.0032341574877500535,0.0003273729607462883,0.0002552085742354393
52300,9758.492001533508,0.0010144842807598329,0.0032352428883314134,0.0003281431645154953,0.0002489843592047691
52400,9770.657440423965,0.0012444045658812012,0.00324556364012616,0.0003278855926224164,0.0002876477954643113
52500,9783.436317205429,0.0011277716493467821,0.0037645045667886734,0.00032908983528614046,0.00030456654727458956
52600,9794.402701854706,0.0017689003413937018,0.0034806107357144354,0.00032729342579841615,0.00026063598692417146
52700,9805.238539934158,0.0010253283695228202,0.0032385509088635445,0.0003291049227118492,0.0002559757977724075
52800,9816.175315380096,0.0018823794501753677,0.0036912615224719047,0.00033094789832830427,0.0002575865387916565
52900,9826.738649845123,8.022719543622852e-05,0.0035573014244437216,0.00032808635383844374,0.00025032144039869306
53000,9838.22776222229,0.0011441309557536025,0.003935911022126675,0.00033159758895635606,0.00027317706495523454
53100,9848.79188489914,5.939124693444431e-05,0.003666858449578285,0.0003289741650223732,0.00025327757000923154
53200,9859.280977010727,0.0013378787069019847,0.0032374965399503707,0.0003276928141713142,0.000249355360865593
53300,9876.580392837524,0.002603236087747136,0.003235723562538624,0.00032698515802621843,0.00039930880069732666
53400,9910.869723320007,0.0009594951458113546,0.00323391318321228,0.0003289152309298515,0.0008176968991756439
53500,9926.88238120079,9.571787391771196e-05,0.003229585289955139,0.0003267752751708031,0.0003807384520769119
53600,9964.024314641953,0.0014899613527588232,0.0032189176976680756,0.0003291528299450874,0.0008860263973474502
53700,10011.048873186111,0.0009690138080268601,0.003255511745810509,0.00032550092786550524,0.0011294538527727128
53800,10021.193307638168,0.002090867856967644,0.003515715609703745,0.00033066924661397936,0.0002464006628308978
53900,10032.634584665298,0.0011384059454657186,0.0032049955800175665,0.00032458193600177766,0.00027108795940876005
54000,10055.033207654953,9.453074691426422e-05,0.0032505766674876214,0.0003304243832826614,0.0005320081859827041
54100,10072.23018693924,0.0011651485922204705,0.003678174093365669,0.0003275616466999054,0.00039379876106977464
54200,10082.837758779526,0.00011135567203960278,0.003248516209423542,0.0003287511691451073,0.00025310371071100233
54300,10093.306868076324,3.9477218092082434e-05,0.0035889149457216264,0.0003272514045238495,0.00024808369576931
54400,10107.310454845428,0.002851125309709471,0.003491339832544327,0.00033210482448339465,0.00033006329089403153
54500,10120.990682840347,0.0014008544610074742,0.0035203224420547485,0.000331355556845665,0.0003202345222234726
54600,10161.62511229515,0.0009986612849453055,0.0032292507961392404,0.0003296902775764465,0.0009674643352627755
54700,10188.062756538391,0.0023280432133204955,0.003197747990489006,0.0003259272873401642,0.0006372176483273506
54800,10198.730546474457,0.0003526822704700469,0.003646991178393364,0.00032957207411527634,0.00025351617485284804
54900,10237.594392061234,0.0010056651420958787,0.0032576292380690573,0.0003279726207256317,0.0009287553280591964
55000,10269.389586687088,0.00010151891097353399,0.003952040374279022,0.00032645050436258316,0.000758919082581997
55100,10299.310545682907,0.002845496689717011,0.0031993487051555085,0.00032672623438494543,0.000707707144320011
55200,10313.326078891754,0.0003190824302888909,0.003496719039976597,0.00032555680721998217,0.00032699767500162126
55300,10328.877744197845,0.00126740867584378,0.0038644902035593984,0.00032784417271614075,0.0003683636337518692
55400,10343.108479499817,0.00018316525155576274,0.0032530924677848815,0.0003286680579185486,0.00033047668635845186
55500,10354.432847499847,0.0029510753616001626,0.003920822888612747,0.0003272425755858421,0.00026680707931518553
55600,10371.617057800293,0.0003259510404930349,0.003270873576402664,0.00032987456768751144,0.00032242517918348315
55700,10381.851666212082,6.117676877055028e-05,0.0032130862027406693,0.0003282136842608452,0.00024440914392471314
55800,10402.110831737518,0.001127156901643166,0.00324768640100956,0.0003296221420168877,0.00047102514654397967
55900,10414.174559116364,0.0011677293491882245,0.003203939087688923,0.00032692912966012953,0.00027995359152555466
56000,10437.485775232315,0.0017212306522284809,0.004149349667131901,0.00033056676387786864,0.0005514463409781456
56100,10468.923290252686,0.0002020883121723674,0.0032184933871030807,0.00032895177602767947,0.0007418864592909813
56200,10486.622610092163,0.0008046369947422485,0.003202895037829876,0.0003276989609003067,0.000411994531750679
56300,10501.605810880661,0.0021790431646953445,0.003501950241625309,0.00033075641840696335,0.0003459404781460762
56400,10518.837980031967,0.00022272199434594298,0.0032304799184203147,0.0003288915753364563,0.00040431372821331024
56500,10537.856179714203,0.0010324288529044879,0.0032372889082346646,0.00032559591212442935,0.00044481844242130004
56600,10566.967569589615,0.0029791996237243474,0.0032427964732050897,0.0003274412453174591,0.0006762297078967094
56700,10583.527626752853,0.00032132350152902554,0.003222346156835556,0.00032854236662387847,0.00038044549524784087
56800,10606.17991399765,8.712257404033391e-05,0.00321886096149683,0.0003260587528347969,0.0005312355607748031
56900,10623.882840633392,0.0017345710994637557,0.0035025063902139665,0.00032595835626125335,0.0004140450432896614
57000,10641.55260682106,0.0012003709146512082,0.0034932101517915724,0.00032614700496196746,0.0004088912159204483
57100,10660.679249286652,0.00017791251583713973,0.0032298457995057106,0.0003272005170583725,0.0004469667375087738
57200,10673.518655538559,0.0010926267806426926,0.0036272130906581878,0.00033115476369857785,0.0003045687079429626
57300,10692.197396278381,0.00010605989566373125,0.0032247833907604216,0.0003299720212817192,0.0004399918392300606
57400,10707.121079921722,0.001034683081257082,0.003658645935356617,0.0003295721113681793,0.0003350130468606949
57500,10718.998510599136,0.002408234933647199,0.0032429856434464453,0.00033113591372966765,0.00028124067932367325
57600,10731.443728208542,0.0012785020737632758,0.003471938818693161,0.0003290623426437378,0.00029357437044382097
57700,10746.432471036911,0.00010915955892908558,0.0035229254141449927,0.00032895565032958985,0.00036127969622612
57800,10764.568743467331,0.001509636926047413,0.0032384391874074937,0.00032967481762170793,0.000421757735311985
57900,10783.06220650673,0.00227456749198342,0.0041070442167775965,0.0003296542540192604,0.00042495737118380413
58000,10800.361644983292,0.00020667581139827558,0.0032517186179757116,0.00032953843474388124,0.0003942029923200607
58100,10818.063232183456,0.0001433042552490582,0.0040173278376460075,0.0003258127346634865,0.00039685137569904326
58200,10836.18200802803,2.6920761993231567e-05,0.0034799686074256896,0.00032606523483991623,0.0004170145466923714
58300,10849.168562173843,0.002007747582365586,0.003517005629837513,0.00032664719969034196,0.0003021618723869324
58400,10862.559346199036,0.001334502360554605,0.0032535602152347566,0.00032738283276557924,0.0003129015862941742
58500,10875.388845682144,0.0012281764105736477,0.003255501948297024,0.0003300761803984642,0.00029518723487854004
58600,10888.211596727371,0.0011028075462032137,0.003678293228149414,0.00032960876822471616,0.00030090950429439544
58700,10905.625692129135,0.000869720096251625,0.0032228555157780645,0.00033153288066387174,0.0004098021984100342
58800,10935.027261972427,0.0019718742763326696,0.0032340895384550096,0.0003304017707705498,0.0006894276291131974
58900,10972.503422737122,0.00010189658610852554,0.003492494076490402,0.00033016696572303773,0.0009041992202401161
59000,10988.689230680466,4.322765463756317e-05,0.0032260847464203836,0.00032690808176994324,0.0003794942796230316
59100,11012.229319095612,0.0019229049501745322,0.003231397233903408,0.00032805457711219786,0.0005429711565375328
59200,11033.823402881622,0.002457373116343543,0.003917580582201481,0.00032743997871875763,0.00048076853156089785
59300,11073.995329380035,0.0010013985849877036,0.0034848917754633085,0.0003270720850144114,0.0009653673214571817
59400,11119.700920581818,0.002752095532383877,0.0032662978768348695,0.00032863423228263856,0.0010978778451681138
59500,11141.21963596344,0.0010861732651542674,0.0039863594248890875,0.00032822851091623306,0.0005049159005284309
59600,11173.476494550705,0.00015841533258030395,0.0032204612717032432,0.0003301621973514557,0.0007644616812467575
59700,11202.474272727966,0.00019225062306434115,0.0032131757959723475,0.00032658103853464124,0.0006817928329110145
59800,11230.295204162598,0.0019522832784928026,0.00321933776140213,0.0003312675282359123,0.0006535283476114273
59900,11242.445249080658,0.0010014041553200641,0.003499508202075958,0.0003289615735411644,0.0002766640111804008
60000,11256.827162504196,0.0018158395623166386,0.003506624661386013,0.0003281345218420029,0.000329243540763855
60100,11272.569717407227,0.0011193928801755432,0.003233783170580864,0.00032758373767137526,0.0003654034063220024
60200,11292.60539650917,0.0005941122375193001,0.003232523500919342,0.00032732490450143814,0.0004756517335772514
60300,11318.031863451004,0.0012245199499028346,0.003256969302892685,0.000327853225171566,0.0005984607711434364
60400,11344.187168121338,0.0011538164169201228,0.0036896470934152602,0.0003299149870872498,0.000616343654692173
60500,11361.70386004448,0.0002592609264585291,0.003935470394790173,0.000328146256506443,0.0004114134982228279
60600,11382.12694311142,0.00017851975207347576,0.0032598780734198435,0.0003302935776965958,0.0004775424940245492
60700,11395.094095230103,4.262031332659594e-05,0.0032619962468743323,0.0003294824808835983,0.0002957636117935181
60800,11407.908485651016,0.0020746069224017016,0.003693651407957077,0.00032895632088184354,0.0002983285486698151
60900,11425.870629310608,0.0021140261484252913,0.0032278471440076828,0.00033164139837026595,0.0004318327456712723
61000,11438.135872602463,0.001225300933867067,0.0035950218513607977,0.00032802913337945936,0.0002893532812595367
61100,11451.82960677147,0.0009782636676513448,0.0032413127645850182,0.0003289834409952164,0.00031841885298490526
61200,11472.102914333344,0.0005974146678544706,0.0032059361413121225,0.00032649189233779907,0.0004585154727101326
61300,11490.246882915497,0.0017150618064474784,0.0032205889374017716,0.0003272991999983788,0.00041412279009819033
61400,11504.591767549515,0.001124435192506492,0.003689034208655357,0.0003272978961467743,0.00033350836485624314
61500,11523.268656730652,0.00028606625853411867,0.0034886952489614487,0.00032717879861593246,0.0004342294111847878
61600,11538.3218896389,2.3565074256030326e-05,0.003218308538198471,0.0003290976956486702,0.00034299347549676895
61700,11550.7204413414,0.0020890309390158793,0.00392924316227436,0.0003291139751672745,0.000290142260491848
61800,11580.677615642548,0.0009613825437126977,0.0034661870077252388,0.0003257984668016434,0.0007131389528512955
61900,11616.67566728592,0.0013391064323979285,0.0035063132643699648,0.000328650139272213,0.0008523156121373177
62000,11636.582761764526,0.0012721122765676717,0.003252480929451329,0.0003283783208046641,0.0004581300275666373
62100,11653.621131420135,0.0009695811885502545,0.003922853581607342,0.00032979387789964674,0.0003973536565899849
62200,11666.426760673523,0.002540985963665242,0.003481742851436138,0.00032808322459459304,0.00029878515750169754
62300,11684.587912082672,0.00024831565941461854,0.0032380573078989983,0.00032749339938163756,0.00043112583458423617
62400,11701.508393526077,0.0009860774067874272,0.0032247329875826837,0.0003293277695775032,0.0003980805724859238
62500,11729.123688697815,0.0009855146006573791,0.0037689714133739474,0.0003264261782169342,0.0006464252248406411
62600,11768.841378688812,0.0001855569527651632,0.003235518746078014,0.00032835140824317933,0.0009585043042898178
62700,11786.597600698471,0.0006651339855154736,0.0032184210419654844,0.0003311684727668762,0.0004075309634208679
62800,11807.599844694138,0.001935070707653456,0.003210412822663784,0.000327058807015419,0.0004779689759016037
62900,11824.491461753845,0.0014506703722707856,0.0037035818770527838,0.0003298585116863251,0.00039086148142814637
63000,11852.839946269989,0.0002563744209020716,0.0035860851034522057,0.0003266872838139534,0.0006392089277505875
63100,11872.33072733879,0.002110660349372918,0.0032485803961753846,0.0003311625495553017,0.0004613054543733597
63200,11893.741425991058,0.0003265124326320512,0.0036760839074850083,0.0003274597227573395,0.0004905397072434425
63300,11914.508628368378,0.0018153474159018131,0.003251391537487507,0.00032784249633550645,0.00046918068081140517
63400,11934.688033342361,0.0009340976639132842,0.003237390640590872,0.00032926888870341437,0.0004641429707407951
63500,11954.397805452347,0.002249955603195835,0.003930232487618923,0.0003265342861413956,0.0004563876241445541
63600,11967.702939271927,0.0011643266773894744,0.003518650978803635,0.0003280788287520409,0.00030765600502490997
63700,11991.802186012268,0.0011980938434119487,0.003249737098813057,0.00032787229865789415,0.0005595016852021217
63800,12007.131413936615,0.0017135149189374981,0.0038622286543250083,0.00032807398587465287,0.0003550485894083977
63900,12026.60913848877,0.0004889099607078037,0.003648248165845871,0.00032536447048187256,0.00045727815479040145
64000,12043.623267889023,4.428557960979768e-05,0.0032246108725667,0.00032687660306692125,0.0003738252446055412
64100,12055.842640638351,6.89196520274693e-05,0.003956179954111576,0.00033075090497732164,0.00029273848980665207
64200,12067.355900526047,0.0011204359837824606,0.0032127876579761505,0.0003296786919236183,0.00027137845754623415
64300,12080.990067243576,0.0010096299806261469,0.0032169920206069945,0.0003260006383061409,0.0003186916559934616
64400,12093.00544166565,0.0011613710456934196,0.0032485468313097955,0.00032966434955596926,0.0002761540561914444
64500,12109.267459392548,0.0012305436468663569,0.003240947648882866,0.00032902821898460387,0.0003685473650693893
64600,12127.672044038773,0.0004091450698039653,0.003258729800581932,0.00032953865826129914,0.0004303406178951263
64700,12142.228905439377,0.0009960023004679914,0.0032076119258999825,0.00032914958894252776,0.00035028748214244843
64800,12160.846145391464,0.0005238763926420842,0.0032071552106312344,0.00032718841518674584,0.0004207644984126091
64900,12181.990530490875,0.0005608915135047878,0.003225438557565212,0.000327150784432888,0.00048143647611141203
65000,12198.630566120148,0.004407081991668499,0.00360275074839592,0.00033033337444067,0.00037549171596765516
65100,12211.496946573257,0.0003827666143584288,0.003504746854305267,0.0003304243832826614,0.00029848404228687285
65200,12233.986803770065,0.0010386173984424701,0.003250553831458092,0.0003291313722729683,0.0005111707001924515
65300,12249.298236131668,0.00031897608359370943,0.0037034866213798523,0.00033367954194545745,0.00035175994038581847
65400,12267.154042005539,5.8630641498563226e-05,0.0036701086536049844,0.0003271212056279182,0.00040896568447351455
65500,12288.562649726868,3.327502332231142e-05,0.0032388387992978098,0.00032954495400190354,0.00047920379787683485
65600,12305.994547843933,0.0010974508576418374,0.0032604337856173516,0.00032801058143377303,0.00041239358484745025
65700,12335.975029945374,0.0011447307462558634,0.0034687192738056183,0.00032816696912050245,0.0007102025300264359
65800,12347.169817209244,0.0017955114997745198,0.0031998620554804804,0.0003245387226343155,0.00025941651314496993
65900,12360.513691186905,0.001141253767699068,0.003924624659121036,0.0003267379105091095,0.00031310908496379853
66000,12374.696403741837,0.0023640476617243864,0.0032262230664491655,0.00032717380672693254,0.00032857760787010195
66100,12403.87672996521,0.00033140865051661637,0.0035113752047930447,0.00032937704984630867,0.0006868479187999453
66200,12417.374314308167,0.0015442155531892232,0.0035606163740158083,0.0003269195929169655,0.0003152795135974884
66300,12449.722553730011,0.0001446491867551658,0.003255150839686394,0.00033157601952552793,0.0007678231969475746
66400,12473.184473514557,0.00019298667884289688,0.003933288343250752,0.00032810915261507036,0.0005474668741226196
66500,12497.426144838333,0.0026778407067584503,0.0032004383951425553,0.0003255440294742584,0.0005474510043859482
66600,12514.239463090897,0.0017746716844257617,0.0032372650876641273,0.0003291378915309906,0.00039281632751226426
66700,12531.434697389603,0.001259159046973183,0.0034646520763635634,0.00032826229929924013,0.0003958527371287346
66800,12553.968774795532,0.0016536603612817937,0.0032385588437318803,0.00032759781926870344,0.0005165199935436249
66900,12574.996020555496,0.0010477577335979674,0.0035390159860253334,0.0003291100263595581,0.00047908689826726915
67000,12596.012284517288,0.00015801227408372725,0.003246768116950989,0.0003304709494113922,0.0004790849983692169
67100,12615.218763113022,8.315182212223021e-05,0.0036772797629237176,0.0003290291503071785,0.0004523517936468124
67200,12627.673136472702,0.0001132231553738483,0.0032575641572475432,0.00032774694263935087,0.0002859147265553474
67300,12649.39764881134,0.0023863689416263076,0.0039331761002540586,0.00032785169780254366,0.0004908376559615136
67400,12669.326616048813,0.000994004338822417,0.0032376048341393473,0.0003290766850113869,0.0004463149979710579
67500,12691.919600963593,0.001246475354373448,0.0032160117956144462,0.0003266786251749311,0.0005395136613930976
67600,12703.653455972672,0.0009737498228364632,0.003233577273786068,0.0003294283151626587,0.00027698770165443423
67700,12730.420795917511,0.0012146477349032998,0.0032468660548329352,0.0003302844986319542,0.0006355384737253189
67800,12750.28267621994,0.0009744626878574736,0.0032594449445605277,0.0003317546099424362,0.0004680406674742699
67900,12775.624705553055,9.972444016449644e-05,0.00349822960793972,0.00032497860491275787,0.0005898413434624671
68000,12797.121815681458,5.239028432772908e-05,0.0034472421929240228,0.00032605137676000595,0.00048200152814388276
68100,12822.033127307892,0.0014838828735996208,0.0036403444409370423,0.00032747801393270495,0.0005435608699917794
68200,12838.098082304,0.0011683238150903116,0.0036598384752869607,0.0003278341144323349,0.00036929063498973845
68300,12855.811341524124,0.001922040829927137,0.0032155410200357436,0.000325169675052166,0.0004129014164209366
68400,12877.677611112595,0.0009598368559268163,0.003890482373535633,0.000327104963362217,0.0005115745961666108
68500,12906.103455543518,0.0001799440142309086,0.003637666441500187,0.0003265731409192085,0.0006430407986044884
68600,12927.38735818863,5.218882284231452e-05,0.0032560966536402704,0.00032907027751207353,0.00047911185771226883
68700,12948.387682676315,0.00035976776133674835,0.003252478688955307,0.00032927677035331725,0.0004781356826424599
68800,12969.556937456131,0.001352136179222576,0.00349702924489975,0.000333760567009449,0.0004781485348939896