#=== darpa_temp_context_baseline_endtoend_base_w10_full_0.001lr ===
#
#Metrics:
#  Accuracy: 0.9625 | Micro F1: 0.9625 | Macro F1: 0.9463 | 
#  False Alarms: 1414 | False Alarm Rate: 0.0902
#  Missed Attacks: 2 | Detection Rate: 0.9999
#
#Per-Class Metrics:
#  [phase1] P=0.8333 | R=0.8333 | F1=0.8333 | 
#  [phase2] P=0.8571 | R=1.0000 | F1=0.9231 | 
#  [phase3] P=1.0000 | R=1.0000 | F1=1.0000 | 
#  [phase4] P=1.0000 | R=1.0000 | F1=1.0000 | 
#  [phase5] P=0.9398 | R=1.0000 | F1=0.9689 | 
#
#Inference time:
#  Average: 0.0034 | Total: 128.7360
#
#Confusion Matrix:
#         	      	      	      	Actual	      	      	      
#         	      	benign	phase1	phase2	phase3	phase4	phase5
#         	benign	 14261	     1	     0	     0	     0	     1
#         	phase1	     1	     5	     0	     0	     0	     0
#Predicted	phase2	     1	     0	     6	     0	     0	     0
#         	phase3	     0	     0	     0	    10	     0	     0
#         	phase4	     0	     0	     0	     0	     6	     0
#         	phase5	  1412	     0	     0	     0	     0	 22041
i,time,loss,ground_time,compile_time,eval_time
100,10.022059202194214,8.202959507643463,0.005111823938786984,0.0028636448830366133,0.0001427721604704857
200,21.066144943237305,8.423144210278611,0.005446925088763237,0.002873243018984795,0.00014862574636936187
300,29.53414535522461,8.211594201922033,0.005262228585779667,0.0029912194237113,0.00014322169125080108
400,39.653446435928345,7.633069689273445,0.005693316757678986,0.003042202480137348,0.00014346901327371597
500,46.670865297317505,7.948236028253641,0.005264470279216766,0.0029763906449079515,0.00014210686087608336
600,53.33980584144592,8.63469421863519,0.005130117386579513,0.0028503607958555222,0.00014239732176065444
700,59.43796229362488,7.995726846456149,0.005277050249278545,0.0030248960480093955,0.00014171205461025238
800,65.21778512001038,8.328162573813666,0.005178684070706367,0.0029010259732604026,0.00014765631407499314
900,73.65880680084229,8.211594201922033,0.005750770196318627,0.002989341393113136,0.000143059603869915
1000,78.61183738708496,7.853254391848663,0.005268431603908539,0.0030244004353880884,0.000141383558511734
1100,83.26366209983826,8.280671755671133,0.005230326876044273,0.0030035576969385147,0.0001420566439628601
1200,87.70184278488159,8.051852358877285,0.005476528219878674,0.002985813692212105,0.00014044981449842453
1300,92.44706630706787,8.207276854812712,0.005296048745512962,0.0029765907302498817,0.0001653030514717102
1400,96.26883101463318,8.082073788642507,0.005216507725417614,0.0029848049740706173,0.0001526476602469172
1500,97.98639273643494,8.487904416918376,0.0052664089947938916,0.0030107930675148963,0.00013176698237657547
1600,99.69919323921204,8.177055424987532,0.00529834371060133,0.002992958202958107,0.00013172376900911332
1700,101.4140202999115,8.362701350748162,0.005228236541152001,0.0029649343714118004,0.000132165290415287
1800,103.14700698852539,8.069121747314545,0.0052651147544384,0.0029734064266085623,0.00013247184455394745
1900,104.83116626739502,8.159786036610218,0.005275108106434345,0.0030065074935555457,0.00012988638132810593
2000,106.51723599433899,8.043217664658643,0.0052591564878821375,0.0029986019060015676,0.00012986212968826293
2100,108.1911735534668,8.017313582002735,0.005262274630367756,0.0029942796751856802,0.0001298912987112999
2200,109.86572408676147,8.354066656469577,0.005112491510808468,0.0028415530920028686,0.0001298277825117111
2300,111.55402302742004,8.310893185436342,0.005291279219090938,0.0030374361202120783,0.0001309722289443016
2400,113.2176444530487,8.500856458246325,0.005731473341584205,0.002908144257962704,0.00013008996844291688
2500,114.88703179359436,8.272037061452492,0.005215556100010872,0.0029731172323226927,0.0001300063356757164
2600,116.53845357894897,7.905062557160465,0.005322431698441505,0.0030632737278938294,0.0001286584883928299
2700,118.22189211845398,8.37997073918544,0.005999902971088886,0.002888509817421436,0.00013129498809576036
2800,119.92133212089539,7.992643031179522,0.005280049028141158,0.0030187544865267614,0.00013091245932238444
2900,121.58506655693054,8.228863590359316,0.005182138085365296,0.00293921310454607,0.00013047117739915846
3000,123.25916361808777,8.522443193732956,0.005282129980623722,0.0029883433133363725,0.0001302538439631462
3100,124.9226884841919,8.073439094423867,0.005221640691161156,0.002948765493929386,0.0001297963410615921
3200,126.59679198265076,8.466317681371791,0.00522903673350811,0.0029726891964674,0.00012994300574064254
3300,128.2531337738037,8.168420730828856,0.0052901369705796245,0.003030558116734028,0.00012957707047462464
3400,129.94746446609497,8.03458297044002,0.005135238729417324,0.002885506972670555,0.00013061746954917908
3500,131.60124564170837,8.397240127622696,0.00569651260972023,0.0029204870015382767,0.00012969754636287689
3600,133.27610111236572,8.241815631687277,0.005345012620091438,0.0028318668529391288,0.00013091757893562316
3700,134.93870782852173,7.995726846456148,0.005674626305699348,0.0030353567376732826,0.00012883003801107408
3800,136.616544008255,8.375653392076103,0.005332924127578735,0.003055153973400593,0.0001305535063147545
3900,138.32847476005554,8.0561697059866,0.005291014760732651,0.003030579462647438,0.0001316140964627266
4000,140.10019898414612,8.328162573813675,0.005439552627503872,0.0028995681181550026,0.00013621993362903596
4100,141.92027401924133,8.025948276221358,0.005349906273186207,0.0030702217668294907,0.00013738252222537993
4200,143.67707061767578,8.423760976194961,0.005996433065405914,0.002965295788432871,0.00013616827981812612
4300,145.3665452003479,8.32816257381366,0.0053138891607522965,0.0030473823100328444,0.0001329047605395317
4400,147.10238695144653,8.276354408561804,0.005127925574779511,0.002830711379647255,0.00013265669345855714
4500,148.84918570518494,8.172738077938183,0.005161331035196781,0.0029047519713640215,0.00013250388205051421
4600,150.61004543304443,8.302258491217712,0.005245565623044968,0.0029789756238460543,0.0001325077936053276
4700,152.42249536514282,8.21591154903136,0.005291511826217174,0.0030331744998693465,0.00013677116483449937
4800,154.14034032821655,8.4447309458252,0.005196190848946572,0.00293626319617033,0.0001323852315545082
4900,155.80708622932434,7.98277480512819,0.005275886803865433,0.0030078334361314774,0.0001297092065215111
5000,157.48227882385254,8.310893185436349,0.005187190286815167,0.0029153581336140632,0.00012991372495889663
5100,159.16746997833252,8.319527879654988,0.005255360566079617,0.002991301603615284,0.00013118807226419448
5200,160.83233857154846,8.457682987153156,0.005532597191631794,0.0030215219408273697,0.0001297621801495552
5300,162.49338936805725,8.2763544085618,0.005288094878196716,0.0030150114372372626,0.0001296728476881981
5400,164.15353870391846,8.038900317549325,0.005576913021504879,0.002935337834060192,0.00012994460761547088
5500,165.8023543357849,8.414509516000017,0.00523370586335659,0.0029552072659134866,0.00012886147946119308
5600,167.48915910720825,8.220228896140668,0.005288581049868038,0.0030208314316613333,0.00013041166854756218
5700,169.15267753601074,8.293623796939116,0.005300387665629387,0.0030427578091621397,0.00012904353439807892
5800,170.83119368553162,8.27203706145249,0.0054411805793643,0.002878900095820427,0.00012958619743585586
5900,172.5090582370758,8.082073788642498,0.005192538872361183,0.0028872689232230186,0.00012932103127241134
6000,174.19630098342896,8.54834727644883,0.005178769566118718,0.002917943000793457,0.0001317913830280304
6100,175.86492085456848,8.28067175567113,0.005454697236418724,0.0029416631907224653,0.0001298648864030838
6200,177.53476095199585,8.082073788642504,0.0052328122407197955,0.002967320904135704,0.00012993644922971727
6300,179.20216727256775,7.918014598488425,0.005263411104679107,0.0030012085661292077,0.00012887313961982728
6400,180.875239610672,8.401557474672076,0.005110327899456024,0.0028403133526444437,0.00012958981096744537
6500,182.55769038200378,8.47926972269974,0.0052701463922858235,0.0029995916783809662,0.00012986637651920318
6600,184.20417547225952,8.358384003638825,0.005767418630421161,0.003099393397569656,0.0001279003918170929
6700,185.85932397842407,7.913697251379104,0.005777822881937027,0.003017473332583904,0.0001277763396501541
6800,187.54805326461792,8.198642160594083,0.005263003520667553,0.003023866005241871,0.0001309530809521675
6900,189.31230068206787,8.568083728551494,0.00514895602528538,0.002898879226829325,0.00013363572103636606
7000,190.98200821876526,7.857571738957962,0.005392610915005207,0.0031166361644864083,0.0001284557580947876
7100,192.69724655151367,8.595838094651324,0.005547530502080917,0.0028948117047548293,0.00013144060969352722
7200,194.36685228347778,7.7971288794275315,0.005219148471951485,0.002940468043088913,0.00012942954897880555
7300,196.0630111694336,8.677867689728366,0.0052306890487670895,0.0030072575062513353,0.0001308642327785492
7400,197.72630214691162,8.228863590359301,0.005542805902659893,0.002979516163468361,0.00012966211885213853
7500,199.38582372665405,8.177055425047502,0.005167356207966805,0.00291487380862236,0.0001300860196352005
7600,201.01996636390686,8.284989102780441,0.005211574584245681,0.002980438731610775,0.00012746866792440415
7700,202.71948146820068,8.401557474732023,0.005186649076640606,0.002908639498054981,0.00013094615191221236
7800,204.40779781341553,8.46200033426247,0.0052912416681647305,0.003042321689426899,0.0001295832172036171
7900,206.0771894454956,8.289306449889759,0.005689288973808288,0.0029384105280041693,0.00012860774993896483
8000,207.83363962173462,8.159786036610228,0.00549024298787117,0.0029332011193037035,0.00013681840151548387
8100,209.52231431007385,7.974140110909558,0.005220330432057381,0.0029650944843888282,0.00013078276067972184
8200,214.73318910598755,8.01299623477351,0.005219046510756015,0.002922797091305256,0.000676894336938858
8300,216.43661212921143,8.310893185436342,0.005238844268023968,0.002956457281751292,0.00013077497482299804
8400,218.12567901611328,8.241815631687267,0.005176012478768826,0.002922656536102295,0.0001304398849606514
8500,219.8019037246704,8.272037061452478,0.005264623649418354,0.0029717433825135232,0.0001303107291460037
8600,221.47941040992737,7.538088052868463,0.005549348890781403,0.003028058186173439,0.0001295119896531105
8700,223.2084288597107,8.651963607012497,0.005232755579054355,0.002959057353436947,0.00013125177472829818
8800,224.98022747039795,8.474952375590435,0.005162656083703041,0.002910756915807724,0.00013573721051216126
8900,226.67170596122742,8.414509516059974,0.005308924727141857,0.003065876178443432,0.00013133034110069275
9000,228.37530755996704,8.25476767301522,0.005500595085322857,0.0029735295102000237,0.00013121195137500764
9100,230.07526326179504,8.056169705986603,0.005259254239499569,0.0030307887122035027,0.00013192594051361083
9200,231.8271086215973,8.267719714343169,0.0052335415780544285,0.002963455803692341,0.00013445422053337097
9300,233.49786806106567,8.39292278051338,0.005766839645802975,0.002984025739133358,0.00012941021472215653
9400,235.17636442184448,8.164103383659588,0.005177141688764095,0.0028941479325294496,0.00012923136353492736
9500,236.85477709770203,8.45768298715315,0.0056131168082356455,0.002974892593920231,0.0001298210024833679
9600,238.53644132614136,7.96118806958159,0.005296571403741837,0.0030019544437527657,0.00012967173010110854
9700,240.36815738677979,7.771224796771617,0.005263550680662905,0.0029744917101093703,0.00014005930296012335
9800,242.06770944595337,8.86351361542903,0.0051906038820743565,0.0029281365498900415,0.0001312415301799774
9900,243.7445352077484,8.828974838494526,0.005237301327288151,0.002952725552022457,0.00012955587357282638
10000,245.46504855155945,8.349749309420206,0.005269246026873588,0.0029816257953643797,0.0001331113651394844
10100,247.14316082000732,7.939601334035006,0.005573531687259674,0.0030267077684402468,0.00012843813747167587
10200,248.83569192886353,8.375653392076119,0.005492526814341545,0.002973647192120552,0.00013099290430545807
10300,250.51371598243713,8.647646259903182,0.005567356385290623,0.002916656881570816,0.0001298774778842926
10400,252.2132122516632,8.630376871525867,0.00520963903516531,0.0029411694779992105,0.00013112425804138184
10500,253.9313726425171,7.98709215223751,0.00532229695469141,0.003064638525247574,0.00013242479413747788
10600,255.6330246925354,8.297941144108387,0.005218005143105984,0.002940727584064007,0.00013034485280513764
10700,257.2894058227539,8.155468689500909,0.005290557257831096,0.0030445853248238564,0.00013005655258893967
10800,258.99337124824524,8.267719714343176,0.00563047245144844,0.0028952597826719284,0.00013168279081583024
10900,260.75828289985657,8.397240127622705,0.005203814394772053,0.0029427289962768556,0.00013557132333517075
11000,262.4891576766968,7.930966639816388,0.00525509811937809,0.0030153943970799447,0.000133894681930542
11100,264.2791624069214,7.823032962083442,0.005208163713770253,0.0029598476790956086,0.00013775724917650223
11200,265.9606695175171,8.272037061452483,0.005657257959246636,0.0030204110592603685,0.00012994557619094849
11300,267.638619184494,8.33247992098294,0.005208140462636948,0.0029401719197630883,0.00012930531054735183
11400,269.31113934516907,8.470635028481105,0.00527052890509367,0.0030422516912221908,0.00012912776321172715
11500,270.98711585998535,8.328162573873621,0.005208395160734653,0.0029516755416989326,0.0001292520761489868
11600,272.7718782424927,8.505173805355644,0.005278318934142589,0.002998647168278694,0.00013542238622903823
11700,274.4617097377777,7.995726846396186,0.005529168173670769,0.0029632683470845224,0.00013017009943723677
11800,276.15644097328186,8.280671755671118,0.005221285000443459,0.0029414489865303038,0.0001306833326816559
11900,277.85112977027893,8.423144210218657,0.00524558387696743,0.003001485764980316,0.00013045143336057663
12000,279.60289216041565,8.427461557387929,0.0059101472422480586,0.0028575718030333518,0.00013514608144760132
12100,281.32502365112305,7.913697251379107,0.005251214690506458,0.0029774869978427885,0.00013420388102531434
12200,283.0556843280792,8.159786036610223,0.0052423344179987905,0.0029862138628959658,0.000131419338285923
12300,284.75155448913574,7.887793168723205,0.005205166749656201,0.0029181963205337524,0.0001303786039352417
12400,286.4666340351105,8.328162588178737,0.005216594423566545,0.002955747587340219,0.00013399434408971242
12500,288.1140842437744,8.31521053254566,0.00579664807766676,0.003069646991789341,0.00012996584177017213
12600,289.765558719635,8.3972401276227,0.0051980926468968396,0.002902792692184448,0.00012982577085494994
12700,291.42367124557495,8.500856458246329,0.005510264001786709,0.0029696916416287423,0.0001301688328385353
12800,293.1115822792053,8.073439094423868,0.005179993249475956,0.0029068567603826524,0.0001310216635465622
12900,294.7960169315338,8.37133604496681,0.005130502693355084,0.0028755073994398118,0.00013103954493999483
13000,296.49177384376526,7.978457458018878,0.005263305380940437,0.0030256784334778786,0.0001311623677611351
13100,298.1706440448761,8.33247992098293,0.0052263841405510904,0.002944786176085472,0.00013028305023908614
13200,299.83180022239685,7.879158474504555,0.0055979033559560775,0.0030441389977931975,0.00012976553291082382
13300,301.4928207397461,8.051852358877271,0.005287825874984264,0.003020900636911392,0.00012873221188783646
13400,303.1604268550873,8.155468689380996,0.005269117094576359,0.0030087653920054438,0.00013008315116167069
13500,304.8460695743561,8.233180937468624,0.0052666041627526285,0.0029892683774232864,0.0001304403692483902
13600,306.6047067642212,8.43177890449725,0.005577957145869732,0.002918182462453842,0.00013635732233524322
13700,308.31551361083984,8.112295218407723,0.00525501899421215,0.0029946910217404366,0.00013249129056930542
13800,310.0560293197632,8.332479920982943,0.0051722862465041035,0.0029145005504999837,0.00013375951775482722
13900,311.73152709007263,8.367018697797526,0.00522050317376852,0.0029863250255584717,0.0001302308589220047
14000,313.45507431030273,7.758272755443669,0.005218571498990059,0.0029379403591156005,0.0001339811459183693
14100,315.1749904155731,8.16410338371954,0.005283886454999447,0.0030365466326475144,0.0001320929452776909
14200,316.9074459075928,8.444730945765253,0.005186884179711342,0.0029245346039533616,0.00013499353080987931
14300,318.5724050998688,8.250450325905893,0.005343043617904187,0.003068305514752865,0.00013004515320062639
14400,320.2384717464447,8.151151342391588,0.005162786617875099,0.0028857479989528654,0.00013046279549598693
14500,321.8890645503998,7.779859490990253,0.00586493007838726,0.0029421436414122583,0.00012730609625577927
14600,323.55755257606506,8.155468689500903,0.005291960127651691,0.0030198321118950844,0.00012986116111278533
14700,325.2564353942871,8.36701869785749,0.005597012154757977,0.002833358012139797,0.000132744237780571
14800,326.9201669692993,8.552664623558142,0.005184933766722679,0.0029202543944120405,0.00013042382895946502
14900,328.6054894924164,8.14251664817295,0.005530520193278789,0.0030087252706289293,0.00013223804533481597
15000,330.28049540519714,8.410192168950651,0.0052998937293887135,0.003030918948352337,0.00013138044625520706
15100,331.9550230503082,7.805763573646163,0.005234968066215515,0.002958160303533077,0.00013072565197944642
15200,333.67969822883606,7.845853229462714,0.005278692660587174,0.0030110681695597508,0.0001331859507731029
15300,335.37082600593567,8.15115134239158,0.005232530534267425,0.0029455149173736573,0.00013113215565681456
15400,337.05607867240906,8.025948276221367,0.005344250462949276,0.0031009704247117044,0.0001321665197610855
15500,338.7793905735016,8.198642160594085,0.006032021008431912,0.003022351749241352,0.00013341564685106277
15600,340.4794247150421,8.656280954181772,0.005145554542541504,0.0028446466848254205,0.0001323249563574791
15700,342.1770496368408,7.926649292707058,0.005293710045516491,0.0030290309712290766,0.00013194434344768524
15800,343.8599054813385,8.133881953894356,0.005666098371148109,0.0030198832973837852,0.00013123538345098497
15900,345.5324742794037,8.367018697857477,0.005242310501635075,0.0029656445607542993,0.00013037919998168946
16000,347.1862201690674,8.263402367173894,0.0052086557447910305,0.0029306527599692344,0.00013011176139116287
16100,348.8441286087036,7.99572684645615,0.005216434560716152,0.0029548265039920805,0.00012996047735214233
16200,350.5383634567261,8.267719714343166,0.005204783827066422,0.002932555116713047,0.0001320675015449524
16300,352.23221588134766,8.449048292934531,0.00513615645468235,0.0029076797142624853,0.00013212233781814575
16400,353.95751571655273,8.345431962310895,0.0052231945842504506,0.0029630252718925477,0.00013308741152286529
16500,355.62814116477966,8.19864216059408,0.005508886985480786,0.002963103652000427,0.0001300622895359993
16600,357.3399431705475,8.462000334262473,0.005551036181194442,0.002911983307983194,0.0001321046959076609
16700,359.01499795913696,8.168420730828869,0.005240375436842442,0.0029982594400644303,0.00013060763478279114
16800,360.7312295436859,8.090708482861139,0.005497092232108116,0.002965921573340893,0.00013195939362049103
16900,362.41071796417236,8.112295218407727,0.005266909077763557,0.002982555888593197,0.0001301288604736328
17000,364.1052327156067,7.905062557160472,0.00523483645170927,0.0029574135318398477,0.00013256728649139405
17100,365.7895755767822,8.453365639983884,0.005950083583593368,0.0029233983159065247,0.0001312229037284851
17200,367.48309874534607,7.775542143880934,0.005298364907503128,0.003005203939974308,0.0001317068561911583
17300,369.1716396808624,8.297941144108394,0.0052087481692433355,0.002946923039853573,0.0001321694999933243
17400,370.8585789203644,8.056169705986596,0.005221442319452763,0.002963210344314575,0.00013035062700510026
17500,372.54104256629944,8.384288086294742,0.005265650972723961,0.0029866178333759308,0.00012977302074432373
17600,374.23483204841614,7.909379904209845,0.005172645300626754,0.002906232140958309,0.00013011965900659562
17700,375.91255593299866,8.120929912626357,0.0052974016219377515,0.003030083104968071,0.00012985654175281524
17800,377.6088466644287,8.064804400205237,0.005189189836382866,0.002937931530177593,0.00013053026050329207
17900,379.2839095592499,8.267719714343167,0.005307577438652515,0.003056713230907917,0.00012921538203954696
18000,380.9931697845459,7.969822763800241,0.0052571623080543105,0.0029684410616755484,0.00013056162212576186
18100,382.7227358818054,8.4317789044373,0.005087387971580029,0.002812548652291298,0.00013437312096357346
18200,384.3974542617798,8.228863590359303,0.005793874785304069,0.003043668195605278,0.00012998342514038087
18300,386.08832240104675,8.241815631687262,0.005259754844009876,0.0030079300701618193,0.00013031415641307832
18400,387.76393389701843,8.133881953954305,0.005309631898999214,0.0030057309567928315,0.0001293986290693283
18500,389.500057220459,8.440413598715876,0.005250409729778766,0.0029801109060645105,0.00013446837663650513
18600,391.2028806209564,8.017313582002735,0.0052358626574277875,0.0029671959951519966,0.00013165894895792008
18700,392.90254497528076,7.896427862941837,0.005285315476357937,0.0030567433685064318,0.000132317952811718
18800,394.618745803833,8.341114615201572,0.005527714751660823,0.0029992246627807617,0.00013342447578907013
18900,396.33619475364685,8.133881953894365,0.005208047889173031,0.0029310834407806395,0.0001335051655769348
19000,398.0077979564667,8.14251664817295,0.005531773865222931,0.0029778556153178216,0.00012935362756252288
19100,399.68746995925903,8.272037061452483,0.005231374837458134,0.0029583697766065596,0.000130808986723423
19200,401.41547870635986,8.518125846683617,0.005148113928735256,0.0029017753154039383,0.00013344015926122665
19300,403.11268305778503,8.135732251703365,0.005597287182297025,0.0029656585252710753,0.00013130681323153632
19400,404.7943570613861,7.866206433176606,0.005320263616740703,0.0030362968891859054,0.0001305411383509636
19500,406.5279438495636,8.133881953954308,0.00536409329622984,0.0031182665377855303,0.00013507559895515443
19600,408.1842727661133,7.922331945537787,0.0055389048531651495,0.0030046919733285903,0.00012989260256290435
19700,409.8503968715668,7.978457458018865,0.005807190351188183,0.00304590355604887,0.00012924525886774064
19800,411.54248046875,8.302258491217716,0.005140316113829613,0.0028339315205812452,0.00013050559908151627
19900,413.2349705696106,8.816022797166582,0.005242318697273731,0.003002452850341797,0.00013163231313228607
20000,414.9335227012634,7.684877854585262,0.005267945937812328,0.002999182678759098,0.00013242226094007493
20100,416.624388217926,8.254767673015223,0.00521907277405262,0.002945873215794563,0.00013042528182268142
20200,418.32041215896606,8.259085020124544,0.005105952359735965,0.0028482089936733247,0.00013195857405662537
20300,419.99936842918396,8.047535011767964,0.005428494364023209,0.002896310016512871,0.00013184074312448503
20400,421.67543053627014,8.116612565517048,0.005633818581700325,0.0029980946332216264,0.00013115715235471727
20500,423.3579320907593,8.211594201922047,0.0051476827636361125,0.0028940945118665694,0.00013174861669540405
20600,425.1471085548401,8.259085020124534,0.005251059979200363,0.0029753248021006586,0.0001388191431760788
20700,426.84131121635437,7.935283986925694,0.005310482122004032,0.003043764701911381,0.0001298395703945841
20800,428.52794075012207,8.332479920982937,0.0055338085070252415,0.003004074990749359,0.00013035181909799577
20900,430.2008888721466,8.388605433404058,0.005550264716148377,0.0030007954314351082,0.00012953627854585647
21000,431.93688774108887,7.930966639756434,0.005225981324911117,0.00297485563904047,0.0001338706538081169
21100,433.65246772766113,8.367018697857489,0.005192789249122143,0.002968445494771004,0.00013372976332902907
21200,435.35976004600525,8.544029929339512,0.005151738338172436,0.0028719254955649376,0.00013328898698091506
21300,437.0319561958313,8.466317681311832,0.00528565876185894,0.0030062054097652435,0.0001304784044623375
21400,438.6976797580719,8.53107788801155,0.005812932513654232,0.003074888251721859,0.00013065654784440994
21500,440.3767704963684,8.038900317549324,0.005245827734470367,0.002981261648237705,0.00013137996196746826
21600,442.06325697898865,8.228863590359307,0.005206102691590786,0.002930714748799801,0.0001308165118098259
21700,443.8367576599121,7.823032962083436,0.005605176873505115,0.0029578648880124094,0.00013728581368923186
21800,445.5366356372833,7.7150992843504875,0.005178308635950088,0.0028787824884057046,0.00013163771480321885
21900,447.2141056060791,7.926649292707059,0.005259127505123615,0.002990397922694683,0.00013215016573667527
22000,448.9296531677246,8.513808499574294,0.00517343744635582,0.0029199166968464853,0.000134391151368618
22100,450.63777351379395,8.095642595886806,0.005233814354453768,0.0029648326177682195,0.00013250923582485745
22200,452.3357481956482,8.639011565744493,0.0055694707483053205,0.00303612619638443,0.0001319737732410431
22300,454.0307819843292,8.159786036610225,0.005232536531984806,0.00296136524528265,0.00013191841542720795
22400,455.7079772949219,8.103660524129126,0.005346392951905727,0.003085198886692524,0.00013158664107322692
22500,457.386296749115,8.604472788869952,0.005209725834429264,0.0028979527577757836,0.00013034705072641371
22600,459.06441926956177,8.423144210218648,0.005251230970025063,0.0029604293406009672,0.000131184421479702
22700,460.7558786869049,8.328162573873623,0.005242203772068024,0.0029959531500935556,0.0001307062804698944
22800,462.45916080474854,8.017313582002735,0.0055689292028546335,0.00290884368121624,0.000131654292345047
22900,464.1343250274658,8.276354408561815,0.0051863684132695195,0.0029381345957517624,0.00013050612062215805
23000,465.8146553039551,7.995726846456152,0.00529554009437561,0.003042616732418537,0.0001297742873430252
23100,467.48418617248535,8.354066656529533,0.005136920176446438,0.002878476120531559,0.00013090021908283234
23200,469.1573829650879,8.293623796999077,0.005304355211555958,0.003043006621301174,0.00012940127402544021
23300,470.85439825057983,8.444730945825212,0.005418146252632141,0.0029007160291075708,0.0001304849237203598
23400,472.5367043018341,8.112295218407716,0.005778541527688503,0.003017403744161129,0.00012969549745321275
23500,474.2556154727936,8.256617970764257,0.0052276557364634105,0.002951003046972411,0.00013147187552281788
23600,475.95920395851135,8.159786036610233,0.005167473591864109,0.002911674864590168,0.00013111311942338945
23700,477.64917945861816,8.496539111137016,0.005552919432520866,0.002899750955402851,0.00013065427541732787
23800,479.3234839439392,8.427461557387918,0.005282007977366447,0.003018180839717388,0.00012969348579645158
23900,481.0185627937317,8.505173805355634,0.005265189819037914,0.0029586788266897203,0.00013010937720537186
24000,482.7135474681854,8.202959507703394,0.005330483168363571,0.0030513719469308855,0.00013215258717536927
24100,484.3880207538605,8.246132978796577,0.00524760577827692,0.0029676880687475203,0.0001304883137345314
24200,486.0743250846863,7.49059723460601,0.005263258032500744,0.00302276574075222,0.00012981999665498734
24300,487.7648448944092,8.19432481348477,0.006022880487143993,0.0030033505335450173,0.00013206467032432555
24400,489.45982480049133,8.410192168950664,0.005388293787837029,0.0028444897755980493,0.00013186585158109665
24500,491.1416471004486,8.31521053254567,0.005191137492656708,0.002924715764820576,0.00013063088059425354
24600,492.82838582992554,7.956870722472288,0.005296556390821934,0.0030482454225420953,0.00013157378882169723
24700,494.5064001083374,7.844619697570073,0.0052408501505851746,0.0029980596527457238,0.00012945905327796937
24800,496.2370021343231,8.122163444459057,0.0052254371930445945,0.002956466946218695,0.00013080083365951266
24900,497.95772767066956,8.211594201922034,0.005751700699329376,0.002981508485972881,0.00013298414647579194
25000,499.6592650413513,8.33679726809226,0.005505771264433861,0.002872341945767403,0.00013177219778299332
25100,501.30908012390137,8.146833995282263,0.005295404605567456,0.0030281089246273043,0.00012751884758472443
25200,502.9992914199829,8.418826863169286,0.005229308530688286,0.0029601747542619705,0.000130518302321434
25300,504.7139325141907,8.293623796999075,0.005272436179220677,0.003026018850505352,0.00013185281306505204
25400,506.4242191314697,7.969822763800237,0.005278336256742478,0.002994859367609024,0.00013196319341659545
25500,508.118807554245,8.060487053095917,0.005205210223793983,0.002947926260530949,0.00013127651065587996
25600,509.8105466365814,8.40155747467207,0.005200201235711574,0.0029128440842032433,0.00013040345162153245
25700,511.4751720428467,8.241815631687262,0.00522668868303299,0.0029597342759370804,0.00013119887560606003
25800,513.1511435508728,8.47063502848111,0.005152336992323398,0.0028897611051797866,0.00013054776936769486
25900,514.8435683250427,7.948236028253657,0.0055029626563191415,0.0029635023325681686,0.00013156469911336898
26000,516.5215020179749,8.060487053095908,0.005283431783318519,0.0030188969895243644,0.00013111814856529237
26100,518.1769556999207,8.444730945825196,0.005536950193345547,0.0030149095132946968,0.00013045795261859894
26200,519.8510255813599,7.778009207486373,0.005297383580889019,0.0030275017555270877,0.00013084107743842262
26300,521.5160458087921,8.194324813484762,0.005256079062819481,0.002968500517308712,0.00013021785765886305
26400,523.1780290603638,8.198642160594083,0.005343059562146663,0.0030772853270173072,0.00013030551373958589
26500,524.9218077659607,8.345431962250931,0.0052569864690303805,0.00298242699354887,0.0001345960795879364
26600,526.6020913124084,7.680560507475945,0.005306906923651695,0.0030615923181176188,0.0001317988708615303
26700,528.3500804901123,8.362701350688207,0.005513260960578918,0.0029745987430214883,0.00013575971126556397
26800,530.0804839134216,8.35838400363885,0.005129588916897774,0.002866441570222378,0.00013335898518562316
26900,531.8303952217102,8.319527879654995,0.005103631913661957,0.00283674594014883,0.00013393420726060868
27000,533.5729553699493,7.952553375362969,0.006142806597054005,0.0030227429047226906,0.00013443220406770707
27100,535.2559821605682,8.14251664817294,0.005303453505039215,0.003030616007745266,0.0001294868066906929
27200,536.9465501308441,8.379970739185433,0.005214290805160999,0.0029526492208242416,0.0001305091008543968
27300,538.6182222366333,8.410192168950656,0.005170140415430069,0.002909773886203766,0.0001296604797244072
27400,540.2995574474335,8.194324813484766,0.005482911579310894,0.002951480858027935,0.00012918382883071898
27500,541.9749517440796,8.384288086294747,0.005232671163976192,0.002963497452437878,0.00012987043708562852
27600,543.713287115097,8.62852658808194,0.005175102337130478,0.0029169915137546402,0.0001334748470357486
27700,545.4307539463043,8.388605433404058,0.005292753465473652,0.0030085572227835657,0.0001326344907283783
27800,547.0981864929199,7.978457458018873,0.0052410148829221724,0.002962831035256386,0.0001298564299941063
27900,548.7655329704285,8.401557474672064,0.005285348035395146,0.0030219241231679915,0.00012841366231441497
28000,550.4287211894989,8.00436154067478,0.005240468122065067,0.002974100410938263,0.0001290757954120636
28100,555.6814053058624,7.792811532318216,0.005499059818685054,0.002975983917713165,0.0006811470910906792
28200,557.3659727573395,8.379970739185433,0.005261797606945038,0.002995493710041046,0.00013004288077354432
28300,559.0630855560303,7.8316676563020655,0.005264242887496948,0.0029711177945137023,0.00012965064495801926
28400,560.8024847507477,7.930966639816388,0.005212252326309681,0.002961094528436661,0.00013250701129436494
28500,562.4921622276306,8.09934317707978,0.0051806380972266195,0.002899850569665432,0.00013039007782936096
28600,564.1796357631683,8.384288086294752,0.005611612945795059,0.002965683564543724,0.0001299828663468361
28700,565.8805961608887,7.723733978509182,0.0057087867334485055,0.0029855259880423547,0.0001310272514820099
28800,567.5547904968262,8.345431962310887,0.005524474307894707,0.0030127714946866033,0.00013069257140159606
28900,569.2273914813995,8.13819930106363,0.005207306332886219,0.0029139094799757004,0.00012973703444004058
29000,570.9514708518982,8.015463298558808,0.0051933079053248675,0.002932314856776169,0.000132231419639928
29100,572.6715478897095,7.956870722472294,0.005144652687013149,0.0028759700059890745,0.000132010355591774
29200,574.3750150203705,8.358384003638848,0.005197028890252114,0.0029573989287018775,0.00013233467936515808
29300,576.063104391098,8.423144210278611,0.005216941423714161,0.002947351336479187,0.00012992247939109803
29400,577.7614214420319,8.025948276221367,0.005728527382016182,0.0029583317041397095,0.00012958772480487824
29500,579.4488775730133,7.680560507475941,0.005577125884592533,0.0030459926649928095,0.00012792754918336869
29600,581.184196472168,8.569934011995418,0.005206470116972923,0.002940375730395317,0.00013157963752746582
29700,582.8572010993958,8.587203400432696,0.005130133591592312,0.002866114191710949,0.00012794341892004014
29800,584.5342526435852,8.3238452267643,0.005231151171028614,0.0029720582067966463,0.00012775372713804244
29900,586.1969811916351,8.21591154903134,0.006028745174407959,0.0030878958478569984,0.00012924425303936004
30000,587.8595449924469,8.35406665652952,0.005265424847602844,0.0029954934865236284,0.00013024207204580306
30100,589.535572052002,8.202959507643454,0.005190600939095021,0.0029503829404711724,0.00012959919869899749
30200,591.2797839641571,8.047535011708007,0.005279818214476108,0.0029976630210876466,0.00013681769371032715
30300,592.9488883018494,7.633069689273442,0.005356621417616092,0.0030651898948209633,0.00013010615216834206
30400,594.6338398456573,7.8791584745045675,0.005553244426846504,0.0030401726812124253,0.00013127632439136506
30500,596.3068192005157,8.518125846683605,0.005255225673317909,0.002994023561477661,0.00013108357787132264
30600,597.9515845775604,7.87052378028592,0.005311733782291412,0.003011149168014526,0.00012895502150058746
30700,599.6619143486023,8.440413598715883,0.0054102098569273945,0.0028609155490994455,0.00013451501727104186
30800,601.3133833408356,8.146833995282266,0.0056852010264992715,0.0030343422293663026,0.00012922953814268113
30900,602.9637112617493,8.073439094423863,0.005236640758812428,0.002966027595102787,0.0001300353556871414
31000,604.6153833866119,8.01731358194278,0.005294010303914547,0.003050845116376877,0.0001300356537103653
31100,606.2679967880249,8.142516648112998,0.005204872041940689,0.0029331374913454055,0.00012964803725481032
31200,607.9326927661896,8.319527879654991,0.005141376703977585,0.002906481884419918,0.00013114064931869508
31300,609.6077904701233,8.15978603661023,0.0052056931704282765,0.0029555650800466536,0.0001307130977511406
31400,611.2960255146027,8.643328912853828,0.005219712778925896,0.002969115935266018,0.0001330897957086563
31500,612.943924665451,8.19864216059408,0.005720607340335846,0.0029360998049378396,0.00012965649366378785
31600,614.5978374481201,8.034582970440006,0.005275087729096413,0.0030014158412814142,0.0001299227774143219
31700,616.2888994216919,8.453982405960183,0.005198447321142469,0.0029347050722156255,0.00013154679643256323
31800,617.9460620880127,8.453365639983884,0.005157477185130119,0.002873292937874794,0.00013025157153606415
31900,619.5856885910034,8.142516648112986,0.005813704617321491,0.0030393444001674654,0.00012883279472589493
32000,621.204315662384,8.159786036610216,0.005569803155958652,0.0030256158486008642,0.00012665148824453354
32100,622.8467838764191,8.254767673015207,0.005313154198229313,0.003043353259563446,0.00012918546795845031
32200,624.5229389667511,8.012996234893416,0.005250536650419235,0.002986774258315563,0.00013161461800336837
32300,626.1858232021332,8.198642160594089,0.005261087343096733,0.0030258481949567793,0.0001304095983505249
32400,627.8565716743469,8.146833995282272,0.005624346286058426,0.0029917952045798303,0.00013153642416000367
32500,629.5465972423553,8.349749309420215,0.0051877182349562645,0.0029283859953284264,0.00013272102922201156
32600,631.2041320800781,8.336797268092257,0.00528533473610878,0.0030177624523639677,0.00013037022203207015
32700,632.8683564662933,7.9309666398163845,0.005133525878190995,0.0028397614508867265,0.0001312733069062233
32800,634.5230183601379,7.874841127395253,0.005490710251033306,0.0029398158192634584,0.00013021275401115418
32900,636.1847012042999,8.220228896140675,0.00524517573416233,0.0029911159351468084,0.0001305992901325226
33000,637.8534440994263,8.27203706145249,0.00512775044888258,0.0028506352752447127,0.00013162925839424133
33100,639.5301425457001,8.08700790166817,0.00526954386383295,0.003032664438443524,0.0001313130185008049
33200,641.1901807785034,8.544029929339509,0.005235776305198669,0.0029700881987810134,0.00013092011213302612
33300,642.8442034721375,7.87484112733529,0.005221694558858871,0.0029458262771368026,0.00013039231300354003
33400,644.5101871490479,8.556981970667465,0.005189777053892612,0.0029389628022909163,0.0001309475302696228
33500,646.1751437187195,8.306575838327031,0.005481400415301323,0.002944103665649891,0.0001306624338030815
33600,647.8386788368225,8.207276854812726,0.005307503454387188,0.0030835606157779694,0.0001306384429335594
33700,649.5144515037537,8.082073788642505,0.0052194749563932415,0.002951822876930237,0.00013165753334760667
33800,651.1684539318085,8.397240127562748,0.005476924814283848,0.002929844856262207,0.00013042762875556946
33900,652.8275694847107,7.91801459848843,0.005208397619426251,0.0029284650087356566,0.00013068974018096925
34000,654.5229647159576,8.358384003638847,0.005222356431186199,0.002948919013142586,0.00013298623263835907
34100,656.1652207374573,8.479269722699733,0.005296841338276863,0.003018672429025173,0.00012922383844852448
34200,657.8195431232452,8.233180937468624,0.005230850204825401,0.0029487985372543333,0.00012981325387954713
34300,659.4844949245453,8.349749309420213,0.006064922139048576,0.0029423299431800844,0.00013121288269758225
34400,661.1569321155548,8.012996234893416,0.005287036150693893,0.003020017072558403,0.00013173777610063552
34500,662.860502243042,8.605089554786316,0.005149676837027073,0.002879398337432316,0.00013286413358790534
34600,664.5164506435394,8.358384003578886,0.005228301845490933,0.002952808625996113,0.00013042017817497254
34700,666.1850671768188,8.449048292934522,0.005611598044633865,0.0029682109504938128,0.00013071909546852112
34800,667.838220834732,8.5440299293395,0.005283264517784119,0.003018452115356922,0.00013049855828285218
34900,669.499933719635,8.008678887784109,0.005450791753828526,0.0029200325906276704,0.00013103410601615905
35000,671.1403069496155,8.194324813484759,0.005353490822017193,0.003117038235068321,0.00012888189405202866
35100,672.8008904457092,8.051852358877278,0.005684280879795551,0.0029309460893273353,0.0001307223364710808
35200,674.4577121734619,8.349749309420206,0.005222807861864567,0.0029520806297659873,0.0001305621862411499
35300,676.093448638916,8.1554686895009,0.005240416005253792,0.0029477449879050256,0.00012852370738983154
35400,677.7645747661591,7.974140110909558,0.005319267511367798,0.003056774027645588,0.00013193272054195403
35500,679.4197788238525,8.544029929339505,0.005198469050228595,0.002907934971153736,0.0001299886777997017
35600,681.0561187267303,7.766907449602347,0.005270908102393151,0.0030135204270482063,0.00012824323028326034
35700,682.7049219608307,8.138199301063628,0.005469813086092472,0.0029203715547919274,0.00012912534177303314
35800,684.3653078079224,8.703771772384274,0.005208401270210743,0.0029602215439081194,0.00013049207627773284
35900,686.0520784854889,8.070972045003645,0.005228236940290247,0.0029700653467859537,0.00013166774064302445
36000,687.7195796966553,8.444730945825194,0.005258427225053311,0.0029784338921308518,0.0001310136914253235
36100,689.3828551769257,8.125247259675731,0.005579725205898285,0.0029527394846081733,0.00013051144778728486
36200,691.0463027954102,8.362701350748159,0.005202552750706673,0.002919759079813957,0.00013072118163108825
36300,692.6970634460449,8.086391135751814,0.005570090413093567,0.0030269136279821394,0.0001303066313266754
36400,694.34530210495,8.086391135751814,0.005279697105288505,0.002987893708050251,0.00012916866689920424
36500,696.0198490619659,8.539712582230205,0.005087414123117924,0.00282972127199173,0.0001314343884587288
36600,697.6766374111176,7.646021730601405,0.005321249961853027,0.0030786091834306716,0.00013025064021348953
36700,699.3264648914337,8.375653392076106,0.005245328731834888,0.002973569668829441,0.00012962132692337036
36800,700.9836189746857,8.513808499574287,0.005775778070092202,0.0030481723695993425,0.00013013489544391632
36900,702.6435821056366,8.608790135979277,0.005160147398710251,0.002891874350607395,0.000130293071269989
37000,704.3401184082031,7.779859490990267,0.005209368020296097,0.0029517868533730507,0.0001318645104765892
37100,706.0044512748718,8.26340236723385,0.005309170223772526,0.0030461279675364494,0.0001304485648870468
37200,707.6902143955231,8.51442526549063,0.005487573498061724,0.0029309723153710366,0.00013072560408285686
37300,709.3683371543884,8.738310549198859,0.005196703001856804,0.0029401442408561705,0.00013096775859594345
37400,711.022331237793,8.159786036550264,0.0053262519463896756,0.0030393875390291214,0.00012881431728601456
37500,712.6947584152222,8.462000334262461,0.005719178542494774,0.0029393152892589567,0.00013041749596595764
37600,714.3613731861115,8.08639113575181,0.005336948670446873,0.003067890740931034,0.00012966640293598174
37700,716.0486981868744,8.582886053323369,0.00523560494184494,0.002977256774902344,0.00013085115700960158
37800,717.7667071819305,8.220228896140686,0.00512892372906208,0.0028683880344033243,0.0001343996822834015
37900,719.4632225036621,8.397240127622704,0.005252752825617791,0.002974886894226074,0.000131419338285923
38000,721.1638598442078,8.142516648172958,0.005597944408655167,0.002974337600171566,0.00013188593089580536
38100,722.8575260639191,8.384288086294752,0.005243863053619862,0.003019634336233139,0.00013229973614215852
38200,724.5217437744141,8.112295218407725,0.0055303282663226126,0.002986098900437355,0.0001307317242026329
38300,726.1754870414734,8.10366052418909,0.005241282470524311,0.0029770485684275628,0.0001301097497344017
38400,727.8308026790619,8.129564606845,0.0051989534124732015,0.0029038315638899802,0.00012991663068532945
38500,729.4905834197998,8.332479920982932,0.0052138914540410045,0.0029428426921367643,0.00012968577444553376
38600,731.1673817634583,8.014229766726105,0.005543467168297086,0.0029584184821162905,0.00012979596853256224
38700,732.8313312530518,8.263402367233846,0.005664077550172806,0.003023413121700287,0.00013048123568296433
38800,734.5011463165283,8.194324813484766,0.005229432769119739,0.002976059652864933,0.00012953482568264007
38900,736.179285287857,8.578568706214057,0.005147083140909672,0.002881658785045147,0.000130259171128273
39000,737.8589928150177,8.133881953954324,0.005511422418057918,0.0030104858055710793,0.00013088610023260117
39100,739.5042178630829,7.9698227637402725,0.005344740748405456,0.003061884343624115,0.00012845903635025024
39200,741.1902680397034,7.663291119038673,0.005322773233056069,0.0030567189678549767,0.00012814380228519438
39300,742.8913016319275,8.414509516059978,0.005656061396002769,0.0029178209602832793,0.00013118084520101546
39400,744.6724824905396,8.069121747314554,0.005453798696398735,0.0029294826462864876,0.00013685107231140137
39500,746.419691324234,8.224546243190055,0.005062737949192524,0.0028060581535100937,0.00013239212334156036
39600,748.105495929718,7.961188069581592,0.005243405438959598,0.0029399322345852854,0.00012980058789253236
39700,749.8113586902618,8.345431962310888,0.00530159953981638,0.0030560709536075594,0.00013101421296596527
39800,751.5035579204559,8.29362379699908,0.00522061362862587,0.002962445318698883,0.00013121370226144792
39900,753.209198474884,8.354066656529522,0.005220160335302353,0.0029308968782424927,0.00012990649789571763
40000,754.9249587059021,8.508257634937392,0.005242866836488247,0.002977825451110091,0.00013092828116246632
40100,756.6098611354828,8.060487053095903,0.0053335573524236676,0.003057801090180874,0.00013085585087537765
40200,758.2945439815521,8.462000334262466,0.005244980826973915,0.0029566512629389764,0.0001298639178276062
40300,759.9922525882721,8.859196268319714,0.005223729275166988,0.002968159504234791,0.00013179682195186616
40400,761.7257189750671,8.40587482184134,0.005221455208957195,0.0029552456364035605,0.00013406682759523392
40500,763.4115841388702,8.19432481348476,0.005243819244205952,0.002953651286661625,0.00013115845620632172
40600,765.1358850002289,8.487904416918386,0.006058803535997867,0.0029062646627426147,0.0001339636743068695
40700,766.8647110462189,8.587203400372744,0.005194610878825188,0.002973573990166187,0.00013505447655916215
40800,768.6010980606079,7.991409499346836,0.005226920209825039,0.0029733206704258917,0.00013306871056556702
40900,770.2895050048828,8.082073788582539,0.005254510417580604,0.0029730453342199327,0.00013112317770719528
41000,771.9709873199463,8.198642160594083,0.00571156907826662,0.0029609033465385435,0.00013114113360643387
41100,773.7437884807587,7.909379904269781,0.0052869380638003345,0.0030055417120456694,0.00013563361018896104
41200,775.4799633026123,8.45336564004384,0.005187113396823406,0.0029308126494288446,0.00013356413692235946
41300,777.1784422397614,8.237498284577939,0.005280352011322975,0.0029862140491604804,0.00013152748346328735
41400,778.9257876873016,8.18137277215682,0.005224717014602253,0.002966933085450104,0.00013382491788693836
41500,780.636830329895,8.37133604496679,0.005686601102352143,0.003041342981159687,0.0001317446306347847
41600,782.3611216545105,8.639011565744505,0.005457503460347652,0.002925904169678688,0.00013418029993772507
41700,784.0834364891052,8.155468689500914,0.005155285857617855,0.0029008014872670173,0.0001335032656788826
41800,785.7933394908905,8.587203400432687,0.0051701110228896145,0.002887415550649166,0.00013325892388820648
41900,787.4894320964813,8.004361540674774,0.005304015316069126,0.0030199837312102316,0.00013226374983787536
42000,789.1913132667542,8.453365639983886,0.005164534710347652,0.002903789319097996,0.00013274189084768294
42100,790.9338619709015,8.384288086294752,0.005523689016699791,0.0030038957670331,0.0001341339573264122
42200,792.6269719600677,7.7539554083343525,0.005274132005870342,0.003003520891070366,0.00013235632330179214
42300,794.317702293396,8.600155441760634,0.0052751248702406885,0.002995414063334465,0.00012932278215885162
42400,795.9957849979401,8.250450325905895,0.005220844671130181,0.0029754577204585075,0.0001296473667025566
42500,797.6697134971619,8.030265623330676,0.005852939411997795,0.0030996397510170935,0.0001310725137591362
42600,799.3959963321686,8.082073788582544,0.005206964015960693,0.0029163303598761557,0.00013311896473169326
42700,801.1363265514374,8.479269722699744,0.005174463306154524,0.0029062125193221227,0.00013330229691096716
42800,802.8494551181793,8.060487053095912,0.005268328636884689,0.003008069023489952,0.00013146940618753434
42900,804.5440866947174,8.246132978736622,0.005598466582596302,0.002959066517651081,0.00013082463294267655
43000,806.2312309741974,8.323845226764302,0.005258312858641148,0.002980287969112396,0.00013127215206623077
43100,807.988853931427,8.34974930942021,0.005437702313065529,0.0029002201929688456,0.0001349104568362236
43200,809.6912479400635,8.613107483088596,0.005184050872921944,0.0029267522320151327,0.00013178251683712005
43300,811.3949100971222,8.116612565517034,0.005311742722988129,0.0030416128411889076,0.00013239845633506776
43400,813.086353302002,8.341114615201569,0.005259681269526481,0.0030028491467237474,0.00012987084686756135
43500,814.8012714385986,8.06912174731455,0.0057469261437654495,0.0029979194700717926,0.00013329531997442246
43600,816.5022914409637,8.254767673015223,0.005144480727612972,0.002868146188557148,0.00013178195804357528
43700,818.1758170127869,8.103660524189088,0.005278042405843735,0.0030339837819337843,0.0001313398778438568
43800,819.9093062877655,8.155468689500905,0.005254721902310848,0.002998267859220505,0.00013270679861307144
43900,821.6216487884521,8.280671755611177,0.005118774548172951,0.002842709384858608,0.00013359691947698594
44000,823.3020524978638,8.263402367233835,0.005596054941415787,0.0030309806019067765,0.0001288982480764389
44100,825.0304708480835,8.151151342391595,0.0055052239713924275,0.0029892096668481826,0.0001323909791452544
44200,826.7354559898376,8.902369739352936,0.005093033351004124,0.0028106216341257095,0.00013275861740112306
44300,828.4017176628113,7.753955408334342,0.005281924270093441,0.002987860292196274,0.00012990355491638184
44400,830.0873680114746,8.487904416918388,0.00550417821854353,0.0028852494433522224,0.00013160888105630874
44500,831.7467765808105,8.038900317549322,0.005750051029026509,0.002994630187749863,0.00013002917170524598
44600,833.4475295543671,8.08639113575181,0.005632328763604164,0.003094303421676159,0.0001319824531674385
44700,835.1524178981781,8.440413598655944,0.005146557688713074,0.002899768464267254,0.00013205375522375108
44800,836.8337655067444,8.034582970440008,0.005238447524607182,0.0029706601426005364,0.00013111673295497893
44900,838.5444941520691,8.349749309420208,0.0052358338236808775,0.002989509180188179,0.00013339880853891373
45000,840.28342628479,8.397240127622704,0.0052299188822507855,0.002961626201868057,0.00013610534369945526
45100,842.014969587326,8.474952375590426,0.005272627994418144,0.003024357780814171,0.00013517245650291444
45200,843.6966652870178,7.943918681144327,0.0052795220538973805,0.0030020976066589353,0.00013188805431127548
45300,845.360512971878,8.49653911113701,0.005276986546814442,0.002998784929513931,0.00013034816831350326
45400,847.0783455371857,7.991409499346836,0.005191373825073242,0.0029381418973207472,0.00013241074979305267
45500,848.8050103187561,7.61148295372685,0.005324863610523089,0.0030244289338588713,0.0001312369533947536
45600,850.5089991092682,8.250450325905907,0.005847506113350391,0.0029758477583527567,0.00013225313276052475
45700,852.1800849437714,7.9827748051281935,0.005249163024127483,0.002976657263934612,0.00013069439679384232
45800,853.9049105644226,8.043217664658645,0.005471414923667908,0.002939673140645027,0.00013298865407705308
45900,855.6266765594482,8.367018697857482,0.005179464183747769,0.002910236343741417,0.0001343616470694542
46000,857.3322656154633,8.051852358877264,0.0053767763823270795,0.003094104677438736,0.0001328522711992264
46100,859.0657644271851,8.401557474732027,0.005169854275882244,0.002886053882539272,0.0001335076242685318
46200,860.7587242126465,8.349749309420197,0.00533368207514286,0.0030579305812716484,0.00013080831617116927
46300,862.4700047969818,8.34543196231089,0.005729841776192188,0.0029567994549870493,0.00013205192983150482
46400,864.1655902862549,8.112295218407734,0.00520280547440052,0.0029389676451683044,0.0001309797912836075
46500,865.8637568950653,8.263402367233844,0.005293719694018364,0.003033328838646412,0.00013177063316106798
46600,867.5350458621979,8.38860543340407,0.00521259043365717,0.002958848662674427,0.00013063348829746248
46700,869.2344706058502,8.492221764027692,0.005266146846115589,0.0029804515466094017,0.00013178229331970215
46800,870.9649736881256,8.544029929219604,0.005140252895653247,0.0028759148716926575,0.0001337924972176552
46900,872.7317130565643,8.389222199320416,0.005257980073136943,0.0030048705318144386,0.00013421256095170976
47000,874.484717130661,8.513808499574292,0.005156066305935383,0.0029029112681746485,0.00013529572635889053
47100,876.2380201816559,8.811705449997305,0.00522879995405674,0.002984427735209465,0.00013416696339845657
47200,877.986914396286,8.462000334262468,0.00525605097413063,0.0030065522342920302,0.00013428770005702973
47300,879.6935505867004,7.913697251379108,0.005272534750401974,0.0030013734847307207,0.00013102352619171143
47400,881.402881860733,8.228863590359307,0.005222047083079815,0.002922799363732338,0.00013098958879709244
47500,883.08846783638,8.215911549031354,0.005478446558117867,0.002933953143656254,0.0001310780644416809
47600,884.8081278800964,8.358384003638843,0.005232724957168102,0.002975992485880852,0.00013187512755393982
47700,886.4944796562195,8.069121747314542,0.00525123618543148,0.0029406772926449777,0.00013073820620775222
47800,888.2005407810211,8.474952375590421,0.005763022862374782,0.0030127480253577233,0.00013266488909721374
47900,893.3440866470337,8.09934317707977,0.005569350868463516,0.0030207382142543792,0.0006638732925057411
48000,895.0478162765503,8.241815631687276,0.005132139101624489,0.0029030463099479677,0.0001313914731144905
48100,896.7358808517456,8.496539111137007,0.005666127055883407,0.0030273402109742163,0.00013093028217554093
48200,898.4897184371948,8.239965348243336,0.005209091720836504,0.002941122113593988,0.0001335980583514486
48300,900.2006101608276,7.853254391848666,0.00516739834100008,0.0029138606414198876,0.0001326749473810196
48400,901.9051024913788,8.129564606845006,0.005153035931289196,0.0028798026964068414,0.00013132173568010332
48500,903.6171450614929,8.40587482184134,0.0054750310257077215,0.0029384271055459977,0.00013221323490142823
48600,905.334718465805,8.50949115234506,0.005414976812899113,0.0028989476338028906,0.00013299603015184402
48700,907.0903186798096,8.367018697857477,0.006158075518906117,0.003041926212608814,0.00013711828738451005
48800,908.7932465076447,8.10797787129841,0.005265027694404126,0.002994038313627243,0.00013091541826725005
48900,910.5131103992462,8.241815631687263,0.00526246502995491,0.0030054186657071115,0.0001332409679889679
49000,912.2149863243103,8.466317681371788,0.005164090879261494,0.002869348153471947,0.00013187311589717864
49100,913.9088261127472,8.056169705986594,0.0053319744765758514,0.003079727366566658,0.0001302000507712364
49200,915.6401174068451,8.703771772384279,0.005150975547730923,0.002883243560791016,0.0001341944932937622
49300,917.3216614723206,8.492221764027683,0.005314305126667022,0.0030415004119277,0.00013015195727348328
49400,919.0047841072083,8.323845226764295,0.005275618843734264,0.002998397797346115,0.00013025902211666107
49500,920.7109704017639,8.09070848286114,0.0052439896017313,0.0029838891699910165,0.00013218369334936142
49600,922.4205856323242,7.77554214388093,0.005321260344769274,0.003027196287044457,0.00013005760099206652
49700,924.118451833725,8.600155441760636,0.005278190858662129,0.003009842857718468,0.0001305712014436722
49800,925.8022284507751,8.146833995282272,0.0055038494616746906,0.0029829685017466545,0.0001311802864074707
49900,927.4998908042908,8.500856458246323,0.005247196033596992,0.002966892085969448,0.0001299133151769638
50000,929.2044162750244,8.263402367233857,0.005144875235855579,0.002863040082156658,0.00013133499771356583
50100,930.8917226791382,8.246132978796584,0.005241392850875854,0.0029686811938881875,0.00013049643486738206
50200,932.5947802066803,8.513808499574282,0.005226192437112332,0.0029629011824727058,0.00013131462037563324
50300,934.2973597049713,8.021630929112048,0.005306546203792095,0.003044005110859871,0.00013000380247831344
50400,936.0130348205566,8.43177890443729,0.005276967734098434,0.0030530904233455657,0.00013354703783988953
50500,937.7127270698547,8.10797787123845,0.005298829227685928,0.003032522462308407,0.00013300292193889617
50600,939.4008424282074,8.228863590359305,0.005190639048814774,0.002893662415444851,0.00013108573853969573
50700,941.0854661464691,8.190007466375443,0.00620104480534792,0.0030730672925710677,0.00013058535754680633
50800,942.783878326416,8.561299317776786,0.005140513144433498,0.0028764001280069352,0.00013274695724248885
50900,944.4636132717133,8.060487053095912,0.005458349958062172,0.0029236380755901336,0.00013163845986127854
51000,946.2250838279724,8.474952375590421,0.005207732431590557,0.0029516221795763287,0.00013517302061830246
51100,947.8903408050537,7.961188069521641,0.005701070167124272,0.0030291828513145445,0.00013071902096271516
51200,949.715626001358,8.755579937696087,0.00513474740087986,0.0028678759187459944,0.00014105748385190964
51300,951.401209115982,8.22886359035931,0.005220448710024357,0.0029605655744671822,0.00013092055916786194
51400,953.0847160816193,8.27203706145248,0.005283625088632107,0.0030215749144554137,0.00012998607009649278
51500,954.7707748413086,8.328162573873607,0.005360220372676849,0.0031017914041876794,0.00013073690235614776
51600,956.4465942382812,7.805763573646155,0.005585112757980824,0.0030623842775821686,0.00012987967580556869
51700,958.1414086818695,8.164103383719539,0.0051915538683533664,0.0029152989014983176,0.00013004817068576813
51800,959.8411390781403,8.526760540902249,0.005200017765164375,0.0029725627228617667,0.0001318647339940071
51900,961.547988653183,8.23318093740868,0.005185030028223991,0.0029245031625032424,0.00013221420347690583
52000,963.2355766296387,8.70377177238427,0.005162734538316727,0.0028865277767181397,0.00013132385909557344
52100,964.938223361969,7.92233194559774,0.005229290798306465,0.0029597919806838035,0.00013384487479925155
52200,966.5988206863403,8.664915648400392,0.00553402528166771,0.0029563340917229653,0.00013036414980888367
52300,968.2821924686432,8.099343177079778,0.0057135894894599915,0.0029529259353876115,0.0001316952332854271
52400,970.0212824344635,7.910613436102489,0.0052885387784668385,0.0030181708612612313,0.00013310677771057402
52500,971.7116987705231,8.379970739185428,0.00523786511272192,0.002961908616125584,0.00013040948659181594
52600,973.4150774478912,8.168420730768906,0.005540428198873997,0.002887900620698929,0.00013219688087701798
52700,975.1080055236816,7.866206433176612,0.005251027010381222,0.0029920494928956033,0.00013069167733192443
52800,976.8004238605499,8.284989102780445,0.005465567447245121,0.0029373398795723917,0.00013010252267122268
52900,978.5198650360107,8.34111461520158,0.005159485414624214,0.0028903977200388908,0.00013227280229330063
53000,980.2221736907959,8.190007466375441,0.005352024286985398,0.0031058913096785544,0.0001312562823295593
53100,981.9088997840881,8.181372772156813,0.005236810892820358,0.0029839129000902177,0.00012913431972265245
53200,983.5752172470093,8.215911548971388,0.0056114704161882405,0.003077440708875656,0.00012948978692293168
53300,985.2477071285248,8.522443193792915,0.005728730782866478,0.0029550930112600326,0.00013121526688337327
53400,986.9289400577545,8.276354408561804,0.005170561745762825,0.0029090692475438116,0.000131496861577034
53500,988.592262506485,8.194324813484766,0.005231447406113148,0.002950161322951317,0.00013113129884004593
53600,990.2671041488647,8.462000334262477,0.005197389423847199,0.0029424572363495826,0.00013171408325433732
53700,991.9366552829742,8.440413598715883,0.005238509103655815,0.0029648032411932947,0.0001309434697031975
53800,993.6354169845581,7.892110515832535,0.005138826215905803,0.0028864642871277674,0.0001324382477572986
53900,995.2983913421631,8.021630929112053,0.005275911912322045,0.0030172722786664962,0.00013009876012802125
54000,996.9684088230133,8.457682987153156,0.005186065211892128,0.002926819287240505,0.00013199780136346817
54100,998.6349618434906,8.54834727638888,0.005177988670766354,0.002930341958999634,0.00013088870793581008
54200,1000.3134534358978,8.401557474732023,0.005228102281689644,0.002984003759920597,0.00013193368911743164
54300,1001.9710404872894,7.456058457791419,0.005965798906981945,0.0030740780383348466,0.0001308314874768257
54400,1003.6340699195862,8.198642160594078,0.00527480099350214,0.0029773874580860137,0.00013110436499118804
54500,1005.2957248687744,8.306575838327028,0.00521425686776638,0.0029329047724604607,0.0001311449334025383
54600,1006.9570727348328,7.982774805128191,0.005354348383843899,0.0030858445540070533,0.00012973438948392867
54700,1008.6355471611023,8.556981970667467,0.005097282715141773,0.0027883595228195193,0.00013104777783155442
54800,1010.3127393722534,8.272037061452494,0.005924897007644176,0.0028963281959295275,0.00013127997517585753
54900,1011.9767169952393,8.202959507643442,0.005285820066928864,0.0030301688238978386,0.00013070810586214066
55000,1013.6367127895355,8.319527879654979,0.005233533158898354,0.00297068826854229,0.00013056840747594834
55100,1015.3226330280304,8.075906158089257,0.005312270585979734,0.0030578267148562844,0.00013147762311356407
55200,1016.9848551750183,8.17273807793817,0.006020819246768952,0.002994519434869289,0.00013034429401159286
55300,1018.6593425273895,8.32816257387361,0.005265117213129997,0.0029971331730484965,0.00013194248080253601
55400,1020.3215816020966,8.276354408561808,0.005153316222131252,0.0028774267807602882,0.0001300560310482979
55500,1021.9718244075775,8.5569819706075,0.005500622056424618,0.0029347402974963187,0.00012931056320667267
55600,1023.6362183094025,8.332479920982944,0.005223325379192829,0.0029726075381040573,0.00013084031641483307
55700,1025.2860345840454,8.164103383719535,0.005715014860033989,0.0030666558817029,0.00012969322502613068
55800,1026.9516603946686,8.030265623330695,0.005227954424917698,0.0029811575636267663,0.00013061746954917908
55900,1028.6069877147675,7.818715614914156,0.005319259986281395,0.003042131960391998,0.00012974940240383147
56000,1030.2741196155548,8.056169705986607,0.005203075222671032,0.002940786778926849,0.0001306704431772232
56100,1031.9413874149323,8.57425135910473,0.005238802954554558,0.002977033294737339,0.00013066224753856658
56200,1033.6245589256287,8.000044193565472,0.005189901404082775,0.0029305994138121606,0.00013224180787801742
56300,1035.2816274166107,8.237498284577935,0.005286130756139755,0.003008546233177185,0.00012985389679670334
56400,1036.9510459899902,8.250450325905895,0.005221860893070698,0.0029460066184401512,0.0001303539052605629
56500,1038.6708111763,8.207276854812726,0.005154300949403219,0.0029030285882098326,0.00013405536966664452
56600,1040.3657422065735,8.384288086294758,0.005124844796955586,0.002857738174498081,0.0001331312581896782
56700,1042.0107898712158,8.60879013597928,0.005232672356069088,0.0029762447997927666,0.00012775171548128127
56800,1043.6753401756287,8.349749309360254,0.005242242850363255,0.0029737910628318785,0.00013110216706991196
56900,1045.339165687561,8.03026562333069,0.00561489287763834,0.002987537458539009,0.0001307797059416771
57000,1047.0299990177155,8.522443193792913,0.005283362232148647,0.0030081766098737717,0.00013254452496767045
57100,1048.6892910003662,8.272037061452481,0.005278823487460613,0.0029951635748147964,0.00012967929244041442
57200,1050.3487911224365,8.302258491217708,0.0053349744156003,0.003092406578361988,0.00013007324188947676
57300,1052.0253064632416,8.04753501176797,0.005679576694965363,0.0029417796060442923,0.00013086996972560882
57400,1053.693511724472,8.556981970667461,0.005233774781227112,0.0029526657983660696,0.00013072863221168517
57500,1055.3740022182465,8.14683399528227,0.005541602335870266,0.003006489872932434,0.0001320185512304306
57600,1057.047520160675,7.935283986925705,0.005482863336801529,0.0029507502168416976,0.0001313425227999687
57700,1058.7160165309906,8.051852358877278,0.0052290957048535345,0.002948662452399731,0.000130917951464653
57800,1060.395290851593,8.31521053248571,0.005176098272204399,0.002894933931529522,0.00013164002448320388
57900,1062.0912683010101,8.156085455417248,0.005261401880000319,0.002979591776217733,0.00013245826320988792
58000,1063.7745320796967,8.643328912853825,0.005587877631187439,0.0029503167420625686,0.0001317460462450981
58100,1065.446282863617,8.306575838327033,0.005700957998633385,0.002934223376214504,0.0001313747465610504
58200,1067.1202056407928,8.194324813484767,0.005239928252995014,0.0029815075173974036,0.00013159014284610748
58300,1068.7839615345001,8.492221764027695,0.00525892797857523,0.003002147860825062,0.00013012953102588653
58400,1070.4604382514954,8.228863590299355,0.005279372856020928,0.003005041219294071,0.00013179443776607515
58500,1072.1303091049194,8.211594201922042,0.005274342186748981,0.0030140492692589758,0.00013134267181158065
58600,1073.809540271759,8.17705542504749,0.005519695840775967,0.0029751166328787805,0.0001319349557161331
58700,1075.4868321418762,7.956870722472292,0.005180538035929203,0.002927034869790077,0.00013165030628442764
58800,1077.152999162674,7.710781937241171,0.0052344659343361855,0.0029584041982889174,0.00013132411986589433
58900,1078.8207981586456,8.168420730828858,0.005491590872406959,0.0029748329147696495,0.0001312754675745964
59000,1080.5043458938599,8.254767673015223,0.0052016666531562806,0.0029550908505916597,0.00013241969048976898
59100,1082.175486087799,8.306575838327028,0.005263291634619236,0.0029660509154200553,0.00013040848076343537
59200,1083.8101556301117,8.319527879595025,0.005208556912839413,0.0029332875832915307,0.00012693766504526138
59300,1085.5146222114563,8.401557474732023,0.005279499473316329,0.0030194221224103656,0.0001323725123490606
59400,1087.19530916214,8.120929912626368,0.005710420310497284,0.0029649598151445388,0.00013160347938537598
59500,1088.8561403751373,8.060487053095914,0.005533160753548145,0.0028768327459692956,0.00012972872704267502
59600,1090.520702123642,8.190007466375445,0.00528437651693821,0.0030215003341436384,0.00013069465756416321
59700,1092.1920256614685,8.051852358817325,0.005182106457650662,0.002909803427755833,0.00013150788843631743
59800,1093.8543121814728,8.099343177079774,0.00524221021682024,0.0029824172705411912,0.0001308327168226242
59900,1095.5330593585968,8.354066656529522,0.005552745573222637,0.003009486570954323,0.00013085078448057174
60000,1097.202270269394,8.332479920922985,0.00524004377424717,0.002985530756413937,0.00013064417988061904
60100,1098.860774755478,8.155468689500905,0.005288694202899933,0.0030401163920760156,0.00013014953583478928
60200,1100.5306150913239,8.470635028481103,0.005233150385320187,0.002955619543790817,0.00013076163828372954
60300,1102.1699454784393,8.107977871298406,0.005205966681241989,0.0029257212579250334,0.00012716352939605712
60400,1103.8520963191986,8.284989102780443,0.005507015697658062,0.0029701022058725357,0.00013128310441970826
60500,1105.5133776664734,8.228863590359303,0.0052843219414353375,0.0030166377872228624,0.0001300106942653656
60600,1107.218589067459,8.215911549031368,0.005138218307069369,0.0028771012861813824,0.0001327434980443546
60700,1108.8949980735779,8.397240127622702,0.005214649327099323,0.0029451091587543487,0.00013180997222661972
60800,1110.5605461597443,8.233180937468628,0.005515884570777416,0.002979751080274582,0.00013056367635726928
60900,1112.231339931488,8.384288086234795,0.005292087718844414,0.0030300574377179145,0.0001306779682636261
61000,1113.9090089797974,8.401557474732025,0.005179162845015526,0.002894853539764881,0.00013171136379241943
61100,1115.5693445205688,7.892110515832511,0.0053780505061149595,0.0031185323745012285,0.00012969117611646652
61200,1117.2442469596863,8.030265623330688,0.006402452439069748,0.0030069636180996896,0.00013153839856386185
61300,1118.896104335785,8.17705542504748,0.0053386687114834784,0.003030852787196636,0.00012972880154848098
61400,1120.5923690795898,8.233180937468637,0.005114576555788517,0.00287972804158926,0.00013349834829568864
61500,1122.2791142463684,7.900745210051158,0.005180292055010796,0.0028839340806007386,0.00013263337314128876
61600,1123.955794095993,7.97414011090956,0.005215972438454628,0.002973765544593334,0.00013091187924146652
61700,1125.6419060230255,8.682185036837687,0.005121086798608303,0.0028571346774697304,0.00013213951140642166
61800,1127.3124866485596,8.332479920982927,0.005327810682356358,0.003081422112882137,0.0001311350241303444
61900,1128.9871344566345,8.151151342331639,0.005167616493999958,0.002898249477148056,0.00013051915913820267
62000,1130.7041659355164,8.349132557808975,0.005251400907124793,0.003006640481097358,0.00013202808797359468
62100,1132.3909859657288,8.284989102780447,0.00549706969410181,0.0029770931601524353,0.00013162195682525635
62200,1134.0677919387817,8.544029929339509,0.00546745203435421,0.0029242444783449174,0.00013228870928287507
62300,1135.7349636554718,8.224546243249996,0.005245066732168197,0.003001289963722229,0.00013098616153001786
62400,1137.409919500351,8.151151342391588,0.005679985173046589,0.0029103963822126387,0.0001312427595257759
62500,1139.0853953361511,8.453365640043836,0.005169856697320938,0.002879970669746399,0.00013126425445079805
62600,1140.7652180194855,8.712406466602907,0.005154308080673218,0.0028845253586769104,0.00013133123517036438
62700,1142.4842796325684,8.410192168950662,0.005594182014465332,0.0029409126564860343,0.0001324986293911934
62800,1144.1732392311096,8.211594201922036,0.005238488502800465,0.002970119044184685,0.00013171140104532243
62900,1145.9024572372437,8.509491152464966,0.005207028053700924,0.00292611975222826,0.00013503529131412507
63000,1147.582415819168,7.728051325618484,0.005284866131842136,0.0030234256386756897,0.00013119276612997055
63100,1149.269110918045,8.496539111137,0.005371519029140472,0.00312332209199667,0.00013157714158296586
63200,1150.9388217926025,7.568309482573728,0.005323069803416729,0.0030671483278274536,0.0001294337958097458
63300,1152.603752374649,7.823032962083428,0.00529250156134367,0.003019213378429413,0.0001303447037935257
63400,1154.3233978748322,8.58720340043269,0.005464180835655757,0.0029073231667280197,0.0001322609931230545
63500,1156.0009713172913,8.23749828457795,0.005214494168758393,0.00296120248734951,0.0001304832473397255
63600,1157.6871087551117,8.42314421027861,0.005178079530596733,0.0029037643596529963,0.00013156693428754808
63700,1159.384511232376,8.35406665652953,0.005173712223768234,0.0028989480435848234,0.0001321331039071083
63800,1161.0754914283752,8.35406665652953,0.005261686556041241,0.0030266976729035376,0.00013122688978910445
63900,1162.731514453888,8.224546243249995,0.005221938006579876,0.002942091412842274,0.00012886662036180497
64000,1164.4282586574554,8.215911549031345,0.00572631873190403,0.003074878230690956,0.00013182375580072402
64100,1166.1122574806213,8.254767673015222,0.005070258229970932,0.0027861601486802103,0.00013210374861955643
64200,1167.7852311134338,8.436096251546601,0.00571204449981451,0.0029342375323176384,0.00013205334544181825
64300,1169.4700622558594,8.293623796999086,0.005206575095653534,0.002956807091832161,0.0001325283944606781
64400,1171.1518008708954,8.017313582002735,0.0052329542487859725,0.002963525503873825,0.00013083752244710922
64500,1172.872873544693,7.7323686727877625,0.00527463935315609,0.0030418353155255316,0.00013298515230417252
64600,1174.5399043560028,8.112295218347764,0.005611534677445889,0.0030636994168162348,0.0001296161487698555
64700,1176.2230825424194,8.177055425047493,0.005289331674575805,0.0030516163632273675,0.00013094272464513778
64800,1177.9321568012238,7.974140110909558,0.005223409815558366,0.0029487505501934463,0.00013317935168743133
64900,1179.6211309432983,8.017313582002737,0.005730765573680401,0.0029794039949774744,0.00013150926679372787
65000,1181.3171870708466,8.496539111137007,0.005302279777824878,0.003040338382124901,0.00013243772089481355
65100,1183.0012924671173,8.142516648172954,0.00518640398979187,0.0029090911895036696,0.00013164721429347992
65200,1184.66553068161,8.18569011926613,0.005230509750545025,0.0029377588629722596,0.0001308305561542511
65300,1186.3572368621826,8.17705542504749,0.005260370299220085,0.0030101648345589637,0.00013286013156175614
65400,1188.0217292308807,8.233180937468621,0.005541033260524273,0.0030135061219334603,0.00013079937547445298
65500,1189.7156748771667,8.155468689500907,0.005534438453614712,0.0028562355041503906,0.00012989282608032225
65600,1191.4265894889832,8.211594201802138,0.005170836411416531,0.0029233405739068985,0.0001320592686533928
65700,1193.1093623638153,8.284989102780436,0.0053018762916326526,0.0030278616398572923,0.00013023417443037034
65800,1194.8147492408752,8.47063502848111,0.005151244364678859,0.0028949761018157005,0.00013209108263254166
65900,1196.498745918274,7.702147243022531,0.005361527726054191,0.0031092472001910208,0.00013094462454319
66000,1198.1865549087524,8.444730945825203,0.005228185020387173,0.002958763726055622,0.0001321975514292717
66100,1199.9087727069855,8.021630929112058,0.005502358605819089,0.0029763076135090414,0.00013308465480804443
66200,1201.609013080597,8.50949115246497,0.00523962926119566,0.0030177053809165954,0.0001337529718875885
66300,1203.3023505210876,7.943918681144334,0.00527009129524231,0.0030068217217922213,0.00013283975422382355
66400,1204.9862067699432,8.392922780513393,0.005086716972291469,0.002810809649527073,0.00013191718608140945
66500,1206.6544094085693,8.107977871238452,0.005208728611469269,0.0029201461374759674,0.00013118259608745574
66600,1208.3205256462097,7.689195201694572,0.00571796901524067,0.0030693505704402924,0.00013059239834547042
66700,1210.0170159339905,8.639011565744507,0.005189842991530896,0.0029309310764074324,0.00013358701020479202
66800,1211.6818339824677,8.038900317549325,0.005195570811629295,0.0028948845714330674,0.00013084065169095992
66900,1213.3580527305603,8.082073788642498,0.005273736789822578,0.002995041236281395,0.00013206753879785538
67000,1215.0150346755981,8.038900317549318,0.0059196361526846885,0.003137555681169033,0.00013020023703575134
67100,1216.771693944931,8.427461557327975,0.005220553204417229,0.00293574184179306,0.00013508781790733338
67200,1218.4639546871185,8.19000746637545,0.005231264531612396,0.0029744264483451844,0.00013174556195735932
67300,1220.1547753810883,8.272037061452485,0.005763713829219341,0.003030535541474819,0.0001317203789949417
67400,1221.8176765441895,8.44904829293452,0.0051884565502405165,0.002901851274073124,0.0001292625442147255
67500,1223.5478496551514,8.431778904497254,0.005175815575889178,0.0029146148317626542,0.0001333104499748775
67600,1225.2376186847687,8.341114615201569,0.005281687676906586,0.003008793741464615,0.00013121195137500764
67700,1230.4682817459106,8.4706350284811,0.0052574675902724265,0.00295720960944891,0.0006832760572433471
67800,1232.1356151103973,8.3238452267643,0.005745233856141567,0.0029902735725045202,0.00013081640005111695
67900,1233.8197433948517,8.31952787959503,0.0052785611152648924,0.0030129554495215414,0.0001319330558180809
68000,1235.4853794574738,8.664915648400404,0.005488509722054005,0.00295119896531105,0.0001311713457107544
68100,1237.157999753952,8.220228896140668,0.005538299046456814,0.002988240867853165,0.0001304740086197853
68200,1238.8208496570587,8.276354408561799,0.005301824882626534,0.003029089719057083,0.00013104159384965896
68300,1240.505409002304,8.051852358877285,0.0051850959286093715,0.0029380382597446442,0.00013193335384130477
68400,1242.170239686966,8.185690119266134,0.0052027697116136555,0.00294336199760437,0.0001313115283846855
68500,1243.8480334281921,8.021630929112051,0.005299176052212715,0.003056558854877949,0.00013183366507291794
68600,1245.525761604309,8.604472788869963,0.005093442052602768,0.002834949642419815,0.00013150524348020553
68700,1247.2194166183472,8.345431962250945,0.005562417171895504,0.0029382626339793205,0.00013188708573579788
68800,1248.8852548599243,7.969822763800235,0.0052199621498584745,0.0029464408382773397,0.000130813866853714