#=== darpa_temp_context_baseline_endtoend_base_w10_full_0.001lr ===
#
#Metrics:
#  Accuracy: 0.9623 | Micro F1: 0.9623 | Macro F1: 0.7796 | 
#  False Alarms: 1414 | False Alarm Rate: 0.0902
#  Missed Attacks: 8 | Detection Rate: 0.9996
#
#Per-Class Metrics:
#  [phase1] P=0.8333 | R=0.8333 | F1=0.8333 | 
#  [phase2] P=0.8571 | R=1.0000 | F1=0.9231 | 
#  [phase3] P=1.0000 | R=1.0000 | F1=1.0000 | 
#  [phase4] P=0.0000 | R=0.0000 | F1=0.0000 | 
#  [phase5] P=0.9398 | R=1.0000 | F1=0.9689 | 
#
#Inference time:
#  Average: 0.0034 | Total: 129.7816
#
#Confusion Matrix:
#         	      	      	      	Actual	      	      	      
#         	      	benign	phase1	phase2	phase3	phase4	phase5
#         	benign	 14261	     1	     0	     0	     6	     1
#         	phase1	     1	     5	     0	     0	     0	     0
#Predicted	phase2	     1	     0	     6	     0	     0	     0
#         	phase3	     0	     0	     0	    10	     0	     0
#         	phase4	     0	     0	     0	     0	     0	     0
#         	phase5	  1412	     0	     0	     0	     0	 22041
i,time,loss,ground_time,compile_time,eval_time
100,9.737265825271606,8.082073788642502,0.002968805693089962,0.0002694564312696457,0.0001393982395529747
200,20.61874556541443,7.797128879427525,0.0032671107351779937,0.0002775439992547035,0.00014266926795244216
300,28.98598313331604,8.556981970667458,0.0029933639988303186,0.0002797467261552811,0.0001438305899500847
400,39.08872866630554,8.202959507643442,0.0033803442493081093,0.00027719557285308836,0.00014363519847393035
500,46.38483738899231,8.487904416918385,0.0029637134820222856,0.00027554430067539215,0.00014452598989009858
600,53.13386631011963,7.987092152237516,0.0029531389102339742,0.0002735743671655655,0.00014403492212295533
700,59.35398888587952,8.259085020124537,0.002966438867151737,0.0002737697958946228,0.00014505378901958466
800,65.16801381111145,8.397240127622709,0.002960714101791382,0.0002742594853043556,0.00014548536390066147
900,73.56678366661072,8.185690119266125,0.0038478299602866172,0.0002735155448317528,0.00014650598168373108
1000,78.48860478401184,8.103660524189088,0.0029816115275025368,0.0002739659324288368,0.0001444924995303154
1100,83.27368688583374,8.444730945765244,0.002987653426826,0.0002754947915673256,0.00014499124139547348
1200,87.8087158203125,8.194324813484767,0.0029760512337088586,0.00027546677738428117,0.0001449374109506607
1300,92.09657120704651,8.155468689500907,0.0029791218787431715,0.00027554549276828763,0.00014405090361833573
1400,95.68298602104187,7.713249000906565,0.00298761140022959,0.0002753069677523204,0.00014175906777381896
1500,97.3732967376709,7.995726846456148,0.003453888073563576,0.0002754221111536026,0.0001307031512260437
1600,99.06730675697327,8.107977871298415,0.002966529130935669,0.000274389423429966,0.00013041514903306962
1700,100.82577419281006,8.073439094423856,0.003010588772594929,0.0002738025784492493,0.0001349601149559021
1800,102.56001853942871,8.095025829970465,0.002959049306809902,0.0002782279998064041,0.00013384483754634856
1900,104.26868534088135,8.280671755671118,0.0032641692459583283,0.0002734031528234482,0.00013192307204008103
2000,105.9591953754425,8.142516648172958,0.002981863059103489,0.00027725540101528165,0.0001305142045021057
2100,107.64372873306274,8.293623796999073,0.0029623284563422203,0.0002745847404003143,0.0001297442615032196
2200,109.3312029838562,8.267719714343167,0.002981928400695324,0.00027486428618431094,0.00013041358441114425
2300,111.02064752578735,8.60015544170069,0.002976705618202686,0.0002744792401790619,0.00013025224208831787
2400,112.69194340705872,8.215911549031352,0.0029891698434948923,0.00027570243924856185,0.00012838974595069885
2500,114.37601041793823,8.474952375590425,0.002984307333827019,0.00027469977736473085,0.00013049162924289704
2600,116.04253649711609,8.341114615201576,0.002975403480231762,0.00027511045336723325,0.00012867718935012816
2700,117.7133150100708,8.341114615141613,0.003365575857460499,0.0002764316275715828,0.00012849673628807069
2800,119.4340271949768,8.404024538397412,0.003376898451575211,0.00027449330048901697,0.0001318879585180964
2900,121.13038110733032,8.811705450117213,0.0029659918323159218,0.00027594950050115587,0.0001313883066177368
3000,122.81092810630798,8.28498910278044,0.0029700732976198196,0.0002748028561472893,0.0001301344856619835
3100,124.54963326454163,8.215911549031361,0.0029550987854599954,0.0002759213000535965,0.00013517066836357116
3200,126.25086522102356,8.276354408561803,0.0030010008066892625,0.0002741316333413124,0.00013090886175632477
3300,127.9486391544342,8.306575838327024,0.0029656659439206124,0.0002746104821562767,0.0001308395713567734
3400,129.623633146286,8.410192168950653,0.0029745008051395416,0.00027439810335636136,0.00012961704283952712
3500,131.30532455444336,8.112295218407729,0.002978111580014229,0.0002751372382044792,0.00013006087392568587
3600,132.99179458618164,8.267719714343166,0.0033890540897846223,0.00027452684938907625,0.00013024814426898957
3700,134.66295671463013,8.120929912566403,0.002984852157533169,0.00027365267276763917,0.00012912768870592116
3800,136.3436460494995,8.526760540902227,0.0030147687345743177,0.0002752816304564476,0.00013020556420087815
3900,138.0573959350586,8.336797268032306,0.003249180130660534,0.0002769695222377777,0.00013220440596342086
4000,139.75094723701477,8.48790441691838,0.002972886934876442,0.0002757889777421951,0.0001311003789305687
4100,141.4360010623932,8.259085020124534,0.0038257744908332825,0.000277961865067482,0.0001303764432668686
4200,143.14752078056335,8.172121326326948,0.0029609795766217368,0.00027545176978622165,0.00013180982321500778
4300,144.8294060230255,8.47495237559042,0.002994377613067627,0.00027444425970315936,0.00012957204133272172
4400,146.52464604377747,8.021630929112062,0.0029625506699085236,0.000274648480117321,0.00013047825545072555
4500,148.20434737205505,8.004361540674784,0.0029692425578832626,0.0002753792703151703,0.00013043835759162902
4600,149.89303827285767,8.259085020124537,0.0029617488384246827,0.00027562465518712995,0.00013069532811641694
4700,151.56744360923767,8.49222176402769,0.0029986390471458436,0.00027583975344896316,0.00012936346232891082
4800,153.25049781799316,8.45336564004384,0.0037362543120980263,0.0002747397869825363,0.00012982584536075592
4900,154.92344546318054,8.146833995222313,0.0029903069138526917,0.00027684733271598816,0.00012883491814136505
5000,156.61341381072998,7.892110515832526,0.002978602908551693,0.0002760104835033417,0.00013054750859737397
5100,158.2925055027008,7.9180145984884245,0.0032683697342872618,0.00027305379509925845,0.0001298869401216507
5200,159.98896884918213,8.358384003638847,0.0029718690365552903,0.00027448467910289764,0.00013057608157396317
5300,161.70286512374878,8.164103383659581,0.002979329787194729,0.0002749459445476532,0.00013144224882125855
5400,163.39111137390137,8.384288086294745,0.002993982881307602,0.0002765025943517685,0.00013088993728160858
5500,165.0867955684662,8.254767673015216,0.0034509280696511267,0.0002757374942302704,0.000131046362221241
5600,166.80139207839966,8.442880662381272,0.002992796610508646,0.00027430208665984014,0.00013086576014757157
5700,168.48273086547852,8.32816257387361,0.0029975349828600885,0.00027421850711107254,0.00012934524565935134
5800,170.1746907234192,8.133881953894367,0.002971838191151619,0.0002776425704360008,0.00013062920421361924
5900,171.86560344696045,8.332479920982934,0.0029886560142040252,0.0002751392498612404,0.0001310337707400322
6000,173.56415176391602,7.987092152237517,0.0032448479905724525,0.00027460381388664243,0.00013090766966342927
6100,175.265958070755,8.388605433404068,0.002976895235478878,0.00027628447860479356,0.00013064492493867875
6200,176.9295208454132,8.466317681371786,0.0029809645563364027,0.0002748720347881317,0.00012762993574142457
6300,178.61232948303223,8.319527879654983,0.0033781395480036737,0.0002742130309343338,0.0001291344314813614
6400,180.29926300048828,8.112295218407722,0.002999318949878216,0.0002744896337389946,0.00013008877635002137
6500,181.9901602268219,8.4447309458252,0.0029738160222768785,0.00027508098632097246,0.0001306956261396408
6600,183.6804916858673,8.483587069809063,0.002970634065568447,0.00027553662657737733,0.0001307627186179161
6700,185.36184740066528,8.44904829293451,0.0029902344569563864,0.0002758914232254028,0.0001298590749502182
6800,187.06307125091553,8.310893185376402,0.0029554202035069464,0.0002754317969083786,0.0001310642808675766
6900,188.78067183494568,8.356533720194918,0.003811034059950282,0.00027637396007776263,0.0001309349441102573
7000,190.48056364059448,8.362701350748166,0.0029580089449882507,0.00027535296976566315,0.0001313592866063118
7100,192.18342661857605,8.177055424987534,0.0033751461654901505,0.0002733254432678223,0.00013110678642988205
7200,193.8679575920105,7.978457458018878,0.0029719533398747445,0.00027707211673259734,0.00013010337948799134
7300,195.56088042259216,8.440413598715876,0.0029764917120337487,0.00027462024241685866,0.00013090405613183976
7400,197.24203491210938,7.7841768380995715,0.0032747572660446166,0.00027443166822195054,0.00012984011322259904
7500,198.9394793510437,8.315210532545665,0.00297144316136837,0.00027470700442790987,0.00013098198920488357
7600,200.62836146354675,8.582886053323374,0.00297781128436327,0.0002749033272266388,0.0001300361379981041
7700,202.33180284500122,7.792811532318206,0.0029980997368693352,0.0002740100026130676,0.00013157829642295837
7800,204.05501770973206,8.116612565517038,0.002982896827161312,0.0002741523459553719,0.00013230223208665848
7900,205.77911067008972,7.965505416690927,0.0029641762375831604,0.0002787173166871071,0.0001332949474453926
8000,207.47467017173767,8.522443193792917,0.002979447580873966,0.0002749384194612503,0.00013113927096128464
8100,209.17863368988037,8.699454425274952,0.0033748337253928186,0.0002749348059296608,0.00013144824653863908
8200,210.87272763252258,8.358384003578884,0.0034672896936535835,0.0002754359692335129,0.00012990329414606095
8300,212.6331765651703,8.15546868950091,0.0032423356707606994,0.00027639817446470263,0.00013434174337557386
8400,214.330091714859,8.051852358877278,0.00298312783241272,0.00027499187737703326,0.00013044167309999465
8500,219.46439290046692,8.518125846683592,0.002998614348471165,0.00027587462216615676,0.0006685128808021545
8600,221.18605160713196,8.375653392076115,0.0029865797981619836,0.00027438096702098847,0.0001323327422142029
8700,222.88219451904297,7.935283986925694,0.0034590239077806474,0.0002732030674815178,0.00013098031282424928
8800,224.61161303520203,8.012996234893416,0.0029913032799959182,0.0002754709869623184,0.00013372797518968583
8900,226.31453108787537,8.211594201922034,0.0029945025220513345,0.0002751252055168152,0.00013150017708539962
9000,228.016366481781,8.388605433404068,0.0029927683994174004,0.00027311507612466814,0.00013075001537799836
9100,229.76620411872864,8.172738077938185,0.002957683950662613,0.0002769851312041283,0.00013483963906764983
9200,231.48309302330017,8.185690119266129,0.002964952364563942,0.00027734261006116866,0.0001323888823390007
9300,233.18547701835632,8.2979411441084,0.0029716457799077033,0.0002767166495323181,0.00013160374015569687
9400,234.8969373703003,8.151151342391593,0.002950049377977848,0.00027636185288429263,0.00013239175081253052
9500,236.58742666244507,8.397240127562759,0.0033317941799759863,0.0002762816846370697,0.00012991346418857573
9600,238.30394840240479,8.103660524129138,0.003001159504055977,0.00027352210134267807,0.0001330597326159477
9700,240.00986409187317,7.874841127335295,0.003351612538099289,0.00027379321732691356,0.0001308450209242957
9800,241.71956253051758,8.177055425047497,0.002990471199154854,0.00027572482824325564,0.00013181399554014207
9900,243.42778515815735,8.509491152464966,0.0029819027334451677,0.0002754802256822586,0.0001313646137714386
10000,245.11600971221924,8.49222176402769,0.003353183940052986,0.00027650002390146257,0.00013008926063776016
10100,246.80677390098572,8.449048292874574,0.0029673781991004945,0.00027609024196863176,0.00013096075505018235
10200,248.48507499694824,7.9914094993468225,0.0030003637075424194,0.00027716156095266344,0.0001296796277165413
10300,250.15939354896545,8.52244319379291,0.002992701381444931,0.00027578741312026976,0.00012943197041749953
10400,251.85108375549316,8.613107483088598,0.002982920743525028,0.0002767180278897285,0.0001308312639594078
10500,253.53385066986084,8.315210532545658,0.003845711760222912,0.00027320120483636856,0.00012955907732248306
10600,255.2293632030487,8.250450325905902,0.0029633979499340056,0.00027490213513374327,0.00013057425618171693
10700,256.9289164543152,8.574251359104741,0.0029504822194576265,0.0002759232372045517,0.00013094764202833175
10800,258.6098589897156,8.21591154903135,0.0029977615550160408,0.000273003987967968,0.00012955188751220703
10900,260.3062832355499,8.017313582002732,0.0029891601204872133,0.0002746199071407318,0.00013023633509874345
11000,261.9909944534302,8.427461557387922,0.003277336098253727,0.00027369357645511626,0.00013020094484090806
11100,263.71415519714355,8.31274348318539,0.0033587030534233363,0.00027703292667865756,0.00013181115899767195
11200,265.4032063484192,7.7669074496623045,0.0029722910374403,0.00027556423097848895,0.000130457803606987
11300,267.10651683807373,8.915321780740845,0.0029660702124238015,0.0002761416137218475,0.0001313963532447815
11400,268.7862927913666,8.449048292934505,0.0030016175284981726,0.0002733571082353592,0.00012962710112333298
11500,270.48626589775085,7.779859490990263,0.003266574889421463,0.0002732348069548607,0.00013125956058502198
11600,272.17644715309143,8.064804400145281,0.0029787791147828104,0.00027464896440505983,0.0001308843120932579
11700,273.86302757263184,8.345431962310894,0.0034553308039903642,0.00027568139135837556,0.00013007406145334243
11800,275.59171748161316,8.034582970380054,0.002979133129119873,0.00027567647397518157,0.00013331729918718337
11900,277.2945656776428,8.051852358877287,0.0029770591482520103,0.000275859571993351,0.00013151973485946654
12000,278.98710322380066,7.943918681144326,0.003358343839645386,0.00027313906699419024,0.00013081718236207962
12100,280.6885483264923,8.436096251606557,0.002989926040172577,0.00027478832751512525,0.0001302282139658928
12200,282.39160227775574,8.682185036837687,0.002959540821611881,0.00027533166110515594,0.00013146787881851196
12300,284.0852642059326,8.082073788642496,0.002994583658874035,0.00027845647186040877,0.00013066429644823074
12400,285.8175222873688,8.505173805355648,0.0029797072336077684,0.000273683060492788,0.0001321839275104659
12500,287.5349850654602,8.544029929339514,0.002964097522199154,0.0002761528640985489,0.00013101041316986083
12600,289.2358250617981,8.669232995509727,0.003257191628217697,0.0002752124145627022,0.0001311129704117775
12700,290.9364230632782,8.25908502012454,0.0029589543491601944,0.00027757201343774795,0.00013127591460943222
12800,292.62158203125,8.202959507703401,0.002972714751958847,0.00027633339166641233,0.00012899387627840042
12900,294.32250237464905,8.120929912626359,0.0029948178678750994,0.00027307868003845215,0.00013082534074783326
13000,296.0224597454071,8.116612565517043,0.0029979226738214492,0.0002768362686038017,0.0001306750997900963
13100,297.7363283634186,8.522443193792922,0.0029605524614453316,0.00027486320585012435,0.0001311521977186203
13200,299.44250655174255,8.371336044906847,0.0034423763304948806,0.0002742049098014832,0.00013151664286851884
13300,301.14235854148865,8.32384522670435,0.002976086623966694,0.00027526479214429856,0.00013143222779035568
13400,302.834520816803,8.082073788642495,0.003004792332649231,0.00027524523437023163,0.00013058990240097046
13500,304.5273039340973,8.159786036610212,0.002999609038233757,0.00027302391827106477,0.0001304863765835762
13600,306.21695375442505,8.207276854812715,0.0033733646944165228,0.0002739008516073227,0.00013023212552070617
13700,307.9307713508606,8.328162573873627,0.0033519722893834113,0.0002754392847418785,0.00013150647282600403
13800,309.65380787849426,8.224546243249993,0.0029886311878051077,0.0002766369868602071,0.0001313268978680883
13900,311.33880519866943,7.602848259508217,0.0030036751925945284,0.000274016261100769,0.00013015501201152802
14000,313.04027104377747,8.202959507703401,0.002973850406706333,0.00027432143688201906,0.00013105273246765136
14100,314.74709272384644,7.779859490930305,0.0029769133776426314,0.00027410220354795456,0.00013166796416044235
14200,316.46163272857666,8.259085020124532,0.0029855309054255485,0.0002772911638021469,0.00013265766203403472
14300,318.163370847702,8.233180937468626,0.0032560208067297937,0.00027911908924579623,0.00013175603002309798
14400,319.9217355251312,7.96550541669091,0.0029990856349468233,0.00027211472392082216,0.00013563025742769242
14500,321.7093346118927,8.53539523512088,0.0029594650492072105,0.00027544889599084854,0.00013754576444625856
14600,323.42574548721313,8.272037061392531,0.0029848765581846235,0.0002770870551466942,0.0001323554292321205
14700,325.1296682357788,8.263402367233864,0.0033422931656241417,0.0002765732258558273,0.00013115331530570983
14800,326.8324644565582,8.319527879654991,0.0029589727893471716,0.0002742039039731026,0.00013129211962223053
14900,328.59526538848877,7.909379904269793,0.002980712950229645,0.0002754124253988266,0.0001361894980072975
15000,330.30610489845276,8.362701350748168,0.003819215856492519,0.00027524247765541075,0.0001321461796760559
15100,331.99432611465454,8.332479920982928,0.0030008981004357336,0.00027328263968229294,0.00013035379350185395
15200,333.7118616104126,8.465700929760564,0.0029573962305273326,0.000275517569056579,0.00013140205826078143
15300,335.40559458732605,8.172738077938174,0.002991396151483059,0.0002766116708517075,0.00013056069612503053
15400,337.0965201854706,8.332479920982928,0.0029942412301898003,0.0002736903727054596,0.00013046447187662125
15500,338.7966454029083,8.505173805355648,0.002968879081308842,0.0002753984555602074,0.00013084854930639267
15600,340.5082232952118,8.18569011920618,0.003360130749642849,0.0002756801247596741,0.00013209447264671324
15700,342.2783839702606,8.695137078165644,0.0032390912249684336,0.0002756217122077942,0.0001363091915845871
15800,343.9834358692169,8.379970739185428,0.0029869404435157775,0.00027435950934886935,0.00013144228607416152
15900,345.6830699443817,8.28498910278043,0.00299224354326725,0.0002738795056939125,0.000130942203104496
16000,347.38238286972046,8.328162573873614,0.0034664595872163774,0.0002773549035191536,0.00013133522123098373
16100,349.0909700393677,8.30225849121771,0.0029760656878352167,0.0002756369858980179,0.00013192776590585707
16200,350.80719923973083,8.246132978796593,0.0033448321744799616,0.0002758640050888061,0.00013235103338956833
16300,352.5152111053467,8.509491152464964,0.002981918454170227,0.0002728287875652313,0.00013121839612722396
16400,354.1986918449402,8.164103383659581,0.00299625426530838,0.0002744452655315399,0.00012886308133602142
16500,355.8967878818512,8.302258491217716,0.0029669978097081186,0.0002762841060757637,0.00013087525963783263
16600,357.61305141448975,8.23564800113401,0.00300702551645892,0.0002748013926403863,0.00013105803834540504
16700,359.3714635372162,8.133881953954328,0.0029680341482162475,0.00027766261249780657,0.00013415288180112839
16800,361.0881061553955,8.781484020351993,0.0033230743557214736,0.00027876611799001696,0.00013257618993520737
16900,362.8084819316864,8.310893185436358,0.0034279565513134,0.0002791682630777359,0.00013244323432445526
17000,364.496750831604,8.103660524189086,0.0029867952316999435,0.0002742409333586693,0.00012980762869119645
17100,366.20183992385864,8.116612565517052,0.0029597286507487297,0.0002748993411660194,0.00013170879334211349
17200,367.9058589935303,8.371336044906847,0.0033423910290002823,0.0002765580639243126,0.0001313658058643341
17300,369.5993239879608,8.306575838327019,0.0032754572853446007,0.0002732762321829796,0.0001308988407254219
17400,371.29809403419495,8.431778904437293,0.002988707460463047,0.0002737246453762054,0.00013153258711099625
17500,372.9928071498871,7.913697251379092,0.003016098253428936,0.00027301229536533353,0.000130157470703125
17600,374.70124316215515,8.185690119266129,0.002978466227650642,0.00027484089136123655,0.00013195309787988663
17700,376.40412068367004,8.289306449889756,0.0029823733866214753,0.00027508679777383805,0.0001312078908085823
17800,378.09166526794434,8.103660524189086,0.0029900243505835535,0.0002748827263712883,0.00013075750321149825
17900,379.7827305793762,8.047535011767952,0.0029991768673062326,0.0002727300301194191,0.0001298508793115616
18000,381.5128741264343,8.162253100275626,0.0029505100899509017,0.0002766401427132743,0.00013173162937164308
18100,383.20698142051697,8.211594201922038,0.0029695357009768488,0.00027505941689014434,0.00013052329421043397
18200,384.95985746383667,8.457682987153161,0.0029594672843813894,0.0002759619802236557,0.0001348867267370224
18300,386.66989064216614,8.328162573873614,0.0029819798469543457,0.0002764340862631798,0.00013174448162317276
18400,388.38217782974243,8.2029595077034,0.003372732773423195,0.000274939090013504,0.0001326538622379303
18500,390.07591366767883,8.306575838327024,0.0038582245260477066,0.0002743906155228615,0.00013072837144136428
18600,391.78179931640625,8.29362379693913,0.002945149168372154,0.0002775475382804871,0.0001325366646051407
18700,393.4750225543976,8.263402367233853,0.0029774057492613793,0.0002752408385276794,0.00013068687170743942
18800,395.1760106086731,8.427461557387922,0.002988581955432892,0.0002745017409324646,0.00013150714337825775
18900,396.8714144229889,8.012996234893404,0.003003985695540905,0.0002728310227394104,0.00013097669929265976
19000,398.572993516922,8.388605433344111,0.002987109124660492,0.000274910070002079,0.00013173222541809081
19100,400.2777199745178,8.600155441760643,0.0029728565365076064,0.00027535926550626756,0.0001317177712917328
19200,401.9922444820404,8.427461557387932,0.0029736967757344247,0.0002742388471961021,0.00013184603303670884
19300,403.7017629146576,8.433629202246278,0.003291365637310913,0.00027476177683898376,0.0001308864780834743
19400,405.4193217754364,8.449048292934526,0.0029537587985396384,0.00027618516236543655,0.00013215422630310058
19500,407.1044318675995,8.29794114410839,0.002990091927349567,0.00027733325958251954,0.00012899886816740037
19600,408.80069637298584,8.164103383719537,0.00299583625048399,0.0002732308954000473,0.00013099487870931625
19700,410.50045347213745,8.116612565517043,0.003745941072702408,0.0002750265225768089,0.00013039425015449525
19800,412.20780634880066,8.28930644988976,0.002968050688505173,0.00027606025338172913,0.00013211708515882493
19900,413.92090249061584,8.462000334262477,0.002960006818175316,0.00027696870267391205,0.00013159982860088348
20000,415.6029646396637,7.974140110909546,0.0030117283016443254,0.00027431242167949674,0.00012983504682779313
20100,417.27395820617676,8.280671755671126,0.0029610490798950197,0.000276445634663105,0.00012832745909690857
20200,418.96318316459656,8.233180937468626,0.003361549973487854,0.0002742518112063408,0.0001294567435979843
20300,420.6754643917084,8.431778904437307,0.003328226767480373,0.00027575079351663587,0.0001316530629992485
20400,422.35741114616394,8.133881953954306,0.0030073418095707895,0.00027342475950717924,0.00012994129210710525
20500,424.0420124530792,7.9266492927070535,0.0030074282363057136,0.0002727438136935234,0.0001299517974257469
20600,425.7323215007782,8.354066656469573,0.002968512549996376,0.0002768541872501373,0.0001301192492246628
20700,427.4618077278137,8.073439094423874,0.003255891672202519,0.0002758495190313884,0.0001321705856493541
20800,429.16784834861755,8.414509516059978,0.003355729654431343,0.00027751769870519637,0.00013154417276382447
20900,430.8645975589752,8.48358706980906,0.0029664067551493645,0.00027464818209409713,0.00013082422316074372
21000,432.5556540489197,8.069121747314542,0.002982947453856468,0.0002752136066555977,0.00013033192604780197
21100,434.24151945114136,8.004361540674779,0.0029921916872262953,0.0002739053964614868,0.0001302265003323555
21200,435.9335298538208,8.436096251606566,0.002985353730618954,0.00027492526918649674,0.00013015545904636382
21300,437.6335346698761,8.427461557327979,0.0038334960490465165,0.00027557831257581713,0.0001312563940882683
21400,439.3282263278961,7.879158474504562,0.00298503790050745,0.0002741703763604164,0.00013061877340078354
21500,441.0254578590393,7.905062557160465,0.0029810746386647225,0.000275685116648674,0.00013011671602725984
21600,442.74062991142273,8.414509516059985,0.0029695314541459085,0.00027839817106723786,0.00013193201273679734
21700,444.435747385025,8.004361540674775,0.002999330572783947,0.000273345373570919,0.00013062216341495515
21800,446.13227677345276,8.37997073918543,0.0029843566194176674,0.00027491353452205656,0.0001311616227030754
21900,447.8201687335968,8.047535011767955,0.00299068134278059,0.00027375195175409315,0.0001297413930296898
22000,449.52632999420166,8.272037061392535,0.0029705699905753138,0.00027507584542036057,0.00013178441673517227
22100,451.24319410324097,8.15978603661022,0.0029959657043218614,0.00027432600302355626,0.00013120268072400773
22200,452.9329960346222,7.840302350520705,0.003377917967736721,0.0002761451154947281,0.00012975361198186875
22300,454.623140335083,7.995726846396196,0.002979331016540527,0.0002754566073417664,0.0001298856735229492
22400,456.3260757923126,8.082073788642514,0.0032312950864434244,0.0002753506600856781,0.00013092126697301866
22500,458.0221757888794,8.28930644988976,0.00338020633906126,0.00027416318655014036,0.0001306977868080139
22600,459.71621656417847,8.328162573873623,0.0034311651438474655,0.0002750404551625252,0.00013046059757471085
22700,461.4470953941345,8.548347276448837,0.0029435792937874796,0.00027841035276651385,0.00013222914189100265
22800,463.13610339164734,7.9352839869256915,0.003000919595360756,0.000273735299706459,0.00013005353510379792
22900,464.84208488464355,8.198642160594092,0.002955876551568508,0.0002758651226758957,0.00013114750385284424
23000,466.5325427055359,8.332479920982932,0.0029927973076701165,0.00027370590716600416,0.00013047121465206146
23100,468.22754526138306,8.125247259675728,0.002987149432301521,0.000275115929543972,0.00013033818453550339
23200,469.9157829284668,8.000044193565467,0.002978697009384632,0.0002748161926865578,0.00012916330248117448
23300,471.62121987342834,8.129564606845,0.0029603368043899536,0.00027783803641796113,0.00013093795627355575
23400,473.34410429000854,7.995726846456149,0.003000112846493721,0.00027376268059015274,0.0001327468827366829
23500,475.0720191001892,8.111678466796496,0.0029872222138302667,0.000277523792215756,0.0001325599796005658
23600,476.7547378540039,7.624434995054816,0.0029924534633755683,0.00027299515902996064,0.00012886453419923781
23700,478.46598982810974,8.371336044966794,0.0029878590255975725,0.0002745947614312172,0.0001318105310201645
23800,480.1667990684509,8.492221764027692,0.0032520994171500207,0.0002748873084783554,0.00013089224696159364
23900,481.89206194877625,8.526760540842284,0.003360364995896816,0.0002796797081828117,0.0001337473839521408
24000,483.5984616279602,8.483587069809062,0.0029603501036763193,0.000274883396923542,0.00013204880058765412
24100,485.30824398994446,8.293623796939125,0.0029763698577880858,0.0002751848101615906,0.00013120241463184356
24200,487.0202589035034,8.431778904497255,0.002953873984515667,0.00027723543345928195,0.00013233784586191177
24300,488.71955037117004,8.41882686316929,0.002977803647518158,0.0002742290124297142,0.00013079427182674408
24400,490.4312858581543,8.341114615201574,0.0029857903718948364,0.0002753807231783867,0.00013233054429292679
24500,492.1987795829773,8.284989102780436,0.0029874133318662645,0.0002742861956357956,0.00013693641871213912
24600,493.89658427238464,7.650339077710723,0.0033590345829725265,0.0002749057486653328,0.00013104476034641265
24700,495.58347964286804,8.099343177079767,0.0034770481288433075,0.0002734151855111122,0.0001302984729409218
24800,497.30317211151123,8.13634901761971,0.002980875803955963,0.000274486956851823,0.0001312583844576563
24900,498.9733786582947,8.250450325905886,0.003026356026530266,0.0002732107415795326,0.00012975715100765228
25000,500.66792249679565,8.427461557387932,0.002965019457042217,0.0002754341438412666,0.00013084206730127335
25100,502.39317440986633,8.496539111137011,0.0034492349252104757,0.0002747024223208427,0.0001328476145863533
25200,504.0814673900604,8.090708482861128,0.0030000707879662514,0.0002750400826334953,0.00013102293014526366
25300,505.7874128818512,8.125247259735692,0.002939419485628605,0.0002750052884221077,0.00013144321739673613
25400,507.4931960105896,8.574251359104732,0.003262724243104458,0.00027526929974555967,0.00013145808130502702
25500,509.18673944473267,8.228863590359305,0.0030006032064557077,0.00027652475982904435,0.0001308944821357727
25600,510.8878662586212,8.30657583826708,0.002966502420604229,0.0002777852118015289,0.00013135679066181183
25700,512.5830829143524,8.535395235060925,0.0033662141859531402,0.00027694135904312136,0.00013074781745672225
25800,514.2874207496643,8.159786036610214,0.003375650644302368,0.0002737823873758316,0.00013115111738443375
25900,515.9980936050415,8.48358706980906,0.002977016977965832,0.00027471818029880526,0.00013197898864746092
26000,517.7139575481415,8.759897284805403,0.002962189354002476,0.00027577560395002364,0.00013237927109003067
26100,519.4547038078308,8.405874821841342,0.0029693858325481413,0.0002758529782295227,0.00013482350856065751
26200,521.18687748909,8.069121747314545,0.0029789581948093,0.0002728646195360592,0.00013245808758905955
26300,522.9618928432465,8.107977871298417,0.002948647439479828,0.0002760016173124313,0.00013581883162260054
26400,524.6762907505035,8.302258491217724,0.003332286886870861,0.00027924366295337675,0.00013220299035310746
26500,526.4204208850861,8.38428808629475,0.0033620911464095115,0.0002751225233078003,0.00013515561819076537
26600,528.1072030067444,8.185690119266129,0.003461241461336613,0.00027440454810857774,0.0001305481791496277
26700,529.7894654273987,8.539712582170232,0.0029797060415148735,0.00027436766773462294,0.000129038505256176
26800,531.5391147136688,8.552664623558151,0.00296891774982214,0.0002761025354266167,0.00013396307826042176
26900,533.2892651557922,8.237498284577955,0.0032323368266224863,0.00027563393115997314,0.00013494893908500672
27000,535.0292067527771,8.164103383719542,0.002965339533984661,0.00027530141174793245,0.00013261888176202774
27100,536.7050278186798,8.008678887784093,0.0029999084770679476,0.000273556150496006,0.00012821882963180543
27200,538.413125038147,8.194324813424805,0.00300046730786562,0.0002755114808678627,0.00013147380203008653
27300,540.1097838878632,8.457682987153145,0.0030009959265589713,0.0002749496698379517,0.0001307462900876999
27400,541.8187634944916,8.375653392076119,0.0029717808961868286,0.00027607996016740797,0.00013199366629123687
27500,543.5150325298309,7.965505416690908,0.003017795644700527,0.0002738596498966217,0.00013040751218795776
27600,545.2916083335876,8.122780210315453,0.0029762491743479456,0.00027632747909852435,0.000135325411600726
27700,546.9967052936554,8.056169705986596,0.002986558638513088,0.0002747061476111412,0.0001311565935611725
27800,548.7264084815979,8.880783003806359,0.0032056033611297607,0.000280751995742321,0.0001333862915635109
27900,550.4391467571259,7.935283986925704,0.002967410832643509,0.00027422778308391573,0.00013194352388381958
28000,552.1711764335632,8.280671755671127,0.002973131388425827,0.00027795221656560896,0.00013368073850870133
28100,553.8686990737915,8.375653392076108,0.0030024562776088714,0.0002733292430639267,0.0001306305453181267
28200,555.5727746486664,8.00867888778411,0.003353339843451977,0.0002769221365451813,0.00013115078210830687
28300,560.7490587234497,8.323845226764305,0.0029775553196668626,0.00027466151863336563,0.0006691895425319672
28400,562.4444441795349,8.224546243249982,0.003005763441324234,0.00027411241084337236,0.00013082407414913177
28500,564.1506340503693,8.017313582002735,0.002975076511502266,0.00027418944984674453,0.00013108327984809876
28600,565.8669047355652,7.7669074496622965,0.003397805131971836,0.0002730096876621246,0.0001326984539628029
28700,567.5805404186249,8.379970739185424,0.0034554700925946234,0.00027394507080316546,0.00013201575726270675
28800,569.2748281955719,8.267719714343157,0.002991877309978008,0.00027343634516000746,0.00013114463537931443
28900,570.9952375888824,8.444730945825203,0.0029737816005945207,0.00027560077607631685,0.0001322145015001297
29000,572.7292103767395,7.913697251379112,0.002968875994639737,0.00027707092463970186,0.00013262871652841568
29100,574.4314324855804,8.293623796999075,0.002989204339683056,0.0002753221243619919,0.00013100866228342057
29200,576.1397714614868,8.246132978796577,0.0032730019837617875,0.00027530793100595476,0.00013149026781320572
29300,577.8771235942841,8.43177890449725,0.0029540834948420525,0.0002753113955259323,0.0001342269778251648
29400,579.5780825614929,8.138199301063636,0.0029798713326454162,0.0002769678831100464,0.00013101823627948762
29500,581.2728388309479,8.086391135691867,0.003361656405031681,0.00027420256286859513,0.00013014227151870729
29600,583.0277876853943,8.423144210278611,0.0029931340739130976,0.00027452476322650907,0.0001335052028298378
29700,584.7122852802277,7.723733978569122,0.0029849809780716895,0.00027673669159412385,0.00012944135814905167
29800,586.4119899272919,8.194324813484762,0.0033695164695382116,0.0002752920240163803,0.00013084456324577331
29900,588.1266465187073,8.388605433404067,0.0029901033639907837,0.00027475852519273755,0.00013227924704551698
30000,589.8675000667572,8.384288086234797,0.002989802174270153,0.00027400724589824675,0.00013391610234975815
30100,591.5901370048523,8.315210532545679,0.0034227996692061426,0.0002751167863607407,0.00013259436935186386
30200,593.2992317676544,8.272037061452487,0.0029833460971713066,0.00027392987161874773,0.0001319362223148346
30300,595.0335073471069,8.725975273847197,0.002981974871030875,0.0002742769835250718,0.000130963676742145
30400,596.7244849205017,8.375653392076108,0.002988489530980587,0.00027375992387533186,0.00012910809367895127
30500,598.4376604557037,8.164103383719535,0.003466635160148144,0.0002750508114695549,0.0001317661628127098
30600,600.1319184303284,8.241815631687256,0.003277076296508312,0.000273171104490757,0.00013041719794273376
30700,601.8509929180145,8.384288086294752,0.003340592347085476,0.00027783941477537154,0.0001321141794323921
30800,603.5773916244507,8.293623796999071,0.0029874617606401445,0.00027395561337471006,0.0001334698870778084
30900,605.2924482822418,8.72967585504018,0.002950369082391262,0.00027741212397813797,0.00013200998306274415
31000,606.9897651672363,8.073439094423868,0.0029729222133755683,0.0002751682698726654,0.00013061583042144775
31100,608.7028541564941,8.49653911113701,0.003003077544271946,0.00027492765337228776,0.0001313897594809532
31200,610.3974750041962,7.766907449662301,0.002999405637383461,0.00027385856956243517,0.0001306775212287903
31300,612.1119892597198,8.414509516059981,0.002952695116400719,0.0002751695737242699,0.0001320822536945343
31400,613.8363387584686,8.315210532545663,0.0029703816026449203,0.00027686197310686114,0.00013290777802467347
31500,615.5514855384827,8.021630929112055,0.0029720747470855713,0.00027577530592679976,0.00013218745589256288
31600,617.2477927207947,7.900745209931242,0.0029870316758751868,0.0002761232852935791,0.0001308058202266693
31700,618.9778246879578,8.430545386969667,0.003367178988243852,0.00027379151965890614,0.0001322581086839948
31800,620.7171349525452,8.768531979024043,0.004000844731926918,0.0002756319940090179,0.00013401687145233153
31900,622.4063851833344,8.168420730828851,0.0030093501880764963,0.00027380596846342085,0.0001302408054471016
32000,624.1111896038055,8.030265623330692,0.0029823572933673857,0.000274386964738369,0.0001312103495001793
32100,625.8242437839508,8.88078300380635,0.0029520176351070402,0.0002766639366745949,0.00013188697397708893
32200,627.5389113426208,8.414509516059974,0.00297182559967041,0.0002768844738602638,0.0001322878897190094
32300,629.2451610565186,8.012996234893418,0.0029813339933753014,0.0002771114185452461,0.0001315738633275032
32400,630.949140548706,7.982774805128184,0.0029835126176476477,0.000274810791015625,0.00013103116303682329
32500,632.653692483902,8.185690119266134,0.0034446616098284723,0.0002765033021569252,0.0001309632509946823
32600,634.3390974998474,7.956870722472277,0.003016790226101875,0.0002729858085513115,0.00012964006513357162
32700,636.0352697372437,8.259085020124536,0.0029893733933568003,0.0002757230028510094,0.00013073094189167023
32800,637.7419171333313,8.388605433404068,0.0029722876101732254,0.0002757810801267624,0.00013149183243513107
32900,639.474419593811,8.315210532545663,0.0029698450490832327,0.00027390871196985244,0.00013225089758634568
33000,641.1977548599243,7.9266492926471095,0.0029776743426918983,0.0002749647572636604,0.00013280704617500306
33100,642.9501631259918,7.899511692523576,0.003340611660054752,0.0002756664742316518,0.00013280014906610763
33200,644.641509771347,8.233180937468632,0.0029772698134183885,0.00027780700474977493,0.00012946393340826034
33300,646.338921546936,8.051852358817316,0.0029962688684463503,0.0002745594456791878,0.00013043846935033797
33400,648.048481464386,8.600155441760641,0.003355970270931721,0.00027593284845352174,0.0001315317302942276
33500,649.7618494033813,8.077756441533182,0.0029865455627441405,0.00027444638311862945,0.00013217426836490632
33600,651.4820289611816,8.457682987153161,0.002962475344538689,0.0002782443165779114,0.0001327202469110489
33700,653.2069182395935,8.146833995222323,0.0029672802612185478,0.0002758880704641342,0.00013329513370990753
33800,654.9306507110596,8.708089119493595,0.0037139542773365975,0.00027597177773714066,0.00013237055391073226
33900,656.638069152832,7.8662064331766155,0.0029665330052375794,0.0002747102454304695,0.00013012930750846863
34000,658.3397381305695,7.965505416690922,0.002990492098033428,0.0002746114507317543,0.00013061560690402985
34100,660.0441291332245,8.190007466375445,0.0029905999824404715,0.00027597684413194657,0.00013124145567417145
34200,661.7402894496918,8.297941144108382,0.0029992854967713354,0.00027200128883123395,0.00013115741312503816
34300,663.4416923522949,8.133881953954322,0.002971426546573639,0.0002745526283979416,0.00013105511665344237
34400,665.1362447738647,8.341114615201572,0.003001747503876686,0.00027402572333812714,0.00013031300157308578
34500,666.8559267520905,8.31397701501808,0.002987574833844389,0.00027616257114069804,0.00013169240206480028
34600,668.574232339859,8.05616970598659,0.003756992295384407,0.0002757024019956589,0.00013239417225122452
34700,670.3044109344482,8.073439094423875,0.0029689860716462135,0.0002762572094798088,0.0001331958919763565
34800,672.0143043994904,8.164103383719544,0.002984474524855614,0.00027484770864248274,0.00013189446181058884
34900,673.7191197872162,8.358384003638841,0.002975851930677891,0.00027494426816701887,0.00013148434460163116
35000,675.43497133255,8.345431962310895,0.002954772263765335,0.00027666136622428894,0.00013181723654270171
35100,677.137529373169,8.090708482861144,0.002966286428272724,0.00027477648109197617,0.0001311478391289711
35200,678.9000835418701,8.371336044906839,0.003458651043474674,0.0002751399204134941,0.00013604007661342622
35300,680.5940313339233,8.40587482184133,0.0030076243355870247,0.0002766832709312439,0.00013021063059568406
35400,682.3038990497589,8.392922780513388,0.0029655617475509645,0.0002732640504837036,0.0001313617080450058
35500,684.0093657970428,7.965505416630973,0.0029794968292117118,0.00027479760348796844,0.00013117797672748566
35600,685.7119498252869,8.198642160594082,0.0032641153782606127,0.00027359019964933395,0.00013039208948612213
35700,687.4072821140289,8.280671755671122,0.002987557165324688,0.00027566809207201003,0.0001302039995789528
35800,689.1142275333405,8.358384003638843,0.0029925983026623726,0.0002740804851055145,0.0001312320679426193
35900,690.8534052371979,8.10551082193814,0.0029667928548795836,0.00027599286288022997,0.00013256347072975976
36000,692.5471589565277,8.336797268032296,0.0038552582263946533,0.0002741655334830284,0.00012989509850740432
36100,694.2475788593292,8.03458297044001,0.002975456528365612,0.0002742200344800949,0.0001314767450094223
36200,695.9534482955933,8.483587069809056,0.002990264482796192,0.00027462251484394073,0.0001313081756234169
36300,697.6486797332764,8.297941144048439,0.002980445474386215,0.00027542516589164736,0.00013010017573833466
36400,699.3364233970642,8.293623796999071,0.0033852498605847357,0.00027490250766277314,0.00012974902987480163
36500,701.043927192688,8.215911549031365,0.003255554810166359,0.00027594279497861863,0.000130939781665802
36600,702.7363471984863,8.306575838327033,0.0029712633043527605,0.0002750781923532486,0.00013000786304473877
36700,704.4855885505676,8.388605433404067,0.0029666122421622278,0.00027523919939994814,0.00013333361595869065
36800,706.2044560909271,8.272037061452487,0.002975773401558399,0.000277634859085083,0.00013196371495723724
36900,707.9080123901367,8.211594201922036,0.0029839947447180748,0.00027502350509166717,0.00013050459325313567
37000,709.6154291629791,8.185690119266129,0.0029874121397733687,0.0002741190791130066,0.00013162851333618165
37100,711.330570936203,8.33247992098294,0.002972756139934063,0.0002743535488843918,0.0001319163292646408
37200,713.0731022357941,8.60138897359334,0.0029652636870741845,0.00027733455279043746,0.00013308787984507423
37300,714.7860760688782,8.375653392076119,0.002962852343916893,0.0002737177535891533,0.0001319010555744171
37400,716.4740278720856,8.289306449889752,0.0032679231092333796,0.00027439989149570466,0.00012897863984107972
37500,718.1928703784943,8.807388103007893,0.0034604815021157267,0.00027492389082908633,0.0001323018968105316
37600,719.8990528583527,8.522443193792917,0.0029822205379605293,0.00027711566537618636,0.0001314762607216835
37700,721.6018841266632,8.129564606785046,0.0029807042703032492,0.00027376193553209306,0.00013139959424734115
37800,723.3101963996887,7.935283986925693,0.0029912785440683364,0.00027317553758621216,0.0001317470148205757
37900,725.0389220714569,8.038900317549329,0.00297521959990263,0.0002775747328996658,0.00013259511440992357
38000,726.7311911582947,8.103660524129133,0.0030065016821026803,0.0002745840325951576,0.00013038419187068938
38100,728.4254598617554,7.922331945597739,0.0033607161417603493,0.00027383454144001005,0.0001302928850054741
38200,730.140730381012,8.613107483088596,0.0029756458103656768,0.00027570273727178573,0.00013277553021907808
38300,731.8647956848145,8.211594201922045,0.0029731525480747225,0.00027863789349794385,0.0001331276074051857
38400,733.5733346939087,8.518125846683597,0.0029874052852392197,0.0002740490436553955,0.0001314757764339447
38500,735.2774350643158,7.943918681144339,0.0033596695214509966,0.00027596041560173034,0.00013114184141159059
38600,737.0292236804962,8.309659667908779,0.002967696519834655,0.0002752477090273585,0.00013383191078901292
38700,738.7396030426025,7.9396013340350216,0.0034506480023264886,0.0002773471921682358,0.00013143979012966155
38800,740.4469704627991,8.142516648172954,0.003372183032333851,0.0002762360870838165,0.00013104274868965148
38900,742.1553208827972,8.112295218407729,0.0029809483885765075,0.00027517832815647124,0.00013136740773916244
39000,743.8862042427063,8.319527879654986,0.0033572671562433244,0.0002766554430127144,0.00013308025896549225
39100,745.6356143951416,8.449048292934528,0.0029630133509635924,0.0002760813012719154,0.00013404741883277894
39200,747.4267790317535,8.021630929112053,0.002975296601653099,0.0002742732688784599,0.00013831820338964463
39300,749.1443135738373,7.775542143820988,0.0029868873953819274,0.00027696967124938963,0.00013242945075035096
39400,750.854413986206,8.591520747542003,0.00297481220215559,0.00027443993836641313,0.00013166550546884538
39500,752.5495359897614,8.341114615141606,0.0029935616627335547,0.000273878313601017,0.00013044554740190506
39600,754.2385771274567,8.397240127622704,0.003259299099445343,0.00027323324233293535,0.0001290857419371605
39700,755.9409666061401,8.09502582997046,0.002973332367837429,0.00027398187667131423,0.00013069558888673783
39800,757.6521241664886,7.80576357364616,0.0029928074404597283,0.0002760748565196991,0.00013148907572031022
39900,759.3687989711761,8.13819930106364,0.0029698577895760536,0.00027432125061750413,0.00013205263763666153
40000,761.1127367019653,8.600155441760636,0.0029719847600374904,0.0002747156364577157,0.00013275488678898131
40100,762.8094191551208,8.259085020124523,0.0030033744126558306,0.00027487102895975115,0.00013017352670431138
40200,764.6206607818604,8.263402367173905,0.0029528794810175897,0.00027634527534246443,0.00013879530131816865
40300,766.3988809585571,8.125247259735685,0.0034396368265151977,0.0002738912031054497,0.00013619687408208847
40400,768.1747426986694,8.43177890449725,0.003359132260084152,0.00027667809277772906,0.00013617929071187972
40500,769.9239792823792,8.120929912566412,0.0029777031764388084,0.0002754604443907738,0.00013478942215442658
40600,771.6168384552002,8.45768298715314,0.0030031412094831465,0.00027553770691156386,0.00013033706694841384
40700,773.3339295387268,8.077756441533191,0.0032623140141367912,0.0002752983942627907,0.00013224720954895018
40800,775.0480680465698,8.453365640043843,0.002960198186337948,0.00027734920382499695,0.00013180267065763474
40900,776.7114157676697,8.423144210278608,0.0029791127890348434,0.00027326364070177076,0.0001279919221997261
41000,778.4182734489441,8.146833995282266,0.0029879720136523247,0.00027495019137859346,0.00013179372996091843
41100,780.1389465332031,7.861889086067299,0.002962976433336735,0.0002771652862429619,0.00013282302767038347
41200,781.8489246368408,8.168420730828855,0.0029881316050887107,0.00027467504143714906,0.0001315734162926674
41300,783.5527079105377,8.392922780513372,0.0030062186345458032,0.0002721983194351196,0.00013113945722579957
41400,785.3004460334778,8.548964042365176,0.0033678122077669416,0.0002744366547891072,0.0001328310849411147
41500,787.0245604515076,7.810080920755471,0.003008077144622803,0.0002735799923539162,0.00013274546712636946
41600,788.7339055538177,8.63037687152587,0.002953258864581585,0.000276164710521698,0.00013190452009439468
41700,790.486979007721,7.848937044739335,0.0029862258955836297,0.00027524184435606,0.00013616234064102174
41800,792.1883902549744,8.194324813484759,0.0036729488149285314,0.0002733384072780609,0.00013052474707365036
41900,793.9122910499573,8.639011565744502,0.002978345192968845,0.0002769838273525238,0.00013223420828580856
42000,795.629917383194,8.483587069809058,0.0029684025049209594,0.0002750979363918304,0.00013195022940635682
42100,797.3476128578186,8.354066656529518,0.002990133948624134,0.00027340486645698546,0.00013245318084955214
42200,799.1119050979614,8.323845226704345,0.0038440356776118277,0.00027542147785425186,0.00013670805841684342
42300,800.7997555732727,8.362701350748157,0.0029809166491031646,0.00027422010898590086,0.00013009104877710343
42400,802.5469739437103,8.17705542504751,0.0029568949714303015,0.0002747802436351776,0.0001341201364994049
42500,804.3086895942688,8.466317681371788,0.0029779211059212684,0.00027820248156785966,0.00013605348765850068
42600,806.0557479858398,8.284989102720491,0.0029767681285738944,0.00027706738561391833,0.00013499174267053604
42700,807.8091588020325,8.455215937792886,0.002958007289894989,0.00027598693966865537,0.00013420410454273224
42800,809.5197720527649,8.349749309420197,0.002995785437524319,0.0002740209922194481,0.0001314667612314224
42900,811.2343893051147,8.16410338371954,0.0029950403049588204,0.0002738438919186592,0.0001322111487388611
43000,812.9251537322998,8.181372772036902,0.0029893624782562256,0.000274624191224575,0.00013042565435171128
43100,814.6263978481293,8.604472788869957,0.002976837642490864,0.00027394060045480726,0.00013053853064775466
43200,816.3212113380432,8.129564606844996,0.0029797714576125147,0.0002737664058804512,0.00013058871030807495
43300,818.0508704185486,8.263402367233859,0.0029670623317360877,0.00028082646429538726,0.00013091206550598145
43400,819.7520046234131,8.017313582002735,0.002985515780746937,0.00027453500777482984,0.0001301947981119156
43500,821.4530401229858,8.237498284577951,0.0029701273515820503,0.0002760888636112213,0.00013130009174346923
43600,823.1467795372009,8.181372772156804,0.0030117426067590714,0.00027418173849582674,0.00013026461005210876
43700,824.8595023155212,8.263402367233846,0.003377426452934742,0.0002754431217908859,0.00013088759034872056
43800,826.5896356105804,8.526760540902247,0.002951040305197239,0.000276082456111908,0.00013273850083351136
43900,828.3102366924286,8.34974930942022,0.004087423421442509,0.00027660395950078963,0.00013220269232988357
44000,830.0100743770599,7.978457458018872,0.002995079979300499,0.00027324464172124864,0.00013075262308120727
44100,831.7565643787384,8.496539111137023,0.002950206819389548,0.0002764967562896865,0.0001332858417715345
44200,833.4679775238037,8.168420730828858,0.003271176889538765,0.00027460504323244093,0.00013147819787263872
44300,835.1843371391296,8.302258491217707,0.0029966482892632485,0.000274522565305233,0.00013217166066169738
44400,836.8477363586426,8.15978603661022,0.0029878397285938263,0.0002748560905456543,0.00012773390859365462
44500,838.5536935329437,8.155468689500905,0.0029761385917663574,0.00027514852583408354,0.00013142742216587066
44600,840.2787055969238,7.710781937181223,0.0029682448506355287,0.0002750219404697418,0.00013271022588014602
44700,841.9889018535614,8.060487053095919,0.002968443259596825,0.00027675069868564605,0.0001315964385867119
44800,843.6970541477203,8.33679726809225,0.003466382473707199,0.00027677591890096665,0.00013180848211050033
44900,845.4189026355743,7.952553375362976,0.0029638250544667243,0.00027548570185899736,0.00013253871351480483
45000,847.1349258422852,8.215911548971393,0.0033885517716407774,0.0002754170447587967,0.00013165328651666643
45100,848.8582293987274,8.22022889614069,0.0029258524253964425,0.0002763749659061432,0.00013262372463941575
45200,850.5669348239899,8.341114615201562,0.0029893099144101144,0.0002734396979212761,0.00013109013438224792
45300,852.2757387161255,8.27203706145249,0.0033714824169874193,0.00027486488223075865,0.00013179216533899308
45400,853.9947855472565,8.21591154903136,0.0029811038449406623,0.0002753943204879761,0.00013218842446804046
45500,855.7314202785492,7.935283986925709,0.0029709114826151307,0.00027558328849928716,0.00013267542102507183
45600,857.4482421875,8.483587069809062,0.002960068881511688,0.0002764809504151344,0.00013226065784692763
45700,859.1514685153961,8.319527879654979,0.002984962798655033,0.0002733059227466583,0.00013133116066455842
45800,860.8551020622253,8.310893185436354,0.002966965101659298,0.0002755837142467499,0.00013107098639011383
45900,862.564314365387,8.345431962310894,0.0032457975298166276,0.0002750846743583679,0.00013096075505018235
46000,864.254495382309,8.466317681311818,0.0033938318118453027,0.0002747763693332672,0.00012972608208656312
46100,865.9549083709717,8.237498284577944,0.0029929670691490173,0.00027550667524337767,0.00013075649738311768
46200,867.6809589862823,8.038900317549322,0.0029625528305768966,0.0002737663313746452,0.00013327199965715408
46300,869.3927826881409,8.077756441533182,0.0029983675107359887,0.0002733992040157318,0.00013189349323511123
46400,871.1138820648193,8.09934317701983,0.003438607379794121,0.0002759535238146782,0.0001323411986231804
46500,872.8394010066986,8.099343177079781,0.0029729027673602105,0.0002739720419049263,0.00013308193534612657
46600,874.5624632835388,7.7669074496623,0.003384297490119934,0.0002742701768875122,0.00013204559683799744
46700,876.293121099472,8.047535011767962,0.0029893042519688606,0.00027477916330099106,0.00013367384672164918
46800,877.9892446994781,8.336797268092251,0.00298885777592659,0.00028011512011289597,0.00012948568910360337
46900,879.7306430339813,8.375653392076119,0.0029843726434877938,0.00027494770607778,0.00013283438448395048
47000,881.4337737560272,8.172738077938178,0.0029837314411997797,0.00027375571429729464,0.00013057228177785875
47100,883.2454769611359,8.250450325905906,0.003251447044312954,0.0002751418948173523,0.00013799846172332764
47200,885.035147190094,7.844619697570078,0.0038343071937561035,0.000276925191283226,0.00013655439019203186
47300,886.7568938732147,8.099343177079765,0.0029914039000868797,0.00027465548366308214,0.000133097805082798
47400,888.4699349403381,8.634694218635188,0.0029500342160463334,0.0002757008746266365,0.00013173148036003113
47500,890.1752889156342,8.207276854812712,0.0030012203380465506,0.0002739517018198967,0.00013122085481882096
47600,891.8895943164825,8.31089318543635,0.002976929321885109,0.0002763232961297035,0.000131976418197155
47700,893.5955727100372,7.866206433176609,0.002985591217875481,0.0002760830894112587,0.00013090014457702636
47800,895.3176386356354,8.155468689500918,0.0029610615968704225,0.0002778948098421097,0.00013206504285335542
47900,896.9893779754639,8.151151342391591,0.0029760822281241417,0.00027541112154722214,0.0001280771568417549
48000,898.6829147338867,8.159786036610216,0.0033834582567214967,0.0002730979397892952,0.0001301989331841469
48100,900.4270696640015,7.905062557100522,0.002956326864659786,0.0002756231278181076,0.00013415995985269547
48200,905.6114590167999,8.086391135751818,0.0029993966807212147,0.00027308060654572075,0.0006677739002874919
48300,907.3169136047363,8.67355034261905,0.0032456714659929277,0.0002797017619013786,0.0001317402347922325
48400,909.0173854827881,7.840302350520704,0.0029691222310066225,0.00027719426900148393,0.0001305951178073883
48500,910.7213516235352,8.431778904497243,0.002979414537549019,0.0002747950330376625,0.00013080377131700517
48600,912.4220130443573,8.06048705309591,0.0030013996362686156,0.0002718510851264,0.0001305234432220459
48700,914.1232116222382,8.28498910278043,0.0030065325275063517,0.0002742043137550354,0.00013129401952028275
48800,915.8501360416412,8.060487053095908,0.0029955726489424707,0.0002738279849290848,0.00013111382722854614
48900,917.5961935520172,8.889417698024983,0.0034398581087589264,0.0002763009071350098,0.0001331270858645439
49000,919.2941203117371,8.362701350688202,0.0030011649429798125,0.0002740948274731636,0.00013010520488023757
49100,920.9957187175751,8.259085020124536,0.0029779579117894172,0.0002738744392991066,0.0001304534077644348
49200,922.7048659324646,8.354066656529529,0.002964657433331013,0.00027554910629987715,0.00013193700462579727
49300,924.4000179767609,7.663291119038669,0.002995086647570133,0.0002747800946235657,0.00013040225952863692
49400,926.1264152526855,8.440413598715892,0.002952142246067524,0.0002758181840181351,0.0001325845718383789
49500,927.8501906394958,8.746945243477454,0.003719449117779732,0.00027751769870519637,0.00013103369623422621
49600,929.5868949890137,7.719416631459809,0.0029744163261992583,0.0002747469874364989,0.00013281603476830887
49700,931.2960214614868,8.2763544085618,0.003376372642815113,0.00027353674173355105,0.0001313399523496628
49800,932.9998400211334,7.654656424820038,0.0034668106213212014,0.0002754586562514305,0.00013139359652996062
49900,934.6975672245026,8.263402367173892,0.003266206718981266,0.0002755143120884895,0.0001299991086125374
50000,936.4253182411194,8.487904416858425,0.0029881551861763002,0.00027515046298503876,0.0001327519491314888
50100,938.1408870220184,8.22454624324999,0.0029699402675032616,0.00027408163994550703,0.00013176977634429932
50200,939.8501036167145,8.133881953954315,0.002979990020394325,0.0002751333266496658,0.00013132870197296142
50300,941.5595395565033,7.95255337536297,0.0029821620509028436,0.0002770523354411125,0.0001311500370502472
50400,943.2781229019165,8.505173805355646,0.002979301027953625,0.0002747619524598122,0.00013085462152957915
50500,945.0370142459869,8.22022889614067,0.0029778435081243516,0.0002723512053489685,0.00013454265892505645
50600,946.7505240440369,8.194324813484771,0.002969214841723442,0.00027671530842781066,0.00013159699738025666
50700,948.4671552181244,8.84192687988244,0.0029790027812123298,0.0002767481654882431,0.00013190098106861115
50800,950.1747288703918,8.34111461520157,0.0033534862846136093,0.0002748053148388863,0.00013124044984579085
50900,951.9103701114655,8.323845226764304,0.002971740812063217,0.00027605429291725157,0.00013371571898460389
51000,953.6453177928925,8.00436154067478,0.00299216237451349,0.0002770975498216493,0.00013192722839968548
51100,955.394811630249,8.194324813424817,0.0029732457175850866,0.00027580320835113526,0.0001338794082403183
51200,957.0926966667175,8.202959507703397,0.0034480045363307,0.0002738111466169357,0.00012947484850883484
51300,958.837459564209,8.082073788642505,0.0029652462527155875,0.0002748790755867958,0.00013415869325399398
51400,960.5377576351166,8.505173805355646,0.002989073097705841,0.00027621258050203323,0.0001305234432220459
51500,962.255845785141,8.086391135751827,0.0033747314661741255,0.00027467593550682066,0.00013244211673736574
51600,964.0095338821411,8.28498910278045,0.0032410989329218864,0.00027544792741537096,0.00013560466468334197
51700,965.7324113845825,8.354066656529529,0.002980310320854187,0.00027651019394397735,0.00013195030391216278
51800,967.4475374221802,8.107977871298404,0.0033733196556568145,0.0002731733396649361,0.00013128992170095445
51900,969.1563217639923,8.185690119206173,0.0029850177466869353,0.0002751067280769348,0.00013093359768390656
52000,970.8612132072449,8.090708482861146,0.0029694024100899697,0.0002767857536673546,0.00013088010251522064
52100,972.555826663971,8.367018697857468,0.0029931425675749778,0.0002750613912940025,0.0001299804449081421
52200,974.2836589813232,8.146833995282266,0.0030017608404159547,0.0002743726968765259,0.0001336103677749634
52300,976.0107553005219,8.194324813484776,0.0029552503302693366,0.00027527105063199995,0.00013245373964309692
52400,977.7502629756927,8.26957001209221,0.002975240818091801,0.0002761268456067358,0.00013245373964309692
52500,979.4504187107086,8.10797787123845,0.002983094938099384,0.0002733168378472328,0.000130540207028389
52600,981.1528425216675,8.077756441473225,0.0029877373576164246,0.0002749764174222946,0.00013141501694917678
52700,982.8796615600586,8.48358706980906,0.0029788453876972197,0.00027393579483032227,0.00013290490955114364
52800,984.6663446426392,8.129564606845001,0.0033599108457565306,0.0002751527354121208,0.00013687372207641602
52900,986.3773488998413,8.224546243249987,0.0032590949907898904,0.00027418173849582674,0.00013151045888662338
53000,988.0813934803009,7.87915847450456,0.003008863963186741,0.000273975171148777,0.00012978013604879378
53100,989.7901151180267,8.168420730828847,0.0033957261964678766,0.00027376282960176466,0.0001310998201370239
53200,991.4988670349121,8.315210532545663,0.003009398281574249,0.00027383133769035337,0.00013097982853651046
53300,993.2212288379669,8.155468689500914,0.0029630094394087793,0.00027622926980257033,0.000132196843624115
53400,994.9256160259247,8.505173805355644,0.002971196398139,0.0002774805948138237,0.00013047121465206146
53500,996.6591036319733,8.664915648400418,0.002966969907283783,0.0002775776758790016,0.00013281188905239105
53600,998.4180505275726,8.159786036610232,0.003426658771932125,0.000276506096124649,0.0001349889487028122
53700,1000.1393752098083,8.410192168950667,0.002962040975689888,0.0002756177634000778,0.00013155762106180192
53800,1001.8869705200195,8.336797268092253,0.0029794712045363016,0.00027904490275042394,0.00013368146760123117
53900,1003.6003143787384,8.513808499574283,0.0029757069423794746,0.0002737912908196449,0.00013182707130908965
54000,1005.3147611618042,8.418826863169286,0.002999287247657776,0.00027410779148340225,0.0001302623748779297
54100,1007.0546979904175,8.077756441533188,0.0034489790722727776,0.0002758588641881943,0.00013356998562812805
54200,1008.749205827713,7.930966639816367,0.0033853038027882574,0.00027275439351797103,0.00013066701591014863
54300,1010.4741840362549,8.323845226764298,0.002979304976761341,0.00027493588626384733,0.0001327870786190033
54400,1012.1837351322174,8.341114615201565,0.003376697413623333,0.000274314321577549,0.00013150878250598908
54500,1013.8943185806274,8.172738077938174,0.0029873351007699968,0.0002739210054278374,0.00013141464442014694
54600,1015.6004257202148,8.086391135691862,0.002992024943232536,0.00027512986212968827,0.0001314603164792061
54700,1017.2794444561005,8.651963607072458,0.002962964177131653,0.00027676019817590714,0.00012883372604846955
54800,1018.9972116947174,8.047535011767968,0.0032331515103578568,0.0002756853774189949,0.00013203926384449004
54900,1020.7133438587189,8.26771971428322,0.0029639145731925965,0.000277249775826931,0.00013174265623092652
55000,1022.429429769516,8.332479920982939,0.002962620556354523,0.0002750081941485405,0.00013228651136159897
55100,1024.166420698166,8.024714758693799,0.0029773103658642087,0.00027527754328080585,0.00013273254036903382
55200,1025.875108718872,8.600155441760634,0.0034544002264738083,0.00027453914284706113,0.00013112042099237443
55300,1027.5834724903107,8.082073788642504,0.002980845496058464,0.00027599122375249863,0.00013113610446453095
55400,1029.284895658493,8.345431962310887,0.003001740090548992,0.0002732508257031441,0.0001307561621069908
55500,1030.9897723197937,8.03026562327074,0.002961159162223339,0.00027614064514636994,0.00013047534972429275
55600,1032.7222981452942,8.056169705986594,0.003376818709075451,0.00027422893792390825,0.00013333003968000413
55700,1034.4643995761871,8.323845226764309,0.002970113344490528,0.0002754730731248856,0.00013403132557868958
55800,1036.1960747241974,8.146833995282277,0.0029801129549741744,0.000276154987514019,0.0001330210641026497
55900,1037.912790298462,8.211594201922038,0.002974979728460312,0.0002759966254234314,0.00013176411390304567
56000,1039.6309340000153,8.263402367233851,0.0033435573428869246,0.000274459682404995,0.00013155642896890642
56100,1041.3300149440765,8.172738077938178,0.0029799908027052877,0.00027830552309751513,0.0001298767328262329
56200,1043.046638250351,8.03026562327072,0.0030155919864773752,0.0002732713520526886,0.00013130463659763336
56300,1044.7573161125183,8.250450325905886,0.0030004561319947245,0.00027448870241642,0.00013087712228298186
56400,1046.476937532425,8.48790441691838,0.003245188519358635,0.0002753373235464096,0.00013190504163503646
56500,1048.236908197403,8.535395235120877,0.0029681369609066417,0.00027449050119944985,0.00013230195535080772
56600,1049.9709572792053,8.626059524416544,0.003364684134721756,0.0002751586958765984,0.00013278108090162278
56700,1051.7022564411163,8.59152074748205,0.002972289137542248,0.00027576129883527756,0.0001331309974193573
56800,1053.4588975906372,7.991409499346823,0.003863341845571995,0.00027428776025772094,0.0001341262087225914
56900,1055.1754434108734,8.427461557387932,0.002967791222035885,0.00027643457055091857,0.000131404772400856
57000,1056.8859927654266,8.358384003638845,0.0029763214662671088,0.000275188647210598,0.00013159684836864472
57100,1058.6037755012512,8.103660524189099,0.0029560396075248717,0.00027457956224679947,0.00013172127306461336
57200,1060.310628414154,8.319527879654975,0.003009581230580807,0.0002740614488720894,0.00013082966208457947
57300,1062.0422434806824,8.224546243249995,0.002967371456325054,0.0002748299762606621,0.0001324256882071495
57400,1063.7518103122711,8.4188268631693,0.0029740402102470397,0.00027734190225601194,0.00013092439621686935
57500,1065.5124497413635,7.697829895913226,0.002980676703155041,0.0002754274383187294,0.000133407860994339
57600,1067.2982420921326,8.168420730768899,0.0032627904042601586,0.0002752785384654999,0.00013790134340524674
57700,1069.0218198299408,7.79281153231821,0.00297991618514061,0.00027648743242025375,0.000132729671895504
57800,1070.7387824058533,8.436096251606564,0.0029669208824634552,0.0002751106768846512,0.00013187389820814132
57900,1072.4722530841827,8.275737656950565,0.002978248468467167,0.00027334363865000864,0.00013199153755392347
58000,1074.1890609264374,7.732368672787764,0.0029909846931695937,0.0002745848149061203,0.00013238858431577683
58100,1075.8972146511078,8.159786036610221,0.0033766750618815424,0.00027642622590065005,0.00013121284544467926
58200,1077.5841817855835,8.241815631687267,0.0029681443050503732,0.00027512576431035994,0.00012961827218532562
58300,1079.325668811798,8.086391135751832,0.0032481471076607703,0.0002749105915427208,0.0001338290050625801
58400,1081.0535345077515,8.289306449889757,0.00297811359167099,0.00027594834566116336,0.000132795087993145
58500,1082.7822449207306,8.850561574041128,0.002971704974770546,0.0002766375616192818,0.00013289730995893478
58600,1084.496535539627,8.09070848286113,0.002999405674636364,0.0002743978425860405,0.00013205360621213914
58700,1086.2147989273071,7.684877854585259,0.002977137975394726,0.00027310412377119065,0.0001321018859744072
58800,1087.9310925006866,8.388605433404063,0.002994261011481285,0.00027384553104639056,0.0001321277394890785
58900,1089.6489753723145,7.94823602825365,0.0029737478494644165,0.0002755194157361984,0.0001320330798625946
59000,1091.3726527690887,8.462000334262473,0.0029504473879933355,0.0002781932055950165,0.00013189461082220078
59100,1093.0849771499634,8.509491152405007,0.003449221961200237,0.00027623612433671954,0.00012998096644878387
59200,1094.8037219047546,7.8100809207554835,0.0033614449203014374,0.0002753319591283798,0.0001318242773413658
59300,1096.549439907074,8.348515791832675,0.002996248874281134,0.00027512511504547936,0.00013232830379690443
59400,1098.2750833034515,8.056169705986592,0.003354540504515171,0.0002767881378531456,0.000132126584649086
59500,1100.0070979595184,8.099343177019822,0.002974853776395321,0.0002751410752534866,0.00013249725103378296
59600,1101.7491011619568,8.436096251606566,0.0033502510935068132,0.00027392704039812086,0.00013373013585805894
59700,1103.4731104373932,8.293623796999078,0.002982177585363388,0.0002764345332980156,0.00013179317116737365
59800,1105.2986469268799,8.060487053095908,0.0029952974990010263,0.00027505695819854734,0.0001392325758934021
59900,1107.000797510147,7.883475821613874,0.003000810593366623,0.0002739246189594269,0.00013097215443849563
60000,1108.7510905265808,8.548347276448828,0.003252303563058376,0.0002743756026029587,0.00013514965772628784
60100,1110.4797549247742,8.215911549031345,0.0029991544410586358,0.0002737121656537056,0.0001324566826224327
60200,1112.200718164444,8.064804400205237,0.002957794815301895,0.00027590479701757433,0.0001322975382208824
60300,1113.921202659607,8.064804400205238,0.0029640501365065576,0.00027548644691705704,0.0001320023089647293
60400,1115.7159399986267,8.47063502848111,0.002972097173333168,0.00027537092566490176,0.00013481270521879197
60500,1117.4178512096405,8.259085020124528,0.003461737185716629,0.00027275916188955305,0.00013063210994005204
60600,1119.160155057907,8.198642160594092,0.003451592129256044,0.00027921735176018305,0.0001329965623361724
60700,1120.8723495006561,8.047535011767964,0.0029743019491434096,0.00027592793107032775,0.00013137634843587875
60800,1122.5764486789703,7.857571738957973,0.002987672351300716,0.0002732810378074646,0.00013087015599012376
60900,1124.2821991443634,8.2979411441084,0.0029740168899297713,0.00027494218200445174,0.00013105612248182297
61000,1125.991660118103,8.444730945825192,0.002991153486073017,0.0002740659937262535,0.00013030331581830978
61100,1127.7022705078125,8.453365640043831,0.002982858270406723,0.0002735939621925354,0.00013134155422449113
61200,1129.4252996444702,8.14683399528227,0.0029931874573230744,0.00027499716728925707,0.00013191141188144683
61300,1131.1332659721375,7.9050625571604725,0.00297430794686079,0.0002770333364605904,0.00013080134987831116
61400,1132.8518147468567,8.647646259903178,0.0033673396706581115,0.00027824927121400834,0.0001318054646253586
61500,1134.5527584552765,8.1554686895009,0.0030082060024142266,0.00027406848967075347,0.00013049818575382231
61600,1136.2712333202362,8.345431962250936,0.0029722996056079864,0.00027502261102199557,0.00013100020587444305
61700,1138.0094766616821,8.246132978796593,0.0029326648637652396,0.0002765202522277832,0.00013196058571338654
61800,1139.7231721878052,8.522443193792924,0.0036364540457725523,0.00027661938220262526,0.0001314457505941391
61900,1141.437177181244,7.939601334035019,0.0029731402173638344,0.0002745037153363228,0.00013152960687875747
62000,1143.2418985366821,8.529227604567629,0.002992052010127476,0.00027696712740830014,0.00013702287205627988
62100,1144.961312532425,7.978457458018876,0.0029900513216853143,0.00027519822120666506,0.0001321152225136757
62200,1146.7120399475098,8.151151342391602,0.0029383866116404534,0.00027671761810779574,0.00013500772416591645
62300,1148.4158911705017,8.01299623489341,0.003004678413271904,0.00027396127581596374,0.0001310311257839203
62400,1150.1333606243134,8.237498284577946,0.0032582155615091322,0.00027834802865982054,0.00013166569173336028
62500,1151.8414568901062,7.97845745801887,0.002989213988184929,0.0002741135656833649,0.00013075415045022966
62600,1153.5689842700958,8.457682987153149,0.003358864150941372,0.00027498334646224975,0.00013093803077936174
62700,1155.2917175292969,8.047535011767952,0.002994816452264786,0.0002733423188328743,0.00013153068721294403
62800,1157.0101771354675,8.319527879654983,0.0033693521842360495,0.00027460090816020964,0.00013161461800336837
62900,1158.7328534126282,8.608790135979278,0.0029783597961068153,0.00027476459741592406,0.0001315731555223465
63000,1160.4468924999237,7.922331945597747,0.003435690775513649,0.0002745462581515312,0.00013148680329322815
63100,1162.1843888759613,7.870523780285937,0.002975376658141613,0.0002754212915897369,0.00013363540172576905
63200,1163.9035818576813,7.922331945597753,0.0029623967036604883,0.0002760925143957138,0.00013245433568954469
63300,1165.655502319336,8.388605433284155,0.002985142506659031,0.00027470666915178297,0.00013439722359180452
63400,1167.419404745102,8.36331811666451,0.0029768042426024164,0.00027428077799933294,0.00013390338846615383
63500,1169.1505951881409,8.24613297879658,0.0029766492545604704,0.0002744675055146217,0.0001325993612408638
63600,1170.8687777519226,8.487904416858429,0.002974356561899185,0.000277974009513855,0.00013191215693950654
63700,1172.5981607437134,8.384288086294756,0.0034366950392723085,0.0002760251984000206,0.00013201553374528885
63800,1174.3233108520508,8.457682987093195,0.0032457898929715155,0.00027635686099529265,0.00013227801769971848
63900,1176.0221161842346,8.051852358877278,0.0029919232800602914,0.00027529582381248475,0.0001297849789261818
64000,1177.7483513355255,8.509491152464967,0.0029787172377109526,0.000275062695145607,0.00013227924704551698
64100,1179.47199177742,8.660598301291094,0.0029603511095046995,0.00027700837701559065,0.0001323072612285614
64200,1181.1811509132385,8.224546243249982,0.003003578782081604,0.000274244137108326,0.00013070914894342423
64300,1182.9078571796417,8.613107483088589,0.0030058537051081656,0.0002755558118224144,0.00013164963573217392
64400,1184.6019308567047,8.250450325905897,0.003367633447051048,0.00027379147708415984,0.00013033431023359298
64500,1186.3463990688324,8.40587482184133,0.00298832792788744,0.0002741646021604538,0.00013268928974866868
64600,1188.0818498134613,7.654656424820043,0.002969796396791935,0.0002736624330282211,0.0001337737962603569
64700,1189.7994816303253,8.17705542504749,0.002995140291750431,0.0002752409130334854,0.00013188201934099197
64800,1191.546692609787,8.151768108307932,0.003366296669202192,0.0002742577237742288,0.00013283359152930124
64900,1193.2694597244263,8.522443193792922,0.0029866297543048857,0.00027358662337064745,0.00013189800083637237
65000,1194.9771659374237,8.017313582002735,0.0029774929210543634,0.0002764248847961426,0.00013073936104774476
65100,1196.6634912490845,8.151151342391584,0.0029969416558742524,0.00027518339455127715,0.00012880250811576845
65200,1198.3691575527191,8.354066656529525,0.0029679863154888153,0.00027568865567445755,0.00013058628886938094
65300,1200.0831091403961,8.431778904497236,0.002982824668288231,0.0002771851792931557,0.00013132262974977494
65400,1201.8050782680511,8.496539111137018,0.0029628796875476836,0.00027532048523426055,0.00013179011642932892
65500,1203.5071017742157,7.4431064164634595,0.0029937444254755975,0.000273468941450119,0.0001305750012397766
65600,1205.2155466079712,7.8403023505206955,0.002991104796528816,0.0002742314338684082,0.00013088718056678773
65700,1206.9153590202332,8.474952375530464,0.002984074093401432,0.0002756774425506592,0.0001292044296860695
65800,1208.6358842849731,8.492221763967747,0.002983461506664753,0.0002750420570373535,0.00013180453330278397
65900,1210.3937623500824,8.6131074830886,0.00296275720000267,0.0002753907814621925,0.00013476040214300156
66000,1212.1077330112457,8.172738077938185,0.0034594815969467164,0.000276208408176899,0.00013124287128448486
66100,1213.842904806137,8.035816502272704,0.004008560558514935,0.00027459245175123217,0.00013182393674339568
66200,1215.5904898643494,8.626059524416545,0.0029718243330717087,0.0002745267376303673,0.0001343410462141037
66300,1217.371069431305,8.639011565744505,0.00296801783144474,0.00027471277862787245,0.00013679560273885727
66400,1219.1063675880432,8.259085020124537,0.002971866615116596,0.00027620866894721984,0.00013124633580446243
66500,1220.8219332695007,8.505173805235735,0.002979089394211769,0.00027727603912353516,0.00013138987123966216
66600,1222.5546793937683,8.30657583832703,0.003372928537428379,0.0002746252343058586,0.0001329720765352249
66700,1224.2594747543335,7.961188069581611,0.002973746694624424,0.0002735050395131111,0.00013126537203788757
66800,1225.981641292572,8.474952375590426,0.0029564204812049864,0.00027738146483898164,0.00013174813240766526
66900,1227.7067079544067,8.112295218407729,0.0032675284519791603,0.0002762486413121223,0.0001319914683699608
67000,1229.4120428562164,7.887793168723201,0.003450654596090317,0.00027443740516901015,0.0001306644082069397
67100,1231.116328716278,8.09502582997045,0.0030000144615769386,0.00027395375072956083,0.00013062819838523864
67200,1232.8159475326538,8.19000746637543,0.0030186063796281814,0.000271812230348587,0.00013010263442993165
67300,1234.5336935520172,8.418826863169288,0.0029999711737036705,0.0002749694511294365,0.00013174708932638167
67400,1236.2407777309418,8.259085020124537,0.0029718924313783647,0.0002769417688250542,0.00013059057295322418
67500,1237.9901132583618,8.431778904437305,0.0033259700824107437,0.0002774366097790854,0.0001332647619502885
67600,1239.7045788764954,8.267719714283214,0.0033544185757637024,0.0002752171456813812,0.00013166055083274842
67700,1241.4388868808746,8.27203706145249,0.00297698475420475,0.00027577631175518036,0.00013278555124998092
67800,1243.1742963790894,8.427461557387938,0.0029514480754733088,0.00027653086930513383,0.0001326523721218109
67900,1244.8960220813751,8.004361540674777,0.0036486363783478737,0.0002747863158583641,0.0001321299746632576
68000,1250.0280163288116,8.246132978796577,0.002980395406484604,0.0002751901000738144,0.0006645014137029647
68100,1251.7571277618408,8.379970739185433,0.002972857467830181,0.00027583368122577665,0.0001326730102300644
68200,1253.4756472110748,8.004361540674775,0.00299098152667284,0.00027392219752073285,0.0001314597576856613
68300,1255.1919496059418,8.487904416918372,0.0029851849004626273,0.0002751391753554344,0.0001317761093378067
68400,1256.903315782547,8.185690119266125,0.0029980150237679483,0.00027372229844331743,0.000131228007376194
68500,1258.6169035434723,7.9827748051281855,0.003005363903939724,0.00027298182249069214,0.00013131402432918547
68600,1260.3232715129852,8.284989102780443,0.003453400917351246,0.00027658022940158845,0.00013097263872623443
68700,1262.03853225708,8.539712582230187,0.002971918508410454,0.0002754918485879898,0.00013177622109651567
68800,1263.7555394172668,8.151151342391593,0.002971954382956028,0.00027569439262151716,0.00013175398111343385