#=== darpa_temp_endtoend_base_w10_full_0.001lr ===
#
#Metrics:
#  Accuracy: 0.9995 | Micro F1: 0.9995 | Macro F1: 0.8637 | 
#  False Alarms: 2 | False Alarm Rate: 0.0001
#  Missed Attacks: 18 | Detection Rate: 0.9992
#
#Per-Class Metrics:
#  [phase1] P=0.7143 | R=0.8333 | F1=0.7692 | 
#  [phase2] P=1.0000 | R=0.6667 | F1=0.8000 | 
#  [phase3] P=1.0000 | R=0.9000 | F1=0.9474 | 
#  [phase4] P=1.0000 | R=0.5000 | F1=0.6667 | 
#  [phase5] P=1.0000 | R=0.9995 | F1=0.9998 | 
#
#Inference time:
#  Average: 0.0059 | Total: 221.4608
#
#Confusion Matrix:
#         	      	      	      	Actual	      	      	      
#         	      	benign	phase1	phase2	phase3	phase4	phase5
#         	benign	 15673	     1	     2	     1	     3	    11
#         	phase1	     2	     5	     0	     0	     0	     0
#Predicted	phase2	     0	     0	     4	     0	     0	     0
#         	phase3	     0	     0	     0	     9	     0	     0
#         	phase4	     0	     0	     0	     0	     3	     0
#         	phase5	     0	     0	     0	     0	     0	 22031
i,time,loss,ground_time,compile_time,eval_time
100,22.580875873565674,0.16382214509160742,0.002881971076130867,0.00027531135827302933,0.000291728675365448
200,49.403780698776245,0.01453624799148377,0.0032407718524336813,0.0002862644195556641,0.00034693703055381774
300,76.07742238044739,0.005177885608082351,0.003330981843173504,0.00029870014637708666,0.00037304043769836425
400,103.67265748977661,0.0061132505571452785,0.003470761887729168,0.00029619257897138594,0.000374516062438488
500,123.37912797927856,0.0059572908369466245,0.003371436409652233,0.00028285250067710876,0.0002860907092690468
600,144.08259296417236,0.0065011586357381634,0.0030500752478837966,0.00029094990342855455,0.0003253921866416931
700,168.737566947937,0.012843720775038137,0.003144683837890625,0.0003106888011097908,0.00036784332245588303
800,193.266517162323,0.006575872109294179,0.0035437386482954024,0.00030210014432668686,0.0003425871580839157
900,216.4703505039215,0.011024582596356499,0.0032331157848238946,0.00031407512724399564,0.00037499316036701205
1000,235.91732835769653,0.0030171047416797203,0.00391831487417221,0.00029745832085609436,0.000319344624876976
1100,253.84274196624756,0.008389505676493186,0.0030822282284498214,0.00029813140630722044,0.00031070783734321594
1200,278.29290223121643,0.0047036631003092855,0.0034966537728905677,0.00031744152307510375,0.00043773103505373
1300,300.9427900314331,0.0038083092985806365,0.003209615983068943,0.0003159484639763832,0.00040675200521945955
1400,328.22158575057983,0.003793110763468279,0.0036688843742012974,0.00032382303050586156,0.0005574903477515492
1500,359.6423091888428,0.003404620445248898,0.003103923425078392,0.00030231636017560956,0.0007764341309666634
1600,399.89564990997314,0.001342619029937086,0.0035063182190060616,0.000301915742456913,0.001012544110417366
1700,438.02225947380066,0.002603537233526908,0.0030794743075966834,0.00029782954603433607,0.000950055941939354
1800,480.0192744731903,0.004700419967476821,0.0031033594906330108,0.00030030593276023863,0.0010365795716643334
1900,515.8306152820587,0.005382853038060091,0.0031149101257324217,0.0002995109558105469,0.0008842161670327187
2000,561.656879901886,0.003564473202752768,0.003928378596901894,0.0002984889969229698,0.0011493442952632904
2100,584.6703858375549,0.004990649799851938,0.0030651748552918434,0.00029884226620197296,0.0005605260282754898
2200,630.2942578792572,0.003376884793615716,0.0036345576867461205,0.00030368689447641373,0.0011477918922901153
2300,676.3349957466125,0.003416317062935948,0.0031098058447241784,0.0003008031100034714,0.0011562300845980645
2400,688.9886932373047,0.004231248978584261,0.0030832160636782647,0.0002990943193435669,0.0003147848695516586
2500,700.7810904979706,0.003723829113564886,0.0033594518899917603,0.0003002782166004181,0.000284527949988842
2600,712.4190359115601,0.0042742098289732435,0.003096736818552017,0.0003025859594345093,0.0002802971377968788
2700,730.1134405136108,0.0038778042536263004,0.0035671159625053407,0.0003013024106621742,0.00039528295397758486
2800,748.401938199997,0.0025825703897754183,0.0036270857974886896,0.00030481786067996705,0.00044942960675273627
2900,761.0160191059113,0.0012659779407739114,0.0031167139858007432,0.0003028367459774017,0.0002970807626843452
3000,778.0537316799164,0.004585908946580325,0.003113103061914444,0.00030163902789354325,0.00039851635694503784
3100,792.4599595069885,0.00368063276847991,0.003107583597302437,0.00030095923691987993,0.00033523481339216234
3200,806.2822530269623,0.0020233233081971805,0.003069617711007595,0.0002994374930858612,0.00032173845916986464
3300,821.3327505588531,0.0031599738338404103,0.0031030507758259772,0.0003039859980344772,0.0003501586616039276
3400,834.8561565876007,0.0035250162576198553,0.0033313551545143126,0.0002999168634414673,0.00031946450471878054
3500,866.510235786438,0.0009098028563777511,0.0034846274182200434,0.00030075062066316606,0.0006720951944589615
3600,888.3294472694397,0.0019979925887128437,0.0039413882046937946,0.0003018113225698471,0.0005064870417118072
3700,911.6867003440857,0.0008244356262694191,0.003563106693327427,0.00029849957674741743,0.0005379132181406022
3800,934.3700988292694,0.0024988294651742604,0.0031264495477080346,0.0002985499054193497,0.0005374227836728096
3900,955.7236061096191,0.002326521368095483,0.0030742957815527916,0.0003004807606339455,0.0004963234439492226
4000,976.8181126117706,0.00157553496808681,0.0031242350116372107,0.0003017638623714447,0.0004911485686898232
4100,993.3204078674316,0.0032829859346627643,0.0034711629897356032,0.0002994868904352188,0.00038755547255277635
4200,1006.6010963916779,0.002498393221583818,0.0035072193081889837,0.00030003094247409276,0.00032516110688447954
4300,1018.7988276481628,0.0015976476790763772,0.003359580859541893,0.00030055560171604156,0.0002944246679544449
4400,1032.4896745681763,0.0005046791432530471,0.00337002981454134,0.00030071306973695756,0.0003292149305343628
4500,1046.9366970062256,0.0012827032420184336,0.0035272716730833055,0.00030050724744796754,0.00035053934901952744
4600,1071.0729413032532,0.0017390442563486844,0.003089151978492737,0.00029937025159597396,0.0005871646851301193
4700,1083.276243686676,0.0014525133248443323,0.003101637214422226,0.00030277069658041,0.00028572849929332734
4800,1098.1591889858246,0.0003221884248965562,0.0030560753494501113,0.000297447144985199,0.0003533736988902092
4900,1110.6128373146057,0.003439087274089118,0.0034773319214582445,0.0002979857102036476,0.000296734943985939
5000,1125.9435896873474,0.0035953009109340977,0.0031340569257736206,0.000299966000020504,0.0003645588085055351
5100,1144.0442099571228,0.0029315660650784748,0.003136518821120262,0.0002993312850594521,0.0004351116344332695
5200,1179.2193596363068,0.004169530923960745,0.0033509335666894913,0.00030489645898342134,0.0008711101487278939
5300,1219.5461180210114,0.0010030113157398512,0.003478769175708294,0.00030183352530002597,0.0009841712191700936
5400,1247.8772311210632,0.001353265856949601,0.0031133872643113137,0.00030051182955503463,0.0006660050153732299
5500,1265.8789293766022,0.003322728135248553,0.0035766106843948364,0.0003059985488653183,0.00042390473186969756
5600,1281.6417632102966,0.003718958230474231,0.0031225717493465967,0.0003026679051773889,0.00037918931671551296
5700,1319.3628447055817,0.003644063403346093,0.0030764298886060714,0.00030098620802164076,0.0009167323261499405
5800,1352.391459941864,0.0018745271269397248,0.003101678118109703,0.0003009364381432533,0.0007917667925357819
5900,1377.470243215561,0.001497402502824161,0.0031146322190761565,0.0003008060157299042,0.0006035096198320389
6000,1392.8055534362793,0.002488615866721177,0.003063470497727394,0.0003001286834478378,0.0003519271686673164
6100,1417.2958643436432,0.0002735436636856459,0.003868880905210972,0.00030062969774007797,0.0005847230181097985
6200,1431.4988112449646,0.001401994076555669,0.0031091851368546487,0.00030229657888412474,0.0003388131782412529
6300,1474.1143698692322,0.000943779561450439,0.003762894608080387,0.0002993407100439072,0.0010480102524161338
6400,1488.3097448349,0.0023878676704776206,0.003575104996562004,0.000300784632563591,0.0003463441133499145
6500,1499.6771974563599,0.001428297132086065,0.0033602989092469215,0.0002992641553282738,0.00027238655835390093
6600,1510.7293009757996,0.0022739494022498722,0.0030978091061115267,0.000300130620598793,0.0002667190879583359
6700,1521.9120535850525,0.0025747108567409694,0.0035451778024435045,0.0003008927032351494,0.0002729472890496254
6800,1534.1173968315125,0.0014170582647157002,0.0033869556710124015,0.0003011331707239151,0.0002923035994172096
6900,1545.778953075409,0.0019850346951121277,0.003083124490720885,0.0003012665520821299,0.00028285345328705656
7000,1558.105863571167,0.001248130391830568,0.0030665799602866174,0.0002992335334420204,0.00029689397662878035
7100,1572.8789458274841,0.0007488627674999526,0.0030796406045556068,0.0002979616820812225,0.00034269899129867553
7200,1584.423822402954,0.00010422814900952676,0.0035537479072809217,0.0003016332536935806,0.00027563925832509997
7300,1607.2894899845123,0.0018095915967904577,0.0030937064066529274,0.0003010229766368866,0.0005505120754241943
7400,1643.6623947620392,0.0001015505012731413,0.0037984900549054147,0.0003025922551751137,0.000882057324051857
7500,1685.3690884113312,0.0024991134938317557,0.0033866586163640022,0.00030001822859048843,0.0010150980576872826
7600,1731.5444223880768,0.0025197394547710346,0.003117549084126949,0.0003010660782456398,0.0011287494748830795
7700,1768.764212846756,0.0024449545993486203,0.00309886135160923,0.00030311111360788347,0.0009127537906169892
7800,1786.2925345897675,0.0010576391102425416,0.003099122866988182,0.0002998310327529907,0.0004141899570822716
7900,1799.959659576416,0.0028661019815149546,0.003947514370083809,0.0003002056106925011,0.00032165955752134324
8000,1811.1631360054016,0.0012685895293509228,0.003091441206634045,0.0003004393354058266,0.0002675169706344604
8100,1822.0228843688965,0.0015866408284615661,0.003084523044526577,0.00030427519232034683,0.0002624528110027313
8200,1833.7468523979187,0.003241362813933788,0.003750884495675564,0.0003008732199668884,0.0002858731150627136
8300,1846.9380280971527,0.00436384179667653,0.0030886801811201236,0.0003003179973789624,0.00031201514814581193
8400,1867.0509812831879,0.0014745393861396955,0.0035249147564172744,0.0002990376204252243,0.0004656936228275299
8500,1888.169270515442,0.0012723295624422356,0.0031240566819906233,0.0003019753471016884,0.00048731304705142977
8600,1914.6731112003326,0.0012357944581122477,0.0033474038913846016,0.00030191872268915177,0.0006310915946960449
8700,1927.3117463588715,0.0032144720901571984,0.00313839927315712,0.0002982333675026894,0.00030459217727184294
8800,1937.9981529712677,0.002962287128673834,0.003868015855550766,0.0002997295558452606,0.00025493744760751724
8900,1948.921917438507,0.0025293506931813137,0.0030874940007925033,0.000298202708363533,0.0002599875628948212
9000,1960.7572169303894,0.0012309843078750777,0.003351500071585178,0.0003054169937968254,0.00028402402997016905
9100,1981.907305240631,0.0016772368866656876,0.003134261630475521,0.0003006698936223984,0.00048522010445594787
9200,2002.8454537391663,0.0023194339492226897,0.0033616388216614725,0.0003001262992620468,0.0004849645122885704
9300,2020.2164771556854,0.0022752204519447235,0.0031092790141701698,0.00029758058488368985,0.0004060380533337593
9400,2031.1759865283966,0.0016848565892024568,0.0034535499662160874,0.00030005410313606264,0.00026054348796606064
9500,2041.546765089035,0.002300609064131758,0.0035384855791926384,0.0003005184978246689,0.0002505720406770706
9600,2051.395264863968,0.00023449851567962588,0.003097851686179638,0.0003051987662911415,0.00023829713463783265
9700,2061.0163111686707,0.0021344320467418243,0.0036481385944145063,0.0003030942593302045,0.00023638180324009488
9800,2070.5991127490997,0.0013687769099044764,0.003485053852200508,0.0002991565316915512,0.00023364868015050887
9900,2081.2963972091675,0.001751343350685432,0.003083724267780781,0.0002995320409536362,0.0002575676888227463
10000,2093.159610748291,0.002180025924556775,0.0035217609256505966,0.000303458608686924,0.00028106674551963806
10100,2104.398153066635,0.00020967235469604106,0.00350569874048233,0.00030216466635465624,0.0002705003321170807
10200,2115.546730518341,0.0031130770714703003,0.003109518960118294,0.00030286796391010284,0.00026551134884357454
10300,2159.4252145290375,0.001636073917811108,0.003546113781630993,0.000301036536693573,0.0010698619112372398
10400,2194.1401674747467,0.0021852145675165047,0.003328521028161049,0.00029945675283670425,0.0008333295956254005
10500,2219.156104326248,0.0011856381773346005,0.00309775672852993,0.0002989775314927101,0.0006012654304504394
10600,2230.2396705150604,0.001609228530118484,0.0031053881347179414,0.0003022664412856102,0.0002648334950208664
10700,2255.4738421440125,0.0005679980139999971,0.0031091659516096115,0.00030009288340806964,0.0006020280718803406
10800,2270.419986009598,0.0032460882293270355,0.003057543560862541,0.0003031039237976074,0.00032601598650217056
10900,2296.0251297950745,0.0029714198996272046,0.003552958145737648,0.00029851507395505905,0.0005963688716292381
11000,2317.1371862888336,0.0017059049268865472,0.003127150051295757,0.00029968585819005965,0.00048448789864778517
11100,2329.7337958812714,0.0011606255979533459,0.003740922526589462,0.00029759261224951064,0.0002994923133935247
11200,2343.315857887268,0.000468692976659848,0.003536062128841877,0.00029945284128189085,0.00031642191112041474
11300,2354.703164100647,0.0012044133483925467,0.003134740963578224,0.00030438177287578583,0.00027116235345602034
11400,2367.1835992336273,0.003709907765810007,0.0030814904347062112,0.00029964294284582136,0.0002911604195833206
11500,2387.690121412277,0.0004942452601778908,0.0031022895872592927,0.0003009103983640671,0.0004894695803523063
11600,2407.8495106697083,0.004125886127717896,0.003757401742041111,0.000299898236989975,0.00047912336885929107
11700,2434.4129531383514,0.0015300702092482389,0.0035548681393265725,0.00030060853809118273,0.0006419627740979195
11800,2450.7951197624207,0.00335655247789835,0.003100539334118366,0.0003008832037448883,0.0003873911127448082
11900,2468.1394832134247,0.003593301367673106,0.0030973942577838896,0.0003000843897461891,0.0004231492802500725
12000,2513.5985250473022,0.0004402939459887251,0.003502410836517811,0.0002989545464515686,0.0011090874299407006
12100,2560.6339836120605,9.582481824207956e-05,0.003084232434630394,0.0003004942089319229,0.0011359794810414314
12200,2590.7315480709076,0.0011571467325739904,0.0030973705649375914,0.00030091408640146254,0.0007337354123592377
12300,2624.6969561576843,0.0012022955620071588,0.0031046328693628313,0.0003038161247968674,0.0008259062841534615
12400,2638.3625597953796,0.0011031898882611533,0.0033748582910214163,0.0003025457369429724,0.00033663358007158563
12500,2650.3614847660065,0.002261682576698765,0.0031104306131601333,0.00030005350708961487,0.0002783071622252464
12600,2662.338911294937,0.00295321645379777,0.0034634799510240553,0.0003034372627735138,0.0002891536802053452
12700,2673.7660784721375,0.001237623102483705,0.0030889692902565003,0.00029925119131803514,0.00027522094547748565
12800,2686.084561109543,0.0022132746169076867,0.0033525945246219635,0.000301956906914711,0.00029669977724552156
12900,2699.876206636429,0.002104566315797508,0.003098699934780598,0.0003057105466723442,0.0003303210809826851
13000,2713.9882419109344,0.000736063278976189,0.0035114436224102973,0.0003019272536039352,0.0003312642127275467
13100,2731.5558712482452,0.0004349745885921749,0.0030736709386110306,0.00029819197952747346,0.0004158201813697815
13200,2773.5857150554657,0.0012646956476408417,0.0035173472017049788,0.00030122026801109313,0.001020238734781742
13300,2784.6962282657623,0.0013106985771529694,0.003571920543909073,0.00030023977160453796,0.00026603583246469497
13400,2799.0586693286896,0.00020447777074181662,0.0033636677637696264,0.00029891043901443483,0.0003424419835209847
13500,2809.363105773926,0.0014426954476658206,0.003091064095497131,0.00029954418540000915,0.00024907395243644714
13600,2819.784006357193,0.0022685968462219123,0.0037876657024025918,0.000299154594540596,0.00025237224996089937
13700,2829.8705520629883,0.0032557694592196644,0.003103092722594738,0.00029956482350826266,0.0002458010241389275
13800,2840.1921412944794,0.0011362612803580154,0.0031156749437962258,0.0003030393858041082,0.00024981632296528134
13900,2850.940552711487,0.0021800776120237944,0.0031126919761300087,0.0003012470528483391,0.0002578866481781006
14000,2861.433374404907,0.00016595900252663637,0.003119536191225052,0.0002990967035293579,0.0002515103295445442
14100,2871.7337770462036,0.0033374928178828735,0.003114643096923828,0.0003014327213168144,0.00024745654314756394
14200,2881.7372052669525,0.001220967159697214,0.0031190359219908713,0.0003013625368475914,0.00024301785975694657
14300,2892.010638475418,0.0011733705684792207,0.003552609495818615,0.0003007854148745537,0.0002470219135284424
14400,2902.4558022022247,0.0012456589000486437,0.0031163315102458,0.0003018554300069809,0.0002505685016512871
14500,2915.1422526836395,0.0005911517315271422,0.0031002924963831903,0.00030164822936058045,0.0003095573931932449
14600,2925.4353103637695,0.0022043698240168516,0.0038121746480464934,0.00029969535768032074,0.00024912875145673754
14700,2935.7766819000244,0.0001406524168563078,0.0030927478149533273,0.0003017330914735794,0.0002490192279219627
14800,2951.328195810318,0.002142816812455198,0.003729490786790848,0.0003006115555763245,0.00037567202001810075
14900,2962.450715780258,0.000129515050942913,0.003498557023704052,0.00030093956738710406,0.00026010505855083465
15000,2973.9144711494446,0.0037449573704535135,0.0037086669728159903,0.0003002837300300598,0.00027634453028440475
15100,2986.7665605545044,0.003398808761647203,0.003098088651895523,0.00030089113861322405,0.0003105291724205017
15200,3001.566287279129,0.0029953607787564316,0.0034803977927991324,0.0002988853731325694,0.00034788692103964944
15300,3022.5850098133087,0.0022443620754135953,0.003365543000400066,0.0003011287748813629,0.00048747722059488296
15400,3043.8250498771667,0.0011134580519622506,0.003112952895462513,0.00030346233397722245,0.0004925390705466271
15500,3059.5523998737335,0.00010047274793159255,0.003091268017888069,0.0003015173226594925,0.00036965373903512954
15600,3069.3459248542786,0.001196960965831407,0.003991273678839207,0.00029853593558073046,0.0002372898906469345
15700,3079.5567898750305,0.0002042315244837914,0.003070314675569534,0.00029979802668094634,0.000243581123650074
15800,3090.0198493003845,0.0025814078644489824,0.00309492252767086,0.00029936134815216063,0.0002483908459544182
15900,3104.612667798996,0.0013225975324466365,0.0031072791293263436,0.00030110914260149,0.00034879762679338453
16000,3114.9860289096832,0.0020731382740735724,0.003382586129009724,0.0003009181469678879,0.0002495373785495758
16100,3125.647031545639,0.00015588605946445177,0.003094675317406654,0.00030169174075126646,0.0002540581673383713
16200,3135.893850326538,0.0031953970637295694,0.0030956384167075157,0.00030032075941562655,0.00024685408920049667
16300,3146.6479914188385,0.00012973059526548092,0.0031384302303195,0.00030118979513645174,0.0002553806081414223
16400,3173.9457280635834,0.0012312343406607352,0.003748045228421688,0.0003013308346271515,0.0006584799289703369
16500,3219.915590763092,0.00477437458189731,0.0034856899827718736,0.00030101004987955095,0.0011132854968309402
16600,3237.2083406448364,0.0011997184883252817,0.0031084858892219407,0.0003010425503764834,0.0004041954981429236
16700,3253.9375898838043,0.0011548630109022887,0.003485028371214867,0.00029931169003248213,0.0003955879807472229
16800,3299.4945392608643,0.0012019660652771368,0.0030988654121756553,0.00030025500804185866,0.0011079778894782066
16900,3337.608062505722,0.0011994138541881237,0.0034509138762950898,0.00030037645250558854,0.000919511541724205
17000,3348.5820541381836,0.0033843729731384865,0.003363080248236656,0.00030197255313396454,0.0002619454637169838
17100,3361.863886833191,0.0027855152488344033,0.003754843808710575,0.00030192121863365174,0.00031456246972084046
17200,3406.6752486228943,0.00022368456061474807,0.0033609674870967864,0.00030091896653175357,0.0010786116495728492
17300,3452.407606124878,0.0004498076985365829,0.0031226301193237305,0.00030144847929477694,0.0011080275103449821
17400,3488.69114279747,0.0011610659921374254,0.0035690199956297875,0.0003009586036205292,0.0008736390620470047
17500,3509.6981332302094,0.003845520125202845,0.0030563626810908317,0.0002977678179740906,0.00048167172819375993
17600,3528.6966528892517,0.0006462470330017883,0.003132750913500786,0.0003022214025259018,0.0004397701472043991
17700,3546.367751598358,0.0021833537586875697,0.003549727126955986,0.0003002636879682541,0.0004219627007842064
17800,3579.7503333091736,0.0011231172329350366,0.0031217095628380776,0.0002998340129852295,0.0007937463000416755
17900,3600.6718735694885,0.0011149698395110505,0.0030847815796732903,0.00030269350856542587,0.0004824603721499443
18000,3615.642166376114,0.0011325535856952847,0.0033523490279912947,0.0003021725746137755,0.00035177325031587056
18100,3634.3644545078278,7.66565146066303e-05,0.0034744177013635636,0.0002998277172446251,0.00043753731995821
18200,3677.357305288315,0.0020265235779852522,0.003094302862882614,0.0002995141968131065,0.0010384920611977578
18300,3694.301387310028,0.002021321356342859,0.0037778527662158013,0.0003012977167963982,0.00040845967829227447
18400,3705.148109436035,0.0019451329752620836,0.0035557408630847932,0.000301111675798893,0.00025549165904521944
18500,3715.7904376983643,0.001154440171393065,0.003100568242371082,0.00029982417821884156,0.00025337643921375275
18600,3726.9891669750214,0.0013511081168674493,0.0030804429203271865,0.0003021913394331932,0.0002676324173808098
18700,3737.7583689689636,0.000696508150739674,0.0031511668488383294,0.0003042002394795418,0.00025705490261316297
18800,3748.9728746414185,0.0022361637552095483,0.003341327793896198,0.0003000611066818237,0.00026857737451791764
18900,3759.887797355652,0.0013396966275225951,0.0030881451070308686,0.00029846642166376114,0.0002622244879603386
19000,3769.4828894138336,0.0028303976466353496,0.003098107874393463,0.0003009494766592979,0.00023360725492239
19100,3779.198403120041,0.001632621834389229,0.0031217824295163153,0.0003025039657950401,0.00023673731833696366
19200,3788.809603691101,0.0020460553033449,0.003959864377975464,0.00029923006892204287,0.00023493241518735886
19300,3798.5552361011505,0.001154346418500791,0.0030601601142968456,0.0003025443639074053,0.00023909829024757658
19400,3808.1396420001984,0.00012133047535473979,0.0035365167632699012,0.0003003845363855362,0.00023433472961187363
19500,3818.740175008774,0.0011652664195500862,0.0034747254103422165,0.00030006706714630127,0.00026261962950229644
19600,3828.3605523109436,0.0021887012624532466,0.0030829162523150445,0.000298101119697094,0.00023511838167905808
19700,3842.958152770996,0.0011185369453916615,0.003105350136756897,0.00030195169150829313,0.0003418084979057312
19800,3871.6767563819885,0.0001028616705166996,0.00312509149312973,0.00030138980597257617,0.0006844483315944672
19900,3896.8002276420593,0.003937474501650736,0.003099747449159622,0.00030174385756254196,0.0005996943637728691
20000,3917.8039083480835,0.0011587479399414841,0.0038323649764060975,0.000298246257007122,0.0004838889837265015
20100,3931.51677775383,0.0019705024545706904,0.0030793707072734834,0.00030029959976673125,0.00033280473202466963
20200,3941.1284487247467,0.00287602906976521,0.0033737330883741377,0.00030198045074939726,0.00023703120648860932
20300,3950.622083902359,0.00026006846760786906,0.0030967987701296805,0.0003029977157711983,0.00023269079625606537
20400,3960.801631450653,0.0021581897728611904,0.003103661723434925,0.0003030502051115036,0.00024880751967430113
20500,3970.49814081192,0.002497363593524058,0.0034606957063078882,0.0002990017831325531,0.0002374809607863426
20600,3980.168755054474,0.0010985127338463366,0.0031309133395552636,0.0002993353083729744,0.00023721568286418914
20700,3989.9194242954254,0.0011465635080285053,0.003782535014407975,0.0003008626294987542,0.00023826031812599724
20800,3999.6282823085785,0.0019800094195013664,0.00310990609228611,0.0003006641939282417,0.00023557305335998536
20900,4009.3033730983734,0.0010647682005851318,0.003938172310590744,0.00030425142496824263,0.0002344164252281189
21000,4024.3611657619476,0.0012288324199526948,0.0030863630771636964,0.0002976405620574951,0.0002766651660203934
21100,4071.528584241867,0.00019299898364840418,0.0031169186532497405,0.00030003473162651064,0.0011407464370131492
21200,4118.6699595451355,0.0012899818903094698,0.0031037985533475874,0.0003023656830191612,0.0011409778520464896
21300,4164.848119974136,0.00372626555955426,0.0031064039841294288,0.0003038349747657776,0.0011121341213583946
21400,4210.683393001556,0.0020231639693720936,0.0031137745082378387,0.0002997246757149696,0.0011109265685081483
21500,4234.297034025192,0.001977090951226254,0.003083285316824913,0.00030100606381893157,0.0005447051674127578
21600,4267.63408780098,0.002852649672933105,0.0031228526309132576,0.0003009096160531044,0.0008084344863891602
21700,4292.920785903931,0.0002392957338682375,0.003998476639389991,0.00030050888657569887,0.0006079041957855225
21800,4304.909017801285,0.0011308417255085563,0.0037325261533260345,0.0003015722706913948,0.0002900465577840805
21900,4327.833690166473,0.0012799898680078395,0.0035513313114643097,0.0003000637143850327,0.0005536937713623047
22000,4352.109616518021,8.799720508618242e-05,0.0030999328941106797,0.00029969193041324616,0.0005858953669667244
22100,4365.067041397095,0.00012204551149259641,0.003108727000653744,0.0002991938963532448,0.00029614704528025217
22200,4375.077684640884,0.0013241737161203424,0.0030867010354995728,0.0003004344180226326,0.00024064697325229645
22300,4385.404433727264,0.003090692733190463,0.0030873481929302215,0.0002987140417098999,0.0002461304143071175
22400,4422.442047595978,0.0001386070886167104,0.00354092076420784,0.0003002915903925896,0.0008959223330020905
22500,4467.96290063858,0.0008656897159251897,0.003100767731666565,0.0003041209280490875,0.0011080610379576683
22600,4510.35470199585,3.3091421920268816e-05,0.0037330662831664085,0.0003006987646222115,0.001027235984802246
22700,4527.050979375839,0.002321916489419818,0.0035602376982569696,0.00030095841735601426,0.0004032754898071289
22800,4537.818306207657,0.0020279573548287826,0.0038166875019669533,0.00029991284012794497,0.0002581363916397095
22900,4548.43021440506,0.002839518597755375,0.0031061889231204986,0.0003035864606499672,0.00025299537926912305
23000,4558.6982135772705,0.0019205843382321904,0.003376857973635197,0.00029866702854633334,0.00024495184421539305
23100,4569.746573448181,0.0010845781734588637,0.0030700169131159783,0.00029887743294239045,0.00026242438703775404
23200,4580.641261100769,0.001967577939327672,0.003082428686320782,0.00030178967863321305,0.00026066180318593977
23300,4591.663290500641,0.001405301744691125,0.003504011891782284,0.00029961828142404556,0.0002642915770411491
23400,4602.504417181015,0.002020012524326518,0.0030821862444281576,0.00030324365943670275,0.00025925565510988237
23500,4613.974986314774,0.0002547350951016927,0.003731042822556836,0.0002997760155371257,0.000277249775826931
23600,4624.833640575409,0.0011523250927296211,0.0034918572381138803,0.0003011370450258255,0.0002609517052769661
23700,4635.950524330139,0.00012153781540867243,0.0030933744460344315,0.0002993718907237053,0.0002657097578048706
23800,4647.1157121658325,0.0011576532962980423,0.00359868410974741,0.0002993960678577423,0.00026672981679439547
23900,4657.469723939896,0.004594826856303177,0.0030875320732593535,0.0003013315796852112,0.0002476402372121811
24000,4667.878135442734,0.0021117743103413835,0.003097544647753239,0.00030087608844041823,0.00024804361164569854
24100,4678.377218008041,0.0029997475898674263,0.0033546132594347,0.0003046216443181038,0.000249326191842556
24200,4700.099296092987,0.0019255281304298231,0.0031163690611720083,0.0003006765618920326,0.0005148353427648544
24300,4742.976174354553,0.00019500493303126253,0.003492809534072876,0.0003003700450062752,0.0010359132662415504
24400,4766.502411842346,0.002204863405334692,0.0035447340831160547,0.0003016762435436249,0.000567607693374157
24500,4806.856596231461,0.001142562268399201,0.003365158848464489,0.000300808809697628,0.0009698615968227386
24600,4834.647470235825,0.0011090912836286492,0.003098749369382858,0.0003007631003856659,0.0006757401302456855
24700,4845.673344373703,0.00013368719954041401,0.003079787939786911,0.00030061926692724226,0.00026308394968509673
24800,4866.440841436386,0.0010858191548396689,0.00310920463608844,0.00030065368328775673,0.0004910864308476448
24900,4911.898500442505,0.002684376802271239,0.0030975229665637016,0.00030175786465406416,0.0011056777834892273
25000,4934.072550296783,0.00031126934099506175,0.003104414902627468,0.00030031859874725343,0.0005324519798159599
25100,4944.4319388866425,0.0028680140667025913,0.003514058403670788,0.0002985082939267159,0.0002478548511862755
25200,4954.704278230667,0.0003096719644968474,0.0031000158563256265,0.0002993156388401985,0.00024499524384737016
25300,4965.099469900131,0.00364723544964104,0.0034756360948085784,0.00029807936400175097,0.0002526494860649109
25400,4991.197602510452,0.0011694642980476018,0.003761126436293125,0.00030150685459375383,0.0006290845572948456
25500,5005.94882106781,0.001363178719085056,0.003378308266401291,0.00030196890234947206,0.00035668198019266127
25600,5016.598068714142,0.0011911175201768593,0.003107694871723652,0.000301889032125473,0.00025258332490921023
25700,5029.433824777603,0.001987489163938147,0.0031207327544689177,0.00030247200280427935,0.00030124347656965253
25800,5040.689654827118,0.0009568209570084096,0.003102811649441719,0.00030286729335784915,0.0002692818641662598
25900,5051.309444189072,0.0010243961832308668,0.0034958281740546226,0.0002995679900050163,0.0002536474168300629
26000,5061.530631065369,6.837276012673199e-05,0.0037875596806406977,0.0003010449931025505,0.00024682577699422834
26100,5071.76975440979,0.0014941351232571304,0.0031153054535388944,0.00030252620577812193,0.00024562373757362364
26200,5081.8372592926025,0.0012925272788022947,0.0030925745676670755,0.0002992760017514229,0.0002452072873711586
26300,5093.027277708054,0.001991061848763274,0.003079627975821495,0.0003006574511528015,0.00027093306183815
26400,5134.5116856098175,0.0021001316881704623,0.0031051505729556084,0.00029989365488290785,0.000999327264726162
26500,5163.4440224170685,0.0019383913079267683,0.0035119302198290824,0.00030159015208482744,0.0007013823837041855
26600,5176.477151632309,0.0018945729331976283,0.0035879239812493325,0.00030174002051353455,0.0003074253350496292
26700,5186.6156549453735,0.001175279498904319,0.003390395939350128,0.0003006114438176155,0.00024171333760023117
26800,5199.469314813614,0.0010749195638211164,0.0030962038412690163,0.0003016197681427002,0.0003040841966867447
26900,5221.169793128967,0.00011794246321424783,0.0038015568628907205,0.00030086483806371686,0.0005241859331727028
27000,5231.562311410904,0.0009274397158260428,0.003089658617973328,0.0002986530214548111,0.0002483909949660301
27100,5241.918808937073,0.0035574883733435624,0.0030989334359765052,0.00030209295451641085,0.000247810035943985
27200,5257.159567832947,0.0003064346990364203,0.003092208579182625,0.00030201815068721773,0.0003640105202794075
27300,5267.617130994797,0.0011623839405948053,0.0034578900039196015,0.0003005004674196243,0.0002474827691912651
27400,5278.2587242126465,0.00012539103234878474,0.00350387055426836,0.0003024287149310112,0.000252714604139328
27500,5288.353002071381,0.003209181944261472,0.0030964744463562966,0.0002986135706305504,0.00024141121655702592
27600,5298.68110370636,0.00022767755709417387,0.0033581795915961265,0.0003007441493017333,0.0002487805326070104
27700,5317.04874253273,0.0021092625190434274,0.0031084008142352104,0.0003013578802347183,0.0004254031926393509
27800,5330.242442846298,0.0019767948919609895,0.003146948106586933,0.00030533932149410246,0.00031248945742845535
27900,5340.626544237137,0.0005570789459434123,0.0035018301010131835,0.0003034176677465439,0.00024678919464349747
28000,5351.2567093372345,0.002992930823407704,0.003489934466779232,0.0003001236543059349,0.0002520503848791122
28100,5361.680417537689,0.0016741341966489865,0.003073295243084431,0.00029778704047203066,0.0002487047389149666
28200,5372.207322359085,0.0012275332995311079,0.0031063865870237352,0.000302543118596077,0.000250592902302742
28300,5382.820980548859,0.0019090612459947065,0.003369628116488457,0.0002977348864078522,0.0002507637441158295
28400,5393.200131177902,0.0020327969085206527,0.003499823696911335,0.0003018265962600708,0.00024588264524936674
28500,5403.553514003754,0.001053921091594901,0.0031023940071463587,0.0003013307973742485,0.00024487122893333433
28600,5413.931793212891,0.001104899534541948,0.0035009583458304404,0.0002975387126207352,0.00024630423635244367
28700,5426.0281755924225,0.0001140841547808269,0.0030869320780038834,0.00029978759586811064,0.0002843090519309044
28800,5436.999087095261,0.0010612651470588695,0.003340174779295921,0.00030198030173778534,0.0002652106434106827
28900,5447.342985630035,0.0018432327482282521,0.003844541050493717,0.00029975689947605135,0.00024784203618764876
29000,5457.707937240601,0.0011080768110234398,0.0030671516805887223,0.00030042207666805814,0.0002494645012276513
29100,5468.304463386536,0.0017725939056516297,0.0031225257366895675,0.0003023899719119072,0.0002503069117665291
29200,5484.311342954636,0.0012849081684950824,0.0030925948917865753,0.0003001748025417328,0.0003756516054272652
29300,5497.929196596146,0.0013719834200589403,0.003357890360057354,0.0003019150719046593,0.0003166569769382477
29400,5510.4925055503845,0.0022238996874773416,0.003089340515434742,0.0003015214577317238,0.0002943830564618111
29500,5531.477727890015,0.002616419518208709,0.003085082396864891,0.00029831785708665846,0.0004830482229590416
29600,5545.712286710739,0.0011505877156704413,0.0030953601747751238,0.0003009280189871788,0.00033333014696836473
29700,5572.955917596817,0.00015761079461236338,0.0035085319727659226,0.0003012646362185478,0.0006584689766168595
29800,5585.285825967789,4.998659777786185e-05,0.003113829493522644,0.0003027915582060814,0.0002888329327106476
29900,5620.669859886169,0.0009514739437246647,0.004001621417701245,0.0003016944602131844,0.0008433607965707779
30000,5661.299288988113,0.0020318464794676816,0.003555217124521732,0.00029765937477350236,0.0009726672619581223
30100,5682.321331739426,0.0012047669049532698,0.00353899784386158,0.00029948007315397265,0.0004841982200741768
30200,5703.356635808945,0.0014866358293107562,0.0035156336426734923,0.0003006373718380928,0.0004846528917551041
30300,5724.3991112709045,0.0019263037095533125,0.0030982152958001414,0.00030222425503390174,0.0004862395940082414
30400,5748.108778476715,0.0014375072893156888,0.0034779226407408714,0.00030193977057933806,0.0005614003911614418
30500,5758.622414588928,0.0021096350017013534,0.0031137514114379884,0.00030161313712596895,0.0002504168078303337
30600,5795.753130912781,0.0021536007653656917,0.003095376417040825,0.00030308663845062255,0.0008930753916501999
30700,5838.137044429779,0.0003091092810472995,0.0035174938291311266,0.0003013033047318459,0.0010236870497465135
30800,5849.289870500565,0.002005106881585038,0.0030804549157619474,0.00029898326843976977,0.0002689908817410469
30900,5860.600043058395,0.0015110200399335574,0.0031037158146500587,0.00030081432312726973,0.0002704610303044319
31000,5885.448197364807,0.0006040615380638676,0.0030949939042329787,0.0002994579449295998,0.0006025392562150955
31100,5895.992128610611,0.000731641536405312,0.003632238730788231,0.0003018118441104889,0.0002540913596749306
31200,5906.367118358612,0.0016474095207552443,0.0031215593963861464,0.00030014488846063613,0.00024798892438411714
31300,5916.6463396549225,0.0011261635918207585,0.0033812997490167617,0.00030097033828496933,0.00024730775505304336
31400,5928.983126163483,0.001975513353694171,0.0034800365567207335,0.00029863156378269197,0.00029150456190109254
31500,5939.32554101944,0.0018955099862247703,0.0031019730493426325,0.0003009903058409691,0.0002471713349223137
31600,5949.744172334671,0.0011446024567638657,0.0030799516290426253,0.000302012600004673,0.00024750016629695895
31700,5960.044653177261,0.0010927155970601285,0.003991178125143051,0.00030046245881489345,0.00024693485349416735
31800,5970.430087804794,0.002717981062892073,0.0030872340500354765,0.0002981754392385483,0.0002470633015036583
31900,5980.736597776413,0.0009023829476314782,0.00335461899638176,0.00030235130339860915,0.000246175155043602
32000,5994.663978815079,0.0009678675963838376,0.003091394454240799,0.00029849845916032794,0.00032842833548784255
32100,6005.007674217224,0.0001548073607751105,0.0031113937124609948,0.00030307691544294356,0.0002462387830018997
32200,6015.42027592659,0.0023592883333953775,0.0031040456518530847,0.00029934119433164594,0.0002486155182123184
32300,6025.891044139862,0.00017007015299653984,0.0031253064796328543,0.0002986976131796837,0.0002486445382237434
32400,6036.242902517319,0.0016332459223965684,0.003073706105351448,0.0002996372431516647,0.00024692021310329437
32500,6046.661095619202,0.0016984128120504744,0.004322635978460312,0.00030048225075006484,0.0002480626851320267
32600,6057.022314786911,0.00019785840783741627,0.0030896041169762613,0.00030092522501945496,0.00024821456521749495
32700,6067.632340192795,0.0033942462249875694,0.0035845790430903434,0.0003020995110273361,0.0002540680393576622
32800,6077.954345226288,0.0013296349027846054,0.003368428982794285,0.00030264668166637423,0.00024598494172096253
32900,6088.366991758347,0.0010996646336179174,0.0030938294157385826,0.0003026105836033821,0.000248325802385807
33000,6101.048378229141,0.0019582458499787536,0.00374627985060215,0.0003029080480337143,0.0002992149069905281
33100,6115.213851690292,0.0013162784088714282,0.003364291787147522,0.0003013170616967337,0.00033460957663399834
33200,6125.241838693619,0.0001676740904624474,0.0030994215235114098,0.00030261214822530747,0.00023951705545186997
33300,6143.88694858551,0.0010743005755971993,0.0031274052709341048,0.0003030841425061226,0.00044757407158613205
33400,6166.11048412323,0.0009579651894193031,0.0034782635048031807,0.0002995168790221214,0.0005394573137164116
33500,6205.045632123947,0.002242174303359749,0.0030763072147965433,0.00029790539294481276,0.0009366879612207413
33600,6225.832786560059,0.001215432868592264,0.0031146785616874696,0.0003009074553847313,0.0004837292432785034
33700,6246.682992219925,0.00039174429277475276,0.004368262775242329,0.00030273083597421647,0.0004844633489847183
33800,6267.481124162674,0.0032268406209490243,0.0031046174839138986,0.00030199043452739716,0.0004833455756306648
33900,6297.826976299286,0.001192121585354468,0.0031488441675901415,0.00030402518808841705,0.0007265323027968407
34000,6328.912936925888,0.0019024589518232648,0.0036231066286563874,0.0003005055338144302,0.0007513842359185219
34100,6340.973822593689,0.00014818116594802756,0.00309578288346529,0.0003017609938979149,0.0002903057634830475
34200,6367.937668323517,0.0023807357492908587,0.0030967537686228752,0.00029866788536310197,0.0006378890201449394
34300,6388.6547956466675,0.0011045792567188132,0.003080468662083149,0.00029723282903432847,0.00048280958086252215
34400,6406.052851676941,0.0011604559238977976,0.0030990324169397356,0.00029865022748708724,0.0004075215384364128
34500,6419.377524852753,0.00073949263881804,0.0039285489384617124,0.00030164028384855815,0.0003148901143244334
34600,6430.025559186935,0.002265772996677723,0.003548661433160305,0.0003013254329562187,0.0002570027485489845
34700,6440.904913902283,0.0027328946917325636,0.0031018150970339776,0.0002996796742081642,0.00025919601321220396
34800,6450.996609926224,0.0018862294739065441,0.0034778287261724473,0.0002989627420902252,0.00024205967783927918
34900,6461.065958023071,0.0009462856868190045,0.0036408501118421555,0.00030250184237957,0.00024180453270673753
35000,6471.019991397858,0.0010581832282732133,0.0030660437792539596,0.00029790595173835756,0.00023870114237070083
35100,6481.049482584,0.0018781483185626945,0.0030769050121307374,0.0002987901121377945,0.000241885706782341
35200,6491.1152057647705,0.001982929863428294,0.003134392127394676,0.00030224956572055817,0.00024314656853675844
35300,6531.526838541031,0.0010201336344763245,0.0031065182760357858,0.0003013753890991211,0.0009740730747580528
35400,6558.084437131882,8.535393588420703e-05,0.0034915512427687646,0.00029954079538583754,0.0006293686479330062
35500,6590.729448080063,3.112084425755141e-05,0.003115992471575737,0.0003033005446195602,0.0007827698811888695
35600,6602.236974239349,2.081379772123082e-05,0.0033863891288638116,0.0003006981685757637,0.0002760480344295502
35700,6616.655762672424,0.0013635157328954724,0.003090838119387627,0.00030197426676750185,0.00034533090889453887
35800,6630.386322975159,0.0014098454040377734,0.003478114306926727,0.000300251804292202,0.0003259977698326111
35900,6668.914927482605,9.370813000160045e-05,0.003413589304046971,0.00030534527131489346,0.0009250347954886301
36000,6707.794721364975,0.002186397855170836,0.0031000751629471778,0.000300227589905262,0.0009379984438419342
36100,6722.398869752884,0.002841501441610484,0.0035615134984254837,0.00030084915459156037,0.00035320755094289777
36200,6732.805194139481,0.0018734185909870128,0.0033730458468198775,0.0003039905056357384,0.0002492555975914001
36300,6743.271705150604,0.00015922864202546293,0.0037445168942213058,0.0003000107035040855,0.0002500952035188675
36400,6755.349538803101,0.0011282777830849292,0.0030681147426366807,0.0003003080189228058,0.0002945447340607643
36500,6767.74037528038,0.0023233490392177195,0.003457857966423035,0.0003008170798420906,0.00029573440551757815
36600,6778.16211438179,0.0010252445981219732,0.003091616407036781,0.0002981065586209297,0.00024806905537843704
36700,6788.51616191864,0.00010740783089829564,0.003093418627977371,0.00030115142464637757,0.00024779316037893296
36800,6798.813094615936,0.0013898805572963345,0.0030979344993829726,0.00029984071850776674,0.0002452707663178444
36900,6811.504400014877,0.002201532846925103,0.003084610067307949,0.00029929760843515395,0.0003057855367660522
37000,6826.134920835495,0.002021586037512338,0.003523828536272049,0.0003027454763650894,0.0003468049317598343
37100,6840.281472206116,0.0006709564052035746,0.003566208817064762,0.00030031692236661913,0.00033792540431022645
37200,6879.408175230026,8.714127326867438e-05,0.003096906069133963,0.00029936741505350386,0.0009475734244499888
37300,6905.501651525497,0.0008467783176901231,0.003630392625927925,0.0003022884577512741,0.0006250802427530289
37400,6942.273354053497,0.0043753387613848374,0.003118741922080517,0.00030031926929950713,0.000890406109392643
37500,6952.688197135925,0.0014084413917160698,0.0035575105622410773,0.0003018656373023987,0.0002506271377205849
37600,6963.052682876587,0.0013366942342338268,0.0031165997311472893,0.0003017445653676987,0.00024779476225376127
37700,6973.44606924057,0.0011020175672720885,0.0033302802592515947,0.0003001135215163231,0.0002500484138727188
37800,6983.744176387787,0.0009253232081138737,0.003101370930671692,0.00030271627008914947,0.00024785712361335754
37900,6995.364444494247,6.451323373168893e-05,0.0030868693441152575,0.00029914889484643936,0.00027482934296131135
38000,7022.524707794189,0.003803558772231638,0.003085699677467346,0.0003033509477972984,0.000654420405626297
38100,7032.890490055084,0.00035230207035486763,0.003521228916943073,0.0002981293946504593,0.00024880755692720415
38200,7043.191855430603,0.0018584034072700692,0.003877967372536659,0.00030160028487443926,0.0002466116845607758
38300,7053.580865621567,0.0001585055355507009,0.0031178883463144303,0.0003016696497797966,0.00024683859199285506
38400,7082.562920808792,0.0005431209661240677,0.003120392337441444,0.0003008062765002251,0.0006969405338168144
38500,7102.090124130249,5.159784001773277e-05,0.003488568775355816,0.0002975604683160782,0.0003762505203485489
38600,7118.323474645615,0.0007313981297897329,0.0035831622247185025,0.0003021879174879619,0.0003815357866031783
38700,7128.603711366653,0.0010609864350007903,0.0031285597756505012,0.00030092537403106687,0.0002438565343618393
38800,7139.249227046967,0.003503285247989736,0.003079138062894344,0.0002991838753223419,0.00025494612753391267
38900,7162.694823980331,0.0006179325938111127,0.0036543206498026847,0.00030010174959897994,0.0005592526495456695
39000,7174.8892595767975,0.0014432544152369914,0.0031130693480372427,0.0003005695715546608,0.0002947479113936424
39100,7212.387681484222,0.002191822147782425,0.003794793076813221,0.00030046064406633375,0.0008930402249097824
39200,7230.849494934082,0.00028820961098262684,0.0031033282727003096,0.0002994988113641739,0.00044514257460832597
39300,7270.651205062866,6.535208153597316e-05,0.0031013560667634012,0.0003019113093614578,0.0009535371884703636
39400,7315.633384943008,3.1935429496825486e-05,0.0030809761956334114,0.0002985328063368797,0.001084311194717884
39500,7328.949428319931,0.0012226753741700072,0.0030926235020160677,0.0003012164682149887,0.00031218696385622026
39600,7342.4006934165955,0.0029184560241108924,0.0030559163913130762,0.00029959376901388167,0.0003149674460291862
39700,7353.808400154114,0.0022229799322691706,0.0034927289560437204,0.00030295386910438537,0.0002700643986463547
39800,7365.726178646088,0.0013771332721907459,0.0035213881358504297,0.00030113231390714644,0.0002793947607278824
39900,7403.72144818306,0.00011535368571870819,0.0031094333902001382,0.0003035646677017212,0.0009178006276488305
40000,7418.182291269302,0.0020298451692934024,0.00347696918462004,0.0003008368504898889,0.00033903704690081736
40100,7435.140483140945,0.000141368748864201,0.003555967174470425,0.0002994607761502266,0.0003955739364027977
40200,7464.084625720978,6.527689498713435e-05,0.003761152029037476,0.0003046758472919464,0.0006897552311420441
40300,7510.385864496231,2.3400172744006687e-05,0.003466961234807968,0.0003002471476793289,0.0011157438904047011
40400,7522.677392482758,0.0014807808648308032,0.003092972822487354,0.0003001777082681656,0.00029442958533763884
40500,7532.865211009979,0.001859435065145679,0.0034839044138789176,0.00029813457280397415,0.0002439923584461212
40600,7542.927232980728,0.0010011427114634196,0.0033848676830530167,0.0003010169044137001,0.000241348035633564
40700,7552.9333736896515,5.5848081596791e-05,0.0033637436106801035,0.00030205875635147094,0.000240265354514122
40800,7565.24472117424,0.001937752378156027,0.0030961371213197707,0.0003031328693032265,0.00028887182474136353
40900,7608.607235431671,0.0019162162600356845,0.0035698375105857848,0.00029964640736579895,0.0010458388179540633
41000,7654.1991312503815,0.0038532365880787687,0.003107320852577686,0.0003016068786382675,0.0011030218377709388
41100,7669.193165302277,0.0011798194213764668,0.003071218803524971,0.00030129201710224154,0.0003589832037687302
41200,7679.598443508148,0.00011517106770001894,0.0031144211813807486,0.00030136872082948686,0.00024939738214015963
41300,7690.010130167007,0.001202329538710241,0.0030974134802818297,0.0002989982068538666,0.0002478725090622902
41400,7708.034501314163,9.341375890604353e-05,0.0033469324718628612,0.00030132903052227836,0.0004314850323966571
41500,7718.4309322834015,4.160905164799028e-05,0.003894583992660046,0.0003030896559357643,0.0002491685375571251
41600,7728.743239402771,0.0013721688510279339,0.003365809880197048,0.0002998145669698715,0.0002469388023018837
41700,7739.0447363853455,0.0011423938683720412,0.0030698950588703157,0.0003006375953555107,0.0002467463910579681
41800,7749.575905323029,0.002092246258183142,0.0031113966926932333,0.00030339568853378297,0.00025131314992904663
41900,7759.94620013237,0.0019102540023595736,0.0035548247024416923,0.0002998362109065056,0.0002467077225446701
42000,7770.338909864426,0.0001683103759701174,0.0031334993615746497,0.00030039429664611815,0.0002483687549829483
42100,7780.669209718704,0.0019732721314990047,0.0034932460263371466,0.00030005119740962984,0.0002477759495377541
42200,7790.921991586685,0.0012663181257755599,0.003547518588602543,0.0002989763766527176,0.00024544071406126024
42300,7814.630627632141,0.001051437103185751,0.0033325865119695664,0.00030193395912647247,0.0005702947452664375
42400,7837.993885755539,0.0017595375509785668,0.0031238050386309625,0.0003025863692164421,0.0005597958341240882
42500,7849.165436029434,0.0013898872693894752,0.003088483773171902,0.00030048519372940065,0.0002663782611489296
42600,7859.613613367081,0.0018537454338707292,0.0030987006425857544,0.0002996458485722542,0.00024776656180620194
42700,7870.222552061081,0.0010733176143904461,0.0030877693848950527,0.0002999774952019964,0.0002516456267663411
42800,7880.633799314499,0.0011130014825662658,0.0031168871000409127,0.0002998102828860283,0.00024943172931671145
42900,7891.088538646698,0.0011468572865661242,0.0030676210671663285,0.0003030167520046234,0.0002500038966536522
43000,7901.460154533386,0.00013363471902051838,0.003960712254047394,0.0002994532138109207,0.0002475421503186226
43100,7911.851445913315,0.00211134138842198,0.003342224806547165,0.0003004331886768341,0.00024947263300418855
43200,7922.156053781509,0.0011388784703779728,0.0030832843855023383,0.00030248645693063735,0.00024620968848466874
43300,7932.53494310379,0.0012917186189560176,0.0035612697154283526,0.00029975906014442446,0.00024872280657291414
43400,7942.866626024246,0.00112487293422737,0.003117492012679577,0.0002977924421429634,0.00024760205298662185
43500,7953.456720590591,0.0007821877975310401,0.0034992566704750063,0.0003011036291718483,0.00025305140763521195
43600,7963.957506418228,0.001042199058289028,0.0031311500445008276,0.0003033933416008949,0.00025019310414791106
43700,7974.3388235569,0.002483555538791626,0.0031068578734993937,0.0003000565245747566,0.00024734951555728914
43800,7985.163056612015,0.00028466841191659016,0.0034630535915493965,0.0003004557266831398,0.000256652757525444
43900,7996.690983533859,0.00216677197965469,0.0033776554092764853,0.00030135657638311384,0.0002725650370121002
44000,8007.174518585205,0.001821660041712646,0.0030844467878341675,0.00029994282871484754,0.00024767830967903137
44100,8017.845582962036,0.0013676054408697418,0.0037468890845775604,0.0003028883572135653,0.0002510896325111389
44200,8031.513330221176,0.0012493917150632246,0.003107527270913124,0.0002993571385741234,0.00032414335757493975
44300,8041.927107095718,0.0012111836982810409,0.003097652308642864,0.0002998432144522667,0.0002482132613658905
44400,8052.449749708176,0.0021142799818704393,0.003497026562690735,0.00030037768185138704,0.00025067128241062163
44500,8062.878166437149,0.00020374036816199064,0.0035468244180083277,0.0003005813807249069,0.0002479849755764008
44600,8073.344522953033,0.0019536322079123573,0.003510088101029396,0.00029990807175636294,0.0002491786703467369
44700,8083.798721551895,0.0011991434747111523,0.0033734899386763575,0.0003012252226471901,0.0002495884522795677
44800,8094.278006315231,0.0001731794968123157,0.003095115199685097,0.00030218183994293215,0.00025044284760952
44900,8104.834111690521,0.0010730619858410131,0.00310474444180727,0.0003001086786389351,0.00025076836347579954
45000,8119.416150331497,0.0010801782414167685,0.0033347713202238082,0.00030079197138547896,0.00034186672419309614
45100,8135.055259943008,0.0010041961833568821,0.0030816738307476044,0.00030037399381399154,0.00036653000861406324
45200,8145.252041101456,0.0010643548628841387,0.003105142265558243,0.000303252674639225,0.00024356968700885772
45300,8155.449293613434,0.00018982999628545743,0.003560560904443264,0.0003005261346697807,0.00024077858775854111
45400,8165.553108215332,0.0010417479259569181,0.0033554575219750405,0.0003024749830365181,0.000239376537501812
45500,8177.727914094925,0.0026710645390261843,0.003990792041378362,0.00029928323413644516,0.0002914567930357797
45600,8190.4179084300995,0.0010974010524177518,0.003365280106663704,0.00030095748603343965,0.00029784340411424635
45700,8211.430459737778,0.0006672444128971297,0.003486621677875519,0.00029979050159454344,0.00048466335982084275
45800,8232.429769039154,0.002371152593338984,0.0031116794422268866,0.0003004331886768341,0.0004831726476550102
45900,8259.13610124588,0.0012252712292277848,0.0031220092251896857,0.00030282888561487196,0.0006266719102859497
46000,8282.545565128326,0.002295042547804002,0.003098662756383419,0.00029897432774305343,0.000568559505045414
46100,8300.907211065292,0.0009047927227213664,0.0034525733068585395,0.0002998676523566246,0.00042790301144123076
46200,8321.717358589172,0.00033290614296493796,0.003120671287178993,0.0003022065386176109,0.0004820078983902931
46300,8342.540370464325,0.0010855198499314484,0.0030951061099767684,0.0003001025691628456,0.0004833647236227989
46400,8363.402218580246,0.0026275210100478994,0.003311390280723572,0.000300196073949337,0.00048458091914653777
46500,8384.334811210632,0.00011566055737047193,0.0030986369401216508,0.0003027348592877388,0.000483168326318264
46600,8406.29951930046,0.0017578721755238161,0.0031101811677217484,0.0003004773333668709,0.0005112370476126671
46700,8420.867007493973,0.0001540653511364562,0.0037692589312791824,0.00030071936547756197,0.00034731511026620866
46800,8431.070959568024,0.0010687332911973235,0.0031182778626680373,0.00030148882418870924,0.00024230547249317168
46900,8442.382828712463,0.001036352778117907,0.003947089697633471,0.00030232595545904976,0.00027141702494450976
47000,8453.211715221405,9.084025044349909e-05,0.0031028233468532564,0.00030182689428329465,0.00025581423193216324
47100,8463.665487527847,3.0263649708495156e-05,0.0030913597345352175,0.000300181545317173,0.0002470388635993004
47200,8473.997346401215,3.9382504466184134e-05,0.0030989766865968703,0.0003005709499120712,0.0002447013556957245
47300,8489.33747124672,0.0021043635318526675,0.0031094062328338623,0.00030073381960391997,0.00035618919879198073
47400,8499.393833637238,0.001989992128117264,0.003900316208600998,0.00030116450041532515,0.00023927189409732818
47500,8527.79640865326,0.00023693241434464386,0.0033190203830599785,0.0002979440614581108,0.0006875424832105637
47600,8552.598698616028,0.0027538024965234865,0.003120393268764019,0.0003000360727310181,0.0005907861143350601
47700,8581.4162607193,0.0011938953763489344,0.0033570830151438713,0.00029887933284044265,0.0006952140852808952
47800,8607.059436321259,0.0017579128542418968,0.0031306617707014084,0.0003008132055401802,0.00060965646058321
47900,8653.778624296188,0.001691322494089411,0.0030969907343387604,0.0003021422401070595,0.0011255715787410736
48000,8693.563957929611,0.00014821661233814732,0.0035462435334920883,0.0003030728921294212,0.0009554348886013031
48100,8714.581643819809,0.0010643150812511297,0.003071334548294544,0.0002990740165114403,0.0004825475811958313
48200,8735.049669027328,0.0016717638740593676,0.0033703553410513063,0.00030198698597294946,0.0004737461145435061
48300,8747.680411815643,0.0033434688806633995,0.0031245894357562064,0.00030115004628896715,0.00029974378645420075
48400,8761.916168928146,0.0023623354990784757,0.0034714141488075257,0.00029956173151731493,0.0003316718339920044
48500,8775.442421197891,0.0019183039981985244,0.0033728038892149926,0.0003002976253628731,0.0003179927170276642
48600,8785.964940071106,0.00015563620553132429,0.0031496638059616087,0.0003005092963576317,0.0002485320717096329
48700,8801.276002883911,5.728200870531247e-05,0.003353021927177906,0.0002993011102080345,0.0003613843396306038
48800,8811.370911836624,0.0011779844651645679,0.003536238111555576,0.0003047391772270203,0.0002396984025835991
48900,8821.49784731865,0.0011545393142992654,0.0030870889499783516,0.00030034493654966353,0.0002415323257446289
49000,8833.93749165535,0.00011292166814283911,0.0038580884411931037,0.00030110973864793777,0.00029341865330934525
49100,8845.616652011871,0.0011220807090165672,0.003519116677343845,0.00029952749609947206,0.00027640312910079954
49200,8856.133132457733,0.00021167462470607522,0.003076199069619179,0.0002985204011201859,0.00024877700954675677
49300,8866.621852874756,0.0018934544310029685,0.003390095755457878,0.0003019820898771286,0.00024852588772773744
49400,8877.515024662018,0.00025555694950959025,0.0030998548865318297,0.00030249398201704025,0.0002582701668143272
49500,8887.833165884018,0.0013129729539417432,0.003117346540093422,0.00030155856162309645,0.0002473558485507965
49600,8897.951222896576,9.582889937849115e-05,0.0031151264054434646,0.00030175590089389254,0.00024266444146633153
49700,8909.054736852646,0.001087335688074864,0.003743539862334728,0.0003006698191165924,0.00026266269385814665
49800,8946.39067363739,0.0004010499511091667,0.0031050542742013932,0.00030397310853004457,0.0008950586244463921
49900,8993.094792366028,0.0014152266424710153,0.0031239139661192895,0.0003023187071084976,0.001125950999557972
50000,9012.52221107483,0.00011322771188862019,0.003832874186336994,0.0002998291701078415,0.0004686560109257698
50100,9026.209857702255,0.0030799926527175915,0.0030929360166192053,0.0003014193847775459,0.00032445993274450303
50200,9037.033728837967,0.0004964815422260068,0.003099130317568779,0.0003019053116440773,0.0002544393762946129
50300,9047.587423563004,0.0010662457182252607,0.003097502887248993,0.0003002361953258514,0.0002497373148798943
50400,9059.314541578293,0.0006282907908738735,0.0034848957508802412,0.0002980799600481987,0.00027904093265533446
50500,9074.174827337265,0.0034016682882268222,0.003473864942789078,0.00030030153691768647,0.00035334058105945587
50600,9084.526295661926,0.0004772211554665304,0.0033685550093650817,0.00030060447752475736,0.0002465716004371643
50700,9095.01882982254,0.0009979128965942165,0.0031068196147680284,0.00030067097395658493,0.00024902965873479843
50800,9105.340884685516,0.0012780274258138893,0.003531914949417114,0.00029973652213811876,0.00024560444056987763
50900,9115.864870548248,0.0009658034416523103,0.0030867787450551986,0.00030044883489608763,0.0002508062869310379
51000,9126.321450948715,0.0008397423091931661,0.0034875774330326488,0.0003015408505286489,0.00024869371737752644
51100,9137.029116153717,0.002314412811469881,0.003377092517912388,0.00030087582767009737,0.0002531759813427925
51200,9147.48872756958,0.00016252985448664658,0.003531274124979973,0.00030276421457529066,0.00024726375937461853
51300,9158.057400226593,0.001917862797595608,0.0031089912354946136,0.00030084621161222456,0.0002502138912677765
51400,9168.41606760025,0.000224250442759083,0.003971911482512951,0.00030266545712947845,0.0002452245354652405
51500,9178.91217637062,0.0011082646115125562,0.003112493045628071,0.0003020191565155983,0.00024742022156715393
51600,9189.492663621902,0.00012190058730585123,0.003093200735747814,0.00030066348612308504,0.00024956114590168
51700,9223.642801046371,0.0016349999140308187,0.00309931393712759,0.00030070547014474867,0.0008203189447522163
51800,9252.598578214645,0.0012543556189996347,0.0031007203459739686,0.00030049946159124377,0.0006995271146297455
51900,9263.300026416779,0.0028583220725471193,0.0037504875287413596,0.0003020523115992546,0.0002560894191265106
52000,9273.841593027115,0.0010871019448718147,0.0031055105105042458,0.0002992900833487511,0.00025145851075649263
52100,9284.195757865906,6.060264264494269e-05,0.003345402367413044,0.0003002575784921646,0.00024628885090351106
52200,9294.59750676155,0.001034406790171885,0.003100673146545887,0.0003000101447105408,0.0002462943270802498
52300,9308.97673535347,0.0008221848031025053,0.0031016063690185547,0.00029915470629930495,0.0003303094208240509
52400,9325.660959243774,0.0005204152384961198,0.003344894030264446,0.00029603963983910423,0.00040468204766511915
52500,9336.447000265121,9.253385291286775e-05,0.003452163152396679,0.0003002199530601501,0.00025541946291923523
52600,9346.927260637283,1.7695385764048e-05,0.003540255203843117,0.0003010552003979683,0.0002501530572772026
52700,9357.42069530487,0.001270731953739185,0.0031063155084848403,0.00030098576098680496,0.00024908054620027543
52800,9367.947458267212,0.0010136645576505256,0.0030928515642881394,0.0003001001477241516,0.00025033101439476014
52900,9378.433524370193,7.129857035740511e-05,0.003481336571276188,0.00029969759285449984,0.00024794310331344605
53000,9388.992807626724,0.0012948305806412305,0.003368804343044758,0.00030132509768009184,0.00025049053132534025
53100,9399.422061920166,0.00039411329012165096,0.003120778761804104,0.0003018677607178688,0.00024854596704244615
53200,9409.902651548386,0.003229314878973859,0.0031151746213436125,0.00030120197683572767,0.00024818085134029386
53300,9420.361407995224,0.0005251821540375101,0.003751938417553902,0.0003015698119997978,0.00024882569909095764
53400,9430.814092159271,0.0007600101720989119,0.003110436350107193,0.0003029017150402069,0.00024672359228134155
53500,9441.214664936066,0.000985024184122176,0.003088662289083004,0.000299847349524498,0.0002463969588279724
53600,9451.736545085907,0.002212595509439703,0.003132874146103859,0.00030044708400964735,0.00025120943784713747
53700,9462.124125957489,0.002610742765777838,0.003548630736768246,0.0003022845461964607,0.0002455979585647583
53800,9472.668488264084,0.001738838795045379,0.0035418196767568588,0.000301511495241097,0.00025045668440205714
53900,9483.276873111725,0.0031419085052373985,0.0035555075109004975,0.00030353061854839327,0.0002535022050142288
54000,9493.754226922989,0.0010410796499613808,0.0030788324400782587,0.0003000403568148613,0.00024890754371881485
54100,9504.10207104683,0.0010426902176623649,0.003356804922223091,0.0002996425330638885,0.000246691070497036
54200,9514.633254051208,0.0011034434784830006,0.00348166149109602,0.00030078306794166564,0.00025017142295837404
54300,9524.976442098618,0.0014316072327487386,0.00376650582998991,0.00030028268694877626,0.0002466806396842003
54400,9535.316116809845,0.0002700734013981351,0.003083719573915005,0.0002985284477472305,0.0002460508048534393
54500,9545.855011224747,0.0012020258093237738,0.003377599902451038,0.000301368422806263,0.00025076769292354585
54600,9556.299736976624,0.0001179485322490642,0.0034945790469646455,0.0003017225861549377,0.0002485354989767075
54700,9566.71116566658,0.00021075127424541483,0.003109634928405285,0.0003028431534767151,0.00024696290493011477
54800,9577.256402254105,4.8388360048642056e-05,0.0031094148382544515,0.00030100062489509584,0.0002486070618033409
54900,9587.592602014542,0.00022831566301578898,0.003071848452091217,0.00029944125562906263,0.00024642620235681533
55000,9598.006756305695,0.002532804455124767,0.0031306857615709307,0.0003010435029864311,0.0002483133226633072
55100,9608.611029148102,0.001307588428013186,0.003126993397516864,0.00029930135501282553,0.00025279333548886435
55200,9619.075810432434,6.453093650737484e-05,0.003117685578763485,0.0003034733235836029,0.00024816308170557024
55300,9629.684270381927,0.00021838942460058075,0.0035476347431540487,0.00029966577887535095,0.00025156401097774505
55400,9640.110820055008,2.4779852902393206e-05,0.0030649586394429205,0.00030018482357263565,0.0002474599704146385
55500,9650.500606298447,0.0012472118812498528,0.0030875904113054275,0.0002981869503855705,0.00024663746356964113
55600,9660.957885503769,0.001882507943151334,0.003392098732292652,0.0003047565743327141,0.00024697378277778627
55700,9671.409395933151,0.0018500762175331252,0.0031173794716596605,0.0003008484840393066,0.000247403085231781
55800,9682.111050844193,0.0010552992236884775,0.0033509282767772673,0.0003008552268147469,0.0002521426975727081
55900,9692.789707183838,0.0013915421252621834,0.0030848590657114984,0.00030040878802537916,0.00025186590850353243
56000,9718.118318796158,0.0032424448289920943,0.0038107816129922868,0.00030178092420101165,0.0005224453285336495
56100,9756.045186281204,0.00028907318815119736,0.003117700703442097,0.0003015359863638878,0.000911281518638134
56200,9766.478543996811,6.901686090954595e-05,0.003470344953238964,0.0002963334321975708,0.0002495349571108818
56300,9777.000012397766,0.0019631931911944763,0.0031199869886040688,0.0003035297989845276,0.00025055199861526487
56400,9787.448919534683,0.00023511920889513372,0.003492988534271717,0.0002988854423165321,0.00024905733764171603
56500,9797.94426560402,0.002125987144411311,0.003486451655626297,0.0003012132112468992,0.0002501128294638225
56600,9808.453809976578,0.000918357997553815,0.0031025466322898865,0.00030278630554676057,0.00024881176650524137
56700,9818.955345153809,0.0010317808676940782,0.003063427209854126,0.00029791604727506636,0.00024847690016031263
56800,9829.489509105682,0.00011412087621551132,0.003123951144516468,0.00030179940164089204,0.0002500510215759277
56900,9840.10224366188,0.0018687609568658775,0.004195107892155647,0.00030253689736127855,0.00025135938078165056
57000,9850.608131170273,0.0012387762873074428,0.003093521073460579,0.0003023223951458931,0.0002490011230111122
57100,9861.023374080658,0.001100556915567756,0.0031227728351950644,0.00030211977660655977,0.00024911455810070035
57200,9871.551724910736,0.00014648716822374453,0.0030849867314100264,0.0002998004481196404,0.00025000024586915967
57300,9885.973862171173,0.0018214737757188322,0.0031036393716931342,0.0003001069277524948,0.0003374456241726875
57400,9896.59587597847,0.0011473333055181103,0.0037268869951367378,0.0003022196888923645,0.000251375250518322
57500,9907.10513162613,0.0007951528947426484,0.003971554227173328,0.0003016146272420883,0.00024890873581171033
57600,9917.796891450882,0.0016342161049029136,0.00310955960303545,0.00029953759163618086,0.0002541324868798256
57700,9928.133712530136,0.0012080657694723313,0.0033634502440690996,0.0002983466535806656,0.00024540707468986514
57800,9940.120166540146,0.0010085276866625334,0.0031134209781885146,0.0003009343519806862,0.00028410695493221285
57900,9950.426201820374,0.0002483051666169997,0.0035480647693787296,0.000302296584205968,0.00024355584489447728
58000,9961.2483253479,6.480358311020839e-05,0.003073989525437355,0.0002984702959656715,0.00025484550744295123
58100,9976.303426265717,0.0010465606517284516,0.0031125054508447645,0.0003002975881099701,0.0003610597923398018
58200,9986.761766672134,0.0009370488024538487,0.003085233345627785,0.0003033018484711647,0.0002489996701478958
58300,9997.244466781616,0.00013818003687247643,0.0030886200442910195,0.0002982225641608238,0.00024925585836172104
58400,10007.7236058712,0.0026068184838058017,0.0030969272181391714,0.00030112743377685546,0.000248144268989563
58500,10019.965753793716,0.002246398466265724,0.003087658695876598,0.00030084632337093356,0.0002894507721066475
58600,10032.84794139862,0.002234317927864102,0.0031390441954135895,0.0003032009303569794,0.00029869619756937025
58700,10043.673480510712,0.0020135498105704574,0.0033313799276947975,0.00030004292726516725,0.0002597879618406296
58800,10058.509865283966,0.0002583542709752423,0.0037262878194451333,0.00029945019632577897,0.00034919355064630506
58900,10069.434545755386,0.0008355316642558511,0.003086954317986965,0.0003013697639107704,0.00025802675634622573
59000,10082.906809091568,9.54669532992905e-05,0.003961253687739372,0.0003015265241265297,0.0003157483041286468
59100,10094.206486225128,0.0010748497639532703,0.003393779546022415,0.00030162852257490156,0.00026537250727415085
59200,10103.885637521744,0.0010054914475868734,0.003504034914076328,0.0003004352003335953,0.0002341267466545105
59300,10122.816009998322,5.607339368914027e-05,0.0035862633852022036,0.0003031998500227928,0.00045650568923779895
59400,10133.035782575607,0.0011727595506194274,0.0033629070594906807,0.0003011423349380493,0.0002488810569047928
59500,10142.995187044144,0.0011591062583725775,0.0031145428121089934,0.00030113503336906436,0.00024230431765317917
59600,10153.304970502853,0.0017349027014903135,0.0030796481668949128,0.00030204307287931445,0.0002497674524784088
59700,10163.467586755753,0.0016815035434733627,0.0033697625994682312,0.0003052952513098717,0.00024503689259290694
59800,10174.039442539215,0.0010965963018812338,0.003108566217124462,0.00030052065849304197,0.0002537330985069275
59900,10185.47742509842,6.692939629624306e-05,0.003377055898308754,0.00029878005385398866,0.0002699447050690651
60000,10198.791402101517,0.0014500291069569357,0.0030992552265524864,0.0003006601706147194,0.0003122441470623016
60100,10210.086899995804,0.0010764944175061962,0.0034971343725919723,0.00029904428869485854,0.00026891399174928666
60200,10235.171521425247,0.00011783898861027765,0.003095739558339119,0.00029955536127090454,0.0005940070003271103
60300,10278.684264183044,4.4877951481622214e-05,0.0035496382787823678,0.0003015625849366188,0.0010472970083355904
60400,10306.74873971939,0.0025922584486472422,0.0034698038920760155,0.0002992222085595131,0.000672735795378685
60500,10328.344303369522,0.0012641797452227674,0.003113412708044052,0.00030106943100690844,0.0005191256478428841
60600,10350.27914571762,0.0010408461325724769,0.0034611520064728608,0.0002984877782208579,0.0005294545899544444
60700,10362.026926994324,0.0001286956692023883,0.0030953558534383774,0.00030426036566495897,0.0002769343927502632
60800,10375.929523468018,0.0012946188624622145,0.003139847181737423,0.0002990697696805,0.00032401416450738907
60900,10386.475849628448,0.0016130505006630557,0.0030797339230775834,0.00030082885175943376,0.0002496347576379776
61000,10397.084039211273,0.0011988599436638827,0.003093152865767479,0.0003010586649179459,0.00025414127856492996
61100,10407.61614370346,0.0016890478136206927,0.0038256412371993065,0.0002983568236231804,0.00024989519268274306
61200,10418.909613847733,0.0018799528031982564,0.003840450532734394,0.0003008657321333885,0.0002709617465734482
61300,10429.525101423264,0.00028942952325130053,0.003130752481520176,0.0003069800138473511,0.000252155140042305
61400,10440.081429481506,6.435381551038566e-05,0.0030889769271016123,0.00029977589845657347,0.0002525521814823151
61500,10450.476353406906,0.0026753245650802783,0.0031093064323067664,0.00029930390417575836,0.00024852074682712554
61600,10461.031530618668,0.0016965944049178638,0.003113972991704941,0.0003013800829648972,0.0002511797100305557
61700,10471.356957912445,0.001282884417735863,0.0034695280343294142,0.00030184607952833177,0.00024716541171073916
61800,10481.65063881874,0.0003158707931732788,0.004120052047073841,0.00030233826488256454,0.0002462520077824593
61900,10491.993195056915,0.00040678829107298754,0.0030715595558285713,0.00029833547770977023,0.00024731844663619993
62000,10502.700513124466,4.9437410920423754e-05,0.0030815117061138153,0.0002994201172675405,0.00025403442127364025
62100,10513.602608680725,2.2091572326282394e-05,0.0031115326285362246,0.00030066028237342836,0.00025663476437330244
62200,10524.847877264023,2.7458012900961058e-05,0.003083248436450958,0.00029994651675224304,0.0002652278915047646
62300,10538.24605178833,0.002288861210143004,0.0033872705325484276,0.00029898930341005326,0.000322205126285553
62400,10549.61051106453,0.0013775766646510908,0.0033851363137364387,0.0003016586974263191,0.00027182068675756454
62500,10564.04444694519,0.0011343162913989686,0.0035352684929966928,0.00030023377388715744,0.00033677980303764343
62600,10576.905555963516,0.0012605197570646296,0.003544492982327938,0.00030136294662952423,0.00029835846275091173
62700,10608.762617349625,0.0001147092471038541,0.003494034968316555,0.00030140288174152375,0.0007564876601099967
62800,10636.81672501564,0.002295359217719889,0.003100891225039959,0.00030050672590732576,0.0006721125543117523
62900,10667.653386116028,0.00023760149026462034,0.0031045204773545265,0.00029923371970653535,0.000719042457640171
63000,10684.467944145203,7.748374963557097e-05,0.0034729958325624465,0.00029996391385793685,0.00040278013795614243
63100,10707.894122123718,0.001795116024617488,0.0033503106981515886,0.0002979382127523422,0.0005571863800287246
63200,10730.997284173965,0.00013617225781641234,0.003490142486989498,0.0002994443103671074,0.0005367061495780945
63300,10750.035272598267,0.0026802772586551806,0.0030892777815461157,0.00030617449432611464,0.0004451262205839157
63400,10784.11693930626,0.0009434187655820547,0.00308611486107111,0.00030492632516792846,0.0008124312066606112
63500,10809.140220403671,0.0013113983515593492,0.0033748324587941168,0.000297093465924263,0.0005867543816566467
63600,10850.43513584137,0.0017075565986058978,0.003760734759271145,0.0003013665229082108,0.0009928940236568452
63700,10883.495557785034,0.001050175506415653,0.003120778612792492,0.0003020457550883293,0.0007925127819180489
63800,10894.71166062355,7.525456619682596e-05,0.004414059109985828,0.00029956180602312086,0.00026339873671531676
63900,10905.463238477707,0.0010245721835198964,0.003067181371152401,0.0003002358227968216,0.00025585781782865523
64000,10937.106417417526,0.0019065411423271794,0.003108735494315624,0.00030061069875955584,0.0007595079019665718
64100,10948.112717866898,0.0020202703507088055,0.003124978095293045,0.0003047988936305046,0.0002602041885256767
64200,10966.303251504898,0.0010809133158534822,0.0030925460904836655,0.0003007589653134346,0.00043001096695661546
64300,10977.282202482224,0.00010587014149815416,0.0031099678948521615,0.00030286222696304324,0.00026079904288053515
64400,10995.384375572205,4.0577962466980254e-05,0.0030980849638581275,0.0003010668233036995,0.0004235891625285149
64500,11008.415399074554,0.0017668397859924951,0.003350656032562256,0.00030095234513282775,0.00031347028911113737
64600,11019.544011116028,0.0011584967653470218,0.0031005844101309778,0.00030099939554929735,0.00026137430220842363
64700,11030.353680849075,0.00027669050525723715,0.0034657590091228484,0.00029843486845493317,0.0002558492124080658
64800,11044.555807113647,0.0030957566050871755,0.003338582297520978,0.0002993635673608099,0.00033806875348091125
64900,11056.362491607666,0.0015051213479475585,0.004395793490111828,0.0003010591119527817,0.0002766340970993042
65000,11068.100059747696,0.00014180110265870266,0.003077077716588974,0.00029661707580089567,0.00027850788086652756
65100,11079.560806512833,0.0010442831975080334,0.0030959716439247133,0.00030219122767448424,0.0002689142525196075
65200,11091.42483496666,6.639418795004876e-05,0.003078259900212288,0.00030075863003730773,0.0002789605036377907
65300,11104.910835027695,0.0019816016357972074,0.0031297096982598306,0.0003014644980430603,0.0003175519779324532
65400,11116.961849451065,0.0009556498960174792,0.003077297918498516,0.00029960043728351595,0.0002848463878035545
65500,11128.896217107773,0.00015872718141924673,0.0033643315732479096,0.00030155714601278307,0.00028166770935058596
65600,11140.49768447876,0.0020978234725550675,0.003100246787071228,0.0003012946620583534,0.0002693314477801323
65700,11151.481662750244,0.0016132374315881595,0.0035022948682308197,0.0002993146702647209,0.00026021990925073624
65800,11171.818599939346,0.0011069734881982312,0.0031059270724654196,0.00029964908957481385,0.00048255886882543565
65900,11200.339814901352,0.00012346615046606056,0.0033700215443968774,0.0003034350648522377,0.0006781430542469025
66000,11210.900516271591,0.0026453458003619455,0.0035099917277693748,0.00030368681997060775,0.000252532996237278
66100,11225.716490268707,0.00029879604677787193,0.0031124884741646906,0.00029961630169834404,0.0003490994391696794
66200,11246.355425834656,8.287326413717961e-05,0.0031292131543159485,0.0003022962063550949,0.0004939009249210357
66300,11258.057492256165,0.0013868746862887881,0.003083977662026882,0.00029945354908704757,0.0002691948041319847
66400,11286.711887836456,6.386461630664225e-05,0.003103620447218418,0.0003005242720246315,0.0006864354759454727
66500,11304.218387842178,0.0010247910526951817,0.003542355000972748,0.0002995675429701805,0.00040424786508083346
66600,11316.617458820343,0.001117711157443313,0.003755311667919159,0.0003033283352851868,0.00028393272310495377
66700,11333.874932527542,0.0017706075058420614,0.003104921989142895,0.00030189111828804016,0.000408485047519207
66800,11345.427472114563,0.001807596880648246,0.003562666140496731,0.0003009931370615959,0.00027518440037965775
66900,11356.236573696136,0.00019364819291365105,0.00311434593051672,0.00030104201287031176,0.00025536153465509413
67000,11371.633043766022,0.0019288094411761202,0.003327476978302002,0.0002970331907272339,0.0003682569786906242
67100,11388.211293458939,0.0027040901103981174,0.003494341634213924,0.0002985439449548721,0.0003891509771347046
67200,11409.31066775322,0.00016933173653810695,0.003740694969892502,0.00030268605798482894,0.0004846742749214172
67300,11439.717304706573,0.0003531962611109285,0.003111500479280949,0.00030339282006025314,0.0007219395041465759
67400,11460.913162708282,0.0003613141215240126,0.003093727119266987,0.0003029904514551163,0.0004834114760160446
67500,11477.973340511322,0.0011437507577606153,0.0035550720723611967,0.0002967105380126408,0.0003997707739472389
67600,11520.46834731102,0.0009594366952906341,0.003383212871849537,0.00030165519565343856,0.0010230375081300735
67700,11557.618804693222,0.0002870200868925377,0.003133746087551117,0.00030187301337718963,0.0008938099071383476
67800,11581.7875020504,0.002081737727361816,0.0037569271028041838,0.00030510734766721727,0.000583554171025753
67900,11601.318568944931,0.0017328522318546086,0.003105090782046318,0.0003007626533508301,0.0004643329977989197
68000,11632.983924627304,0.0010090135150510769,0.0034553711488842964,0.00029981926083564757,0.0007542700693011283
68100,11665.424011945724,0.0025658550607935327,0.003096955306828022,0.0003004639595746994,0.0007689634338021278
68200,11683.620669603348,0.00101878754526649,0.003117571659386158,0.00029851578176021576,0.00042320441454648974
68300,11698.37220954895,0.00021974727387731762,0.0030968334153294564,0.00029881108552217485,0.000341450497508049
68400,11716.954047441483,0.0012543098095238244,0.0030873275548219683,0.00030101750046014787,0.00044043712317943574
68500,11728.162993907928,9.024808098628905e-05,0.00307122103869915,0.00030121855437755587,0.00026545088738203046
68600,11740.227202892303,0.0010106349910231779,0.003098912462592125,0.00030111752450466154,0.0002854505553841591
68700,11754.29046368599,0.0012587102952976137,0.003101620189845562,0.00030087340623140334,0.0003373605757951736
68800,11786.462401866913,0.0007855295142829363,0.0035587891191244127,0.00030031852424144745,0.0007776808738708496