#=== darpa_temp_context_baseline_pretrained_base_w10_full_0.001lr ===
#
#Metrics:
#  Accuracy: 0.4159 | Micro F1: 0.4159 | Macro F1: 0.7239 | 
#  False Alarms: 2 | False Alarm Rate: 0.0001
#  Missed Attacks: 22043 | Detection Rate: 0.0012
#
#Per-Class Metrics:
#  [phase1] P=0.8333 | R=0.8333 | F1=0.8333 | 
#  [phase2] P=0.8571 | R=1.0000 | F1=0.9231 | 
#  [phase3] P=1.0000 | R=1.0000 | F1=1.0000 | 
#  [phase4] P=1.0000 | R=1.0000 | F1=1.0000 | 
#  [phase5] P=0.0000 | R=0.0000 | F1=0.0000 | 
#
#Inference time:
#  Average: 0.0023 | Total: 87.5779
#
#Confusion Matrix:
#         	      	      	      	Actual	      	      	      
#         	      	benign	phase1	phase2	phase3	phase4	phase5
#         	benign	 15673	     1	     0	     0	     0	 22042
#         	phase1	     1	     5	     0	     0	     0	     0
#Predicted	phase2	     1	     0	     6	     0	     0	     0
#         	phase3	     0	     0	     0	    10	     0	     0
#         	phase4	     0	     0	     0	     0	     6	     0
#         	phase5	     0	     0	     0	     0	     0	     0
i,time,loss,ground_time,compile_time,eval_time
100,6.772643804550171,8.01299623489343,0.0020292552933096884,0.00017534010112285614,9.46405902504921e-05
200,14.082645416259766,8.284989102780438,0.002226923145353794,0.00017761185765266418,9.717322885990143e-05
300,20.614150762557983,8.43177890449724,0.002149322144687176,0.00018923543393611908,0.00011112757027149201
400,27.46412420272827,7.866206433176617,0.0020917215198278426,0.00018282733857631682,0.00032188113778829574
500,32.237560987472534,8.509491152464967,0.0020555393397808075,0.0001756313443183899,9.588051587343216e-05
600,36.757455587387085,8.362701350748162,0.0020541010051965715,0.00017915375530719758,9.796649217605591e-05
700,40.94342851638794,8.021630929112046,0.0020794200524687765,0.00017880715429782868,9.784549474716187e-05
800,44.81226134300232,8.358384003638847,0.002209577299654484,0.00017615031450986861,9.504042565822602e-05
900,50.4802782535553,8.159786036610237,0.002349269911646843,0.00017980802804231643,0.00010167252272367477
1000,53.839858293533325,8.190007466375455,0.0020449118688702582,0.00017728038132190703,9.656209498643875e-05
1100,57.005865812301636,8.177055424927586,0.0020490778982639314,0.00017558719962835313,9.398356080055237e-05
1200,60.05553317070007,8.207276854812728,0.0020509756729006766,0.00017675001174211503,9.634029120206833e-05
1300,62.811241149902344,8.198642160594085,0.0020585352182388304,0.00017686668783426285,9.501028805971146e-05
1400,65.19281554222107,7.784176838099566,0.0020697092637419704,0.00017692863941192626,9.437556245497294e-05
1500,66.31046223640442,8.604472788869952,0.002358093000948429,0.00017759881913661957,8.708018809556961e-05
1600,67.42263269424438,8.310893185376397,0.0022290682047605512,0.00017918530851602555,8.632108569145202e-05
1700,68.52719330787659,8.24181563168726,0.0020686455070972444,0.0001775559037923813,8.628524839878082e-05
1800,69.86440420150757,8.185690119206184,0.002061016410589218,0.00017834756523370742,0.00010489463806152343
1900,70.9132616519928,8.617424830197907,0.0020499328896403314,0.00017958827316761017,8.298512548208237e-05
2000,71.94252467155457,8.038900317549315,0.0020805540680885314,0.00017742831259965898,8.137993514537811e-05
2100,72.97043251991272,8.466317681371784,0.0020764055848121643,0.00017815597355365752,7.961656898260117e-05
2200,74.02341341972351,8.315210532545676,0.002056812085211277,0.00017924550920724868,8.251167833805085e-05
2300,75.06974124908447,8.280671755671108,0.0022547244653105735,0.00017798703163862228,8.220624178647995e-05
2400,76.110684633255,7.827350309192758,0.0020650941133499145,0.00017767854034900666,8.175205439329148e-05
2500,77.40863537788391,8.45336564004384,0.0020595648139715194,0.00017928596585988998,0.00010169453918933868
2600,78.54866766929626,8.319527879654991,0.0020574112609028816,0.00017821367830038072,8.766714483499527e-05
2700,79.68073582649231,7.995726846456148,0.0020596467703580855,0.0001804477721452713,8.755233138799668e-05
2800,80.80315017700195,8.107977871298413,0.002356963939964771,0.00017823713166373114,8.68686448250498e-05
2900,82.08692789077759,7.956870722472289,0.0022347018122673033,0.0001790709048509598,0.00010112155228853226
3000,83.37727952003479,8.3108931853764,0.002048448100686073,0.00017994437366724013,0.00010096274316310882
3100,84.46937394142151,8.487904416918377,0.0020648562535643578,0.00017901577055454254,8.592750877141953e-05
3200,85.5635724067688,8.46200033426247,0.002056229151785374,0.00017849814146757127,8.587174117565155e-05
3300,86.64995670318604,7.913697251319153,0.0020704586803913117,0.00017910506576299668,8.553512394428253e-05
3400,87.73188352584839,8.280671755671117,0.002069436237215996,0.00017753519117832183,8.568093180656433e-05
3500,88.81991410255432,8.379970739185437,0.002064322866499424,0.00017821509391069412,8.587565273046493e-05
3600,89.91630363464355,8.012996234893418,0.0020690635591745377,0.0001788174733519554,8.573465049266816e-05
3700,91.0254397392273,8.202959507703389,0.0020830065757036207,0.00017826590687036514,8.677013218402863e-05
3800,92.13441586494446,8.310893185436345,0.002066757157444954,0.00017795592546463013,8.626371622085572e-05
3900,93.25921368598938,8.034582970439997,0.0022513988986611368,0.00017795011401176454,8.608143776655198e-05
4000,94.38976526260376,8.431778904497252,0.002056427039206028,0.00017926346510648727,8.650470525026322e-05
4100,95.51685214042664,8.220228896140675,0.0020591355115175246,0.00017821263521909712,8.701559156179428e-05
4200,96.65134716033936,8.290539981722448,0.0020802086964249607,0.0001765248498746327,8.67053387420518e-05
4300,97.76227879524231,7.874841127395252,0.002064250148832798,0.00017873484641313552,8.582878857851029e-05
4400,99.08498501777649,8.177055425047495,0.0020568760111927984,0.0001798059418797493,0.00010204721242189407
4500,100.40438938140869,8.07775644147323,0.0020704310759902,0.00017772071063518524,0.00010157942771911621
4600,101.52057456970215,8.155468689440955,0.0020629559084773064,0.0001779390871524811,8.595764636993409e-05
4700,102.63906860351562,8.112295218407729,0.0022194523364305494,0.00017901774495840072,8.634835481643676e-05
4800,103.7586236000061,8.185690119266132,0.002055434100329876,0.00017861690372228623,8.64313542842865e-05
4900,104.8993411064148,8.25476767301523,0.002051408216357231,0.00018053341656923294,8.76086950302124e-05
5000,106.00942182540894,8.22454624324999,0.0020623719692230225,0.00017848499119281768,8.603416383266449e-05
5100,107.20391130447388,8.159786036610221,0.002231116145849228,0.0001787997782230377,9.212829172611237e-05
5200,108.36739826202393,8.237498284577951,0.0020647429302334784,0.00017773251980543136,8.999090641736984e-05
5300,109.49255776405334,8.302258491217708,0.0020728406682610514,0.00017822787165641785,8.696474134922027e-05
5400,110.60081052780151,8.349749309420199,0.0020870155468583106,0.0001789167895913124,8.62051546573639e-05
5500,111.7065839767456,7.939601334035015,0.002357204593718052,0.00017808977514505387,8.640121668577195e-05
5600,112.83034181594849,8.344815210639684,0.0020874561848384992,0.00017630874046257566,8.70159374816077e-05
5700,113.94432878494263,8.367018697797523,0.002237759307026863,0.00017839848995208741,8.710213005542755e-05
5800,115.06535291671753,8.362701350748162,0.002069345451891422,0.00017958156764507293,8.712485432624817e-05
5900,116.18029308319092,8.220228896140673,0.0020650065317749976,0.00017898686230182647,8.705534040927888e-05
6000,117.46355152130127,8.35838400363885,0.0020481131598353384,0.00017903875559568405,0.00010025668889284134
6100,118.64018249511719,8.470635028481105,0.002061121352016926,0.00017855387181043626,8.984595537185669e-05
6200,119.7199854850769,7.935283986925706,0.0020632243901491164,0.00018003705888986588,8.414037525653839e-05
6300,121.03498768806458,8.423144210278611,0.002051136717200279,0.00017923444509506225,0.00010086596012115479
6400,122.15931177139282,8.250450325905893,0.002070343643426895,0.00017832603305578231,8.783813565969467e-05
6500,123.23965072631836,8.099343177079769,0.0022494830563664437,0.00017707042396068574,8.52789357304573e-05
6600,124.33734321594238,7.892110515832525,0.002052960991859436,0.00017917219549417495,8.605185896158218e-05
6700,125.46177935600281,8.518125846683603,0.0020461996644735338,0.00017982881516218186,8.663039654493331e-05
6800,126.56710171699524,7.926649292707063,0.0020777763426303862,0.00017779506742954254,8.574735373258591e-05
6900,127.67810416221619,8.071588810979943,0.002364121207169124,0.00017717412007706504,8.667880935328348e-05
7000,128.78565311431885,8.025948276221378,0.0020475467666983605,0.00017989333719015121,8.663944900035858e-05
7100,129.90900683403015,8.03458297044,0.002080488055944443,0.00017850637435913087,8.632753044366836e-05
7200,131.0226469039917,8.146833995222316,0.0020595813170075417,0.0001779036968946457,8.693419396877289e-05
7300,132.14719915390015,8.656280954181774,0.002350536733865738,0.00017909973859786988,8.73536616563797e-05
7400,133.27408862113953,8.4231442102786,0.0020859242230653764,0.00017689917236566544,8.671220391988755e-05
7500,134.37653875350952,8.237498284577951,0.0020683922991156577,0.00018175464123487472,8.492570370435715e-05
7600,135.50475883483887,8.73399320214949,0.002071016728878021,0.00017857886850833893,8.618634194135666e-05
7700,136.6170620918274,7.879158474504569,0.002220257557928562,0.00017810676246881484,8.591916412115097e-05
7800,137.8974747657776,8.803070755838627,0.0022154204174876214,0.00017864704132080077,9.856142103672028e-05
7900,138.9687478542328,8.276354408561804,0.0020696884021162987,0.0001794353872537613,8.152198046445846e-05
8000,140.0301525592804,8.423144210278608,0.0020621079951524735,0.00017752591520547867,8.222643285989762e-05
8100,141.07357358932495,8.574251359104732,0.0020654567331075666,0.0001774522662162781,8.202981203794479e-05
8200,142.1167459487915,7.853254391848659,0.0020731306076049805,0.00017769854515790938,8.197378367185592e-05
8300,143.5063328742981,8.168420730828863,0.002051422888679164,0.0001786940385188375,0.00010622580136571612
8400,144.79259133338928,8.561299317776772,0.0020633944496512412,0.0001797075942158699,9.93100181221962e-05
8500,148.09086155891418,8.1554686895009,0.0020757904648780823,0.00017804615199565888,0.0004193292930722237
8600,149.28653120994568,8.2159115489714,0.0020571905374526978,0.00017741240561008453,9.304199367761612e-05
8700,150.55703568458557,7.887793168723199,0.002079976834356785,0.00017981626093387603,9.808748960494995e-05
8800,151.589595079422,8.297941144108387,0.002075522765517235,0.0001775158941745758,8.018296211957932e-05
8900,152.64635968208313,8.544029929339507,0.0020729650929570196,0.00017864368855953218,8.331067860126496e-05
9000,153.70181345939636,8.01731358200274,0.002065415643155575,0.00017922785133123398,8.287396281957627e-05
9100,154.75415229797363,8.259085020124534,0.002067214213311672,0.0001786663383245468,8.237052708864211e-05
9200,155.9428973197937,8.250450325905904,0.0023430368304252626,0.00017947092652320862,9.247925132513046e-05
9300,157.1228666305542,8.302258491217708,0.002241428792476654,0.00017795763909816742,9.16196033358574e-05
9400,158.23077511787415,7.805763573646171,0.0020568910986185074,0.00017871960997581482,8.703824132680893e-05
9500,159.33941197395325,8.384288086294758,0.0022194359824061396,0.0001793164387345314,8.72119516134262e-05
9600,160.44931888580322,7.95687072241233,0.002066890150308609,0.00017690885812044144,8.727990090847016e-05
9700,161.76395177841187,8.000044193565465,0.0020770640085850446,0.000178441692675863,0.00010015955460923059
9800,162.79668045043945,8.34543196231089,0.0020543644577264786,0.00017748184502124786,8.008167147636413e-05
9900,163.92793703079224,8.250450325905906,0.0020548398420214653,0.000179421603679657,8.832812309265137e-05
10000,164.9676215648651,8.31521053254566,0.0020653777197003364,0.00017825808376073838,8.157148957252503e-05
10100,166.01871180534363,8.336797268092251,0.002077903784811497,0.00017713092267513276,8.211497217416763e-05
10200,167.06337094306946,7.943918681144336,0.0020605890825390817,0.00018063582479953765,8.208632469177246e-05
10300,168.10722970962524,8.19432481348476,0.002245383150875568,0.00017863459885120392,8.177421987056732e-05
10400,169.1590986251831,8.168420730828856,0.002073630578815937,0.0001792648807168007,8.256088942289353e-05
10500,170.21736764907837,8.2634023671739,0.0020538465678691864,0.00017962247133255005,8.240215480327606e-05
10600,171.26060247421265,7.995726846456137,0.002242250442504883,0.00017717190086841584,8.184533566236495e-05
10700,172.3139362335205,8.27635440856181,0.002350255660712719,0.00017903391271829606,8.282583206892013e-05
10800,173.49449515342712,8.349749309360247,0.0020655716955661776,0.00017829734832048417,9.278442710638047e-05
10900,174.68172073364258,8.263402367233857,0.0020563850179314614,0.00017814524471759796,9.349890053272247e-05
11000,175.78438472747803,8.449048292934513,0.002063307873904705,0.00017798762768507005,8.670371025800704e-05
11100,176.91280961036682,8.052469124793628,0.0020769063915525164,0.00017835474972214017,8.739947208336423e-05
11200,178.03046417236328,8.51380849957428,0.0020681783929467202,0.00017808739095926285,8.721962571144104e-05
11300,179.1492087841034,8.341114615201562,0.00208007100969553,0.00017694290727376938,8.688155561685562e-05
11400,180.28840970993042,8.159786036610233,0.0022311986237764357,0.00017839521169662475,8.83256271481514e-05
11500,181.41814947128296,8.552664623558139,0.0020544371753931047,0.00017891392111778258,8.786339312791825e-05
11600,182.7144227027893,8.194324813484767,0.002067634090781212,0.0001776839792728424,0.00010150916874408722
11700,183.77093744277954,7.922331945597747,0.0020669610053300857,0.00017753809690475463,8.19917768239975e-05
11800,184.83215975761414,8.125247259675733,0.0023415079340338707,0.00017813932150602342,8.279263973236084e-05
11900,185.88816118240356,8.112295218407722,0.0022342834249138833,0.00017763037234544754,8.243203163146973e-05
12000,187.21925854682922,8.483587069809063,0.00205471396446228,0.00017892025411128998,0.00010433897376060485
12100,188.48899006843567,8.591520747542003,0.002069826275110245,0.0001808152347803116,9.917747229337692e-05
12200,189.54950737953186,7.624434995054823,0.0020624042302370073,0.00018125463277101516,8.290998637676239e-05
12300,190.6023669242859,8.107977871298408,0.0020754921063780786,0.00017829235643148421,8.262857794761657e-05
12400,192.02175498008728,8.561299317716822,0.0020772536311830796,0.00017795162009341382,0.00010950151830911638
12500,193.14104890823364,8.133881953894367,0.002067699506878853,0.0001790870726108551,8.80618765950203e-05
12600,194.2673797607422,8.384288086294742,0.002067190706729889,0.00017723973840475083,8.666802197694779e-05
12700,195.40540313720703,8.427461557387929,0.0022281036525964738,0.00017919328063726426,8.831311017274856e-05
12800,196.53320169448853,8.159786036610226,0.0020515792816877365,0.00017844166606664657,8.81141796708107e-05
12900,197.6403784751892,8.505173805355648,0.002243021763861179,0.0001782924309372902,8.684083819389343e-05
13000,198.75539755821228,8.574251359044794,0.0020336776971817015,0.0001787284016609192,8.772730827331543e-05
13100,199.88897013664246,8.306575838327019,0.0023677028715610505,0.00018029730767011643,8.737105876207352e-05
13200,201.00802850723267,8.302258491217719,0.002051483951508999,0.00017955131828784943,8.717630058526992e-05
13300,202.14729189872742,7.857571738957983,0.0020595084130764006,0.00017875578254461288,8.771147578954696e-05
13400,203.27236604690552,8.33247992098293,0.0020801034569740296,0.00017757441848516463,8.68208333849907e-05
13500,204.53284978866577,8.375653392076106,0.0020736085623502733,0.00017679821699857713,9.813789278268814e-05
13600,205.5906858444214,8.310893185436338,0.002082809805870056,0.00017770096659660339,8.284151554107665e-05
13700,206.95033311843872,8.444730945825201,0.0020613013207912445,0.00017829030752182008,0.00010541655123233795
13800,208.12868666648865,8.209743918478118,0.002066652907856873,0.00017964550959212442,9.075358510017395e-05
13900,209.24939846992493,7.935283986925698,0.002063131332397461,0.00017765939235687257,8.715040981769561e-05
14000,210.39254069328308,8.721041160821544,0.0020557208731770515,0.00017904341220855712,8.865773677825928e-05
14100,211.51898765563965,8.362701350748152,0.002072564736008644,0.00017685212194919585,8.79250094294548e-05
14200,212.65239477157593,8.01731358194278,0.0020733287557959555,0.0001780698448419571,8.85789468884468e-05
14300,213.77311182022095,8.677867689728355,0.002226558215916157,0.00017844345420598985,8.81367176771164e-05
14400,214.90432405471802,8.492221764027699,0.002054765745997429,0.00018101412802934647,8.891750127077103e-05
14500,216.04895758628845,8.323845226764293,0.0020636816695332526,0.00017837721854448317,8.724354207515716e-05
14600,217.18922972679138,8.004361540674786,0.002065291479229927,0.0001780874654650688,8.747253566980362e-05
14700,218.32781839370728,8.142516648172956,0.0020554806664586068,0.00018018722534179687,8.909281343221664e-05
14800,219.4652967453003,8.569934011995414,0.002365026995539665,0.0001782790943980217,8.861172944307327e-05
14900,220.59552717208862,8.086391135751816,0.002072855234146118,0.0001777329295873642,8.826650679111481e-05
15000,221.71395111083984,8.323845226764304,0.0022181213647127153,0.00017972595989704132,8.793916553258896e-05
15100,222.81801438331604,8.138199301003674,0.002087506391108036,0.00017792195081710815,8.715495467185974e-05
15200,223.9461739063263,8.354683422445872,0.0020683060533234054,0.00017829902470111846,8.750203996896744e-05
15300,225.0482873916626,8.095025829970451,0.002069952189922333,0.00017808303236961366,8.697323501110077e-05
15400,226.1546814441681,8.14683399528227,0.0022302930802106857,0.00017848879098892212,8.678443729877472e-05
15500,227.25559306144714,7.620117647885541,0.0020697152987122535,0.0001778288185596466,8.652951568365097e-05
15600,228.36460399627686,8.466317681371791,0.002353294640779495,0.00018055282533168792,8.697345852851867e-05
15700,229.45914387702942,8.500856458246323,0.002089747376739979,0.000177275650203228,8.618418127298355e-05
15800,230.56333565711975,8.185690119266132,0.0020668817311525344,0.00017861049622297287,8.65773856639862e-05
15900,231.66010904312134,8.48790441691838,0.0020636947453022,0.00017999127507209778,8.648280054330826e-05
16000,232.75944185256958,8.487904416918377,0.0020700372755527497,0.00017823770642280579,8.679311722517013e-05
16100,233.8668041229248,8.561299317776777,0.0020576943457126617,0.00017930861562490464,8.644741028547287e-05
16200,234.9689838886261,8.44904829293452,0.0020524285361170768,0.00017825290560722352,8.63494724035263e-05
16300,236.22424221038818,8.207276854812715,0.002060996629297733,0.00017820984125137328,9.877797216176986e-05
16400,237.31743597984314,7.779859490930302,0.002070537880063057,0.00017862703651189805,8.588839322328568e-05
16500,238.409259557724,8.427461557387932,0.002213860638439655,0.00017891932278871537,8.581839501857758e-05
16600,239.51043891906738,8.033349452912427,0.0020655968465975354,0.00017886244292770112,8.578056203467506e-05
16700,240.60270404815674,8.436096251606566,0.0020618288218975066,0.0001790313795208931,8.58374685049057e-05
16800,241.6959843635559,7.948236028253657,0.0020529352128505706,0.00017924301326274872,8.592106401920318e-05
16900,242.7748830318451,8.487904416918374,0.0022258665785193444,0.0001782428100705147,8.497901260852814e-05
17000,243.86129188537598,8.0561697059866,0.0020629092678427696,0.00017873741686344146,8.563701063394546e-05
17100,244.93611359596252,8.03026562333068,0.002374993450939655,0.00017756953835487365,8.473526686429978e-05
17200,246.02669167518616,8.595838094651329,0.0020583928376436233,0.00017874255776405333,8.617356419563294e-05
17300,247.1097116470337,8.595838094591368,0.002224160358309746,0.00017894934862852096,8.547030389308929e-05
17400,248.17215657234192,8.276354408561797,0.002072647884488106,0.00017571542412042618,8.371606469154358e-05
17500,249.2518711090088,8.328162573873623,0.002063385248184204,0.0001780422031879425,8.455786854028702e-05
17600,250.3352346420288,7.9914094993468305,0.002062488682568073,0.0001781700924038887,8.516639471054077e-05
17700,251.41381573677063,8.107977871238461,0.0020635289698839186,0.00017845921218395233,8.468586951494216e-05
17800,252.47779774665833,7.650339077710714,0.002087290696799755,0.00017617668956518173,8.361991494894027e-05
17900,253.79050302505493,8.064804400205231,0.002067193537950516,0.00018354296684265138,0.00010349180549383163
18000,254.82004404067993,8.112295232712848,0.002053225939827306,0.00018180331481354575,8.023606347186226e-05
18100,255.83605647087097,8.405874821841335,0.0022245652973651884,0.00017795369029045106,7.979262620210647e-05
18200,256.86119747161865,8.120929912566407,0.002070278190076351,0.00017787229269742967,8.009381592273712e-05
18300,257.89095163345337,7.991409499346843,0.002048366367816925,0.00017876159399747847,8.092168718576431e-05
18400,258.9189872741699,7.866206433176625,0.00206198800355196,0.00017936717718839646,8.046109229326248e-05
18500,259.97640562057495,8.362701350748159,0.0020692525058984756,0.00017788968980312348,8.200380951166153e-05
18600,261.0184898376465,8.470635028481116,0.002055790312588215,0.0001805635541677475,8.157923817634582e-05
18700,262.0532615184784,8.241815631627299,0.0020870134234428407,0.000178237147629261,8.148670196533202e-05
18800,263.0655813217163,7.69782989591321,0.0022468776255846023,0.00017614636570215225,7.99502432346344e-05
18900,264.08793449401855,8.34543196231089,0.002053321860730648,0.00017903536558151246,7.904630154371262e-05
19000,265.1175138950348,8.40587482184133,0.0020748491585254668,0.00017778221517801286,7.998161017894745e-05
19100,266.1259377002716,8.220228896140675,0.002346537597477436,0.00017849709838628768,7.84042477607727e-05
19200,267.172301530838,8.259085020124527,0.00206773541867733,0.00017767373472452164,8.239444345235825e-05
19300,268.2290494441986,8.08084027111493,0.0020620428238596234,0.00017817730882338116,8.2072237772601e-05
19400,269.27829670906067,8.349749309420208,0.002060156799852848,0.00017892438918352128,8.177544921636582e-05
19500,270.47269916534424,8.263402367233846,0.0020722533389925957,0.00018001161515712738,9.38066840171814e-05
19600,271.91956853866577,8.151151342331637,0.002040262408554554,0.00018033742904663086,0.00011339668184518814
19700,272.9353790283203,8.310893185436344,0.0022321952134370803,0.00017837390303611754,7.962878793478012e-05
19800,273.9640281200409,8.263402367233857,0.002052252888679504,0.0001774529367685318,8.087191730737686e-05
19900,274.98426485061646,8.474952375590414,0.0020965079218149187,0.0001788536086678505,8.007943630218506e-05
20000,276.0073575973511,8.50085645824633,0.0020748985931277274,0.00017866604030132295,8.036058396100998e-05
20100,277.03815841674805,8.146833995282273,0.0023498909547924997,0.00017817270010709764,8.101217448711396e-05
20200,278.05836510658264,8.323845226764297,0.002069336734712124,0.00017746590077877044,8.028924465179443e-05
20300,279.0702624320984,7.745320714055752,0.0020924049988389013,0.00017723992466926576,7.967386394739151e-05
20400,280.11436128616333,8.591520747542008,0.0022139308601617814,0.00017891526222229003,8.15214216709137e-05
20500,281.1464545726776,8.431778904497248,0.002063041552901268,0.00017843205481767654,8.12535360455513e-05
20600,282.1811239719391,7.961188069581603,0.002067320309579372,0.00017806258052587508,8.175626397132873e-05
20700,283.23918080329895,8.287456166445835,0.002066162356308528,0.00017945642450026102,8.272814431360791e-05
20800,284.27186012268066,8.548347276448824,0.002062065303325653,0.00017807114869356156,8.145518600940704e-05
20900,285.39497351646423,8.025948276221367,0.002239648289978504,0.0001776045560836792,8.711736649274826e-05
21000,286.4426290988922,8.2763544085618,0.0020705433562397957,0.00017776358872652055,8.279729634523392e-05
21100,287.4565191268921,8.259085020124527,0.002227139137685299,0.0001788117364048958,8.003726601600647e-05
21200,288.4865617752075,7.961188069581608,0.0020698139816522597,0.00017966631799936294,8.115194737911225e-05
21300,289.51213359832764,8.103660524189094,0.002063043341040611,0.00017890237271785735,8.09747725725174e-05
21400,290.54966259002686,8.414509516059987,0.0020503805950284003,0.00017979029566049575,8.150063455104828e-05
21500,291.5654819011688,8.354066656469564,0.002079606167972088,0.0001775895059108734,7.98390805721283e-05
21600,292.59297275543213,8.539712582230196,0.0020500337332487106,0.0001780250295996666,8.093353360891342e-05
21700,293.6223120689392,8.483587069809069,0.00204437967389822,0.00018086131662130355,8.12351331114769e-05
21800,294.65741443634033,8.276354408501852,0.002061331607401371,0.0001788034662604332,8.15805047750473e-05
21900,295.6794683933258,7.861889086067282,0.0023880909755825998,0.0001768871024250984,8.047636598348617e-05
22000,296.7123122215271,8.198642160594085,0.002067163996398449,0.00017850689589977265,8.15046951174736e-05
22100,298.14067244529724,7.654656424820032,0.002083685392779963,0.0001788003955568586,0.00011182973427431923
22200,299.1599338054657,8.207276854812713,0.0020796602591872217,0.00017698466777801513,8.028049021959305e-05
22300,300.2203462123871,8.151151342391584,0.002066110298037529,0.00017988812178373336,8.345436304807663e-05
22400,301.4844648838043,8.444730945705295,0.0020574712008237838,0.00017887286841869354,9.991012513637542e-05
22500,302.5416958332062,8.453365640043847,0.0020451975241303445,0.00017996210604906082,8.367929607629777e-05
22600,303.5919141769409,7.736686019897071,0.002253762185573578,0.000178118497133255,8.26028361916542e-05
22700,304.6536512374878,8.155468689500912,0.0023473621159791945,0.00017916791141033171,8.420411497354507e-05
22800,305.7009587287903,8.086391135751823,0.0020625563338398933,0.00017823506146669388,8.281230926513671e-05
22900,306.7494390010834,8.306575838327024,0.002073848508298397,0.0001765899732708931,8.31640139222145e-05
23000,307.8060541152954,8.751262590586766,0.0020639929920434953,0.00017861850559711457,8.371919393539429e-05
23100,308.8688681125641,8.388605433404063,0.002071487903594971,0.00017710488289594651,8.381608873605728e-05
23200,309.9424378871918,7.909379904269797,0.002061961404979229,0.00017916705459356308,8.47860798239708e-05
23300,311.01411604881287,8.513808499574282,0.0020646859705448152,0.00017850387841463088,8.460596203804017e-05
23400,312.0778069496155,8.69513707816563,0.0020560479536652567,0.00017873652279376984,8.420147001743317e-05
23500,313.37232661247253,8.3522163730856,0.0022150048507111413,0.0001783738498176847,0.00010078337043523789
23600,314.3854238986969,8.509491152464955,0.00206793162971735,0.00017826639115810393,7.985144853591919e-05
23700,315.4102830886841,7.801446226536849,0.0020656880363821985,0.0001786201447248459,8.03307443857193e-05
23800,316.43518590927124,8.436096251606562,0.002062676213681698,0.00017924267798662184,8.070584386587143e-05
23900,317.4578754901886,8.06480440020523,0.0020729592442512513,0.0001793762668967247,8.041445165872574e-05
24000,318.4976234436035,8.526760540902247,0.002054096981883049,0.00017902933061122894,8.171070367097854e-05
24100,319.5645155906677,8.496539111137011,0.002233196534216404,0.0001777729019522667,8.25987011194229e-05
24200,320.5843813419342,8.194324813484752,0.0020833539217710497,0.0001775144413113594,8.058801293373108e-05
24300,321.618611574173,8.237498284577955,0.002045830562710762,0.00017967797815799714,8.186619728803635e-05
24400,322.65124583244324,8.194324813484776,0.002215341106057167,0.0001788792386651039,8.166134357452392e-05
24500,323.66676115989685,8.59152074754199,0.002085730880498886,0.00017770178616046905,8.032578974962235e-05
24600,324.7126929759979,8.259085020064575,0.0020728101581335067,0.00017901398241519927,8.269183337688445e-05
24700,325.7459890842438,8.207276854752763,0.002063593678176403,0.00017759691923856734,8.214093744754792e-05
24800,326.78232192993164,7.935283986925701,0.0023597748151847294,0.0001792404960308756,7.969748760972704e-05
24900,327.82364106178284,8.146833995282272,0.0020624867081642153,0.00017928455024957658,8.267518132925034e-05
25000,328.87433552742004,8.310893185436354,0.002056048586964607,0.0001787709817290306,8.258771151304245e-05
25100,329.9056599140167,8.496539111137,0.002082209773361683,0.00017960701137781143,8.063878864049912e-05
25200,330.93473839759827,8.202959507643437,0.0022489727661013604,0.00017907556146383287,8.102040737867355e-05
25300,331.9451014995575,8.500856458246325,0.0020714455097913744,0.00017668262124061583,7.850822061300277e-05
25400,333.24762201309204,8.259085020124536,0.0020736604928970337,0.00017975285649299622,0.00010185800492763519
25500,334.33897519111633,8.358384003638847,0.0020521460846066476,0.0001788511872291565,8.549120277166366e-05
25600,335.4367320537567,8.436096251606573,0.0023360347002744676,0.00017921138554811479,8.645743131637574e-05
25700,336.52186155319214,8.211594201862086,0.002066144458949566,0.00017797898501157762,8.499234914779663e-05
25800,337.63057708740234,7.857571738957969,0.002076149359345436,0.00017682839184999467,8.442163467407226e-05
25900,338.7503752708435,8.427461557387932,0.00205071609467268,0.0001792198047041893,8.589345961809158e-05
26000,339.867214679718,8.259085020124537,0.002053520865738392,0.00017837055027484895,8.630413562059403e-05
26100,340.9612064361572,8.280671755671118,0.0022337235882878303,0.00017753209918737413,8.365251123905182e-05
26200,342.2974855899811,8.227013306915374,0.0020768143396292416,0.00017885986715555192,0.00010186233690806797
26300,343.39835929870605,8.112295218407725,0.0020911917835474015,0.00017816852778196335,8.505731821060181e-05
26400,344.5125615596771,8.401557474732027,0.002055840902030468,0.0001785607635974884,8.620824664831161e-05
26500,345.6257154941559,7.810080920755479,0.0020605676621198656,0.00017759215086698532,8.633572608232498e-05
26600,346.7251329421997,7.991409499346819,0.00207628957927227,0.00017643194645643233,8.437123149633407e-05
26700,347.8338611125946,8.177055425047499,0.00223050307482481,0.0001821087673306465,8.561957627534867e-05
26800,348.9411313533783,8.000044193565468,0.002065618336200714,0.00017899323254823684,8.461430668830871e-05
26900,350.03420066833496,7.90506255716047,0.002361351810395718,0.0001780771091580391,8.540309965610505e-05
27000,351.13240242004395,8.082073788582557,0.0022235670685768127,0.00017896048724651335,8.547961711883544e-05
27100,352.22689843177795,8.073439094423872,0.0020589480176568032,0.0001788368821144104,8.3857923746109e-05
27200,353.36863684654236,8.29794114404845,0.0020485983043909074,0.00017947975546121598,8.749708533287048e-05
27300,354.47144317626953,8.310893185436345,0.00207036092877388,0.00017678409814834596,8.482124656438827e-05
27400,355.57932925224304,8.185690119266125,0.002066524140536785,0.00017808053642511367,8.559465408325195e-05
27500,356.6725347042084,8.561299317776776,0.0020689450949430465,0.00017833471298217774,8.599407970905304e-05
27600,357.7837402820587,7.885942885279269,0.0020703049323388505,0.00017853392021996637,8.544487080403736e-05
27700,358.8786222934723,8.26771971434317,0.0020671296864748,0.0001773243397474289,8.564088493585586e-05
27800,359.99226331710815,8.531077888011561,0.0020599167048931124,0.00017805226147174836,8.543431758880615e-05
27900,361.09054923057556,8.306575838327028,0.0020652684569358827,0.00017823785543441773,8.536271750926972e-05
28000,362.20037961006165,8.44473094576525,0.002043725326657295,0.00017932426184415817,8.599456399679185e-05
28100,363.3034288883209,8.086391135751812,0.0023689353093504905,0.00017756562680006029,8.503112941980362e-05
28200,364.4085421562195,8.397240127562748,0.00206903126090765,0.00018159169703722,8.397668600082397e-05
28300,365.49105525016785,8.159786036610209,0.0020915105193853377,0.00017657309770584108,8.420255035161972e-05
28400,368.96758937835693,8.60879013597928,0.0022212250903248785,0.00017864327877759934,0.00044059861451387403
28500,370.0374517440796,8.427461557387936,0.0022271912172436713,0.00018030419945716858,8.403230458498001e-05
28600,371.4088034629822,8.483587069809065,0.0020502548664808272,0.0001799289882183075,0.0001072046160697937
28700,372.483464717865,8.064804400205237,0.0020524555072188376,0.00017813015729188918,8.443664759397507e-05
28800,373.5382127761841,8.215911549031352,0.002075827270746231,0.00017859935760498047,8.308257907629014e-05
28900,374.6073715686798,8.155468689500902,0.0020761417597532274,0.00017764009535312653,8.392754942178727e-05
29000,375.70664739608765,8.116612579822158,0.0022251472675374577,0.00017821517373834341,8.496999740600586e-05
29100,376.8146595954895,8.423144210278615,0.002067897468805313,0.000179109126329422,8.448958396911621e-05
29200,377.93665981292725,8.56561666482614,0.0020653155073523523,0.00017725586891174317,8.503515273332596e-05
29300,379.04940390586853,8.345431962310895,0.002057391181588173,0.00017945006489753724,8.581418544054031e-05
29400,380.36872029304504,8.16842073082886,0.002062338180840015,0.00017894860357046128,0.00010021161288022994
29500,381.6878068447113,8.470635028481103,0.0020621834322810174,0.0001802254095673561,0.00010253947228193283
29600,382.787716627121,8.146833995282261,0.0023663923144340514,0.0001768694818019867,8.526545017957688e-05
29700,383.8939528465271,8.457682987153161,0.0020558959990739823,0.0001789611205458641,8.606631308794022e-05
29800,385.23287081718445,8.276354408561808,0.002228536270558834,0.00017865058034658433,0.00010441318154335022
29900,386.6121106147766,8.336797268092253,0.002074543386697769,0.00017885953187942504,0.00010657966136932372
30000,387.74246859550476,8.28067175567113,0.002059239596128464,0.00017871975898742676,8.652225136756897e-05
30100,389.01970982551575,8.24613297879658,0.002070726379752159,0.0001775773987174034,9.879197925329209e-05
30200,390.07720923423767,8.194324813424807,0.002063956409692764,0.00017686206847429277,8.191145956516265e-05
30300,391.1784772872925,8.318294362127405,0.002080203582133566,0.000180434701698167,8.439164608716964e-05