#=== ait_flags_pretrained_aug_w10_30b30a ===
#
#Metrics:
#  Accuracy: 0.9990 | Macro Precision: 0.8174 | Macro Recall: 0.9168 | Macro F1: 0.8581
#  False Alarms: 119 | False Alarm Rate: 0.0009
#  Missed Attacks: 29 | Detection Rate: 0.9961
#
#Per-Class Metrics:
#  [phase1] P=0.9902 | R=1.0000 | F1=0.9951 | 
#  [phase2] P=1.0000 | R=0.9974 | F1=0.9987 | 
#  [phase3] P=0.5625 | R=0.8182 | F1=0.6667 | 
#  [phase4] P=0.5344 | R=0.7692 | F1=0.6306 | 
#
#Confusion Matrix:
#         	      	      	      	Actual	      	      
#         	      	benign	phase1	phase2	phase3	phase4
#         	benign	133463	     0	     6	     2	    21
#Predicted	phase1	    51	  5144	     0	     0	     0
#         	phase2	     0	     0	  2262	     0	     0
#         	phase3	     7	     0	     0	     9	     0
#         	phase4	    61	     0	     0	     0	    70
i,time,loss,ground_time,compile_time,eval_time
10,0.6834242343902588,0.6341716487075528,0.001254700183868411,0.0022021822929382292,0.00017766666412353507