#=== ait_flags_pretrained_aug_w10_30b30a ===
#
#Metrics:
#  Accuracy: 0.9991 | Macro Precision: 0.8201 | Macro Recall: 0.8465 | Macro F1: 0.8323
#  False Alarms: 72 | False Alarm Rate: 0.0005
#  Missed Attacks: 60 | Detection Rate: 0.9920
#
#Per-Class Metrics:
#  [phase1] P=0.9954 | R=0.9992 | F1=0.9973 | 
#  [phase2] P=1.0000 | R=0.9929 | F1=0.9965 | 
#  [phase3] P=0.5385 | R=0.6364 | F1=0.5833 | 
#  [phase4] P=0.5670 | R=0.6044 | F1=0.5851 | 
#
#Confusion Matrix:
#         	      	      	      	Actual	      	      
#         	      	benign	phase1	phase2	phase3	phase4
#         	benign	133510	     4	    16	     4	    36
#Predicted	phase1	    24	  5140	     0	     0	     0
#         	phase2	     0	     0	  2252	     0	     0
#         	phase3	     6	     0	     0	     7	     0
#         	phase4	    42	     0	     0	     0	    55
i,time,loss,ground_time,compile_time,eval_time
10,0.8081583976745605,0.003465135159485144,0.001298652860251341,0.0027116327461871254,0.00020294009961865168
20,1.6176793575286865,0.004697059874538767,0.0013605198738249871,0.0031266239895062025,0.0002446480095386506
30,2.4494636058807373,0.0024515019776758518,0.0014131207357753412,0.0028635808012702256,0.0002519977363673122
40,3.170156955718994,0.0022059754698870782,0.001366604627533394,0.0031192018565806487,0.00023626099255951962
50,3.9740490913391113,0.002045449864730564,0.0013775016435168012,0.0034604895859956753,0.00023987462574785414
60,4.767851114273071,0.0019512720748960932,0.0013865500349890107,0.0028838501057841578,0.00024004964665933095
70,5.496871471405029,0.0014125268304554072,0.0014014358886263595,0.003252919627861544,0.0002400862899693575
80,6.289762735366821,0.0013120487259868697,0.0013640350916168911,0.0029499610039320856,0.00023882277309894567
90,7.093637704849243,0.000935392797083745,0.0013978173109618108,0.0033675098622387113,0.00023830268870700491