#=== ait_flags_pretrained_aug_w10_50b50a ===
#
#Metrics:
#  Accuracy: 0.9990 | Macro Precision: 0.8133 | Macro Recall: 0.8734 | Macro F1: 0.8396
#  False Alarms: 87 | False Alarm Rate: 0.0007
#  Missed Attacks: 57 | Detection Rate: 0.9924
#
#Per-Class Metrics:
#  [phase1] P=0.9957 | R=0.9988 | F1=0.9973 | 
#  [phase2] P=1.0000 | R=0.9929 | F1=0.9965 | 
#  [phase3] P=0.5714 | R=0.7273 | F1=0.6400 | 
#  [phase4] P=0.5000 | R=0.6484 | F1=0.5646 | 
#
#Confusion Matrix:
#         	      	      	      	Actual	      	      
#         	      	benign	phase1	phase2	phase3	phase4
#         	benign	133495	     6	    16	     3	    32
#Predicted	phase1	    22	  5138	     0	     0	     0
#         	phase2	     0	     0	  2252	     0	     0
#         	phase3	     6	     0	     0	     8	     0
#         	phase4	    59	     0	     0	     0	    59
i,time,loss,ground_time,compile_time,eval_time
10,0.8442718982696533,0.005514350943012248,0.0013218315125539395,0.00020445702147894916,0.00017430242793313377
20,1.7085983753204346,0.00468724935481315,0.0014581444448438197,0.0002378482885401826,0.00021550250721388847
30,2.5435943603515625,0.004811691822988462,0.0014785754141108753,0.00022141748461230074,0.0002022242366239942
40,3.3825483322143555,0.004463139139177397,0.0014892772225470392,0.0002409561055487602,0.00019867294307412774
50,4.19445276260376,0.003108882866650209,0.0014716699719429026,0.00021921147046418074,0.00019594328156832987
60,5.0301289558410645,0.0034392037391152153,0.0014624732835539463,0.00023888364948075413,0.0001972957417882722
70,5.858954191207886,0.002179865523290925,0.0014745118931449707,0.00022028688469837493,0.0002013771569934385
80,6.708311080932617,0.002401762955034514,0.001458966372341946,0.00024073960195327652,0.00020005658012011958
90,7.563664674758911,0.0016672595627970077,0.001482285006806769,0.00021974500910989202,0.00020743262921941698
100,8.39983320236206,0.0013121850412996627,0.0014628970032108245,0.00024152255520738423,0.00019981500146717862
110,9.232702255249023,0.0017240015084727168,0.0014561385687055265,0.00021927375988713653,0.00020137028447512925
120,10.065558910369873,0.0013682863028248171,0.0014849015607916083,0.00022081627414144341,0.0002010928659603514