#=== ait_flags_pretrained_aug_w10_1000b1000a ===
#
#Metrics:
#  Accuracy: 0.9985 | Macro Precision: 0.7745 | Macro Recall: 0.8916 | Macro F1: 0.8177
#  False Alarms: 168 | False Alarm Rate: 0.0013
#  Missed Attacks: 39 | Detection Rate: 0.9948
#
#Per-Class Metrics:
#  [phase1] P=0.9900 | R=0.9992 | F1=0.9946 | 
#  [phase2] P=1.0000 | R=0.9965 | F1=0.9982 | 
#  [phase3] P=0.5000 | R=0.7273 | F1=0.5926 | 
#  [phase4] P=0.3829 | R=0.7363 | F1=0.5038 | 
#
#Confusion Matrix:
#         	      	      	      	Actual	      	      
#         	      	benign	phase1	phase2	phase3	phase4
#         	benign	133414	     4	     8	     3	    24
#Predicted	phase1	    52	  5140	     0	     0	     0
#         	phase2	     0	     0	  2260	     0	     0
#         	phase3	     8	     0	     0	     8	     0
#         	phase4	   108	     0	     0	     0	    67
i,time,loss,ground_time,compile_time,eval_time
10,1.2767250537872314,0.005599776685564217,0.0013272095471620559,0.000585753470659256,0.00020189546048641205
20,2.495138168334961,0.004288446292376058,0.001443491131067276,0.0006802543997764587,0.0002443805336952209
30,3.675147533416748,0.006822833682489105,0.0015045717358589173,0.0006791390478610992,0.0002388007938861847
40,4.763882875442505,0.0035184644243258846,0.0014836233109235763,0.0006208799779415131,0.00022379308938980103
50,5.871908187866211,0.0039024303131436565,0.0014745716005563736,0.0006239932030439377,0.0002324271947145462
60,7.15010666847229,0.005316238067312917,0.001491398736834526,0.0007298100739717483,0.00022241882979869842
70,8.224751472473145,0.0025796030742524234,0.0014700211584568023,0.0005754634737968444,0.00022320859134197235
80,9.123592376708984,0.009189564754193035,0.0014898121356964112,0.0008229415863752366,0.00021288990974426268
90,10.006391763687134,0.003003801239192816,0.0015019666403532027,0.0007617536932229996,0.0002086188644170761
100,10.927775382995605,0.0009682835971275283,0.0015024304389953612,0.0006696157157421112,0.00021133087575435637
110,11.788296461105347,0.0017628240665127804,0.0014732491225004196,0.0005398925393819809,0.0002056226134300232
120,12.746803045272827,0.0014660153557043642,0.0014573469758033752,0.000600409135222435,0.00022891946136951446
130,13.677401542663574,0.010076406062100007,0.0014837957918643952,0.0007808756083250046,0.00022776387631893159
140,14.620910406112671,0.001246956826498069,0.0015198614448308945,0.0006494048982858657,0.0002182714641094208
150,15.538760662078857,0.0010974154848571338,0.0014511831104755402,0.0007433049380779266,0.00022114813327789307
160,16.367318391799927,0.0005971159642875979,0.0014411404728889466,0.0006243038922548294,0.00022329539060592652
170,17.290345907211304,0.0007796687924469525,0.0014307625591754914,0.0007067523896694183,0.00021509416401386262
180,18.229909896850586,0.0009371363539260269,0.0014928199350833892,0.0007332231849431992,0.00022389590740203857
190,19.158073663711548,0.00045304312290768146,0.00149870328605175,0.0005982533097267151,0.00022085458040237426
200,20.05399203300476,0.005274894612069869,0.0014871928840875625,0.0006139326840639114,0.00021506845951080322
210,20.957725524902344,0.0012090575293131512,0.0014697574079036713,0.0005962163209915161,0.00021375305950641633
220,21.871013164520264,0.0013998968538492917,0.001482057198882103,0.0007000651210546493,0.00021367184817790985
230,22.765201568603516,0.0011210642232938107,0.0014759276062250137,0.0007124397903680802,0.00021223276853561402
240,23.616385459899902,0.0010597383446005581,0.001471332460641861,0.0006440702825784683,0.000217316672205925
250,24.53475546836853,0.0005182071295255497,0.0014655783772468567,0.0007273167371749878,0.00021298527717590333
260,25.436626195907593,0.000929600186056434,0.0014766063541173935,0.0006519921123981475,0.00021188892424106598
270,26.37293314933777,0.0013734405500509972,0.0014149859547615052,0.0005408953875303268,0.0002189885824918747
280,27.32103681564331,0.0010622513418556468,0.0015031315386295318,0.0007849916815757752,0.00022634789347648622
290,28.24709701538086,0.0004446881865675989,0.0015063289552927016,0.0006101168692111969,0.00022210776805877685
300,29.136151552200317,0.00031331768534506035,0.0015578292310237884,0.0007295660674571991,0.00021044686436653138
310,30.030678033828735,0.003379982548319882,0.0014469962567090987,0.0006073493510484696,0.00021096430718898774
320,30.820941925048828,0.0007836805748795639,0.0014543551951646805,0.0005439925938844681,0.00020860172808170318
330,31.708296298980713,0.00028304935615497406,0.0014401476830244065,0.0005508221685886383,0.0002068743109703064
340,32.6205997467041,9.473082081936645e-05,0.0014745507389307023,0.0007510557770729065,0.0002170383930206299
350,33.604427337646484,0.0006672809131554435,0.0014677304774522782,0.0005608033388853073,0.00023387335240840912
360,34.49757528305054,0.0025369282880418178,0.001479635015130043,0.0007863849401473999,0.000213623046875
370,35.38894724845886,0.0006335425266875472,0.001483459398150444,0.000578337162733078,0.00021433457732200623
380,36.28528904914856,0.0009192095829873237,0.001512138918042183,0.000638120248913765,0.00021401494741439818
390,37.20711851119995,0.0003521214900689573,0.0014783568680286408,0.0007237125188112259,0.00021458491683006286
400,38.04842400550842,0.00023980944079800005,0.0015003029257059097,0.0006102025508880615,0.0002170037478208542
410,38.94674015045166,0.00035331993779110784,0.0015235435217618941,0.0005723290145397186,0.0002149134874343872
420,39.846259355545044,0.0005417163937861735,0.0014749538153409959,0.0006594553589820862,0.00021284259855747223
430,40.81234288215637,0.0005181400302417983,0.0014706794172525406,0.0008696507662534714,0.00022178515791893005
440,41.73391675949097,0.0004677095282872301,0.0014683835208415986,0.0005772426724433899,0.00022511519491672516
450,42.650314807891846,0.00019018440848415086,0.0014748465269804,0.0007095575332641601,0.00021609626710414887
460,43.575628995895386,0.0005276066591844986,0.001468953862786293,0.000649150088429451,0.00021908730268478395
470,44.48141551017761,0.0003169946176674543,0.0014730814844369888,0.0006062615662813187,0.0002129513770341873
480,45.31828594207764,0.0018801996188415825,0.0015233386307954787,0.0005135219544172287,0.00021612457931041718
490,46.20901870727539,0.00034718818455736766,0.0014787953346967696,0.0007269416004419327,0.00021154843270778655
500,47.05125880241394,0.0020478491907632177,0.0014540951699018479,0.0006388813257217407,0.0002000328153371811
510,47.95611524581909,0.00021295788579505092,0.001501595601439476,0.0007873594760894776,0.00021303780376911164
520,48.86540508270264,0.0002263288647261108,0.0014735091477632522,0.0005235083401203156,0.00021572299301624297
530,49.76459884643555,0.00018253900717315474,0.0014682482928037644,0.000664127990603447,0.00021167099475860596
540,50.656785011291504,0.00030315502007496333,0.0014785066246986388,0.0006486427038908005,0.0002152819186449051
550,51.61195611953735,0.000153269139562906,0.0014795251190662384,0.0007581770420074463,0.00022443234920501708
560,52.446123361587524,8.949786383383174e-05,0.0014593876898288728,0.0006188157945871353,0.00021283328533172607
570,53.347901821136475,0.0003293729008463142,0.0014445718377828598,0.0005081199109554291,0.00021553747355937958
580,54.27379059791565,0.00040733441119469307,0.001496012881398201,0.0006453100591897965,0.00021402686834335328
590,55.17116928100586,0.00017507770616420615,0.0015120092779397965,0.0007544256746768952,0.00021285712718963624
600,56.05763053894043,0.001329275422954823,0.0014665614813566207,0.000574185699224472,0.00021180585026741027
610,56.957090616226196,0.00011038454967564615,0.0014365553855895997,0.0006167255342006683,0.00021334104239940644
620,57.86103582382202,0.00016183526548554372,0.0015119727700948714,0.0008156757801771164,0.0002187628298997879
630,58.80308818817139,0.0003352765458378926,0.0014988284558057785,0.0007148370146751404,0.0002202622592449188
640,59.649816274642944,0.0010245489488203141,0.0014736242592334747,0.0005105815827846528,0.00022066980600357055
650,60.59505844116211,0.00023759514259897864,0.0014821916818618774,0.0007617168128490448,0.00022577904164791107
660,61.488704681396484,0.00017057212452233905,0.001501162350177765,0.0006328973919153214,0.0002108350396156311
670,62.39496612548828,0.0003877221619404292,0.0015286460518836975,0.0006539024412631989,0.0002152148634195328
680,63.307353019714355,0.00028531465344878716,0.001462480053305626,0.0007033444941043854,0.00021670609712600707
690,64.23570227622986,9.163022382530084e-05,0.0014517392963171005,0.0006409902125597,0.00022077225148677825
700,65.13968014717102,0.00011708605885407675,0.0015117824077606201,0.0006598945707082749,0.00020916573703289032
710,65.98038864135742,0.0002065936289094017,0.0014628704637289047,0.0006959602236747741,0.000200783833861351
720,66.76476240158081,0.00010462287993144859,0.0015395134687423706,0.0005277760326862335,0.00020565688610076904
730,67.62372159957886,0.00041377977156378256,0.0014853384345769882,0.0007307864725589752,0.00020085610449314118
740,68.52985310554504,0.00011868862931847523,0.0014402318745851516,0.0004702471196651459,0.0002119477838277817
750,69.4283812046051,9.658598712349863e-05,0.0014974549412727356,0.0007871203124523163,0.00021212473511695863
760,70.30447244644165,7.238001538285576e-05,0.001483801007270813,0.000607999786734581,0.00021036453545093537
770,71.21194505691528,0.0011022568703840108,0.00143694207072258,0.0006044298410415649,0.0002134691923856735
780,72.13158512115479,6.786903029853963e-05,0.0015211060643196106,0.0006909746676683426,0.0002173837274312973
790,73.03198075294495,9.455750570479538e-05,0.001449861377477646,0.0007856108248233795,0.00021493732929229737
800,73.88474535942078,0.00018010522404450225,0.0014243725687265395,0.0006772425025701523,0.00021984241902828217
810,74.73867702484131,7.164095351364086e-05,0.001518281176686287,0.0007672645151615143,0.00020366758108139038
820,75.66468715667725,0.00029565857053142074,0.001474885269999504,0.0005622629076242446,0.0002147093415260315
830,76.56443119049072,0.0006216826241790985,0.0014574363827705382,0.000683419406414032,0.0002101197838783264
840,77.4721519947052,9.21724520425382e-05,0.0014993567019701004,0.0007989350706338882,0.00021540410816669464
850,78.398854970932,0.00010137574391533288,0.0014816734939813614,0.0006363630294799804,0.000218268483877182
860,79.31669807434082,0.00025780205789873725,0.0014806576073169708,0.0005713295191526413,0.00022121816873550416
870,80.1593873500824,7.728698694560165e-05,0.0014777399599552154,0.0005165301263332367,0.0002212468534708023
880,81.07106828689575,0.0005076272003046833,0.0014442447572946548,0.0005573734641075134,0.00022177211940288544
890,81.96990704536438,0.00014749854476532321,0.0014723323285579682,0.0007450010627508164,0.0002188902348279953
900,82.82820725440979,1.4213992514999774e-05,0.0014840979129076004,0.0006006155163049698,0.00020063221454620362
910,83.70456385612488,0.00030929213192905093,0.0014903653413057328,0.0006137263029813766,0.0002005871385335922
920,84.610511302948,5.768713533902403e-05,0.0014451682567596436,0.0006297130137681961,0.00021509714424610137
930,85.53112387657166,8.887181399868105e-05,0.0015497792512178421,0.0008078575134277344,0.0002185232937335968
940,86.42471885681152,8.820065704162605e-05,0.0014663912355899812,0.0006448186933994294,0.00021504908800125123
950,87.32141923904419,0.00011623532049551689,0.0014889109879732132,0.0006398051977157593,0.00022935196757316588
960,88.21208262443542,0.00015442367970877057,0.0014892160892486573,0.0007293183356523514,0.00021020323038101196
970,89.11030888557434,3.852724044381972e-05,0.0014669589698314666,0.0005960468202829361,0.0002125680446624756
980,89.99461841583252,0.0004502123552645454,0.0014964930713176727,0.0006981324404478073,0.00021178089082241058
990,90.89889550209045,0.00010786227249068859,0.0014898363500833512,0.0006663944572210312,0.0002180345356464386
1000,91.84960198402405,8.00034440990638e-05,0.0014718260616064071,0.000659966841340065,0.0002290431410074234
1010,92.72330617904663,4.374227964902833e-05,0.0014410540461540222,0.0004569061100482941,0.00020141415297985076
1020,93.65498471260071,0.00011532820781818831,0.001473141834139824,0.0007945355027914047,0.00022653117775917053
1030,94.50933623313904,4.443544536889554e-05,0.0015191596001386642,0.0006641224026679993,0.00022119916975498198
1040,95.39635968208313,4.2047132380340636e-05,0.0014892905950546266,0.0005572184920310975,0.00021056868135929107
1050,96.2928557395935,0.00036605716183051306,0.0014901712536811828,0.0007426973432302475,0.000216514989733696
1060,97.1802396774292,8.100303109808138e-05,0.0014880552887916565,0.0006395924836397171,0.0002113204449415207
1070,98.07385420799255,0.0001809255867157189,0.0014671865850687028,0.0008018184453248978,0.00021677762269973756
1080,98.9794192314148,4.495994941497994e-05,0.001474091410636902,0.0007224641740322113,0.00021213330328464508
1090,99.8795976638794,1.648462084475888e-05,0.0014677941799163818,0.0005729515105485916,0.0002082597464323044
1100,100.80166172981262,8.909412892390555e-05,0.0014814596623182296,0.0005827520042657852,0.00020972415804862977
1110,101.60874462127686,1.9154792383679897e-05,0.0014690387994050979,0.0006302185356616974,0.00021182820200920104
1120,102.53002858161926,6.942296462186803e-05,0.0014456212520599365,0.0005279213190078735,0.00022051334381103515
1130,103.4477436542511,1.2449341034947992e-05,0.0015181511640548705,0.0006494641304016114,0.00021617747843265532
1140,104.35326766967773,0.00024963753045221805,0.0015015490353107452,0.0007131360471248627,0.00021138377487659455
1150,105.27498435974121,2.709485213052698e-05,0.001453879103064537,0.000676935538649559,0.0002203516662120819
1160,106.15712761878967,0.00012132759197698295,0.001461225003004074,0.0007012452930212021,0.00020969100296497345
1170,107.04409623146057,4.299348523160162e-05,0.001464787870645523,0.0007748331874608994,0.0002123359590768814
1180,107.90191769599915,1.609694627315861e-05,0.0015307631343603133,0.0006061773747205734,0.00020614974200725556
1190,108.90978741645813,0.0001511270347115845,0.001485678181052208,0.0007296197116374969,0.00022186115384101868
1200,112.36158537864685,1.8201750833468645e-05,0.0014839060604572296,0.0006884835660457611,0.0008480027318000793
1210,115.8395311832428,6.505840138617546e-05,0.0014603883028030396,0.0006127621978521347,0.000854090228676796
1220,119.25117492675781,6.260409809728529e-05,0.0014688540250062943,0.0006738793104887009,0.000807936117053032
1230,122.5076858997345,0.00024434880407164794,0.001472688466310501,0.0006696633994579315,0.0007832504808902741
1240,125.98635077476501,3.451520105437478e-05,0.0014657266438007355,0.0005846906453371048,0.0008327256888151169
1250,129.49014401435852,8.925308303688872e-05,0.001502784714102745,0.0006746988743543625,0.0008542496711015701
1260,132.9465708732605,1.4710823520136529e-05,0.0014903806149959564,0.0007020827382802963,0.0008513275533914566
1270,136.21457076072693,4.883317868054071e-05,0.0015049751847982407,0.0006243199110031128,0.0008766431361436844
1280,139.83575057983398,5.05317735512989e-05,0.0014751344919204713,0.0006084732711315155,0.0008930381387472153
1290,143.57216930389404,3.1904729988596614e-05,0.0014467608183622361,0.0006814830005168915,0.0009209435433149338
1300,147.3623538017273,4.800751116331714e-05,0.0014957450330257416,0.0007190242409706116,0.0009301066398620606
1310,151.11839962005615,7.405701208240689e-05,0.0014650166034698487,0.0006608705967664719,0.0009165816009044647
1320,154.8660445213318,3.052400837508795e-05,0.0014451753348112106,0.0005510460585355758,0.0009222887456417084
1330,158.61342906951904,0.00019992112321434163,0.00149732306599617,0.0007293064147233963,0.0009087014943361283
1340,162.2740089893341,2.868504504327518e-06,0.0015258416533470154,0.0006676331162452698,0.0009041238576173782
1350,165.64746689796448,3.893958354654892e-05,0.0014256898313760758,0.0007681787014007568,0.0009098682552576065
1360,169.36947917938232,0.00011141036182005237,0.0014590349048376084,0.0006600204855203628,0.0009110037237405777
1370,173.02720665931702,0.00016347422714939607,0.0014660317450761796,0.0006607666611671448,0.000890696793794632
1380,176.76912593841553,3.647897318592719e-05,0.0014693979173898697,0.0005701616406440735,0.000908420979976654
1390,180.31558918952942,1.3927757359022407e-05,0.0015319116413593293,0.0007531024515628814,0.0008676711469888688
1400,184.05410194396973,1.2520053350151273e-05,0.001479170098900795,0.0007654115557670593,0.0009143054485321045
1410,187.8753798007965,2.3326292689795913e-05,0.0015237901359796524,0.0006736956536769867,0.0009263470768928528
1420,191.62283968925476,1.889287417957686e-05,0.0014467205852270125,0.0006026852875947952,0.0009088840335607529
1430,194.98008561134338,1.661480485890543e-05,0.001481403037905693,0.000610433891415596,0.0008969273418188095
1440,198.66653084754944,4.422599824198681e-05,0.0014683417975902557,0.0007012587040662766,0.0009109251201152802
1450,202.39647579193115,7.5849178440901e-05,0.001481373980641365,0.0006693728268146515,0.000909513607621193
1460,206.17896842956543,0.0001432642888282931,0.0015158738940954208,0.000825747475028038,0.0009201925247907638
1470,209.9229564666748,1.1316143503137255e-05,0.0014767032116651535,0.0005860183387994766,0.0009190861135721206
1480,213.63867568969727,2.6375263227262914e-05,0.0014401942491531373,0.0006063167005777359,0.0009077679365873337
1490,217.3983588218689,2.70115284356498e-05,0.0014770761132240295,0.0005728214979171753,0.0009187530726194381
1500,218.69808721542358,9.25958223418899e-06,0.0014876153320074082,0.0006681654602289199,0.00032007992267608644
1510,219.63959574699402,7.40517472011426e-05,0.0015048336237668992,0.0006465964019298553,0.00024234093725681305
1520,220.65697979927063,1.140009168782985e-05,0.0014642592519521712,0.0006487451493740082,0.0002437010407447815
1530,221.71231269836426,1.5445391973756274e-05,0.0015014171600341796,0.0005953956395387649,0.00024137236177921296
1540,222.73007917404175,0.00011229696970265213,0.0014752022922039031,0.0005882527679204941,0.00023630522191524505
1550,223.78695583343506,2.6566880243761303e-05,0.001454756036400795,0.0006489936262369156,0.00024693645536899567
1560,224.79733872413635,2.4097267672473775e-05,0.0014743633568286897,0.000452076643705368,0.00023373812437057495
1570,225.7346396446228,2.3137962638308807e-05,0.0014297213405370713,0.000772504135966301,0.0002230599522590637
1580,226.67374753952026,2.2552581970591845e-05,0.001517881453037262,0.0008857987821102142,0.00022083111107349396
1590,227.51960682868958,0.00011342509608835982,0.0014456339180469514,0.0005562450736761093,0.00021798796951770781
1600,228.42471289634705,1.7610407800838778e-05,0.0015052463859319687,0.000667131319642067,0.0002117455005645752
1610,229.2706036567688,1.8876418124058604e-05,0.0014244113117456436,0.0005774032324552536,0.00019395984709262847
1620,230.10009264945984,6.802499885489865e-05,0.0014844536781311035,0.0007143482565879822,0.0001874297857284546
1630,230.92695498466492,7.329316878545988e-06,0.001467231661081314,0.0007163368165493012,0.00018545128405094146
1640,231.74516129493713,2.3552942015725442e-05,0.0014498256146907806,0.0006906867027282714,0.00019300058484077453
1650,232.56844687461853,1.144155988930251e-05,0.0015160147100687026,0.0007424890995025635,0.00018927566707134248
1660,233.33758282661438,1.4359802796559683e-05,0.0015271112322807312,0.000560334324836731,0.00019443370401859284
1670,234.1674358844757,0.00014131257890395154,0.0014730505645275116,0.0006424058228731155,0.00018725991249084472
1680,234.94546151161194,1.864816308965178e-05,0.001466217264533043,0.0007166434079408646,0.00017732344567775727
1690,235.73373770713806,1.8238929564629024e-05,0.0014574084430932998,0.0007258761674165725,0.00017653815448284149
1700,236.51502895355225,9.499887488950699e-06,0.001453886553645134,0.0005425691604614257,0.0001781899482011795
1710,237.3133988380432,9.20221132689747e-06,0.0015042956918478012,0.0005238842219114304,0.0001816246658563614
1720,238.10099697113037,6.848250838387138e-06,0.001500970870256424,0.0006584901362657547,0.0001801319420337677
1730,238.8547444343567,2.178689930141253e-05,0.0015106402337551118,0.0006964843720197678,0.00017406865954399108
1740,239.5745108127594,2.055430128353741e-05,0.001456523686647415,0.0009150393307209015,0.0001896299421787262
1750,240.40661072731018,1.2882836323346859e-05,0.0014702852815389634,0.0006244473159313201,0.00018921978771686555
1760,241.12310886383057,9.277352307379694e-06,0.001489591971039772,0.0007043316960334778,0.0001691579818725586
1770,241.8419895172119,7.730907240124373e-05,0.001452232152223587,0.0006665900349617004,0.00016168840229511262
1780,242.56167364120483,6.598012844594159e-06,0.0014512766152620315,0.000643184781074524,0.00016319118440151216
1790,243.282124042511,6.743754966624938e-05,0.001511671394109726,0.0006306245923042297,0.0001685604453086853
1800,243.98802065849304,2.464417799130647e-05,0.0014789097011089325,0.0006328310817480087,0.00016303062438964843
1810,244.72655415534973,1.030584420493863e-05,0.001488613337278366,0.0006832726299762726,0.00016268491744995118
1820,245.4115607738495,1.0098991452300865e-05,0.0014686323702335358,0.0006577644497156143,0.00016704313457012178
1830,246.14874744415283,6.960966248614753e-06,0.0014983829110860824,0.0006718020886182785,0.00016437396407127381
1840,246.90526366233826,9.430971385948617e-06,0.001446458324790001,0.000631982833147049,0.00017626062035560607
1850,247.6746392250061,1.5995848137162483e-05,0.0014940284192562104,0.0007099919021129608,0.000173921138048172
1860,248.42178320884705,1.0600976019592423e-05,0.001477774605154991,0.0006430394947528839,0.00017130933701992035
1870,249.17358136177063,5.8235721656840765e-05,0.0014904450625181198,0.0007410008460283279,0.0001683201640844345
1880,249.92417311668396,4.345499055125046e-06,0.0014805596321821213,0.0006273921579122543,0.00016609467566013335
1890,250.66727113723755,8.609557425942604e-05,0.0014603223651647567,0.0006063137203454972,0.00016942135989665984
1900,251.34894609451294,6.802029363006667e-06,0.0014854155480861664,0.000526098906993866,0.00017362646758556366
1910,252.09516620635986,8.385961054568902e-06,0.00147501640021801,0.0006045997142791748,0.00017080418765544892
1920,252.856586933136,1.0840789414912067e-05,0.0014518722891807556,0.0007765524089336396,0.00017203167080879212
1930,253.60663485527039,1.0310548624747895e-05,0.001505756750702858,0.0006732650101184845,0.00017287731170654297
1940,254.36023664474487,5.683489134411524e-06,0.001488635316491127,0.0006520517170429229,0.00017044730484485626
1950,255.11396670341492,5.6768799890694055e-05,0.0014915142208337783,0.0007145773619413376,0.0001713257282972336
1960,255.87367868423462,1.048101941694135e-05,0.0014814648777246476,0.0005921173840761184,0.00016993917524814605
1970,256.6535394191742,1.2934991482027591e-05,0.001479378715157509,0.0005878359079360962,0.00017427243292331696
1980,257.37353014945984,6.104850312711463e-05,0.0014584612101316452,0.0006615430116653443,0.00018563829362392426
1990,258.1765367984772,1.0109791240298094e-05,0.001486654207110405,0.0007043376564979554,0.0001876026391983032
2000,258.99334836006165,5.487549679641379e-05,0.0014720596373081207,0.0007059440016746521,0.00018178746104240416
2010,259.79047298431396,5.804500597268447e-05,0.0014216791838407516,0.0005436405539512634,0.0001827910542488098
2020,260.5919179916382,7.843443604760302e-06,0.0014709398150444032,0.0005392182618379592,0.0001830868422985077
2030,261.37612223625183,1.1578918725030363e-05,0.0015036240220069885,0.0006986476480960846,0.00018192529678344725
2040,262.2464368343353,8.15955208228747e-06,0.0014649644494056703,0.0006320036947727204,0.000195959210395813
2050,263.0948567390442,5.585769034177624e-06,0.0015273284167051314,0.0008374195545911789,0.00019705742597579955
2060,263.84610748291016,1.6176872598028247e-05,0.001553885266184807,0.0005861848592758178,0.0001959472894668579
2070,264.683470249176,1.2736752458519795e-05,0.0015011198818683624,0.0007112961262464524,0.00019642002880573272
2080,265.5436749458313,7.901114681607702e-06,0.0014879658818244934,0.0007283572107553482,0.00019633769989013672
2090,266.60368633270264,1.0500246139932834e-05,0.001513838768005371,0.0007071305066347122,0.00024953782558441163
2100,267.67922043800354,5.9654777549034146e-05,0.001416541263461113,0.0005042452365159988,0.00025049261748790743
2110,268.75631976127625,4.3575339848755944e-05,0.001472330465912819,0.0005583316087722778,0.00025405138731002805
2120,269.835928440094,3.690411575019148e-06,0.0014439266175031661,0.0006408661603927613,0.000250774621963501
2130,270.94579434394836,8.098702960723791e-06,0.0015063311904668808,0.0007799457758665085,0.0002569392323493958
2140,271.9458816051483,8.329375433890896e-06,0.0014747239649295807,0.0006237369030714035,0.00025262683629989624
2150,272.98597168922424,8.591327636731095e-06,0.0014762263745069504,0.0007040124386548996,0.0002459373325109482
2160,274.0644087791443,4.016734093847951e-06,0.0014845427125692368,0.0006397955119609832,0.0002562984824180603
2170,275.13823080062866,4.959362757905872e-05,0.0015037700533866883,0.000637538731098175,0.00025527551770210266
2180,276.1459410190582,4.1253758972681355e-06,0.001473134383559227,0.0005556035786867142,0.00024222210049629211
2190,277.17550253868103,4.699984608129704e-05,0.0014925830066204071,0.0006872359663248062,0.00024798884987831116
2200,278.20979928970337,4.983465069940962e-06,0.0014458194375038147,0.000717693567276001,0.0002491753548383713
2210,279.2414581775665,5.8493506749579535e-06,0.0014804486185312272,0.0006563875824213028,0.0002416364848613739
2220,280.1512665748596,7.760572509996066e-06,0.0014475617557764054,0.0007308702915906906,0.0002408035099506378
2230,281.1470785140991,4.565225254649086e-06,0.0015204492956399918,0.0006481710821390152,0.00023840740323066711
2240,282.15050864219666,9.520952392017002e-06,0.0014836221933364868,0.0007250953465700149,0.00024228468537330629
2250,283.4798676967621,4.5955412724740793e-05,0.0014951746910810471,0.0005849577486515045,0.00027757547795772555
2260,284.5450232028961,4.022305151840655e-06,0.0014781560748815536,0.0007389523088932037,0.00025388747453689573
2270,285.60768008232117,4.386665053568439e-05,0.0014391988515853882,0.0006222806870937348,0.00025558024644851686
2280,286.6413915157318,7.335521140783286e-06,0.0014874573796987533,0.0006539188325405121,0.00024035722017288209
2290,287.6974468231201,8.363328100324807e-06,0.001490689069032669,0.0006901133805513382,0.0002477612346410751
2300,288.6217095851898,4.546466142629768e-06,0.001483771950006485,0.0005847793072462082,0.000240088626742363
2310,289.6501407623291,4.7394471725259454e-05,0.0014720801264047623,0.0006960429251194,0.00023982562124729155
2320,290.68982195854187,4.097846644079972e-06,0.0014751594513654708,0.0006244383752346039,0.0002480849623680115
2330,291.7633521556854,3.62457007914152e-06,0.001498476043343544,0.0006520379334688187,0.00025941729545593263
2340,292.6954274177551,2.1814238537309903e-06,0.0014844808727502822,0.0006972640752792358,0.0002219080924987793
2350,293.7368767261505,2.5235619397268038e-06,0.0015059500932693482,0.0006598204374313355,0.00024591982364654543
2360,294.7241714000702,4.3607263778189244e-05,0.0014514785259962081,0.0005773726850748062,0.00022483468055725097
2370,295.7564356327057,9.453341058440756e-06,0.0014765866100788117,0.0007818631827831268,0.00023592673242092132