#=== darpa_neg_one_net_scratch_behavioral_w10_500b20a ===
#
#Metrics:
#  Accuracy: 0.9873 | Macro Precision: 0.9914 | Macro Recall: 0.9972 | Macro F1: 0.9942
#  False Alarms: 0 | False Alarm Rate: 0.0000
#  Missed Attacks: 231 | Detection Rate: 0.9834
#
#Per-Class Metrics:
#  [phase1] P=1.0000 | R=1.0000 | F1=1.0000 | 
#  [phase2] P=1.0000 | R=1.0000 | F1=1.0000 | 
#  [phase3] P=1.0000 | R=1.0000 | F1=1.0000 | 
#  [phase4] P=1.0000 | R=1.0000 | F1=1.0000 | 
#  [phase5] P=1.0000 | R=0.9830 | F1=0.9914 | 
#
#Confusion Matrix:
#         	      	      	      	Actual	      	      	      
#         	      	benign	phase1	phase2	phase3	phase4	phase5
#         	benign	  4240	     0	     0	     0	     0	   231
#         	phase1	     0	   307	     0	     0	     0	     0
#Predicted	phase2	     0	     0	    10	     0	     0	     0
#         	phase3	     0	     0	     0	    32	     0	     0
#         	phase4	     0	     0	     0	     0	     7	     0
#         	phase5	     0	     0	     0	     0	     0	 13346
i,time,loss,ground_time,compile_time,eval_time
10,0.8452258110046387,0.09244054863154784,0.003863643646240219,0.0002358655929565431,0.0001956477165222168