#=== darpa_miss_flags_endtoend_base_w10_full_0.001lr ===
#
#Metrics:
#  Accuracy: 0.9996 | Micro F1: 0.9996 | Macro F1: 0.9569 | 
#  False Alarms: 1 | False Alarm Rate: 0.0001
#  Missed Attacks: 14 | Detection Rate: 0.9994
#
#Per-Class Metrics:
#  [phase1] P=0.8333 | R=0.8333 | F1=0.8333 | 
#  [phase2] P=1.0000 | R=0.8333 | F1=0.9091 | 
#  [phase3] P=1.0000 | R=1.0000 | F1=1.0000 | 
#  [phase4] P=1.0000 | R=1.0000 | F1=1.0000 | 
#  [phase5] P=1.0000 | R=0.9995 | F1=0.9997 | 
#
#Inference time:
#  Average: 0.0043 | Total: 162.7539
#
#Confusion Matrix:
#         	      	      	      	Actual	      	      	      
#         	      	benign	phase1	phase2	phase3	phase4	phase5
#         	benign	 15674	     1	     1	     0	     0	    12
#         	phase1	     1	     5	     0	     0	     0	     0
#Predicted	phase2	     0	     0	     5	     0	     0	     0
#         	phase3	     0	     0	     0	    10	     0	     0
#         	phase4	     0	     0	     0	     0	     6	     0
#         	phase5	     0	     0	     0	     0	     0	 22030
i,time,loss,ground_time,compile_time,eval_time
100,21.817283153533936,0.08176943516024737,0.004683250710368157,0.00027970366179943086,0.0003116970881819725
200,39.4044029712677,0.0037375021455186208,0.0044515209272503855,0.000269484780728817,0.00026755981147289274
300,53.78120970726013,0.005173895137933409,0.004555637463927269,0.00040849827229976653,0.00022295672446489333
400,70.58895206451416,0.0061584688196949225,0.004569941200315952,0.00027629021555185317,0.0004450184106826782
500,88.00726103782654,0.0025206065651984266,0.004623213149607182,0.0004298815876245499,0.000646534413099289
600,102.99174809455872,0.0031067734809058487,0.004667938463389873,0.00028861474245786664,0.0003824577108025551
700,118.15251731872559,0.0031658114190825782,0.004766457304358482,0.0002950107678771019,0.0003215150907635689
800,136.61758637428284,0.0017029733581865358,0.00484353382140398,0.000296989269554615,0.0003881945088505745
900,156.12266850471497,0.0016004015616127667,0.005000237859785556,0.00028739936649799344,0.00040352653712034226
1000,169.01719760894775,0.003155402459378683,0.004614904783666134,0.0002809165045619011,0.0002913915738463402
1100,183.0723066329956,0.0037159405987985472,0.004756407216191292,0.0002885515987873077,0.00032522831112146377
1200,196.0528564453125,0.001000542839882932,0.0049105935171246526,0.0002914009988307953,0.00031328931450843813
1300,208.38247442245483,0.0011687181822177353,0.004669184498488903,0.0002919489145278931,0.00033497825264930723
1400,217.18530535697937,0.006195466176305019,0.0046250566201550625,0.00028742189386061264,0.00028145101985761094
1500,221.45880007743835,0.001193654325515689,0.00467428669333458,0.0004345087707042694,0.00023817263543605806
1600,227.2893509864807,0.002173633328536505,0.0047004491835832595,0.0002808436006307602,0.00031712867319583893
1700,234.2867488861084,0.0010991846391350645,0.004638514555990696,0.000285986065864563,0.00026923514902591703
1800,238.62762427330017,0.0015151188587441816,0.004687631726264954,0.0002816389873623848,0.0002105012908577919
1900,243.19331789016724,0.004344951162614896,0.0046376648917794226,0.00028532978147268297,0.00020521890372037887
2000,248.63492608070374,0.0015318222686871706,0.004652490094304085,0.00028787560760974886,0.0002033119276165962
2100,254.38068962097168,0.0022016737615025263,0.00502536978572607,0.00028822865337133405,0.00021779149770736694
2200,260.12641048431396,0.0021809122197198488,0.004650606103241444,0.0002826815098524094,0.00021615028381347657
2300,265.5457706451416,0.0015847675853406492,0.004676222950220108,0.0002818482369184494,0.00021606475114822389
2400,269.584520816803,0.0012585159923123334,0.0046870441362261775,0.00043178439140319826,0.00022251635789871215
2500,273.81846141815186,0.0036611196399375474,0.004855671599507332,0.0002826986834406853,0.00023637469857931137
2600,280.8801324367523,0.0056156827584718785,0.004610802717506885,0.0002817324176430702,0.00037015024572610854
2700,291.5903730392456,0.0018388817144287697,0.004629997126758098,0.00028733432292938233,0.0004799814894795418
2800,297.996454000473,0.0058216328839864676,0.004673156562660421,0.0002866470654095922,0.0003454436415008136
2900,305.1690344810486,0.002301397851688042,0.004975736550986767,0.00028396580368280413,0.00038534708321094516
3000,312.49089312553406,0.0012111007849587101,0.004684832654893398,0.0002819341421127319,0.0003931043669581413
3100,319.1753704547882,0.006452062548377145,0.0046927715092897416,0.0004351600632071495,0.0003599763661623001
3200,326.4491317272186,0.0027670278392634405,0.004637046977877617,0.0002863044291734695,0.000379086472094059
3300,333.65187311172485,0.00456866399797855,0.004665534161031246,0.00028199248015880584,0.00038515735417604446
3400,340.84318137168884,0.000107798662683527,0.00464126281440258,0.0002847054600715637,0.0003840792179107666
3500,347.6982855796814,0.000250662848376246,0.004696823321282863,0.00028389886021614076,0.0003605133667588234
3600,355.847886800766,0.0034311309831379956,0.0046542748808860775,0.0002865703776478767,0.0004064633324742317
3700,381.5559632778168,0.0016564048871382424,0.004865766577422619,0.00028102897107601166,0.00094078678637743
3800,404.011883020401,0.0008771053962523651,0.004615533724427223,0.0002843436598777771,0.0008204733580350876
3900,425.90068554878235,0.004378660121518901,0.004702150672674179,0.0002863424271345139,0.000787239633500576
4000,443.6514821052551,0.003518513718728478,0.004679395593702793,0.0002808074280619621,0.0007542647048830987
4100,455.618097782135,0.0005129533884617571,0.004619346521794796,0.00028484977781772613,0.0004523150995373726
4200,470.7063012123108,0.00292896712893316,0.004841476545802185,0.0005895363965204784,0.0006133470045668738
4300,491.8105716705322,0.0013821697834920533,0.004650719314813614,0.00028202343732118605,0.0007777196541428566
4400,503.48708748817444,0.002819860806830972,0.004875322878360748,0.0002811271697282791,0.0005514757335186005
4500,510.10782861709595,0.002022836406132772,0.004643550477921963,0.0002829200401902199,0.00035491034388542177
4600,516.7111778259277,0.00204814902873206,0.004646300412714481,0.0002873726189136505,0.0003557059168815613
4700,521.9503812789917,0.0010602902993265182,0.004688532091677189,0.0002863813564181328,0.0002974115312099457
4800,527.5330324172974,0.0012524301366793862,0.004685574397444725,0.0002813109755516052,0.0003128436952829361
4900,533.197803735733,0.005302877387881746,0.004661809541285038,0.0002827916666865349,0.0003200051933526993
5000,539.3921144008636,0.0009553940158583524,0.004805117398500442,0.0002827765792608261,0.000338776558637619
5100,545.5385310649872,0.0028272039638211222,0.004607453383505345,0.00043958287686109545,0.0003402760252356529
5200,552.5876140594482,0.006972238411747132,0.004664169624447823,0.00028265349566936493,0.00038208723068237303
5300,560.5120565891266,0.0013668964096970248,0.004635743573307991,0.0002835553884506226,0.00038955852389335635
5400,566.1731100082397,0.0011958448659138462,0.004646720327436924,0.00028481055051088333,0.00031047601252794267
5500,570.7873132228851,0.0022083810870571277,0.004711194895207882,0.00028321966528892516,0.0002574852854013443
5600,575.0642263889313,0.0012313297635201412,0.0050477061207805365,0.0002811519482306072,0.00023977942764759065
5700,579.1747620105743,0.0011241998074820203,0.00465868666768074,0.00043653126806020737,0.00023147933185100556
5800,582.9405202865601,0.002366459903856077,0.004686748310923576,0.00028368152678012845,0.0002118825912475586
5900,586.9445385932922,0.002084377252522636,0.004665320180356503,0.00028031308203935624,0.00022452384233474733
6000,591.6597864627838,0.0035847348006861975,0.004664371535181999,0.00028488166630268096,0.00021966274827718734
6100,598.3257048130035,0.006969047828017888,0.004626607559621334,0.0004352942109107971,0.00035841338336467743
6200,603.4335000514984,0.0003944472711473321,0.004624454602599144,0.0002859991043806076,0.000278046727180481
6300,607.2710762023926,0.001461244914962987,0.004740851148962975,0.00027934879064559935,0.00021661300212144852
6400,611.2618041038513,0.0019755553175914054,0.004635937064886093,0.00028152894228696825,0.00022509064525365829
6500,615.3007335662842,0.0053887462703369835,0.00465661559253931,0.0002831210196018219,0.00022875893861055375
6600,619.7324750423431,0.0020837702336403982,0.004639729782938957,0.0002857464551925659,0.0002502495422959328
6700,624.9120299816132,0.0032959214832586053,0.004893391951918602,0.0002859904244542122,0.0002713299170136452
6800,630.5762867927551,0.001149641762680621,0.0046278942376375195,0.0002866736054420471,0.0002960395440459251
6900,638.0636975765228,0.00023800832040656532,0.004618731588125229,0.00028594758361577994,0.00040397414671523233
7000,643.6654608249664,0.007097361945694386,0.0046366101875901225,0.00028448324650526047,0.0003122611716389656
7100,650.435534954071,0.0011099450628401198,0.004702261872589588,0.00028328448534011843,0.00036173265427350996
7200,654.7661604881287,0.0011282406452671912,0.004670804217457771,0.00028532501310110094,0.0002430291846394539
7300,659.838728427887,0.0027266078771262334,0.004668290168046952,0.00043194085359573366,0.0002821642905473709
7400,669.0296809673309,0.0011277941785414278,0.0048241235688328745,0.0002859945595264435,0.0006683708727359772
7500,685.2455294132233,0.003847594587593709,0.0050611189380288125,0.00028417721390724184,0.0006523526087403298
7600,711.881108045578,0.0026679385311141773,0.004604905098676682,0.00043520398437976835,0.0009789864346385002
7700,732.941588640213,0.00020238834160834606,0.004617838449776173,0.00027933485805988314,0.0008607713878154755
7800,751.8336846828461,0.002365570863756693,0.004637958556413651,0.00028202109038829806,0.0008765321224927902
7900,759.5513460636139,0.0013093581162027512,0.004660340920090675,0.0002831576392054558,0.00041609834879636766
8000,768.4707176685333,0.0022971669167036225,0.004677912816405296,0.00028438109904527665,0.00047247190028429034
8100,776.3455131053925,0.004916488756063388,0.004649630598723888,0.00028571464121341706,0.00042879410088062284
8200,784.5103197097778,0.00024379054442143943,0.004727483913302422,0.00028370644897222517,0.00043713539838790893
8300,792.1349439620972,0.0036603872118709103,0.00470026075307812,0.000285278611949512,0.00041186474795852385
8400,798.9397230148315,0.0012374999450733884,0.0047144688293337825,0.00028512455523014066,0.00036669958382844924
8500,806.1086411476135,0.0011148378154516123,0.004595816284418106,0.00028482411056756973,0.000383051261305809
8600,814.194739818573,0.00192253401054672,0.004667866490781308,0.0004327067732810974,0.00044050034135580064
8700,821.750137090683,0.004727735404691386,0.004645741619169712,0.00028624363243579865,0.00041117049753665926
8800,827.6259346008301,0.00014800614499713038,0.00464957669377327,0.00028624430298805235,0.0003290751948952675
8900,832.7674758434296,0.00033891120721738665,0.004877301119267941,0.0002822912484407425,0.0002699727565050125
9000,845.0053400993347,0.0028745293422426195,0.0049177039414644245,0.0002843170240521431,0.0005363937094807625
9100,859.0992066860199,0.002356727802164276,0.004611744731664658,0.0002844838798046112,0.0006033069640398026
9200,866.7439103126526,0.0027682544916667563,0.004613360054790973,0.0002814976125955582,0.0004040246084332466
9300,874.3972065448761,0.0010905602742359317,0.004767478406429291,0.00028668206185102465,0.000404406264424324
9400,880.7478952407837,0.005417780117947019,0.0046152804046869274,0.0004358872026205063,0.0003402462601661682
9500,887.2107818126678,0.001965515729841495,0.004729524552822113,0.00028233375400304794,0.00034508954733610155
9600,893.0912959575653,0.0032255716705930516,0.004727589339017868,0.00028000637888908386,0.00031547877937555314
9700,899.2233612537384,0.0012542530340087761,0.004602112445448126,0.00028382275253534316,0.000332181980567319
9800,904.2148888111115,0.00014703356563906976,0.004646654203534126,0.00027967557311058043,0.0002765099331736565
9900,909.0039873123169,0.00011051737922699617,0.0046372351050376895,0.00027924951165914536,0.0002693348377943039
10000,916.2208895683289,0.001684792734949292,0.004945800751447678,0.0002842096611857414,0.000289008729159832
10100,922.9300570487976,0.002028953950546159,0.004798266254365444,0.00028352800756692887,0.0002979900315403938
10200,928.6051280498505,0.0009582409679615392,0.004729652926325798,0.00028256312012672427,0.0002744421735405922
10300,940.9830596446991,0.007233681001996871,0.00460409190505743,0.00028751391917467115,0.0006147632002830505
10400,947.750560760498,0.002845286929871854,0.004677504077553749,0.0002866709604859352,0.0003586602583527565
10500,954.9402251243591,0.0006825252871747888,0.004654969610273838,0.00028546001762151717,0.0003479529544711113
10600,964.2339975833893,0.0010591242452847563,0.004618721790611744,0.0002857621759176254,0.00048174522817134857
10700,972.1942958831787,0.00644304562843364,0.004639590308070183,0.0002853753045201302,0.00042348578572273257
10800,977.383627653122,0.0019201415786537746,0.004651415683329105,0.0005883602425456047,0.00029237408190965655
10900,983.2900636196136,0.0012818702639333629,0.004863460808992386,0.00028266951441764833,0.00033276379108428957
11000,989.663595199585,0.0025221437125820013,0.004679604955017566,0.00028210986405611036,0.0003369247540831566
11100,996.9373507499695,0.0020654364844551556,0.004713848435453007,0.0002842086287481444,0.0003787011759621756
11200,1005.2288067340851,0.0011301772287669598,0.004846584349870682,0.0004353594407439232,0.0004400157928466797
11300,1010.9239766597748,0.00017693282623767987,0.0046247273683547975,0.0002842193096876144,0.00031653422862291334
11400,1016.7091448307037,0.0010494677520797265,0.00481412723660469,0.00028580520302057266,0.000317959152162075
11500,1022.4289891719818,0.0001222883520923579,0.004597823582589627,0.00028144348412752153,0.00032124251127243044
11600,1027.409775018692,0.0063820032763078505,0.004622412510216236,0.000285971574485302,0.000281652957201004
11700,1031.779086112976,0.0018036869722578561,0.004643480814993381,0.00028302833437919615,0.00024900391697883604
11800,1035.6254844665527,0.005497322671114298,0.0046936384215950965,0.00028333604335784913,0.00021532326936721802
11900,1039.6070091724396,0.0025819335069526867,0.004673765487968922,0.00028447296470403673,0.00022132694721221924
12000,1044.1027665138245,0.0020213392695419595,0.004614507295191288,0.00028358470648527146,0.0002491811290383339
12100,1050.4661538600922,0.0009249552348737847,0.004724687747657299,0.000437309667468071,0.0003046867623925209
12200,1056.1820454597473,0.0012888237686923168,0.0046347929537296296,0.00028219889849424363,0.0002908686175942421
12300,1061.449355840683,0.0019690754722285183,0.0046857986599206924,0.00028301164507865906,0.00029484014958143235
12400,1067.5322144031525,0.004315320430982722,0.004900810441800526,0.00028359126299619674,0.0003098237461277417
12500,1077.1858124732971,0.002441269938750488,0.004855419397354126,0.00028633512556552887,0.00042276322841644287
12600,1085.4224116802216,0.0019372939970257797,0.004619987532496452,0.0002849908918142319,0.00042305056005716325
12700,1091.6005215644836,0.00554187661353436,0.004693620949983597,0.00028486672788858414,0.00034077480435371397
12800,1098.867814540863,0.0011469976374313185,0.004680125415325165,0.0004345213994383812,0.00038944348692893983
12900,1104.7736790180206,0.0018719021717672403,0.004687708765268326,0.0002819441258907318,0.0003313888981938362
13000,1112.229164838791,0.0014834218762853663,0.004595269896090031,0.00043440062552690506,0.00039902664721012113
13100,1119.8418862819672,0.005915744005763624,0.004615043066442013,0.00028642743825912475,0.00040157046169042587
13200,1127.809434890747,0.0008998111972622733,0.004657012410461903,0.00028518155217170714,0.00042885422706604
13300,1136.245775938034,0.00012974696167764976,0.004716712199151516,0.00028403859585523605,0.0004535022750496864
13400,1144.69660282135,0.0022111439838888645,0.0046204026043415065,0.0002806292846798897,0.00044430509209632875
13500,1151.7959496974945,0.0001502968110078276,0.004685018807649612,0.00028404649347066877,0.0003844993561506271
13600,1156.671106338501,0.0013814054857899185,0.004650201275944709,0.00028658851981163026,0.00027227628976106644
13700,1163.0588374137878,0.0020384800412161573,0.0049171154201030735,0.0002798867970705032,0.0003019286319613457
13800,1170.4015181064606,0.0023594148584353217,0.0050566490739583966,0.0002833943068981171,0.0003751665779522487
13900,1177.8284814357758,0.002091516209306497,0.004643039442598819,0.0002812115103006363,0.00036682985723018646
14000,1183.787919998169,0.0010999149672343172,0.004612434059381485,0.0002875661849975586,0.00030860669910907744
14100,1188.9539380073547,0.0020638679795636607,0.004679023064672947,0.0002844000980257988,0.0002839243784546852
14200,1194.0427947044373,0.002660197425123749,0.004676956683397293,0.0002820117399096489,0.0002866441383957863
14300,1199.3887674808502,0.00459248406355053,0.004655136205255986,0.0002843039110302925,0.00030259519815444946
14400,1204.5351734161377,0.00013965910853706577,0.004670570753514767,0.0002849771827459335,0.00028900891542434694
14500,1211.7978127002716,0.002232352280547321,0.004595813378691673,0.00043580930680036544,0.00035754378885030744
14600,1217.0529232025146,0.0009238200019557388,0.0046544201672077175,0.00043297905474901197,0.00028696537017822263
14700,1224.0760760307312,0.0001738188225419654,0.004862909689545631,0.0002855719998478889,0.00037085842341184617
14800,1230.4364366531372,0.0011053619365547231,0.004699746966361999,0.0002821402624249458,0.00034415289759635924
14900,1234.6802036762238,0.0027912208955822187,0.0047841819375753405,0.0002841051295399666,0.0002394610270857811
15000,1239.1614389419556,0.0061989039383190956,0.004678410924971104,0.00028240319341421127,0.0002471598982810974
15100,1243.8907747268677,0.0018759817989808943,0.004666435122489929,0.00028317254036664964,0.0002629586309194565
15200,1250.5176267623901,0.0011467465705621187,0.004657868817448616,0.00028644544737679617,0.0003551320146237101
15300,1258.2024018764496,0.005377054904469134,0.004782528579235077,0.00043496623635292053,0.0004112948849797249
15400,1265.0807883739471,0.00015299856603566975,0.004702530428767204,0.0002883651480078697,0.00037015378475189207
15500,1272.1118383407593,0.001111963990689494,0.004647126495838165,0.0002838882431387901,0.00037791021168231964
15600,1279.4888091087341,0.0019516966197414035,0.004645653925836086,0.0002841181680560112,0.00039606377482414245
15700,1286.9129753112793,0.0010991712277389,0.004657682925462723,0.0004327899217605591,0.00039676688611507417
15800,1292.46075797081,0.001796262328254038,0.005031826719641685,0.0002833102643489838,0.00031039975583553315
15900,1298.325037240982,0.0026429723950730233,0.0046762430295348165,0.0002835789695382118,0.00032433226704597473
16000,1305.7907741069794,0.0010661305867380633,0.004689696058630943,0.00028708256781101227,0.0004011464491486549
16100,1313.5371530056,0.001564775801956537,0.00469696968793869,0.00028170593082904816,0.0004131237789988518
16200,1320.8597452640533,0.0019370387333750947,0.004619179219007492,0.00028195932507514955,0.0003956908360123634
16300,1328.1310122013092,0.002422127825383263,0.0046654087677597995,0.0002834012731909752,0.0003873589634895325
16400,1336.862333059311,0.0002581863043669499,0.004670945070683956,0.00028458673506975173,0.0004680420458316803
16500,1341.7463510036469,0.005480811175280819,0.004651281647384166,0.00028107043355703355,0.00026998121291399
16600,1347.2141869068146,0.00021827937439931438,0.00469939825790269,0.0002816610038280487,0.0003021083346435002
16700,1355.7309012413025,0.0005446572917800921,0.00470088679343462,0.0002838541939854622,0.00045751381665468213
16800,1364.8384234905243,0.0012913526556108438,0.0046865402534604075,0.0002835613489151001,0.0004934712126851082
16900,1372.7550919055939,7.492341475228342e-05,0.004829511009156704,0.0002842086553573608,0.0004233785346150398
17000,1380.794657945633,0.006601968001656253,0.0046400236338377,0.000436425693333149,0.0004305824637413025
17100,1387.8826920986176,0.002817332668486722,0.004662814028561116,0.00028414357453584673,0.0003884881362318993
17200,1395.382791519165,0.002165235193393674,0.004608392342925071,0.000285877026617527,0.00039854273200035095
17300,1402.5001692771912,0.003140077061562625,0.004593070894479752,0.00043559018522500994,0.00038452208042144776
17400,1409.0025520324707,0.00028228588685528437,0.00489382803440094,0.0002832799404859543,0.0003465147688984871
17500,1415.9169590473175,0.0010730246647105363,0.004630484282970428,0.0002857231721282005,0.0003676731884479523
17600,1422.3929405212402,0.002552678338434696,0.004673839956521988,0.0002827095612883568,0.0003481794148683548
17700,1429.2472937107086,0.0054284651852242695,0.00485026553273201,0.0002870473638176918,0.0003684638440608978
17800,1434.295058965683,0.00014379272075708548,0.004657547511160373,0.0002784287557005882,0.0002876219153404236
17900,1439.3821709156036,0.0011258970072212313,0.004668313004076481,0.0002840293571352959,0.00028772503137588503
18000,1447.206218957901,0.001074665277356481,0.004624658466449806,0.0002848870679736137,0.000420059295637267
18100,1455.582094669342,0.002868287730336453,0.0046504510194063185,0.0005853730812668801,0.0004493086040019989
18200,1463.2277178764343,0.0025887378196698717,0.004973784573376178,0.0002868920564651489,0.00041372314095497134
18300,1470.8211104869843,0.000942490805208002,0.004649217650294304,0.00028344858437776563,0.00040868248790502546
18400,1478.4423551559448,0.006834475601174455,0.004649969227612019,0.00027919407933950423,0.0004048522934317589
18500,1486.4068365097046,0.00108082291244623,0.00466294426470995,0.0002823583036661148,0.00042799089103937146
18600,1494.4723331928253,0.0010844917796100817,0.00465150848031044,0.0002857077121734619,0.00043046217411756515
18700,1502.2389843463898,0.0009720877322661506,0.004633899331092834,0.00028498142957687376,0.000420609638094902
18800,1509.5626797676086,0.0002891712621976736,0.004633472412824631,0.0002857551351189613,0.0003937806934118271
18900,1518.0673966407776,0.0010301529893955808,0.004877497367560863,0.0002835553884506226,0.0004588516429066658
19000,1525.0101201534271,9.574492474430207e-05,0.004807733632624149,0.00028200864791870115,0.0003707314655184746
19100,1531.592500448227,0.0023135686340233913,0.004676310494542122,0.0002868383750319481,0.0003448539599776268
19200,1538.3531987667084,0.0045730649676472826,0.004604290835559368,0.0002846350520849228,0.00036443356424570083
19300,1543.4767563343048,0.0012308432852855585,0.004691902872707163,0.00027997263308082314,0.000287497096828052
19400,1548.8478934764862,8.780777298452141e-05,0.004595096297562122,0.00043568801134824753,0.0003007254377007484
19500,1554.6385869979858,4.309929953036168e-05,0.004840048328042031,0.0002844974398612976,0.0003249327465891838
19600,1560.5548741817474,0.00119260574822375,0.004695869795978069,0.0002828444913029671,0.0003330274671316147
19700,1566.251612663269,0.0043669532003428905,0.004687440246343612,0.0002807383984327316,0.00032205410301685335
19800,1571.6560757160187,0.0011425973349293264,0.004646166786551475,0.00028603728860616685,0.0003063226118683815
19900,1576.64275431633,0.001896188071662869,0.004670994915068149,0.0002821570634841919,0.00028559524565935135
20000,1581.6555829048157,0.00016017643751672027,0.004687094241380692,0.0002818411216139793,0.00028772778809070586
20100,1586.6103999614716,0.00438495049139442,0.004844602532684803,0.00028216566890478136,0.00028424661606550215
20200,1591.5458924770355,0.0019492115375622956,0.004653375968337059,0.0002864735201001167,0.0002848531305789947
20300,1596.5273053646088,0.0032025709752669267,0.0046065934747457505,0.00028395738452672957,0.00028698999434709547
20400,1601.5263946056366,0.0025848214915881206,0.00464576318860054,0.0002857927232980728,0.00028586503118276595
20500,1606.4463958740234,0.002748110626312601,0.004633508436381817,0.0002861866354942322,0.0002823653444647789
20600,1611.5545496940613,0.0011334729213124959,0.004683297649025917,0.0004340885207056999,0.0002932640165090561
20700,1617.467957496643,0.0015470371307065333,0.004886067062616348,0.0002824869166527476,0.0003281045385769436
20800,1623.2548933029175,0.001168597014137939,0.004674856849014759,0.0002829374372959137,0.0003117372840642929
20900,1629.6578912734985,0.00016514670958425514,0.004680934995412826,0.0002856934443116188,0.00033543217927217483
21000,1636.6372699737549,0.00014978575193836053,0.004690835177898407,0.00028363414108753207,0.00036615543067455294
21100,1644.3840243816376,0.0020327041963068572,0.004728774689137936,0.00028160937130451203,0.00041338376700878144
21200,1652.3906290531158,0.0001438106078849366,0.00467699870467186,0.0002866038680076599,0.0004327772185206413
21300,1659.1635324954987,0.0019374043283988452,0.004656864069402218,0.0002862783893942833,0.00036925867199897764
21400,1665.9080448150635,0.001086345151386372,0.0046364830061793325,0.00028691407293081285,0.00037066660821437835
21500,1675.1676468849182,0.001157151679411067,0.00467289075255394,0.00028089869767427444,0.0004987170547246933
21600,1681.8375396728516,0.0001901036166149242,0.004829096011817456,0.00028296243399381635,0.0003624863177537918
21700,1687.3009130954742,0.0010853537606384327,0.004666118584573269,0.0004346667230129242,0.0002990800514817238
21800,1692.7228920459747,0.002474491427879918,0.004883254282176495,0.00043377403169870377,0.0003057699277997017
21900,1697.7977242469788,0.00641988284804178,0.0046778061985969545,0.0002843961492180824,0.00028922297060489653
22000,1702.983386039734,0.007466950797007079,0.004667238406836987,0.0002827047184109688,0.00029463540762662886
22100,1709.0890448093414,0.0020197076906392267,0.004669738646064485,0.00043619636446237567,0.00033487744097198763
22200,1717.1297330856323,0.0016517344843851537,0.004702158421278,0.0004343215376138687,0.00042910028249025343
22300,1724.052814245224,0.001082923044391032,0.004705983400344849,0.0002837150543928146,0.00037333138287067415
22400,1731.9962272644043,0.00026230646151241766,0.004875947348773479,0.00028168704360723493,0.00042189162224531173
22500,1737.6066455841064,8.09862982337159e-05,0.004627036042511463,0.0002841135486960411,0.0003160503506660461
22600,1742.8483850955963,0.003008615122347701,0.0047051581740379335,0.0002856048196554184,0.00029820095747709277
22700,1748.0867705345154,0.005623953481800514,0.004863162077963352,0.0002836739644408226,0.000297793410718441
22800,1752.9933769702911,0.005106002951335399,0.004894891083240509,0.00028246141970157625,0.00028015725314617157
22900,1758.5565428733826,0.00031353330069568586,0.004640119411051274,0.0002844196930527687,0.000311821810901165
23000,1764.689250946045,0.0020443336050468795,0.004661664180457592,0.0002804450690746307,0.00033638965338468553
23100,1769.2545907497406,0.00014707090715592537,0.004616044498980045,0.00028240248560905455,0.00025852352380752565
23200,1773.7207593917847,0.0018522200174655565,0.004567648284137249,0.00029108811169862745,0.0002524777501821518
23300,1778.0310008525848,0.00028090034298694527,0.004624063670635223,0.00028110165148973463,0.00024373967200517655
23400,1784.6306746006012,0.004316047338218815,0.00462745226919651,0.00028735991567373274,0.0003566677495837212
23500,1792.1674859523773,0.0028284437820656635,0.004611187614500523,0.0002865514638168471,0.00041091669883046826
23600,1799.3723351955414,0.0010945075578666407,0.004858549013733864,0.00028248533606529236,0.00038375504314899447
23700,1807.1115260124207,0.000953723821674319,0.004567020237445831,0.000282711386680603,0.00041118197143077853
23800,1816.1458461284637,0.0008970561476792014,0.004673739485442638,0.00028337512165307996,0.0004704994708299637
23900,1823.1908030509949,0.005072064406573755,0.004821145310997963,0.0002840421348810196,0.00037757124751806257
24000,1830.3662872314453,0.004392322070331517,0.004681980088353157,0.000432300865650177,0.0003842313960194588
24100,1836.6469032764435,0.00204866201911684,0.004691974148154259,0.0002829333394765854,0.0003436458110809326
24200,1843.3959197998047,0.0025313511031482315,0.0046897435560822485,0.0002856864780187607,0.0003593288362026215
24300,1849.9271585941315,0.001097424296349252,0.004678660407662392,0.0002841292694211006,0.00034838829189538957
24400,1856.1734471321106,0.0001365971242458755,0.004691172800958157,0.0002827804908156395,0.00033974476158618925
24500,1863.7819175720215,5.549870209764607e-05,0.004696226194500924,0.0002796763926744461,0.00041192475706338885
24600,1872.1251347064972,0.001895435579671815,0.004793641231954098,0.000286482498049736,0.00044681061059236526
24700,1881.450326681137,0.001843238491785873,0.004672592468559742,0.00043906666338443755,0.0004938113689422608
24800,1890.1818442344666,0.0012124507187031488,0.004631324437047754,0.0002836076702390398,0.0004667279177478382
24900,1897.7605240345001,0.0011127249677050852,0.004704637899994851,0.0002836297824978828,0.0004024619981646538
25000,1905.3743438720703,0.0020389660012687418,0.004847848564386368,0.0004332834854722023,0.0004041527956724167
25100,1912.1875603199005,0.001066073781227852,0.004733839370310307,0.00028276044875383374,0.0003704022988677025
25200,1918.038646221161,0.0010443907475528435,0.004649941474199295,0.0002885843813419342,0.0003174634277820587
25300,1925.5682101249695,0.002348127436156508,0.004617240987718105,0.00028135981410741805,0.0004015180468559265
25400,1932.9252934455872,0.0062208516502559544,0.004657805338501931,0.00028660658746957777,0.000391707643866539
25500,1940.992261648178,0.0004567680948786057,0.004681116417050362,0.00028036922216415403,0.00042991507798433303
25600,1946.2810657024384,0.0010387808842623552,0.004617023319005966,0.00028446808457374575,0.00029565367847681043
25700,1950.9330885410309,0.0010416015369254152,0.004808323532342911,0.0002845845744013786,0.0002664203941822052
25800,1955.6862893104553,0.0010385543028555242,0.004685447476804256,0.00043358251452445983,0.00027010031044483185
25900,1960.7708342075348,0.005810948483377145,0.00462875884026289,0.00028339527547359465,0.00028606146574020383
26000,1968.3372309207916,0.0010650494065009952,0.004856750294566154,0.0002853262051939964,0.00040279753506183624
26100,1974.7975351810455,0.0004013812734492828,0.004681184887886047,0.0002834807336330414,0.0003382441774010658
26200,1981.704815864563,6.855956408470274e-05,0.004641162848898342,0.0002827438871775355,0.00037067051976919174
26300,1990.9596009254456,0.0020587931378962233,0.004668059125542641,0.0002857303619384766,0.0004886390268802643
26400,1998.6728761196136,0.0021072261523059597,0.004616591893136501,0.00028204943984746936,0.00040932610630989074
26500,2006.5097081661224,0.001129453098195006,0.004644208289682865,0.000288812518119812,0.0004269718751311302
26600,2017.146104335785,0.0011568843749158713,0.004718433730304241,0.00028061259537935255,0.0005599356815218925
26700,2023.3311367034912,0.0010266395281693494,0.0047193246334791186,0.0005844060331583023,0.00034623488783836365
26800,2028.7172455787659,0.0018171874141257188,0.004689480811357498,0.00028624024242162704,0.00030702177435159683
26900,2034.1390204429626,0.0010380054529135587,0.00463667631149292,0.00028256479650735856,0.00030901312828063965
27000,2039.751622915268,0.006344754597797086,0.004866297729313374,0.0002849099040031433,0.00031615704298019407
27100,2045.4098484516144,0.005398163417094604,0.004608040452003479,0.000280950553715229,0.000317084826529026
27200,2051.0072939395905,0.0007368908649710254,0.00467246264219284,0.0002821316197514534,0.0003163052350282669
27300,2056.679280281067,0.00015008266869182967,0.004675563499331474,0.00028434932231903077,0.0003205601498484612
27400,2063.5299332141876,0.0015731767394732599,0.0047796167805790905,0.0002848900854587555,0.0005538694933056831
27500,2069.270341873169,0.0011219028387839563,0.0048206084221601485,0.0002852769196033478,0.0003114806115627289
27600,2077.9136781692505,0.0010077666966323696,0.004624547351683889,0.0002838356473616191,0.00046205846326691767
27700,2086.7172060012817,0.0019421249985290589,0.004662021659314632,0.00028674941509962084,0.0004714871570467949
27800,2094.6451404094696,0.00022240821224378342,0.0046607603877782825,0.00028478506952524186,0.00042075835168361666
27900,2101.627785205841,6.117762785418313e-05,0.00464016743004322,0.00043868135660886766,0.00037574104964733124
28000,2108.7592277526855,0.00207845635393166,0.004615004695951938,0.0002857554331421852,0.0003891055658459663
28100,2116.5540392398834,0.0001450231171886507,0.004682686850428581,0.0002826409041881561,0.00042015992105007174
28200,2124.8700318336487,0.0019361877809736586,0.004608032815158367,0.0002838878333568573,0.0004414474219083786
28300,2130.026874780655,0.0022189129293927207,0.004850518330931664,0.00028282742947340013,0.0002899199724197388
28400,2135.572535276413,0.007213609654910954,0.004722273126244545,0.0002864322066307068,0.0003111717477440834
28500,2140.724512577057,0.00125965780385463,0.004683628231287002,0.00028440743684768674,0.0002915773168206215
28600,2146.704500436783,0.0005765293671507476,0.004630757980048656,0.0002810659632086754,0.0003341042622923851
28700,2154.356605529785,0.005334875054548744,0.004836174882948399,0.00028088033199310305,0.0004103711247444153
28800,2160.6634726524353,0.0009447913815973915,0.00491125114262104,0.0002796628326177597,0.0003515905886888504
28900,2166.4931631088257,0.0011304439523771395,0.00463571261614561,0.000436878390610218,0.00032365377992391584
29000,2174.127541542053,0.0010362510395688482,0.004885651788541249,0.0002814026496240071,0.00041070071714265007
29100,2182.6425890922546,0.0012865510216957916,0.004628615714609623,0.0002844570204615593,0.0004601333662867546
29200,2190.886712551117,0.0001795279589336271,0.004678530357778072,0.00028624966740608214,0.0004444466158747673
29300,2199.2612590789795,0.0024996575421684267,0.0046436765789985655,0.0004357486218214035,0.0004511107504367828
29400,2207.552926301956,0.001519040849558764,0.004549421630799771,0.00028300438076257707,0.00044089581817388537
29500,2215.996593236923,0.0019704757017124804,0.004694489017128945,0.0002825237438082695,0.00043619610369205475
29600,2224.1560282707214,0.005491622864381029,0.00470711212605238,0.00028236526995897295,0.00044098835438489915
29700,2229.611141204834,0.00013496135818924949,0.004654385782778263,0.00028451908379793165,0.00030879396945238113
29800,2234.866094827652,0.0010056276250188687,0.004905400201678276,0.0002830622345209122,0.0002978235110640526
29900,2240.158529520035,0.005851261190604863,0.0046638411656022075,0.00028014324605464937,0.00029970463365316393
30000,2245.0687477588654,0.0016604664619737182,0.004667643010616302,0.00043903809040784836,0.00027833592146635054
30100,2250.525946378708,0.0011021290846850666,0.004848836846649647,0.0002868061512708664,0.0003046683594584465
30200,2255.668354034424,0.0001415105329806235,0.004617852680385112,0.0002808931469917297,0.00029044922441244124
30300,2260.8355627059937,0.0010803210521226731,0.004652198457292148,0.00028484590883765904,0.0002931937575340271
30400,2266.6353096961975,0.0013112523805042348,0.004653694219887257,0.0002836843207478523,0.0003271971642971039
30500,2272.8196761608124,0.005704325355140943,0.004676073007285595,0.00028311338275671005,0.00034207884222269057
30600,2278.2071154117584,0.005348002000356601,0.00484492614865303,0.0002835343778133392,0.0003038214147090912
30700,2283.1077077388763,0.0001219940614897183,0.004621483273804188,0.0002870185300707817,0.00027991946786642074
30800,2290.143077850342,0.001082524446739815,0.004626374952495098,0.00028478093445301057,0.0003827185928821564
30900,2295.630431175232,0.00349525030803284,0.0046190573647618294,0.0002891815826296806,0.00030469018965959547
31000,2301.923764228821,0.00028230722150800994,0.004619323387742042,0.00028349947184324264,0.000334598645567894
31100,2308.72608089447,9.980849147357224e-05,0.0046446225047111515,0.0002884965017437935,0.0003610505908727646
31200,2316.0628805160522,4.841016870368975e-05,0.0048703249543905255,0.0002812032401561737,0.0003976179286837578
31300,2321.8976154327393,0.0020033136167557832,0.004824934154748916,0.00028086591511964796,0.00032648492604494097
31400,2326.609960079193,0.0015493573064109957,0.004797640852630138,0.00042955607175827027,0.00027000300586223604
31500,2331.519543170929,0.001974327637180815,0.004681890606880188,0.0004332611337304115,0.00028039354830980304
31600,2337.737242460251,0.0016979417220028168,0.004661368913948536,0.0002842677384614944,0.0003452759236097336
31700,2344.163157939911,0.0011711835765239264,0.004663862186883177,0.0002847854580198016,0.00035267667046615054
31800,2350.653254508972,0.00228358180785219,0.004608501382172107,0.00028556890785694125,0.0003559291735291481
31900,2355.273036003113,0.001160772457768537,0.0048604880273342135,0.0002839275822043419,0.0002610257267951965
32000,2359.6771097183228,0.006142083527506359,0.00472452774643898,0.00028032008558511736,0.0002488086745142937
32100,2364.5148718357086,0.0002586051150070481,0.004625607244670391,0.0004351687803864479,0.0002730981260538101
32200,2370.3147687911987,0.0010418069607883132,0.004883456751704216,0.0002813667804002762,0.00031518083065748217
32300,2376.8625223636627,0.00017753771982258358,0.004592581987380982,0.00028815846890211104,0.00035690803080797197
32400,2383.1770236492157,0.00174113336870702,0.004698043055832386,0.0002818198874592781,0.0003449259325861931
32500,2389.563576936722,0.0010952274955401777,0.004629793502390385,0.0002835579216480255,0.000352521687746048
32600,2394.9650161266327,0.0060947262895096775,0.0046261526271700855,0.000285707488656044,0.00030513014644384384
32700,2400.334958076477,0.0010651315132440223,0.004749433659017086,0.0004329513758420944,0.00030263420194387436
32800,2406.101931810379,0.0012682158329645884,0.0047193577885627745,0.000287344716489315,0.0003258981928229332
32900,2411.7270560264587,0.00020313646824646203,0.0046817253157496455,0.0002848921343684196,0.0003163997456431389
33000,2416.887423992157,0.00039014033827736996,0.004666812121868134,0.0002821269258856773,0.0002930504456162453
33100,2422.1145102977753,0.0012280551870858085,0.004738512257380145,0.000280291097504752,0.0002966402524283954
33200,2427.6349589824677,0.002911832640320429,0.004577069282531738,0.0004310033470392227,0.00031004674732685087
33300,2434.337898492813,0.0005568445609052242,0.004852779433131218,0.00028491102159023285,0.0003669347986578941
33400,2442.2672975063324,0.0021947732389010714,0.00468098621815443,0.00028126228600740434,0.0004267764464020729
33500,2450.321949005127,0.001390014853205264,0.0046369008719921116,0.00028648242354393003,0.0004311811923980713
33600,2459.0805706977844,0.0009895699645880794,0.004685694612562657,0.0002828389033675194,0.00046472184360027316
33700,2466.631736755371,0.00020722800457664337,0.0048557758703827855,0.00028348490595817564,0.0004064520075917244
33800,2473.6412353515625,6.029728034669391e-05,0.004672563448548317,0.00028390031307935716,0.0003788502886891365
33900,2481.025905609131,0.0011372709364824457,0.004710473828017711,0.0002825501933693886,0.0003979732096195221
34000,2488.4266681671143,0.00024107508994856253,0.004728210642933845,0.0002839498221874237,0.00039832673966884615
34100,2495.2437937259674,0.006988315784975319,0.0046635157614946365,0.00028773233294487,0.0003604898601770401
34200,2503.2119884490967,0.005628561763400758,0.004510358311235905,0.0002896719425916672,0.00042155466973781586
34300,2509.751913547516,0.0003707889844189005,0.004834902733564377,0.000279909260571003,0.00035134099423885347
34400,2518.005232334137,0.0018166326823334264,0.00467760756611824,0.0004367787763476372,0.0004446408525109291
34500,2525.577698945999,0.00647581296522453,0.004688465951808861,0.0002837535153542246,0.00041538713233811516
34600,2533.795841217041,0.005576496412819266,0.004650525078177452,0.0002854173630475998,0.00043639693409204484
34700,2542.5336809158325,0.00021717289675362016,0.004697057120501995,0.000278373621404171,0.000465519018471241
34800,2549.553631067276,0.003418878059805786,0.0046616106107831,0.00028224717825651167,0.0003785763308405876
34900,2554.5431599617004,0.0010583060570183362,0.00464826337993145,0.0002785126119852066,0.0002849491313099861
35000,2561.6354370117188,0.0002622044461874454,0.00484330166131258,0.0002858993411064148,0.0003748273849487305
35100,2568.545557498932,0.0010248777350543537,0.004679737202823162,0.0002853883430361748,0.00037464022636413575
35200,2576.3877823352814,0.0018983656481743666,0.004854971431195736,0.00028606001287698744,0.0004227988049387932
35300,2584.717531681061,0.0011321647278434083,0.004870683141052723,0.0002839957922697067,0.0004462551698088646
35400,2589.9805295467377,0.002060335730519999,0.00459116991609335,0.0004341975972056389,0.00029741503298282625
35500,2595.1086275577545,0.0017134323869165823,0.004647130444645882,0.0004386007785797119,0.00029075581580400466
35600,2600.3727684020996,0.0003139779937897003,0.00469610258936882,0.00028551336377859117,0.00029845084995031354
35700,2605.5522878170013,7.628030503669448e-05,0.004652061425149441,0.0002845804393291473,0.00029377501457929613
35800,2610.9303617477417,0.00043586150055677426,0.0046349669247865675,0.00028349436819553376,0.00030382122844457626
35900,2619.4521350860596,4.729421860852595e-05,0.004523105945970331,0.0002882204204797745,0.00044117461357797897
36000,2627.3548328876495,2.7761171975378417e-05,0.0046759950742125515,0.0002840176969766617,0.0004272542148828506
36100,2635.1875772476196,0.0009916104073492095,0.004654993489384651,0.00028063222765922546,0.0004193601757287979
36200,2643.3197104930878,0.001959297964701186,0.0046740005537867545,0.00043557990342378615,0.00043116573244333267
36300,2651.5216681957245,0.002527262793170202,0.004672642908990383,0.00028252337127923963,0.0004350557178258896
36400,2659.521110534668,0.005998538212210488,0.004634999670088291,0.0004368867352604866,0.0004235239326953888
36500,2667.106110572815,0.0008795866484305065,0.004620013274252415,0.0002864605560898781,0.0004080500453710556
36600,2674.368387699127,0.0012471906718621085,0.00489134956151247,0.00028179991990327834,0.0003952445089817047
36700,2681.104438304901,0.0020043737447136794,0.004826593846082687,0.0002844424918293953,0.0003586222231388092
36800,2687.224378824234,0.005454189545258629,0.00464560829102993,0.0002818653360009193,0.000324699766933918
36900,2694.088065624237,0.0010251429241220028,0.004857217706739902,0.0002815133333206177,0.00036109041422605515
37000,2699.428134202957,0.0010032095422269217,0.00470495942980051,0.00028202656656503675,0.00030104435980319975
37100,2704.6235876083374,0.000665973604067851,0.004693914018571377,0.00028410028666257857,0.00029552213847637175
37200,2710.00447678566,7.870121170363512e-05,0.004678604932768004,0.0002875558020813125,0.00030631279838936665
37300,2715.333769798279,0.0011607066912031369,0.004631205648183823,0.0002826516330242157,0.00030166424810886385
37400,2723.6061215400696,0.0022671555465647035,0.0046538133919239045,0.00028087038546800616,0.00044493936002254486
37500,2731.218482017517,0.00013270938660612798,0.00477052915841341,0.0002851354703307152,0.000410393550992012
37600,2739.5216636657715,0.00019304027574983923,0.004626950994133949,0.0004389674961566925,0.00044924456626176833
37700,2747.84770321846,0.005010244360260489,0.004674134328961372,0.00028132501989603043,0.00045437194406986234
37800,2756.3248822689056,0.0008514213077769384,0.0048582873493433,0.000284455381333828,0.00045410793274641036
37900,2764.6052799224854,0.0002509083897475131,0.004628288112580776,0.0002832068130373955,0.0004419222474098206
38000,2773.1733770370483,0.005450753191695967,0.004601991400122642,0.0002835406735539436,0.0004559905454516411
38100,2781.1627497673035,8.941485488856843e-05,0.004946111217141152,0.00043410677462816236,0.0004258706420660019
38200,2788.8865814208984,0.001235395974375188,0.00470869205892086,0.0002871423587203026,0.00041033338755369186
38300,2796.9215717315674,0.0021272248810863667,0.004627552814781666,0.000287441723048687,0.0004292074590921402
38400,2805.029762029648,0.0017688708428210504,0.004657745920121669,0.00028149712830781936,0.0004348741844296455
38500,2812.934296607971,0.002103881723677357,0.004724190272390842,0.0002818973734974861,0.00041843529790639876
38600,2820.68461227417,0.0012247195622245208,0.004703342542052269,0.0002797559116567885,0.0004193334547536714
38700,2825.523048877716,0.00175336390865174,0.004617989324033261,0.0002853120118379593,0.0002774173393845558
38800,2830.555351495743,0.00020587434197589266,0.004673408232629299,0.00028580985963344574,0.00028667859733104705
38900,2837.1102957725525,0.00018622699693444404,0.0046899570152163506,0.0002829170972108841,0.00035746213048696516
39000,2843.3031787872314,0.005394855444625643,0.004684011973440647,0.00028437260538339616,0.000339796282351017
39100,2852.6473054885864,0.005364099843069082,0.004650799334049225,0.0002860141173005104,0.0004967490211129188
39200,2860.7351191043854,0.00012449911463698394,0.0046894939616322516,0.00028153780847787856,0.0004255770891904831
39300,2869.1104774475098,0.001876936093227436,0.004875354617834091,0.00043275225907564164,0.0004480985552072525
39400,2876.2675592899323,0.0010303753979699088,0.004779171384871006,0.0004372134432196617,0.0003913385421037674
39500,2884.091498851776,0.0011231016626747593,0.004597518593072891,0.0002882369980216026,0.0004219286143779755
39600,2891.474745988846,0.00012952836142824802,0.004842952862381935,0.00028404612094163896,0.00039545848965644837
39700,2898.3400683403015,0.0024729447220742944,0.00464961227029562,0.00028313100337982176,0.00037288296967744825
39800,2906.0389366149902,0.0019334436378752931,0.004701434038579464,0.0002822602540254593,0.00040765147656202317
39900,2914.1906831264496,0.001852323334216996,0.004626568146049976,0.0002856748178601265,0.00043793212622404097
40000,2923.7195217609406,0.0009147530731055551,0.004653847222881658,0.0002828464497412954,0.0005058816234980311
40100,2932.719190120697,0.0010760814252490098,0.004688333980739117,0.00028123345226049423,0.00044688399881124495
40200,2940.623297691345,0.00011677190804018411,0.0046693520247936245,0.0002862311527132988,0.0004269713908433914
40300,2947.7734882831573,0.0016198728770839554,0.004663922376930713,0.0002857072651386261,0.0003920130431652069
40400,2955.78954410553,0.0006867183109840766,0.004567509032785893,0.00028852678835392,0.00042534038424491883
40500,2963.1236453056335,0.0011619041762886658,0.00467412531375885,0.0002801302820444107,0.0003970979899168014
40600,2967.6511490345,0.0010676577591292975,0.004891187772154808,0.00028143975883722307,0.00025281388312578204
40700,2972.540371656418,8.766998995867831e-05,0.004694462567567825,0.0002812555059790611,0.00027288690209388734
40800,2980.8146748542786,0.003345082846297481,0.005068867057561874,0.0004345938935875893,0.00044444039463996886
40900,2989.3808455467224,0.005714124735595057,0.004659122489392757,0.0002827996015548706,0.0004595103487372398
41000,2995.904052257538,0.0017775962781682677,0.004664115943014622,0.00043568555265665053,0.00035741690546274183
41100,3003.9005584716797,0.0003998657456898,0.004649462699890136,0.0002853580191731453,0.00042870640754699707
41200,3011.8112392425537,0.001115369296275438,0.004644622839987278,0.000284702405333519,0.00042334239929914475
41300,3019.562812805176,0.0044146075045782595,0.004640564732253552,0.00028348024934530256,0.00041814956814050674
41400,3028.368545293808,4.611718919975225e-05,0.004643479106681687,0.00028239268277372635,0.0004749282875231334
41500,3034.0941138267517,0.0011085071707937653,0.004660094641149044,0.0002835285663604736,0.0003146577998995781
41600,3041.4430210590363,0.006081705599154881,0.004588456898927689,0.00028526440262794495,0.00039280809462070463
41700,3049.565140724182,0.0009754697874383772,0.0046780300512909885,0.00028367482125759126,0.0004336551949381828
41800,3058.00275850296,0.0010184347575867656,0.0046585102751851085,0.0004370947554707527,0.00044752202928066253
41900,3066.5812673568726,6.710647686636151e-05,0.004617860130965709,0.0004327491670846939,0.00045013539493083955
42000,3071.598535299301,0.001642179935476045,0.0049050265923142435,0.0002854710072278976,0.00028411813080310823
42100,3076.9586186408997,0.0010810594467552405,0.004668040610849858,0.0002790692448616028,0.00030012328177690504
42200,3082.053945541382,0.0010323929211380595,0.004765065126121044,0.0002824746072292328,0.00028926659375429155
42300,3087.2723529338837,0.0010282142533798464,0.004645098336040974,0.0002864522486925125,0.00029428072273731233
42400,3092.2109978199005,0.0010073976516531136,0.004647892005741596,0.0002847962826490402,0.0002803223207592964
42500,3096.986510515213,0.002023432635962827,0.00468324426561594,0.00028322845697402953,0.00027115605771541593
42600,3103.218122243881,0.000610033788084344,0.0046791770681738854,0.0002845276519656181,0.00034229129552841185
42700,3111.3696444034576,0.006393923045042062,0.004905000738799572,0.00028531120823962347,0.00043841417878866197
42800,3119.0091638565063,0.0009556573012053709,0.004889170825481415,0.00028416696935892107,0.0004107673466205597
42900,3127.836613893509,0.0011002572488489398,0.0046511366963386536,0.00028408188372850416,0.00046792425215244296
43000,3138.2815804481506,0.0044512372318296885,0.00482027318328619,0.0002807366847991943,0.0005394434556365013
43100,3147.041310787201,0.006834828158680486,0.004679786264896393,0.00028182890266180037,0.00046423021703958514
43200,3155.2062573432922,0.0024988410332360098,0.004657007269561291,0.0004376811534166336,0.00043247159570455554
43300,3161.4450736045837,0.00037394827971367895,0.0046627078577876095,0.0002846774086356163,0.0003430071473121643
43400,3166.049195289612,7.42577796449731e-05,0.004647995941340923,0.00028454724699258807,0.0002609163150191307
43500,3170.6592342853546,0.0008410686854918533,0.0046371384337544445,0.0002834884077310562,0.00025663278996944426
43600,3176.819511413574,0.00040989672789034536,0.004628374688327313,0.00028680771589279175,0.00032835081219673157
43700,3185.035373687744,0.0022051532121739577,0.004750587120652199,0.00028366606682538986,0.00043792806565761566
43800,3192.6650676727295,0.0005833272053835739,0.0046558379754424095,0.00043601971119642256,0.0004043634980916977
43900,3200.9646310806274,0.0030788884234450344,0.00471867486834526,0.00028145339339971545,0.000440315343439579
44000,3209.1209127902985,0.00036256563120637327,0.004685410112142563,0.00028299476951360703,0.00043914131820201876
44100,3216.9283814430237,0.0002636292925976325,0.004703865067235061,0.0002846238123519081,0.0004215996765664645
44200,3224.495277404785,0.0010574740310776965,0.004680579751729965,0.000281277596950531,0.000404561273753643
44300,3232.468313217163,0.0015252308506881916,0.004571115039288998,0.0002827887609601021,0.0004243529215455055
44400,3240.0739436149597,0.000976368675414144,0.004707354418933392,0.000433502122759819,0.000408446304500103
44500,3247.908641576767,9.178209233326767e-05,0.004830184280872345,0.00028410609811544416,0.0004129675403237343
44600,3256.4587881565094,0.0022553215326869135,0.004855334870517254,0.00028519421815872194,0.0004569977521896362
44700,3264.141587972641,0.0010901854127690418,0.004758601188659668,0.0004370926320552826,0.00041282627731561663
44800,3272.068810939789,0.0024516489605065656,0.0046400238946080205,0.0002813177183270454,0.0004217392951250076
44900,3280.069625377655,0.009561175320544586,0.0046909935027360915,0.0002834244444966316,0.0004263939708471298
45000,3289.5413761138916,9.146791795453551e-05,0.004612846970558166,0.0002879897505044937,0.000506725087761879
45100,3296.993509531021,5.3605979800216695e-05,0.004839068129658699,0.0002854151278734207,0.0003989137709140778
45200,3305.495642900467,3.4915528767333894e-05,0.004648318253457546,0.00028418391942977903,0.0004517081752419472
45300,3313.818153142929,0.00010014493129960111,0.004646780788898468,0.00028354406356811523,0.00043824873864650726
45400,3321.2167081832886,0.002832333041160716,0.004684089384973049,0.0002813815325498581,0.0004022325575351715
45500,3327.4851315021515,0.001208193261073385,0.004619571625122002,0.00028470825403928754,0.00034209382321153374
45600,3334.862600326538,0.0013308302253409257,0.004706343598663807,0.00028385285288095474,0.00040169097483158114
45700,3343.093967437744,0.0010270518094286614,0.004836532548069954,0.00028518900275230406,0.0004370979592204094
45800,3350.5649251937866,0.001010971993674067,0.004615449123084545,0.0004329332709312439,0.0004064048081636429
45900,3357.1969182491302,0.00013451568621626663,0.004624707214534282,0.000282662995159626,0.0003642792999744415
46000,3364.8512971401215,0.004407572915063814,0.00471138957887888,0.0002822179347276688,0.0004119830951094627
46100,3374.292361021042,0.002042737383500596,0.004614911116659641,0.00028824668377637865,0.0005111192539334297
46200,3382.0747122764587,0.0008838973236337668,0.0048480981588363645,0.0004374740272760391,0.00041842013597488404
46300,3390.345828771591,0.0018921409617510337,0.004848085567355156,0.0002804980054497719,0.0004437010362744331
46400,3398.829381465912,0.005121649698761042,0.004590541496872902,0.0002862655743956566,0.0004495750740170479
46500,3407.232169866562,0.002483190939521484,0.00466610498726368,0.0002846446633338928,0.0004417557269334793
46600,3415.2266759872437,0.00017741266302272933,0.004676400199532509,0.0002812521904706955,0.00042533747851848604
46700,3422.6286821365356,0.0007226754921081011,0.0046753472834825515,0.00028616759926080703,0.00039895784109830854
46800,3430.4482741355896,0.0015508310580470324,0.004718286357820034,0.0002840101346373558,0.00041794583201408385
46900,3439.667009830475,7.514144399299874e-05,0.004669532052108219,0.00028187157852309087,0.00048529469541140966
47000,3449.7228581905365,0.001780380984187238,0.004648945778608322,0.0002835790067911148,0.0005378145724534988
47100,3460.99609708786,0.0011385229158957378,0.004615051969885826,0.00028494343161582946,0.000597342699766159
47200,3469.352379322052,0.0008516853382379181,0.004633595310151577,0.000433366559445858,0.0004475921392440796
47300,3479.975977420807,0.004394674337960612,0.004656855836510658,0.0002867954969406128,0.000749722607433796
47400,3488.338713169098,3.6501513804717e-05,0.004669979214668274,0.00027873620390892026,0.0004459019750356674
47500,3497.326103210449,0.0020110075586752944,0.004658132828772068,0.0002853166311979294,0.0004880280792713165
47600,3505.403895139694,0.0001968820875162916,0.004629816636443138,0.00028479203581809997,0.0004305479675531387
47700,3514.414006948471,0.0009999377380900468,0.0046778863295912744,0.0002846527099609375,0.00048137154430150987
47800,3523.25922870636,0.0009181503064480911,0.004698991887271404,0.00028396379202604293,0.00047103647142648697
47900,3531.121297597885,0.005381659831051219,0.004881867952644825,0.00028325796127319334,0.000416501872241497
48000,3537.7694363594055,0.0012769820446507155,0.004892585948109627,0.0002827213332056999,0.0003568640723824501
48100,3543.247745037079,0.0023805480517091427,0.004607063196599484,0.0004387374594807625,0.00030817825347185135
48200,3549.250735282898,0.0018306660507368025,0.004839094334415027,0.00028671724455697203,0.0003367425022380693
48300,3556.994961500168,0.001791828108196121,0.004638674072921276,0.0002831211686134338,0.00040393613278865814
48400,3564.5838911533356,0.005440875414370206,0.004659364894032478,0.0004341213032603264,0.00040284518152475354
48500,3572.613935470581,0.00011526170960217074,0.004642467722296715,0.0002883950620889664,0.0004262616485357285
48600,3581.8248410224915,0.0019089251279933578,0.004613189660012722,0.00028663311153650286,0.0004839291051030159
48700,3590.686214208603,0.001743375505278841,0.004650661796331406,0.0004303354769945145,0.0004701921343803406
48800,3596.7148365974426,0.0001684740398535281,0.004814163669943809,0.000285261832177639,0.0003275750204920769
48900,3600.7438645362854,0.005804175056548746,0.0046748344600200656,0.0002864949032664299,0.00022851120680570603
49000,3604.8028700351715,0.000228053931815321,0.0047786377370357515,0.00028064861893653867,0.00022960130125284194
49100,3609.057456254959,0.0010731075666332312,0.004652420617640018,0.000283084437251091,0.0002415052056312561
49200,3613.5756978988647,9.016517368350797e-05,0.0046527118608355525,0.0002864544466137886,0.00025455862283706664
49300,3619.143471956253,0.0003687283466163277,0.0048386105522513385,0.0002822378650307655,0.0003123344108462334
49400,3628.058091402054,0.001977914425354615,0.00459204912185669,0.00028508547693490983,0.00046189509332180025
49500,3634.0306005477905,0.0013507650261097382,0.004933870434761047,0.00027876019477844237,0.0003235127776861191
49600,3641.5448789596558,0.0009616562824160586,0.004624993960772242,0.00028253223214830676,0.00039944407130990714
49700,3648.2361781597137,0.0015631891623138366,0.0048123325034976,0.00043663162738084794,0.00036101378500461576
49800,3655.4620542526245,0.00018646458158941365,0.004699784144759178,0.00043652143329381943,0.00038047928363084795
49900,3663.65541267395,0.002784076660249376,0.004632061533629894,0.00028458811342716215,0.000432061068713665
50000,3671.1770305633545,0.004628161804043238,0.004764337204396725,0.00028142049908638,0.00039771392941474916
50100,3678.9340164661407,0.0011291015147585656,0.004783830791711807,0.000285184308886528,0.00041033990681171417
50200,3687.1513016223907,0.0009741725650982486,0.004668052829802036,0.0002844375371932983,0.000438021644949913
50300,3693.6661562919617,0.00025304457786099854,0.004910733886063099,0.0002799650281667709,0.0003518836200237274
50400,3698.355480194092,0.0009291598770425694,0.0046168088167905805,0.0002823077514767647,0.00026780035346746445
50500,3703.437162399292,0.0010131671477246343,0.004636345207691192,0.00028671231120824814,0.00028608564287424087
50600,3708.463893890381,0.00640219023303149,0.004616499692201614,0.0002845273166894913,0.0002845529839396477
50700,3713.4487063884735,0.0011916364637147758,0.00460866168141365,0.0002839488163590431,0.00028191931545734405
50800,3718.352332830429,0.0001093451470853779,0.004775208756327629,0.0002785217761993408,0.00027776096016168594
50900,3723.250171661377,0.0010192440089118462,0.004649946205317974,0.0002840175852179527,0.0002775593474507332
51000,3728.174990415573,0.0016413775693019889,0.0046426866522857125,0.0002865272121770041,0.00027598725365740915
51100,3735.005254507065,0.00015071817017933974,0.004807322584092617,0.0004337422177195549,0.00037015270441770554
51200,3742.19730758667,0.0013878701447020804,0.0046181388571858405,0.0002883797138929367,0.00038407769054174426
51300,3748.2704923152924,0.005344507816650233,0.004659454710781575,0.00028066806495189665,0.0003329732269048691
51400,3755.8157761096954,5.42366408026207e-05,0.004851371645927429,0.0002797636017203331,0.00040188994258642195
51500,3763.647052049637,0.002839149853159079,0.004656302332878112,0.0002833016961812973,0.0004151739552617073
51600,3771.8633403778076,0.0016505291222882973,0.004680719710886478,0.00028605207800865175,0.00043752871453762055
51700,3779.7498033046722,0.0010049886858054934,0.004691824577748776,0.0002842181921005249,0.00041018158197402954
51800,3786.1917021274567,0.0001478756318902802,0.004671242795884609,0.0002858762815594673,0.0003503479063510895
51900,3794.1723120212555,0.0019393662762811406,0.00485890306532383,0.0002835986390709877,0.0004221918061375618
52000,3801.202090740204,0.0010169261567705837,0.00458684753626585,0.0004336194321513176,0.00037136994302272797
52100,3808.8125655651093,0.005471571038548427,0.004581801518797874,0.0002853052690625191,0.0004003451019525528
52200,3816.2917602062225,0.0007870866247676903,0.004710931032896042,0.0002852320671081543,0.00038777511566877364
52300,3824.328004360199,0.001274679422954145,0.004730925373733044,0.00028296656906604765,0.00042194359004497526
52400,3831.3474164009094,0.006906148382320647,0.0049063613265752795,0.00028291381895542147,0.0003773480121578489
52500,3835.7510874271393,0.00160911958958409,0.004693634808063507,0.00028471607714891433,0.0002462511882185936
52600,3841.477403640747,0.004550952577412336,0.004800379313528538,0.00027965351939201354,0.00030879214406013487
52700,3848.45423579216,0.00038870501957791653,0.004626161940395832,0.0002864808216691017,0.0003726145252585411
52800,3855.961274623871,0.0001416252580496649,0.004665990620851517,0.0002836965024471283,0.000402287133038044
52900,3864.755284309387,0.0019086914254948014,0.004670390784740448,0.00028192475438117983,0.00046619854867458344
53000,3872.4795722961426,0.0016457697797646292,0.004715526774525643,0.0002840792387723923,0.0004045034945011139
53100,3878.490698337555,0.00032491960474566426,0.004637916386127472,0.00028560820966959,0.00032582066953182223
53200,3886.300215244293,0.000583946438252258,0.004642572663724423,0.00028721049427986144,0.00041619885712862014
53300,3893.683441877365,0.0025308111472188755,0.004630184285342693,0.0004332176968455315,0.0003946266695857048
53400,3901.4938344955444,0.0002971720499852001,0.004700731076300144,0.00028571408241987226,0.00041931163519620896
53500,3909.306660413742,0.0001637634013133396,0.004863772168755531,0.0002825245261192322,0.0004130502790212631
53600,3916.840436697006,0.00015964327599585242,0.004642952047288418,0.00043475009500980376,0.0003989383950829506
53700,3924.7655851840973,0.001110931684383491,0.004591457359492779,0.0002841990068554878,0.0004152175411581993
53800,3934.047478914261,0.0009399511800220834,0.004668609398816313,0.00028328030769314083,0.0004953476573739733
53900,3942.9091532230377,0.0025087202839077726,0.0048415415734052655,0.000282907709479332,0.0004687158390879631
54000,3950.2808315753937,0.006545904498935583,0.004656600318849086,0.00028356943279504775,0.00039395861327648165
54100,3957.1995034217834,0.00023609844186765844,0.004843923561275006,0.00028683241456747057,0.0003717218339443207
54200,3964.0740129947662,0.001206499059945023,0.004691157974302768,0.00028382238000631334,0.000365021675825119
54300,3971.2844519615173,0.00027582997486233995,0.004894707016646862,0.0002817879244685173,0.0003778187558054924
54400,3978.5488448143005,0.00015730897567714784,0.004666917026042938,0.0002873358130455017,0.0003894216194748879
54500,3986.11852145195,0.002872027318347612,0.004643912650644779,0.00028138186782598494,0.00040183808654546736
54600,3994.493658065796,0.0011594042149098741,0.004586782157421112,0.0004336237162351608,0.00044649045914411543
54700,4001.6534707546234,9.905075175232231e-05,0.0046607300639152525,0.0002833939716219902,0.00037939347326755525
54800,4006.774028301239,0.0012521646871211415,0.004652353897690773,0.000436084121465683,0.0002886928617954254
54900,4013.666037797928,0.004532493474081012,0.004662406891584397,0.00028267312794923784,0.0003670026734471321
55000,4022.270027399063,4.562019838332182e-05,0.004655614793300629,0.0002851640433073044,0.0004592407122254372
55100,4031.4386563301086,0.0009586593895507078,0.004643529813204493,0.0002844140572207315,0.000495650236095701
55200,4039.925929546356,0.001781212949689398,0.004903284721076488,0.00028615221381187437,0.00045206546783447263
55300,4046.1799223423004,0.0005274767811997854,0.0046223575249314305,0.0002842636778950691,0.00034046962857246397
55400,4051.7940385341644,0.0010128368181220176,0.004691126942634583,0.00028580725193023683,0.00031341850757598877
55500,4057.1713337898254,0.0066213143348016435,0.004678519666194916,0.000434240959584713,0.00030355021357536316
55600,4062.221642255783,0.0017473344496191092,0.0046659022197127345,0.00028305493295192717,0.0002872079610824585
55700,4067.5709903240204,0.001011141183969699,0.004583175294101238,0.0002874628081917763,0.00030273038893938067
55800,4073.1108796596527,0.0002093423604603731,0.004618863202631473,0.0002817932143807411,0.00031241413205862045
55900,4078.884908437729,0.0002538562797125574,0.004644242115318775,0.0002809431031346321,0.0003225504234433174
56000,4084.352191925049,0.0018118816569796462,0.004695844054222107,0.00027802348136901856,0.00030734535306692123
56100,4090.1394231319427,0.00015973633803182535,0.00480661891400814,0.00028638835996389387,0.00032534360885620115
56200,4095.889614343643,0.0009783108350848318,0.0046619042009115215,0.0002850276231765747,0.0003226064145565033
56300,4102.002530813217,0.005317237244862867,0.004907225668430329,0.0002852681279182434,0.0003388187661767006
56400,4108.392872333527,8.91630357751358e-05,0.004632611908018589,0.0004353973641991615,0.0003493646904826164
56500,4113.516304969788,5.0514155795336665e-05,0.004646781337048325,0.00028385922312736513,0.00028931540570088793
56600,4120.804618358612,0.00534936257342467,0.0047856026515364644,0.0002833758294582367,0.00038942478597164153
56700,4126.86670422554,0.00042180267345478335,0.004628504365682602,0.0002851536124944687,0.00032969512045383454
56800,4131.611807823181,0.006514383023964145,0.004921787045896053,0.00027935877442359925,0.00027108266949653624
56900,4136.332101821899,0.00021383444162318465,0.004667584486305713,0.00028573501855134965,0.00026982814073562623
57000,4141.517741441727,0.0005056992359292325,0.0046358582004904746,0.00028364431113004685,0.0002923668548464775
57100,4147.511502027512,0.0028926549544171032,0.004626796916127205,0.0002804409340023994,0.00032191656529903414
57200,4155.571563482285,0.0017690845021327054,0.00486479714512825,0.00043443143367767335,0.00042611043900251386
57300,4163.464121341705,0.0001673975191828922,0.0046594997867941855,0.00028434254229068754,0.00041767690330743787
57400,4170.710861682892,0.0009442957501880814,0.00465211845934391,0.00028621505945920946,0.0003907938301563263
57500,4175.991055250168,0.0017238868265736242,0.004654657542705536,0.00028605468571186066,0.00029779605567455293
57600,4181.972810983658,0.001160278767358895,0.004664518162608147,0.0004358939453959465,0.000329681895673275
57700,4187.010012149811,0.00016644253098402174,0.004703800678253173,0.0002833247557282448,0.00028558652848005296
57800,4192.275566101074,0.0001179979924884178,0.004662730284035205,0.0002845469489693642,0.00029564108699560166
57900,4200.194919586182,3.313984464038542e-05,0.004690532120210784,0.00028226785361766814,0.0004195820912718773
58000,4207.713280916214,0.0019753904183787683,0.004607654549181462,0.00028543129563331606,0.0003922467306256294
58100,4214.2132449150085,0.0009483254515636669,0.004640503227710724,0.00028711766004562377,0.00033714063465595245
58200,4219.474936962128,0.004694694196980065,0.004896729253232479,0.00028226014226675035,0.00028316419571638106
58300,4223.635810852051,5.3811227842978923e-05,0.0046907256916165355,0.0002829854190349579,0.0002348034083843231
58400,4229.256632804871,0.0016149113731030052,0.004672567322850227,0.0002838725224137306,0.00030806906521320344
58500,4234.946115970612,0.0018595079130714909,0.0048635203763842585,0.00043365228921175,0.0003235604614019394
58600,4240.585843801498,0.0007366647689981587,0.004637910202145577,0.00043615702539682386,0.00032103948295116426
58700,4245.9615161418915,0.004531136035033852,0.004632827565073967,0.00028557777404785155,0.000303872674703598
58800,4251.3923490047455,0.0011155240084634124,0.004599436037242412,0.00028409428894519804,0.00030863940715789793
58900,4256.8235421180725,0.0017746728924847937,0.00466916635632515,0.0002837003394961357,0.00030639734119176866
59000,4262.30189371109,0.00177852572596468,0.004710549823939801,0.0002826157584786415,0.00030983012169599533
59100,4267.434218645096,8.990639666645706e-05,0.004653635770082474,0.0002838100865483284,0.0002928240969777107
59200,4272.936395406723,0.0011553501972057442,0.004848232232034206,0.0002813093364238739,0.00031162865459918973
59300,4280.314492702484,0.004524806854604686,0.004745810478925705,0.00028130247656788144,0.00039729993258203774
59400,4287.934535741806,2.864171906660412e-05,0.004617469348013401,0.0002835287898778915,0.00039495009928941727
59500,4296.2850975990295,1.647732784108319e-05,0.004704048000276089,0.0002840844914317131,0.00044681277126073837
59600,4304.274936914444,0.003733914015242992,0.00458223469555378,0.00028030574321746826,0.000431724339723587
59700,4312.700922012329,0.0017306400556908485,0.004686360247433186,0.0002816907688975334,0.00044453974813222884
59800,4319.37148809433,0.001696124617873903,0.004746612720191478,0.00028069052845239637,0.0003586715832352638
59900,4326.429246425629,0.00032339054748641656,0.004856583923101425,0.0002884909138083458,0.00036662857979536057
60000,4331.703581094742,9.499021420589698e-05,0.004612373821437359,0.00028447724878787994,0.0002952695637941361
60100,4336.811800479889,3.298850462519959e-05,0.004658412858843803,0.0004393131285905838,0.0002898091822862625
60200,4341.8859441280365,0.0010594102971194725,0.0047998766601085666,0.0002855060249567032,0.0002852362394332886
60300,4348.4038372039795,0.0016145247123246884,0.004678382351994514,0.0004364093765616417,0.0003469591587781906
60400,4356.68200469017,0.0011720892376874345,0.004648330509662628,0.000287235751748085,0.00043297264724969866
60500,4363.644394636154,0.00023308650096716787,0.0046388965845108035,0.0002829732745885849,0.00036615878343582153
60600,4370.933082818985,0.005962381679862821,0.004797545463911124,0.00028093464140381135,0.000392907623733793
60700,4378.402797460556,0.001615581276071016,0.0048045945167541505,0.0002803097665309906,0.00039360061287879944
60800,4386.239436149597,0.005331000472076669,0.0048894878104329105,0.00028131596744060514,0.00041756730526685713
60900,4391.687066793442,0.0001499953403906665,0.004662152267992496,0.000283421091735363,0.0002997700870037079
61000,4399.66490483284,0.0012255521375004227,0.004688476845622062,0.00028608646243810654,0.0004277876392006874
61100,4408.298621416092,0.0024261588573891452,0.004639256112277508,0.000283191055059433,0.00045619409531354904
61200,4415.634800672531,0.00040554534100530976,0.0046148962900042535,0.0002854730933904648,0.00039690569043159484
61300,4423.347369194031,0.0014348396807984678,0.0046488472074270246,0.00028442967683076857,0.0004123454540967941
61400,4430.746398925781,0.0010679808613337303,0.004835705012083053,0.0004349517822265625,0.00038790885359048845
61500,4439.7035501003265,0.001681009587058558,0.004607466720044613,0.00028384048491716387,0.00047601588070392606
61600,4446.967299461365,0.00016794885867570998,0.004701799266040325,0.0002837151288986206,0.00038780119270086287
61700,4453.856391429901,0.005910064348145557,0.0046888891980052,0.00043897096067667006,0.0003638415038585663
61800,4459.923125982285,0.0010044588413434033,0.0047290113940835,0.00028303585946559906,0.0003316124156117439
61900,4468.452846765518,0.00014650274410805297,0.004643439874053001,0.00028462857007980345,0.0004422057792544365
62000,4476.145266294479,0.005391842938795998,0.004630035662225314,0.0002821381922279086,0.00040343312812702995
62100,4484.447652101517,0.0019213104772204934,0.004642681144177914,0.00028358958661556244,0.0004366382583975792
62200,4493.100450515747,0.00023352866089862312,0.004676474556326866,0.0002823076024651527,0.00045949786901474
62300,4501.135762214661,0.0052906663488489145,0.004638579487800598,0.0002863766998052597,0.0004249312728643417
62400,4507.600641489029,0.0018871988474907881,0.004728886485099793,0.0004352336376905441,0.00034483738243579865
62500,4512.8416357040405,0.0015991538992755974,0.004851995259523392,0.0002863951399922371,0.0002936588972806931
62600,4518.033322811127,0.0009424316244465644,0.004879336953163147,0.0002802009508013725,0.00029353879392147065
62700,4523.160438776016,0.0008682625660039259,0.004652989208698273,0.0002830759435892105,0.0002892080321907997
62800,4529.7808248996735,0.00044010891196713753,0.004700180888175964,0.0002819668501615524,0.000356808602809906
62900,4536.701505661011,0.0017693558705727877,0.004680818170309067,0.00043466608971357343,0.00036876533180475236
63000,4541.971915483475,0.00012432367646662086,0.004625949561595916,0.0002844739332795143,0.00029610078781843184
63100,4547.150225877762,0.0010383651048626972,0.004628233574330807,0.00028655104339122775,0.00029290441423654554
63200,4554.090041875839,7.24027374018782e-05,0.004653806500136852,0.00028135091066360473,0.0003734258934855461
63300,4560.9874176979065,0.00020421332111498269,0.00478489063680172,0.00028847046196460723,0.0003712960332632065
63400,4568.870450973511,2.6904905203657604e-05,0.004613680349928992,0.0002862259532724108,0.00041854730142014364
63500,4576.689533472061,0.0022618191764524533,0.004767975024878979,0.000281917117536068,0.0004093801602721214
63600,4583.501036167145,0.005423735430732759,0.004883432574570179,0.00028679560869932175,0.00036458790302276614
63700,4590.999025344849,0.001652663175094597,0.004901092797517777,0.00043165940791368485,0.00039544232189655306
63800,4598.793827295303,0.00015755913857029875,0.004664234183728695,0.00028245758265256883,0.0004104107990860939
63900,4605.907709360123,0.0010837574600186788,0.004663343951106072,0.0002846494689583778,0.00037768810987472536
64000,4612.770735025406,0.0010076312346346669,0.00469547338783741,0.0002816060557961464,0.0003639737516641617
64100,4619.808293104172,0.00013191121657482903,0.004673960730433464,0.00028163030743598937,0.0003771434351801872
64200,4627.7767515182495,0.0013781533763867141,0.004694137685000896,0.0004347496852278709,0.0004242071881890297
64300,4635.711530447006,0.0028598363888341738,0.00461741890758276,0.00028924986720085143,0.000422719419002533
64400,4643.594941616058,0.0015229976597958103,0.0046200152859091756,0.0002830096706748009,0.0004138896614313126
64500,4649.700113773346,0.0047775351839256346,0.004616634361445904,0.0002854108437895775,0.0003264831006526947
64600,4655.860081911087,6.566758116232529e-05,0.0047089926525950435,0.0002815341204404831,0.00032039064913988116
64700,4662.654213190079,3.965085348796221e-05,0.0046735904738306995,0.00028363235294818877,0.00036367032676935194
64800,4670.201380252838,0.005489645147710121,0.004589731357991695,0.00028622510709932873,0.0003990936864699636
64900,4678.123482942581,0.0018688192595760502,0.004669745787978173,0.0002812528982758522,0.0004239730164408684
65000,4685.216885328293,0.00012836968221559774,0.004662679322063923,0.000280463807284832,0.00038619473576545716
65100,4693.330124139786,0.0009413286461510989,0.00469561718404293,0.0002849173918366432,0.00042836658656597137
65200,4700.904264450073,0.000937308841324159,0.0046172280609607695,0.00028267074376344683,0.00039740711450576784
65300,4705.015260696411,0.0009140442351129322,0.004828410893678665,0.0002797304466366768,0.0002329660952091217
65400,4710.83793091774,0.0003239150667925603,0.004845215119421482,0.0002826517820358276,0.00032051168382167815
65500,4717.575580835342,0.005205121170758958,0.004670777395367622,0.00043304424732923505,0.00036578603088855744
65600,4723.651647567749,0.0010050704385613255,0.004657701812684536,0.0004361117258667946,0.0003277028724551201
65700,4730.526757955551,0.00011688767522544497,0.0046265264227986335,0.0002874409034848213,0.0003679417446255684
65800,4737.752866029739,0.0007206756304149245,0.004714085087180138,0.0002867281436920166,0.0003782687708735466
65900,4745.896074056625,0.0017525146675481044,0.004666246026754379,0.0002852484956383705,0.0004287660494446754
66000,4754.279114961624,0.0014606319386254321,0.004895825348794461,0.00028459172695875166,0.0004351869598031044
66100,4762.993061542511,0.0014100502342976242,0.004599593904401575,0.00028628369527203696,0.0004701953860265868
66200,4771.018210411072,0.0022447804239983586,0.0048708759248256685,0.00028007388114929197,0.0004251137375831604
66300,4779.20973277092,0.0010414987670982092,0.004633688591420651,0.00028411731123924257,0.0004316902905702591
66400,4787.373168230057,0.0009845663096471247,0.004636198952794075,0.0002857380360364914,0.00043051280081272123
66500,4795.447899103165,0.005470281151778647,0.0046310310810804365,0.00028570104390382764,0.00043078958988189696
66600,4803.520247459412,0.001465558107477737,0.004629301987588406,0.00044058606028556823,0.00042501337826251985
66700,4811.348165035248,0.0012326061205683394,0.004632729329168797,0.000284271240234375,0.0004147770255804062
66800,4817.830075263977,0.00016386974551782645,0.004753357097506523,0.00042990773916244505,0.0003474188596010208
66900,4825.503742218018,5.499228385470789e-05,0.004691213928163051,0.00028659623116254805,0.00040201101452112196
67000,4833.403140306473,0.0043344375722140175,0.004650328271090984,0.0002842187136411667,0.0004185172542929649
67100,4841.763375997543,9.28070170910622e-06,0.004590028077363968,0.0002829756587743759,0.00044352229684591294
67200,4849.760037660599,0.0006128673565604242,0.004866216331720352,0.00028097350150346756,0.0005966683477163315
67300,4854.525716543198,0.0009692771172561329,0.00486312922090292,0.00028529725968837736,0.0002698981761932373
67400,4859.304512262344,0.0011271149651528331,0.004632095843553543,0.0002821279317140579,0.00026952460408210757
67500,4864.033079385757,0.0017578536730654957,0.004677272172910826,0.0002830396379743304,0.0002683257364800998
67600,4868.828125715256,0.0002220036985892279,0.004704025387763977,0.0004327788949012756,0.00027072913944721223
67700,4875.796800374985,0.006115526003733576,0.0046466273441910745,0.000286112017929554,0.0003658131882548332
67800,4883.173240184784,0.001577699659317251,0.004621204808354378,0.0002849879115819931,0.00038918696343898774
67900,4889.558858394623,0.0011431944371198244,0.0046636233106255535,0.0002829449623823166,0.0003418366611003876
68000,4895.799402952194,0.0013170781993316826,0.004674883782863617,0.00043277692049741744,0.0003330721333622932
68100,4902.686208486557,0.0015854977626911819,0.004677878171205521,0.0002859165519475937,0.00036150753498077393
68200,4909.9319179058075,0.0009597892032829894,0.004700189530849457,0.00028202582150697707,0.0003793908283114433
68300,4917.142782926559,0.0011063415802533678,0.0047207560390233995,0.00028032850474119187,0.0003867603838443756
68400,4924.537419557571,0.0044683603341231695,0.004535559564828873,0.0002873463183641434,0.00039245810359716415
68500,4930.117664337158,0.0009240241657419024,0.004653078280389309,0.000284203439950943,0.00031050577759742735
68600,4935.051900625229,8.533971263546408e-05,0.004793534465134144,0.0002855202555656433,0.0002801738306879997
68700,4940.084117174149,4.394532104153859e-05,0.004848698265850544,0.00028696440160274505,0.000286492221057415
68800,4944.982286453247,0.0020970123040762127,0.004932312220335007,0.0002790930867195129,0.00027826521545648575