COMMAND: uv run python experiments/models/mlp.py experiments/preprocessing/processed_data/host_temporal/unbalanced/all_phases/ True
START: 20251216T073130Z

Data shapes:
(61862, 100) (61862,) (61862,)
(63963, 100) (63963,) (63963,)

Training Classifier...
Using class weights: [0.99255527 0.99255527 0.99255527 ... 1.00755725 1.00755725 1.00755725]
Training completed.
Testing Classifier...
Testing completed.
Evaluating Classifier...
Evaluation completed.

=== MLP Classifier Results ===
Accuracy:  0.3817
Precision: 0.0734
Recall:    0.9933
F1-Score:  0.1368
Confusion Matrix:
[[21282 39527]
 [   21  3133]]

categorical__local_orig_F: 0.002313 ± 0.001826
categorical__conn_state_OTH: 0.001102 ± 0.001496
categorical__proto_tcp: 0.000832 ± 0.001411
categorical__ip_proto_6: 0.000821 ± 0.001412
categorical__service_-: 0.000686 ± 0.001469
numerical__orig_ip_bytes: 0.000552 ± 0.001509
numerical__orig_pkts: 0.000530 ± 0.001272
categorical__local_resp_F: 0.000459 ± 0.001746
numerical__orig_bytes: 0.000428 ± 0.001353
numerical__duration: 0.000373 ± 0.001314
categorical__service_http: 0.000249 ± 0.001069
categorical__history_ShADadfF: 0.000209 ± 0.000606
categorical__local_resp_T: 0.000186 ± 0.001723
categorical__history_Dd: 0.000174 ± 0.001224
categorical__history_ShAdDafF: 0.000118 ± 0.000510
categorical__service_ftp-data: 0.000115 ± 0.000298
categorical__proto_udp: 0.000105 ± 0.001248
categorical__ip_proto_17: 0.000103 ± 0.001248
categorical__service_dns: 0.000103 ± 0.001343
categorical__history_D: 0.000102 ± 0.000168

Number of misclassified samples: 39548
Misclassified samples per phase:
Phase 0: 39527 samples
Phase 1: 0 samples
Phase 2: 8 samples
Phase 3: 1 samples
Phase 4: 9 samples
Phase 5: 3 samples

Misclassified samples plot saved to: experiments/results/mlp/sample_weights/host_temporal/unbalanced/all_phases/misclassified_samples.png

END: 20251216T073229Z
RETURN_CODE: 0
