COMMAND: uv run python experiments/models/mlp.py experiments/preprocessing/processed_data/host_temporal/sampled/phase_4/ True
START: 20251216T074206Z

Data shapes:
(76855, 100) (76855,) (76855,)
(63963, 100) (63963,) (63963,)

Training Classifier...
Using class weights: [0.62125131 0.62125131 0.62125131 ... 2.56183333 2.56183333 2.56183333]
Training completed.
Testing Classifier...
Testing completed.
Evaluating Classifier...
Evaluation completed.

=== MLP Classifier Results ===
Accuracy:  0.9991
Precision: 0.0784
Recall:    0.2667
F1-Score:  0.1212
Confusion Matrix:
[[63901    47]
 [   11     4]]

categorical__conn_state_OTH: 0.143240 ± 0.023879
categorical__history_A: 0.142667 ± 0.023680
categorical__history_Dd: 0.081810 ± 0.023102
categorical__service_http: 0.060772 ± 0.039046
categorical__service_dns: 0.058547 ± 0.014810
categorical__service_-: 0.044963 ± 0.003034
categorical__local_orig_F: 0.017306 ± 0.010307
numerical__orig_ip_bytes: 0.010628 ± 0.024579
numerical__duration: 0.006827 ± 0.018871
numerical__orig_pkts: 0.006654 ± 0.019171
numerical__orig_bytes: 0.006434 ± 0.018880
categorical__service_ntp: 0.001183 ± 0.000009
categorical__ip_proto_17: 0.000512 ± 0.003879
categorical__history_ShADdfFa: 0.000387 ± 0.001327
categorical__conn_state_REJ: 0.000235 ± 0.000005
categorical__history_Sr: 0.000235 ± 0.000005
categorical__service_smtp: 0.000188 ± 0.000016
categorical__service_ftp-data: 0.000175 ± 0.000010
categorical__service_finger: 0.000099 ± 0.000003
categorical__history_ShADFaf: 0.000080 ± 0.000005

Number of misclassified samples: 58
Misclassified samples per phase:
Phase 0: 44 samples
Phase 1: 0 samples
Phase 2: 0 samples
Phase 3: 0 samples
Phase 4: 11 samples
Phase 5: 3 samples

Misclassified samples plot saved to: experiments/results/mlp/sample_weights/host_temporal/sampled/phase_4/misclassified_samples.png

END: 20251216T074305Z
RETURN_CODE: 0
