COMMAND: uv run python experiments/models/mlp.py experiments/preprocessing/processed_data/stratified/unbalanced/phase_5/ True
START: 20251216T072452Z

Data shapes:
(75495, 101) (75495,) (75495,)
(50330, 101) (50330,) (50330,)

Training Classifier...
Using class weights: [0.68331161 0.68331161 1.86379796 ... 1.86379796 0.68331161 1.86379796]
Training completed.
Testing Classifier...
Testing completed.
Evaluating Classifier...
Evaluation completed.

=== MLP Classifier Results ===
Accuracy:  0.6809
Precision: 0.4567
Recall:    0.9998
F1-Score:  0.6270
Confusion Matrix:
[[20774 16055]
 [    3 13498]]

numerical__resp_pkts: 0.000574 ± 0.001128
numerical__duration: 0.000538 ± 0.001212
numerical__orig_ip_bytes: 0.000302 ± 0.001252
numerical__orig_bytes: 0.000293 ± 0.001156
numerical__resp_ip_bytes: 0.000289 ± 0.001131
numerical__orig_pkts: 0.000275 ± 0.001095
numerical__resp_bytes: 0.000266 ± 0.001183
categorical__service_http: 0.000222 ± 0.000735
categorical__local_orig_F: 0.000178 ± 0.001171
categorical__conn_state_SF: 0.000132 ± 0.001132
categorical__conn_state_OTH: 0.000104 ± 0.001217
categorical__history_ShADadfF: 0.000096 ± 0.000499
categorical__service_-: 0.000090 ± 0.001216
categorical__history_A: 0.000081 ± 0.001183
categorical__history_ShADdfFa: 0.000074 ± 0.000451
categorical__local_orig_T: 0.000064 ± 0.001230
categorical__service_smtp: 0.000052 ± 0.000180
categorical__history_ShAdDaFf: 0.000042 ± 0.000053
categorical__history_ShADadFf: 0.000038 ± 0.000046
categorical__history_ShAdDafF: 0.000038 ± 0.000200

Number of misclassified samples: 16058
Misclassified samples per phase:
Phase 0: 16055 samples
Phase 1: 0 samples
Phase 2: 0 samples
Phase 3: 0 samples
Phase 4: 0 samples
Phase 5: 3 samples

Misclassified samples plot saved to: experiments/results/mlp/sample_weights/stratified/unbalanced/phase_5/misclassified_samples.png

END: 20251216T072539Z
RETURN_CODE: 0
