COMMAND: uv run python experiments/models/mlp.py experiments/preprocessing/processed_data/host_temporal/sampled/phase_2/ True
START: 20251216T074010Z

Data shapes:
(76855, 100) (76855,) (76855,)
(63963, 100) (63963,) (63963,)

Training Classifier...
Using class weights: [0.62125131 0.62125131 0.62125131 ... 2.56183333 2.56183333 2.56183333]
Training completed.
Testing Classifier...
Testing completed.
Evaluating Classifier...
Evaluation completed.

=== MLP Classifier Results ===
Accuracy:  0.9996
Precision: 0.2903
Recall:    0.6000
F1-Score:  0.3913
Confusion Matrix:
[[63926    22]
 [    6     9]]

categorical__service_dns: 0.019458 ± 0.011954
categorical__ip_proto_6: 0.000143 ± 0.000030
categorical__proto_tcp: 0.000119 ± 0.000029
categorical__local_orig_T: 0.000084 ± 0.000053
numerical__orig_bytes: 0.000039 ± 0.000001
numerical__duration: 0.000038 ± 0.000002
categorical__history_D: 0.000035 ± 0.000006
categorical__conn_state_SF: 0.000012 ± 0.000008
categorical__conn_state_OTH: 0.000011 ± 0.000016
categorical__history_ShADadfF: 0.000004 ± 0.000006
categorical__service_http: 0.000004 ± 0.000010
numerical__orig_pkts: 0.000001 ± 0.000001
numerical__resp_bytes: 0.000001 ± 0.000004
categorical__history_ShADdfFa: 0.000001 ± 0.000006
categorical__history_ShAdDafF: 0.000001 ± 0.000003
numerical__orig_ip_bytes: 0.000001 ± 0.000002
categorical__history_A: 0.000001 ± 0.000015
categorical__service_smtp: 0.000001 ± 0.000004
categorical__service_-: 0.000000 ± 0.000015
numerical__resp_ip_bytes: 0.000000 ± 0.000005

Number of misclassified samples: 28
Misclassified samples per phase:
Phase 0: 8 samples
Phase 1: 10 samples
Phase 2: 6 samples
Phase 3: 4 samples
Phase 4: 0 samples
Phase 5: 0 samples

Misclassified samples plot saved to: experiments/results/mlp/sample_weights/host_temporal/sampled/phase_2/misclassified_samples.png

END: 20251216T074107Z
RETURN_CODE: 0
