COMMAND: uv run python experiments/models/mlp.py experiments/preprocessing/processed_data/stratified/unbalanced/phase_1/ True
START: 20251216T072154Z

Data shapes:
(75495, 101) (75495,) (75495,)
(50330, 101) (50330,) (50330,)

Training Classifier...
Using class weights: [0.50007949 0.50007949 0.50007949 ... 0.50007949 0.50007949 0.50007949]
Training completed.
Testing Classifier...
Testing completed.
Evaluating Classifier...
Evaluation completed.

=== MLP Classifier Results ===
Accuracy:  1.0000
Precision: 0.8000
Recall:    1.0000
F1-Score:  0.8889
Confusion Matrix:
[[50320     2]
 [    0     8]]

categorical__local_orig_T: 0.000032 ± 0.000023
categorical__local_resp_F: 0.000013 ± 0.000023
categorical__history_A: 0.000009 ± 0.000021
categorical__history_ShADdfFa: 0.000002 ± 0.000003
categorical__service_http: 0.000002 ± 0.000003
categorical__proto_tcp: 0.000001 ± 0.000016
categorical__ip_proto_6: 0.000001 ± 0.000016
categorical__conn_state_SF: 0.000001 ± 0.000014
categorical__service_ftp-data: 0.000000 ± 0.000001
categorical__history_ShADFaf: 0.000000 ± 0.000001
categorical__history_ShADaFf: 0.000000 ± 0.000001
categorical__history_ShAdDaFf: 0.000000 ± 0.000001
categorical__service_smtp: 0.000000 ± 0.000001
numerical__resp_bytes: 0.000000 ± 0.000001
numerical__orig_ip_bytes: 0.000000 ± 0.000005
categorical__history_ShA: 0.000000 ± 0.000000
categorical__history_ShADdt: 0.000000 ± 0.000000
categorical__service_smb: 0.000000 ± 0.000000
categorical__conn_state_SHR: 0.000000 ± 0.000000
categorical__history_^d: 0.000000 ± 0.000000

Number of misclassified samples: 2
Misclassified samples per phase:
Phase 0: 2 samples
Phase 1: 0 samples
Phase 2: 0 samples
Phase 3: 0 samples
Phase 4: 0 samples
Phase 5: 0 samples

Misclassified samples plot saved to: experiments/results/mlp/sample_weights/stratified/unbalanced/phase_1/misclassified_samples.png

END: 20251216T072236Z
RETURN_CODE: 0
