#=== ait_neg_alt_scratch_behavioral_w10_all ===
#
#Metrics:
#  Accuracy: 0.9879 | Macro Precision: 0.7224 | Macro Recall: 0.7502 | Macro F1: 0.7348
#  False Alarms: 1069 | False Alarm Rate: 0.0080
#  Missed Attacks: 638 | Detection Rate: 0.9151
#
#Per-Class Metrics:
#  [phase4] P=1.0000 | R=1.0000 | F1=1.0000 | 
#  [phase1] P=0.6168 | R=0.7588 | F1=0.6805 | 
#  [phase2] P=1.0000 | R=1.0000 | F1=1.0000 | 
#  [phase3] P=0.0000 | R=0.0000 | F1=0.0000 | 
#
#Confusion Matrix:
#         	      	      	      	Actual	      	      
#         	      	benign	phase4	phase1	phase2	phase3
#         	benign	132513	     0	   547	     0	    91
#Predicted	phase4	     0	  5144	     0	     0	     0
#         	phase1	  1069	     0	  1721	     0	     0
#         	phase2	     0	     0	     0	    11	     0
#         	phase3	     0	     0	     0	     0	     0
i,time,loss,ground_time,compile_time,eval_time
10,1.1131281852722168,0.09170490717438944,0.003805326461792001,0.01323532629013065,7.641410827636718e-05
20,1.642874002456665,0.14886251112733245,0.004410995960235606,0.01484493494033814,8.738327026367193e-05
30,2.144400119781494,0.09634291529570053,0.004416460990905773,0.014860640048980703,8.037185668945313e-05
40,2.708547592163086,0.1383802152453556,0.004479596614837657,0.015191453456878657,9.352064132690419e-05
50,3.0027809143066406,0.2152809374473066,0.0045282759666443,0.01442201185226442,8.882474899292003e-05
60,3.2612719535827637,0.14375843929412915,0.004392597198486341,0.014368850708007835,8.931159973144528e-05
70,3.5410776138305664,0.1424467348708546,0.004342538833618173,0.014370351791381842,9.197425842285158e-05
80,3.813612461090088,0.0843456960274539,0.004440954208374039,0.014523268699646014,9.60345268249512e-05
90,4.091923952102661,0.13619220901566503,0.00432153940200807,0.014456943511962899,9.495735168457024e-05
100,4.503716468811035,0.18554300334962096,0.004412335872650157,0.014457559585571312,0.0001394133567810059
110,4.765251874923706,0.12934281809540935,0.004772859096527117,0.014802927017211923,9.038496017456047e-05
120,5.008947372436523,0.18160690380917865,0.004571680068969736,0.014600918769836426,0.00010205602645874028
130,5.416048049926758,0.14055837357703607,0.0044661884307861475,0.014411943435668961,0.00011879110336303721
140,5.737489223480225,0.1349625454499201,0.00449025201797487,0.014479950428009026,0.00012890863418579097
150,6.122113943099976,0.10204527880914256,0.004571084976196305,0.014204580783844007,0.00011660480499267594
160,6.40446925163269,0.1799591239048748,0.004600260257720957,0.014370278835296632,8.85925292968751e-05
170,6.693035364151001,0.1782910525305876,0.004470403194427501,0.014476790904998784,0.00011109447479248052
180,7.002209901809692,0.06272510532202735,0.004551398754119884,0.014586232185363765,0.00011480712890625005
190,7.292549133300781,0.06398538853886745,0.004200402736663825,0.014386129379272463,9.437131881713862e-05
200,7.5750274658203125,0.04963356107386563,0.004502334594726568,0.014679533004760761,8.957386016845701e-05
210,7.87960958480835,0.04119817032390739,0.004326664447784434,0.014727036952972413,0.00012080526351928706
220,8.15567922592163,0.04741372896736225,0.00457930994033815,0.014729699611663833,9.609365463256837e-05
230,8.457265853881836,0.04065348408097337,0.004568578243255626,0.014664416313171388,0.00012730693817138679
240,8.75647258758545,0.04179663977032462,0.004396344661712657,0.014436790466308603,9.896087646484375e-05
250,9.140966415405273,0.05005055635616057,0.004250208377838143,0.01429489469528199,0.00013251876831054673
260,9.642688274383545,0.039253611791956175,0.004515700340271006,0.014528736114501967,0.0002414112091064448
270,10.075406312942505,0.0321878998182455,0.0045280399322509875,0.01427976083755493,0.00015719127655029308
280,10.414889097213745,0.030036427266025695,0.004221648693084721,0.014381886005401615,0.0001173262596130371
290,10.785245180130005,0.19796539700689336,0.004363702297210703,0.014353151321411142,0.0001324806213378905
300,11.146992683410645,0.08185516661437105,0.004512064933776867,0.01441827964782717,0.00011781024932861327
310,11.486748456954956,0.14581900046050228,0.004297910213470467,0.014519052982330327,0.00011424541473388679
320,11.817775964736938,0.025219154834356904,0.004167171001434333,0.014255758285522474,0.00011564731597900381
330,12.168965339660645,0.03025841343248204,0.004622548103332531,0.014396980285644536,0.00013260269165039066
340,12.43352460861206,0.07460785033000701,0.004470705032348643,0.014587996959686284,0.0001219758987426757
350,12.759008884429932,0.018621936998393315,0.004735192298889171,0.01473587417602538,9.132003784179689e-05
360,13.085347890853882,0.026730632327088576,0.004568384647369397,0.014550544261932372,9.882116317749025e-05
370,13.43441367149353,0.034887835443689195,0.004492025852203378,0.014476943492889405,0.00013506650924682622
380,13.715721607208252,0.022213484532239047,0.004328614711761483,0.014440220355987554,0.00011309337615966804
390,14.148593425750732,0.028288151823549122,0.0044093718528747695,0.014437515735626225,0.0001304326057434079
400,14.498104572296143,0.043952874384428034,0.0045699019432068,0.014341391086578384,9.595346450805669e-05
410,14.800655126571655,0.02903953620611095,0.004474893093109144,0.014478068828582772,9.79800224304199e-05
420,15.106157302856445,0.016445154352403683,0.004463666915893572,0.014564246177673351,0.0001115288734436035
430,15.453059434890747,0.09582335716226685,0.004535719394683853,0.01449959945678712,0.00013654756546020515
440,15.807539224624634,0.03369348645417099,0.004426119327545183,0.014426949977874757,0.00010168123245239253
450,16.179673433303833,0.0311876040816594,0.004505828380584732,0.01451356840133668,0.00012104415893554675
460,16.510183572769165,0.0822162362423404,0.004417259216308602,0.014564153194427495,0.00012058925628662096
470,16.817022800445557,0.13831689547968545,0.0046085262298584066,0.014607779026031498,0.00011120414733886729
480,17.306559324264526,0.029294752638699673,0.004742020606994637,0.014611955642700203,0.00020966339111328137
490,17.682193279266357,0.0124196934330164,0.004652106761932383,0.014701954841613782,0.00017118644714355467
500,18.00007390975952,0.06365812963595588,0.004264219760894787,0.014525817871093763,0.00012122821807861333
510,18.66378402709961,0.021222665603879733,0.004460768699646008,0.014348084449768081,0.00023116207122802736
520,19.032285451889038,0.08495782349747648,0.004660405158996598,0.014723866462707513,0.00011926746368408198
530,19.42767834663391,0.10182677209052766,0.004436288356781015,0.014470482826232917,0.00012145471572875982
540,19.853282690048218,0.08926226851148437,0.004613851070404065,0.014348443508148189,0.00013324308395385758
550,20.2441565990448,0.027492664389730758,0.004314072132110612,0.014359324932098395,0.00011779594421386719
560,20.707507848739624,0.03547806337070626,0.004846088409423838,0.014620649814605705,0.0001577820777893067
570,21.106139183044434,0.015544983272299145,0.00452202701568605,0.01459091949462894,0.00013197612762451172
580,21.513113021850586,0.03979359815773799,0.004636922359466572,0.014492815017700212,0.00012575721740722652
590,21.87876558303833,0.036320791762275005,0.004469026088714611,0.014163978099823001,0.0001582412719726562
600,22.24673843383789,0.033898999967502966,0.0044419426918029924,0.014296577453613287,0.00012907505035400377
610,22.628363847732544,0.03349352315549163,0.004887822151184097,0.01478177976608277,0.00014284563064575196
620,23.017783403396606,0.027870177740851387,0.004444146156311042,0.014436000823974605,0.00012962961196899423
630,23.382924795150757,0.09829605494125324,0.004389867305755623,0.014384710311889658,0.00013176584243774404
640,23.76979422569275,0.07912873837742634,0.0045466389656066974,0.01462995910644532,0.00013150310516357435
650,24.20748233795166,0.0315796034918848,0.0044097504615783776,0.014303994178771998,0.00013741445541381835
660,24.615450620651245,0.026855678121368652,0.004280997753143318,0.014260204315185546,0.00013523197174072275
670,25.015138387680054,0.10928973307932159,0.004197970390319832,0.014008601665496839,0.00013155937194824204
680,25.38921070098877,0.02638602250064175,0.004513890743255622,0.01465327262878419,0.00012514781951904295
690,25.78314471244812,0.07740636836791219,0.004539649486541759,0.014442360877990742,0.00012543249130249026
700,26.21734356880188,0.0856344549957132,0.0044330286979675435,0.014304271221160906,0.0001390027999877929
710,26.611154317855835,0.07477304427126039,0.004623378753662124,0.014476573467254644,0.00012945795059204099
720,26.955461025238037,0.023271728887487672,0.0043241610527038725,0.014378631591796892,0.00012282133102417
730,27.27318501472473,0.13680938922353303,0.004268286705017101,0.014530530929565444,0.0001416578292846679
740,27.652201652526855,0.04129500587717512,0.004341685771942151,0.014294942855834977,0.00015284347534179682
750,28.005941152572632,0.07218505799065283,0.004627699375152603,0.014747502326965322,0.0001312174797058106
760,28.311933994293213,0.005903394281484854,0.004382483482360852,0.014788551330566405,0.0001379079818725586
770,28.65607714653015,0.02401015772761834,0.004376937866210949,0.014437805175781266,0.00015591430664062492
780,29.0114905834198,0.023979170719973568,0.004462622165679946,0.014521741867065433,0.00011306381225585928
790,29.406501293182373,0.03664915904580061,0.004355954170227061,0.014328425407409685,0.00012015295028686525
800,29.77873921394348,0.033353638399283,0.004685708522796647,0.014504201412200945,0.00012670707702636713
810,30.16282558441162,0.0786675918763878,0.004516095638275156,0.014453763961791991,0.00013178348541259758
820,30.505491256713867,0.08097138876074479,0.004621234416961683,0.014411912441253668,0.00011153554916381835
830,30.868882656097412,0.0860288153529986,0.0041981635093689094,0.014308095932006845,0.00012226533889770502
840,31.21100115776062,0.01638631672852585,0.004467265605926525,0.014635580539703383,0.00011831569671630856
850,31.586019039154053,0.08188958728499898,0.004235778331756597,0.014259020328521744,0.00012441825866699218
860,31.936265468597412,0.0363571431697297,0.004455924510955823,0.014524569034576431,0.00017383527755737298
870,32.26272630691528,0.03014531279718936,0.004509399414062506,0.014551456451416044,0.0001610260009765627
880,32.63363814353943,0.03193318469153269,0.0044108271598816045,0.014358512401580833,0.00013556861877441406
890,33.00185704231262,0.023621267773569297,0.004703217983245859,0.014668182849884057,0.00016087293624877924
900,33.42689299583435,0.10672077221832514,0.004469831466674815,0.014160315990448022,0.00014212036132812495
910,33.80538845062256,0.08695895728892886,0.0044619202613830665,0.014405227661132811,0.0001386704444885254
920,34.10931587219238,0.032759387133633536,0.004480875015258797,0.014501068115234378,0.00010044574737548826
930,34.44316387176514,0.03086860457173022,0.004643276214599621,0.01450549411773682,0.0001336097717285156
940,34.7804639339447,0.030076513864538124,0.004335608482360849,0.014453030109405515,0.00012993764877319342
950,35.185250759124756,0.029066347533327604,0.0044421877861023085,0.014487132549285886,0.00012902069091796873
960,35.57508873939514,0.034703655647753254,0.004485766410827647,0.014329347610473631,0.00012323331832885738
970,35.907371520996094,0.06744623992455548,0.004715638160705584,0.014920305252075185,0.0001215500831604003
980,36.293176889419556,0.02199734872143267,0.00431211519241334,0.014534739494323722,0.00013081216812133782
990,36.71662378311157,0.025165256057018404,0.004706032752990734,0.014665556430816643,0.00022083330154418942
1000,37.12124061584473,0.03749263477715538,0.0045229692459106555,0.014429612636566173,0.00015125751495361335
1010,37.58668112754822,0.03485254901375096,0.004599293231964121,0.01454818153381347,0.00016294288635253896
1020,38.0089213848114,0.02604090350383243,0.004648818492889414,0.014511511325836196,0.00014571046829223627
1030,38.488664865493774,0.014254728684895367,0.004494235515594495,0.014552246093750016,0.00019082784652709974
1040,38.89433193206787,0.07781538610508978,0.0041591801643371664,0.014445071220397959,0.00012338590621948237
1050,39.24593901634216,0.14814917298444774,0.0042284660339355585,0.014361745834350594,0.00015804576873779293
1060,39.592068910598755,0.08131398367443148,0.004350407123565686,0.014491978168487551,8.648157119750978e-05
1070,39.9481520652771,0.08721895986641304,0.004574143409729019,0.014499025344848638,0.00012754535675048808
1080,40.33100605010986,0.025636153332974875,0.0045233173370361444,0.014537594318389902,0.00014696168899536123
1090,40.66092658042908,0.031996359741459826,0.004556914329528826,0.014646039009094244,0.00012682580947875985
1100,41.04818677902222,0.02181450609191611,0.004534906864166267,0.014632454872131351,0.00011096763610839845
1110,41.4421284198761,0.0188661835713326,0.004174807071685795,0.014403896331787111,0.00013783359527587907
1120,41.819281816482544,0.07374597085490972,0.004397534370422371,0.014500593185424817,0.0001228604316711425
1130,42.213825941085815,0.07617041842478892,0.004516912460327161,0.014481544017791743,0.00013041591644287104
1140,42.638930559158325,0.07916931465261554,0.004512688159942638,0.014500497817993169,0.00017925596237182618
1150,43.17211174964905,0.030031079554530094,0.004425988674163833,0.014431119918823246,0.0001602649688720702
1160,43.7801411151886,0.025786579793428,0.004380561351776135,0.01429702329635621,0.00015599775314331047
1170,44.2502555847168,0.042881798559073966,0.0043958926200866775,0.014383186817169203,0.00014573717117309575
1180,44.746572732925415,0.09757660796315745,0.004559520721435555,0.014384064674377448,0.00012710952758789062
1190,45.22850942611694,0.07987924708413321,0.004616426467895523,0.014753880023956311,0.00013653135299682623
1200,45.64361572265625,0.026576118327511684,0.004283237934112558,0.014407714843750006,0.00014932060241699233
1210,46.00868105888367,0.025713617435795772,0.004314331531524668,0.014530370235443128,0.00012891340255737302
1220,46.35582447052002,0.07872722872474953,0.004120903491973886,0.014372506141662614,0.000132868766784668
1230,46.81508493423462,0.08727020253905358,0.004364684104919447,0.014354023456573498,0.00017202377319335945
1240,47.178771018981934,0.10551272289378859,0.0043432159423828255,0.014491641521453871,0.00013626194000244151
1250,47.56207323074341,0.025896701538710255,0.004790923118591325,0.014592574596405034,0.00014028358459472663
1260,48.10902118682861,0.08612583540511426,0.004582709789276136,0.014606947422027575,0.0002108640670776369
1270,48.595157623291016,0.026971824304625906,0.004454328060150155,0.014540283679962174,0.00019451475143432637
1280,49.10279870033264,0.0818981539179981,0.004473509311676033,0.014480736732482912,0.00019186210632324212
1290,49.725887298583984,0.1285494415380491,0.004404309749603283,0.014658025741577155,0.00023573112487792949
1300,50.40473961830139,0.13346516645323153,0.004628887653350843,0.014562199115753186,0.0002889957427978516
1310,51.54607701301575,0.023261852257774225,0.004588241577148447,0.014626873493194577,0.00041675996780395536
1320,52.1788535118103,0.04221100455200842,0.004533825397491467,0.014625877857208262,0.0002528924942016601
1330,52.79978895187378,0.08904301003990187,0.004624083518981949,0.014601853370666513,0.00020823240280151367
1340,53.36782121658325,0.018502611163480957,0.0044910869598388786,0.014714117527008056,0.00023035812377929688
1350,54.14855623245239,0.09158255981093918,0.004732204437255872,0.014497348785400396,0.00030118894577026406
1360,54.91765069961548,0.07768399909785094,0.004288016319274912,0.01434765481948854,0.00029258775711059587
1370,55.414283752441406,0.03722068611244754,0.004823700428009048,0.014412292003631602,0.00016253328323364254
1380,55.90738391876221,0.08603502868429604,0.004648193359375011,0.014531037807464614,0.00017824935913085942
1390,56.465065240859985,0.0779001712222782,0.004396080970764173,0.014521558761596684,0.00019810056686401356
1400,56.92876386642456,0.08498476566421512,0.004559978485107433,0.01460306119918824,0.00017832612991333017
1410,57.45379304885864,0.09432359635267734,0.004299043655395514,0.014245985507965086,0.00018321657180786133
1420,57.98033094406128,0.10098245102130476,0.004454512119293226,0.014362699985504154,0.000175081253051758
1430,58.45997071266174,0.03235249674096513,0.004219341754913342,0.014262988090515152,0.00016855716705322274
1440,58.843202114105225,0.08830418448980384,0.004537277221679703,0.014690782070159905,0.00015500926971435554
1450,59.26362466812134,0.03377609075982739,0.004366261005401623,0.014534359455108647,0.00015728807449340824
1460,59.67177963256836,0.023145190775367478,0.00482322788238527,0.014754185676574716,0.0001688766479492189
1470,60.227179765701294,0.03252827633064437,0.0045742478370666625,0.014458593845367426,0.00019386911392211916
1480,60.73225235939026,0.02586129354481468,0.004314809799194344,0.014363828659057633,0.0001686034202575685
1490,61.35244345664978,0.026756179308775933,0.004455542087554945,0.0145940375328064,0.0002285614013671877
1500,61.98313856124878,0.18888117620788986,0.004358981132507334,0.014392163276672362,0.0002491931915283206
1510,62.613779067993164,0.02895658825113364,0.004549852848052994,0.014477444171905529,0.00023877096176147476
1520,63.22285866737366,0.08422522142959027,0.004684394359588636,0.014534438133239755,0.00021259784698486354
1530,63.65737557411194,0.026081739080506615,0.0044779248237609955,0.014609280586242678,0.00016029310226440446
1540,64.008948802948,0.024109391302147367,0.00438918781280519,0.014636610984802251,0.00014793109893798835
1550,64.49929022789001,0.020347553171519685,0.0045379786491394165,0.0145174436569214,0.00016389703750610343
1560,64.8982629776001,0.0347257635822048,0.004448233604431167,0.01448106098175049,0.00014931964874267576
1570,65.2594211101532,0.02353130107352931,0.004448091030120865,0.01433284759521486,0.00013601732254028308
1580,65.5984833240509,0.026289747903909078,0.004479175090789806,0.014552507877349855,0.00013339757919311515
1590,65.92527937889099,0.020934791412523336,0.004497950553894054,0.014638389587402365,0.00012784385681152357
1600,66.32172679901123,0.09728574571949393,0.00438218116760255,0.014285558700561524,0.00013812875747680662
1610,66.64815402030945,0.13667500777237418,0.0043287682533264295,0.014489636421203631,0.0001302728652954102
1620,66.97085213661194,0.018562004791821095,0.0045749034881591944,0.014538110733032229,0.00012956285476684574
1630,67.352614402771,0.027094682693937222,0.004286429882049575,0.01439778614044189,0.00013672161102294906
1640,67.71654772758484,0.028957833063267324,0.004542310714721688,0.014321459293365504,0.0001345405578613282
1650,68.10030198097229,0.024706105693212476,0.004313354015350352,0.014400248050689696,0.0001519355773925781
1660,68.47084140777588,0.044167455622719856,0.004238305568695075,0.014337801456451424,0.00013840532302856443
1670,68.78890061378479,0.03272540696310602,0.004305148601531989,0.014498995304107675,0.00012728404998779285
1680,69.12659335136414,0.06587054094337534,0.004621554851531998,0.01482262086868288,0.00013153505325317374
1690,69.49622297286987,0.10723364259242721,0.004552489757537856,0.014193250656127943,0.00013067245483398438
1700,69.80684423446655,0.021441026551681678,0.004572625637054456,0.014567435264587392,0.00012555408477783213
1710,70.12559294700623,0.07213948868365758,0.004532475471496595,0.01459390878677369,0.0001235737800598145
1720,70.4737708568573,0.025675263996024773,0.004496889591217055,0.014431205749511736,0.00012694168090820313
1730,70.84863591194153,0.08865175163950231,0.0043939924240112395,0.014253503799438488,0.00013033676147460933
1740,71.19779467582703,0.13211844646676318,0.004919084548950206,0.014947174072265618,0.00012988185882568357
1750,71.56367444992065,0.042834355382420614,0.0043072271347046045,0.01425670766830446,0.0001286005973815917
1760,71.91045379638672,0.0828684790108257,0.004378106594085702,0.014418128967285171,0.00012478923797607416
1770,72.2821877002716,0.0193615955296636,0.004452478408813484,0.014578897476196293,0.00012955951690673818
1780,72.67280960083008,0.01437376274457959,0.004413942337036139,0.014505603790283195,0.0001350708007812501
1790,73.05571389198303,0.0702797121449503,0.0044585967063903945,0.014394945621490499,0.0001285843849182128
1800,73.4515769481659,0.07154915471822441,0.004420244693756123,0.0146062436103821,0.0001297440528869629
1810,73.88920164108276,0.08397507729009653,0.004366456508636481,0.014347321987152101,0.00013344812393188492
1820,74.24318885803223,0.029579825337858655,0.004605392932891856,0.014360091209411632,0.00013067865371704101
1830,74.59662628173828,0.06999096188839635,0.004488364696502696,0.014575706481933594,0.00014377498626708988
1840,74.88194680213928,0.012140878028851464,0.0043557071685791145,0.014589807987213146,0.00011684560775756842
1850,75.21041679382324,0.1193533683612344,0.004527462005615246,0.014572071075439457,0.0001300587654113769
1860,75.55544996261597,0.14372597768815915,0.00464732789993287,0.014530944824218763,0.000130279541015625
1870,75.87228107452393,0.02759772284584665,0.004516047000885018,0.014290619373321545,0.0001258816719055176
1880,76.18929862976074,0.07968846524193161,0.00457910108566285,0.014604201793670658,0.00012663507461547845
1890,76.51990032196045,0.026023775504877972,0.004719711303710953,0.014721733093261719,0.00012579298019409178
1900,76.85654926300049,0.11146318601851697,0.004478325843811049,0.014302381992340102,0.000127800941467285
1910,77.18557715415955,0.027698611691851848,0.00429109621047975,0.014410092830657967,0.00013009786605834963
1920,77.51221823692322,0.024010435705566987,0.004386754035949713,0.014485652923583994,0.00012537431716918936
1930,77.82192611694336,0.017303455637402425,0.0048662228584289684,0.014770332813262944,0.00012222480773925774
1940,78.17033576965332,0.1510904220310459,0.00425067281723024,0.014237082958221434,0.00013046932220458983
1950,78.49210548400879,0.01917207157699608,0.004069128990173346,0.014409159660339352,0.0001290283203125
1960,78.81148958206177,0.07728876635466482,0.004279513359069836,0.014567951679229748,0.00012572288513183592
1970,79.16686749458313,0.0226215485606824,0.004462191104888931,0.014367946624755854,0.00013521051406860358
1980,79.47190761566162,0.006191672555304599,0.004497765541076671,0.014839811801910416,0.00012747955322265633
1990,79.79540181159973,0.022587592446732523,0.0044531140327453735,0.014523571491241463,0.00012853240966796865
2000,80.15927958488464,0.041007268025959734,0.0044645605087280365,0.014357816696167008,0.00013148212432861325
2010,80.49302554130554,0.08961546497187728,0.004653597354888932,0.014604153633117675,0.00012667179107666023
2020,80.86854386329651,0.01813445326565465,0.004540968894958506,0.014622123718261737,0.00014078617095947274
2030,81.35220861434937,0.03233242420979963,0.004864970684051525,0.014602052211761469,0.00015854549407958997
2040,81.77979850769043,0.06772156003500518,0.004860327243804948,0.014861844062805177,0.0001529121398925781
2050,82.2419421672821,0.025169454139372945,0.004393806457519539,0.014332463264465353,0.00015755462646484372
2060,82.5991849899292,0.019216800149971396,0.004476669788360609,0.01444040632247925,0.00013483667373657214
2070,82.9401786327362,0.039217405554381884,0.004819108009338391,0.014692936420440672,0.0001250066757202149
2080,83.29732036590576,0.03722795558751782,0.0045280046463012855,0.014401412010192877,0.00012690687179565426
2090,83.75506615638733,0.01931653761001357,0.004654668807983412,0.014510417938232415,0.00017396211624145494
2100,84.29356527328491,0.025558319790820072,0.004422872543334975,0.014453413486480719,0.00020004367828369132
2110,84.87880849838257,0.04428608718811587,0.004181527614593514,0.014213840961456317,0.00019445371627807622
2120,85.4164707660675,0.07265936470764126,0.004501738071441657,0.014542262554168694,0.00018208265304565436
2130,86.05619311332703,0.07234754040250958,0.004607951164245618,0.014549956321716314,0.000209975242614746
2140,86.6813440322876,0.026740706236867952,0.004456887722015397,0.014327580928802505,0.0001870756149291992
2150,87.17507481575012,0.012035820241505048,0.0045155820846557795,0.014573197364807139,0.00015252161026000973
2160,87.57255506515503,0.1303063735006168,0.0044065937995910725,0.014693399429321307,0.00013527154922485344
2170,88.03341031074524,0.028456892935003586,0.004337821960449223,0.014316017627716077,0.00015688133239746078
2180,88.48305034637451,0.015445113368966982,0.00426601028442384,0.014276304721832273,0.00015039157867431652
2190,88.8687379360199,0.009300216884819513,0.004754307746887225,0.014913372039794929,0.00013991689682006826
2200,89.2549352645874,0.021513002924253254,0.004418822288513199,0.014150081157684336,0.0001357717514038086
2210,89.61091613769531,0.02474670231597497,0.004414326190948497,0.014538715362548823,0.00013685274124145523
2220,90.05430793762207,0.07883635670318201,0.00423841094970704,0.014509813785553004,0.0001383366584777832
2230,90.37982249259949,0.06254472974468832,0.00429970932006837,0.01465022087097168,0.00012572479248046885
2240,90.74625730514526,0.019789135083331494,0.004547574520111096,0.014765660762786875,0.00013053417205810544
2250,91.15616607666016,0.025637947781086363,0.004699190616607685,0.014741189479827905,0.00014392423629760762
2260,91.57507014274597,0.013302403025400361,0.004298023223876962,0.014437627315521234,0.00014972782135009777
2270,91.90268468856812,0.032256340831904304,0.0045191178321838475,0.01462955379486085,0.0001346311569213867
2280,92.25969648361206,0.02834525419355028,0.004415434837341322,0.014378190994262694,0.00013970232009887697
2290,92.66108179092407,0.014045195340569213,0.004648263454437273,0.014529605388641361,0.00014056587219238276
2300,93.03820276260376,0.07539914432705211,0.004291672706604013,0.014331628322601328,0.00013633060455322255
2310,93.48482155799866,0.0419648153306965,0.0044003219604492345,0.01450121259689333,0.00015112590789794926
2320,93.89915442466736,0.024682060615192614,0.004604281425476086,0.014500121116638193,0.00014058876037597654
2330,94.25962781906128,0.12403427963122782,0.00450872659683229,0.014508533477783216,0.00013758850097656236
2340,94.65926790237427,0.09431865360028154,0.00465417289733888,0.014563072204589836,0.0001375608444213866
2350,95.0551929473877,0.07878359955448525,0.004609271526336682,0.01461080408096314,0.0001363558769226075
2360,95.45246815681458,0.04511741157832801,0.004535921573638929,0.014549302577972415,0.0001404757499694824
2370,95.79606509208679,0.03473079947492784,0.004465559005737314,0.014600746631622311,0.00013285827636718738
2380,96.25479674339294,0.028207863856662258,0.0042797875404358005,0.014060397148132339,0.00015852737426757832
2390,96.597407579422,0.08549178328296046,0.004537402153015154,0.01457743310928345,0.00014348602294921869
2400,96.989914894104,0.040872411653945284,0.0044403576850891215,0.014180141925811778,0.0001414260864257813
2410,97.35885500907898,0.08149054862837404,0.0046281886100769205,0.014731035709381113,0.0001363248825073241
2420,97.69792628288269,0.04165198214413375,0.004448966979980477,0.01454158163070679,0.00013454246520996086
2430,98.04375886917114,0.02491186079171052,0.004443703651428235,0.01460202407836915,0.00013474225997924796
2440,98.38334393501282,0.041361151030680984,0.004541275978088392,0.014499868392944334,0.00013169002532958994
2450,98.743483543396,0.0316494609422119,0.004203444957733167,0.01421786737442017,0.00013609457015991208
2460,99.10249996185303,0.0238633013018229,0.004308931827545181,0.01440915870666504,0.00013441514968872076
2470,99.45025444030762,0.07119737111778296,0.004381067276000987,0.014546216011047377,0.00013553380966186521
2480,99.787517786026,0.12895134006171693,0.0048056392669677825,0.014696006774902352,0.00013583660125732414
2490,100.15545320510864,0.09188450400037713,0.004313961982727052,0.014146346569061292,0.0001374626159667968
2500,100.4696478843689,0.1234162699024087,0.004292650699615492,0.01444617366790773,0.0001304559707641601
2510,100.83154201507568,0.08432631691573218,0.004539608478546155,0.014443068981170662,0.00013521003723144528
2520,101.22382235527039,0.01696346338947955,0.004619528293609632,0.014507852554321285,0.00014090013504028327
2530,101.62843465805054,0.1401931343442982,0.00424432182312012,0.014092963218688984,0.00013952207565307625
2540,101.98038339614868,0.024294037247775235,0.004378327369689952,0.014283079147338885,0.00013429450988769532
2550,102.38710308074951,0.13509413719745633,0.004520753383636491,0.014454109191894543,0.0001482615470886231
2560,102.78143572807312,0.01996962141503749,0.004546785831451427,0.014552134037017838,0.00015229988098144513
2570,103.06209969520569,0.022154559416135134,0.004620242595672618,0.014674723148345944,0.00011687231063842777
2580,103.3741672039032,0.02757029488303848,0.0045186381340027015,0.014519906520843517,0.00012927246093749994
2590,103.70262813568115,0.020625606361425845,0.004329180717468272,0.0143927984237671,0.00013477087020874018
2600,104.06492853164673,0.0842116643053529,0.004161002635955821,0.01428435230255128,0.0001361179351806641
2610,104.39555478096008,0.010004740202304442,0.004435307025909435,0.014667657852172828,0.00013351345062255856
2620,104.72159361839294,0.07646963285382367,0.004580135822296153,0.014466646671295168,0.0001308021545410158
2630,105.08629035949707,0.04442701113114649,0.004281746387481694,0.014278989791870134,0.00013660049438476567
2640,105.4418272972107,0.032718581351542375,0.004313374042510995,0.014380443572998045,0.00013380813598632817
2650,105.77682852745056,0.09330841946667323,0.0043231654167175376,0.014371865749359147,0.00012955760955810541
2660,106.12432885169983,0.0253347181519623,0.00456253480911256,0.01466726207733154,0.00013784313201904296
2670,106.50373029708862,0.1920587857460393,0.004549172401428233,0.01445775365829469,0.0001349864006042482
2680,106.87237548828125,0.09721322917982578,0.0044075741767883436,0.014402454376220706,0.00013732862472534165
2690,107.18656182289124,0.06919846743635884,0.004557231426239027,0.01465695381164551,0.00012956857681274393
2700,107.56336617469788,0.03709771930548472,0.0046797747611999636,0.014412770271301268,0.00013859987258911145
2710,107.88543558120728,0.020079062820431808,0.004560218811035171,0.014397336959838877,0.00013086557388305664
2720,108.17926812171936,0.0650087260312004,0.004625633239746109,0.01483421611785889,0.0001278672218322753
2730,108.48164176940918,0.06506194836190682,0.00426490259170533,0.014557813167572042,0.00012657403945922838
2740,108.80869340896606,0.020374781211873638,0.004545220851898204,0.014512866497039792,0.00013051319122314443
2750,109.16260886192322,0.039640456207247814,0.004731951236724869,0.01465174388885498,0.00013281536102294921
2760,109.49288964271545,0.01798344421502084,0.004572266578674327,0.014663585186004644,0.00013103914260864256
2770,109.86127018928528,0.023224611106728004,0.004475420475006117,0.014551276206970215,0.0001350378990173341
2780,110.21559405326843,0.03395628679979031,0.00445822191238404,0.01441465234756471,0.0001323795318603514
2790,110.59445977210999,0.06894110548918692,0.004363282203674325,0.01461017084121705,0.00013747882843017576
2800,110.99919152259827,0.025984610834838207,0.0045736484527588,0.014656805992126464,0.0001414566040039063
2810,111.3747251033783,0.07302462963601469,0.0046598572731018206,0.014608641624450696,0.00014070892333984373
2820,111.73687314987183,0.07670282939531027,0.004580188274383553,0.014628133773803717,0.00013565826416015624
2830,112.11307382583618,0.017305905738612907,0.004164049625396739,0.014327472209930442,0.0001407132148742676
2840,112.49673771858215,0.056550001055076196,0.00424455690383912,0.014201631069183365,0.00014092588424682617
2850,112.84161925315857,0.021038232537164726,0.004225882053375258,0.014422196865081805,0.00013535737991333003
2860,113.19693207740784,0.016861130841491465,0.004441251277923595,0.014705698013305683,0.0001335463523864746
2870,113.61419558525085,0.08951021487853847,0.004332912921905528,0.014385137557983405,0.0001436123847961425
2880,114.00707006454468,0.07283013141643034,0.004466049194335949,0.01462543678283692,0.00013503742218017576
2890,114.37463116645813,0.0876235658023282,0.004424187660217295,0.014330703735351577,0.0001359910964965819
2900,114.71302819252014,0.02777740491388068,0.004349864959716805,0.014525324821472183,0.00013983249664306635
2910,115.06337475776672,0.031005866414346838,0.004465995311737076,0.014737293243408205,0.00014060258865356462
2920,115.39348888397217,0.023995475851015313,0.004451429843902602,0.014644215106964103,0.00013106822967529286
2930,115.7835214138031,0.0739465204124079,0.004535123825073251,0.01463946580886843,0.00015204811096191428
2940,116.12172651290894,0.07873346863366212,0.004430408000946058,0.014553838253021237,0.00013918161392211922
2950,116.45996880531311,0.08295361620762567,0.004395442485809336,0.014363503456115723,0.00013999605178833003
2960,116.78426933288574,0.13079083205780695,0.004235061645507821,0.014515974044799809,0.00013411855697631822
2970,117.16086268424988,0.02902758028467987,0.004550601005554213,0.014353184223175058,0.00014717578887939438
2980,117.50526070594788,0.01972487055494608,0.004501885414123544,0.014557311534881615,0.0001403174400329589
2990,117.8061511516571,0.08868497626445002,0.004685256958007823,0.014546422004699707,0.000129631519317627
3000,118.14680171012878,0.012680521611152596,0.004621767997741715,0.014723026752471943,0.00013884496688842772
3010,118.4686074256897,0.0402811970589305,0.0046380782127380515,0.014488096714019771,0.00013311386108398436
3020,118.80382704734802,0.14320628336479246,0.004498019695281996,0.014650629043579107,0.00013637304306030268
3030,119.17190408706665,0.06959773828395728,0.004131118297576909,0.014245097637176529,0.00014071464538574204
3040,119.5439670085907,0.025995922070061617,0.004304244518280042,0.014303005218505868,0.00014263248443603503
3050,119.87965035438538,0.07220177049581471,0.004555225849151622,0.014556808471679696,0.00013437509536743162
3060,120.2613799571991,0.020248583437425804,0.004250838279724129,0.014304522514343271,0.00013676691055297858
3070,120.61252546310425,0.03831284399697661,0.004569946765899674,0.014366672992706308,0.0001356554031372071
3080,120.98188090324402,0.08129273695569023,0.004462784767150887,0.01436736726760864,0.00013350772857666023
3090,121.28661036491394,0.023124450733010202,0.004448306560516364,0.014640106201171881,0.0001333508491516113
3100,121.62725925445557,0.028951901348725873,0.004370103359222421,0.01439755296707155,0.00013345575332641602
3110,121.99120259284973,0.02527838940483667,0.004374481678009046,0.014462022781372064,0.0001405606269836426
3120,122.34530329704285,0.030654443019234118,0.004210049152374276,0.014353168010711678,0.00013788223266601566
3130,122.72302675247192,0.02903410551946315,0.004575135231018078,0.014541947364807146,0.0001438598632812499
3140,123.03645849227905,0.0291456641025026,0.004382698059082044,0.01458142518997194,0.00013252019882202147
3150,123.38022971153259,0.02444434669612804,0.0042699246406555265,0.014505843162536631,0.00013646650314331048
3160,123.73999452590942,0.08569804991545334,0.004444627285003672,0.014528410911560066,0.00014256572723388676
3170,124.14936900138855,0.015929204056266202,0.004445742607116713,0.014586220264434813,0.0001586561203002929
3180,124.57453441619873,0.078117081664927,0.0044308466911316,0.014390271663665775,0.0001518268585205078
3190,124.94923996925354,0.028718145477620544,0.004432052135467544,0.014462689876556398,0.00014078426361083973
3200,125.24202585220337,0.012881064117427201,0.00458040952682497,0.014790910243988032,0.00012431478500366224
3210,125.58410501480103,0.02804229256773162,0.004338727951049809,0.014479896545410167,0.00013557720184326167
3220,125.9725489616394,0.015341346005081871,0.004467170238494886,0.014683724403381343,0.0001515965461730956
3230,126.46281218528748,0.030858076530402078,0.004442091464996344,0.014533676147460947,0.00016210317611694343
3240,126.90175342559814,0.028767705659284652,0.004394540786743174,0.0145735788345337,0.00015247249603271486
3250,127.46549201011658,0.08857604611912803,0.004407426834106455,0.014495044231414797,0.0002294344902038574
3260,128.00580883026123,0.011019081739556054,0.004607700824737561,0.014808297157287592,0.00021883726119995128
3270,128.5302758216858,0.08501400013401081,0.004514248847961437,0.014627995491027848,0.00020633411407470706
3280,129.06008625030518,0.18342724340748245,0.004312469005584723,0.014416062355041507,0.00021081161499023445
3290,129.61952948570251,0.07154893883229932,0.00426111459732057,0.014492431163787844,0.00021228170394897448
3300,130.21430206298828,0.03619725753297246,0.004650541305542007,0.014559864521026613,0.00022475385665893564
3310,130.79915523529053,0.02911932147164687,0.004421657085418715,0.01457928228378296,0.00022481393814086887
3320,131.26383876800537,0.12897181151690254,0.004525533676147471,0.014485227584838879,0.00017810535430908198
3330,131.77372908592224,0.09213120681968257,0.004548474788665785,0.014472625255584712,0.0001770448684692383
3340,132.2257194519043,0.021060911883897086,0.004463335037231455,0.014390474319458021,0.00017037057876586914
3350,132.64560556411743,0.07826357445224877,0.004304584026336681,0.01430503368377686,0.00016789197921752926
3360,133.28873682022095,0.0693239155644382,0.004506959915161145,0.014608669757843033,0.0002598495483398438
3370,134.32095766067505,0.09345467241599129,0.0044562959671020615,0.014376256942749025,0.00044501924514770504
3380,134.8025631904602,0.036144212797875844,0.00454210567474366,0.014501505851745622,0.00020544958114624006
3390,135.39221835136414,0.03205608036333787,0.004328367233276379,0.014379527091979987,0.00022476482391357416
3400,135.87538623809814,0.08026416506701485,0.004548701763153089,0.0147351884841919,0.0001834454536437987
3410,136.3453974723816,0.09386889643840304,0.004354532718658456,0.014426517486572286,0.00019259881973266623
3420,136.97709703445435,0.08676313944790644,0.0044473419189453205,0.01451013374328614,0.0002674555778503417
3430,138.02561616897583,0.1477116861528844,0.004196283817291268,0.014409022331237805,0.0004383001327514649
3440,138.72414135932922,0.017753111619772066,0.004509457111358655,0.014573499679565435,0.000278148174285889
3450,139.27251982688904,0.023717319431372584,0.0046063008308410746,0.014673630714416524,0.0002123737335205078
3460,139.9561836719513,0.0161835858185213,0.004435556411743173,0.014496431350708017,0.0002652430534362797
3470,140.44351935386658,0.035381425110672,0.004522401809692398,0.014466297626495367,0.00016740369796752926
3480,140.88160133361816,0.011114513800408935,0.004416560173034677,0.014526872158050552,0.0001744403839111329
3490,141.3655936717987,0.042734104148051615,0.0045368905067443965,0.014673613548278808,0.0001962637901306152
3500,142.05304098129272,0.07232105980300244,0.0043526692390442,0.014477531433105484,0.00027272081375122065
3510,142.62985396385193,0.035324489981200614,0.004427731990814217,0.014535326480865482,0.00023824930191040025
3520,143.41076755523682,0.014912690832674325,0.004414586067199717,0.014508892059326175,0.00030128479003906246
3530,144.20076084136963,0.1027632399835446,0.004678689956665052,0.014482347965240483,0.0003250699043273927
3540,144.9984700679779,0.025324865579691075,0.004399021148681647,0.014251743793487568,0.00032633495330810526
3550,145.80118703842163,0.023312797259319964,0.004499007701873793,0.014476192474365244,0.0003237690925598147
3560,146.4874291419983,0.014303733459804003,0.0046697635650634894,0.014724181175231938,0.0003063712120056154
3570,147.1453354358673,0.14411615794978155,0.004301151752471942,0.014413623809814457,0.000263772964477539
3580,147.7980980873108,0.08029767474636082,0.004598409175872814,0.014524423122406014,0.0002794742584228516
3590,148.56871056556702,0.04254209509674096,0.004582682609558115,0.014341298103332525,0.0003240752220153806
3600,149.2698302268982,0.03697944154999888,0.0047356944084167634,0.014425217151641856,0.00028881978988647453
3610,149.98804354667664,0.029791339676769946,0.0045017461776733474,0.014471823215484625,0.00031087207794189444
3620,150.6211338043213,0.08180949601257564,0.004423984527587899,0.014479239940643315,0.0002578067779541014
3630,151.22452402114868,0.08003076841114802,0.004366176605224621,0.014356839179992698,0.00025677490234375005
3640,151.6949610710144,0.029373014499676293,0.004563244819641127,0.0146985182762146,0.00018826055526733384
3650,152.18131518363953,0.018153005501778986,0.00442150878906251,0.014528941154479993,0.00019897603988647478
3660,152.58922600746155,0.07825094952135417,0.0045679588317871205,0.014477696895599374,0.00016307210922241223
3670,153.02078413963318,0.014765913044472353,0.004618302822113053,0.014688372611999508,0.00016790485382080084
3680,153.48219752311707,0.044551313149015094,0.004478662490844736,0.014427365779876716,0.00017770528793334967
3690,153.9438397884369,0.0766500972036783,0.004686695575714126,0.014756153106689452,0.00018085908889770488
3700,154.5418553352356,0.014620657303944618,0.004691070079803482,0.014593085289001476,0.00024989700317382823
3710,155.0649552345276,0.0891834903197031,0.004510726928710952,0.014587151050567631,0.0002121458053588868
3720,155.60719561576843,0.03616962599183487,0.004898702621459976,0.01459410429000855,0.00021171665191650402
3730,156.46049571037292,0.07248946326336715,0.004401932716369638,0.014409626007080092,0.0003405423164367678
3740,157.30909180641174,0.0900962783069009,0.004646336078643812,0.014686606884002685,0.0003115000724792477
3750,157.86771059036255,0.09778485716301537,0.004243519306182872,0.014295271873474139,0.0002236671447753905
3760,158.2997851371765,0.02512169398811882,0.0043819293975830165,0.01435865736007692,0.00017186975479125977
3770,158.71465611457825,0.1450504380596182,0.0044212465286255,0.014394873619079587,0.00016605520248413083
3780,159.13603162765503,0.07973145997329563,0.004221760272979746,0.014473982334136973,0.00016787290573120128
3790,159.5784137248993,0.0913741854885762,0.0045149893760681285,0.01463710308074952,0.00017102241516113285
3800,160.0498514175415,0.024806885579068315,0.00438951635360719,0.014457181453704834,0.000174816608428955
3810,160.5288155078888,0.08704081571565578,0.004593618869781505,0.01435975122451783,0.00017103433609008805
3820,161.07419753074646,0.14609430936408513,0.004198480129241953,0.014186089038848904,0.0001811394691467286
3830,161.5525062084198,0.01641028719551418,0.0043666419982910255,0.014578678131103525,0.00018001890182495114
3840,162.32179713249207,0.024364058780618918,0.004538755893707289,0.01459327745437623,0.000291962146759033
3850,162.8342251777649,0.0850566924121622,0.004425645351409923,0.014504930973052988,0.0001955366134643556
3860,163.52320218086243,0.019145164957022016,0.004555230617523205,0.01439321088790895,0.00026201152801513637
3870,164.19711899757385,0.09335469516530222,0.004395522117614759,0.014419536590576185,0.0002628850936889649
3880,164.8061807155609,0.08784688372945647,0.0045279989242553815,0.014611962795257597,0.00024870300292968733
3890,165.614075422287,0.025622253012118967,0.004646216392517103,0.014402752399444593,0.00029121208190917964
3900,166.36411905288696,0.08057591957095794,0.004232496261596693,0.014101443290710466,0.00026409959793090786
3910,167.15824580192566,0.02928502317079862,0.004400015354156499,0.014466770648956323,0.0002916860580444335
3920,167.74778270721436,0.09071394259102633,0.004369346618652355,0.014492784500122091,0.00022162675857543944
3930,168.4235475063324,0.023558361771615237,0.004604967594146746,0.014571895599365248,0.0002709937095642089
3940,169.4556760787964,0.1509747074271029,0.004484046459198011,0.014466633796691894,0.00044094753265380867
3950,170.14878702163696,0.0879626213867199,0.0044599103927612455,0.014327115535736085,0.00024416828155517567
3960,170.88839507102966,0.038814460339214124,0.004448098659515393,0.014186279773712156,0.0002611994743347172
3970,171.54250073432922,0.024761062547065758,0.004559195041656506,0.014527828693389908,0.0002602062225341796
3980,172.05210661888123,0.02927381445797591,0.0044163031578064085,0.014417948722839339,0.0001953821182250977
3990,172.57298111915588,0.1257996404557029,0.004459294319152844,0.014418676853179945,0.00020294046401977527
4000,173.0201587677002,0.023898168839480045,0.004386355876922621,0.0144225778579712,0.00018952465057373033
4010,173.46630454063416,0.07808804376302145,0.004418938159942637,0.014562331676483173,0.00018203783035278327
4020,174.31126022338867,0.13020474870237755,0.004296539306640633,0.014378471374511741,0.00035689973831176756
4030,174.84579992294312,0.016402234367342214,0.004459423065185561,0.014665692806243904,0.0002262220382690429
4040,175.26918721199036,0.01757210576194352,0.0043429937362670975,0.014487246036529558,0.0001510252952575683
4050,175.75708413124084,0.13528430437068517,0.004464119911193861,0.014449672222137448,0.00016989040374755876
4060,176.1911005973816,0.04591111351304392,0.0045459475517273095,0.014394355297088619,0.0001634635925292968
4070,176.6597158908844,0.029797671347182548,0.0045821681022644185,0.014643677711486825,0.00018897533416748044
4080,177.08290791511536,0.024088276948393675,0.004332622528076185,0.014542294502258307,0.00015919208526611335
4090,177.60392117500305,0.03365994827968308,0.004442397117614757,0.014472546577453635,0.00018944644927978532
4100,178.04342699050903,0.07442515751468153,0.0045234832763671965,0.014540845870971689,0.00015812778472900374
4110,178.46983861923218,0.029660464703180407,0.004690306186676042,0.014837900161743167,0.00015439653396606456
4120,178.8598039150238,0.19159191679409182,0.004286697387695323,0.0145333971977234,0.00014764690399169923
4130,179.27221155166626,0.07810659983513701,0.004770138740539572,0.014726727962493913,0.0001508831977844237
4140,179.71418356895447,0.08178575007996894,0.004702961444854755,0.014705487728118896,0.00016277933120727514
4150,180.1323971748352,0.03916257052011499,0.004373515605926527,0.014463938713073726,0.0001477136611938476
4160,180.53596782684326,0.02263269078646559,0.004407011032104507,0.014384274482727064,0.00014929771423339818
4170,180.97533202171326,0.12994595759034563,0.004408669471740732,0.014325459957122807,0.000168668746948242
4180,181.49166798591614,0.030361929797260323,0.004410397529602069,0.014489606380462655,0.00017493152618408206
4190,181.96711683273315,0.01814646868217373,0.004764777660369887,0.014825290203094487,0.0001802735328674317
4200,182.37326073646545,0.03389493758662287,0.004478405952453627,0.014372034072875989,0.0001569004058837892
4210,182.86313605308533,0.026437101878221896,0.004281992912292492,0.01417500972747803,0.0001805601119995117
4220,183.19546031951904,0.024191776839747787,0.0045156493186950825,0.014582990646362311,0.00012684583663940426
4230,183.56867122650146,0.03496101567751731,0.004439051151275643,0.014410364151000984,0.00014229869842529282