#
#=== Dataset results ===
#
#Accuracy: 0.9988
#Micro F1: 0.9988 | Macro F1: 0.7549 | Weighted F1: 0.9989
#
#Per-class metrics:
#  [benign] P=0.9989 | R=0.9981 | F1=0.9985 | Support=20900
#  [phase1] P=0.7273 | R=1.0000 | F1=0.8421 | Support=8
#  [phase2] P=0.8000 | R=0.4444 | F1=0.5714 | Support=9
#  [phase3] P=0.5600 | R=1.0000 | F1=0.7179 | Support=14
#  [phase4] P=0.2609 | R=0.8571 | F1=0.4000 | Support=7
#  [phase5] P=0.9998 | R=0.9995 | F1=0.9996 | Support=29389
#Confusion Matrix:
#         	      	      	      	Actual	      	      	      
#         	      	benign	phase1	phase2	phase3	phase4	phase5
#         	benign	 20861	     0	     5	     0	     1	    16
#         	phase1	     3	     8	     0	     0	     0	     0
#Predicted	phase2	     1	     0	     4	     0	     0	     0
#         	phase3	    11	     0	     0	    14	     0	     0
#         	phase4	    17	     0	     0	     0	     6	     0
#         	phase5	     7	     0	     0	     0	     0	 29373
i,time,loss,ground_time,compile_time,eval_time
100,9.039926528930664,2.065260145641843,0.002059064388275131,0.005835414934158353,0.00024016380310058608
200,19.458463191986084,1.7956957972609706,0.002077682256698592,0.005894385385513345,0.0002797974586486826
300,35.572569370269775,1.658655869078104,0.0021768795967101805,0.005869541501998937,0.00040906214714050206
400,50.46738028526306,1.5437070911003103,0.002195995378494244,0.005948150587081955,0.00037379679679870484
500,65.05258655548096,1.460029455376445,0.0021213452339172174,0.0058134684562683656,0.0003860565662384034
600,80.64664506912231,1.7047478718378835,0.002235621595382672,0.005971022224426295,0.00035113215446472263
700,92.49426484107971,1.6670366465176256,0.002139804077148414,0.005939155387878469,0.0002816003322601314
800,107.97305846214294,1.6080176066980496,0.002118845081329328,0.005912314033508329,0.00036573667526245226
900,120.82276368141174,1.4855294462442676,0.002125937175750714,0.005938311862945583,0.00035536665916442825
1000,129.4696605205536,1.5929134285406008,0.002049806356430039,0.005897177171707177,0.0002447121620178218
1100,136.55524969100952,1.5279820252827176,0.0021404366970061966,0.005873884725570731,0.00020093202590942396
1200,143.68064761161804,1.4067503544125999,0.0020489448070525936,0.006048662471771296,0.00020114192962646476
1300,150.4785225391388,1.61745247172958,0.002004120159149148,0.005721521282196083,0.0001907411575317381
1400,156.73565340042114,1.5871164370374555,0.002043755388259864,0.005789329957962048,0.00017268047332763661
1500,163.18634676933289,1.5450370316807451,0.002117728662490832,0.005954186058044455,0.0001826797962188717
1600,169.65291953086853,1.567941376500697,0.0020009806156158195,0.005750566720962563,0.00018316812515258759
1700,176.22536253929138,1.5597165579177712,0.001990982198715196,0.005885524225235013,0.0001854247093200681
1800,182.73245668411255,1.545631239346069,0.0021566538810729725,0.005766235208511386,0.0001840316772460937
1900,189.2997751235962,1.5212752585611111,0.002095520305633519,0.0060255442619324105,0.00018674855232238754
2000,195.85847878456116,1.5971674027452973,0.002038827610015844,0.0058817482948303745,0.00018587193489074682
2100,202.43950819969177,1.5385954824852097,0.002051209497451762,0.005925982284545947,0.00018494901657104524
2200,209.5090901851654,1.4580008281297794,0.002098474407196021,0.006047010898590122,0.00020547823905944833
2300,216.00269842147827,1.6565337483244738,0.002060237550735455,0.005917244338989305,0.00018297109603881813
2400,222.78816556930542,1.5859588561367972,0.002010529327392559,0.005797841882705717,0.00019324922561645612
2500,229.55566549301147,1.402468388975208,0.0020340005874633573,0.0059059949398041125,0.0001929096698760987
2600,236.33663177490234,1.47932898381765,0.002038593912124613,0.005903633022308396,0.0001950225830078127
2700,243.19909572601318,1.4943231230893916,0.002037679958343489,0.005920376443862964,0.00019547286033630334
2800,250.50231003761292,1.6281420707285656,0.0020065910816192446,0.005820651435852083,0.00021111631393432663
2900,257.88545966148376,1.5114614562723592,0.0020568616867065194,0.005832805109024063,0.00021388740539550702
3000,264.9638991355896,1.505784483904641,0.0020400010585784716,0.005850635576248204,0.00020977592468261663
3100,271.4500517845154,1.5877551743116445,0.0020265738964080644,0.005807149410247824,0.00020515537261962848
3200,282.40608501434326,1.670563592561482,0.0028457081317901384,0.005752241230011013,0.0002237467288970942
3300,288.752765417099,1.5275662772941414,0.002041957092285135,0.005827761793136629,0.000202604913711547
3400,296.1143534183502,1.5771221736077308,0.0020479574203490984,0.005734263086319006,0.00023836679458618182
3500,304.03855752944946,1.6280781665612705,0.0020972183227538866,0.0057316322326660465,0.0002599274635314936
3600,311.76604771614075,1.5861103116115993,0.002062562799453715,0.0059385467052460224,0.00025489497184753396
3700,318.86140489578247,1.7150567067610512,0.0020696407318115035,0.005861614513397253,0.00023227233886718816
3800,327.27379393577576,1.6627520122000725,0.002067524385452251,0.005774873495101941,0.0002742708206176755
3900,335.1289417743683,1.558938714367911,0.002106651115417465,0.005969050073623697,0.0002652830600738525
4000,341.53386759757996,1.396465687955523,0.0021327650070190186,0.005942480230331453,0.00021146664619445807
4100,348.0478060245514,1.521183446114577,0.0020800573348998827,0.00582483224868776,0.00021268653869628868
4200,354.078396320343,1.5578612061820727,0.002047026538848855,0.0060042685985565525,0.00019841771125793446
4300,360.5472164154053,1.5600381806416619,0.0021493851184844746,0.005839755916595468,0.00021279244422912544
4400,366.825635433197,1.6255066325750909,0.002070558595657328,0.00587081680297853,0.000209117126464844
4500,375.28766918182373,1.507140786010848,0.0021181864261627017,0.005870976686477696,0.0002890650272369388
4600,382.286821603775,1.5036535428189095,0.0021030669212341183,0.005856061315536529,0.00023665461540222174
4700,389.5250151157379,1.5635206649647855,0.002098777866363506,0.006047501993179371,0.0002485992431640624
4800,396.41187739372253,1.458514917747964,0.0020336787700652808,0.00583989481925968,0.0002331745624542235
4900,402.5892038345337,1.544979464585282,0.0021743016242980716,0.00597694277763371,0.00020815157890319844
5000,408.46040415763855,1.67971937094087,0.0021000241279601796,0.005916038036346463,0.00019550924301147454