#
#=== Dataset results ===
#
#Accuracy: 0.9979
#Micro F1: 0.9979 | Macro F1: 0.6932 | Weighted F1: 0.9984
#
#Per-class metrics:
#  [benign] P=0.9991 | R=0.9959 | F1=0.9975 | Support=20900
#  [phase1] P=0.7273 | R=1.0000 | F1=0.8421 | Support=8
#  [phase2] P=0.1837 | R=1.0000 | F1=0.3103 | Support=9
#  [phase3] P=0.5000 | R=1.0000 | F1=0.6667 | Support=14
#  [phase4] P=0.2143 | R=0.8571 | F1=0.3429 | Support=7
#  [phase5] P=0.9998 | R=0.9994 | F1=0.9996 | Support=29389
#Confusion Matrix:
#         	      	      	      	Actual	      	      	      
#         	      	benign	phase1	phase2	phase3	phase4	phase5
#         	benign	 20814	     0	     0	     0	     1	    17
#         	phase1	     3	     8	     0	     0	     0	     0
#Predicted	phase2	    40	     0	     9	     0	     0	     0
#         	phase3	    14	     0	     0	    14	     0	     0
#         	phase4	    22	     0	     0	     0	     6	     0
#         	phase5	     7	     0	     0	     0	     0	 29372
i,time,loss,ground_time,compile_time,eval_time
100,12.428149938583374,0.5855370655981824,0.0025001356124878154,0.004767292070388759,0.00027215538024902335
200,23.558372974395752,0.32537515470176004,0.0027048800468445007,0.005157533931732132,0.0002477431297302244
300,34.694385051727295,0.15281049030920257,0.0026695903778076297,0.005133322429656934,0.0002481464862823492
400,49.496395111083984,0.11073502646948327,0.002687282609939593,0.005144538021087596,0.0003540495872497554
500,60.71887183189392,0.0874516595658497,0.0025534810066223314,0.004879172945022536,0.00024900035858154237
600,75.80104732513428,0.0657116471399786,0.0031893019199371415,0.004995718669891319,0.00027181019783019964
700,93.99887132644653,0.07295817470323528,0.0026751327037811425,0.0050669035434722474,0.00041194849014282366
800,106.72669458389282,0.060521038929837234,0.002736071586608903,0.005272849750518758,0.0002700001239776619
900,119.90538811683655,0.04614588099855609,0.0025969899654388695,0.004985864543914767,0.00028620066642761195
1000,131.3159739971161,0.048658924560731974,0.0026479835033416926,0.005201935529708834,0.00025062642097473055
1100,142.77682089805603,0.051123694952057125,0.002626656246185322,0.004970116281509375,0.00026141343116760243
1200,150.9981553554535,0.04442524415737353,0.002573019599914572,0.005081652116775485,0.0001907340526580815
1300,158.71030259132385,0.04268201151550784,0.0025742506980896145,0.0050396708011626705,0.00017572965621948225
1400,166.24371147155762,0.028924021497723516,0.002661141157150285,0.005156266164779632,0.00017026510238647482
1500,173.68739461898804,0.028488805348615642,0.0031469449520111293,0.005047073650360062,0.00017082781791686986
1600,181.46575355529785,0.03156140022494128,0.002621210718154925,0.0050131335735320555,0.000179016590118408
1700,188.39652752876282,0.026138967897163638,0.00260026531219485,0.005030764150619466,0.00015805153846740736
1800,195.29823994636536,0.020056614538498253,0.0025767493724823077,0.005067088222503611,0.00015668334960937486
1900,202.436696767807,0.023995673625236122,0.0026110095500946322,0.0050887357234954455,0.00016482806205749508
2000,211.2316975593567,0.020463096691401006,0.0025635006904602214,0.0048942344665527,0.00020899882316589404
2100,219.2978391647339,0.01881969766025122,0.00263367872238161,0.005049893236160238,0.00019268469810485839
2200,226.82440209388733,0.01797553004290421,0.0026060145854950134,0.005098302364349342,0.000176912879943848
2300,234.28248929977417,0.013782236291685877,0.0026268033981323336,0.005067265129089309,0.00017646317481994603
2400,241.8456518650055,0.016276745467962428,0.0025669069766998376,0.005168508052825888,0.00017645201683044409
2500,248.61983108520508,0.01308745155882889,0.00257107033729556,0.005064852285385109,0.00015827975273132334
2600,255.38623642921448,0.013749155042203256,0.002613425922393813,0.004995125865936232,0.0001569496631622321
2700,262.41680550575256,0.0097627359071339,0.002603784418106107,0.005156867504119846,0.0001635934829711915
2800,269.90772819519043,0.009480659819706716,0.002564732599258445,0.005182331752777053,0.00017971768379211478
2900,277.3866922855377,0.009083851130604899,0.0025791382789612017,0.0050680347442626705,0.00017920680046081504
3000,284.232901096344,0.007598324016030346,0.0026183555603027553,0.005114881181716888,0.0001623274326324465
3100,290.9444718360901,0.00718794514692604,0.002664097213745142,0.005108740091323825,0.00015847148895263734
3200,297.69529938697815,0.007420098625658511,0.0025111132621765354,0.004990185213088957,0.0001587114334106447
3300,304.4415831565857,0.00459386017023121,0.0025153568267822384,0.005047256326675368,0.00016016154289245563
3400,311.20856404304504,0.008534143315742426,0.0025818324565887655,0.005011977005004843,0.0001618010997772218
3500,318.72044467926025,0.006397100450966491,0.002657679033279436,0.005186769104003873,0.00018336067199707016
3600,329.7044925689697,0.003828469807872352,0.0032708356380462735,0.004923228502273515,0.0001722657680511476
3700,336.48733353614807,0.0035755496793524345,0.002576845932006847,0.004990304803848239,0.00016703252792358428
3800,343.6978418827057,0.0034472884063012545,0.0025760425090789974,0.005086832952499348,0.00017589740753173755
3900,350.5628881454468,0.005478007622556334,0.0025785734176635962,0.005188512516021687,0.00016787886619567825
4000,357.24596118927,0.002642791859072986,0.002580963945388812,0.00498720402717587,0.00016289267539978006
4100,363.7140254974365,0.0027264177821683688,0.002576427459716814,0.0051217925548553015,0.0001590432643890378
4200,370.27982330322266,0.0016329461328899698,0.002615985918045073,0.005114193964004483,0.000161449956893921
4300,376.9355447292328,0.0030210864565648875,0.0026096196651458907,0.005056520891189548,0.00016373915672302254
4400,383.6496284008026,0.0014209622859300453,0.0026486525535583585,0.005244463539123508,0.00016715750694274917
4500,390.42833161354065,0.006003875997367629,0.002626698160171517,0.005101880407333317,0.0001665441513061525
4600,397.0651249885559,0.0026443418805513373,0.0025950992107391475,0.005078139066696117,0.0001651136875152591
4700,403.5866632461548,0.0023878461103274164,0.0026249711990356606,0.005104718160629224,0.00016317996978759786
4800,410.1592447757721,0.0029702539482633484,0.002644940948486335,0.005161043071746768,0.0001632934093475345
4900,416.98595571517944,0.002032279360724658,0.002494181919097924,0.0049963301181793,0.000167252635955811
5000,423.52311086654663,0.0014910501924791219,0.0026421780109405686,0.005214633464813182,0.00016231012344360387