#=== darpa_flags_one_net_pretrained_down_w100 ===
#
#Metrics:
#  Accuracy: 0.9993 | Macro Precision: 0.8379 | Macro Recall: 0.7221 | Macro F1: 0.7639
#  False Alarms: 6 | False Alarm Rate: 0.0003
#  Missed Attacks: 29 | Detection Rate: 0.9990
#
#Per-Class Metrics:
#  [phase1] P=1.0000 | R=1.0000 | F1=1.0000 | 
#  [phase2] P=0.6000 | R=0.3333 | F1=0.4286 | 
#  [phase3] P=1.0000 | R=0.5714 | F1=0.7273 | 
#  [phase4] P=0.4286 | R=0.4286 | F1=0.4286 | 
#  [phase5] P=1.0000 | R=0.9996 | F1=0.9998 | 
#
#Confusion Matrix:
#         	      	      	      	Actual	      	      	      
#         	      	benign	phase1	phase2	phase3	phase4	phase5
#         	benign	 20858	     0	     6	     6	     4	    13
#         	phase1	     0	     8	     0	     0	     0	     0
#Predicted	phase2	     2	     0	     3	     0	     0	     0
#         	phase3	     0	     0	     0	     8	     0	     0
#         	phase4	     4	     0	     0	     0	     3	     0
#         	phase5	     0	     0	     0	     0	     0	 29376
i,time,loss,ground_time,compile_time,eval_time
100,17.491026401519775,0.0013323058925022613,0.001167746400833179,0.009582388067245389,0.00024496040344238205
200,34.56427502632141,0.0035761025210090413,0.0011031020641327314,0.00968014302253712,0.0002463305950164799
300,48.71325874328613,0.004112726223891776,0.0010600085258484265,0.009635024690627913,0.000210512065887451
400,63.80471920967102,0.003913256611535802,0.0011484501838684533,0.009613614177703766,0.00024202265739440914
500,85.5260980129242,0.00301522731155744,0.0011820653915405746,0.00978728728294362,0.0003754343509674066
600,103.48810482025146,0.0006610919572280416,0.0011165608406067343,0.009562122440338054,0.00026684165000915525
700,123.14394974708557,0.0028291285477653337,0.0012568718433380516,0.009538544750213504,0.00028961224555969234
800,140.11465644836426,0.0023747054068639704,0.0011035977840424009,0.009787765407562106,0.0002556011676788333