#=== darpa_flags_one_net_scratch_down_w10 ===
#
#Metrics:
#  Accuracy: 0.9988 | Macro Precision: 0.4000 | Macro Recall: 0.2749 | Macro F1: 0.3090
#  Number of False Alarms: 10 | False Alarm Rate: 0.0005
#
#Per-Class Metrics:
#  [phase1] P=1.0000 | R=0.3750 | F1=0.5455 | 
#  [phase2] P=0.0000 | R=0.0000 | F1=0.0000 | 
#  [phase3] P=0.0000 | R=0.0000 | F1=0.0000 | 
#  [phase4] P=0.0000 | R=0.0000 | F1=0.0000 | 
#  [phase5] P=0.9998 | R=0.9994 | F1=0.9996 | 
#
#Confusion Matrix:
#         	      	      	      	Actual	      	      	      
#         	      	benign	phase1	phase2	phase3	phase4	phase5
#         	benign	 20890	     5	     9	    14	     7	    17
#         	phase1	     0	     3	     0	     0	     0	     0
#Predicted	phase2	     3	     0	     0	     0	     0	     0
#         	phase3	     0	     0	     0	     0	     0	     0
#         	phase4	     0	     0	     0	     0	     0	     0
#         	phase5	     7	     0	     0	     0	     0	 29372
i,time,loss,ground_time,compile_time,eval_time
100,9.669631481170654,0.6730517132952809,0.0009546761512756379,0.00018598480224609363,0.0001729117393493653
200,21.934059619903564,0.47437274244148286,0.0014478509426116913,0.00020819444656372123,0.00026503720283508345
300,36.37399697303772,0.1654265236275387,0.0018035030364990212,0.0002193118095397955,0.00036649436950683613
400,48.09945249557495,0.10898381702878396,0.0013356937408447323,0.00021816501617431702,0.00028645634651184107
500,57.770023584365845,0.049917292785612515,0.0013862456321716257,0.0002037268161773687,0.0002340761661529531
600,67.93428683280945,0.02168644936631608,0.001298203182220462,0.00020326652526855523,0.0002371773242950434
700,76.48455142974854,0.02289365389988234,0.001422052240371707,0.00019942431449890163,0.00020739722251892061
800,90.61515378952026,0.012228933306832914,0.0012237262725830114,0.00021078824996948224,0.00028400425910949664