#=== ait_flags_scratch_aug_w10_full ===
#
#Metrics:
#  Accuracy: 0.8563 | Macro Precision: 0.4611 | Macro Recall: 0.8467 | Macro F1: 0.4241
#  False Alarms: 37099 | False Alarm Rate: 0.0927
#  Missed Attacks: 30614 | Detection Rate: 0.5701
#
#Per-Class Metrics:
#  [phase1] P=0.3605 | R=0.9776 | F1=0.5267 | 
#  [phase2] P=1.0000 | R=0.4636 | F1=0.6335 | 
#  [phase3] P=0.0177 | R=1.0000 | F1=0.0348 | 
#  [phase4] P=0.0053 | R=0.8852 | F1=0.0106 | 
#
#Confusion Matrix:
#         	      	      	      	Actual	      	      
#         	      	benign	phase1	phase2	phase3	phase4
#         	benign	362916	   329	 30278	     0	     7
#Predicted	phase1	 25456	 14349	     0	     0	     0
#         	phase2	     0	     0	 26165	     0	     0
#         	phase3	  1553	     0	     0	    28	     0
#         	phase4	 10090	     0	     0	     0	    54
i,time,loss,ground_time,compile_time,eval_time
100,7.819591999053955,0.7498752004746347,0.004187924899160862,0.008493923172354699,0.0001828974485397339
200,16.690569162368774,0.3590125662367791,0.004265122562646866,0.008475756309926509,0.00021439138799905777
300,27.003502368927002,0.216297339584562,0.004220512732863426,0.008302675299346448,0.00024405423551797866
400,38.633102893829346,0.19215189213806297,0.004262689873576165,0.008443961478769779,0.0002620067074894905
500,49.231481075286865,0.1742404221952893,0.004238980263471604,0.008472635820508003,0.00024237509816884994
600,61.46742129325867,0.16672724332573124,0.004248952753841877,0.008374915644526481,0.00029040049761533735
700,73.35968613624573,0.16350379391151365,0.004258233159780502,0.008421400636434555,0.00028905212879180907
800,85.28871512413025,0.15177232116926462,0.004336135722696781,0.008555064611136913,0.00029017671942710877
900,97.26756191253662,0.15281763741731993,0.004240681827068329,0.008462111204862595,0.00029257819056510926
1000,114.39309859275818,0.14408350891673763,0.0042932238802313805,0.00847216073423624,0.0004019461572170258
1100,126.48343086242676,0.14576285660034047,0.004259611144661903,0.008537791334092618,0.00028913754969835283
1200,138.78930830955505,0.13281374227492052,0.004159698188304901,0.00856643408536911,0.00029667437076568603
1300,150.46463441848755,0.13730405628610243,0.00429299108684063,0.008380550034344196,0.0002858307585120201
1400,163.53781509399414,0.1379723427496174,0.004245044738054276,0.00850086335092783,0.00031725473701953887
1500,182.19952917099,0.1185852390349828,0.004253087937831879,0.00844457034021616,0.00044460013508796693
1600,199.35129046440125,0.12279583792497306,0.004141368009150028,0.008456761538982392,0.0004081638529896736
1700,217.19554567337036,0.12046521776330338,0.004332570135593414,0.0084261254966259,0.000415678545832634
1800,235.0810685157776,0.12373449930226797,0.004264247044920922,0.008436566554009914,0.00042634069919586184
1900,254.0529661178589,0.11734763877324667,0.004320137612521649,0.008420670628547669,0.00045810695737600324
2000,271.1529371738434,0.11171291854385686,0.004276509210467338,0.008383762948215008,0.00040667254477739335
2100,289.9794542789459,0.10384538662558043,0.0041240623593330385,0.008423842675983905,0.00044596556574106217
2200,311.01124262809753,0.10822768234675834,0.004304992072284222,0.008463945537805558,0.000502089187502861
2300,330.2647659778595,0.10273847401316061,0.004238085858523846,0.008423330076038838,0.0004564075544476509
2400,347.24042105674744,0.10109351124126703,0.004397232756018638,0.008476769290864468,0.0003992532193660736
2500,367.9297511577606,0.09535669084589045,0.00427477017045021,0.008466775305569172,0.0004951497539877892
2600,385.8492431640625,0.0952012820156432,0.004292834773659706,0.008436368443071843,0.00043088216334581376
2700,399.2949101924896,0.09482916003351548,0.004222077690064907,0.00858075425028801,0.00032004158943891523
2800,411.67929100990295,0.09152082904905313,0.004252659678459167,0.008511936776340007,0.00030010644346475604
2900,430.64743852615356,0.08304927456144441,0.004293253719806671,0.008447362817823887,0.0004506881162524223
3000,455.19790148735046,0.08834868855098818,0.004201463013887405,0.008570646345615386,0.0006092412397265435
3100,474.10054540634155,0.08977013437711676,0.00431784126907587,0.008447293899953365,0.0004536812752485275
3200,493.3936071395874,0.07550170753124967,0.004227203689515591,0.008569528050720691,0.00046195439994335175
3300,509.7659351825714,0.08165389387487636,0.004177972413599491,0.008415022417902946,0.00039028678089380263
3400,524.013674736023,0.08606279611096725,0.004270127676427364,0.008325441777706145,0.00029091354459524153
3500,536.8958811759949,0.07280627225207692,0.004215769767761231,0.008426763378083705,0.00031724635511636733
3600,548.4983763694763,0.07808209848012733,0.004292149767279625,0.008458556085824966,0.0002896634489297867
3700,561.5945053100586,0.07803370273257737,0.0042797945812344555,0.008427539430558682,0.0003151272237300873
3800,572.6624441146851,0.06842124631953356,0.004329388923943043,0.008434687480330468,0.00027944717556238174
3900,584.1037926673889,0.07384320697893056,0.004225522242486477,0.008339683301746845,0.0002859410271048546
4000,595.515460729599,0.062435281378666364,0.004330356568098068,0.008336561508476734,0.00028377633541822435
4100,606.7397696971893,0.0679635781477558,0.004300048649311066,0.00849099237471819,0.0002791372686624527
4200,617.7247829437256,0.06492561154143656,0.004208570085465908,0.00836407046765089,0.0002742583677172661
4300,628.7591164112091,0.059284669326929364,0.0043165675550699235,0.008533834405243397,0.0002734379842877388
4400,640.2642531394958,0.05385009398078362,0.0042056628689169885,0.008478383347392083,0.0002825577557086945
4500,653.2293875217438,0.058761786822972784,0.004201951958239078,0.008497932888567448,0.0003145704045891762
4600,666.3247358798981,0.05491604284591526,0.004200120195746422,0.008546277657151222,0.0003249171748757362
4700,679.2043550014496,0.05630557657999624,0.004238637462258339,0.008431800603866578,0.000316852405667305
4800,691.8692698478699,0.05502208137465916,0.004264948964118958,0.008344620428979398,0.00030905455350875853
4900,704.3981223106384,0.05344782534559947,0.004213906899094582,0.00847105771303177,0.00030525654554367063
5000,715.902331829071,0.047848666729332426,0.004245213232934475,0.008358282409608364,0.0002855533733963966
5100,726.9210233688354,0.055360928019639884,0.0042233972623944285,0.008508634157478809,0.0002751265838742256
5200,738.2628996372223,0.04964942248640689,0.004304954335093498,0.008517877273261547,0.00028238341212272644
5300,749.8519876003265,0.042099047408416135,0.004357039704918861,0.00839294821023941,0.00028613351285457613
5400,761.0223276615143,0.04922262010814516,0.004281153939664364,0.008443195708096027,0.0002755254879593849
5500,772.2108092308044,0.04841062780654275,0.004357564561069012,0.008415481261909007,0.00027690533548593524
5600,784.7760696411133,0.05486780564909976,0.004270514109068447,0.008382739917271669,0.00030948797033892737
5700,796.8939487934113,0.04153469640092258,0.004385716877877712,0.008365546129643917,0.0003011060133576393
5800,808.5304186344147,0.04438253973160142,0.0042157207801938055,0.00839756652712822,0.00028821226209402084
5900,821.302491903305,0.04902204860066305,0.004224123694002629,0.00835930984467268,0.0003135841339826584
6000,839.2055780887604,0.04453719211390733,0.004237582162022591,0.008387838341295719,0.0004340821504592895
6100,857.9612386226654,0.044319270138703536,0.0043329793214797975,0.008486230075359345,0.00045821230858564374
6200,876.7924003601074,0.04335625760206107,0.004345938004553318,0.008419683203101158,0.0004609278589487076
6300,890.3942940235138,0.04584723171714906,0.004213175997138024,0.008512637130916118,0.00033806681632995604
6400,902.5388131141663,0.03876450965012737,0.004237346015870571,0.00842513669282198,0.0003018887713551521
6500,914.6406843662262,0.047626933489542334,0.004224123060703277,0.008362221196293831,0.0003013109415769577
6600,926.5726861953735,0.04072369812733106,0.00423347145318985,0.008608461059629917,0.00030028488487005234
6700,939.5056405067444,0.04257457062984644,0.004334301427006721,0.008364799655973911,0.0003160806745290756
6800,951.2905519008636,0.045124347813663146,0.004270052053034306,0.008555381819605827,0.0002976366505026817
6900,962.8649735450745,0.040510126230919034,0.004234432242810726,0.008353935554623604,0.0002973756194114685
7000,974.2984852790833,0.044051451234285215,0.004229421988129616,0.008276314958930015,0.0002929281443357468
7100,987.1356294155121,0.03979847998222056,0.004230724200606346,0.008568597324192524,0.00032281089574098587
7200,999.7031683921814,0.04070771353968212,0.004265387058258057,0.008705083094537259,0.00031534943729639054
7300,1011.5354750156403,0.03818456735257212,0.004261591918766499,0.00844897098839283,0.0003007548302412033
7400,1024.4932157993317,0.0400857031966697,0.004399469383060932,0.008425586707890034,0.00032629191875457766
7500,1056.4821517467499,0.038228007008265015,0.004324725680053234,0.008509439527988433,0.0008014581352472305
7600,1086.302128791809,0.04213540821449404,0.004180193096399307,0.00838696550577879,0.0007519404962658882
7700,1097.2223193645477,0.04074828954842423,0.004261021204292774,0.008448875918984413,0.0002775723487138748
7800,1108.4624755382538,0.03893192441714103,0.004262512922286988,0.008438777066767216,0.00028394915163517
7900,1119.8288524150848,0.03452879071680707,0.004251068010926246,0.008437563441693783,0.00028637852519750593
8000,1131.21790933609,0.034467537669741685,0.0043561761826276775,0.008421334065496921,0.00028355222195386887
8100,1142.729810476303,0.035591095464114895,0.004312613867223263,0.008420944586396218,0.00028460782021284104
8200,1154.2605137825012,0.032896967741601134,0.004208423160016537,0.008540246225893498,0.0002876141294836998
8300,1165.1163985729218,0.025747088235167928,0.004256439656019211,0.008569790422916413,0.00026739787310361865
8400,1174.7687129974365,0.03609615888129844,0.004303341619670391,0.008474848642945289,0.00023426786065101625
8500,1184.6185853481293,0.03552706809514966,0.00413878820836544,0.008437418825924397,0.0002406942844390869
8600,1194.5700602531433,0.029048766719392143,0.004327083565294742,0.008437693156301974,0.000245659202337265
8700,1203.8891243934631,0.037191284869382876,0.004234573319554329,0.008541776724159717,0.00023009605705738068
8800,1213.2206423282623,0.03246204428049614,0.004297408387064934,0.008471649214625359,0.00023025069385766982
8900,1224.2317185401917,0.029403693961106293,0.004248776994645595,0.008462610580027103,0.0002699216455221176
9000,1234.191508769989,0.03372826149831356,0.004248837195336819,0.008537810891866685,0.00024139374494552612
9100,1245.1594576835632,0.03393784704296038,0.00422369010746479,0.00840418815612793,0.0002661089226603508
9200,1255.5836298465729,0.028291290945594735,0.004366346932947636,0.008463393300771713,0.00025096468627452853
9300,1265.5786838531494,0.036044893149523444,0.004232904314994812,0.008449356406927108,0.00024239815771579743
9400,1275.5059764385223,0.030769685475039076,0.004225447289645672,0.008482921160757542,0.0002399079129099846
9500,1286.4122173786163,0.030262668806496668,0.004193728230893612,0.008444883599877358,0.00027149662375450137
9600,1297.788628578186,0.03491345717173831,0.004288883358240128,0.008481975570321083,0.0002893245592713356
9700,1309.2364695072174,0.028688669702066592,0.004307640008628369,0.008417496010661125,0.00028995975852012633
9800,1320.4988148212433,0.03255122238796887,0.0043009334057569504,0.00851634304970503,0.0002847503498196602
9900,1331.7258155345917,0.03408787032864921,0.0041531120985746385,0.00834998469799757,0.0002867283672094345
10000,1342.7755241394043,0.029596251497141603,0.004345990233123303,0.00841028217226267,0.0002813093736767769
10100,1353.543890953064,0.02603476640769104,0.004189940802752971,0.008351878933608533,0.00027448032051324844
10200,1365.3573243618011,0.036085894434966966,0.004154636822640896,0.008393560871481895,0.0002981819584965706
10300,1376.6132695674896,0.027691318110754606,0.004294521771371364,0.00856014970690012,0.0002866745740175247
10400,1398.6837615966797,0.031680982202040325,0.004190012812614441,0.008489707186818123,0.0005549295246601105
10500,1411.741402387619,0.028627617139666047,0.004333546757698059,0.008408716209232807,0.0003264752775430679
10600,1423.5938613414764,0.029420697696584053,0.004192676171660423,0.008539655543863774,0.00029716208577156066
10700,1434.9109871387482,0.029363954961225333,0.004214489534497261,0.008455046378076076,0.0002806352823972702
10800,1446.8177156448364,0.02492044127740772,0.004377945400774479,0.00843430608510971,0.0002944350615143776
10900,1458.5236401557922,0.031009987652156665,0.004144439585506916,0.00838360793888569,0.0002905091270804405
11000,1469.8802037239075,0.028323607144197717,0.004263731613755226,0.008512128293514252,0.000272228978574276
11100,1485.4174163341522,0.023956957522525975,0.004197472114529875,0.008476055384510095,0.0003389257192611694
11200,1494.018262386322,0.02888834092800826,0.004225773401558399,0.008409600146114827,0.00017767980694770812
11300,8693.629379034042,0.02580394654761643,0.004278044626116753,0.008510628305375577,0.00018532034009695054
11400,8706.15525650978,0.02758994502074323,0.0043310349434614185,0.008492853306233884,0.0002523524314165115
11500,8718.148337364197,0.028835205873056928,0.004254603870213032,0.008453687094151974,0.0002479884773492813
11600,8730.201910972595,0.02545720778111562,0.004284116998314857,0.008444144316017628,0.0002471255138516426
11700,8741.927847385406,0.026018721520063893,0.004269869849085808,0.008587050139904023,0.000246327742934227
11800,8753.67249917984,0.024613525013970725,0.004291868321597576,0.008444114290177822,0.00024577349424362185
11900,8765.633918762207,0.02210292066632334,0.004280191697180271,0.008387351892888546,0.0002464432641863823
12000,8777.523597240448,0.023226163816709677,0.004266824387013912,0.008560773842036724,0.00024592127650976183
12100,8789.39318728447,0.025004267750177896,0.004395039826631546,0.008397199399769305,0.0002463224157691002
12200,8801.219203948975,0.021663422018254632,0.004275472089648247,0.008454711511731147,0.00024529997259378436
12300,8812.962767601013,0.021876076725065526,0.004216287545859814,0.008462261073291302,0.00024497319012880327
12400,8824.760512113571,0.02841851696751575,0.0042111117020249365,0.008331626951694489,0.0002458237111568451
12500,8836.864473342896,0.025495642206988002,0.004288328066468239,0.008289369866251945,0.0002473009750247002
12600,8848.92545247078,0.021533642446398736,0.00425300307571888,0.008477118872106075,0.00024638354778289796
12700,8860.986433029175,0.02336112111432747,0.004261461161077023,0.008369574546813965,0.0002452768385410309
12800,8872.911600351334,0.022916734449872557,0.004332731403410435,0.008482927456498146,0.0002453421801328659
12900,8884.623819589615,0.025247121416340113,0.00420595895498991,0.008608763590455055,0.0002453193813562393
13000,8896.039551734924,0.026124579058060905,0.004288594163954258,0.008338886313140392,0.0002460275217890739
13100,8907.451595783234,0.02400663391977252,0.0043660071864724155,0.00837056640535593,0.00024633817374706266
13200,8919.259114980698,0.0213278721441715,0.004072868041694164,0.008350835293531417,0.00024634815752506257
13300,8931.02829003334,0.02396975283445089,0.004242464862763882,0.008495780266821384,0.00024549271911382674
13400,8942.996278762817,0.01735159024547396,0.004244538396596909,0.008556942716240882,0.00024642463773489
13500,8954.827725410461,0.023853481552343733,0.004275476410984993,0.008412445150315761,0.0002467498183250427
13600,8966.626465320587,0.018729022285396614,0.004148262590169907,0.008458878993988037,0.0002457331120967865
13700,8978.48602437973,0.02061393071043776,0.004272020123898983,0.008481764420866966,0.0002463576942682266
13800,8990.321657419205,0.02130446606143616,0.004330211281776428,0.008385044038295746,0.0002455581352114677
13900,9002.407786130905,0.02272703709688157,0.004363692477345467,0.00849711574614048,0.00024636466056108473
14000,9014.42699956894,0.015003464386758583,0.004234153255820275,0.008434327021241188,0.0002459615468978882
14100,9026.305507659912,0.01878756335225802,0.004322800822556019,0.008539310358464718,0.00024570289999246596
14200,9038.019693613052,0.014392125366861934,0.004262609742581845,0.008523778803646565,0.00024579614400863645
14300,9049.721674442291,0.01830831178664569,0.00423282016068697,0.008501945026218892,0.0002452924847602844
14400,9061.367023944855,0.024142525541950618,0.004246469140052795,0.008475804142653942,0.0002449433878064156
14500,9073.073380231857,0.020873301635626115,0.004139651842415333,0.008344673290848733,0.0002461472898721695
14600,9084.694456338882,0.014984476325376452,0.004314017593860626,0.00831618394702673,0.00024456914514303207
14700,9096.388710975647,0.01733885916929361,0.004321902729570865,0.008348705396056175,0.0002454995736479759
14800,9107.986372232437,0.01886817766937148,0.004384473413228989,0.008627808168530465,0.0002443219721317291
14900,9119.504730701447,0.014855165738988691,0.00424081452190876,0.008423614464700222,0.0002446960657835007
15000,9131.0417034626,0.017951856422039933,0.004204972684383392,0.008409814536571502,0.00024486772716045377
15100,9142.567267894745,0.014522445047278572,0.004182506315410137,0.008303452245891095,0.00024348605424165726
15200,9154.141105175018,0.01676746015123607,0.004194971472024918,0.00854644887149334,0.00024513337761163713
15300,9165.793875455856,0.017129609505233873,0.004204288013279438,0.008334622047841548,0.000245121531188488
15400,9177.468869686127,0.017628608595006978,0.004231246449053288,0.008564594462513923,0.0002445811405777931
15500,9189.165459394455,0.013091650035427737,0.004281226694583893,0.008552047312259675,0.00024381332099437713
15600,9200.903467655182,0.01798588621951355,0.004357114024460315,0.008457370698451996,0.0002450362592935562
15700,9212.666907310486,0.02182986957990984,0.004256109893321991,0.008503203168511391,0.0002455329895019531
15800,9224.382174491882,0.0152612966944381,0.004216028153896332,0.00848620630800724,0.0002454860508441925
15900,9236.026911735535,0.014877619423360425,0.004265128560364246,0.00848720047622919,0.0002447614818811417
16000,9247.7099878788,0.01714882377818041,0.004233981445431709,0.008584635034203529,0.0002455371990799904
16100,9259.34614443779,0.017686293281719747,0.004281731955707073,0.00837379265576601,0.0002451835200190544
16200,9270.934327602386,0.015716581508986895,0.004282095581293106,0.008488032631576062,0.0002455444261431694
16300,9282.522108078003,0.01871505679450999,0.004262243062257766,0.00837502233684063,0.0002452054247260094
16400,9294.065876960754,0.012791853845884294,0.0042611538618803025,0.00839967779815197,0.0002431732788681984
16500,9305.60630941391,0.010979932867791779,0.004165457934141159,0.008457242250442506,0.00024399857968091966
16600,9317.812874794006,0.016797430231086926,0.004255197329653631,0.008596208724710673,0.0002505056435863177
16700,9329.6099255085,0.013759507279005155,0.004342913553118706,0.0083724744617939,0.00024306621402502059
16800,9341.45791554451,0.016937881608523,0.004248475506901741,0.00850263174623251,0.0002431277185678482
16900,9353.250550031662,0.015246986413832066,0.004281655065715313,0.008591714203357697,0.0002428145706653595
17000,9365.079054355621,0.017332512119429083,0.004289741478860378,0.008512172885239123,0.00024357717484235764
17100,9376.904522418976,0.013211000255511682,0.0042551526054739955,0.008277347348630427,0.00024328891187906266
17200,9388.783291339874,0.015354774080910738,0.004344491921365261,0.008407120257616044,0.00024392779916524888
17300,9400.55355501175,0.014285252177521988,0.004202876947820186,0.008401117846369743,0.00024412985891103745
17400,9412.289036750793,0.011845019799144357,0.0043670166656374935,0.00839892242103815,0.00024307798594236374
17500,9424.040637016296,0.014996407020498476,0.004210978224873543,0.008409593179821968,0.00024310454726219176
17600,9435.754920005798,0.0122161237099847,0.004262658096849919,0.008423574790358544,0.00024341899901628495
17700,9447.334754705429,0.01695927035457008,0.00418281652033329,0.008448665887117386,0.00024357199668884278
17800,9459.066314458847,0.012497492176897577,0.004191168285906315,0.00850529856979847,0.00024355389177799225
17900,9470.788127660751,0.013082124519978986,0.0042043419182300566,0.008446674719452858,0.00024257279932498932
18000,9482.524772644043,0.01103288047267976,0.004309621267020702,0.008331308253109454,0.0002423521876335144
18100,9494.267253398895,0.015093760210835113,0.0042376210540533065,0.00844150796532631,0.00024330366402864457
18200,9506.001861095428,0.012612792065518156,0.004312155693769455,0.008474295139312743,0.00024233926087617873
18300,9517.763935565948,0.013732046451599438,0.00427423257380724,0.008435592614114284,0.00024230670183897018
18400,9529.57263302803,0.012057895776794125,0.0042760646715760235,0.00841335441917181,0.00024363555014133453
18500,9542.262127637863,0.013321495996124174,0.004265634939074516,0.0086177022382617,0.0002520348131656647
18600,9554.507498979568,0.010949669962337902,0.004421137832105159,0.008449340127408505,0.00025129791349172594
18700,9566.689860105515,0.009534941632036824,0.00426168892532587,0.008465087115764618,0.0002480894699692726
18800,9579.328788042068,0.012218143521930203,0.004290793798863888,0.008363102152943612,0.00025798778980970385
18900,9591.212332725525,0.012361697010724542,0.004275701083242893,0.008513791970908641,0.00024528991430997847
19000,9603.025154352188,0.012786340337889265,0.004313825257122516,0.008424079939723016,0.00024570658802986145
19100,9614.726303100586,0.015913599474330877,0.004196058958768845,0.008466012217104435,0.0002453083172440529
19200,9626.434902906418,0.011804343768645803,0.004297766499221325,0.008502919860184192,0.0002445998415350914
19300,9638.162716388702,0.012994121716961092,0.004284211210906505,0.008563607707619667,0.0002459611743688583
19400,9649.989331960678,0.012491088378355076,0.004320528134703636,0.008449400514364243,0.00024507198482751844
19500,9661.694871902466,0.01651354225469611,0.004234803579747677,0.008432014212012291,0.0002454542368650436
19600,9673.199825048447,0.010564943765480322,0.004297612234950066,0.008586428686976432,0.00024580981582403186
19700,9684.76662349701,0.01329478995695147,0.004280253574252129,0.008474668450653554,0.0002454566955566406
19800,9696.355242013931,0.012173714522033119,0.004176507070660591,0.00836621254682541,0.00024599451571702955
19900,9707.924195289612,0.013488689311476414,0.004245819710195065,0.008451192118227481,0.00024555232375860213
20000,9719.507363796234,0.010980322268969063,0.004280408136546612,0.00848014697432518,0.0002450181916356087
20100,9731.06331729889,0.013826731283246477,0.004285306744277477,0.00834293507039547,0.0002453579753637314
20200,9742.75584435463,0.011307468740361069,0.004311474971473217,0.00842630721628666,0.0002457555755972862
20300,9754.580040454865,0.008537878402676407,0.0041972163692116735,0.008391773477196694,0.00024456262588500976
20400,9766.442024469376,0.007454217658409577,0.0041658483073115345,0.00852422770112753,0.00024411220103502275
20500,9778.248365163803,0.011920757589101829,0.0042367857322096825,0.00843036785721779,0.00024453949183225634
20600,9790.251782655716,0.006126397774568271,0.0043544738367199895,0.008414112217724323,0.00024461902678012847
20700,9802.347742319107,0.007433104989507602,0.004248617738485336,0.008410909362137318,0.00024275746196508407
20800,9814.35309457779,0.011783668105466832,0.0041680892929434775,0.008321931436657905,0.00024438302963972094
20900,9826.344482421875,0.010377957724628583,0.004205489382147789,0.00865866731852293,0.00024438586086034775
21000,9838.350600481033,0.009739581067090717,0.004205767922103405,0.008574655912816524,0.0002450237050652504
21100,9850.338560342789,0.011237269182706334,0.004174938090145588,0.008566483445465565,0.00024466026574373247
21200,9862.360411167145,0.010939823112959778,0.0042464881390333175,0.008278391845524312,0.00024514373391866685
21300,9874.241121768951,0.010278217531075995,0.004212320484220981,0.008459364995360374,0.00024453651160001756
21400,9886.05149435997,0.01230459610361243,0.00429162185639143,0.008539781607687473,0.0002436727285385132
21500,9897.787885189056,0.011924383297853208,0.004248390756547451,0.008446051441133022,0.00024526316672563554
21600,9909.59360408783,0.010056455413255658,0.004274252057075501,0.008364136889576912,0.00024460937827825547
21700,9921.345696210861,0.011606331210527114,0.004191463440656662,0.008378564491868018,0.00024497803300619123
21800,9933.140494585037,0.008637072083175736,0.004297507740557194,0.008538365662097931,0.00024437651038169863
21900,9945.06696343422,0.010074235746506571,0.004288979023694992,0.008536580204963683,0.00024332404136657716
22000,9957.002341985703,0.0097406157614883,0.004295201823115349,0.008370348811149597,0.0002438664808869362
22100,9969.524253368378,0.014155299651148928,0.004143858866559133,0.008418077743715708,0.0002593487376968066
22200,9981.467495203018,0.009280515751261056,0.004228599295020103,0.008459737375378609,0.0002511454001069069
22300,9993.642736911774,0.012150334826728837,0.004269345626235008,0.008492127358913422,0.0002544153854250908
22400,10005.740557193756,0.016427023230065983,0.00431934479624033,0.008454051055014133,0.000252099335193634
22500,10017.782243728638,0.008654769246899209,0.004179331958293914,0.008511365093290806,0.0002508282661437988
22600,10029.848655462265,0.009361663007582842,0.004247271865606308,0.008545429147779941,0.00025019455701112746
22700,10054.545436143875,0.007710965923027549,0.00421967975795269,0.00850155521184206,0.0005557861179113388
22800,10066.548843383789,0.011090274361521353,0.00430442813783884,0.00844850242137909,0.0002490326389670372
22900,10078.525555849075,0.011156696840014281,0.004396336376667023,0.00839797269552946,0.00024898752570152283
23000,10095.31633067131,0.008167355703996881,0.004208863452076912,0.008587690070271492,0.00036201905459165573
23100,10102.696203231812,0.007240507018154516,0.004275373257696629,0.008410253599286079,0.00014599122107028962
23200,10110.86278629303,0.0075737172008736664,0.004245340786874294,0.008516216203570365,0.00016838710755109787
23300,10119.10629248619,0.006973313123500675,0.004196238741278648,0.00838577836751938,0.00017112009227275847
23400,10127.145954608917,0.007412514160888515,0.004319737069308758,0.008414331823587418,0.00016527462750673294
23500,10135.185196399689,0.009768429893588802,0.004164608418941498,0.00844533946365118,0.00016559619456529617
23600,10143.41235256195,0.01093234494291515,0.004222698658704758,0.008383257240056992,0.0001691306009888649
23700,10151.353752613068,0.00912744789193007,0.004296741858124733,0.008524651862680912,0.0001634504273533821
23800,10159.484876871109,0.005595635674178423,0.004310209564864636,0.008394144289195538,0.00016790155321359636
23900,10167.682703971863,0.009846680535896619,0.004222713932394981,0.008625739440321922,0.0001697579026222229
24000,10176.040869951248,0.009414950454995762,0.004246353209018707,0.008495298102498055,0.0001738356426358223
24100,10183.953846216202,0.007605349062566098,0.004253357388079166,0.00842116616666317,0.00016936276108026505
24200,10191.876336812973,0.010973118959684159,0.004306777976453304,0.008345365859568118,0.00016905348747968673
24300,10199.54070019722,0.007537153913289218,0.004193968884646892,0.008400903902947903,0.00016524609178304674
24400,10207.56159567833,0.006550156828867944,0.004386989288032055,0.008481709286570549,0.00016668524593114854
24500,10215.870180130005,0.007407232430809613,0.004193335957825184,0.008534711115062236,0.00017403367906808852
24600,10224.21250963211,0.009293514097033193,0.004325207062065601,0.008508373238146304,0.00017200350761413573
24700,10232.56999206543,0.008082761463608092,0.004334391728043556,0.008450418040156364,0.00017387818545103073
24800,10240.822401762009,0.009550762152046097,0.004340281561017036,0.008553785681724548,0.0001690792292356491
24900,10248.913779258728,0.012432211413219436,0.004228680208325386,0.008251604698598385,0.00016642291098833083
25000,10256.964592695236,0.00813600012510328,0.004223460182547569,0.008514340408146382,0.00016555804759263993
25100,10265.177962064743,0.012282610428285476,0.004167371913790702,0.008379774391651154,0.0001691252365708351
25200,10273.278109788895,0.008899204334313418,0.00431301049888134,0.008480990156531334,0.00016660109162330627
25300,10281.574740409851,0.008610232860781662,0.004152168445289135,0.008476062640547753,0.00017320167273283005
25400,10289.566900730133,0.010105129613691697,0.004327939152717591,0.008480793498456478,0.00016531001776456833
25500,10297.932469129562,0.007994391814054811,0.0043218409270048145,0.008397015072405338,0.0001761223003268242
25600,10306.39669585228,0.009880083906552945,0.004168380089104176,0.00848891593515873,0.0001769326627254486
25700,10314.627820253372,0.012166053854760873,0.004210451245307922,0.008477169461548329,0.0001694628596305847
25800,10322.807957172394,0.012606040867397217,0.004263343997299671,0.008595870099961758,0.00016793280839920045
25900,10331.10144329071,0.01148592417642208,0.004196808487176895,0.008353541418910027,0.0001703084632754326
26000,10339.418606042862,0.009102652164719748,0.004295008853077888,0.008651365600526333,0.00017069872468709944
26100,10347.580315589905,0.00903899903295662,0.004299327060580254,0.008429156020283698,0.00016737807542085647
26200,10355.999485492706,0.006045019961608442,0.00424191564321518,0.00831987027078867,0.00017375938594341278
26300,10364.14954662323,0.008396095338409236,0.004339376129209995,0.008501020409166813,0.00016617182642221452
26400,10372.336209774017,0.00795892213714325,0.004203548282384872,0.00833946567028761,0.00016489334404468537
26500,10380.653346538544,0.008164220022500843,0.00432684626430273,0.008517123572528363,0.00016945194453001024
26600,10388.739832878113,0.009145393747697999,0.004297682642936706,0.008500405326485634,0.00016521301120519638
26700,10397.218432664871,0.009201014548617414,0.004306894615292549,0.008317532502114772,0.00017375126481056213
26800,10405.409028291702,0.008352683775258987,0.004337234012782573,0.008477345183491707,0.00016766000539064407
26900,10413.78353857994,0.00683426000943431,0.004114152826368809,0.008515561297535897,0.00017095141112804412
27000,10422.295430898666,0.009529378300273372,0.004210299625992775,0.008392558693885803,0.0001761426404118538
27100,10430.576496839523,0.00834581298559681,0.004295494519174099,0.008390490673482418,0.00017156224697828293
27200,10437.920199871063,0.00841667140611263,0.004379375614225864,0.008408093936741351,0.00015030361711978912
27300,10445.252227544785,0.006795534582256813,0.004300479143857956,0.008392318412661552,0.00015031445771455766
27400,10452.542450428009,0.006751559971900567,0.0041776056215167045,0.008469773456454277,0.00014907415956258774
27500,10459.972393989563,0.00876829823077247,0.0042732485011219975,0.008352329470217228,0.00015294134616851806
27600,10467.26264333725,0.0060461078473342846,0.0042188504586617125,0.008347349547677567,0.00015067182067367765
27700,10474.326900482178,0.007273417017575199,0.004257244430482388,0.008321066722273826,0.00015438180416822435
27800,10481.343116760254,0.007309389043712506,0.004307292513549328,0.00856127057224512,0.0001535370945930481
27900,10488.229064702988,0.007913355083776871,0.004227701015770436,0.008350661620497704,0.00014965623617172242
28000,10495.043253183365,0.005902482860448302,0.004214317165315151,0.008405152671039105,0.0001481487601995468
28100,10501.931431293488,0.007694594342213423,0.004303878918290138,0.00839194007217884,0.00014995243400335313
28200,10508.769722938538,0.010478770428317902,0.004265984855592251,0.008551093488931657,0.00014873426407575608
28300,10515.856990337372,0.006345922236312858,0.004384631589055062,0.008478246070444584,0.0001549064740538597
28400,10522.754544973373,0.015310934469682742,0.004120815321803093,0.008434293679893018,0.00015058152377605438
28500,10529.634714126587,0.0060123211229447995,0.004298723936080932,0.00835457794368267,0.00014988958835601807
28600,10536.733668088913,0.005665832136248792,0.004212508387863636,0.008557976298034191,0.00015630070120096207
28700,10543.66701555252,0.007688063715961255,0.004344128184020519,0.008442549034953117,0.00015168573707342148
28800,10550.526272296906,0.009752250734735264,0.004200287498533726,0.008513722866773606,0.0001496312767267227
28900,10557.489187955856,0.006501760890784498,0.0043037630990147594,0.008423217497766018,0.00015196297317743301
29000,10566.911648750305,0.007771777379602927,0.004317683205008507,0.008523969314992427,0.00019227389246225356
29100,10579.38631939888,0.005336521634560225,0.004299248456954956,0.008389860913157464,0.0002625172212719917
29200,10589.847034931183,0.007443771298057473,0.004277076199650764,0.00849865522235632,0.00021732352674007414
29300,10597.664286613464,0.007097322724304749,0.0042904488369822505,0.008410727754235268,0.00016836658120155334
29400,10605.433237314224,0.008762234919161543,0.004342362247407436,0.008453815914690495,0.00016881313174962998
29500,10612.996993541718,0.008363546715446426,0.004221493415534496,0.008491459377110004,0.00016337025910615922
29600,10620.82046675682,0.008536664916692914,0.00431100320070982,0.008585699908435345,0.0001673411950469017
29700,10629.748660326004,0.005690107121335937,0.004301560036838055,0.008394165597856044,0.0001904628798365593
29800,10638.441883087158,0.00914992183071919,0.00419882245361805,0.008451908603310585,0.00018020309507846833
29900,10647.401774168015,0.006506348020213198,0.0041773621737957005,0.00848927803337574,0.00019145362079143525
30000,10655.280331134796,0.011282589552113285,0.00425751268863678,0.008542405478656291,0.00016194604337215423
30100,10663.734825611115,0.009368042577291737,0.004171726293861866,0.008570777997374535,0.00018110543489456178
30200,10672.572737932205,0.010153539285406393,0.004320618584752083,0.008449748679995537,0.00018865205347537995
30300,10681.821338891983,0.004694140203846195,0.004274511486291885,0.008621581383049488,0.00019654590636491775
30400,10691.853893756866,0.008980470698756255,0.004260751046240329,0.00848713707178831,0.0002026453986763954
30500,10700.75644159317,0.005282271299679271,0.004221761226654052,0.008442005217075348,0.00018524933606386184
30600,10711.079364538193,0.0064305210581911765,0.004385058507323265,0.008344419002532959,0.00021019890904426573
30700,10721.236092567444,0.00936293576448261,0.004260321818292141,0.008469114638864994,0.00021009385585784912
30800,10730.747441530228,0.005391682179791333,0.004210915826261044,0.008464742824435234,0.00019318748265504838
30900,10740.083417892456,0.004837136246580411,0.004211778081953526,0.008472653776407242,0.00019333526492118836
31000,10749.369300603867,0.006586629780433637,0.004323901273310184,0.00844326950609684,0.0001920551061630249
31100,10758.303964853287,0.007379148752171445,0.004255214221775532,0.008439388386905193,0.00018442608416080475
31200,10767.83755159378,0.006159513313139009,0.004268256090581417,0.008419911824166775,0.0002019614726305008
31300,10776.551821947098,0.004833300289654936,0.004142122380435467,0.008340392783284188,0.00018596306443214417
31400,10785.500626564026,0.008422365086192747,0.004125364013016224,0.008506237827241421,0.0001920178532600403
31500,10794.204795598984,0.00899754218640344,0.004219360388815403,0.00853939812630415,0.00018617331981658934
31600,10803.99310016632,0.006363986574671425,0.0041606006398797035,0.008367731608450413,0.00021343566477298735
31700,10814.653651714325,0.006318465198154515,0.004215532802045345,0.008319630622863769,0.00021981395781040192
31800,10826.36650133133,0.00789883531327401,0.004230210185050964,0.00839495662599802,0.00022912390530109407
31900,10837.506458044052,0.006214796604883852,0.004264269135892391,0.008522096872329712,0.0002238382026553154
32000,10847.59753870964,0.00867533221464132,0.0043434595316648485,0.008513291776180267,0.0002060113474726677
32100,10858.02132320404,0.008047228606364032,0.004223739132285118,0.008357199393212795,0.00021348878741264343
32200,10866.703097343445,0.007995767103347326,0.004248059317469597,0.008445586152374744,0.00017988424748182296
32300,10883.320930480957,0.00509892239039883,0.004241861589252949,0.00843212816864252,0.00033684901893138886
32400,10895.28101682663,0.009367581423255063,0.004252954795956612,0.008438195995986462,0.0002472759410738945
32500,10906.780224561691,0.008255233587871738,0.004316327422857285,0.008321927487850189,0.00024247903376817704
32600,10917.948968410492,0.007733236403733031,0.004329812973737717,0.00853780660778284,0.00023780159652233123
32700,10929.503957033157,0.008457448636614984,0.004276682734489441,0.008527149632573127,0.0002421581745147705
32800,10939.169130086899,0.007719268890524294,0.0042794525995850565,0.008368365541100502,0.00019731074571609496
32900,10948.171934127808,0.003942383510637533,0.004194148704409599,0.008271933533251286,0.00018619801849126816
33000,10971.191310882568,0.008083747863828207,0.004314614795148373,0.008498735316097737,0.0005148176103830337
33100,11001.234937667847,0.007246457396227384,0.004283823938005496,0.008565852195024487,0.0006740509677264425
33200,11008.7648062706,0.009801925232136036,0.004279652982950211,0.008268529325723648,0.00015839479863643646
33300,11016.679659366608,0.0076329433542710245,0.004231371209025383,0.008457079902291298,0.00016807522624731063
33400,11024.5587849617,0.0073340009844560065,0.0043537475913763045,0.008497717455029488,0.00016881842166185378
33500,11031.738450288773,0.004600169748856786,0.004233823716640472,0.008452290371060371,0.00015121985226869582
33600,11039.443446397781,0.005048464701876292,0.004252154566347599,0.008479543253779412,0.00016187187284231186
33700,11048.284806489944,0.00709769013166625,0.004294182173907757,0.008454781882464886,0.00018637601286172867
33800,11060.01738357544,0.004658352185233288,0.004177207350730896,0.008423684313893318,0.0002450774610042572
33900,11071.518328666687,0.00791083249545277,0.004116898290812969,0.008538291789591312,0.00024175062775611878
34000,11083.011970758438,0.0033682683540621184,0.004271127283573151,0.008540063574910163,0.00024246957153081894
34100,11094.807411432266,0.005476245007024543,0.004268347099423408,0.008526020273566247,0.00024481963366270067
34200,11106.514632701874,0.007489859280655855,0.0043369150161743164,0.00840830348432064,0.00024206377565860748
34300,11117.998453855515,0.0059641005133845735,0.004259798638522625,0.008394344262778759,0.00024009522050619125
34400,11129.720627784729,0.007818948337080299,0.004247244112193584,0.008529010452330113,0.00024317380040884018
34500,11137.800881147385,0.004033760123034627,0.004284589290618896,0.008535682335495948,0.00017393339425325393
34600,11145.28014922142,0.005321213141951889,0.004263809435069561,0.008383382260799408,0.00016451567411422728
34700,11152.645727157593,0.006019942979299551,0.004200958572328091,0.00839750774204731,0.00015803173184394836
34800,11159.917169094086,0.009519120146437125,0.004310694895684719,0.008410427793860436,0.0001559341698884964
34900,11167.236843824387,0.006149654650644036,0.004335319884121418,0.008394991271197796,0.00015847641974687577
35000,11174.596808671951,0.0055907223572245045,0.004200473763048649,0.008434748500585556,0.00015826206654310227
35100,11182.63134431839,0.009451340943687608,0.0042398543283343314,0.008570928983390331,0.00017551328986883163
35200,11190.511917591095,0.004662887174887451,0.004255808293819428,0.008612204790115357,0.0001734919473528862
35300,11198.619334936142,0.006213828964860635,0.004149018041789532,0.008478153347969055,0.00017821736633777619
35400,11206.597323417664,0.004311775057335352,0.0041584595292806625,0.008464631661772727,0.0001738669350743294
35500,11214.25686097145,0.006443833884751984,0.004119788557291031,0.008318528048694134,0.00016676846891641617
35600,11222.507054328918,0.005870014455905157,0.004135255515575409,0.008370529375970364,0.00017669253051280976
35700,11230.82380437851,0.004563288572444244,0.00421552773565054,0.00828127171844244,0.00017394062131643296
35800,11239.111221551895,0.005240195015351874,0.0043202732875943185,0.008474656715989112,0.00017368372529745103
35900,11246.517675161362,0.00495549932582005,0.004290631078183651,0.008385242559015751,0.00015389595180749892
36000,11255.441784620285,0.007488319152545624,0.004256973266601563,0.008374132066965103,0.0001887751743197441
36100,11264.147092103958,0.009149158819101375,0.00433023065328598,0.00840243898332119,0.0001852579414844513
36200,11275.085362195969,0.007251598693874852,0.004330219104886055,0.008427972830832004,0.0001651432365179062
36300,11282.945584535599,0.005342861306411677,0.004299437962472439,0.008516855277121068,0.00016899500042200089
36400,11290.642097949982,0.006363545817718402,0.004220947176218032,0.008489057309925557,0.0001647711917757988
36500,11298.536843538284,0.008456810982567125,0.004185495525598526,0.008369095884263515,0.000172395296394825
36600,11306.547169685364,0.0051158121147212325,0.004238643050193787,0.008531907685101031,0.00017441131174564362
36700,11314.556815862656,0.005105753871947774,0.004279567934572697,0.008411802873015404,0.00017643939703702925
36800,11322.641042232513,0.009023853565977234,0.0041839202120900155,0.008342144787311554,0.0001778567209839821
36900,11330.628964424133,0.006217306304252426,0.0042985456436872484,0.008558260686695575,0.00017727654427289962
37000,11338.396679639816,0.005517561288787598,0.004236145131289959,0.008559287004172801,0.00016947198659181595
37100,11346.632361650467,0.005637428617115245,0.004228488616645336,0.008439636975526809,0.00018101323395967484
37200,11354.894632816315,0.007667141369344814,0.004277048297226429,0.008430304564535617,0.00018176104873418808
37300,11363.419819116592,0.0068981038162334585,0.004191144928336143,0.008446228355169297,0.00018811333924531937
37400,11371.035551071167,0.006185991281529253,0.0043316702917218204,0.00847034078091383,0.0001671835407614708
37500,11379.113447666168,0.0071735263155779,0.004195822700858116,0.008519524596631528,0.00017348993569612503
37600,11386.895355463028,0.007992298284896157,0.004360901117324829,0.008515575006604194,0.00017055001109838485
37700,11394.850598096848,0.006399781284203396,0.004325390197336674,0.008383281603455544,0.0001762634515762329
37800,11405.73815369606,0.007693488022393145,0.004398686736822128,0.008389608673751355,0.0002376323565840721
37900,11417.391428947449,0.003429198814975578,0.004217546992003917,0.008476706147193909,0.00025129493325948716
38000,11439.569758415222,0.006755269411099094,0.0043188055604696275,0.0085812072083354,0.0004979890957474708
38100,11478.170601844788,0.004979373980727433,0.004302149899303913,0.008309720866382122,0.0008842649310827255
38200,11489.277170419693,0.005597080364604184,0.004340597242116928,0.008385016061365604,0.0002468699589371681
38300,11509.623256921768,0.0038683078225098732,0.004316672720015049,0.008487088941037654,0.0004565178230404854
38400,11548.982830524445,0.008087919702849675,0.004346069358289242,0.008512079045176505,0.0009045504778623581
38500,11587.622727394104,0.0051030449242795385,0.004167987704277038,0.008501665517687797,0.0008913202956318855
38600,11601.572882652283,0.006118659088341749,0.004374777211083303,0.00853587004459566,0.00030995424009031724
38700,11609.238759994507,0.003339511614846147,0.004285257756710053,0.00854703400284052,0.0001667434349656105
38800,11617.53870511055,0.004237867605107866,0.004226874150335788,0.00840792965143919,0.00018254976719617844
38900,11625.245301008224,0.008388761221089622,0.00424645259976387,0.008468628041446208,0.00016723234206438063
39000,11632.907246351242,0.008022524702509127,0.004327485673129559,0.008622854538261891,0.00016840066760778427
39100,11640.784266233444,0.007013325614576784,0.00427094042301178,0.008548062518239022,0.000171998031437397
39200,11648.096930027008,0.006559860264560076,0.004214226678013802,0.008435611948370933,0.0001599624380469322
39300,11655.510588407516,0.004814843751587734,0.004285293929278851,0.008471412360668182,0.00016204454004764557
39400,11663.168622016907,0.006172361562813183,0.004330610148608685,0.008528608120977879,0.00016950204968452454
39500,11670.738666534424,0.005487289415860557,0.0043376671522855756,0.008345536291599273,0.00016373693943023683
39600,11678.215895414352,0.007916683174882208,0.0043145383521914485,0.008332490585744382,0.0001649138331413269
39700,11685.885863304138,0.008154698056866957,0.0041960407793521885,0.008456648513674735,0.00016617488116025926
39800,11693.08946275711,0.00825183220890949,0.004317348971962929,0.00840396385639906,0.00015923205763101577
39900,11700.95009636879,0.00552490415272707,0.004149981811642647,0.008451449610292911,0.00017158694565296172
40000,11714.634333133698,0.006583832593211263,0.004341799840331078,0.008496183641254903,0.00030311405658721923
40100,11722.920557975769,0.004253008630206529,0.004260684549808502,0.008472105488181114,0.00018042784184217454
40200,11730.731460571289,0.002602612070050141,0.00424606516957283,0.008335167691111565,0.00016724176704883576
40300,11739.146239757538,0.004836553889055666,0.0043580539897084235,0.008585750423371792,0.00018267758190631866
40400,11747.489926099777,0.004619098155333432,0.004358634352684021,0.008240303173661232,0.00018236063420772552
40500,11754.88389825821,0.004021830261408799,0.004293481670320034,0.008532421588897705,0.00015958189964294434
40600,11762.150386571884,0.007068267863505593,0.0043598957359790805,0.008569489941000938,0.000156935453414917
40700,11769.55466747284,0.004858021082378632,0.004276095926761627,0.008336157165467739,0.0001599753275513649
40800,11776.775588035583,0.003913752027168311,0.004212324172258377,0.008504581749439239,0.0001559925451874733
40900,11784.68001461029,0.0039318115696289554,0.004336281567811966,0.008445455059409142,0.00017161812633275986
41000,11792.189599514008,0.007372219770962784,0.004217699430882931,0.00846259567886591,0.00016229521483182907
41100,11800.120783567429,0.005074466725925928,0.004172166921198368,0.008260321654379368,0.00017364047467708588
41200,11807.77304649353,0.005139560772699849,0.0043380757421255115,0.008451328128576279,0.00016650781035423278
41300,11815.592481136322,0.005169507932510286,0.004276036433875561,0.008532371371984482,0.00016955021768808365
41400,11823.176084041595,0.004122887579540236,0.004203351251780987,0.008546879142522812,0.0001630565896630287
41500,11830.842637062073,0.004679910367760236,0.004242830164730549,0.008444954343140125,0.00016703676432371138
41600,11838.663660526276,0.007411119958307582,0.004268884733319283,0.008406085148453712,0.00017072245478630066
41700,11846.180440425873,0.00461856486851062,0.0042565477266907695,0.008452031388878822,0.00016070876270532608
41800,11853.652532339096,0.007786734731096006,0.004273647107183933,0.00848320797085762,0.00016128875315189363
41900,11861.687936067581,0.005937263070515928,0.004273014776408672,0.008469898700714112,0.00017628036439418793
42000,11869.47435593605,0.005734784645237707,0.004245090410113335,0.00852344885468483,0.00016674805432558058
42100,11876.876946210861,0.007085031139444071,0.004215291328728199,0.008327726870775223,0.00015810471028089525
42200,11884.375039577484,0.006491262024251459,0.004254142791032791,0.008528161086142063,0.00015727106481790542
42300,11892.732823610306,0.0066928968060628955,0.004331646636128426,0.008505533039569855,0.0001782236620783806
42400,11901.813787460327,0.006224206513973167,0.004106236919760704,0.008391481786966325,0.00019625864923000335
42500,11909.92626786232,0.005103599829688879,0.00417376883327961,0.008385867737233639,0.00017227306962013244
42600,11918.500886201859,0.008253615449595368,0.004237469844520092,0.00844155516475439,0.00018554270267486572
42700,11926.241906642914,0.007020264020185598,0.004404449574649334,0.00843921523541212,0.00016366880387067796
42800,11934.124429941177,0.004633845302352815,0.004212367907166481,0.008521629758179187,0.0001677604019641876
42900,11942.60040807724,0.005002716304827095,0.0040995566546916965,0.008453882150352001,0.00018347818404436113
43000,11951.233148813248,0.003651039300393635,0.004367646761238575,0.008369406312704086,0.00018622595816850663
43100,11960.308028459549,0.005794792604827317,0.0041581886634230614,0.00853451918810606,0.00019484151154756547
43200,11969.80840086937,0.0060731659583033145,0.004197086840867996,0.008329696878790855,0.0002026929333806038
43300,11978.24833869934,0.004000531522571033,0.004226978048682213,0.008509232066571712,0.00018062848597764968
43400,11986.255244255066,0.003579490300877375,0.004206829890608788,0.008445610404014587,0.00017145723104476928
43500,11994.679185628891,0.0036343263286193416,0.004163720086216927,0.00842054270207882,0.00018284827470779419
43600,12003.121542930603,0.004925834295836073,0.004270355142652988,0.008396156765520572,0.00017992738634347915
43700,12010.861496448517,0.004587668802552338,0.004343555830419063,0.008473401591181755,0.00016158290207386017
43800,12019.213227033615,0.003672427540315788,0.004285525307059288,0.008496165350079537,0.00017996158450841904
43900,12027.155078411102,0.007165684876362599,0.004274949468672276,0.008489638902246952,0.00016973108053207396
44000,12035.094857931137,0.004429763780815514,0.004218551255762577,0.008326790072023868,0.0001635529473423958
44100,12059.637670755386,0.005885149150081101,0.0042649614438414534,0.008527769719560938,0.0005444458458158704
44200,12097.731312274933,0.00525882747759512,0.0041473665833473205,0.008511495515704156,0.0008750598505139351
44300,12137.018122673035,0.005151579465090692,0.004233843646943569,0.00840440411120653,0.0008954661339521408
44400,12175.56213092804,0.004351139864637199,0.004183655828237534,0.00848885465413332,0.0008815202489495278
44500,12185.487340211868,0.005934868045340209,0.004309326596558094,0.008498382866382598,0.00021480116993188858
44600,12198.40622830391,0.0032386205542828204,0.004194313324987888,0.008495918698608875,0.00027414426207542417
44700,12210.063091278076,0.004110357885734286,0.004243961572647095,0.008421790339052677,0.00024244356900453566
44800,12221.965331554413,0.0026542502683318727,0.0042356129363179205,0.008362298905849457,0.00024638790637254715
44900,12233.776669502258,0.005899585090215791,0.004239390306174755,0.008442625626921654,0.00024539995938539506
45000,12245.80904507637,0.005794153815987124,0.004160499162971973,0.00856856357306242,0.00024782806634902953
45100,12257.574522733688,0.0025612712295517803,0.004364096932113171,0.008524630852043628,0.0002444848045706749
45200,12269.387222766876,0.00534466631267237,0.0042260831966996195,0.00837818369269371,0.0002439369633793831
45300,12281.3798995018,0.006378094237552288,0.004283613339066505,0.00855650369077921,0.00025421518832445143
45400,12293.169447183609,0.006452997695285421,0.004229162931442261,0.008551874682307243,0.0002509179338812828
45500,12304.708732366562,0.004472870723833193,0.004234158359467983,0.008382339850068093,0.0002462977543473244
45600,12316.200824022293,0.0036829769363813302,0.004197434335947037,0.00837715607136488,0.00024496808648109434
45700,12328.046248435974,0.0032484915635481748,0.004363518469035626,0.008356499187648296,0.00024966366589069367
45800,12339.801654815674,0.0058355873970135355,0.0041745642572641375,0.008514627516269684,0.0002492812648415565
45900,12351.572876930237,0.003915411604671004,0.004219468198716641,0.008506829999387264,0.0002493416890501976
46000,12363.418083429337,0.0024703307901639683,0.004256221726536751,0.008381854258477688,0.0002486824616789818
46100,12375.530013561249,0.00681796331677204,0.004272795468568802,0.008419691510498524,0.00025260161608457564
46200,12387.400001049042,0.00436760843929163,0.004289880730211735,0.008410143852233886,0.00024934131652116777
46300,12399.046907424927,0.004163650097078277,0.004208088740706444,0.008350545056164265,0.00024625856429338455
46400,12410.967185974121,0.005666622193135196,0.00425623819231987,0.008620763160288335,0.00024903841316699984
46500,12422.509674549103,0.005473979322291813,0.004225855059921742,0.00842489991337061,0.00024704545736312864
46600,12434.329708814621,0.006580801031784591,0.004297912903130054,0.008686674945056438,0.00025299485772848127
46700,12445.8618350029,0.008462365279341187,0.0042977845668792725,0.008494382612407208,0.00024903487414121625
46800,12457.320786952972,0.003509147241275037,0.004473065733909607,0.008420813903212547,0.0002486630901694298
46900,12468.568427085876,0.003734704840602303,0.004290955401957035,0.008494286723434925,0.0002449963241815567
47000,12479.558648824692,0.004754110604696204,0.004233906418085099,0.008351435661315918,0.0002407601475715637
47100,12490.889065027237,0.005173148629870421,0.004162726998329163,0.00844692550599575,0.00024541061371564866
47200,12502.388273477554,0.004980853737234776,0.004349711686372757,0.008464582748711109,0.00024798572063446046
47300,12513.645861387253,0.003314738784477824,0.004319828189909458,0.008376748375594616,0.000245344415307045
47400,12524.954739570618,0.004091999080337301,0.0042619150504469875,0.008469014652073384,0.00024536292999982834
47500,12536.173965454102,0.002562288276275351,0.004308969601988792,0.008524215668439866,0.0002448512986302376
47600,12547.385791540146,0.005921583307483951,0.004172482192516327,0.008401411697268485,0.0002445463091135025
47700,12558.615586280823,0.005738544890581818,0.004293814115226269,0.008417984284460545,0.00024464935064315795
47800,12570.138899803162,0.006474304732159469,0.004140303432941437,0.008256033025681973,0.000247318334877491
47900,12581.734992265701,0.005416381555247061,0.004278699569404125,0.008409218154847622,0.0002496025338768959
48000,12593.131584405899,0.005952766612103815,0.004300203137099743,0.00848186481744051,0.000246916189789772
48100,12604.339345932007,0.006049437166380322,0.0043757414445281025,0.008343706466257572,0.00024381570518016815
48200,12615.683144569397,0.00451777661844909,0.004275511130690575,0.008464261926710605,0.00024545226246118544
48300,12627.041384220123,0.007764560427129961,0.0043242300674319264,0.008573524728417397,0.00024725988507270816
48400,12638.277072191238,0.006932539768730679,0.004218115136027336,0.008526775613427162,0.0002466559410095215
48500,12649.582135677338,0.005185905005013685,0.004293082058429718,0.00844674240797758,0.0002482037246227264
48600,12660.984212875366,0.0058466486946229445,0.004210550263524055,0.008275553919374942,0.00024769369512796403
48700,12672.510160923004,0.007432700541846959,0.00420268889516592,0.008274772390723228,0.00024937991052865983
48800,12683.798362970352,0.00677688572026583,0.004372595101594925,0.008563337698578834,0.0002446916326880455
48900,12694.856355428696,0.005123671068951776,0.004330222867429257,0.00846624780446291,0.00024197202175855638
49000,12705.92393732071,0.006307095569910868,0.004363704659044743,0.008426362462341786,0.0002426932752132416
49100,12716.973316192627,0.003082853625920334,0.00425046656280756,0.008617807440459728,0.00024134472012519838
49200,12727.971919298172,0.0062753265870558565,0.004196957908570767,0.008503680638968945,0.00024093665182590485
49300,12739.040835857391,0.006230947389318686,0.004223826229572296,0.008391986340284348,0.00024237174540758132
49400,12750.052901268005,0.003599310330300729,0.00426413144916296,0.008458239510655403,0.00024086378514766692
49500,12761.12049627304,0.0076208675758431795,0.004261176735162735,0.00839786347001791,0.00024141155183315276
49600,12772.137113809586,0.0050703632913338525,0.004250775240361691,0.008558979295194148,0.00024149067699909212
49700,12779.606260299683,0.003938487360077998,0.004194407086405489,0.00837456065747473,0.00016112128479613195
49800,12786.622430562973,0.003666426926566604,0.004238969348371029,0.008374124728143216,0.0001543813943862915
49900,12793.746936321259,0.004208142780391151,0.004341676495969295,0.008412249349057675,0.00015524622052907942
50000,12801.094447374344,0.004849464109625014,0.004194828309118747,0.008355798609554767,0.0001606614887714386
50100,12808.170251607895,0.006622611307737642,0.00421478234231472,0.008388555459678173,0.00015510983765125276
50200,12815.411661863327,0.003915095306931225,0.004282928667962551,0.008479341268539428,0.0001600976288318634
50300,12822.568500995636,0.005029561220403718,0.0042124404385685925,0.008446479812264443,0.00015713341534137726
50400,12829.650322198868,0.005484763712763319,0.004165073409676551,0.008470640107989312,0.00015559926629066468
50500,12836.735746860504,0.005996891940272599,0.004230603240430355,0.00851750534027815,0.00015543412417173385
50600,12843.836838722229,0.005428471565167648,0.004213881939649582,0.008452444858849049,0.00015555135905742645
50700,12850.911351442337,0.003440584139380063,0.004322115331888199,0.008445399813354015,0.00015480559319257735
50800,12858.118496894836,0.0022663057755632175,0.004294340945780278,0.008524312637746334,0.00015793446451425552
50900,12865.273628234863,0.0030736178953776026,0.00422070398926735,0.008410639613866806,0.00015682753175497055
51000,12872.318953990936,0.0055778276006017945,0.004359079636633396,0.008447003476321697,0.0001542581245303154
51100,12879.62002325058,0.004542999052229559,0.004269745834171772,0.008571607768535614,0.00016148626804351806
51200,12886.663132667542,0.0059394930478121055,0.00429051410406828,0.008550018109381198,0.00015488147735595703
51300,12904.072484731674,0.004541478367149081,0.0042243339121341705,0.00848701149225235,0.00038848258554935455
51400,12943.761999130249,0.005979934015556341,0.004207565560936928,0.008439315110445022,0.000904558002948761
51500,12983.515843629837,0.004178157617924969,0.004380867183208466,0.008342760875821113,0.0009064218774437904
51600,13020.427395820618,0.005352953619988532,0.004223083555698395,0.008456604704260826,0.0008346649259328842
51700,13031.991094350815,0.007761789784382394,0.0042239086702466015,0.008428492173552514,0.00024305809289216997
51800,13043.565306901932,0.004657624437622518,0.004219190403819084,0.008405261300504207,0.00024372041225433349
51900,13055.13909292221,0.003919981096569176,0.004204530604183674,0.00853279560804367,0.0002443849667906761
52000,13066.662178754807,0.0030971903198853835,0.004251559749245643,0.00848695132881403,0.0002434283122420311
52100,13078.16252541542,0.0037494295942479394,0.004279813840985298,0.008618755042552948,0.00024287670850753785
52200,13089.69803571701,0.002682880165589876,0.004221388883888721,0.008476176634430885,0.00024317454546689987
52300,13101.189599275589,0.006183264510315289,0.004268999211490154,0.008484741151332855,0.00024255100637674332
52400,13112.889496088028,0.006487643742052824,0.004259384535253048,0.008433063253760338,0.0002435513213276863
52500,13124.18894791603,0.0030569030880370574,0.004348563440144062,0.008466494344174862,0.0002428971603512764
52600,13136.0527613163,0.004118124957200226,0.0042873603478074075,0.008447622694075108,0.00025022536516189575
52700,13147.774833917618,0.005341387330469198,0.004235396198928356,0.008518934585154056,0.00024868812412023547
52800,13159.75184416771,0.004226904115106584,0.004280968047678471,0.008363661058247089,0.0002521933615207672
52900,13171.180845022202,0.004596320237597955,0.004290154352784157,0.008523657359182835,0.00024359434843063355
53000,13182.96164560318,0.0059932590597206745,0.00416817232966423,0.008480027206242085,0.00024950128048658373
53100,13194.599805116653,0.003637241979349215,0.004314440153539181,0.00834814716130495,0.00024754978716373443
53200,13206.362805604935,0.004854800437833766,0.004241460561752319,0.008395367637276649,0.00024835120886564256
53300,13217.68509054184,0.005503942920759988,0.004320342577993869,0.008450373150408268,0.00024259276688098907
53400,13229.10310792923,0.004859828996831852,0.0042305756360292435,0.008343585170805454,0.00024309758096933366
53500,13240.570976257324,0.004270689358534265,0.0042330376058816906,0.008333104588091373,0.0002453478053212166
53600,13252.065842151642,0.004754477110385556,0.004348129592835903,0.00843535203486681,0.0002450830489397049
53700,13263.575009822845,0.004350908167508565,0.0042378019541502,0.008493246212601661,0.0002442178875207901
53800,13274.935922145844,0.0035214181070434814,0.004255898334085941,0.008479880280792712,0.00024259664118289948
53900,13286.863129615784,0.006584844842236295,0.004346244372427464,0.008654786087572575,0.0002495419606566429
54000,13298.655224561691,0.004172238349642021,0.004192145280539989,0.008559747114777565,0.0002492329105734825
54100,13309.978966712952,0.008744517756181654,0.004169517010450363,0.008392209634184838,0.0002434873953461647
54200,13321.220086812973,0.004748832635877945,0.00431700486689806,0.00840652707964182,0.0002418152242898941
54300,13332.46369934082,0.005424712982231272,0.0042955994233489034,0.00850194051861763,0.0002422434464097023
54400,13343.766463756561,0.00447890868824152,0.004293902330100536,0.008379813842475414,0.00024242348968982696
54500,13355.31404209137,0.003492017723381251,0.004286372065544128,0.008441384546458722,0.00024566639214754107
54600,13367.427054405212,0.004978572471824969,0.004333939030766487,0.008483922332525254,0.0002550117298960686
54700,13379.73769235611,0.005681550869669831,0.004182478785514832,0.008467656932771206,0.00025661054998636244
54800,13391.75790309906,0.004142027022565577,0.00443060003221035,0.008356091640889645,0.0002533695846796036
54900,13403.780953884125,0.0035859005323431625,0.004180915243923664,0.008383789137005805,0.00025234449654817584
55000,13415.909192085266,0.007920264955569502,0.004161463417112828,0.008419334441423416,0.00025557566434144976
55100,13428.038187265396,0.004517920981219481,0.004312722384929657,0.008518571220338344,0.0002535746991634369