#
#=== Dataset results ===
#
#Accuracy: 0.9984
#Micro F1: 0.9984 | Macro F1: 0.9563 | Weighted F1: 0.9984 | Overall FPR: 0.0003
#
#Per-class metrics:
#  [benign] P=0.9984 | R=0.9978 | F1=0.9981 | FPR=0.001121 | FNR=0.002201 | Support=20900
#  [phase1] P=1.0000 | R=1.0000 | F1=1.0000 | FPR=0.000000 | FNR=0.000000 | Support=8
#  [phase2] P=1.0000 | R=1.0000 | F1=1.0000 | FPR=0.000000 | FNR=0.000000 | Support=9
#  [phase3] P=1.0000 | R=0.9286 | F1=0.9630 | FPR=0.000000 | FNR=0.071429 | Support=14
#  [phase4] P=0.6364 | R=1.0000 | F1=0.7778 | FPR=0.000079 | FNR=0.000000 | Support=7
#  [phase5] P=0.9986 | R=0.9989 | F1=0.9987 | FPR=0.002006 | FNR=0.001089 | Support=29389
#Confusion Matrix:
#         	      	      	      	Actual	      	      	      
#         	      	benign	phase1	phase2	phase3	phase4	phase5
#         	benign	 20854	     0	     0	     1	     0	    32
#         	phase1	     0	     8	     0	     0	     0	     0
#Predicted	phase2	     0	     0	     9	     0	     0	     0
#         	phase3	     0	     0	     0	    13	     0	     0
#         	phase4	     4	     0	     0	     0	     7	     0
#         	phase5	    42	     0	     0	     0	     0	 29357
i,time,loss,ground_time,compile_time,eval_time
100,17.75382161140442,0.2684637214517056,0.0016894791603088337,0.00024752879142761247,0.0002911133766174306
200,29.99549102783203,0.17018900231748899,0.0012825717926025387,0.00020396060943603603,0.0002042655944824218
300,42.441471099853516,0.04446075310988823,0.0014839209556579613,0.00019615168571472216,0.00018911466598510774
400,55.54408264160156,0.014055686705110114,0.0013581646919250472,0.00021019487380981452,0.00022320952415466304
500,70.8969349861145,0.009374339957203642,0.0017615852355957076,0.00022224812507629375,0.0002453492164611818
600,82.40201711654663,0.007217184369727407,0.0013080536365509007,0.00020400729179382323,0.00019093351364135778
700,93.85084843635559,0.004668096362621841,0.0012811357498168938,0.00019892683029174802,0.00020434842109680145
800,108.55307006835938,0.0035065392105405263,0.001383089685440059,0.00021380410194397022,0.00023011503219604477
900,120.4681236743927,0.004642912943345858,0.0013323880672454806,0.00020566668510436977,0.00021119990348815982
1000,135.37614917755127,0.0049143043494001394,0.0015206935882568354,0.0002666136741638186,0.0002699206352233887
1100,146.92194628715515,0.0011904526499113756,0.0013001599311828638,0.0002814040184021007,0.00019153642654418972
1200,163.6467800140381,0.0027488272995147096,0.0018971694946289094,0.00030421590805053764,0.00026714429855346627
1300,175.12458539009094,0.0033865245380486236,0.0012866120338439978,0.0002720430850982673,0.0002068199157714844
1400,189.0552499294281,0.0022546964414410352,0.0014216464519500758,0.00029905920028686507,0.0002592152118682866
1500,199.63551783561707,0.0017786553606830863,0.0012212468147277838,0.00026029157638549885,0.00018474225997924785