#=== ait_logic_baseline_scratch_aug_w10_10b10a ===
#
#Metrics:
#  Accuracy: 0.3530 | Macro Precision: 0.5747 | Macro Recall: 0.3052 | Macro F1: 0.3579
#  False Alarms: 84139 | False Alarm Rate: 0.6299
#  Missed Attacks: 7150 | Detection Rate: 0.0484
#
#Per-Class Metrics:
#  [phase1] P=0.0000 | R=0.0000 | F1=0.0000 | 
#  [phase2] P=1.0000 | R=0.1556 | F1=0.2694 | 
#  [phase3] P=1.0000 | R=1.0000 | F1=1.0000 | 
#  [phase4] P=0.0000 | R=0.0000 | F1=0.0000 | 
#
#Confusion Matrix:
#         	      	      	      	Actual	      	      
#         	      	benign	phase1	phase2	phase3	phase4
#         	benign	 49443	  5144	  1915	     0	    91
#Predicted	phase1	 84139	     0	     0	     0	     0
#         	phase2	     0	     0	   353	     0	     0
#         	phase3	     0	     0	     0	    11	     0
#         	phase4	     0	     0	     0	     0	     0
i,time,loss,ground_time,compile_time,eval_time
10,0.10749101638793945,1.2741737304495742,0.0018930473327636748,0.0026647896766662576,7.794761657714843e-05