#=== ait_logic_baseline_scratch_aug_w10_500b500a ===
#
#Metrics:
#  Accuracy: 0.2309 | Macro Precision: 0.2628 | Macro Recall: 0.8375 | Macro F1: 0.1783
#  False Alarms: 108518 | False Alarm Rate: 0.8124
#  Missed Attacks: 0 | Detection Rate: 1.0000
#
#Per-Class Metrics:
#  [phase1] P=0.0538 | R=1.0000 | F1=0.1020 | 
#  [phase2] P=0.1182 | R=1.0000 | F1=0.2114 | 
#  [phase3] P=0.0415 | R=1.0000 | F1=0.0797 | 
#  [phase4] P=0.1003 | R=1.0000 | F1=0.1824 | 
#
#Confusion Matrix:
#         	      	      	      	Actual	      	      
#         	      	benign	phase1	phase2	phase3	phase4
#         	benign	 25064	     0	     0	     0	     0
#Predicted	phase1	 90528	  5144	     0	     0	     0
#         	phase2	 16920	     0	  2268	     0	     0
#         	phase3	   254	     0	     0	    11	     0
#         	phase4	   816	     0	     0	     0	    91
i,time,loss,ground_time,compile_time,eval_time
10,0.27132701873779297,0.409142096364985,0.002033024787902831,0.0013406763076782276,8.355808258056642e-05
20,0.507584810256958,0.5059814508683631,0.0022437820434570302,0.0016536555290222216,8.913230895996079e-05
30,0.70233154296875,0.47839462909730085,0.0022257361412048307,0.001548821926116946,8.924007415771485e-05
40,0.8602027893066406,0.5064691919481097,0.002270556926727292,0.0014976177215576228,8.980989456176739e-05
50,1.009899616241455,0.5062805705891691,0.002264419078826899,0.001261021137237552,8.90808105468749e-05
60,1.0849006175994873,0.4553364028026694,0.0022258729934692347,0.0014447479248046904,8.525943756103523e-05
70,1.1513068675994873,0.4924429603588919,0.0022511687278747522,0.0013664298057556186,8.909797668457026e-05
80,1.215853214263916,0.44126597186870536,0.0022129478454589796,0.0012636070251464885,8.622884750366203e-05
90,1.2782504558563232,0.44175371294845167,0.0022295198440551714,0.0015228848457336454,8.219051361083971e-05
100,1.3401548862457275,0.57108444827832,0.0023058557510375966,0.0016256384849548367,8.319282531738294e-05
110,1.4046530723571777,0.5243461082875343,0.00226522064208984,0.0015242986679077212,8.528757095336915e-05
120,1.4683561325073242,0.4831442212974631,0.002249701499938961,0.001469659328460698,8.559846878051754e-05
130,1.5310173034667969,0.42791610271817426,0.0022191772460937497,0.0013928995132446312,8.370923995971694e-05
140,1.5936555862426758,0.5293506208637562,0.0022697901725769022,0.001626953601837161,8.436441421508795e-05
150,1.6559240818023682,0.4787276724704353,0.0022526812553405754,0.0015244321823120151,8.361768722534191e-05
160,1.7194113731384277,0.5250003710538477,0.0022774891853332485,0.0016020388603210484,8.45251083374023e-05
170,1.7828638553619385,0.5573912600622363,0.0023109164237976043,0.0018635816574096669,8.523559570312506e-05
180,1.8454408645629883,0.4550033594295352,0.0022188730239868135,0.0011821584701538121,8.385992050170902e-05
190,1.908409833908081,0.46461304219172517,0.002222363948822018,0.0013395032882690453,8.494472503662108e-05
200,1.9711472988128662,0.43226635252808254,0.002227431297302241,0.00131514883041382,8.397674560546882e-05
210,2.034909725189209,0.4322221531833363,0.0021972465515136706,0.0012608809471130389,8.48889350891113e-05
220,2.0985560417175293,0.4877714911558043,0.0022499084472656235,0.0014210853576660176,8.562707901000977e-05
230,2.161561965942383,0.4741888013015866,0.0022437119483947757,0.0015221166610717826,8.481025695800783e-05
240,2.2244479656219482,0.5291178001600695,0.0022773532867431624,0.0014174413681030304,8.452033996582038e-05
250,2.2873995304107666,0.5155130106334787,0.0022707581520080523,0.0017856416702270532,8.460569381713888e-05
260,2.3510959148406982,0.5111406611511972,0.0022823371887207003,0.0013419275283813516,8.351659774780284e-05
270,2.413784980773926,0.40913000323637644,0.002179104804992675,0.0013389363288879407,8.378028869628911e-05
280,2.4771127700805664,0.5243682079599074,0.002271849155426024,0.0014179534912109417,8.486413955688472e-05
290,2.540524482727051,0.4876609927939386,0.0022466192245483387,0.0015764741897583072,8.533191680908205e-05
300,2.6031718254089355,0.49741354928278536,0.0022785229682922336,0.0016524648666381883,8.368158340454112e-05
310,2.6668527126312256,0.5201623801641931,0.002272658824920652,0.001731316566467286,8.488941192626952e-05
320,2.7295522689819336,0.5199737588052528,0.0022659740447997993,0.0015489110946655285,8.421754837036139e-05
330,2.7924790382385254,0.45535850247504256,0.0022259154319763134,0.0012109355926513711,8.434152603149421e-05
340,2.8547003269195557,0.4693508104119319,0.0022373213768005357,0.001416338443756107,8.353471755981452e-05
350,2.917508125305176,0.49243268466647383,0.0022558979988098133,0.0016047759056091332,8.396911621093757e-05
360,2.9814674854278564,0.4603290913989363,0.0022401146888732875,0.0014965367317199742,8.504533767700198e-05
370,3.044562816619873,0.5569256186548632,0.002283625602722164,0.0015758457183837938,8.457565307617193e-05
380,3.1079883575439453,0.49231036232465303,0.0022459845542907686,0.0016024217605590848,8.516693115234382e-05
390,3.171931028366089,0.4371927421072299,0.002234097003936763,0.0011297602653503437,8.578968048095705e-05
400,3.234924077987671,0.46905169069112596,0.002240831851959225,0.0013924727439880433,8.473300933837902e-05
410,3.2993340492248535,0.46930661106718563,0.0022348737716674787,0.00160149240493775,8.554649353027331e-05
420,3.3619863986968994,0.5019082211068879,0.002277181625366209,0.001574647903442387,8.388853073120132e-05
430,3.4247031211853027,0.49216594031045896,0.0022534084320068324,0.0014452323913574268,8.373832702636727e-05
440,3.488156318664551,0.5018198224173952,0.0022600908279418915,0.0014703612327575729,8.444643020629895e-05
450,3.5513715744018555,0.4644244208327848,0.0022228946685790996,0.0013936152458190955,8.454275131225597e-05
460,3.6150431632995605,0.4968374095135464,0.0022555937767028806,0.0014457125663757376,8.429241180419925e-05
470,3.6781997680664062,0.49723675190380023,0.0022449064254760707,0.0014967055320739776,8.430099487304686e-05
480,3.7406277656555176,0.5113395582025555,0.0022930841445922834,0.0014168496131896995,8.37187767028809e-05
490,3.8041980266571045,0.48277880255953776,0.0022341127395629884,0.001576714038848881,8.518695831298835e-05
500,3.8670082092285156,0.45996367266101074,0.002229991436004638,0.001444765567779542,8.436155319213883e-05