#=== ait_logic_baseline_scratch_reduced_w10_100b100a ===
#
#Metrics:
#  Accuracy: 0.4464 | Macro Precision: 0.6788 | Macro Recall: 0.8830 | Macro F1: 0.6532
#  False Alarms: 78115 | False Alarm Rate: 0.5848
#  Missed Attacks: 0 | Detection Rate: 1.0000
#
#Per-Class Metrics:
#  [phase1] P=0.0295 | R=1.0000 | F1=0.0574 | 
#  [phase4] P=0.5892 | R=1.0000 | F1=0.7415 | 
#  [phase2] P=0.9167 | R=1.0000 | F1=0.9565 | 
#  [phase3] P=0.8585 | R=1.0000 | F1=0.9239 | 
#
#Confusion Matrix:
#         	      	      	      	Actual	      	      
#         	      	benign	phase1	phase4	phase2	phase3
#         	benign	 55467	     0	     0	     0	     0
#Predicted	phase1	 74512	  2268	     0	     0	     0
#         	phase4	  3587	     0	  5144	     0	     0
#         	phase2	     1	     0	     0	    11	     0
#         	phase3	    15	     0	     0	     0	    91
i,time,loss,ground_time,compile_time,eval_time
10,0.2703862190246582,0.2885851104805708,0.0018620262145996086,0.00022430753707885714,8.724975585937497e-05
20,0.35216188430786133,0.2961844392063132,0.0020482716560363745,0.0002501935958862299,9.213066101074226e-05
30,0.42269206047058105,0.29516119998848533,0.002050716876983639,0.000249979496002197,9.26847457885742e-05
40,0.49242544174194336,0.31013254779845645,0.0020633845329284628,0.0002496681213378902,9.081983566284178e-05
50,0.5610835552215576,0.29995900971646455,0.0020571594238281226,0.000249778270721435,8.945131301879881e-05