COMMAND: uv run python experiments/models/decision_tree.py experiments/preprocessing/processed_data/stratified/sampled/phase_3/ False
START: 20251215T153714Z

Data shapes:
(90474, 101) (90474,) (90474,)
(50330, 101) (50330,) (50330,)

Training Classifier...
Training completed.
Testing Classifier...
Testing completed.
Evaluating Classifier...
Evaluation completed.

=== Decision Tree Classifier Results ===
Accuracy:  0.9999
Precision: 0.8571
Recall:    0.8571
F1-Score:  0.8571
Confusion Matrix:
[[50314     2]
 [    2    12]]

Top 10 feature indices: [  5   1   6   0 100  95  94  93  92  91]
Number of features: 101
numerical__orig_ip_bytes: 0.8641
numerical__orig_bytes: 0.1356
numerical__resp_pkts: 0.0002
numerical__duration: 0.0002
categorical__ip_proto_17: 0.0000
categorical__history_^d: 0.0000
categorical__history_^a: 0.0000
categorical__history_Sr: 0.0000
categorical__history_ShAfFa: 0.0000
categorical__history_ShAdtDtfFa: 0.0000

Number of misclassified samples: 4
Misclassified samples per phase:
Phase 0: 1 samples
Phase 1: 0 samples
Phase 2: 1 samples
Phase 3: 2 samples
Phase 4: 0 samples
Phase 5: 0 samples

Misclassified samples plot saved to: experiments/results/decision_tree/no_sample_weights/stratified/sampled/phase_3/misclassified_samples.png

END: 20251215T153715Z
RETURN_CODE: 0
