COMMAND: uv run python experiments/models/decision_tree.py experiments/preprocessing/processed_data/stratified/sampled/auto_phase_5/ False
START: 20260216T155722Z

Data shapes:
(70242, 101) (70242,) (70242,)
(50330, 101) (50330,) (50330,)

Training Classifier...
Training completed.
Testing Classifier...
Testing completed.
Evaluating Classifier...
Evaluation completed.

=== Decision Tree Classifier Results ===
Accuracy:  0.7318
Precision: 0.0000
Recall:    0.0000
F1-Score:  0.0000
Confusion Matrix:
[[36829     0]
 [13501     0]]

Top 10 feature indices: [39 94  5 36 35 96 95 93 92 91]
Number of features: 101
categorical__history_A: 0.9983
categorical__history_^a: 0.0009
numerical__orig_ip_bytes: 0.0008
categorical__local_resp_F: 0.0001
categorical__local_orig_T: 0.0000
categorical__history_^dtADFf: 0.0000
categorical__history_^d: 0.0000
categorical__history_Sr: 0.0000
categorical__history_ShAfFa: 0.0000
categorical__history_ShAdtDtfFa: 0.0000

Number of misclassified samples: 13501
Misclassified samples per phase:
Phase 0: 0 samples
Phase 1: 0 samples
Phase 2: 0 samples
Phase 3: 0 samples
Phase 4: 0 samples
Phase 5: 13501 samples

Misclassified samples plot saved to: experiments/results/decision_tree/no_sample_weights/stratified/sampled/auto_phase_5/misclassified_samples.png

END: 20260216T155724Z
RETURN_CODE: 0
