COMMAND: uv run python experiments/models/decision_tree.py experiments/preprocessing/processed_data/host_temporal/unbalanced/phase_2/ False
START: 20251215T153723Z

Data shapes:
(61862, 100) (61862,) (61862,)
(63963, 100) (63963,) (63963,)

Training Classifier...
Training completed.
Testing Classifier...
Testing completed.
Evaluating Classifier...
Evaluation completed.

=== Decision Tree Classifier Results ===
Accuracy:  0.9998
Precision: 1.0000
Recall:    0.1333
F1-Score:  0.2353
Confusion Matrix:
[[63948     0]
 [   13     2]]

Top 10 feature indices: [13  0  7  5  1 36 95 94 91 90]
Number of features: 100
categorical__service_dns: 0.2679
numerical__duration: 0.2662
numerical__resp_ip_bytes: 0.1631
numerical__orig_ip_bytes: 0.1599
numerical__orig_bytes: 0.1345
categorical__history_-: 0.0084
categorical__history_^dtADFf: 0.0000
categorical__history_^d: 0.0000
categorical__history_ShAdtDtfFa: 0.0000
categorical__history_ShAdtDawFf: 0.0000

Number of misclassified samples: 13
Misclassified samples per phase:
Phase 0: 0 samples
Phase 1: 0 samples
Phase 2: 13 samples
Phase 3: 0 samples
Phase 4: 0 samples
Phase 5: 0 samples

Misclassified samples plot saved to: experiments/results/decision_tree/no_sample_weights/host_temporal/unbalanced/phase_2/misclassified_samples.png

END: 20251215T153725Z
RETURN_CODE: 0
