COMMAND: uv run python experiments/models/decision_tree.py experiments/preprocessing/processed_data/stratified/sampled/auto_phase_4/ False
START: 20260216T141201Z

Data shapes:
(90482, 101) (90482,) (90482,)
(50330, 101) (50330,) (50330,)

Training Classifier...
Training completed.
Testing Classifier...
Testing completed.
Evaluating Classifier...
Evaluation completed.

=== Decision Tree Classifier Results ===
Accuracy:  1.0000
Precision: 0.8889
Recall:    0.8889
F1-Score:  0.8889
Confusion Matrix:
[[50320     1]
 [    1     8]]

Top 10 feature indices: [ 0  5 54 11 28  1 37 83 96 91]
Number of features: 101
numerical__duration: 0.4463
numerical__orig_ip_bytes: 0.2638
categorical__history_ShA: 0.2436
categorical__service_-: 0.0431
categorical__conn_state_S0: 0.0017
numerical__orig_bytes: 0.0013
categorical__local_resp_T: 0.0002
categorical__history_ShAdDaFf: 0.0001
categorical__history_^dtADFf: 0.0000
categorical__history_ShAdtDtfFa: 0.0000

Number of misclassified samples: 2
Misclassified samples per phase:
Phase 0: 0 samples
Phase 1: 0 samples
Phase 2: 0 samples
Phase 3: 0 samples
Phase 4: 1 samples
Phase 5: 1 samples

Misclassified samples plot saved to: experiments/results/decision_tree/no_sample_weights/stratified/sampled/auto_phase_4/misclassified_samples.png

END: 20260216T141202Z
RETURN_CODE: 0
