COMMAND: uv run python experiments/models/decision_tree.py experiments/preprocessing/processed_data/host_temporal/sampled/downsample/ False
START: 20251215T153733Z

Data shapes:
(31239, 100) (31239,) (31239,)
(63963, 100) (63963,) (63963,)

Training Classifier...
Training completed.
Testing Classifier...
Testing completed.
Evaluating Classifier...
Evaluation completed.

=== Decision Tree Classifier Results ===
Accuracy:  0.9511
Precision: 0.8500
Recall:    0.0108
F1-Score:  0.0213
Confusion Matrix:
[[60803     6]
 [ 3120    34]]

Top 10 feature indices: [11 43  5  0 34 64 83  4 79  2]
Number of features: 100
categorical__service_-: 0.2339
categorical__history_Dd: 0.2328
numerical__orig_ip_bytes: 0.1464
numerical__duration: 0.1371
categorical__local_resp_F: 0.0481
categorical__history_ShADadFf: 0.0423
categorical__history_ShAdDaFf: 0.0364
numerical__orig_pkts: 0.0342
categorical__history_ShAdDFaf: 0.0316
numerical__resp_bytes: 0.0292

Number of misclassified samples: 3126
Misclassified samples per phase:
Phase 0: 6 samples
Phase 1: 0 samples
Phase 2: 10 samples
Phase 3: 0 samples
Phase 4: 11 samples
Phase 5: 3099 samples

Misclassified samples plot saved to: experiments/results/decision_tree/no_sample_weights/host_temporal/sampled/downsample/misclassified_samples.png

END: 20251215T153735Z
RETURN_CODE: 0
