COMMAND: uv run python experiments/models/decision_tree.py experiments/preprocessing/processed_data/host_temporal/unbalanced/all_phases/ False
START: 20251215T153719Z

Data shapes:
(61862, 100) (61862,) (61862,)
(63963, 100) (63963,) (63963,)

Training Classifier...
Training completed.
Testing Classifier...
Testing completed.
Evaluating Classifier...
Evaluation completed.

=== Decision Tree Classifier Results ===
Accuracy:  0.3817
Precision: 0.0730
Recall:    0.9864
F1-Score:  0.1359
Confusion Matrix:
[[21302 39507]
 [   43  3111]]

Top 10 feature indices: [ 5 43  1  7 11  0 41 79 99  8]
Number of features: 100
numerical__orig_ip_bytes: 0.9971
categorical__history_Dd: 0.0008
numerical__orig_bytes: 0.0006
numerical__resp_ip_bytes: 0.0005
categorical__service_-: 0.0003
numerical__duration: 0.0002
categorical__history_DTdFfA: 0.0002
categorical__history_ShAdDFaf: 0.0001
categorical__ip_proto_17: 0.0001
categorical__proto_icmp: 0.0001

Number of misclassified samples: 39550
Misclassified samples per phase:
Phase 0: 39507 samples
Phase 1: 10 samples
Phase 2: 9 samples
Phase 3: 0 samples
Phase 4: 9 samples
Phase 5: 15 samples

Misclassified samples plot saved to: experiments/results/decision_tree/no_sample_weights/host_temporal/unbalanced/all_phases/misclassified_samples.png

END: 20251215T153721Z
RETURN_CODE: 0
