COMMAND: uv run python experiments/models/mlp.py experiments/preprocessing/processed_data/host_temporal/sampled/downsample/ False
START: 20251215T155449Z

Data shapes:
(31239, 100) (31239,) (31239,)
(63963, 100) (63963,) (63963,)

Training Classifier...
Training completed.
Testing Classifier...
Testing completed.
Evaluating Classifier...
Evaluation completed.

=== MLP Classifier Results ===
Accuracy:  0.9511
Precision: 0.8182
Recall:    0.0114
F1-Score:  0.0225
Confusion Matrix:
[[60801     8]
 [ 3118    36]]

categorical__service_-: 0.002659 ± 0.001507
categorical__service_dns: 0.002077 ± 0.001488
categorical__local_orig_F: 0.001786 ± 0.002033
categorical__local_orig_T: 0.000897 ± 0.002122
categorical__service_http: 0.000549 ± 0.000952
categorical__history_Sr: 0.000433 ± 0.000170
numerical__resp_bytes: 0.000429 ± 0.001398
numerical__duration: 0.000315 ± 0.001314
categorical__history_ShADadfF: 0.000198 ± 0.000606
numerical__orig_pkts: 0.000173 ± 0.001237
categorical__history_A: 0.000160 ± 0.001556
categorical__local_resp_F: 0.000156 ± 0.001765
categorical__service_ftp-data: 0.000142 ± 0.000227
numerical__resp_ip_bytes: 0.000106 ± 0.001393
categorical__ip_proto_6: 0.000103 ± 0.001499
categorical__history_ShADFaf: 0.000100 ± 0.000184
categorical__history_ShADdfFa: 0.000096 ± 0.000658
categorical__conn_state_S0: 0.000095 ± 0.000168
categorical__history_-: 0.000089 ± 0.000049
categorical__ip_proto_1: 0.000088 ± 0.000049

Number of misclassified samples: 3126
Misclassified samples per phase:
Phase 0: 8 samples
Phase 1: 0 samples
Phase 2: 5 samples
Phase 3: 1 samples
Phase 4: 11 samples
Phase 5: 3101 samples

Misclassified samples plot saved to: experiments/results/mlp/no_sample_weights/host_temporal/sampled/downsample/misclassified_samples.png

END: 20251215T155544Z
RETURN_CODE: 0
