COMMAND: uv run python experiments/models/mlp.py experiments/preprocessing/processed_data/stratified/unbalanced/phase_1/ False
START: 20251215T153828Z

Data shapes:
(75495, 101) (75495,) (75495,)
(50330, 101) (50330,) (50330,)

Training Classifier...
Training completed.
Testing Classifier...
Testing completed.
Evaluating Classifier...
Evaluation completed.

=== MLP Classifier Results ===
Accuracy:  1.0000
Precision: 0.8000
Recall:    1.0000
F1-Score:  0.8889
Confusion Matrix:
[[50320     2]
 [    0     8]]

categorical__local_orig_T: 0.000050 ± 0.000022
categorical__local_resp_F: 0.000043 ± 0.000019
categorical__proto_tcp: 0.000018 ± 0.000014
categorical__ip_proto_6: 0.000018 ± 0.000014
categorical__history_A: 0.000016 ± 0.000013
categorical__conn_state_SF: 0.000015 ± 0.000010
categorical__local_resp_T: 0.000013 ± 0.000011
categorical__history_Dd: 0.000012 ± 0.000009
categorical__ip_proto_17: 0.000012 ± 0.000009
categorical__service_dns: 0.000012 ± 0.000009
categorical__service_-: 0.000010 ± 0.000008
categorical__conn_state_OTH: 0.000010 ± 0.000008
categorical__local_orig_F: 0.000010 ± 0.000008
categorical__proto_udp: 0.000008 ± 0.000007
categorical__service_http: 0.000003 ± 0.000005
numerical__orig_pkts: 0.000002 ± 0.000003
numerical__orig_ip_bytes: 0.000002 ± 0.000003
numerical__resp_pkts: 0.000002 ± 0.000003
categorical__history_ShADdfFa: 0.000002 ± 0.000003
numerical__orig_bytes: 0.000001 ± 0.000003

Number of misclassified samples: 2
Misclassified samples per phase:
Phase 0: 2 samples
Phase 1: 0 samples
Phase 2: 0 samples
Phase 3: 0 samples
Phase 4: 0 samples
Phase 5: 0 samples

Misclassified samples plot saved to: experiments/results/mlp/no_sample_weights/stratified/unbalanced/phase_1/misclassified_samples.png

END: 20251215T153918Z
RETURN_CODE: 0
