#
#=== Dataset results ===
#
#Accuracy: 0.2519
#Micro F1: 0.2519 | Macro F1: 0.3891 | Weighted F1: 0.1095 | FP Total: 13595 | FN Total: 13595 | Overall FPR: 0.1496 | Overall FNR: 0.7481 | 
#
#Per-class metrics:
#  [benign] P=0.2377 | R=1.0000 | F1=0.3841 | FPR=0.975741 | FNR=0.000000 | Support=4240
#  [phase1] P=1.0000 | R=1.0000 | F1=1.0000 | FPR=0.000000 | FNR=0.000000 | Support=307
#  [phase2] P=1.0000 | R=0.9000 | F1=0.9474 | FPR=0.000000 | FNR=0.100000 | Support=10
#  [phase3] P=0.0000 | R=0.0000 | F1=0.0000 | FPR=0.000000 | FNR=1.000000 | Support=32
#  [phase4] P=0.0000 | R=0.0000 | F1=0.0000 | FPR=0.000000 | FNR=1.000000 | Support=7
#  [phase5] P=1.0000 | R=0.0016 | F1=0.0032 | FPR=0.000000 | FNR=0.998380 | Support=13577
#Confusion Matrix:
#         	      	      	      	Actual	      	      	      
#         	      	benign	phase1	phase2	phase3	phase4	phase5
#         	benign	  4240	     0	     1	    32	     7	 13555
#         	phase1	     0	   307	     0	     0	     0	     0
#Predicted	phase2	     0	     0	     9	     0	     0	     0
#         	phase3	     0	     0	     0	     0	     0	     0
#         	phase4	     0	     0	     0	     0	     0	     0
#         	phase5	     0	     0	     0	     0	     0	    22
i,time,loss,ground_time,compile_time,eval_time
100,3.5513432025909424,20.101589299252893,0.0006044335365295421,0.00011633801460266151,5.123286247253419e-05
200,7.164984703063965,20.712346799546008,0.0006449730873107903,0.0001260237216949466,5.211005210876478e-05
300,10.673503398895264,20.804228084302416,0.0006053035736083979,0.00012993135452270537,5.4921293258666955e-05
400,14.562656164169312,20.810920262981654,0.0006883545398712145,0.0001304214954376225,5.565533638000483e-05
500,18.672361373901367,20.727371929105534,0.0007240132808685309,0.00013503303527832053,5.756502151489254e-05