#
#=== Dataset results ===
#
#Accuracy: 0.9968
#Micro F1: 0.9968 | Macro F1: 0.6566 | Weighted F1: 0.9957 | FP Total: 59 | FN Total: 59 | Overall FPR: 0.0006 | Overall FNR: 0.0032 | 
#
#Per-class metrics:
#  [benign] P=0.9870 | R=0.9993 | F1=0.9931 | FPR=0.004019 | FNR=0.000708 | Support=4240
#  [phase1] P=1.0000 | R=1.0000 | F1=1.0000 | FPR=0.000000 | FNR=0.000000 | Support=307
#  [phase2] P=1.0000 | R=0.9000 | F1=0.9474 | FPR=0.000000 | FNR=0.100000 | Support=10
#  [phase3] P=0.0000 | R=0.0000 | F1=0.0000 | FPR=0.000000 | FNR=1.000000 | Support=32
#  [phase4] P=0.0000 | R=0.0000 | F1=0.0000 | FPR=0.000000 | FNR=1.000000 | Support=7
#  [phase5] P=0.9998 | R=0.9988 | F1=0.9993 | FPR=0.000653 | FNR=0.001178 | Support=13577
#Confusion Matrix:
#         	      	      	      	Actual	      	      	      
#         	      	benign	phase1	phase2	phase3	phase4	phase5
#         	benign	  4237	     0	     1	    32	     7	    16
#         	phase1	     0	   307	     0	     0	     0	     0
#Predicted	phase2	     0	     0	     9	     0	     0	     0
#         	phase3	     0	     0	     0	     0	     0	     0
#         	phase4	     0	     0	     0	     0	     0	     0
#         	phase5	     3	     0	     0	     0	     0	 13561
i,time,loss,ground_time,compile_time,eval_time
100,17.236887454986572,0.5439503918840569,0.0013771180629730182,0.00022556977272033646,0.0002857818126678468
200,39.596781492233276,0.40827488849349947,0.0014592662334442063,0.0002493432998657233,0.0004174155712127672
300,54.90082025527954,0.1661880876438358,0.0012261554718017527,0.00031188368797302224,0.0002467505455017094
400,67.69018745422363,0.09974531174794227,0.0011426768302917414,0.00020338582992553652,0.000218529033660889
500,79.85455393791199,0.060758300679589865,0.0012131728649139339,0.0001949485778808593,0.00018483467102050754