#
#=== Dataset results ===
#
#Accuracy: 0.8656 | Macro F1: 0.7205 | Weighted F1: 0.8439
#
#Security Metrics:
#  False Alarm Rate: 0.568160
#  Attack Detection Rate: 0.997560
#  Missed Attack Rate: 0.002440
#
#Per-class metrics:
#  [benign] P=0.9818 | R=0.4318 | F1=0.5998 | FPR=0.002440 | FNR=0.568160
#  [phase1] P=1.0000 | R=1.0000 | F1=1.0000 | FPR=0.000000 | FNR=0.000000
#  [phase2] P=1.0000 | R=0.9000 | F1=0.9474 | FPR=0.000000 | FNR=0.100000
#  [phase3] P=0.0000 | R=0.0000 | F1=0.0000 | FPR=0.000000 | FNR=1.000000
#  [phase4] P=0.8571 | R=0.8571 | F1=0.8571 | FPR=0.000055 | FNR=0.142857
#  [phase5] P=0.8494 | R=1.0000 | F1=0.9185 | FPR=0.523934 | FNR=0.000000
#Confusion Matrix:
#         	      	      	      	Actual	      	      	      
#         	      	benign	phase1	phase2	phase3	phase4	phase5
#         	benign	  1831	     0	     1	    32	     1	     0
#         	phase1	     0	   307	     0	     0	     0	     0
#Predicted	phase2	     0	     0	     9	     0	     0	     0
#         	phase3	     0	     0	     0	     0	     0	     0
#         	phase4	     1	     0	     0	     0	     6	     0
#         	phase5	  2408	     0	     0	     0	     0	 13577
i,time,loss,ground_time,compile_time,eval_time
100,11.414149522781372,0.35594736816286326,0.0010795326709747285,0.0001819885253906264,0.0001893946170806886
200,26.664788007736206,0.21542527707585632,0.0013929472923278757,0.0002249052524566669,0.0002794965744018561
300,43.35920476913452,0.05576245721937861,0.0014247184276580723,0.0002316022872924826,0.00031738462448120084