#=== ait_logic_scratch_full_w10_30b30a ===
#
#Metrics:
#  Accuracy: 0.8957 | Macro Precision: 0.6431 | Macro Recall: 0.9780 | Macro F1: 0.6931
#  False Alarms: 14722 | False Alarm Rate: 0.1102
#  Missed Attacks: 0 | Detection Rate: 1.0000
#
#Per-Class Metrics:
#  [phase1] P=0.2701 | R=1.0000 | F1=0.4253 | 
#  [phase2] P=0.9991 | R=1.0000 | F1=0.9996 | 
#  [phase3] P=0.8462 | R=1.0000 | F1=0.9167 | 
#  [phase4] P=0.1003 | R=1.0000 | F1=0.1824 | 
#
#Confusion Matrix:
#         	      	      	      	Actual	      	      
#         	      	benign	phase1	phase2	phase3	phase4
#         	benign	118860	     0	     0	     0	     0
#Predicted	phase1	 13902	  5144	     0	     0	     0
#         	phase2	     2	     0	  2268	     0	     0
#         	phase3	     2	     0	     0	    11	     0
#         	phase4	   816	     0	     0	     0	    91
i,time,loss,ground_time,compile_time,eval_time
10,0.8847324848175049,0.556804614153225,0.0025650824335488394,0.002442916550419547,0.00030057806182991377
20,1.7224302291870117,0.5998501803667751,0.0028573211959817177,0.00246320173821666,0.0003603681921958924
30,2.582392454147339,0.5961475955555215,0.002851281213489445,0.00270717553794384,0.000377293574539098
40,3.3560922145843506,0.567158398713218,0.0028821391815488967,0.0026795125481757246,0.0003669428215785461
50,4.182701826095581,0.571261569642229,0.0028358627110719667,0.0024859661744399504,0.0003634528002955697
60,4.996498346328735,0.5530079367395956,0.0028524190187454216,0.0026857675476507697,0.0003498248078606345
70,5.855352401733398,0.5276820717554074,0.0028867951509627416,0.002555136992172761,0.00040398067371411744
80,6.656398296356201,0.5157537942286581,0.0028511725366115554,0.0027431571348146954,0.00034380900588902553
90,7.485968351364136,0.49193879293161447,0.00284316868267276,0.00262720561162992,0.00035440772771835335