#=== ait_logic_scratch_full_w10_20b20a ===
#
#Metrics:
#  Accuracy: 0.8957 | Macro Precision: 0.6431 | Macro Recall: 0.9780 | Macro F1: 0.6931
#  False Alarms: 14722 | False Alarm Rate: 0.1102
#  Missed Attacks: 0 | Detection Rate: 1.0000
#
#Per-Class Metrics:
#  [phase1] P=0.2701 | R=1.0000 | F1=0.4253 | 
#  [phase2] P=0.9991 | R=1.0000 | F1=0.9996 | 
#  [phase3] P=0.8462 | R=1.0000 | F1=0.9167 | 
#  [phase4] P=0.1003 | R=1.0000 | F1=0.1824 | 
#
#Confusion Matrix:
#         	      	      	      	Actual	      	      
#         	      	benign	phase1	phase2	phase3	phase4
#         	benign	118860	     0	     0	     0	     0
#Predicted	phase1	 13902	  5144	     0	     0	     0
#         	phase2	     2	     0	  2268	     0	     0
#         	phase3	     2	     0	     0	    11	     0
#         	phase4	   816	     0	     0	     0	    91
i,time,loss,ground_time,compile_time,eval_time
10,0.7622566223144531,0.5607901230920106,0.002739729028609068,0.0026134653637806616,0.0002746826658646266
20,1.5099468231201172,0.6117341176432092,0.0030385680910613843,0.002831969948278538,0.0003342353221442964
30,2.269282102584839,0.5893918903544545,0.0030526253498262866,0.0028166144258446203,0.0003512863483693864
40,2.911428928375244,0.5886397704249248,0.00303267815874683,0.0029359079483482617,0.00028658231927288907
50,3.603363275527954,0.5669923355919309,0.0030504315263695228,0.0030365973711013834,0.000307260619269477
60,4.291704416275024,0.5494190561352298,0.0030572648263639908,0.0028014710379971443,0.0003121323055691189