#=== ait_scratch_full_w100_20b20a ===
#
#Metrics:
#  Accuracy: 0.4460 | Macro Precision: 0.6618 | Macro Recall: 0.8830 | Macro F1: 0.6434
#  False Alarms: 78150 | False Alarm Rate: 0.5852
#  Missed Attacks: 0 | Detection Rate: 1.0000
#
#Per-Class Metrics:
#  [phase1] P=0.0295 | R=1.0000 | F1=0.0574 | 
#  [phase2] P=0.8333 | R=1.0000 | F1=0.9091 | 
#  [phase3] P=0.8585 | R=1.0000 | F1=0.9239 | 
#  [phase4] P=0.5877 | R=1.0000 | F1=0.7404 | 
#
#Confusion Matrix:
#         	      	      	      	Actual	      	      
#         	      	benign	phase1	phase2	phase3	phase4
#         	benign	 55400	     0	     0	     0	     0
#Predicted	phase1	 74527	  2268	     0	     0	     0
#         	phase2	     2	     0	    10	     0	     0
#         	phase3	    15	     0	     0	    91	     0
#         	phase4	  3606	     0	     0	     0	  5141
i,time,loss,ground_time,compile_time,eval_time
10,3.7247488498687744,0.6173898277222178,0.002206220626831054,0.011004158496856709,0.0010283150672912604
20,7.898813009262085,0.6763442690018564,0.0024483160972595215,0.012324158668518095,0.0013631453514099119
30,11.882402181625366,0.6659311484661885,0.0024462747573852535,0.012254273414611844,0.0012921199798584006
40,15.728387117385864,0.6563763726851903,0.00243574857711792,0.012186525344848667,0.0012620911598205556
50,19.540096044540405,0.6447157739195972,0.0024563431739807124,0.012335963726043729,0.0012591142654418941
60,23.371121883392334,0.6294080717954784,0.002457100868225099,0.012259817600250274,0.0012516355514526354
70,27.150676727294922,0.617732543812599,0.0024296126365661633,0.012202005863189728,0.001234534740447998
80,30.928648948669434,0.6051767085562461,0.00245359468460083,0.012295397758483918,0.0012235593795776373
90,34.678624868392944,0.5886587259476073,0.002430347919464112,0.012305168151855502,0.001182621002197266
100,38.410762310028076,0.5669572570128366,0.00245388650894165,0.012187430858612094,0.0011752829551696761