#=== ait_scratch_aug_w100_full ===
#
#Metrics:
#  Accuracy: 0.9989 | Macro Precision: 0.9668 | Macro Recall: 0.8171 | Macro F1: 0.8708
#  False Alarms: 66 | False Alarm Rate: 0.0005
#  Missed Attacks: 87 | Detection Rate: 0.9884
#
#Per-Class Metrics:
#  [phase1] P=0.9751 | R=0.9828 | F1=0.9789 | 
#  [phase2] P=1.0000 | R=0.5000 | F1=0.6667 | 
#  [phase3] P=0.8594 | R=0.6044 | F1=0.7097 | 
#  [phase4] P=1.0000 | R=0.9986 | F1=0.9993 | 
#
#Confusion Matrix:
#         	      	      	      	Actual	      	      
#         	      	benign	phase1	phase2	phase3	phase4
#         	benign	133484	    39	     5	    36	     7
#Predicted	phase1	    57	  2229	     0	     0	     0
#         	phase2	     0	     0	     5	     0	     0
#         	phase3	     9	     0	     0	    55	     0
#         	phase4	     0	     0	     0	     0	  5134
i,time,loss,ground_time,compile_time,eval_time
100,14.420199632644653,0.4361411538376387,0.005508033847808921,0.01226385464668298,0.00034770073890686093
200,31.750083446502686,0.23857042974745485,0.005459487962722847,0.012392646408081309,0.00042795791625976535
300,48.03434205055237,0.18488066351780602,0.005362702274322576,0.012373802804947202,0.00039738330841064475
400,65.12433242797852,0.1531631309383037,0.005412895107269354,0.012379483032226846,0.0004164676189422617
500,80.0448911190033,0.11910204349548514,0.0055754290103913065,0.012317248821258803,0.00034036226272582957
600,97.48545598983765,0.10999535621537392,0.005540473937988335,0.012399014186859411,0.00041927132606506425
700,115.86371922492981,0.11268654057243316,0.005504312658309993,0.012289517927170092,0.00045340595245361314
800,133.71284985542297,0.09252305609445853,0.005561062574386682,0.012299262571335082,0.0004391937255859376
900,152.3851833343506,0.08451685182748354,0.005546009254455638,0.012315805435180962,0.0004725834369659439
1000,168.13785815238953,0.08685064640250514,0.0055128061771393564,0.01243103780746488,0.0003774850368499752
1100,180.87905526161194,0.0885928064845288,0.0054461389064789445,0.012438604402542415,0.00032756781578063853
1200,193.106951713562,0.0732695607783604,0.005414810609817573,0.012408361768722788,0.0002994636058807376
1300,211.184809923172,0.08609895710341295,0.005531770992279136,0.012404694890976214,0.0004081101894378657
1400,231.1074686050415,0.07851873260607684,0.005466067790985174,0.012409999465942703,0.0004893867969512934
1500,247.81010007858276,0.07019284336140766,0.005483387851715156,0.012346735239029244,0.00042688136100769097
1600,265.02410101890564,0.0687860983557798,0.005593232154846273,0.01237126331329371,0.0004234040260314932
1700,281.03893280029297,0.0603298628991362,0.005574921226501529,0.012419200181961347,0.0003976081371307385
1800,294.3272776603699,0.06090176962601565,0.005478026008606034,0.012430998802185324,0.0003299445152282711
1900,307.3652822971344,0.0578306516222063,0.005589184999466014,0.012366147804260536,0.00032952189445495676
2000,321.7906527519226,0.056277128338255024,0.005552389717102122,0.01230919723510766,0.00033336429595947156
2100,344.20962262153625,0.055012080873032845,0.005481740140914991,0.012447669935226691,0.0005538378715515135
2200,367.40761280059814,0.06153932628442111,0.005570087051391685,0.012381328678131368,0.0005912437438964832
2300,382.55302000045776,0.051544723399113215,0.005516138124466017,0.012395914602279942,0.00035344672203063937
2400,398.5614974498749,0.05215790337724341,0.005571420526504599,0.012363506603241243,0.0003787059307098394
2500,411.6916780471802,0.045329141146008875,0.005529384088516303,0.01243918638229398,0.0003091485977172846
2600,422.8674714565277,0.04410660027008171,0.005540332794189533,0.012407203769684166,0.000267345714569091
2700,439.3512556552887,0.04380547186477149,0.005472215747833321,0.012416688537597961,0.0004726879119873047
2800,456.299791097641,0.05120719596620267,0.00554935197830207,0.012450435972214069,0.00046555099487304615
2900,472.237566947937,0.05259030611499904,0.005451585674285948,0.01232686080932642,0.0003853888511657704
3000,488.8512670993805,0.046320529063806876,0.00543186893463141,0.012285837507248216,0.00040750408172607425
3100,505.94451236724854,0.045662436482203236,0.0055133187770844165,0.012267102289200115,0.00042742757797241176
3200,522.8618891239166,0.04433038475268854,0.005498704385757518,0.012307975816726982,0.00041357975006103533
3300,538.7659401893616,0.04394479834374757,0.005451166105270456,0.01236408672332792,0.0003860733985900874
3400,558.5184850692749,0.04541284602244207,0.005567475080490181,0.012362532377243272,0.000731143999099733
3500,576.1344542503357,0.04871955945525069,0.00545983185768134,0.01230584063529995,0.0004590918540954571
3600,593.2720687389374,0.04351666152612812,0.005557484674453825,0.012347635793686175,0.00042304363250732517
3700,609.0820136070251,0.048402825099659416,0.005445757246017527,0.01237970952987703,0.00036947298049926823
3800,626.4106485843658,0.04575887296395728,0.005526320791244588,0.012301431989670077,0.0004029280662536619
3900,647.2509062290192,0.0461135463064057,0.005480066728591994,0.012343372869491847,0.0004936702251434349
4000,669.7962703704834,0.03914057617503633,0.0055439950942993985,0.01241622805595425,0.0005689350128173811
4100,687.3595051765442,0.044718674616822274,0.005444821214675969,0.012398868227005286,0.000428513574600219
4200,717.144082069397,0.050537791485765655,0.0054524966716767,0.0123563269138339,0.0008657907962799098
4300,732.983344078064,0.04058687672570483,0.005506345880031657,0.012369630002975711,0.0003988530158996585
4400,750.0726203918457,0.06144206853918768,0.005466524982452476,0.012377849912643735,0.00041686873435974243
4500,775.0915853977203,0.048341848912189844,0.0054609025955200926,0.012338561010360995,0.0006513956069946283
4600,800.854489326477,0.03868300475272068,0.005527354860305843,0.01237375011444118,0.0006932762622833242
4700,824.9608783721924,0.041305345559801324,0.005501595163345394,0.012392712831497461,0.0006359574794769277
4800,849.4732637405396,0.04443203717638469,0.005430356073379585,0.012339493846893623,0.0006368678569793681
4900,866.5395858287811,0.04099871111932967,0.0054951760768891045,0.01234286084175136,0.0003964217185974108
5000,885.1510033607483,0.03667531015085922,0.005480286598205637,0.012442656660080256,0.0004439658164978034
5100,910.2359883785248,0.04162618189595726,0.00552545104026801,0.012333667659759818,0.0006536714553832998
5200,933.0225040912628,0.04127016536112813,0.00552166724205024,0.01233562541008023,0.0005735972881317125
5300,954.0802483558655,0.04392954885893516,0.005543674612045362,0.012405737209320335,0.0005163366317749022
5400,971.6473953723907,0.040156335248230396,0.005565813970565863,0.012397512054443595,0.00041025133132934654
5500,988.3355147838593,0.0428486640426235,0.00552273669242866,0.012409250068664817,0.00039182128906249984
5600,1007.8030638694763,0.03952698908588709,0.0055047824859619865,0.012360054731369292,0.00046687397956848126
5700,1031.7728743553162,0.043768026893240455,0.0054949914932251554,0.01242356619834927,0.0006179304599761969
5800,1053.7276372909546,0.04382605342943382,0.005502859783172676,0.012380881261825833,0.000548237228393554
5900,1079.291176557541,0.036887760954270696,0.005540814638137878,0.012350337600708274,0.0006710463523864737
6000,1098.3017075061798,0.040490674894744415,0.0054853816986084655,0.012295783090591726,0.00048355665206909084
6100,1114.2922098636627,0.03741166888811551,0.005499665975570749,0.01244054250717198,0.0003916265487670906
6200,1132.698323249817,0.041361361871248024,0.005552206420898503,0.012351536417007676,0.00043255276679992786
6300,1153.949758529663,0.045410508539811066,0.005533402442932203,0.01225024814605737,0.000528770780563354
6400,1177.6151854991913,0.03945444659510124,0.005519096612930385,0.012284060478210748,0.0006222777843475345
6500,1200.902511358261,0.04239308862976187,0.005466849994659492,0.01240675401687653,0.0006290811538696304
6600,1221.0678899288177,0.040259159413986084,0.005557674503326511,0.012359036540985396,0.0005176848888397201
6700,1237.3117825984955,0.041892870702649805,0.005577754592895576,0.012324105739593742,0.00041327958106994624
6800,1253.2099471092224,0.03828876096209474,0.005522421884536817,0.012318573951721477,0.0003913404464721672
6900,1271.0283682346344,0.036496415814939814,0.005450748443603598,0.012412241220474572,0.0004565020561218276
7000,1303.9405245780945,0.03714453324616765,0.005513570880889955,0.012439822053909573,0.0008830570220947297
7100,1326.8966159820557,0.036529847259828836,0.005533870506286686,0.012384464168548855,0.0005454635143280016
7200,1343.2826342582703,0.03691320679967486,0.0054693246364594175,0.012314342260360997,0.0004265776157379131
7300,1359.4505469799042,0.03757441056190209,0.005479644060134958,0.012362388563156402,0.00041982660293579075
7400,1373.287840127945,0.035424670836430465,0.005443390035629341,0.0124643465518954,0.0003624118328094461
7500,1385.5622818470001,0.030109446980262685,0.005580263090133744,0.012403884601593298,0.0003081315994262693
7600,1397.6916794776917,0.03937419065951368,0.005379933881759703,0.012358911705017392,0.00030486240386962864
7700,1413.3378720283508,0.03715165755177099,0.005444810533523625,0.01238742833137543,0.00039916329383850107
7800,1430.4872007369995,0.03411728370657891,0.005466333580017159,0.012354876279831244,0.000445473003387451
7900,1447.585902929306,0.03983979554659189,0.005561666774749824,0.012317794275284073,0.00044351396560668964
8000,1464.6713149547577,0.031590399629316035,0.005431481647491529,0.012395143556595156,0.0004488984107971202
8100,1482.6708760261536,0.03374907776177879,0.005581147432327352,0.012416380691528546,0.000471427392959593
8200,1509.1713237762451,0.04367431460595877,0.005518019771575997,0.012347261476516984,0.0007658181667327868
8300,1540.2009372711182,0.041517432312900476,0.005521960401535112,0.012375267648697216,0.000840381574630738
8400,1566.567046403885,0.029481083536099194,0.005466179227829052,0.012398082733154585,0.0007246067047119144
8500,1599.2461450099945,0.031019566246528706,0.0055526785135269876,0.012374546587467464,0.0008426245093345658
8600,1622.6006865501404,0.03012677170498354,0.005492580413818432,0.012376362800598421,0.0005493266105651852
8700,1652.4907734394073,0.03546779183287162,0.00553337426185614,0.01234312353134182,0.0008151364803314195
8800,1669.8822202682495,0.032110451720656276,0.005531976270675718,0.01243300614357023,0.00043409161567687835
8900,1683.7995522022247,0.03843120431375184,0.005477243471145688,0.01244948763847381,0.0003553335189819335
9000,1696.6097693443298,0.03215557852158393,0.005504430246353227,0.01244142580032378,0.0003389848232269278
9100,1714.6631438732147,0.035354769343845155,0.005481166839599692,0.01242078509330778,0.00045512695312499975
9200,1731.916931629181,0.03323248112900445,0.005502491617202818,0.012306644344330098,0.0004383605957031242
9300,1748.524912595749,0.03055040244589964,0.0054954571723938705,0.012402228307724257,0.00042084903717041
9400,1764.5620131492615,0.027945333418220284,0.005573715734481883,0.012315954589844,0.00040216403007507345
9500,1778.5473320484161,0.0371780359971409,0.005511829042434759,0.01233974437713649,0.0003468477725982668
9600,1792.7226598262787,0.0308325441941812,0.005503464508056718,0.012362170982361118,0.0003552394866943346
9700,1819.6338317394257,0.03002780198164198,0.00550778045654304,0.012362843894958772,0.0007472581386566159
9800,1845.8423392772675,0.03437523495497044,0.005495286703109815,0.012403854036331445,0.0006959777355194087
9900,1873.548505306244,0.035899319882154994,0.005563977813720786,0.01242403426170374,0.0007604937076568593
10000,1888.8200392723083,0.03039390926671266,0.005511434507370064,0.012304434108734425,0.00039320101737976004
10100,1904.5083429813385,0.03222366597792997,0.005517932224273754,0.012387049674988083,0.00040448479652404674
10200,1924.4282495975494,0.029040375373630276,0.005481204462051462,0.012394942617416638,0.000512890243530275
10300,1948.610589981079,0.03274845174744709,0.005475763177871774,0.012296450901031796,0.0006410133361816418
10400,1972.8453485965729,0.023435624300010477,0.005553009366989203,0.012342891073227193,0.0006445399761199959
10500,1994.3060550689697,0.03125475110142486,0.005534613370895476,0.012339886188507359,0.0005686897277832029
10600,2009.7022817134857,0.025046055442526076,0.005353201198577931,0.012336298179626805,0.000389169168472291
10700,2029.3923275470734,0.024107598622205458,0.00544825677871711,0.0123988570690158,0.0004926834106445306
10800,2056.8061990737915,0.03198443194537217,0.005469987630844185,0.012267716264725026,0.0006361476421356201
10900,2080.1771879196167,0.027110339120047882,0.005514580106735291,0.012408606433868659,0.0005596595764160162
11000,2097.6840159893036,0.030358860550181044,0.00543861913681037,0.012336799478531195,0.00044436798095703043
11100,2109.5711164474487,0.026764003466334976,0.005513660955429148,0.012374312925339047,0.0002872749805450436
11200,2125.4836921691895,0.027545939671159796,0.005562843465805125,0.012337631607055921,0.0004907235622405991
11300,2153.869468688965,0.02637342088814652,0.005632532596588203,0.012473277807235967,0.0008431346893310555
11400,2187.9654700756073,0.025739469028214244,0.005452232837677064,0.012352700138092327,0.0009010895252227791
11500,2212.095261335373,0.02482444652764658,0.005419015216827475,0.012390175437927526,0.0005717135906219497
11600,2238.407559633255,0.022939774506768394,0.005622653961181716,0.012352015542984263,0.000633108854293824
11700,2258.586494207382,0.02250567075056115,0.005464868783950871,0.012482614040375045,0.0005177145004272461
11800,2286.179688692093,0.021778852799877287,0.00552557415962225,0.012370999097824388,0.0007107367992401144
11900,2317.9747636318207,0.02525254661257229,0.005484214925766065,0.01231978273391755,0.0008504731655120831
12000,2351.163419008255,0.03243103543947435,0.005542056655883856,0.012297493696213045,0.000885678625106815
12100,2374.504954814911,0.025816376685301207,0.005499349546432565,0.012359295558929733,0.000597423648834229
12200,2391.2799303531647,0.024464317854059656,0.005528053140640331,0.012390442085266358,0.00040467939376831084
12300,2407.5446257591248,0.023573026030534853,0.005495681619644236,0.01228812870979337,0.0003896907329559328
12400,2427.825044155121,0.020183553849786307,0.005526740932464671,0.012436309385299923,0.0005108521461486813
12500,2458.7062113285065,0.022167867271503473,0.00545253820419319,0.012314397192001628,0.0008370275020599363
12600,2487.170855998993,0.021234937790438342,0.005550821447372519,0.012420252561569449,0.0007723419189453099
12700,2512.7924315929413,0.023739292234791775,0.005462434494495456,0.012412398803234435,0.0006759594321250916
12800,2538.553686618805,0.019126527275941142,0.00545315756797798,0.01236181225776702,0.0007047287940978987
12900,2563.3869733810425,0.019282244456280222,0.005469366312027049,0.012465776491165448,0.0006582096576690678
13000,2595.5898077487946,0.02052230963221895,0.005592689371109065,0.012371929883957196,0.0008773361682891836
13100,2623.529536962509,0.01772670978302988,0.005557460880279606,0.012363315820694254,0.0007809967994689926
13200,2647.959613800049,0.0160470691795477,0.00554964380264289,0.01238389387130765,0.0006344158172607417
13300,2667.684784412384,0.021835156723107964,0.005506479787826629,0.012393637943268086,0.0005022867202758782
13400,2694.954642534256,0.019862235921864556,0.005566381454467856,0.012373666477203636,0.0007423091888427723
13500,2721.1472702026367,0.024179600407693323,0.005477214574813904,0.012344337368011722,0.0007641374111175526
13600,2732.4522893428802,0.024366260442588657,0.005471478652954173,0.01239298667907741,0.00028692493438720637
13700,2746.687029361725,0.021672945104570025,0.005515128087997509,0.012308163022995306,0.00036087064743041945
13800,2779.3399665355682,0.01933712174889101,0.005547694540023878,0.012367589855194351,0.0009004270553588849
13900,2808.8191423416138,0.021100727430740065,0.00545102553367621,0.012319007825851706,0.0007874200344085683
14000,2837.400266647339,0.023466859965078322,0.005476471567153994,0.012305291795730864,0.000791419982910155
14100,2863.060539007187,0.019186958915137532,0.00555300498008735,0.01238409380912805,0.0007065124988555918
14200,2880.642312526703,0.023804539903631395,0.005520888137817451,0.012412344264984401,0.000450269889831544
14300,2907.9891424179077,0.018035471549334044,0.005484602212905972,0.01240891733169584,0.0007444230079650882
14400,2939.2697563171387,0.022802667859495,0.0054828876972199195,0.012292555332184105,0.0008640446186065665
14500,2959.2707059383392,0.018835209031200888,0.005424566507339552,0.012363323116302831,0.0005031042575836179
14600,2975.538414955139,0.016556618187536325,0.005570798873901448,0.012320714378357188,0.0003980367660522468
14700,2992.8363568782806,0.017647493186690594,0.00551574411392219,0.01234694085121182,0.00041330614089965767
14800,3015.1893570423126,0.016706536550903973,0.005479186868667671,0.012343393898010506,0.0005821166515350336
14900,3038.4651629924774,0.01759174628123906,0.00555844984054572,0.012401884222030922,0.0006090918540954575
15000,3060.1017343997955,0.018333959433693744,0.005501321220398024,0.012359345102310475,0.000556285715103149
15100,3085.030931711197,0.014837814709003316,0.005559300470352244,0.012444038820266961,0.0006761876106262201
15200,3107.96560382843,0.016746629923719135,0.005508148431778021,0.012389055061340597,0.0005794863224029532
15300,3122.8261086940765,0.01651210912083446,0.00541490116119391,0.012322814798355418,0.0003604709148406985
15400,3135.35680603981,0.01707179554169407,0.0056032537460327944,0.012420531177521019,0.00031239762306213304
15500,3165.4591207504272,0.01571198945852265,0.005500046396255552,0.012391934442520437,0.0007938687801361091
15600,3197.1143453121185,0.015146062094372508,0.005538144207000812,0.012368160104751889,0.0008928331375122086
15700,3212.06813955307,0.01855592030588333,0.005446042346954422,0.012370857524872134,0.00038100352287292474
15800,3222.9147181510925,0.01603713972945069,0.005571307992935255,0.012321225404739629,0.0002704820632934572
15900,3234.0771095752716,0.013556481682706118,0.005463608551025471,0.012381104326248444,0.0002838817119598384
16000,3251.0219628810883,0.015862787734933693,0.005444353294372619,0.012319375991821573,0.0004372254371643047
16100,3274.114963531494,0.013485413303968335,0.005534337139129705,0.012453788375854778,0.0005860455036163337
16200,3292.5433733463287,0.013001214071335795,0.005548365259170606,0.012408188581466919,0.00046958889961242834
16300,3323.102957010269,0.014465044047302178,0.005457307291030933,0.012357301521301552,0.0008329203605651856
16400,3354.7697598934174,0.015611585072381317,0.005495013046264723,0.012380281734466834,0.0009187921047210688
16500,3388.5547862052917,0.019434409763271206,0.005413775920867991,0.012303964519501021,0.0009477023124694821
16600,3403.9275608062744,0.01289324810843553,0.005514128828048786,0.012439819860458638,0.00040325136184692295
16700,3415.610013961792,0.015901873671197976,0.00545820741653449,0.012358209037781082,0.00029579200744628894
16800,3440.380579471588,0.015142842327275148,0.005510608720779485,0.012338492488861366,0.0006840645313262946
16900,3469.272817134857,0.012355187124218379,0.00548818297386176,0.012366343307495415,0.00078928303718567
17000,3505.6094455718994,0.016769916771858948,0.005471014952659681,0.012363219809532417,0.0010655439734458922
17100,3522.541234254837,0.012548043204962047,0.00556260061264045,0.012343977451324746,0.00048066539764404195
17200,3534.769978761673,0.01624293048739002,0.005390788030624451,0.012393241930008226,0.0003178915023803711
17300,3553.043356895447,0.014856364676876802,0.005475626373291075,0.012351540231704957,0.000455394315719605
17400,3575.640291929245,0.015103014321719439,0.005569602775573806,0.012388347434997848,0.0005635904312133779
17500,3602.430454969406,0.014603385290170285,0.005359116172790593,0.01231920309066804,0.0007091485977172846
17600,3625.8112754821777,0.010412116283474415,0.0055391854286194545,0.012375757074356342,0.0006239963531494144
17700,3641.5540854930878,0.011288036326752513,0.0054673773765564655,0.012390205717087082,0.0003998996257781991
17800,3658.889075756073,0.013471732402240935,0.005478633022308419,0.01239446582794219,0.0004627600669860839
17900,3688.351189851761,0.00984076634122304,0.005400307369232244,0.012315347385406768,0.0008325860023498536
18000,3712.3407621383667,0.015269349574324855,0.0055067778110504916,0.01227044835090664,0.0006449455261230454
18100,3737.398381471634,0.01003718031532143,0.005637844991684041,0.012398877143860159,0.000682048273086548
18200,3760.4425296783447,0.014511669636254877,0.005485962963104315,0.01244392056465179,0.0006264858722686757
18300,3778.003282546997,0.012604521078368448,0.005591221189498991,0.012300054693222316,0.00045623373985290475
18400,3793.287589788437,0.012494584331430962,0.0055238952159882325,0.012375788784027307,0.0003919577598571766
18500,3810.9975469112396,0.01532936116165052,0.005525666522979811,0.012381574821472435,0.00043259711265563835
18600,3832.661967754364,0.012445867891060567,0.005527566337585521,0.01238563828468352,0.0005624100685119641
18700,3852.5162761211395,0.01573465961428686,0.00557074441909799,0.012375018215179693,0.00043640527725219696
18800,3871.6292498111725,0.014446324783738404,0.005522445535659857,0.01244413352012663,0.000392557907104491
18900,3890.8846554756165,0.014027504204605854,0.005525674104690629,0.012375515556335736,0.0003916501998901368
19000,3909.944109916687,0.012906037285331497,0.005509821605682443,0.012322150421142828,0.00038968214988708416
19100,3928.6165583133698,0.009095030732886854,0.005482478523254464,0.0123473282814029,0.0003878277301788324
19200,3947.5304868221283,0.012108314616484312,0.005557920551300118,0.012392175292969028,0.00038940877914428636
19300,3966.4658954143524,0.010906820085405923,0.005504988861084056,0.012402718353271797,0.00038999104499816856
19400,3985.3606293201447,0.012394508093256928,0.005547014808654851,0.01237189221382167,0.00038795113563537607
19500,4004.3410925865173,0.013731535992488995,0.005517703390121542,0.012306085634231854,0.00038880858421325745
19600,4023.31249499321,0.014080630263957701,0.005416062259674137,0.012344903659820858,0.00038991117477417
19700,4042.6145162582397,0.017637264259651744,0.0054711153507233405,0.012354764175415337,0.00039118494987487796
19800,4061.7420134544373,0.011058122780834716,0.0054891729354859045,0.012394624853134435,0.0003903047084808355
19900,4080.949993610382,0.015091320179648284,0.005512293767929159,0.012404495239258056,0.00038972291946411255
20000,4100.285643815994,0.010875681767396119,0.005523241615295486,0.012349327468872351,0.000392196416854858
20100,4119.2953996658325,0.011821138390354308,0.0054217767238617645,0.01237843866348291,0.00039172906875610455
20200,4138.335335969925,0.013770786972041727,0.005462821626663279,0.01233624992370633,0.0003931175231933579
20300,4157.644967794418,0.012786580696452776,0.005529872512817459,0.012284517955780314,0.000392722177505494
20400,4176.91548371315,0.011571214403679182,0.005521804618835526,0.012326302194595587,0.0003928810119628912
20500,4195.5634751319885,0.008328667102337883,0.005515282154083325,0.012370719814300832,0.0003916411876678471
20600,4214.161219358444,0.0108887871541634,0.0055315530300141125,0.01244680948257477,0.00039068865776061993
20700,4233.010259151459,0.015091613939445412,0.005525810432434161,0.01245044202804591,0.00039235143661499057
20800,4251.468843460083,0.011248907044923815,0.005530554389953679,0.012414576435089409,0.000392360019683839
20900,4270.023738622665,0.01072502004900486,0.005450027036666929,0.012411364173889487,0.0003915301799774184
21000,4288.605637311935,0.011955193591372482,0.005518286800384582,0.012345013952255514,0.00039198088645935053
21100,4307.118632078171,0.009951174873343132,0.005454235267639231,0.012415924072265884,0.0003897074699401853
21200,4324.698199510574,0.012722432099131936,0.005625258684158403,0.012389170575142104,0.00037772412300109907
21300,4339.134513139725,0.009205057178867734,0.005457899522781433,0.012467607736587772,0.0003492072582244881
21400,4353.745407104492,0.013044927163409999,0.005509615612030096,0.012353011655807766,0.00034710798263549753
21500,4368.943475961685,0.012796743482426346,0.005528610944748,0.01240378184318569,0.00035370478630066015
21600,4384.152150630951,0.010477935372225071,0.005576642608642661,0.012409877252579018,0.0003514785289764411
21700,4399.432021141052,0.010891902596631444,0.00554876065254219,0.012361500024795843,0.00035632529258727966
21800,4414.905194044113,0.010802544864045025,0.005509114789962826,0.012369345617294622,0.00035566015243530184
21900,4430.202865123749,0.011266167352835288,0.0054395933628082925,0.012436376857757822,0.00035402741432189936
22000,4445.166467189789,0.008695008141749743,0.005459149217605667,0.012508309984207423,0.00035049061775207385
22100,4460.2352113723755,0.012079488590181275,0.0054353637218476115,0.01237865567207364,0.0003525079250335692
22200,4474.808453083038,0.010045959926922992,0.005523334264755327,0.012399670171737941,0.0003491170406341558
22300,4489.616539239883,0.01186367613279052,0.005503219461441109,0.012376744318008712,0.0003508192062377926
22400,4504.905804395676,0.013528704333866074,0.005531764173507766,0.012339860773086776,0.0003559732913970957
22500,4519.769671678543,0.009426206989335916,0.005507766532898012,0.012298304176330887,0.00035054011344909554
22600,4534.943620681763,0.01655999572554351,0.005480881977081373,0.012367322444916042,0.00035325465202331506
22700,4550.274363517761,0.012094911038816412,0.005548159980773988,0.012319934272766363,0.00035670747756957996
22800,4565.2212636470795,0.009124582801468299,0.005457414150238101,0.012381524419784825,0.00035190143585205167
22900,4580.1923224925995,0.011508868352807382,0.005476250314712592,0.012338667201996112,0.0003505501270294181
23000,4594.8208549022675,0.010684072149230332,0.005528634691238473,0.012286649036407723,0.0003482600688934326
23100,4609.292968988419,0.008075544471875655,0.005456973743438795,0.012316583204269673,0.00034894323348998987
23200,4623.824913978577,0.010755057002991973,0.00554639420509346,0.012413678026199675,0.0003512049674987783
23300,4638.420300245285,0.010839993724711915,0.005504038476944032,0.012419059276581039,0.00034788880348205647
23400,4653.031285762787,0.010890850883640122,0.005493493461608969,0.012440552663803365,0.00034982013702392593
23500,4667.687723636627,0.008883113356792845,0.0056360690593720295,0.012407183504104883,0.00035150260925293034
23600,4684.310316562653,0.00961805101008915,0.0055111262321472865,0.012388592481613425,0.0003462953090667734
23700,4698.957321882248,0.01220127032004762,0.005479098749160832,0.012383434104919721,0.00035793828964233434
23800,4713.589317321777,0.011759851279646396,0.0054908242702484825,0.012276927518844875,0.00035682916641235294
23900,4728.64636015892,0.009595810307839002,0.005563092279434268,0.012406384611130082,0.000359966516494752
24000,4743.41900062561,0.009945407129091406,0.005451817560195988,0.01239923720359831,0.0003578733444213857
24100,4758.2985644340515,0.009519446060021822,0.005470086574554504,0.01246550974845913,0.0003584671974182119
24200,4773.106787919998,0.008925187995217482,0.005509901905059887,0.012395680189132974,0.0003595436096191404
24300,4788.245765447617,0.009285085118783877,0.00556759533882148,0.012366258192062636,0.00035914940834045424
24400,4803.176614046097,0.007997021182871347,0.005476644277572711,0.012289713621139812,0.0003685118198394767
24500,4817.931102991104,0.009959597192819263,0.005486693716049266,0.012330624437332403,0.00035178270339965783
24600,4832.6714017391205,0.01067640105888652,0.005523721694946364,0.012350291204452796,0.0003545507431030279
24700,4849.695524930954,0.009293035594992151,0.005607824897766197,0.012326906251907598,0.00038723559379577594
24800,4866.522931098938,0.00806119070116435,0.005499651002883974,0.012353296375274903,0.0003855012416839614
24900,4883.157535076141,0.00806317014762794,0.005488890933990548,0.012323121452331871,0.00038479728698730375
25000,4900.210285902023,0.012301831738038999,0.005432120752334654,0.01230146932601958,0.0003864981651306156
25100,4917.317948579788,0.014320858279154363,0.005497721385955887,0.012325840425491619,0.0003860067844390869
25200,4934.993368387222,0.009158612232843488,0.005437721300125177,0.012395040845871261,0.0003906815052032478
25300,4952.078997373581,0.012602545271573626,0.005520775318145822,0.012375331258774077,0.00038700599670410044
25400,4969.5985634326935,0.009482942656766571,0.0054968232393265495,0.012290171420574467,0.000395642185211183
25500,4984.194568634033,0.008824540487596979,0.0054632079124451345,0.01239638924598719,0.0003497792720794682
25600,4999.061104059219,0.009386710307856053,0.005486951017379835,0.01244217824935941,0.00035595655441284164
25700,5013.842121124268,0.012775957695408218,0.005504129934310982,0.012340254545212027,0.0003556627273559571
25800,5028.769258737564,0.009953984500685444,0.005518611669540477,0.012362845802307478,0.0003579743862152106
25900,5043.923077106476,0.01087899721600665,0.00556884722709662,0.012392372846603703,0.00035778784751892086
26000,5059.011904716492,0.01046964311542698,0.005575974130630568,0.012308859825134598,0.00035738139152526846
26100,5074.232755422592,0.013529613645709149,0.005564759778976516,0.012398192739486977,0.000358308553695678
26200,5089.229266643524,0.008702515100599348,0.005461583662033142,0.012256501054764102,0.0003554148674011232
26300,5105.529370069504,0.00935107473991623,0.005564578580856406,0.01241759753227257,0.00038920249938964797
26400,5121.91782617569,0.007994104424969036,0.005438161134719915,0.01231613922119168,0.0004001720428466799
26500,5137.986081600189,0.00682523863256484,0.005470317935943676,0.01234987215995818,0.0003987222671508795
26600,5154.31644487381,0.009748346735934232,0.00548790659904486,0.012256102275848673,0.00039908843040466316
26700,5170.744800567627,0.0087189469305842,0.005522348308563319,0.012388926076889302,0.0003988566398620609
26800,5187.288515806198,0.010268852330991438,0.005392050218582224,0.012344672822952546,0.0003998702526092532
26900,5204.158691883087,0.010967902202122038,0.005487861680984568,0.012488284063339496,0.00040401544570922644
27000,5220.604264259338,0.012515673647454153,0.005530257225036697,0.012354485559463757,0.00038350100517273026
27100,5235.9126942157745,0.007622458968589865,0.005491190099716257,0.012355646800995162,0.0003560601711273192
27200,5251.200152397156,0.009352749696518189,0.005497406911850049,0.012477713537216424,0.0003566802978515612
27300,5266.747797966003,0.011445627234369165,0.005399528932571496,0.012443403100967696,0.00035664496421813956
27400,5282.353078842163,0.009487469689903112,0.00549043807983405,0.012361397027969618,0.0003601502418518072
27500,5297.803688526154,0.009613588007641978,0.005585097980499348,0.01238155193328882,0.0003559002876281727
27600,8355.580759048462,0.01143013847051058,0.005532965850830164,0.012401464223861968,0.00037693328857421826
27700,8386.700296401978,0.011698720575333763,0.0054905704975128896,0.012379499626159952,0.0008693516731262197
27800,8402.063497066498,0.00841306949196847,0.00555991301536567,0.012442113780975643,0.00037537865638732795
27900,8416.981102228165,0.008751301151822237,0.005420255756378243,0.012332918024063375,0.0003551655769348152
28000,9446.052105665207,0.008363305878797323,0.005568907403946007,0.012389841604233032,0.0003826757907867429
28100,9462.523106098175,0.007403089955251606,0.005506248855590894,0.012347487974167121,0.0003904121398925791
28200,9477.974488973618,0.008820722708682293,0.005519144153595042,0.01229702410697966,0.0004052116394042981
28300,9492.54783153534,0.009550621944357492,0.0054886640548706825,0.012294077491760529,0.00037956953048706135
28400,9506.718936920166,0.007686259784339974,0.005447781467437815,0.012429071950912765,0.0003859454154968268
28500,9521.038759469986,0.007502062542665139,0.005531069660186841,0.012383788633346831,0.00038854775428771903
28600,9535.798030614853,0.010621367986107945,0.00553217854499824,0.012356877374649333,0.0004079315662384037
28700,9550.120023965836,0.0068182693450384154,0.005495310974121151,0.012380210876465132,0.0003935184955596949
28800,9564.020128011703,0.01231841714084724,0.005521870183944769,0.012289969205856607,0.00038322224617004367
28900,9578.311555862427,0.013811175466458589,0.005467163085937573,0.012324765920639308,0.0003904789447784412
29000,9592.545703411102,0.008002938357763341,0.005602229690551837,0.012371449565887689,0.0003900981903076175
29100,9606.948235273361,0.007242718298775718,0.005546353673934998,0.012323101615906065,0.0003912823200225836
29200,9620.848865032196,0.007135813046793007,0.005471762704849314,0.012415098953247388,0.0003878590583801281
29300,9634.254433631897,0.010509165271715935,0.005488823556900096,0.012333721351623821,0.00038299956321716526
29400,9648.642501354218,0.00853131791153551,0.005572959756851262,0.012446741104126285,0.0003975400924682635
29500,9663.355367183685,0.010413290945332377,0.005393181657791207,0.012383372068405472,0.00041130585670471216
29600,9680.469797611237,0.009625104720799714,0.005545723581314162,0.012377060222625991,0.0004807755470275895
29700,9695.971274375916,0.0074907570987766126,0.005520217895507876,0.012439930891990946,0.00043261308670044065
29800,9718.511418581009,0.008264063462443573,0.0054866069793701846,0.012403446531296039,0.0006670051574707035
29900,9750.213198900223,0.007453185983172026,0.005566919994354319,0.012399235105514805,0.0009875940322875956
30000,9766.62739610672,0.011178924442748256,0.005543338775634835,0.012369857931137363,0.0004693381786346438
30100,9780.777106761932,0.009878904992851042,0.0054954061985016565,0.012332696294784829,0.00038862347602844355
30200,9795.717914819717,0.008680590934039098,0.005486451816558919,0.012305263471603716,0.00039762110710144004
30300,9811.45325422287,0.00825189075259421,0.005537686872482382,0.012328334045410444,0.00044833850860595667
30400,9839.560178995132,0.011916479320696553,0.005439579486846994,0.012371181678772275,0.0008243272781372049
30500,9863.567006111145,0.01182278589567302,0.005549973154068075,0.012429783248901649,0.0006972155094146716
30600,9892.361767292023,0.010296201633582523,0.005534030342102121,0.012548960876465136,0.0009259191513061545
30700,9906.467529535294,0.008695030315443601,0.005591525363922192,0.012405791378021528,0.000387126350402831
30800,9921.843463420868,0.009532190983382753,0.005376742887497033,0.012274513912201222,0.00040386786460876455
30900,9945.446789741516,0.007965192979147018,0.00555613598823554,0.012314959287643685,0.0006930428028106705
31000,9972.560369253159,0.008352531404117158,0.005565320158004837,0.012412296199798839,0.0007987056732177736
31100,10001.403461456299,0.008960598949580179,0.005536451721191478,0.012337420463562294,0.0008860358238220198
31200,10016.70455622673,0.007017892771307755,0.005499480724334776,0.01239259872436551,0.00044273209571838465
31300,10031.495048999786,0.012152370784150457,0.0055249042987824196,0.012375754547119464,0.00039175395965576257
31400,10046.840911865234,0.00988956801342921,0.0055301321506501045,0.012406668043136847,0.00040439591407775993
31500,10070.581324577332,0.009005884165563869,0.005431495141983101,0.012356896257400803,0.0006931994438171381
31600,10095.808393716812,0.00725562252238028,0.005460546684265188,0.012330165386200236,0.0007424985408782963
31700,10117.592547893524,0.008127434068237304,0.005564442682266309,0.01245592722892784,0.000634246397018434
31800,10138.39467048645,0.008849933492419512,0.005443975591659609,0.012289821910858407,0.0006119730472564703
31900,10153.323011159897,0.010186176121262656,0.005554124402999952,0.012458763790130898,0.00041215281486511266
32000,10167.882294416428,0.009650150137674037,0.005527309656143264,0.012380235958099608,0.00038822946548462104
32100,10184.971374988556,0.008318837122496885,0.005502348279953067,0.012397827100754079,0.0004729118347167976
32200,10212.774153232574,0.007147270092888241,0.005402573490142904,0.012348853540420807,0.0008605169296264641
32300,10240.393009662628,0.008773506681983676,0.005470851373672557,0.012439596462250046,0.000845697641372679
32400,10263.050664663315,0.0074897068617047705,0.005487265777587964,0.012287872028351117,0.0006803120136260986
32500,10282.86005806923,0.009528787531328724,0.005447554540634225,0.012331432247162162,0.0005952456474304208
32600,10297.614582777023,0.007565435712067684,0.00546551609039312,0.012378417158127087,0.0004204225063323973
32700,10314.942215919495,0.009429029992396382,0.0054882037162781476,0.012337381792068771,0.0005104597568511973
32800,10341.89624261856,0.008104910614340212,0.005483667564392162,0.012218481874466218,0.0008302360534667957
32900,10367.726504564285,0.008256025815201325,0.00549852008819587,0.012364833736419951,0.0007794467449188231
33000,10384.795423269272,0.009285658336525258,0.005539937448501658,0.01240613880157503,0.0005023616790771493
33100,10399.565787792206,0.0071919597988710825,0.005504772567749089,0.012339001655578887,0.0004588254928588853
33200,10415.562914848328,0.008383045692253031,0.005452115058898991,0.012307404947281149,0.0004453618049621569
33300,10429.056084632874,0.0075486173064447815,0.005480101442337106,0.012439663553238224,0.00040856752395629814
33400,10442.59172987938,0.009579318308065285,0.005536854934692466,0.012365501689911167,0.00041589736938476565
33500,10460.002233505249,0.009459873680932186,0.005515059995651307,0.012389601850509918,0.0005122648715972899
33600,10480.926070928574,0.007953236554110338,0.005527285099029633,0.012316989135742465,0.0006164573192596464
33700,10504.253597021103,0.007004431829007956,0.005585955905914378,0.01240386443138148,0.0007593836307525655
33800,10515.895893335342,0.006652408677656572,0.005451407766342232,0.012337205886841108,0.0003561671257019039
33900,10533.13392829895,0.007836795367075336,0.005588568675518113,0.012450506675243642,0.000495649313926697
34000,10550.462619781494,0.007805313415615323,0.005437235260009829,0.012361925315857204,0.0005228316307067872
34100,10572.505176782608,0.010458579640130021,0.005511105775833204,0.012363544178009285,0.0007074785709381077
34200,10591.856768131256,0.007358692729039638,0.00549600987434394,0.012362749862671196,0.0005902813911437997
34300,10608.36767745018,0.007402995282957621,0.005453034496307438,0.012381104898453045,0.00047572073936462395
34400,10622.799028873444,0.007477143877340376,0.005531717109680251,0.012346082305908461,0.00043009095191955506
34500,10644.981844186783,0.009791581575131955,0.005455724668502882,0.012368792104721355,0.000682069158554078
34600,10671.502891540527,0.00853378774738562,0.005437059259414746,0.012319457292557054,0.0008300786495208734
34700,10694.939710855484,0.009054576791199026,0.005454551076889111,0.012341066741943619,0.0007082720279693598
34800,10719.898050546646,0.007095077869217116,0.005456575489044265,0.012410288095474549,0.0007592752933502193
34900,10739.107937574387,0.00806299031137589,0.005520078849792566,0.01246744766235379,0.0005721865653991701
35000,10761.109138250351,0.00784975970422784,0.0055370397567749766,0.01230458974838285,0.0006458178520202627
35100,10779.460050821304,0.008924970669854928,0.0054871403217316315,0.01232487149238614,0.0005268146514892582
35200,10794.090745449066,0.008596090306642051,0.005454077291488705,0.012425307464599902,0.0003953788757324227
35300,10809.966325998306,0.008203011047759095,0.005505971193313676,0.012419933748245538,0.00045304803848266606
35400,10833.506044864655,0.007245174740847803,0.005484034490585387,0.012372720670700364,0.0007659894466400169
35500,10857.13100862503,0.006931495153693671,0.005527309799194405,0.012406468439102473,0.0007444692134857169
35600,10878.15911769867,0.007425372183818974,0.005412947177887028,0.012366267061233817,0.0006682654857635478
35700,10897.887402772903,0.008980684172329114,0.005470227813720769,0.012363603115082094,0.0005807061195373524
35800,10916.837357759476,0.009851275628718596,0.005540379047393868,0.012269107341766627,0.0005463490009307861
35900,10937.18004822731,0.007083019299226913,0.005513608026504592,0.012439397335052749,0.0006137997627258314
36000,10963.379799365997,0.006687056995042042,0.005518949556350766,0.012399446010589888,0.0008197281837463373
36100,10982.514247179031,0.008020289370885926,0.005554992103576732,0.012354094505310324,0.0005664483547210685
36200,10997.569035053253,0.006904323297127449,0.005549203300476151,0.012339338159561373,0.00043053913116455
36300,11012.289463281631,0.008543923769487826,0.005557881546020573,0.01236870603561427,0.00041373672485351483
36400,11027.08464884758,0.010551924186496415,0.005500941276550365,0.01234407219886807,0.0004170884132385259
36500,11059.217104196548,0.009968068418235887,0.00543785400390632,0.012340905475616734,0.0010282516002655016
36600,11091.563182592392,0.007088451798341053,0.005549319314956749,0.012394680786133061,0.0010420121192932109
36700,11120.963046073914,0.010527124856643554,0.005591380262374946,0.01237039456367518,0.000991275978088379
36800,11135.382029533386,0.007192885634503084,0.005516273641586373,0.012425819683075188,0.00039728031158447254
36900,11149.295781373978,0.007347932206110385,0.005474164867401193,0.012411921310425114,0.00039830970764159973
37000,11164.736814498901,0.00750367719350621,0.00552763991355903,0.012398008918762509,0.00045471882820129455
37100,11176.506876707077,0.0072445711312707295,0.0055065052986145715,0.012320666170120507,0.000351817274093628
37200,11187.967225551605,0.00789659927403982,0.00548523936271674,0.012347938489914221,0.00033031005859374926
37300,11208.328717947006,0.007236273786214533,0.005526629924774245,0.012386022233963274,0.000625783824920655
37400,11234.005325555801,0.009939009615546364,0.005470536661148139,0.012342100429535154,0.0007078668117523193
37500,11254.194149971008,0.006800334089132527,0.00555989980697639,0.012377390480041788,0.000608674907684326
37600,11278.662437677383,0.006680410465650392,0.005616565799713218,0.012433893918991372,0.0008043945789337162
37700,11308.605719327927,0.009352975251016167,0.005594717741012647,0.012295124006271661,0.0009747993469238285
37800,11324.209785938263,0.00798956784940283,0.0055236470699311065,0.012294980812073052,0.0004780800819396988
37900,11341.69921040535,0.006185212663046057,0.005539896488189765,0.012380225753784446,0.0005615581035614002
38000,11362.791917085648,0.009884598729960385,0.005452095317840644,0.012400305747986135,0.0006237079620361312
38100,11381.616970062256,0.011692311487658988,0.005423004806041794,0.012352481675148304,0.0005540935277938835
38200,11403.785219192505,0.008228583993357852,0.0055111757278443075,0.01240756497383146,0.0006580762386322026
38300,11437.455528736115,0.008584124863551234,0.005445185089111404,0.012342798042297631,0.0011431290626525855
38400,11449.6747341156,0.00864721763970078,0.005564604854583802,0.01234332628250151,0.00035897426605224596
38500,11462.649383306503,0.007688674058527685,0.005485599040985179,0.0123495127201083,0.0003663615226745609
38600,11479.339903354645,0.007194063296994563,0.005477807188034141,0.012390747690201119,0.0004837352275848384
38700,11495.507410049438,0.006487835635153815,0.005574612283706731,0.012407257604599275,0.0004804728507995604
38800,11516.029028654099,0.009495637728065987,0.005453615427017281,0.01236235294342069,0.00059878396987915
38900,11538.850935935974,0.0103578406174035,0.005524870920181339,0.01245778126716639,0.0006921929359436035
39000,11560.867075681686,0.00706746323343686,0.005533952426910468,0.012386804103851602,0.0006300541400909431
39100,11576.812305927277,0.00739688449290298,0.005589244413375931,0.012445639657974563,0.00047488164901733474
39200,11593.449696779251,0.009306831672253157,0.0055573192119599156,0.012336861419678024,0.0005040195465087894
39300,11606.294531822205,0.007464591493152806,0.00551906433105476,0.01240815567970304,0.00039239687919616665
39400,11620.360220432281,0.00697713632073489,0.005426099872589173,0.012410482263565331,0.00041853847503662065
39500,11638.70598602295,0.008239485275206716,0.005543240737915103,0.012363480901718415,0.0005421676158905027
39600,11658.010677337646,0.006949510928859221,0.005527344036102361,0.012336167478561748,0.000598063898086549
39700,11673.698615074158,0.008433425201712981,0.0054511531352997465,0.012381194448471355,0.00046619806289672735
39800,11690.332711458206,0.0088235207916981,0.005525822687149125,0.01237212085723907,0.0004747611999511723
39900,11707.281514883041,0.009367861748019943,0.0054874409675599,0.01235503454208399,0.0004846779346466057
40000,11723.58573269844,0.007087722511288273,0.005519842243194648,0.012390457391739131,0.0004813384056091296
40100,11735.8314640522,0.006151043386786252,0.00550902466773994,0.012445746946335106,0.00037560005187988284
40200,11748.748202323914,0.006888196167624804,0.005478811836242749,0.012400513172149952,0.00040373926162719757
40300,11764.797806024551,0.00840780475473778,0.005418015432357858,0.012401215457916549,0.00047890038490295406
40400,11783.339397192001,0.009809844436783295,0.0055308234691620484,0.012302690744400284,0.0005704391002655014
40500,11810.095862865448,0.009343031888246601,0.00554834990501411,0.012340893316269188,0.000798609828948975
40600,11831.331072330475,0.008578685517578014,0.0055749144554139,0.012391925716400395,0.000634318685531614
40700,11849.708661079407,0.007907937378367312,0.005530690574646074,0.012301827001571912,0.0005213938236236557
40800,11866.678674936295,0.007236880987374815,0.005594358205795355,0.01234919896125819,0.000467407035827637
40900,11890.545807361603,0.008802407506295285,0.005401939296722472,0.012324568367004669,0.0007068240165710443
41000,11912.975808858871,0.009778856286050734,0.005555955362320023,0.012296474599838528,0.0006503261089324962
41100,11937.241207361221,0.007170771738369322,0.005573471736908024,0.012369754886627454,0.0007354499340057374
41200,11956.519765853882,0.007367444761922182,0.005492818880081256,0.012389100456238039,0.0006232007026672348
41300,11967.546168327332,0.006906159857793864,0.0054878801822663015,0.012421791267395357,0.00032604827880859335
41400,11978.48228430748,0.008927462567488074,0.0054910707473755605,0.012361227226257598,0.00035200071334838925
41500,11993.786904096603,0.00876686448972018,0.005482581758499211,0.01232968826293978,0.00047386493682861235
41600,12032.892911195755,0.0075866812129326885,0.0054468665599823685,0.012338012123108184,0.0013307198047637974
41700,12047.542098999023,0.006636330746149924,0.005454826068878232,0.012373863458633692,0.0004419713497161867
41800,12064.927946805954,0.007620151164843637,0.005473191452026437,0.012344396209717046,0.0005354018688201899
41900,12086.865479707718,0.006271164106632615,0.005537427234649732,0.01238811993598966,0.000760062170028686
42000,12099.43934416771,0.006984562365653788,0.0055051700115204515,0.012354389762878702,0.00042661633491516255
42100,12112.412985801697,0.007727712594407028,0.005442300319671714,0.012380032634735414,0.0004063006401062017
42200,12126.707665205002,0.0066963499009021375,0.00547385435104377,0.012392616081238095,0.00046845583915710405
42300,12139.014924287796,0.00624784853172256,0.0055262835502625195,0.01231632285118134,0.00044770221710205076