#=== ait_scratch_aug_w10_1000b1000a ===
#
#Metrics:
#  Accuracy: 0.8930 | Macro Precision: 0.6252 | Macro Recall: 0.9774 | Macro F1: 0.6756
#  False Alarms: 15095 | False Alarm Rate: 0.1130
#  Missed Attacks: 0 | Detection Rate: 1.0000
#
#Per-Class Metrics:
#  [phase1] P=0.2701 | R=1.0000 | F1=0.4253 | 
#  [phase2] P=0.9991 | R=1.0000 | F1=0.9996 | 
#  [phase3] P=0.7857 | R=1.0000 | F1=0.8800 | 
#  [phase4] P=0.0711 | R=1.0000 | F1=0.1328 | 
#
#Confusion Matrix:
#         	      	      	      	Actual	      	      
#         	      	benign	phase1	phase2	phase3	phase4
#         	benign	118487	     0	     0	     0	     0
#Predicted	phase1	 13902	  5144	     0	     0	     0
#         	phase2	     2	     0	  2268	     0	     0
#         	phase3	     3	     0	     0	    11	     0
#         	phase4	  1188	     0	     0	     0	    91
i,time,loss,ground_time,compile_time,eval_time
10,1.2967212200164795,0.4391284000126868,0.0024380230903625457,0.0003889470100402835,0.00042335653305053704
20,3.2290544509887695,0.4725383611394515,0.0027646203041076624,0.0004347362518310548,0.0007222123146057132
30,4.27440071105957,0.43825582973641036,0.0025624942779540983,0.0003573908805847168,0.00037583827972412107
40,5.063525199890137,0.4270588470620978,0.0026459054946899384,0.00038504838943481516,0.00027542209625244145
50,5.998100757598877,0.4107122108338245,0.002928261280059814,0.00045376110076904345,0.00028618097305297893
60,6.84509801864624,0.40902136573549397,0.0029859361648559572,0.00032809495925903323,0.0002839665412902836
70,8.42464280128479,0.40675460724141876,0.0027791604995727514,0.0005839233398437504,0.0006802182197570806
80,10.10964035987854,0.3931522733530213,0.0028681306838989236,0.0004374446868896485,0.000694976806640625
90,11.326935529708862,0.3711266164666185,0.0026741132736206046,0.00042434740066528366,0.0005247111320495602
100,12.172141551971436,0.3637960023245146,0.0025809164047241205,0.0004442710876464847,0.00036411428451538057
110,12.850071907043457,0.3249042783396141,0.0026754999160766564,0.00040983295440673843,0.00033939313888549816
120,13.547630071640015,0.30824892222863715,0.0026777029037475556,0.00041409397125244157,0.00032276439666748045
130,14.284313678741455,0.2901522217782477,0.0029930157661437985,0.0004209146499633791,0.00039392471313476574
140,15.073251247406006,0.24847778705864446,0.0030193953514099105,0.00036974716186523456,0.0004037485122680666
150,15.800797939300537,0.22144601321762591,0.0027673306465148912,0.0005365037918090823,0.000336055278778076
160,16.507953643798828,0.17430497016739724,0.0026589927673339835,0.0004091491699218753,0.0003478040695190429
170,17.218109130859375,0.15782736969393435,0.0027106480598449697,0.000415181636810303,0.00034785699844360347
180,17.934832334518433,0.13368502284848022,0.00271476125717163,0.0004996719360351565,0.0003611135482788086
190,18.64470410346985,0.08690587703584449,0.0025942831039428692,0.00041076421737670945,0.0003365345001220704
200,19.37616467475891,0.0906108851368416,0.0026125297546386707,0.0003759946823120124,0.00035727071762084954
210,20.106191158294678,0.10297312485035534,0.0027288532257080033,0.00037098598480224626,0.0003482441902160644
220,20.837658405303955,0.12784514774087516,0.002717304229736325,0.0004900631904602053,0.0003690500259399412
230,21.573147296905518,0.1265453172380287,0.002754765033721919,0.00042173719406127935,0.00038638210296630855
240,22.30936026573181,0.13902042797981254,0.003004175186157225,0.0004674110412597669,0.0003786973953247068
250,23.03751802444458,0.10690886888751654,0.0029420523643493637,0.00038510227203369214,0.00035029554367065405
260,23.76218581199646,0.08057475923543359,0.0026306638717651333,0.0004454817771911622,0.00036766004562377935
270,24.50459098815918,0.1063221731919978,0.002695209503173825,0.000496193408966065,0.00035885906219482394
280,25.224733352661133,0.0719638821317877,0.0026415362358093216,0.0004422178268432622,0.00038265228271484365
290,25.94479489326477,0.09136718426289397,0.002639713764190674,0.00036435127258300826,0.00036703824996948227
300,26.676743030548096,0.0861816359041647,0.0027163057327270457,0.00038983154296875046,0.00035327529907226544
310,27.397469758987427,0.09750414921999334,0.0026985034942626955,0.0004502549171447757,0.0003472352027893065
320,28.161768436431885,0.10659189180866258,0.0027373628616332987,0.0003740515708923344,0.000366330146789551
330,28.88218402862549,0.09146710493933301,0.0025672769546508786,0.0004070072174072271,0.0003239631652832033
340,29.575101852416992,0.1310342806185551,0.0033776559829711934,0.0005101513862609863,0.00033256149291992194
350,30.295279026031494,0.07715806240429128,0.0027590260505676255,0.0004163231849670415,0.00037240552902221695
360,31.0156033039093,0.09679773572408089,0.0027271037101745596,0.00042929601669311593,0.0003594179153442379
370,31.7176833152771,0.09419148909198874,0.0026849040985107405,0.00041396379470825227,0.00035830163955688434
380,32.43352174758911,0.14532789404605015,0.0026573386192321755,0.00045207738876342765,0.0003456754684448244
390,33.18281602859497,0.10528718460392635,0.0026399784088134747,0.0004497079849243166,0.00035092782974243157
400,33.97309184074402,0.09522438950645631,0.0026639113426208468,0.00037105226516723677,0.000373777866363525
410,34.77820634841919,0.11510599192097275,0.003075196266174315,0.0004159998893737797,0.0003796381950378417
420,35.53590941429138,0.11010245055058063,0.002755831241607665,0.00033816576004028334,0.0003555150032043457
430,36.29198408126831,0.10067715139284887,0.0026143517494201618,0.0003807930946350103,0.000356799602508545
440,37.069554567337036,0.09401354017301625,0.002603841781616207,0.0004439210891723635,0.0003697109222412107
450,37.8392379283905,0.12478521611176263,0.0027766933441162062,0.00045992565155029334,0.00036397361755371066
460,38.57813096046448,0.08836360412805831,0.002690709114074706,0.0005158815383911136,0.00034627103805542024
470,39.3236403465271,0.10426201966166523,0.002697356700897214,0.0004446973800659181,0.00035427188873291015
480,40.05864644050598,0.09908450258354286,0.0029842514991760263,0.0004228219985961919,0.00034601688385009765
490,40.759297370910645,0.0829523704914977,0.0027100052833557114,0.0004265594482421876,0.00033456134796142615
500,41.492913246154785,0.0689918425194363,0.002542501926422118,0.00036395835876464874,0.0003466582298278805
510,42.26361131668091,0.10948732301751847,0.0026494441032409648,0.00044954347610473707,0.00036133289337158164
520,43.00277805328369,0.09002446405920425,0.0030245308876037584,0.00036823463439941435,0.00035502386093139653
530,43.733577728271484,0.11776759768528362,0.0026594209671020478,0.0004691905975341801,0.0003431520462036131
540,44.440022468566895,0.10232055379581859,0.002635493755340573,0.0004564208984375008,0.00033309650421142593
550,45.15904784202576,0.10767970459983778,0.003011418819427488,0.00039090871810913073,0.00033804845809936527
560,45.88728332519531,0.11808708482987011,0.0026293025016784653,0.00038832950592041085,0.0003442697525024412
570,46.618274211883545,0.0701016992328951,0.0026772475242614726,0.0003739743232727058,0.00034317159652710004
580,47.33776783943176,0.0681672699703874,0.0027525825500488254,0.0005280504226684574,0.00034086799621581987
590,48.06044673919678,0.09664645987632345,0.002678591728210447,0.00046747303009033234,0.0003398623466491699
600,48.77469992637634,0.09094603466929463,0.002750649929046629,0.000400732040405274,0.00033835744857788075
610,49.47910785675049,0.0831984009257351,0.0026539502143859872,0.0003937649726867678,0.0003278098106384279
620,50.194396018981934,0.11976704594836399,0.0028030939102172826,0.00039713907241821327,0.0003365345001220702
630,50.9382746219635,0.09307258900791934,0.0026125879287719695,0.0003907880783081061,0.0003472237586975097
640,51.65689253807068,0.07810682704712421,0.002611289024353027,0.0003607931137084968,0.0003400683403015135
650,52.360451221466064,0.09887225852705858,0.0030287556648254405,0.000492428779602051,0.00033335018157959007
660,53.060555934906006,0.08453863927551238,0.00264042234420776,0.00041167068481445384,0.00033303833007812506
670,53.772151708602905,0.08688281934865778,0.0026782135963439933,0.00044538640975952203,0.0003334188461303711
680,54.489832639694214,0.10130354393606637,0.0026976404190063455,0.0004033904075622564,0.0003360300064086916
690,55.21611523628235,0.0770135148324657,0.0026807608604431147,0.000496445178985596,0.0003482112884521488
700,55.93195867538452,0.09989953614696559,0.003061947345733642,0.0005024824142456054,0.00033635568618774404
710,56.6819326877594,0.08409106117308171,0.0026673378944396956,0.00039937114715576217,0.0003556632995605468
720,57.41483688354492,0.13064812395875694,0.003266659259796141,0.0005594453811645511,0.000351761817932129
730,58.09526348114014,0.06301431796289371,0.002667079448699949,0.00033191061019897456,0.0003209614753723143
740,58.76892375946045,0.11643699632096165,0.0027990083694458,0.000406307697296143,0.0003144416809082029
750,59.48745107650757,0.09918574240346048,0.002670503616333004,0.00043996238708496165,0.0003379001617431645
760,60.20050072669983,0.08704464212042373,0.002752683162689208,0.00046804952621459973,0.00033428525924682624
770,60.987608909606934,0.0989230949925003,0.0026352181434631332,0.00042920351028442465,0.0003690648078918458
780,61.727450132369995,0.0754191211903581,0.002637346744537351,0.00037553977966308646,0.0003460822105407715
790,62.408082723617554,0.06361251699323901,0.0027560877799987773,0.00044322633743286183,0.0003192763328552247
800,63.11647343635559,0.10156118659998434,0.002635913372039792,0.0003893661499023442,0.0003343005180358891
810,63.84938669204712,0.08314188438873085,0.002681713581085204,0.0004024877548217781,0.0003492441177368164
820,64.55415225028992,0.0859306390824772,0.003006705284118651,0.00044180107116699246,0.0003282184600830078
830,65.25513863563538,0.07566310180245825,0.002634840965270993,0.00044916868209838895,0.00033170747756958006
840,65.9684374332428,0.07875822047555599,0.0026847524642944287,0.0004176659584045411,0.0003346982002258296
850,66.6674907207489,0.0826584185755663,0.002679539680480954,0.00044859838485717806,0.00032651424407958984
860,67.37325620651245,0.08444458342694075,0.0026723265647888173,0.00039355754852295,0.0003268156051635739
870,68.05147409439087,0.10547046238696571,0.0026633291244506857,0.000361248970031739,0.00032149982452392585
880,68.75120425224304,0.11651323328170571,0.0027534670829772916,0.0004796719551086434,0.000328017234802246
890,69.48609757423401,0.08785059358472268,0.0026542105674743663,0.0004964122772216802,0.0003408794403076171
900,70.27801537513733,0.09353493198775656,0.003054718971252442,0.00038387775421142625,0.000387547016143799
910,70.9606511592865,0.10577570178919311,0.0027213964462280246,0.0004628186225891117,0.0003201017379760744
920,71.67094111442566,0.08471540445809266,0.0026890959739685034,0.0005058102607727059,0.00033640432357788085
930,72.36684107780457,0.0780993013309752,0.002949781894683835,0.0004900746345520025,0.000327110767364502
940,73.05052900314331,0.11387361493160922,0.0027192587852478012,0.0003716983795166016,0.0003212532997131349
950,73.72328019142151,0.08987919337140836,0.0030224456787109376,0.0004162516593933108,0.00031263923645019544
960,74.43730449676514,0.06754997688347837,0.002746264457702636,0.0003599419593811041,0.000342275619506836
970,75.16333842277527,0.10637523500577357,0.0026517496109008764,0.0004306445121765142,0.000338584899902344
980,75.86721324920654,0.06872065526385987,0.002641743183135985,0.00041876363754272543,0.00033070468902587886
990,76.55571150779724,0.05726916999574503,0.0026744060516357394,0.0003862862586975101,0.00032266616821289087
1000,77.24322485923767,0.08617468385403158,0.0026419243812561013,0.000447563171386719,0.0003222656250000003
1010,77.92876672744751,0.05103841054968748,0.002569416999816893,0.000326595783233643,0.0003241658210754395
1020,78.61052298545837,0.06878478732996471,0.002600483417510984,0.00033386421203613297,0.00032080554962158215
1030,79.27282953262329,0.04507932640097359,0.0026207337379455546,0.0004137377738952644,0.0003127079010009766
1040,79.95489549636841,0.091095425977433,0.002749817848205564,0.00044556093215942377,0.0003207168579101561
1050,80.65596199035645,0.0969177185636118,0.002646598815917968,0.0004724974632263187,0.0003290152549743653
1060,81.34110498428345,0.07952867258264909,0.0026926302909851046,0.0004448580741882327,0.00032129335403442385
1070,82.03368592262268,0.10322084900527921,0.00276339864730835,0.0004521026611328128,0.00032090234756469705
1080,82.7295491695404,0.11779962712737531,0.0027683210372924814,0.00047960567474365215,0.00032508850097656233
1090,83.43518400192261,0.10661753366825147,0.002756685256958007,0.0004649429321289068,0.0003305873870849609
1100,84.11799359321594,0.08966564160163516,0.0032897801399230956,0.0004068989753723151,0.0003205442428588869
1110,84.82923316955566,0.11156621576503482,0.002654232501983642,0.0004795079231262215,0.0003323731422424317
1120,85.50969505310059,0.09789376320495236,0.0026841311454772927,0.0003824539184570313,0.0003185858726501462
1130,86.15116286277771,0.08027472732628056,0.0026808729171752927,0.0003863940238952643,0.0003004961013793945
1140,86.84501361846924,0.08489784735339605,0.002697049617767331,0.0004213352203369142,0.0003299789428710936
1150,87.51946830749512,0.05955343121766825,0.002669861793518063,0.00041025257110595707,0.000317493915557861
1160,88.24746894836426,0.07348980000464657,0.0030331130027770967,0.0004317283630371102,0.0003427085876464845
1170,88.92649102210999,0.0729939899552765,0.0027468228340148896,0.00037225008010864256,0.0003188228607177734
1180,89.61447787284851,0.07720588992306936,0.0026343045234680177,0.00048765659332275415,0.00032219314575195296
1190,90.29512047767639,0.0721555828778985,0.0026847801208496067,0.0005064749717712408,0.0003209657669067383
1200,90.9844880104065,0.10482133722817785,0.003003869533538818,0.00041862535476684616,0.00032352781295776387
1210,91.69308829307556,0.0756348420795072,0.002586242675781245,0.0004928774833679206,0.00033198499679565417
1220,92.42364835739136,0.08095339812991338,0.002692526817321775,0.00039146900177001976,0.00034495782852172834
1230,93.10727190971375,0.0738248789684662,0.00301522922515869,0.00036068916320800785,0.000322062969207764
1240,93.80084705352783,0.08844592951956226,0.002639411449432371,0.0003474063873291021,0.00032321023941040035
1250,94.51120066642761,0.10745318121010375,0.0027078528404235825,0.000380215167999268,0.0003336515426635748
1260,95.1716206073761,0.10818913807308059,0.0027688713073730454,0.0004250087738037112,0.00030531120300292995
1270,95.84234762191772,0.06580004251136204,0.0027375044822692874,0.0004796438217163091,0.0003147468566894533
1280,96.56360244750977,0.09057044764142688,0.002998769760131835,0.00041582393646240275,0.00033569478988647447
1290,97.2574577331543,0.06584196904968037,0.00266508913040161,0.00046477985382080135,0.0003277492523193359
1300,97.92358684539795,0.08812720958064663,0.002653977394104003,0.00045934343338012754,0.0003114647865295407
1310,98.62257647514343,0.0998685106915337,0.0026891040802001923,0.000448748588562012,0.00032466554641723624
1320,99.29186010360718,0.10591078022770788,0.0027653322219848633,0.000444464206695557,0.0003130278587341308
1330,99.9833333492279,0.10523816295300573,0.002760964393615721,0.00039472723007202175,0.000321736812591553
1340,100.7141945362091,0.09631781170939946,0.0029542832374572733,0.0003961672782897952,0.000340557098388672
1350,101.41345715522766,0.08516430337206916,0.0029063897132873525,0.0004487056732177738,0.0003251767158508303
1360,102.0850841999054,0.08184957452229363,0.002695904254913328,0.00035963392257690435,0.000316802501678467
1370,102.75485801696777,0.05523488299512289,0.0027468643188476556,0.000396766662597657,0.0003128414154052735
1380,103.43421053886414,0.059534133833405646,0.002600158691406245,0.0004424734115600586,0.0003188500404357907
1390,104.0941059589386,0.05007880087742185,0.0025503883361816383,0.000491673469543458,0.0003113145828247073
1400,104.77970004081726,0.09551052415772764,0.002800969123840333,0.0004949922561645515,0.0003209872245788573
1410,105.47950553894043,0.07083524084355494,0.0027053675651550297,0.0003126187324523933,0.00032729387283325173
1420,106.16766738891602,0.06796499794364415,0.0029655151367187467,0.0004938621520996096,0.00032136535644531234
1430,106.85933637619019,0.07630118214983055,0.0027217855453491218,0.0004168405532836916,0.00032419967651367164
1440,107.53006410598755,0.07877908821173049,0.002729445934295652,0.00044832181930541985,0.00031463813781738284
1450,108.19694495201111,0.0836342536167508,0.0026465835571289047,0.0005461068153381355,0.0003113999366760258
1460,108.90750241279602,0.0819232394062194,0.002668678283691403,0.00036739635467529324,0.00033303833007812485
1470,109.6012442111969,0.09662913746782129,0.002685231685638425,0.0004016566276550292,0.00032250452041626
1480,110.27591681480408,0.06911697608648144,0.0027334036827087386,0.0004496936798095699,0.0003184533119201658
1490,110.95104479789734,0.11640002130880209,0.0025989260673522927,0.00043563079833984454,0.00031817531585693357
1500,111.64087271690369,0.05225149811523775,0.0030181212425231902,0.0003961315155029298,0.0003219890594482424
1510,112.36140131950378,0.10702744357535017,0.0026591348648071266,0.0003728213310241702,0.0003355603218078612
1520,113.04742050170898,0.05335867687910219,0.0029897627830505363,0.00041857385635376036,0.0003149671554565426
1530,113.73236083984375,0.05391085184611135,0.002643498897552485,0.00042842674255371137,0.0003212261199951172
1540,114.42193698883057,0.07320823301598142,0.0026450510025024404,0.0003100414276123051,0.0003217773437499998
1550,115.1188292503357,0.09519018211676857,0.0026849856376647938,0.0004664735794067384,0.0003276467323303224
1560,115.79378032684326,0.0766634799104234,0.002735061168670649,0.00042235374450683643,0.00032056856155395484
1570,116.48879599571228,0.09198657448998918,0.002606762886047361,0.0003387646675109865,0.0003258953094482422
1580,117.26351404190063,0.11325766860617777,0.0031019306182861334,0.0005231027603149418,0.0003781185150146482
1590,117.9584150314331,0.07747097666489305,0.0026741333007812484,0.00044651651382446295,0.00032212162017822255
1600,118.62692642211914,0.08445200844926139,0.002711353778839113,0.0005204000473022459,0.0003123555183410647
1610,119.31349229812622,0.10073190332760011,0.00304119873046875,0.0004436688423156743,0.0003205089569091796
1620,119.97170066833496,0.05480130337772106,0.002732591629028319,0.0004426460266113284,0.00030840158462524424
1630,120.66047978401184,0.08928476923205134,0.0026871938705444317,0.00040423917770385795,0.00032284307479858384
1640,121.32444429397583,0.09001553850400057,0.002747558593750001,0.00043554878234863294,0.00031234502792358424
1650,122.02963614463806,0.09818492236333756,0.0027147326469421384,0.00041111803054809615,0.00032741260528564427
1660,122.72679305076599,0.058337666718513224,0.0029625830650329543,0.0003759303092956546,0.00032473754882812484
1670,123.41961598396301,0.056878390101165556,0.002665901184082028,0.000421226978302002,0.0003264675140380863
1680,124.10927104949951,0.08472308347656676,0.002686540126800534,0.0005288395881652832,0.0003219847679138183
1690,124.77980375289917,0.09672551839548749,0.0026475687026977514,0.00041437816619873085,0.00031436824798583937
1700,125.45951867103577,0.08337230597991717,0.002625763416290282,0.00038864183425903393,0.0003153166770935058
1710,126.13099813461304,0.07152398914659377,0.002953785419464112,0.0005446434020996096,0.00031259107589721687
1720,126.78469061851501,0.08236132637064063,0.002747362136840819,0.0004622526168823244,0.00030830955505371105
1730,127.44552421569824,0.07328388587700836,0.0027731204032897952,0.0003905386924743657,0.0003087253570556638
1740,128.12426161766052,0.0815205913338243,0.002606971740722654,0.00039862012863159266,0.00031869745254516595
1750,128.81341004371643,0.09680505784166149,0.0026916866302490188,0.00042716979980468757,0.00032113027572631817
1760,129.4960367679596,0.07507253588637455,0.002612926959991456,0.0004172601699829104,0.00031704139709472646
1770,130.16828155517578,0.098846354537822,0.003054234981536865,0.0004188222885131838,0.00031452178955078094
1780,130.86476254463196,0.07335159469069827,0.0025823364257812472,0.0003676605224609378,0.0003249983787536621
1790,131.52849769592285,0.08914065281359299,0.002804159164428708,0.0004994349479675299,0.00031184864044189444
1800,132.20415687561035,0.04649250854584412,0.0026057791709899873,0.00037045764923095717,0.0003143291473388671
1810,132.8760461807251,0.06507743676120287,0.002673855304718015,0.000443368434906006,0.000312375545501709
1820,133.53960037231445,0.07818537047279557,0.002713684558868406,0.00047231054306030325,0.00030943775177001936
1830,134.1638638973236,0.05849617451166421,0.0026380720138549796,0.00038271045684814517,0.00029317855834960934
1840,134.76249051094055,0.062127230521509466,0.0027307801246643044,0.0005083885192871094,0.00027389287948608403
1850,135.33959770202637,0.06401214654161055,0.002694404602050779,0.00047004508972168,0.00026471042633056615
1860,135.89663863182068,0.09674178772401017,0.00263839769363403,0.00042945623397827213,0.0002548394203186036
1870,136.47677445411682,0.11962847312908279,0.0026822695732116675,0.0003681693077087407,0.00026442766189575204
1880,137.08444666862488,0.08697277146685416,0.0026417117118835457,0.00031762599945068403,0.0002803707122802734
1890,137.6710443496704,0.08030126801804915,0.003021628856658935,0.0003873209953308109,0.000270608425140381
1900,138.2617642879486,0.08783673344297993,0.003057168960571289,0.00045614099502563535,0.0002708444595336915
1910,138.88465547561646,0.05179380005147912,0.0026337308883666965,0.0003456330299377441,0.0002955551147460936
1920,139.4489758014679,0.09472727664354959,0.002629983425140379,0.00040212249755859343,0.0002586154937744138
1930,140.050208568573,0.08681762193462679,0.0026067695617675813,0.0004180040359497072,0.0002741298675537109
1940,140.76891589164734,0.060731874931339434,0.0026586971282958984,0.00043771314620971713,0.0002531728744506837
1950,141.3272624015808,0.0806533429367905,0.002768978595733641,0.00042478990554809594,0.0002538280487060546
1960,141.8898730278015,0.08421434732936366,0.0027672429084777805,0.0004295225143432623,0.00026167201995849624
1970,142.4300618171692,0.0624877181143406,0.002938207626342772,0.0004175534248352051,0.00024510431289672855
1980,142.98684310913086,0.0689220747549904,0.0026895880699157704,0.0005266394615173346,0.0002553691864013672
1990,143.53689455986023,0.11727403713169482,0.0030949325561523437,0.0004560737609863285,0.0002471890449523927
2000,144.06879687309265,0.08012247768381518,0.002704891681671141,0.00044083356857299843,0.0002445001602172853
2010,144.62814950942993,0.08828174927235802,0.002980742454528807,0.0003667836189270023,0.0002506504058837892
2020,145.16409158706665,0.08442786230487606,0.0026501646041870086,0.00036620903015136756,0.000246870994567871
2030,145.7138707637787,0.09141283707385199,0.0027096257209777825,0.0004176087379455571,0.00024953651428222636
2040,146.2427215576172,0.05569426144413744,0.0026612792015075675,0.00043113613128662116,0.00024132251739501922
2050,146.8017017841339,0.05028286988620354,0.002960937976837158,0.0003736252784729009,0.0002529964447021486
2060,147.36372017860413,0.06244594053366367,0.00264731121063232,0.0004708228111267094,0.00025427961349487295
2070,147.91978430747986,0.11675861148770188,0.0026542201042175284,0.0004692611694335942,0.0002540431022644044
2080,148.46241784095764,0.090481799964195,0.0028330240249633777,0.0005077939033508309,0.00024659681320190455
2090,149.02122712135315,0.0714141061735282,0.002684037685394284,0.0004389185905456547,0.00025291538238525404
2100,149.59710335731506,0.06817570589013036,0.002671391963958737,0.0004251542091369636,0.0002580285072326662
2110,150.1878945827484,0.05351221398109361,0.002778859615325924,0.00037126350402832064,0.00027365112304687474
2120,150.74435138702393,0.062285341829655096,0.002629475116729733,0.0003694200515747072,0.00025403499603271517
2130,151.30493211746216,0.05969298188654106,0.0029552321434021,0.0003882250785827641,0.00025330638885498024
2140,151.8347668647766,0.07467981888250022,0.002704112529754635,0.00043549013137817447,0.0002417016029357909
2150,152.402081489563,0.07495069998368586,0.0030040674209594717,0.0004483408927917484,0.00025632858276367207
2160,152.99566221237183,0.1105441047644494,0.002725914001464839,0.0005710453987121587,0.00026859283447265624
2170,153.56335473060608,0.07343122808511587,0.0026382317543029742,0.0004183521270751957,0.00026064968109130884
2180,154.13031840324402,0.06431594837808305,0.0026544971466064436,0.0004953875541687015,0.0002618861198425291
2190,154.7063901424408,0.08738744180424843,0.0026681017875671382,0.0003900985717773443,0.0002608819007873535
2200,155.26677823066711,0.0960053980568257,0.0027033562660217273,0.0003313288688659672,0.00025544834136962877
2210,155.8407015800476,0.09033734669247956,0.0026966438293457035,0.00042164802551269585,0.0002606024742126465
2220,156.39158272743225,0.05818491628558666,0.0027508444786071757,0.00041730213165283244,0.0002521610260009762
2230,156.96311450004578,0.06850412463582148,0.0027150526046752902,0.0004712743759155276,0.00026261758804321296
2240,157.54254412651062,0.0607946099638985,0.002568720817565916,0.00041339969635009814,0.00026072788238525393
2250,158.1379783153534,0.07131451971321937,0.0030003585815429716,0.00046723604202270573,0.00027174091339111336
2260,158.73768043518066,0.06262708322685054,0.002603943347930908,0.00036711215972900444,0.00027152681350707986
2270,159.3365888595581,0.08270146352116448,0.00303381299972534,0.00037135505676269597,0.0002720503807067872
2280,159.92655396461487,0.1252521242175983,0.002726835727691649,0.0005170369148254397,0.0002681465148925782
2290,160.5242371559143,0.07118483991576074,0.0027289619445800745,0.0004575610160827639,0.0002721943855285644
2300,161.12091207504272,0.08353135309326795,0.0026463165283203086,0.0004121994972229007,0.00027180051803588865
2310,161.75530219078064,0.06082724121569251,0.0030276932716369596,0.0004311575889587407,0.0002876157760620118
2320,162.3426661491394,0.07093203581145961,0.00271808576583862,0.0005152888298034672,0.0002694439888000489
2330,163.01357674598694,0.05669403816269429,0.0029392266273498536,0.00036028528213501,0.00031078672409057614
2340,163.63471722602844,0.09589340068350381,0.002602325916290282,0.0004376025199890137,0.0002831211090087892
2350,164.26488709449768,0.10495012144296148,0.00273691415786743,0.0004528598785400395,0.00028703880310058607
2360,164.8715808391571,0.08867017077987116,0.002664522647857665,0.0003630023002624515,0.00027754020690917995
2370,165.49177241325378,0.08431847915399564,0.0026861705780029253,0.00044595146179199265,0.00028279304504394523
2380,166.11853551864624,0.06064140818009406,0.00261969518661499,0.0004222469329833988,0.00028577136993408243
2390,166.7601706981659,0.051508420892516435,0.0026715350151062024,0.00036625528335571336,0.0002924356460571287
2400,167.38734674453735,0.07308507499430004,0.002794847965240475,0.00045329761505126986,0.00028935623168945327
2410,168.01515769958496,0.06341423313821748,0.0027264404296874975,0.0004980754852294927,0.0002861251831054686
2420,168.62557649612427,0.0686118273831037,0.0027184238433837844,0.00046311092376709025,0.00028103446960449217
2430,169.27011847496033,0.0759107984802779,0.002988445758819577,0.0003707361221313478,0.000293635845184326
2440,169.88500928878784,0.08851331945010014,0.0027101678848266576,0.000530314922332765,0.00028556537628173835
2450,170.51316595077515,0.10090153876183583,0.0027782759666442848,0.00044889831542968756,0.0002877283096313475
2460,171.1210973262787,0.06698046836423752,0.0030757803916931126,0.0004142203330993655,0.0002776393890380858
2470,171.75256180763245,0.08921310212320882,0.002623345375061033,0.0003645162582397466,0.0002923164367675782
2480,172.38700151443481,0.07056929830685409,0.0026972436904907225,0.00044530916213989256,0.00029516410827636725
2490,173.01564049720764,0.060360947185018866,0.0025747570991516084,0.0003350048065185548,0.000285885810852051
2500,173.65552735328674,0.07355376713818265,0.00258847618103027,0.000424859046936036,0.00029246664047241205
2510,174.26618432998657,0.08107312486072848,0.002658572196960447,0.0004080920219421386,0.00028002786636352543
2520,174.8711817264557,0.06957369298064102,0.002677668094635011,0.0004411773681640632,0.00028096771240234395
2530,175.48865866661072,0.09745865170436686,0.003074984550476071,0.0003733091354370122,0.0002830944061279296
2540,176.13079738616943,0.07435070379736577,0.0026495575904846172,0.0004254636764526378,0.0002959980964660642
2550,176.76079654693604,0.06113195903147176,0.00285494232177734,0.0003839387893676765,0.00029273939132690445
2560,177.4468719959259,0.06993345200693535,0.002683034896850585,0.00047157430648803715,0.0003099632263183595
2570,178.04294896125793,0.06018415644893109,0.002767790794372559,0.00047112369537353577,0.00027457237243652314
2580,178.69692707061768,0.08494060174786852,0.0027052059173583954,0.0004470338821411135,0.00029752111434936534
2590,179.3319616317749,0.056116349967433296,0.002671303749084472,0.00042416810989379957,0.00029100799560546865
2600,179.9558892250061,0.0855202053690737,0.002744068145751953,0.00039569282531738334,0.0002843537330627442
2610,180.62550044059753,0.06504740298104178,0.002995096206665036,0.00043428421020507866,0.00031203413009643557
2620,181.25099658966064,0.06146400451120142,0.0026556420326232927,0.00042651844024658254,0.00028769397735595707
2630,181.87992691993713,0.07746233286964259,0.002682055473327635,0.0003579010963439944,0.0002865405082702635
2640,182.5037260055542,0.07810417226344059,0.00305980062484741,0.00039696455001831104,0.00028655481338501
2650,183.12458181381226,0.07828954752937377,0.002769173622131347,0.0003967614173889162,0.0002847042083740232
2660,183.757066488266,0.06156160719891037,0.0025812416076660114,0.0005216183662414551,0.00029044532775878904
2670,184.36861634254456,0.07364257673663656,0.0026523799896240228,0.00047212934494018607,0.000284397125244141
2680,184.9752333164215,0.09444087924454203,0.002727757930755612,0.0004799523353576662,0.0002800793647766111
2690,185.58540892601013,0.06991451715659466,0.002694861412048339,0.0004394707679748541,0.0002806019783020021
2700,186.21841192245483,0.06652927461555723,0.0026411242485046365,0.0003647413253784181,0.0002899293899536133
2710,186.8500998020172,0.0606044262710985,0.002693126201629639,0.0004187693595886233,0.0002929291725158692
2720,187.4700210094452,0.09048461474346611,0.0027521677017211888,0.00036763334274292033,0.0002835397720336913
2730,188.07915019989014,0.06989271371879519,0.002755264759063719,0.00036862707138061556,0.000277534484863281
2740,188.69478487968445,0.07434661056313403,0.002681783199310302,0.00039399766921997104,0.0002823572158813474
2750,189.33085560798645,0.07433369027025188,0.0025818238258361794,0.00041532659530639667,0.00028724479675292967
2760,190.01118731498718,0.0738380809056124,0.0027623271942138657,0.00042074584960937546,0.0003160710334777831
2770,190.62311482429504,0.09044408096426239,0.0032914896011352586,0.00044123268127441466,0.00028355693817138657
2780,191.2473382949829,0.05650140522120225,0.0027034125328063954,0.0006024565696716312,0.0002869291305541992
2790,191.88001894950867,0.06860813692310044,0.002646058082580563,0.00039772367477417013,0.000290544033050537
2800,192.5130317211151,0.07542939277520785,0.002609141826629636,0.0004209985733032234,0.0002905249595642087
2810,193.1471004486084,0.06627750179772016,0.0027868471145629887,0.0004854931831359869,0.00028830242156982407
2820,193.786128282547,0.0698541668804996,0.002639503479003903,0.0004179663658142096,0.00028972768783569355
2830,194.41034650802612,0.053535252003755585,0.0026699175834655753,0.00042202520370483433,0.00028547859191894537
2840,195.05345010757446,0.08367475511481895,0.0026784868240356434,0.0004670300483703619,0.0002971410751342773
2850,195.60076808929443,0.08400708035708046,0.002695299148559571,0.00040354728698730505,0.0002524275779724118
2860,196.23060059547424,0.06350824918251789,0.002991459369659421,0.00038187742233276395,0.0002875242233276366
2870,196.85658526420593,0.09420856142618399,0.0029765071868896468,0.00046423578262329133,0.0002924895286560057
2880,197.47003984451294,0.07373928487867984,0.002681093215942382,0.00044699239730834964,0.0002833194732666018
2890,198.08832097053528,0.053200971067235384,0.0026840143203735334,0.0003363466262817386,0.00028284263610839843
2900,198.70747780799866,0.0690364825597771,0.002676621437072752,0.0004421601295471197,0.000281511306762695
2910,199.32106757164001,0.08039084713783756,0.002680681705474853,0.00041121196746826216,0.000281545639038086
2920,199.9401478767395,0.08227742362647146,0.0029822335243225072,0.0003922538757324224,0.00028215980529785144
2930,200.5478355884552,0.049572856589857536,0.0026511240005493157,0.0004147701263427741,0.0002794075012207032
2940,201.15443634986877,0.060836515481855605,0.0027716531753540045,0.0005065155029296877,0.00027622795104980443
2950,201.77917551994324,0.07808234432084306,0.0027526588439941405,0.00040157508850097704,0.00028264904022216793
2960,202.40179824829102,0.06478098055964654,0.0027050681114196744,0.0004456915855407719,0.0002858467102050778
2970,203.03424978256226,0.0665570900796081,0.002592439651489254,0.0004719200134277347,0.0002893056869506836
2980,203.6528217792511,0.0797640132121045,0.0026650433540344213,0.00043518924713134793,0.0002831888198852541
2990,204.26114344596863,0.06928686039829741,0.0030011830329895015,0.0004009037017822269,0.0002779312133789064
3000,204.89878630638123,0.07416250169420915,0.00268469476699829,0.00041172456741333065,0.000293241500854492