#=== ait_scratch_aug_w10_full ===
#
#Metrics:
#  Accuracy: 0.9936 | Macro Precision: 0.5934 | Macro Recall: 0.5448 | Macro F1: 0.5652
#  False Alarms: 142 | False Alarm Rate: 0.0011
#  Missed Attacks: 767 | Detection Rate: 0.8979
#
#Per-Class Metrics:
#  [phase1] P=0.9727 | R=0.9854 | F1=0.9790 | 
#  [phase2] P=1.0000 | R=0.7399 | F1=0.8505 | 
#  [phase3] P=0.0000 | R=0.0000 | F1=0.0000 | 
#  [phase4] P=0.0000 | R=0.0000 | F1=0.0000 | 
#
#Confusion Matrix:
#         	      	      	      	Actual	      	      
#         	      	benign	phase1	phase2	phase3	phase4
#         	benign	133440	    75	   590	    11	    91
#Predicted	phase1	   142	  5069	     0	     0	     0
#         	phase2	     0	     0	  1678	     0	     0
#         	phase3	     0	     0	     0	     0	     0
#         	phase4	     0	     0	     0	     0	     0
i,time,loss,ground_time,compile_time,eval_time
100,6.582021236419678,0.1027957109268209,0.004607999467849986,0.003704655313491791,0.0003707385063171375
200,12.902998208999634,0.09453604390786495,0.004632013273239405,0.0035935210704803326,0.0003833327293395989
300,20.783349752426147,0.09286148377403151,0.004670397043228417,0.003690581989288304,0.0004895293235778826
400,29.222066402435303,0.08968781507952371,0.0046270092964174935,0.0036407664775848112,0.0005234733104705809
500,36.37451434135437,0.08202015343267703,0.004591741514206191,0.0036530792713165084,0.000439426946640015
600,43.22585415840149,0.07792271209924366,0.004697809791565204,0.0036454287528991437,0.0004249122142791755
700,49.44538235664368,0.07515597705511028,0.0046584940433504855,0.003696136426925621,0.00038073539733886677
800,55.66989827156067,0.07381244704061828,0.004591417026520042,0.003695931816101039,0.000406800222396849
900,62.69874596595764,0.07783204985571501,0.004673205900192529,0.003727840614318818,0.000432660913467407
1000,70.00411820411682,0.07386666972233798,0.004630809783935804,0.003643860340118378,0.00044108285903930684
1100,77.0109531879425,0.0714928235127627,0.00462655410766626,0.003618136310577374,0.00043698415756225596
1200,84.16631650924683,0.07217142258557033,0.004665569829941052,0.0036294058322906293,0.00044159197807312013
1300,91.59684753417969,0.06347063300209356,0.004654763126373557,0.0035882107257842865,0.00046047315597533994
1400,97.95306062698364,0.06524872051948137,0.004650893068313849,0.0036662926673888935,0.0003934246063232415
1500,104.08358955383301,0.05588585092980139,0.004698145389557147,0.0037488052845000785,0.0003928327560424821
1600,110.49117684364319,0.05634769516112627,0.004653891038894915,0.0037313658237456875,0.00040550990104675367
1700,120.20958471298218,0.06105400978936814,0.004691489458084379,0.003513941383361801,0.0005814790725708011
1800,130.2008867263794,0.05174144289594551,0.004606918048858903,0.0037757450580596526,0.0006410639286041224
1900,137.67698311805725,0.05317694345380005,0.004673231554031621,0.0036906149387359237,0.00046663918495178243
2000,144.34549617767334,0.04675195300529594,0.004610167837143194,0.0036299014091491517,0.0004334958553314195
2100,151.0090696811676,0.04624113023859536,0.004686023521423606,0.003779386615753143,0.0004342246055603035
2200,157.34922909736633,0.04345080578819761,0.004652991342544807,0.003576395654678332,0.0004073180198669434
2300,164.3944170475006,0.050246442074640074,0.004701309013366958,0.0036357912063598417,0.0004511564254760737
2400,171.04614639282227,0.03970557845463191,0.004681134796142838,0.003626811361312837,0.0004285095691680909
2500,180.7943058013916,0.034567185723535655,0.004620488595962792,0.003692951345443693,0.0005475973129272463
2600,186.77341270446777,0.038400826025535933,0.004676048851013446,0.0037141556262969555,0.00038236179351806675
2700,191.80975604057312,0.03459852298230544,0.004712672042846959,0.003683054542541474,0.00032325992584228495
2800,197.34833407402039,0.03643569508902147,0.0047402118682864,0.0036815801620483065,0.0003542718887329101
2900,204.60484552383423,0.03782768035187473,0.004631848526001225,0.003587865591049169,0.00047068886756896863
3000,211.2198224067688,0.03206191576631681,0.004542690277099874,0.0037272748947143157,0.00042809200286865294
3100,217.99682807922363,0.03313109958797213,0.004656285810470831,0.003662268638610808,0.00043792872428894195
3200,223.85230493545532,0.032020513682255114,0.0046461777210238244,0.0036596176147460618,0.000377657270431518
3300,231.35506176948547,0.030690033203609347,0.004631410360336553,0.003560009527206408,0.000477565145492553
3400,236.0713918209076,0.03493080636455488,0.004690986728668477,0.0036968113422393522,0.0002970703125000006
3500,240.75137281417847,0.023525982327901148,0.004601693391800199,0.0036937506675719834,0.0002995383739471435
3600,246.1910343170166,0.023920084149394824,0.004646146631241116,0.0036587924957275125,0.000356910228729247
3700,253.324120759964,0.020797989393449824,0.004671410322189596,0.0036495861053466505,0.00047086577415466285
3800,260.2955901622772,0.02562970173856229,0.004635977220535543,0.0036864772796630575,0.000456939029693604
3900,269.45358633995056,0.02549439182937931,0.004742541074753055,0.003611334514617895,0.0005835592269897473
4000,280.374902009964,0.019965355534714034,0.004616306543350488,0.0036070791721343727,0.0007034895420074475
4100,289.6854794025421,0.027342180290488613,0.004708794736862443,0.0036968093872069997,0.0006028152942657467
4200,299.0868399143219,0.0274632956543428,0.004576434421539558,0.0036136024951934653,0.0006089903831481911
4300,307.5765149593353,0.01692657730767678,0.004649180932478735,0.003575222641771474,0.0005487553119659435
4400,315.8120894432068,0.022332179541099322,0.004658845520019792,0.0036515977382659665,0.0005519856929779063
4500,323.6572003364563,0.023155518670373566,0.004678321552276872,0.0036767100811004264,0.0005258445739746105
4600,331.4807894229889,0.019519053199865084,0.004676908063888815,0.0036419614791869835,0.0005234817504882818
4700,339.3823482990265,0.021665791770346915,0.004696292877197526,0.0037278262138366438,0.0005258100032806402
4800,348.7731387615204,0.019776987472141627,0.004659677076339986,0.003676009082794155,0.0006220603466033928
4900,359.1112689971924,0.01892530760583213,0.004636924219131742,0.0037266810894012216,0.0006865405082702649
5000,368.5084686279297,0.016144150060108588,0.004591676235199237,0.0036501307964324717,0.0006254521846771234
5100,377.8636419773102,0.025325500721719435,0.004680443572998305,0.003634817790985086,0.0006171581268310561
5200,385.69029998779297,0.02181845762111152,0.004679053974151876,0.00375380458831784,0.0005181906223297121
5300,393.26749324798584,0.017806535070603785,0.004662320566177626,0.0036294178962707237,0.0004935496330261229
5400,399.9812436103821,0.02170764703990244,0.004676801252365372,0.0037248921394347867,0.00043718037605285635
5500,406.8051555156708,0.014007478089706638,0.0046146842002871185,0.0035994794845580842,0.00044465141296386775
5600,413.88219928741455,0.015190570624858991,0.004634109783172863,0.0035684130191802766,0.0004632406234741214
5700,421.8146810531616,0.015138089882789245,0.004700033473968773,0.0037493211746215407,0.0005234819889068608
5800,431.95675253868103,0.020436177312649306,0.004734221267700472,0.0036845685005187628,0.0006711452484130876
5900,443.66229796409607,0.014978538087002563,0.004744704103470111,0.0037098462581634153,0.0007746244430541972
6000,453.228581905365,0.018412498705606593,0.0046993253231051215,0.0036196101665496505,0.0006277712821960449
6100,463.5420889854431,0.01535198821017275,0.004606847143173483,0.0036931340217590024,0.0006826331138610819
6200,472.88648796081543,0.019996394847003104,0.004619988870620984,0.0036433833122253107,0.000619143533706665
6300,483.7655506134033,0.01682958187393979,0.004614858627319601,0.0036539522647857452,0.0007271359920501711
6400,492.77651929855347,0.016326096315947326,0.004677968168258928,0.003651861667633027,0.0005977668285369873
6500,501.0946435928345,0.014508500577567246,0.004670888566971091,0.0035920044898986704,0.000550271177291869
6600,508.21443367004395,0.022310595326034674,0.004622165012359877,0.003634951066970793,0.0004665017127990717
6700,515.0158817768097,0.014346306284151069,0.004677764320373799,0.0036605954647063997,0.00044179549217224207
6800,521.5873532295227,0.018418741373798186,0.004738792276382698,0.0036979543209075564,0.0004266325950622553
6900,528.7672266960144,0.015617258131933341,0.004720684289932523,0.003792864847183186,0.0004651386260986337
7000,535.7672543525696,0.012187555099192195,0.004617008781433372,0.0036674057006835666,0.0004564384937286394
7100,545.9517540931702,0.013782447977155244,0.0046265470504763245,0.003613866853713964,0.0006703049659729006
7200,557.9503045082092,0.015193158834163114,0.004597193479538221,0.003573998212814311,0.0007996638774871812
7300,571.2950811386108,0.011735216963870698,0.004619585657120006,0.003645140886306738,0.0008920084953308118
7400,582.3668746948242,0.015888245821573718,0.004666542100906635,0.0036218891143798603,0.0007391597270965573
7500,592.8448538780212,0.017958338158802007,0.004611286497116344,0.003686052227020239,0.0007036297798156743
7600,605.569164276123,0.01380119277536096,0.004715355396271007,0.003629110765457137,0.0008514753341674794
7700,617.798713684082,0.013836898523496757,0.004642940950393931,0.00371029634475705,0.0008170095443725618
7800,629.6950299739838,0.014732624723667414,0.004589597606659188,0.003678779840469338,0.0007970663070678712
7900,639.0729057788849,0.011669652298418215,0.004600208568573251,0.0036562501430511237,0.0006202481746673576
8000,649.208545923233,0.01688501887238317,0.00459456954002407,0.003642057895660376,0.0006738200187683094
8100,658.4228258132935,0.012263844332089775,0.004638957834244048,0.0036587183952331214,0.000607237672805785
8200,667.8787491321564,0.013661267417343198,0.004671018457412982,0.0037093093395232824,0.0006249173641204819
8300,674.7478597164154,0.015153431308689277,0.004625003719330086,0.0036486865043639854,0.0004471369266509997
8400,681.5464000701904,0.016736492137821416,0.0045683492660525135,0.0036234429359435797,0.00044173235893249415
8500,689.8743155002594,0.014029668603294567,0.004696957371451895,0.0036006008581681405,0.0005374869823455799
8600,696.023806810379,0.017823449362418843,0.004715026140213276,0.0036687818527221428,0.0004099094390869144
8700,702.8726127147675,0.013038842183950692,0.004633044338226577,0.0037521525382995147,0.0004553473949432372
8800,709.7041709423065,0.011928719599238776,0.004675029182434352,0.00363000912666318,0.00045554533004760737
8900,715.8603959083557,0.013676943598217122,0.004685608673095972,0.0037069347858428676,0.0004112311840057378
9000,722.6049680709839,0.01708473908857968,0.004672792959213518,0.0035981997013091894,0.0004486867427825936
9100,728.4767329692841,0.01035158482787665,0.00469644021987942,0.0037418096542358036,0.0003902602195739737
9200,734.7229607105255,0.010054786797609268,0.004606466388702651,0.003701055860519381,0.0004153552055358883
9300,741.1055099964142,0.013556710455069378,0.004663892507553376,0.0036896001815795595,0.000426632404327392
9400,747.2297863960266,0.013799070653101353,0.004698458814621218,0.0035726342201232806,0.0004049950122833241
9500,753.6538498401642,0.009582323394317882,0.004612844944000502,0.0037617505550384097,0.00042696075439453094
9600,760.5801470279694,0.014198721640814824,0.004635065650940206,0.003699051809310883,0.0004613083839416514
9700,765.8383505344391,0.013249890144956566,0.004604452753067267,0.0036507232189178216,0.0003477805614471443
9800,770.9414944648743,0.014322178940937534,0.004694775295257836,0.0037292646408080715,0.0003381261348724363
9900,775.7358407974243,0.009973318383310925,0.004590213775635023,0.0036769367694854398,0.00031556816101074094
10000,780.3066408634186,0.01885197552251043,0.004612099695205953,0.003644270706176727,0.0003018028259277351
10100,785.0616240501404,0.008748500860810964,0.004637127065658821,0.0036636244297027403,0.000313555717468263
10200,789.794201374054,0.013486875575214299,0.004620587825775401,0.003612540721893279,0.00031093168258666955
10300,794.8360691070557,0.014269980796581195,0.004596851968765523,0.003569975852966292,0.0003321410179138167
10400,801.4110572338104,0.009763902145423912,0.004706275844574233,0.003676050949096652,0.0004388123512268053
10500,808.315859079361,0.01264839207984437,0.004656749057770051,0.0037851534843444347,0.0004592238426208501
10600,815.3017132282257,0.010603010164034003,0.004590199708938865,0.003689768600463835,0.0004629539489746098
10700,822.0364918708801,0.010574586773642806,0.0046674706935885164,0.0036901586055755335,0.00044930691719055144
10800,828.3883492946625,0.014000984735539533,0.0046608626842501435,0.0036538555145263344,0.0004224976062774675
10900,834.8384311199188,0.014826887075203103,0.0046590511322024165,0.0036345477104186784,0.00042447195053100557
11000,841.1046750545502,0.014449665563794269,0.004623550415039331,0.0036317241668700935,0.0004172313213348395
11100,847.7826554775238,0.013141180438129823,0.0046460505485537325,0.0037265726089477104,0.0004417760372161862
11200,854.409366607666,0.012191102760601211,0.00469288854599026,0.003613461351394626,0.00043806838989257684
11300,861.3891048431396,0.011927390777617007,0.004652000045776626,0.0036458515644073224,0.0004648413658142088
11400,868.2902276515961,0.010328228320408356,0.004604820680618548,0.003648109006881685,0.0004634329795837405
11500,875.3778219223022,0.008709916935128775,0.004599007892608906,0.0035778213977813484,0.00046965451240539753
11600,883.1050128936768,0.009162038106828163,0.00463959560394313,0.0036306292057037143,0.0005066612720489513
11700,890.5252983570099,0.014530366457996706,0.004640945196152012,0.0036841609477996423,0.0004895676136016845
11800,897.6508429050446,0.012941252962710337,0.004597029638290664,0.00356880903244018,0.0004721494197845465
11900,907.4113585948944,0.013868576030427847,0.004782789564132951,0.003722528219222995,0.0006470041275024419
12000,915.6093833446503,0.010215674544833747,0.0046973245620730245,0.003663973522186245,0.0005497765541076674
12100,923.4453299045563,0.009317906669361378,0.004719802951813004,0.003681291913986174,0.0005114810466766361
12200,933.7519056797028,0.008234807557507934,0.004628798198700215,0.003655638980865451,0.0006841661453247054
12300,953.8012456893921,0.0109418995246115,0.004688128757477076,0.003667093420028661,0.001329538011550901
12400,972.399352312088,0.007387764394283636,0.0046714835166933675,0.0036529687881469404,0.0012496363162994362
12500,984.0297701358795,0.012109474835936567,0.004685933494568127,0.003607911825180029,0.0007739928245544429
12600,994.538821220398,0.010476573615271576,0.004559122467041288,0.003621610307693455,0.0007044425010681156
12700,1003.2118146419525,0.01012252729897881,0.0047000738317318795,0.0036345216165889153,0.0005724179267883306
12800,1008.233993768692,0.009685781880259014,0.0046807819366457785,0.003726880407333335,0.00033042778968811004
12900,1013.5265409946442,0.008859907759317024,0.004653745079040783,0.0036848841190337883,0.000353841686248779
13000,1018.4234375953674,0.006853278938061607,0.004657228136062885,0.0035600261211395034,0.00032585668563842876
13100,1022.5290749073029,0.008201486860534289,0.004648204946518209,0.0037229079723357815,0.000273400735855103
13200,1026.9062011241913,0.008547130475080565,0.004596736049652347,0.0036482767105102286,0.00029501848220825187
13300,1032.3375039100647,0.01277637953776349,0.004639234781265505,0.0036297195434570073,0.0003694564342498783
13400,1039.1000146865845,0.012231200733318985,0.004730600118637345,0.003738975381851154,0.00043330411911010695
13500,1045.6022174358368,0.011378661463635354,0.00466483778953579,0.003774391841888381,0.00042716174125671336
13600,1052.6484355926514,0.009202365519871733,0.004685294818878451,0.0036456222534179466,0.00046709065437316994
13700,1065.4576263427734,0.009283625604596607,0.00461762690544155,0.0037194290161132438,0.0008635879039764427
13800,1077.0173606872559,0.009163247549866327,0.0046999590396883785,0.0036588262081146024,0.0007795912742614759
13900,1088.5470271110535,0.008882327653182642,0.004614455175400038,0.0035833293437957554,0.0007583729267120343
14000,1100.6680476665497,0.012999819245834345,0.004576606512069964,0.003676057291030862,0.0008123249530792216
14100,1111.71866106987,0.011275595668773519,0.0046038293361666295,0.0036046304702758557,0.0007407848834991451
14200,1122.6102674007416,0.007759256378955967,0.004639125061035417,0.003756910657882651,0.000730186796188355
14300,1134.4497773647308,0.009615201822536364,0.004691416835785176,0.003670179319381681,0.0007954203605651878
14400,1145.0366373062134,0.01094884970343415,0.004640031003952289,0.0036442120552062657,0.0007106890201568617
14500,1156.0664052963257,0.01370191817863116,0.0046367473125460325,0.003565688085556012,0.0007376782417297366
14600,1167.3368439674377,0.010375636453762098,0.004641605091095236,0.003582857322692854,0.0007541361331939687
14700,1178.7166345119476,0.006969081357873961,0.004629876565933488,0.0036235671043395663,0.0007603977203369152
14800,1190.6758556365967,0.011139261873501595,0.004553798723221079,0.003612073755264259,0.0007959717273712153
14900,1201.8941767215729,0.009642256169515093,0.004606127166748315,0.0036751674652099327,0.0007508299350738508
15000,1215.4969005584717,0.00902873928073717,0.004701507520675919,0.0036329132080077896,0.0009028419017791732
15100,1229.7947392463684,0.007879414497451194,0.0046232084274294575,0.003595985984802224,0.0009544562816619888
15200,1243.2048618793488,0.006720148381461684,0.004722572517395271,0.0036098310470580757,0.0008866288185119649
15300,1253.2514476776123,0.009213541237692198,0.004665455675125379,0.003636919641494726,0.0006594683647155791
15400,1268.4103574752808,0.08019806668208133,0.00467360424995448,0.0037378529548644673,0.0009499703884124782
15500,1284.9921555519104,0.044588747808870434,0.0046970732212069264,0.003722205257415726,0.0008178789615631076
15600,1300.1007716655731,0.035298826260049626,0.004627289438247938,0.0036461374759673903,0.0007412797451019306
15700,1315.3343138694763,0.044019184652177475,0.00468570370674159,0.0037034597396850303,0.0007509625434875476
15800,1330.6099879741669,0.0391453776813124,0.0047524345397951745,0.003735569477081265,0.0007524871349334701
15900,1345.4607911109924,0.03522886337573197,0.004667596101761129,0.0037130962371825864,0.0007239187717437749
16000,1360.9320678710938,0.03606403036662243,0.0046133189678194695,0.003593679952621441,0.0007589432716369631
16100,1371.0102953910828,0.028390599022950058,0.004683336353302266,0.003675552797317485,0.0004817420482635507
16200,1380.0085990428925,0.03172081545749094,0.004709276819229378,0.003623911905288669,0.0004337893009185791
16300,1389.5689651966095,0.029755099017769453,0.004629132509231824,0.003622324275970433,0.00045313906669616674
16400,1398.7636170387268,0.031206939445580985,0.0046441852092745425,0.0036058564662933145,0.0004348994731903076
16500,1408.2972283363342,0.023878224656247938,0.004679828977585105,0.0036822992324828767,0.0004564124107360846
16600,1417.3118872642517,0.03687975899562645,0.004652442455292,0.0036639716625213458,0.00042174820899963384
16700,1426.2140340805054,0.027474930584634762,0.004608882236480965,0.0037020190715789498,0.0004189628601074227
16800,1435.503108739853,0.03214742194475576,0.004677137327194479,0.003643140697479216,0.0004371326446533209
16900,1444.5080962181091,0.02923343450497981,0.004614007616043339,0.003713088512420625,0.0004189801216125478
17000,1452.1595377922058,0.030178204336187234,0.004714918060736492,0.003706554588404537,0.00034858090660788834
17100,1458.4124598503113,0.02825970709336431,0.004639034509659075,0.003698618602752648,0.0002826311111450191
17200,1472.0062997341156,0.026733697411074644,0.004603878402710214,0.0037139830589294105,0.0006513633251190172
17300,1496.581104516983,0.02907805441493622,0.004638475275039927,0.0035189536571502604,0.001191158294677732
17400,1518.6362345218658,0.032386061550750044,0.004633818483352932,0.0036237123012542454,0.0010716742515563952
17500,1534.6966049671173,0.029266489750334017,0.004591968870163219,0.003619789028167708,0.0008027691364288328
17600,1550.3880858421326,0.0320579032311737,0.0046023753643038385,0.0036583435535430656,0.0007763582229614234
17700,1562.0517809391022,0.02775574017677769,0.00472465004920985,0.003693425559997528,0.0005698802471160874
17800,1570.1875309944153,0.031779315204072844,0.004695115470886503,0.0037178431034087726,0.0003862086772918701
17900,1578.272097826004,0.03198422161807514,0.004625366640091191,0.003611894369125347,0.00038442101478576715
18000,1587.9237117767334,0.03074580519999998,0.004675472307205466,0.0036278147697448556,0.0004497046470642097
18100,1608.5274968147278,0.03187400934804145,0.004688979148865002,0.0036260281085967773,0.0009943047523498522
18200,1622.9733278751373,0.025407041217048773,0.004612916326523093,0.0036744675159454095,0.0006817026615142805
18300,1633.8267757892609,0.026034590221387786,0.0045977004528048124,0.003685929441451993,0.0004998472690582275
18400,1645.2143712043762,0.02716878422351513,0.004613176155090591,0.0035915430068969513,0.0005338774681091294
18500,1656.03839969635,0.021926408438848313,0.004649486970901761,0.003683796358108494,0.0005043943405151374
18600,1667.1539189815521,0.027177290488349968,0.004670886802673601,0.003686442708969082,0.0005134581565856936
18700,1678.5473952293396,0.025585396369036884,0.0046707655906679905,0.00371091780662533,0.0005366527080535917
18800,1696.1145324707031,0.02393441116638769,0.004639213514328262,0.0036387637615203617,0.0008678349971771245
18900,1711.5661780834198,0.02463438484343797,0.00458966398239162,0.0036419655323028256,0.0007312588691711423
19000,1722.7525973320007,0.026500452756097418,0.00467226586341885,0.0036710428237914754,0.0005164754390716553
19100,1733.596402168274,0.030790162674618954,0.00463014893531826,0.0035826992988586175,0.0005128654003143326
19200,1744.6809587478638,0.03008974960079655,0.004672243595123548,0.0035975214481353507,0.0005146039485931378
19300,1755.9140841960907,0.02355297505691965,0.004720712423324857,0.0037402966022491045,0.0005238941192626958
19400,1766.2058284282684,0.02961898829998859,0.0046045052528384004,0.003667008781433078,0.0004794071674346926
19500,1774.736822605133,0.02239735318181502,0.004698633909225732,0.0037110254287719396,0.00040360951423645195
19600,1784.8422212600708,0.02119215644768019,0.0046686297416689585,0.0037496744632720615,0.0004749864578247074
19700,1808.6576159000397,0.027914833072746746,0.004677955913543971,0.0036846498012542404,0.001167960739135743
19800,1822.0897316932678,0.023866356346783135,0.004677529907226827,0.0036329403877257958,0.0006206487178802498
19900,1832.9032490253448,0.029378992998606464,0.0046019860744479155,0.003619016265869115,0.0004993936061859132
20000,1843.4618492126465,0.027262349729031427,0.004725400066375982,0.0037238277435302377,0.0004906300067901623
20100,1854.2084908485413,0.022905504882942865,0.00467188487052944,0.0036237204551696467,0.0005043689727783196
20200,1867.9987106323242,0.023164689170063042,0.0046749454021456525,0.0036491549491882032,0.00065269455909729
20300,1886.168296098709,0.02541763060875226,0.004606804752350118,0.0036451797485351307,0.0008993264675140372
20400,1909.1480491161346,0.019881260552628958,0.00466035761833217,0.0036085403442382602,0.0011456351757049583
20500,1925.4137556552887,0.021584758764558672,0.004673816156387583,0.0037072444438933966,0.0008113057136535662
20600,1941.2710347175598,0.023366818193428715,0.0046662840366366075,0.0036581374168395686,0.0007851036548614525
20700,1959.2484591007233,0.027581038367841586,0.004599274063110602,0.003694072151184046,0.0008872328281402574
20800,1977.1043708324432,0.026876997303631356,0.004627967453003191,0.003656203413009613,0.0008970451354980459
20900,1991.7153687477112,0.0275983976094129,0.0046351527214052975,0.0036748625755309806,0.0007279576301574687
21000,2005.0251939296722,0.02376344611635304,0.004675112628937032,0.003750176715850788,0.0006509488105773921
21100,2020.6506786346436,0.020845371540576564,0.004731103944778707,0.003627125501632662,0.0007801918029785175