#=== ait_scratch_full_w10_1000b1000a ===
#
#Metrics:
#  Accuracy: 0.7001 | Macro Precision: 0.7094 | Macro Recall: 0.9109 | Macro F1: 0.7115
#  False Alarms: 42282 | False Alarm Rate: 0.3165
#  Missed Attacks: 29 | Detection Rate: 0.9961
#
#Per-Class Metrics:
#  [phase1] P=0.0543 | R=0.9921 | F1=0.1030 | 
#  [phase2] P=1.0000 | R=1.0000 | F1=1.0000 | 
#  [phase3] P=0.8696 | R=0.8791 | F1=0.8743 | 
#  [phase4] P=0.6236 | R=1.0000 | F1=0.7682 | 
#
#Confusion Matrix:
#         	      	      	      	Actual	      	      
#         	      	benign	phase1	phase2	phase3	phase4
#         	benign	 91300	    18	     0	    11	     0
#Predicted	phase1	 39165	  2250	     0	     0	     0
#         	phase2	     0	     0	    11	     0	     0
#         	phase3	    12	     0	     0	    80	     0
#         	phase4	  3105	     0	     0	     0	  5144
i,time,loss,ground_time,compile_time,eval_time
10,1.5724318027496338,0.5816839468898252,0.002626060485839842,0.0028504366874694776,0.0004175443649291993
20,2.546783924102783,0.6485805378877558,0.002851945400238037,0.002497834205627439,0.00032226371765136703
30,3.5008349418640137,0.6220755669055507,0.002891221046447753,0.002646930217742915,0.0003018922805786132
40,4.482720613479614,0.6194032362196594,0.0028521680831909146,0.0032177581787109304,0.0003190927505493165
50,5.553413391113281,0.6182246258016676,0.0030865206718444817,0.0031358690261840774,0.00030777502059936503
60,6.438111066818237,0.5920353058027104,0.0033022503852844208,0.0028063325881957954,0.0003212680816650392
70,8.091089487075806,0.5782026220345869,0.0028707990646362307,0.0033259768486022883,0.0004971809387207029
80,9.380134582519531,0.5658368859207258,0.0029512639045715353,0.002737925529479976,0.0005139312744140629
90,10.469539642333984,0.5474073746358045,0.002878329753875734,0.002937293529510489,0.00035464668273925816
100,11.65431833267212,0.5433003337238915,0.002916130542755126,0.0029447231292724562,0.0004294638633728024
110,12.41055154800415,0.5070391290006228,0.0028923215866088862,0.0029169273376464804,0.00032353734970092787
120,13.152843236923218,0.49677556747337803,0.0028997759819030743,0.003089512348175044,0.00032242488861084
130,13.912051439285278,0.43390363777289165,0.003147201061248779,0.003063891887664788,0.00032851362228393527
140,14.629367589950562,0.4166243018116802,0.002893192291259767,0.0024992814064025847,0.0003137216567993163
150,15.339974164962769,0.38276971128070725,0.0029487152099609364,0.0030140700340270917,0.00030744504928588884
160,16.05384397506714,0.36681079093832525,0.002873535156249997,0.0028576126098632756,0.0003088340759277343
170,16.76449203491211,0.34377375108888375,0.0029025301933288594,0.0030946855545043884,0.0003085393905639646
180,17.471513271331787,0.3112891155527905,0.002892599582672119,0.0026550455093383744,0.0003080058097839357
190,18.153261184692383,0.3717651704442687,0.0029102187156677213,0.002935956478118893,0.0002942728996276861
200,18.883387327194214,0.3296465207240544,0.003224627017974854,0.003115622997283927,0.0003199944496154785
210,19.64074206352234,0.2673393880133517,0.0028541879653930682,0.002885543346405021,0.0003338556289672849
220,20.352397918701172,0.3692362847155891,0.002885589599609376,0.0028087592124938893,0.00030561780929565425
230,21.143445014953613,0.3165674901101738,0.0028345875740051285,0.002832226753234859,0.0003159823417663573
240,21.86450219154358,0.3415042469161563,0.0029732251167297373,0.002658081531524653,0.0003162865638732911
250,22.5897696018219,0.35067666512914003,0.0028950281143188495,0.0028086686134338344,0.0003174023628234863
260,23.329702377319336,0.37771533991908657,0.002894603252410888,0.003192349433898921,0.0003261566162109376
270,24.073649406433105,0.36812529613962397,0.0029254260063171366,0.0031006464958190888,0.0003289752006530762
280,24.800917625427246,0.32633506108541044,0.0032035331726074185,0.0031103925704956,0.00031986761093139645
290,25.521742820739746,0.3634145596297458,0.003301639080047608,0.002889547348022456,0.0003167753219604489
300,26.272005796432495,0.2849825780955143,0.002772014617919922,0.0030847911834716727,0.0003311057090759273
310,26.96191668510437,0.29512117720441894,0.0029113197326660145,0.003067039012908929,0.00029872274398803683
320,27.665199041366577,0.3201179666444659,0.0028366370201110807,0.0026728844642639115,0.0003039112091064453
330,28.373019218444824,0.3655591051909141,0.002898301124572753,0.002938050270080562,0.0003086833953857425
340,29.07708239555359,0.33638118146918716,0.002864759922027588,0.002985933780670161,0.0003061995506286622
350,29.777408838272095,0.33330970648676156,0.002888092994689941,0.0029902133941650333,0.0003081545829772952
360,30.46236801147461,0.3513683045515791,0.0029245381355285645,0.0029656729698181103,0.0002958884239196779
370,31.14488196372986,0.33197618076810614,0.0032469944953918465,0.003302340507507319,0.00029734945297241216
380,31.85423445701599,0.3330222896882333,0.0028783025741577163,0.0026286621093749964,0.000307435989379883
390,32.560620069503784,0.3414142646011896,0.0029058861732482923,0.0029874286651611253,0.0003080053329467773
400,33.27870750427246,0.3342460651532747,0.0031836595535278274,0.0028583927154540974,0.000312615394592285
410,33.98984336853027,0.377088984742295,0.003334123611450193,0.0027083764076232877,0.0003097748756408692
420,34.70216083526611,0.3423267711303197,0.0029450612068176287,0.002783780097961419,0.00030785179138183614
430,35.40850496292114,0.3612195233348757,0.0028804960250854526,0.0028332996368408154,0.0003081154823303223
440,36.080387353897095,0.32160327008459716,0.0029007406234741245,0.00289089679718017,0.0002911682128906247
450,36.76829195022583,0.3362084194784984,0.0028807415962219217,0.00285718441009521,0.00029811573028564484
460,37.508084535598755,0.37324695457937196,0.0028974676132202137,0.0033170757293701134,0.0003305945396423342
470,38.22343111038208,0.33542512482963505,0.003195480346679687,0.0028582434654235793,0.00031263971328735363
480,38.930216550827026,0.2654575956636108,0.002802621841430668,0.003325033664703361,0.00030955171585083036
490,39.63663363456726,0.30901302794227375,0.0028597002029418965,0.0028841385841369546,0.0003055696487426759
500,40.31810188293457,0.3069790145033039,0.0028879323005676213,0.002888393402099604,0.0002935190200805665
510,41.00430989265442,0.30936134977964685,0.0028007178306579594,0.0032144517898559473,0.00029674386978149393
520,41.72802543640137,0.32231230598990807,0.002898151874542237,0.0030672063827514575,0.00031721782684326184
530,42.44011425971985,0.3534803056390956,0.0028643193244934076,0.0031917095184326115,0.00031121540069580086
540,43.14892268180847,0.3225826632347889,0.0028707637786865225,0.0032185964584350497,0.00030853700637817366
550,43.85867643356323,0.32227532918332147,0.0028289775848388656,0.0026508183479309064,0.0003084192276000971
560,44.559611082077026,0.3513641358469613,0.003318090915679929,0.0024517850875854464,0.0003038344383239746
570,45.23026418685913,0.32627737579168753,0.002838537693023685,0.0030880007743835395,0.0002907505035400393
580,45.92057824134827,0.3591593796038069,0.0032875685691833474,0.0030449757575988718,0.0002987499237060548
590,46.606499910354614,0.3157526066759601,0.0029562149047851565,0.002893920898437495,0.000296039581298828
600,47.3191876411438,0.3123705826350488,0.002867438316345216,0.002730275630950924,0.0003115959167480469
610,48.03424525260925,0.3377263520960696,0.0028749547004699714,0.0026715288162231397,0.00031179475784301756
620,48.75574254989624,0.32103053950704635,0.0028201074600219755,0.0032224349975585875,0.00031609869003295933
630,49.44672918319702,0.3247744492953643,0.0028931612968444826,0.0027339620590209907,0.0003012781143188477
640,50.134249210357666,0.34410953623009843,0.002910691738128663,0.003271317958831782,0.0002970547676086425
650,50.82172203063965,0.32805207566125316,0.003215319156646729,0.0029887070655822703,0.0002979178428649904
660,51.50375247001648,0.33335791892604905,0.0031927380561828623,0.0031905155181884705,0.00029753780364990233
670,52.18589401245117,0.3262848186888732,0.0028810968399047817,0.0029326205253601047,0.0002971696853637696
680,52.87017273902893,0.3231179841444828,0.002934961318969728,0.0029175429344177176,0.00029846668243408184
690,53.56071496009827,0.3123911841423251,0.002912980556488039,0.0027608780860900804,0.00029574489593505875
700,54.22424626350403,0.3212785182869993,0.0029145960807800265,0.0026813278198242153,0.0002861833572387696
710,54.946096897125244,0.30890171783976256,0.003105273246765134,0.00297693538665771,0.00031222057342529313
720,55.6660053730011,0.33321657341439276,0.0031833138465881365,0.003014387130737301,0.0003154988288879395
730,56.38324737548828,0.3143405899172649,0.002864106655120849,0.00287944936752319,0.00031431674957275405
740,57.10943365097046,0.2809661383274943,0.0028655719757080082,0.0029702415466308523,0.0003151049613952637
750,57.83145189285278,0.3063085662201047,0.002865231037139893,0.0029340596199035588,0.0003151631355285646
760,58.554882287979126,0.35135334501974286,0.0028922591209411615,0.002677530765533443,0.00031700038909912115
770,59.275153398513794,0.3613974965759553,0.0029369959831237785,0.0029847726821899344,0.00031573534011840847
780,59.996188163757324,0.30951745609054343,0.0029346222877502447,0.002636676788330072,0.00031428050994873055
790,60.716697454452515,0.33645437497179953,0.0029453835487365707,0.0029880800247192346,0.0003144335746765135
800,61.43449878692627,0.3053425380610861,0.0029592003822326647,0.0031783833503723083,0.00031359624862670887
810,62.12297987937927,0.29568394818343224,0.002832015991210937,0.002722403049468989,0.00029678106307983414
820,62.79972052574158,0.3109642634226475,0.002864711761474609,0.0030136709213256794,0.0002946424484252927
830,63.51339840888977,0.3471307390544098,0.0032411465644836407,0.0028324637413024868,0.0003102307319641114
840,64.22092700004578,0.26462486376985905,0.002868524551391604,0.003380155086517328,0.00030644178390502945
850,64.93328356742859,0.32428418532945213,0.0032604780197143567,0.0031261124610900805,0.0003094253540039062
860,65.63665699958801,0.3515205877134576,0.002879116058349608,0.0029347662925720166,0.000304877758026123
870,66.34392261505127,0.32193439479451624,0.002879206657409666,0.00265267181396484,0.0003055329322814942
880,67.03420233726501,0.318633386248257,0.002989139556884767,0.002657087802886958,0.00029975700378418016
890,67.73210000991821,0.3232966938638128,0.00287991142272949,0.003270775318145745,0.0002992653846740723
900,68.47795128822327,0.2704665243916679,0.002857749938964845,0.0029098634719848587,0.0003221316337585448
910,69.19076228141785,0.29137643278809267,0.0028605794906616223,0.003141273021697993,0.0003084216117858885
920,69.91258525848389,0.3186237679794431,0.002873867034912108,0.003061229228973383,0.00031449031829833984
930,70.626149892807,0.32137492836336606,0.0028976173400878926,0.0028571672439575138,0.0003090004920959471
940,71.3825318813324,0.3322587245493196,0.00288179111480713,0.002861546039581293,0.0003284859657287594
950,72.10733795166016,0.29545357035822234,0.003179004669189459,0.0030404491424560463,0.00031409645080566405
960,72.84242987632751,0.33426080967183225,0.0029635033607482886,0.002789412498474117,0.00031682157516479525
970,73.53369235992432,0.3148121907899622,0.0028802351951599118,0.0029668517112731896,0.00029906177520751937
980,74.22909903526306,0.27596945488476193,0.002860209941864013,0.003063616275787347,0.0002990927696228028
990,74.90378069877625,0.2893588246311992,0.0029190602302551273,0.0029118194580078057,0.00029162693023681625
1000,75.55843687057495,0.30382755256141536,0.0032068977355957026,0.0026772713661193806,0.0002843494415283202
1010,76.22725772857666,0.31181259301956743,0.0029527840614318856,0.0029106335639953566,0.000288407802581787
1020,76.92165422439575,0.29243354633799756,0.002889269828796386,0.003463036537170407,0.0003013601303100587
1030,77.60442876815796,0.31468273187056184,0.0029522271156311015,0.0023695216178894014,0.00029615831375122084
1040,78.28970265388489,0.32396200695075095,0.002840159893035886,0.003062627315521235,0.00029667949676513705
1050,78.96729111671448,0.26401583760161884,0.003185433864593508,0.0026748151779174742,0.0002954072952270508
1060,79.64986419677734,0.31522214753495065,0.002888542652130125,0.00306503820419311,0.0002928991317749023
1070,80.3262186050415,0.2950334768393077,0.0028106560707092275,0.0032407908439636146,0.00029086303710937496
1080,80.9675018787384,0.2990610566805117,0.0032327203750610314,0.002916940689086908,0.00027885103225708024
1090,81.62204360961914,0.2854183094517794,0.0028903293609619162,0.003091732501983634,0.00028366756439208974
1100,82.29790997505188,0.3220954489748692,0.0029144678115844732,0.002497743129730222,0.00029376459121704094
1110,82.96958804130554,0.3104930186324054,0.002902399539947506,0.0024222931861877435,0.00029091691970825216
1120,83.65898394584656,0.30166694200888744,0.003189051628112794,0.002830702781677241,0.0002989625930786133
1130,84.3553557395935,0.2983475165732671,0.002873920917510984,0.003142485141754145,0.0003021001815795898
1140,85.03294086456299,0.29106107757834254,0.002870755195617678,0.0034476900100707947,0.00029464578628540024
1150,85.70315718650818,0.3169520209397888,0.0028976588249206557,0.003352487087249753,0.000291159152984619
1160,86.3600332736969,0.2365484145033406,0.0029128293991088883,0.0028602185249328553,0.0002851729393005371
1170,87.04967904090881,0.28031925322138707,0.002869925975799561,0.003070537090301508,0.0002994365692138674
1180,87.74883484840393,0.33869869126938285,0.0029431009292602557,0.0025536189079284647,0.0003024349212646485
1190,88.42918086051941,0.3089955472823931,0.002891420364379879,0.0029098162651061956,0.00029731798171997085
1200,89.10486173629761,0.2852283006621292,0.0031879591941833462,0.002831751346588131,0.00029446697235107407
1210,89.77978825569153,0.28905000726226715,0.003222202301025391,0.0030467247962951594,0.00029451084136962875
1220,90.45215439796448,0.3041997212509159,0.002871991634368896,0.003214204788208003,0.0002930631637573238
1230,91.12866854667664,0.2898992351925699,0.0029139094352722207,0.0031439676284789955,0.0002955956459045412
1240,91.8291552066803,0.26861764294444584,0.002818324089050293,0.0025686721801757785,0.00030879640579223674
1250,92.53129529953003,0.26824605650035666,0.0028775196075439473,0.0030677051544189373,0.00030738830566406255
1260,93.24381637573242,0.3062387252721237,0.0028330864906311033,0.002827617168426508,0.0003109755516052247
1270,93.9559121131897,0.277887535339687,0.0028731322288513177,0.00280473947525024,0.000311328887939453
1280,94.6859438419342,0.32383073564560616,0.003298200130462643,0.0024481735229492157,0.00031703424453735364
1290,95.41245651245117,0.2875636576936813,0.002823720455169677,0.0035262136459350535,0.0003190093040466309
1300,96.10783648490906,0.3221651973144617,0.003021038532257081,0.0027734723091125445,0.0003060860633850098
1310,96.8297951221466,0.29733089807559737,0.0028339490890502924,0.002571295261383052,0.00031598043441772455
1320,97.68738436698914,0.28824220098904335,0.002880504608154296,0.0023401665687561015,0.0003838806152343749
1330,98.42262887954712,0.28718950737675186,0.0029367008209228527,0.003127151012420647,0.0003229408264160157
1340,99.14960551261902,0.2870832442684332,0.0028618903160095234,0.0032173342704772873,0.0003191404342651367
1350,99.84899044036865,0.27442736965895165,0.0028805813789367684,0.0032766580581664977,0.0003059740066528322
1360,100.55011534690857,0.28507041712582576,0.002843083858489988,0.0027295951843261676,0.00030626964569091796
1370,101.25012493133545,0.2977618759628967,0.0029315242767334023,0.002942227840423578,0.00030647754669189443
1380,101.95381951332092,0.2922877464952762,0.0029454526901245125,0.003063887596130364,0.00030791330337524446
1390,102.65547490119934,0.29454159931920004,0.003212612152099605,0.003138167858123772,0.0003048863410949707
1400,103.36681318283081,0.2746135283436161,0.0032375054359436,0.0028852605819702096,0.0003090910911560063
1410,104.11701273918152,0.2572195313332486,0.0031747307777404816,0.0027555136680602983,0.0003283505439758302
1420,104.87015509605408,0.28454529422597263,0.0029199090003967304,0.0024715547561645484,0.0002980055809021
1430,105.58013701438904,0.3494524749708944,0.002958463668823241,0.0025982885360717758,0.00030357980728149415
1440,106.29064154624939,0.27555681411759,0.002905267715454103,0.003063825130462636,0.00030606889724731415
1450,107.0094244480133,0.2641208143584663,0.002851585388183594,0.0031689996719360264,0.0003081135749816894
1460,107.72111415863037,0.29058143918664425,0.0029172005653381313,0.003052830219268794,0.0003048782348632812
1470,108.43836522102356,0.2958734211832052,0.002897784233093259,0.003118827342987056,0.0003089065551757813
1480,109.15380692481995,0.2976308187222457,0.0029216737747192363,0.003013030529022213,0.0003079514503479003
1490,109.86771273612976,0.25865048385749106,0.002823438644409179,0.0028845281600952104,0.000306596755981445
1500,110.57872748374939,0.2987877219449729,0.0031793694496154773,0.0031926627159118565,0.0003047971725463865
1510,111.29354548454285,0.3107454115379369,0.0029570426940917953,0.0025845656394958482,0.00030651521682739294
1520,112.00602531433105,0.27830970450449966,0.0028381533622741707,0.0028311071395874,0.000305304527282715
1530,112.71465873718262,0.2822916176592116,0.0032454824447631847,0.0027816290855407653,0.00030430984497070306
1540,113.42414379119873,0.2701161882767337,0.0028011293411254862,0.002901802539825434,0.00030351114273071273
1550,114.11936688423157,0.28539207014400747,0.0028874845504760767,0.00309346914291381,0.000297168254852295
1560,114.83160662651062,0.29051663358841323,0.0029084105491638196,0.0032474436759948678,0.00030682611465454113
1570,115.54564762115479,0.2503951111561037,0.002903162956237794,0.0029101338386535573,0.0003058595657348632
1580,116.25790500640869,0.2598552466602996,0.003156438350677489,0.002885875701904292,0.0003060331344604492
1590,116.96976494789124,0.28201224251824897,0.0029147663116455094,0.003169132709503167,0.00030617094039917
1600,117.68427538871765,0.29384333602938567,0.0029067716598510742,0.003095665454864497,0.0003090062141418459
1610,118.40296220779419,0.28367400389543035,0.0029927482604980462,0.002896467208862299,0.00030755901336669946
1620,119.11914539337158,0.2889735705946805,0.0029001526832580574,0.002549152851104731,0.00030646371841430665
1630,119.83082318305969,0.3007030325359665,0.0028903794288635226,0.0028014030456542916,0.00030458593368530264
1640,120.5211489200592,0.3040344275752432,0.003304899215698238,0.0032550525665283165,0.0002940402030944826
1650,121.21413326263428,0.2741241852971143,0.0028754968643188495,0.0027327980995178174,0.00029800558090209976
1660,121.90648293495178,0.2678946518994053,0.0028421053886413562,0.0031445536613464303,0.00029701757431030266
1670,122.58588075637817,0.2866989149202709,0.0028172483444213877,0.003267122745513909,0.00028810024261474623
1680,123.28136348724365,0.25127366169181187,0.002834241390228272,0.0031617431640624935,0.0002948656082153321
1690,123.97525072097778,0.2588827898609452,0.003260281562805177,0.0029134054183959906,0.00029567432403564456
1700,124.67502522468567,0.283420730457874,0.002854454517364498,0.002572668552398679,0.0002986621856689453
1710,125.382803440094,0.30407804275891975,0.0028593401908874492,0.002671969890594478,0.00030276679992675786
1720,126.09480857849121,0.27268529736611524,0.0031658430099487296,0.002936638832092283,0.00030531930923461943
1730,126.81135439872742,0.29767665635299634,0.0028759980201721186,0.003137634754180901,0.0003069067001342774
1740,127.52302765846252,0.24121405232726828,0.002953332424163819,0.0028935742378234813,0.0003054957389831541
1750,128.23638558387756,0.2916261624865001,0.0028739032745361344,0.0027841701507568327,0.00030843019485473657
1760,128.95111083984375,0.2817376573482761,0.002886053085327147,0.0028583559989929152,0.0003061037063598633
1770,129.648601770401,0.3026305382387363,0.002873593807220459,0.0032932991981506317,0.00029806089401245164
1780,130.3391125202179,0.2799473579521873,0.002951601982116699,0.0028340554237365643,0.0002955393791198729
1790,131.03015565872192,0.23979419481911463,0.003252126693725586,0.0027626805305480907,0.0002956671714782713
1800,131.70510506629944,0.24280879346915754,0.0028540124893188436,0.0031459474563598584,0.0002881541252136228
1810,132.440593957901,0.23588645818526857,0.002843010425567628,0.003067737102508535,0.0003171639442443846
1820,133.1943428516388,0.27197095371229807,0.002922173023223874,0.0025762457847595182,0.00032856321334838863
1830,133.90533685684204,0.2530223817258957,0.002808314800262452,0.0032671308517456,0.0003063764572143551
1840,134.61861300468445,0.28699920813232893,0.0028206744194030726,0.0030359435081481873,0.00030570793151855446
1850,135.33029222488403,0.30915143406164136,0.0029528679847717282,0.0025971159934997518,0.000304840564727783
1860,136.0417606830597,0.2906284529104596,0.003271491527557374,0.00283232164382934,0.0003064365386962888
1870,136.75122952461243,0.28601848529942797,0.0028164324760437025,0.0029331898689269947,0.00030581331253051784
1880,138.04822516441345,0.2431591433545691,0.0032844252586364717,0.0025864911079406727,0.0008386182785034181
1890,139.25919699668884,0.2733986006496707,0.0029324469566345246,0.0031738986968994076,0.000538688659667969
1900,140.41306829452515,0.2766410583833931,0.0029018435478210436,0.0032998275756835906,0.0005159173011779789
1910,141.5932674407959,0.25308183410234053,0.0028153629302978497,0.003006915569305415,0.0005297555923461912
1920,142.78747725486755,0.2749898369962466,0.0028689932823181153,0.002834108829498286,0.0005380353927612301
1930,143.99170756340027,0.26670395557885057,0.0028929252624511704,0.002417588233947753,0.0005391135215759272
1940,145.19108867645264,0.2735071331306244,0.003249423027038575,0.0028621859550476015,0.0005389204025268553
1950,146.38274765014648,0.2648715230214293,0.0029180655479431146,0.0032552337646484302,0.0005351066589355469
1960,147.5845398902893,0.26318347419874044,0.0029388079643249527,0.0034558100700378368,0.000538350105285644
1970,148.7474184036255,0.27302070401638046,0.0029200563430786123,0.002758611679077144,0.0005176296234130857
1980,149.95586705207825,0.2670322250967729,0.0029370608329772957,0.0029940748214721596,0.0005400919914245609
1990,151.31350564956665,0.27750334292068146,0.0031481614112854025,0.002720084190368648,0.0006187391281127927
2000,152.82535767555237,0.2557187196420273,0.0028447852134704616,0.0029370503425598096,0.000696601867675781
2010,154.09811449050903,0.2842160882864846,0.0028940324783325185,0.0030409655570983836,0.0005688996315002452
2020,155.308607339859,0.25642920709519423,0.0029345588684082016,0.0030931363105773844,0.0005407190322875977
2030,156.5085997581482,0.27003073924133786,0.0032030959129333513,0.002830013275146479,0.0005377693176269534
2040,158.22999095916748,0.28445770984253615,0.002949704647064211,0.0029896168708801203,0.000790575981140137
2050,160.2952058315277,0.26424483407317895,0.0032523145675659158,0.0029978542327880804,0.0009273028373718264
2060,163.34308242797852,0.2507305876715691,0.002898019790649412,0.002763478279113766,0.001346684932708739
2070,166.45444464683533,0.27370575638924494,0.0028444352149963412,0.0031354694366455007,0.0013411760330200185
2080,169.28365921974182,0.25103239044110526,0.0028585557937622066,0.0025758695602416956,0.0012651782035827653
2090,170.53693509101868,0.25464182630543847,0.0028652529716491674,0.0029567022323608357,0.0005739383697509769
2100,171.74250960350037,0.25532876771030716,0.002832592964172361,0.0032440981864929165,0.0005368361473083498
2110,172.94951343536377,0.25697029851448505,0.0029105710983276306,0.002656523704528807,0.0005432748794555657
2120,174.1540970802307,0.23656646946183174,0.003131950378417967,0.003056440353393549,0.0005420203208923336
2130,175.43722128868103,0.2567039456611383,0.0032082886695861818,0.0024949703216552723,0.0005818281173706061
2140,176.92155694961548,0.260131293462473,0.002867744922637936,0.002967789173126217,0.0006909389495849606
2150,178.35990929603577,0.27779544676013757,0.002921384334564209,0.0032007002830505326,0.0006714816093444829
2160,179.63129258155823,0.2864821538911201,0.0029367775917053217,0.003021153926849362,0.0005767164230346677
2170,180.8045699596405,0.2428957000214723,0.0028079447746276855,0.003213850975036614,0.0005252904891967773
2180,182.0017306804657,0.26558162357396214,0.0028785037994384774,0.0027322306632995563,0.0005378451347351068
2190,183.20813918113708,0.26705843925883527,0.0029478850364685104,0.0027025585174560475,0.0005436391830444338
2200,184.41168856620789,0.24656598429878257,0.0029393043518066413,0.0030939521789550726,0.0005412025451660147
2210,185.61171793937683,0.257017211211496,0.0032002406120300265,0.002806812286376949,0.0005367426872253416
2220,186.80327677726746,0.258806022266932,0.002896687030792237,0.002755861759185788,0.0005355911254882813
2230,188.00314807891846,0.27468757333263055,0.0029169740676879895,0.0030379157066345135,0.0005378279685974117
2240,189.1588475704193,0.2392749765262124,0.0028465275764465343,0.0035016827583312995,0.0005170702934265132
2250,190.35636115074158,0.2452109624282457,0.0031953992843627927,0.0029151458740234336,0.0005432348251342776
2260,191.56299543380737,0.2289158293716774,0.0029543952941894517,0.0027617754936218202,0.0005416584014892582
2270,192.74291276931763,0.2497754481548327,0.0028578205108642568,0.002886035919189448,0.0005288610458374016
2280,193.94387197494507,0.2771443227218697,0.002894283771514893,0.003321599960327143,0.000541189670562744
2290,195.14233374595642,0.24355280401664098,0.002858532905578615,0.002705639839172357,0.0005383234024047846
2300,196.29860281944275,0.25089163092488886,0.0029148201942443865,0.002780858993530267,0.0005168113708496092
2310,197.50520133972168,0.25578866848399423,0.00292094659805298,0.0030681395530700616,0.0005353732109069828
2320,198.70023584365845,0.2325025088546681,0.003120511054992673,0.0025205760002136217,0.0005358180999755857
2330,199.88514351844788,0.27059453834967473,0.0029614100456237776,0.002868510723114011,0.0005303354263305667
2340,201.0778136253357,0.27617955125606386,0.003265995025634765,0.0028641166687011694,0.0005334410667419432
2350,202.282244682312,0.2552980277891038,0.00295989465713501,0.002863508224487297,0.0005393214225769043
2360,203.48257875442505,0.250160694385837,0.0028431634902954133,0.003012869358062737,0.0005356645584106438
2370,204.65271663665771,0.2684219762131271,0.0029467582702636707,0.0029862895011901766,0.0005268163681030267
2380,205.83553266525269,0.26060614004090893,0.0028261218070983894,0.003241480350494377,0.0005285873413085937
2390,207.01846361160278,0.22199190975516103,0.0028706974983215335,0.0028584771156310983,0.0005281691551208497
2400,208.22290015220642,0.25183316994662164,0.0028532586097717305,0.0030354146957397403,0.0005415029525756834
2410,209.4230396747589,0.2055010754150736,0.002871273517608645,0.002885898590087883,0.000533945083618164
2420,210.61402654647827,0.28395904021163004,0.0029821853637695328,0.0029666609764099046,0.0005315666198730476
2430,211.8116316795349,0.24275853020967234,0.0028608369827270485,0.003012372016906733,0.0005382819175720219
2440,212.94949579238892,0.2487236864530132,0.0028877949714660647,0.0030878825187683014,0.0005063776969909666
2450,214.14663887023926,0.2317564400989795,0.0032378554344177227,0.002813169479370113,0.0005336117744445803
2460,215.34857892990112,0.220100787494448,0.0027851004600524904,0.002979570388793939,0.0005380291938781737
2470,216.5480718612671,0.28025066398549825,0.0029193525314331068,0.0026506681442260696,0.0005385589599609375
2480,217.8239405155182,0.2405934416629822,0.002908436775207521,0.0028922495841979937,0.0005773692131042484
2490,218.96490454673767,0.25544816454418556,0.0032477903366088857,0.002941004753112789,0.0005163311958312985
2500,219.98223066329956,0.2480706971126112,0.002841436862945562,0.00316566133499145,0.0004699764251708986
2510,220.9221591949463,0.21380473728961494,0.003193457126617432,0.0036081953048706012,0.0004315996170043946
2520,221.88131284713745,0.2587895890216586,0.002951310157775879,0.002706685066223141,0.0004363760948181149
2530,222.8349289894104,0.2347936803908867,0.002840376377105714,0.0026978549957275334,0.00043665885925292985
2540,223.781907081604,0.2594398197157908,0.0028195128440856943,0.0026466670036315878,0.000436250686645508
2550,224.7264575958252,0.27512781822149723,0.002996291160583497,0.003229853153228754,0.00043679141998291
2560,225.65898823738098,0.22661811451024078,0.002851200580596922,0.003042797565460199,0.00043390369415283257
2570,226.6230354309082,0.25635562401212786,0.0028887844085693335,0.003144251346588129,0.00044360589981079143
2580,227.59774088859558,0.22718550463202733,0.0028816580772399935,0.0030409679412841725,0.00045382499694824235
2590,228.5577700138092,0.21627577187433,0.0032133994102478045,0.002835276603698724,0.00045337295532226564
2600,230.34015488624573,0.27306062055952973,0.002925244331359858,0.0024724397659301725,0.0007918033599853521
2610,233.32695984840393,0.23576256853914038,0.0028292040824890157,0.00321771574020385,0.0013261470794677728
2620,236.30161261558533,0.2393731037739822,0.002890963077545165,0.002596421718597407,0.001332770824432373
2630,239.31907200813293,0.23941798730410163,0.0028699488639831556,0.0027560029029846137,0.0013655972480773946
2640,242.3981957435608,0.2343858617845244,0.0029176530838012685,0.002503734111785885,0.0013878440856933591
2650,244.68447995185852,0.2157675857262456,0.002800467491149904,0.0029551391601562427,0.0010468921661376958
2660,245.4487133026123,0.22314852547990402,0.002980314731597898,0.00325877428054809,0.0003326711654663085
2670,246.1931290626526,0.2463706551952241,0.0029281311035156245,0.0028584275245666455,0.0003457174301147459
2680,246.93096446990967,0.2622410719171392,0.0029126892089843728,0.00324484729766845,0.000344666004180908
2690,247.64197659492493,0.26679349648663503,0.0035370202064514142,0.0029361829757690366,0.0003277459144592284
2700,248.35763907432556,0.22746849375000658,0.0028978376388549805,0.0029646205902099563,0.0003296332359313966
2710,249.07167053222656,0.19342401827270145,0.0028184309005737317,0.003476527214050289,0.0003276119232177732
2720,250.91722440719604,0.24421091383402144,0.0028914098739624035,0.0027547106742858837,0.0008045725822448731
2730,252.1586639881134,0.20049445329942284,0.0028838753700256336,0.002730864524841305,0.000560619354248046
2740,253.01596403121948,0.24283637291209503,0.002918190956115724,0.003112619876861567,0.0004030938148498536
2750,253.99445939064026,0.2556481402822741,0.002961132526397707,0.003020485877990717,0.00046477842330932585
2760,254.80944848060608,0.2476831298506273,0.0029229001998901365,0.003120363712310785,0.000383136749267578
2770,255.59867787361145,0.24360071289441984,0.0028373236656188947,0.003012092113494868,0.0003744573593139649
2780,256.36223793029785,0.23878315809134404,0.0028321380615234358,0.0025984449386596666,0.00036166429519653344
2790,257.17374992370605,0.23398272952382876,0.003186740398406984,0.0028827137947082465,0.00038487052917480477
2800,257.95774006843567,0.2279886048393384,0.0032444047927856464,0.0028392171859741157,0.00037544965744018566
2810,258.8099603652954,0.2617387795136195,0.0029099755287170376,0.002601865291595459,0.0004127960205078128
2820,259.6476263999939,0.2565077623883882,0.0029613256454467784,0.0032525677680969164,0.00039520502090454105
2830,260.44572734832764,0.23588416725344358,0.003242812156677242,0.0029103727340698184,0.00037998247146606444
2840,261.26793146133423,0.2412265205221264,0.0028985891342163117,0.003504194736480706,0.0003857922554016111
2850,262.14564299583435,0.19485501060505991,0.003176206588745117,0.0029926633834838796,0.00041610097885131866
2860,263.09108233451843,0.2294410251818711,0.002820028305053711,0.00269660139083862,0.00044928979873657223
2870,263.98962664604187,0.20780754607557186,0.0028691720962524406,0.0029935975074768,0.00043099308013916024
2880,265.1029989719391,0.24779882242553247,0.002909408092498781,0.0025781550407409626,0.0004702711105346682
2890,266.0380573272705,0.22157019717700802,0.0028487691879272464,0.0028808140754699664,0.0004435715675354007
2900,266.8961429595947,0.2227641237438874,0.002920973300933838,0.0029371380805969165,0.00039874410629272427
2910,267.76010179519653,0.2582557987003324,0.0032656717300415007,0.0027268881797790504,0.0004041380882263179
2920,268.6456835269928,0.25325471924702325,0.002912239551544187,0.0034260115623474087,0.0004091291427612305
2930,269.5952389240265,0.21899378520137577,0.002802091598510742,0.002726384162902825,0.00043238306045532217
2940,270.80507826805115,0.22109335835084792,0.002868762493133544,0.0027806038856506314,0.0005268707275390627
2950,271.8048481941223,0.22476229865010952,0.002891202926635743,0.003320755958557122,0.00046563386917114274
2960,272.7287542819977,0.22873891588089776,0.0029057140350341798,0.002625132560729977,0.00043769979476928716
2970,273.55839109420776,0.2173307882595496,0.003251681327819824,0.003334100723266594,0.0004002814292907716
2980,274.36867594718933,0.22186892568048022,0.0029247827529907218,0.0026569509506225554,0.00038379383087158253
2990,275.18325424194336,0.22857884350573446,0.0028697919845581065,0.002962847709655755,0.0003889298439025878
3000,275.9846637248993,0.22662308383615498,0.00286683464050293,0.0027073597908019976,0.00038349628448486334
3010,276.830623626709,0.24574891808545601,0.002918700695037844,0.003459023952484126,0.0004033360481262207
3020,277.7197835445404,0.22972513685912926,0.002837357997894288,0.002779253482818599,0.0004108753204345703
3030,278.54634141921997,0.22256555478560588,0.0029357628822326677,0.0031769828796386615,0.0003965330123901368
3040,279.35383653640747,0.20760290838314757,0.0028690404891967766,0.0026234688758850055,0.00038839530944824213
3050,280.1481177806854,0.21923190136290596,0.002837904930114747,0.0027269554138183564,0.0003866114616394046
3060,280.906982421875,0.2362736434485651,0.002863333702087402,0.0029611926078796334,0.00036380815505981435
3070,281.8304212093353,0.21724312482591243,0.002844766616821286,0.0031619672775268517,0.0004462113380432128
3080,282.7797951698303,0.21396740852041146,0.0029486069679260252,0.0029659571647644,0.0004545135498046879
3090,284.4425902366638,0.23727395026615167,0.0032433819770812987,0.002968175411224362,0.0007702865600585934
3100,285.52957034111023,0.21626934303761866,0.002938830852508543,0.0025757603645324683,0.0005269212722778321
3110,286.6422526836395,0.2129105824527568,0.0032001481056213336,0.002671606063842771,0.0005019669532775878
3120,287.5049023628235,0.21840565021874553,0.002830875873565673,0.0029805450439453042,0.0004186410903930664
3130,288.28951358795166,0.2400053804436702,0.0029178862571716327,0.0032494583129882757,0.0003780446052551275
3140,289.14164781570435,0.20455240620514234,0.0031675882339477534,0.0029651737213134697,0.00041408872604370124
3150,289.9256041049957,0.2365035565755645,0.0029063863754272452,0.002856167316436763,0.00037679147720336885
3160,290.74803853034973,0.24258656979641186,0.0032383708953857395,0.002629142761230465,0.00040027236938476585
3170,291.57119512557983,0.2264967867510664,0.002939624309539794,0.0028623633384704554,0.00039895772933959997
3180,292.3394248485565,0.21861208286973652,0.002859607219696042,0.002470430850982664,0.0003669652938842774
3190,293.10286951065063,0.20966019358763194,0.0028645896911621083,0.0035088133811950603,0.0003683123588562013
3200,293.8764126300812,0.2054884063588686,0.002942541122436526,0.003071148872375482,0.00037119245529174794
3210,294.61701226234436,0.21337552576739993,0.002840869426727294,0.0028292412757873484,0.00035389852523803677
3220,295.3606131076813,0.2362449014961796,0.0029010124206542954,0.0026783652305602994,0.0003586678504943847
3230,296.13463950157166,0.22383938798911882,0.002920413017272949,0.002813375473022456,0.0003703684806823728
3240,296.8975043296814,0.22624597111721806,0.0032756800651550276,0.0031479644775390574,0.00036675214767456043
3250,297.64815187454224,0.197326247795562,0.0028566961288452137,0.0028357467651367154,0.00036073493957519524
3260,298.4192895889282,0.22639457832639484,0.0032337198257446306,0.003036321163177483,0.0003710293769836427
3270,299.1681458950043,0.19591971837222477,0.002849007129669192,0.0028872318267822218,0.0003624544143676762
3280,299.92688488960266,0.23337931478269586,0.002938361167907715,0.003123692512512199,0.00036639547348022485
3290,300.70016980171204,0.23499154230376776,0.0028413014411926268,0.0030811271667480393,0.00036870574951171884
3300,301.48488211631775,0.19403003464314605,0.0028851561546325657,0.0030150074958801227,0.00037061166763305666
3310,302.2526149749756,0.21912658174522606,0.0029027647972106963,0.0028609113693237264,0.00036913728713989266
3320,303.03495502471924,0.24640652073498467,0.0032601361274719196,0.0027512216567993136,0.0003746700286865233
3330,303.8061611652374,0.18699151145450035,0.0028758840560913095,0.0032517113685607843,0.0003710689544677735
3340,304.5313866138458,0.21611638388433496,0.0029164519309997547,0.0027574448585510197,0.00034774398803710967
3350,305.29558205604553,0.19771605266833336,0.0028617544174194356,0.003437778949737542,0.0003716087341308594
3360,306.049111366272,0.2059700045912117,0.003205356121063233,0.0029648561477661093,0.0003671579360961915
3370,306.80169582366943,0.20624380494528202,0.0028408312797546394,0.0030126204490661555,0.0003628120422363281
3380,307.5588219165802,0.223712596188753,0.002881672859191896,0.0031152296066284104,0.00036343431472778305
3390,308.3154158592224,0.23582466724970447,0.0029185914993286105,0.0023390898704528803,0.0003648805618286132
3400,309.09728026390076,0.2240097771217225,0.0028866109848022475,0.0029317088127136163,0.0003693084716796875
3410,309.86796593666077,0.22559893208376386,0.0028502936363220192,0.0028793411254882787,0.0003705973625183108
3420,310.6110863685608,0.2099991062108813,0.002943089485168458,0.0029481434822082467,0.00035868597030639683
3430,311.36708068847656,0.20496462775961022,0.002822808742523191,0.0026245045661926238,0.0003638296127319334
3440,312.12418937683105,0.21750558353640437,0.002833007812499999,0.002933794975280758,0.0003667640686035155
3450,312.8962438106537,0.22381565655828523,0.0029157967567443833,0.003147593975067134,0.0003706231117248538
3460,313.64665365219116,0.18457733512673918,0.002922907829284668,0.002965022563934319,0.000361581325531006
3470,314.45459723472595,0.20154681631306798,0.002924448013305666,0.002750564575195306,0.00038996648788452184
3480,315.20704078674316,0.2449256873663926,0.0032044243812561018,0.0032728357315063425,0.000365108013153076
3490,315.9652147293091,0.21174152491601492,0.0028874115943908715,0.003122657775878897,0.0003659811019897461
3500,316.7539451122284,0.2107940072221175,0.0028943686485290525,0.002753895282745358,0.00036468744277954094
3510,317.5125162601471,0.17764044982325783,0.0033185014724731433,0.0029128413200378367,0.00036643123626708973
3520,318.27684116363525,0.19631295272230914,0.002853437900543214,0.0025193276405334423,0.00036862707138061545
3530,319.03417015075684,0.2311841590743191,0.0029462614059448246,0.0030956740379333445,0.00036590623855590814
3540,319.79034185409546,0.20884267488454206,0.0030376987457275393,0.002846279621124262,0.0003637833595275881
3550,320.5354084968567,0.2005428378339243,0.002807988166809084,0.002728080749511715,0.00036278533935546893
3560,321.2925441265106,0.20730655199280426,0.0028878073692321783,0.0029384441375732376,0.0003648295402526857
3570,322.04674792289734,0.2126915369773613,0.003196185111999512,0.0035581412315368577,0.0003619532585144041
3580,322.80998063087463,0.20997280209786245,0.0031708149909973117,0.0028320016860961875,0.0003695673942565918
3590,323.5502920150757,0.2290254361829668,0.002838519096374511,0.0030321216583251874,0.0003525328636169433
3600,324.2953157424927,0.21814424724987563,0.0028460469245910657,0.0028041701316833456,0.0003550376892089846
3610,325.02382922172546,0.20713297934909525,0.0031918945312499982,0.003012241840362545,0.00034596967697143535
3620,325.7264151573181,0.24990224744634215,0.0029775223731994616,0.0030184473991394017,0.00033527231216430657
3630,326.43522095680237,0.20232963445531865,0.0028917250633239727,0.0031483664512634247,0.00034089946746826156
3640,327.1443908214569,0.1797269701547812,0.0028278856277465817,0.003034903049468987,0.00034021186828613276
3650,327.8514301776886,0.21287779498522733,0.002916234016418456,0.0025188560485839818,0.0003409028053283692
3660,328.55549216270447,0.18020427685062482,0.00322716045379639,0.003381728649139398,0.00034161996841430636
3670,329.26901030540466,0.20328882266087983,0.0029149990081787118,0.002629925727844234,0.000339655876159668
3680,329.98228120803833,0.2329092675908513,0.002865602016448975,0.0028558902740478467,0.00034083461761474584
3690,330.6917827129364,0.2047979344699852,0.0028023724555969226,0.0030093727111816346,0.0003409562110900883
3700,331.4339075088501,0.20869359293356773,0.002925402164459228,0.002785802841186517,0.0003569126129150394
3710,332.16145634651184,0.23038953769752468,0.0031854677200317425,0.003089505672454827,0.0003514261245727541
3720,332.87032556533813,0.22082689938044447,0.00318097162246704,0.002959100723266596,0.0003432297706604004
3730,333.537228345871,0.2167911374610715,0.0028786406517028783,0.0028777914047241155,0.0003134727478027345
3740,334.1828534603119,0.18627077785296484,0.0028169231414794916,0.002898845672607417,0.00031021595001220695
3750,334.8453016281128,0.21709411804837445,0.002807207584381106,0.002777482986450189,0.0003145337104797363
3760,335.4678955078125,0.17031830756055188,0.0029378161430358893,0.0032810697555541966,0.00029295301437377944
3770,336.0834856033325,0.19395900848443892,0.0029349479675292974,0.0030227241516113234,0.0002914500236511231
3780,336.71731877326965,0.21353026910123604,0.0029605526924133324,0.0027080335617065375,0.00030338764190673834
3790,337.34163999557495,0.19725677622217003,0.002917706012725829,0.0028901705741882296,0.0002960867881774899
3800,337.99397110939026,0.22975736518481654,0.002930952072143556,0.0028656063079833924,0.000314647674560547
3810,338.59433484077454,0.1980212962479753,0.0028564515113830577,0.0029339933395385676,0.00028510665893554716
3820,339.16453433036804,0.18872544952000672,0.002846337795257568,0.003013566017150872,0.0002741336822509765
3830,339.7331717014313,0.2024706592704494,0.0029381690025329565,0.0029188733100891048,0.0002706351280212403
3840,340.29555916786194,0.21669853298287722,0.0029374814033508293,0.0027054414749145476,0.00026308727264404304
3850,340.8518385887146,0.20588382270170072,0.002865266799926757,0.002980605125427242,0.0002613492012023926
3860,341.4226543903351,0.17375919749067337,0.0028711590766906728,0.002855998516082756,0.0002675547599792478
3870,341.98771929740906,0.18777182251899832,0.0028996529579162628,0.003257586002349847,0.0002648282051086426
3880,342.5566861629486,0.25162702792064456,0.0028378548622131333,0.0030350341796874956,0.0002686214447021487
3890,343.1343500614166,0.21639318659070553,0.0035877327919006273,0.0027850136756896924,0.00027440023422241257
3900,343.71672010421753,0.18745450017469917,0.002909348487854002,0.00298890113830566,0.00026943016052246097
3910,344.2914922237396,0.21754950184735952,0.002836258411407469,0.00300693845748901,0.0002683005332946776
3920,344.86450481414795,0.19859287633867953,0.002958975791931154,0.003147906780242912,0.0002674479484558104
3930,345.4089493751526,0.21096676447234125,0.002897178173065182,0.002699117660522457,0.00025557565689086914
3940,345.9623968601227,0.20782921407241522,0.002934095859527587,0.0026569957733154253,0.00026397562026977516
3950,346.52305126190186,0.18730234666959544,0.0027748999595642075,0.003213449954986567,0.00026321601867675793
3960,347.0865263938904,0.18778933587733065,0.0028777575492858897,0.003015285015106193,0.00026654577255249016
3970,347.63663053512573,0.2225556667043802,0.0031951189041137702,0.0027600774765014612,0.0002599716186523439
3980,348.1980035305023,0.2000898977344249,0.003189152717590333,0.0033722019195556543,0.0002641396522521973
3990,348.74920415878296,0.20396093676997068,0.0029424343109130833,0.0028938302993774365,0.00025838756561279304
4000,349.30338764190674,0.17739863998029864,0.002883633613586424,0.002627361297607417,0.00026093578338623057
4010,349.8647150993347,0.2098753048817795,0.0028975667953491215,0.0031956825256347597,0.00026408433914184567
4020,350.45566868782043,0.18820721424248724,0.0028658466339111337,0.002965902805328363,0.0002821683883666993
4030,351.022766828537,0.20634354043686548,0.003197764873504639,0.002806464672088618,0.00026773214340209984
4040,351.5938835144043,0.1831787814331774,0.0029271850585937506,0.003273561954498286,0.00026863622665405267
4050,352.1694118976593,0.20818205359841727,0.002954163551330568,0.0030677533149719165,0.00026863336563110363
4060,352.7560832500458,0.18357700008427819,0.002816546440124511,0.002907414913177483,0.0002684412002563477
4070,353.34734869003296,0.21472467985948537,0.0028781218528747534,0.0029605426788330037,0.00027734041213989247
4080,353.92505049705505,0.20624726572885077,0.002972076416015624,0.0025311369895935016,0.0002693815231323244
4090,354.4981904029846,0.1717072897025407,0.0032296500205993674,0.002705193042755124,0.0002710976600646969
4100,355.0755658149719,0.22331845353867594,0.002868591308593748,0.002806738376617427,0.00026953458786010715
4110,355.65372490882874,0.20207462505836818,0.0032497801780700638,0.0026025395393371566,0.0002715888023376465
4120,356.23693919181824,0.22903701787032782,0.0032438249588012695,0.002937973499298088,0.000272571086883545
4130,356.805392742157,0.1919894191156851,0.0029573125839233404,0.002974020957946774,0.0002701478004455566
4140,357.3975508213043,0.18391409096455646,0.0028324332237243646,0.002802315235137935,0.00027453374862670916
4150,357.98604583740234,0.17596461683133263,0.0028618869781494157,0.003091089248657219,0.0002761931419372556
4160,358.60542130470276,0.2070179281274423,0.002864456653594972,0.0028544583320617616,0.00028898286819458043
4170,359.21261048316956,0.20143222218190865,0.00286666440963745,0.0035026478767394955,0.00028517436981201165
4180,359.8623311519623,0.18845134160472438,0.0028795981407165544,0.0031971116065978916,0.00030761194229125995
4190,360.58228278160095,0.2027560406471225,0.002879559516906735,0.002672044754028315,0.0003149404525756836
4200,361.2572000026703,0.18752525642484477,0.0028968329429626466,0.002811357975006098,0.00028355503082275364
4210,361.86573600769043,0.1972107564755501,0.0029235539436340365,0.003094418525695795,0.000284595489501953
4220,362.46622610092163,0.20244092941294647,0.0032633771896362304,0.0028837013244628856,0.00028124809265136743
4230,363.0683560371399,0.2081357827886654,0.00288072681427002,0.002811207771301264,0.00028076934814453143
4240,364.7493302822113,0.18352646050084814,0.002890920162200927,0.0028067903518676717,0.001001774311065674
4250,367.5625846385956,0.19776748590613816,0.0028301529884338346,0.003136545658111565,0.001289848804473876
4260,370.42405438423157,0.20802434936188335,0.003222969055175781,0.0034528450965881315,0.0013096694946289073
4270,373.4123764038086,0.2034039201602821,0.0028863677978515643,0.0030366396903991635,0.001366944789886475
4280,376.3560094833374,0.19032586353848707,0.0028408837318420433,0.0025478472709655727,0.0013729486465454098
4290,379.37948417663574,0.18484598054890627,0.002862543106079102,0.0027586221694946254,0.0013910546302795413
4300,382.3545961380005,0.1967149405342315,0.002943713188171386,0.002685558319091794,0.001367650985717773
4310,385.3925611972809,0.18151355834097233,0.0028454613685607952,0.0032502932548522864,0.0013919773101806643
4320,388.38600850105286,0.18338425451143472,0.0029227147102355963,0.003120238304138176,0.0013809061050415034
4330,391.3880183696747,0.17490972994141024,0.0028831720352172825,0.0022904005050659168,0.0013843646049499512
4340,394.4379360675812,0.18925728234503925,0.0036196298599243102,0.003324667453765864,0.0013869576454162613
4350,397.4787566661835,0.22317494881819488,0.002885015010833737,0.002752465248107906,0.0013996033668518064
4360,400.47541427612305,0.1939141178280092,0.002877107620239256,0.0030082702636718694,0.0013635311126708987
4370,403.54883766174316,0.19565797940323293,0.0028821983337402306,0.003041336536407467,0.0013888187408447271
4380,406.54119753837585,0.2042062478653083,0.0028108134269714327,0.0029350509643554642,0.0013902850151062017
4390,409.5192778110504,0.1844179737116363,0.0029500474929809576,0.0032077622413635167,0.0013674015998840323
4400,410.7232506275177,0.23401633215068948,0.002858309745788575,0.0025452718734741164,0.0005980086326599121
4410,411.7481412887573,0.21386638491631804,0.0029202103614807125,0.003375542163848872,0.0004917635917663579
4420,412.89272260665894,0.21598265776478845,0.002851173877716063,0.003138049125671381,0.0005206103324890139
4430,413.9627094268799,0.19693077881708154,0.0032156076431274438,0.0030941658020019473,0.0005182991027832034
4440,415.008095741272,0.19688308435010238,0.0029322600364685035,0.003201420783996575,0.0005098819732666014
4450,416.115793466568,0.18973456061133556,0.0029524941444396937,0.002708357334136962,0.0005170040130615238
4460,417.1627633571625,0.19155527386059337,0.002926754474639894,0.0028647022247314394,0.0005148658752441403
4470,418.2344710826874,0.19511824734446376,0.002814036369323733,0.0028836660385131783,0.0005201516151428226
4480,419.27707529067993,0.18455568189775384,0.002848646163940431,0.0025184931755065894,0.0005093483924865721
4490,420.31009459495544,0.19015549399701254,0.0028933830261230436,0.0026754498481750483,0.0004931044578552245
4500,421.40229177474976,0.18464839706936256,0.0032301130294799807,0.0029111456871032653,0.0005158677101135257
4510,422.4454097747803,0.19100967622315604,0.002804376125335694,0.0031371068954467694,0.0005067529678344732
4520,423.54453778266907,0.2047589399340147,0.0028956012725830068,0.0030172805786132747,0.0005181508064270024
4530,424.6080915927887,0.18039204001321266,0.0029853734970092783,0.00279256153106689,0.0005140075683593746
4540,425.67538952827454,0.20801805203491633,0.002973283767700196,0.003100089073181144,0.0005140352249145511
4550,426.73918175697327,0.1843063465926247,0.002918195247650143,0.002497754573822019,0.0005110464096069337
4560,427.7756040096283,0.17214963005454756,0.0028337740898132326,0.0029018449783325155,0.000494574546813965
4570,428.8479697704315,0.21510075566812423,0.003268859386444092,0.003305928230285642,0.0005163054466247553
4580,429.92029786109924,0.19898649823044914,0.0028793678283691414,0.0030099010467529233,0.0005172257423400884
4590,430.986367225647,0.19625438808062085,0.002846658229827882,0.002729742527008054,0.0005162663459777829
4600,432.0632462501526,0.19256969172604466,0.003139132976531982,0.0029298243522644,0.0005126404762268069
4610,433.12764382362366,0.13597919998951136,0.0028214926719665545,0.0032226395606994563,0.0005113043785095212
4620,434.1876356601715,0.18735048833130766,0.0028611845970153774,0.0029081878662109333,0.0005188584327697747
4630,435.27776408195496,0.19074589626343236,0.0032145023345947245,0.003166967391967767,0.0005184845924377441
4640,436.3071494102478,0.1867600228443775,0.002870024204254151,0.0035840668678283607,0.0004913663864135741
4650,437.330139875412,0.19223230267664065,0.0029294304847717273,0.0028874588012695276,0.0004973516464233399
4660,438.3868360519409,0.24532010833709958,0.002861834049224853,0.0027012891769409146,0.0005103406906127926
4670,439.42325139045715,0.2049784459568582,0.0029333662986755363,0.002735063076019285,0.0005030808448791503
4680,440.4650328159332,0.18230362304615905,0.002912807464599608,0.0025976233482360835,0.0005046167373657225
4690,441.4967930316925,0.2161904883520358,0.0029157142639160178,0.003018436431884759,0.0005077500343322755
4700,442.53781938552856,0.20829249371134395,0.003212402820587156,0.0026000485420227025,0.0005102124214172366
4710,443.59423899650574,0.18923990910303087,0.0032402625083923337,0.002417288780212399,0.0005154981613159172
4720,444.64832496643066,0.1951339185439142,0.0029125957489013676,0.0029105572700500433,0.0005044102668762205
4730,445.72745299339294,0.20773224497058368,0.0032141914367675778,0.0028827090263366644,0.0005168318748474119
4740,447.6029443740845,0.176813234737417,0.0028616509437561044,0.0033795623779296824,0.0008610677719116215
4750,450.51814103126526,0.21525894268638596,0.002873944759368895,0.002726433277130123,0.0013475470542907713
4760,453.3896677494049,0.2132427876564023,0.002932548046112062,0.0032077574729919385,0.001338772296905518
4770,456.1709237098694,0.19661910635238625,0.0029291343688964866,0.0029397368431091256,0.001263874530792236
4780,458.91266655921936,0.18880513035454266,0.0029368500709533673,0.002525991439819333,0.0012480101585388172
4790,461.76259183883667,0.1804770991498276,0.002845956325531007,0.003552567005157469,0.001274071216583251
4800,464.56993412971497,0.17455309404237945,0.0028233213424682596,0.002753078937530515,0.0013089609146118158
4810,467.3495581150055,0.19078970279049118,0.0032308797836303705,0.0025481810569763156,0.0012942848205566408
4820,470.20497584342957,0.17636067983974563,0.002898345470428468,0.003064115524291985,0.0013148865699768068
4830,472.9436421394348,0.1736945019093475,0.0028654365539550804,0.0028545274734496986,0.0012758007049560546
4840,475.7028822898865,0.1935920106846419,0.0028711342811584455,0.0031194386482238704,0.0012642345428466773
4850,478.54913568496704,0.1926224527715217,0.0028718671798706056,0.003346884250640865,0.0012867608070373535
4860,481.39572191238403,0.18774911225644164,0.0032899818420410163,0.0033845329284667935,0.0012999548912048333
4870,484.2297947406769,0.18060611674917576,0.00290458011627197,0.0026533689498901333,0.0012967233657836925
4880,487.0948531627655,0.17317602167328125,0.0029164357185363773,0.002654850482940668,0.00129187297821045
4890,489.99251413345337,0.20496576087587326,0.00281643867492676,0.0030377078056335388,0.0013400287628173827
4900,492.92725133895874,0.22726728736804533,0.0028654155731201135,0.0027313466072082506,0.0013415727615356434
4910,495.92746663093567,0.18429483201271304,0.002839119911193852,0.002681948184967037,0.001390066623687745
4920,498.87239360809326,0.22243260816821983,0.002872303962707517,0.0030050096511840783,0.001369857788085937
4930,501.8377830982208,0.14951623536540798,0.0028010029792785622,0.002901166915893549,0.0013766107559204117
4940,504.7733242511749,0.17508147416745334,0.002898226737976073,0.0030002021789550725,0.0013793063163757317
4950,507.7212929725647,0.20949630896091653,0.002920742988586426,0.002885801792144773,0.0013845572471618648
4960,510.70663046836853,0.20694168385633196,0.0029280152320861836,0.0027344779968261684,0.001376585483551025
4970,513.5964965820312,0.1673600219844139,0.0035452404022216777,0.0027213420867919867,0.0013547148704528803
4980,516.5887305736542,0.21895800489293465,0.0029879570007324183,0.0030478100776672318,0.0013864812850952143
4990,519.5003688335419,0.18511693345605457,0.002857368946075442,0.0029594950675964305,0.0013424668312072756
5000,522.4176316261292,0.22144133005061906,0.002871020793914796,0.003508487224578852,0.00137006139755249