#=== ait_pretrained_reduced_w100_20b20a ===
#
#Metrics:
#  Accuracy: 0.9852 | Macro Precision: 0.8847 | Macro Recall: 0.9115 | Macro F1: 0.8895
#  False Alarms: 1592 | False Alarm Rate: 0.0119
#  Missed Attacks: 495 | Detection Rate: 0.9341
#
#Per-Class Metrics:
#  [phase1] P=0.5612 | R=0.8849 | F1=0.6869 | 
#  [phase2] P=1.0000 | R=1.0000 | F1=1.0000 | 
#  [phase3] P=0.8684 | R=0.7253 | F1=0.7904 | 
#  [phase4] P=0.9974 | R=0.9593 | F1=0.9780 | 
#
#Confusion Matrix:
#         	      	      	      	Actual	      	      
#         	      	benign	phase1	phase2	phase3	phase4
#         	benign	131958	   261	     0	    25	   209
#Predicted	phase1	  1569	  2007	     0	     0	     0
#         	phase2	     0	     0	    10	     0	     0
#         	phase3	    10	     0	     0	    66	     0
#         	phase4	    13	     0	     0	     0	  4932
i,time,loss,ground_time,compile_time,eval_time
10,1.4246015548706055,0.21585881647396335,0.0021693830490112235,0.011680640220642137,0.00028980064392089826
20,2.776501417160034,0.19017685134049628,0.00241886949539184,0.01299003601074224,0.00038094043731689436