#=== ait_pretrained_full_w100_50b50a ===
#
#Metrics:
#  Accuracy: 0.9864 | Macro Precision: 0.8878 | Macro Recall: 0.8746 | Macro F1: 0.8712
#  False Alarms: 1498 | False Alarm Rate: 0.0112
#  Missed Attacks: 425 | Detection Rate: 0.9434
#
#Per-Class Metrics:
#  [phase1] P=0.5798 | R=0.8862 | F1=0.7010 | 
#  [phase2] P=1.0000 | R=0.8000 | F1=0.8889 | 
#  [phase3] P=0.8684 | R=0.7253 | F1=0.7904 | 
#  [phase4] P=0.9938 | R=0.9728 | F1=0.9832 | 
#
#Confusion Matrix:
#         	      	      	      	Actual	      	      
#         	      	benign	phase1	phase2	phase3	phase4
#         	benign	132052	   258	     2	    25	   140
#Predicted	phase1	  1457	  2010	     0	     0	     0
#         	phase2	     0	     0	     8	     0	     0
#         	phase3	    10	     0	     0	    66	     0
#         	phase4	    31	     0	     0	     0	  5001
i,time,loss,ground_time,compile_time,eval_time
10,1.3823554515838623,0.08920880469413152,0.002298491001129148,0.008931009292602576,0.0002593541145324707
20,2.665709972381592,0.09402789085228216,0.0025138630867004366,0.010129955768585249,0.0003511772155761716
30,3.8714301586151123,0.0932066208667014,0.002533184051513668,0.009835033893585256,0.00032361459732055647
40,5.057532072067261,0.08997010696893872,0.002545792579650875,0.010005764007568405,0.0003149633407592774
50,6.243176221847534,0.08670592405848818,0.002528558731079097,0.010028124332428025,0.0003106637001037599