#=== ait_pretrained_full_w10_50b50a ===
#
#Metrics:
#  Accuracy: 0.9690 | Macro Precision: 0.8240 | Macro Recall: 0.7576 | Macro F1: 0.7428
#  False Alarms: 3809 | False Alarm Rate: 0.0285
#  Missed Attacks: 569 | Detection Rate: 0.9243
#
#Per-Class Metrics:
#  [phase1] P=0.3594 | R=0.8690 | F1=0.5085 | 
#  [phase2] P=1.0000 | R=0.6364 | F1=0.7778 | 
#  [phase3] P=0.8205 | R=0.3516 | F1=0.4923 | 
#  [phase4] P=0.9447 | R=0.9594 | F1=0.9520 | 
#
#Confusion Matrix:
#         	      	      	      	Actual	      	      
#         	      	benign	phase1	phase2	phase3	phase4
#         	benign	129773	   297	     4	    59	   209
#Predicted	phase1	  3513	  1971	     0	     0	     0
#         	phase2	     0	     0	     7	     0	     0
#         	phase3	     7	     0	     0	    32	     0
#         	phase4	   289	     0	     0	     0	  4935
i,time,loss,ground_time,compile_time,eval_time
10,0.691967248916626,0.1794459960821944,0.002211229801177981,0.0003333926200866694,0.00022920942306518563
20,1.3315846920013428,0.17191590111842106,0.002476579189300539,0.0003390269279479973,0.0002996983528137204
30,1.9682903289794922,0.15361093309025717,0.002454454421997073,0.00039323282241821196,0.0002957019805908201
40,2.5840561389923096,0.14048731928849442,0.002452866077423099,0.00036484670639038016,0.00028600215911865216
50,3.1809866428375244,0.13372118244173292,0.0024733843803405767,0.0003641295433044425,0.000278127670288086