#=== ait_pretrained_reduced_w100_10b10a ===
#
#Metrics:
#  Accuracy: 0.9852 | Macro Precision: 0.8849 | Macro Recall: 0.9113 | Macro F1: 0.8895
#  False Alarms: 1585 | False Alarm Rate: 0.0119
#  Missed Attacks: 500 | Detection Rate: 0.9334
#
#Per-Class Metrics:
#  [phase1] P=0.5622 | R=0.8849 | F1=0.6876 | 
#  [phase2] P=1.0000 | R=1.0000 | F1=1.0000 | 
#  [phase3] P=0.8684 | R=0.7253 | F1=0.7904 | 
#  [phase4] P=0.9976 | R=0.9584 | F1=0.9776 | 
#
#Confusion Matrix:
#         	      	      	      	Actual	      	      
#         	      	benign	phase1	phase2	phase3	phase4
#         	benign	131965	   261	     0	    25	   214
#Predicted	phase1	  1563	  2007	     0	     0	     0
#         	phase2	     0	     0	    10	     0	     0
#         	phase3	    10	     0	     0	    66	     0
#         	phase4	    12	     0	     0	     0	  4927
i,time,loss,ground_time,compile_time,eval_time
10,1.9335384368896484,0.12411876790993306,0.0022502274513244627,0.011905836582183875,0.0004500231742858887