#=== ait_pretrained_full_w10_10b10a ===
#
#Metrics:
#  Accuracy: 0.9693 | Macro Precision: 0.8247 | Macro Recall: 0.7389 | Macro F1: 0.7289
#  False Alarms: 3753 | False Alarm Rate: 0.0281
#  Missed Attacks: 579 | Detection Rate: 0.9229
#
#Per-Class Metrics:
#  [phase1] P=0.3625 | R=0.8673 | F1=0.5113 | 
#  [phase2] P=1.0000 | R=0.5455 | F1=0.7059 | 
#  [phase3] P=0.8205 | R=0.3516 | F1=0.4923 | 
#  [phase4] P=0.9450 | R=0.9584 | F1=0.9516 | 
#
#Confusion Matrix:
#         	      	      	      	Actual	      	      
#         	      	benign	phase1	phase2	phase3	phase4
#         	benign	129829	   301	     5	    59	   214
#Predicted	phase1	  3459	  1967	     0	     0	     0
#         	phase2	     0	     0	     6	     0	     0
#         	phase3	     7	     0	     0	    32	     0
#         	phase4	   287	     0	     0	     0	  4930
i,time,loss,ground_time,compile_time,eval_time
10,0.533987283706665,0.13183896006123186,0.0023382983207702653,0.002564771175384516,0.00021841430664062516