#=== ait_scratch_aug_w10_20b20a ===
#
#Metrics:
#  Accuracy: 0.8957 | Macro Precision: 0.6431 | Macro Recall: 0.9780 | Macro F1: 0.6931
#  False Alarms: 14722 | False Alarm Rate: 0.1102
#  Missed Attacks: 0 | Detection Rate: 1.0000
#
#Per-Class Metrics:
#  [phase1] P=0.2701 | R=1.0000 | F1=0.4253 | 
#  [phase2] P=0.9991 | R=1.0000 | F1=0.9996 | 
#  [phase3] P=0.8462 | R=1.0000 | F1=0.9167 | 
#  [phase4] P=0.1003 | R=1.0000 | F1=0.1824 | 
#
#Confusion Matrix:
#         	      	      	      	Actual	      	      
#         	      	benign	phase1	phase2	phase3	phase4
#         	benign	118860	     0	     0	     0	     0
#Predicted	phase1	 13902	  5144	     0	     0	     0
#         	phase2	     2	     0	  2268	     0	     0
#         	phase3	     2	     0	     0	    11	     0
#         	phase4	   816	     0	     0	     0	    91
i,time,loss,ground_time,compile_time,eval_time
10,0.7468628883361816,0.4868067736271769,0.0031844477653503503,0.00043195438385009745,0.0002603960037231445
20,1.4812898635864258,0.5440106852096506,0.0034799351692199774,0.00044006299972534116,0.0003158321380615235
30,2.2020246982574463,0.5278184438124299,0.003516028404235847,0.0004914078712463371,0.00030879497528076146
40,2.92081618309021,0.5164706019335427,0.003519488811492926,0.00043859577178955036,0.000308554649353027