#=== ait_pretrained_aug_w100_50b50a ===
#
#Metrics:
#  Accuracy: 0.9994 | Macro Precision: 0.9460 | Macro Recall: 0.9842 | Macro F1: 0.9643
#  False Alarms: 80 | False Alarm Rate: 0.0006
#  Missed Attacks: 10 | Detection Rate: 0.9987
#
#Per-Class Metrics:
#  [phase1] P=0.9725 | R=0.9987 | F1=0.9854 | 
#  [phase2] P=0.9091 | R=1.0000 | F1=0.9524 | 
#  [phase3] P=0.8485 | R=0.9231 | F1=0.8842 | 
#  [phase4] P=1.0000 | R=1.0000 | F1=1.0000 | 
#
#Confusion Matrix:
#         	      	      	      	Actual	      	      
#         	      	benign	phase1	phase2	phase3	phase4
#         	benign	133470	     3	     0	     7	     0
#Predicted	phase1	    64	  2265	     0	     0	     0
#         	phase2	     1	     0	    10	     0	     0
#         	phase3	    15	     0	     0	    84	     0
#         	phase4	     0	     0	     0	     0	  5141
i,time,loss,ground_time,compile_time,eval_time
10,1.0983996391296387,0.05566393385312936,0.002403344631195067,0.009100421428680444,0.00024166393280029304
20,1.9932587146759033,0.06260435764824926,0.00263785171508789,0.010133126258850126,0.0003224744796752934
30,2.858175277709961,0.06155491860889438,0.0026667275428771966,0.010062948226928745,0.00031977796554565394
40,3.7320382595062256,0.06010392054064443,0.0026648168563842773,0.010084785461425815,0.0003142523765563964
50,4.60845422744751,0.06016220033806254,0.0026634902954101557,0.010106107234954866,0.0003159132003784179