#=== ait_scratch_full_w10_10b10a ===
#
#Metrics:
#  Accuracy: 0.4464 | Macro Precision: 0.6788 | Macro Recall: 0.8831 | Macro F1: 0.6532
#  False Alarms: 78109 | False Alarm Rate: 0.5847
#  Missed Attacks: 0 | Detection Rate: 1.0000
#
#Per-Class Metrics:
#  [phase1] P=0.0295 | R=1.0000 | F1=0.0574 | 
#  [phase2] P=0.9167 | R=1.0000 | F1=0.9565 | 
#  [phase3] P=0.8585 | R=1.0000 | F1=0.9239 | 
#  [phase4] P=0.5892 | R=1.0000 | F1=0.7415 | 
#
#Confusion Matrix:
#         	      	      	      	Actual	      	      
#         	      	benign	phase1	phase2	phase3	phase4
#         	benign	 55473	     0	     0	     0	     0
#Predicted	phase1	 74506	  2268	     0	     0	     0
#         	phase2	     1	     0	    11	     0	     0
#         	phase3	    15	     0	     0	    91	     0
#         	phase4	  3587	     0	     0	     0	  5144
i,time,loss,ground_time,compile_time,eval_time
10,0.5792527198791504,0.5804014288703911,0.0025156416893005384,0.0027523412704467615,0.0002312273979187011
20,1.1769168376922607,0.6334761226549744,0.0027951574325561506,0.0030581569671630643,0.00027053880691528325
30,1.7620370388031006,0.6219467462506145,0.002795157432556151,0.003058156967163064,0.00026922607421875
40,2.344872236251831,0.6103788407170214,0.002795157432556151,0.0030581569671630647,0.00027327919006347654
50,2.9301960468292236,0.5982793373055756,0.0027951574325561514,0.0030581569671630647,0.0002712225914001463