#=== ait_scratch_aug_w10_1000b1000a ===
#
#Metrics:
#  Accuracy: 0.8930 | Macro Precision: 0.6252 | Macro Recall: 0.9774 | Macro F1: 0.6756
#  False Alarms: 15095 | False Alarm Rate: 0.1130
#  Missed Attacks: 0 | Detection Rate: 1.0000
#
#Per-Class Metrics:
#  [phase1] P=0.2701 | R=1.0000 | F1=0.4253 | 
#  [phase2] P=0.9991 | R=1.0000 | F1=0.9996 | 
#  [phase3] P=0.7857 | R=1.0000 | F1=0.8800 | 
#  [phase4] P=0.0711 | R=1.0000 | F1=0.1328 | 
#
#Confusion Matrix:
#         	      	      	      	Actual	      	      
#         	      	benign	phase1	phase2	phase3	phase4
#         	benign	118487	     0	     0	     0	     0
#Predicted	phase1	 13902	  5144	     0	     0	     0
#         	phase2	     2	     0	  2268	     0	     0
#         	phase3	     3	     0	     0	    11	     0
#         	phase4	  1188	     0	     0	     0	    91
i,time,loss,ground_time,compile_time,eval_time
10,1.516190767288208,0.4478720639830778,0.002236760139465336,0.0027723593711853063,0.0005026774406433109
20,3.4118869304656982,0.44981260923650745,0.002537241935729983,0.002766394615173344,0.0006513304710388187
30,4.599400281906128,0.44622208001075886,0.0025259685516357444,0.002590551853179934,0.00037475490570068376
40,5.448775768280029,0.42008731095100715,0.0025431170463562076,0.002913756847381597,0.00033247804641723663
50,6.344915151596069,0.41278638057390327,0.002762846946716316,0.002483196735382087,0.00029443454742431616
60,7.168653726577759,0.41903642257658336,0.0025115141868591313,0.0027346825599670463,0.0003054070472717286
70,7.990931510925293,0.4065958849152674,0.0028691911697387783,0.0030416870117187583,0.0003186688423156736
80,8.827420949935913,0.3856820126062482,0.0024029755592346247,0.002976495265960696,0.00035085344314575185
90,9.646269798278809,0.38399029998093753,0.0027170686721801817,0.0030767903327941952,0.00035400629043579133
100,10.47357726097107,0.35267169461566583,0.0024709033966064517,0.0029747133255004967,0.00030141353607177713
110,11.111012697219849,0.3492500287013291,0.00279666185379029,0.002876379966735844,0.00028028154373168924
120,11.745213747024536,0.3100022601893235,0.0025091919898986874,0.0026061935424804704,0.0002692279815673828
130,12.409830093383789,0.27893829056976327,0.0024649672508239807,0.0029355711936950753,0.0003131184577941894
140,13.058095693588257,0.2296067411078062,0.0028566441535949763,0.0029065222740173383,0.00031773328781127904
150,13.739063739776611,0.21400044816530536,0.0027871313095092854,0.0027862815856933665,0.00032172918319702134
160,14.411144256591797,0.17119863070529578,0.0024827871322631906,0.003026619434356693,0.0002909650802612303
170,15.101531028747559,0.1354688243822357,0.0024792447090148943,0.002611430168151858,0.0002435154914855958
180,15.781632423400879,0.1240210484478685,0.002447156906127935,0.0029259538650512743,0.00025318241119384754
190,16.45952010154724,0.11079461431343993,0.002498215198516853,0.0029510321617126525,0.00028576183319091783
200,17.175734758377075,0.11238285875862224,0.002499707698822028,0.00296331691741944,0.0003553886413574218
210,17.889786958694458,0.11506359360045579,0.0028552398681640717,0.0026874647140503003,0.0003563938140869141
220,18.576984167099,0.08249210801421822,0.002514644145965584,0.0029570627212524483,0.00030217123031616203
230,19.329784870147705,0.1218841366002739,0.002479831695556644,0.0025656256675720248,0.0003312578201293943
240,20.066017627716064,0.13353250779311338,0.002488821029663091,0.0029341821670532276,0.00033373928070068334
250,20.821985483169556,0.07317971017893367,0.002776927471160896,0.0028777303695678757,0.0003607950210571287
260,21.570950269699097,0.10626108053239955,0.0024870023727417033,0.002658964157104498,0.0003443899154663084
270,22.305693864822388,0.10650125243684042,0.002753801822662358,0.002921714305877691,0.00033096456527709943
280,23.062893867492676,0.1261990046650879,0.002500568866729743,0.0031376557350158776,0.00035303115844726574
290,23.791310787200928,0.10532130624031004,0.002474883079528814,0.00304556322097779,0.0003367104530334472
300,24.515636920928955,0.08429330140914726,0.0025258064270019566,0.0027604913711547904,0.0003324489593505858
310,26.752530813217163,0.08494162145635406,0.003141111373901375,0.0027297506332397527,0.0010104498863220215
320,29.142150163650513,0.10387212871554663,0.002812744140625003,0.002625085353851323,0.0011005830764770509
330,31.62836790084839,0.086018130989246,0.002434073925018315,0.0028540215492248574,0.0011407685279846186
340,34.06506586074829,0.1046190098071946,0.002433083057403568,0.0028801789283752497,0.0011135201454162598
350,36.41380739212036,0.10473084309177164,0.002546168327331546,0.0028101339340210014,0.0010804991722106936
360,38.792473793029785,0.09125385227655956,0.0024037117958068937,0.0031545224189758365,0.0010990705490112305
370,41.14717102050781,0.11705080791126099,0.0024975891113281305,0.00295821142196656,0.0010903272628784181
380,43.33820343017578,0.12124496852903255,0.0025731134414672917,0.0028676271438598713,0.0010170698165893552
390,45.81947326660156,0.09485473879301541,0.002511304378509527,0.0028066959381103564,0.0011813511848449711
400,48.420639514923096,0.09702285534567025,0.0024923071861267135,0.0027032232284545984,0.0012190923690795891
410,51.03389930725098,0.10158269538640734,0.00251763534545899,0.0027820191383361895,0.0012246632575988754
420,53.81839394569397,0.12175607873924173,0.002843386173248298,0.002684296607971196,0.0013269038200378423
430,56.61076354980469,0.10985889959245676,0.002483357429504403,0.0026978130340576225,0.0013407983779907214
440,59.533859729766846,0.14817501511117942,0.0024422869682312067,0.0028749847412109413,0.0013809547424316402
450,62.31315064430237,0.07669705272400376,0.0024266090393066475,0.0026752686500549363,0.001336244106292725
460,65.17242193222046,0.08791251255008091,0.0024354186058044474,0.003204856395721444,0.0013533349037170412
470,68.08138704299927,0.10224990025438534,0.0028237776756286693,0.0026409006118774435,0.001385478973388672
480,70.86474013328552,0.0757394252314102,0.0024808988571167023,0.003262730598449712,0.001323725700378418
490,73.27109599113464,0.10184931420064029,0.0028482480049133348,0.002631297588348393,0.0011575412750244143
500,75.63196301460266,0.09120803764653017,0.0025186262130737326,0.0032341194152832086,0.0011600503921508788
510,78.05777621269226,0.09250037145377035,0.002471040725708017,0.0036967539787292536,0.0011540608406066905
520,80.49321722984314,0.1038593336152008,0.0025176515579223664,0.002730649471282964,0.0011765594482421875
530,82.99713683128357,0.10985336942523016,0.0024750056266784723,0.002581521987915044,0.0012099614143371577
540,85.46519303321838,0.10550276432750641,0.002514506340026863,0.002883187294006352,0.0011848011016845706
550,88.18189144134521,0.10417176556928905,0.0028402719497680733,0.0024716043472290073,0.0013068308830261229
560,90.92541980743408,0.08418181078431086,0.002784686088562015,0.002695089340209969,0.0013016314506530764
570,93.68053412437439,0.11235703664404958,0.0024799513816833522,0.00297354125976563,0.0013203616142272961
580,96.46195101737976,0.10442490844854917,0.0025513558387756396,0.00294520998001099,0.0013115262985229493
590,99.31814169883728,0.06413388555941371,0.0027395925521850636,0.0027030172348022513,0.0013599720001220698
600,102.11133074760437,0.08106408870501443,0.002474993228912356,0.0027926492691040094,0.0013435645103454584
610,104.28978204727173,0.10152335901059276,0.0024710726737976144,0.0031589555740356495,0.000910143852233887
620,105.36721658706665,0.09092526569856987,0.002815006256103527,0.0028569769859314005,0.0004933910369873046
630,106.29643535614014,0.12023298732220489,0.0025411920547485393,0.0027588663101196327,0.00044376754760742205
640,107.17918682098389,0.07933013562267868,0.0024621000289917036,0.0027933921813964894,0.0004082036018371581
650,108.04999136924744,0.08338377141462433,0.0027773437500000072,0.002975050449371343,0.00040105295181274374
660,108.9023916721344,0.07065246465627431,0.002774382591247565,0.003006318569183355,0.0004041113853454588
670,109.68700981140137,0.0984951647069544,0.002471078395843511,0.0027807478904724146,0.0003672876358032225
680,110.43481159210205,0.08657394165913272,0.002482627868652349,0.0029621276855468807,0.00035473775863647486
690,111.27531743049622,0.11019247947241936,0.002521260738372808,0.002708413124084477,0.0004042191505432128
700,112.15082740783691,0.1045936010456308,0.002501531124114995,0.002714607715606693,0.00042268896102905327
710,113.04063558578491,0.09450295003902034,0.0028584313392639206,0.0026949090957641662,0.0004153451919555664
720,113.88313603401184,0.10811792464938541,0.002454548358917241,0.0026773915290832563,0.00039653491973876956
730,114.69612073898315,0.12033673734970221,0.0025086927413940476,0.00288391780853272,0.00038148307800292937
740,115.48761034011841,0.09656235549171878,0.002488782405853281,0.0028704576492309644,0.00037598752975463896
750,116.3478033542633,0.08266194309961072,0.002505624771118172,0.0030398163795471267,0.00041142606735229475
760,117.22729206085205,0.05208000191325052,0.002766288757324226,0.0032105436325073336,0.00041673326492309564
770,118.04232931137085,0.11695090511113819,0.0027677235603332582,0.002979314804077151,0.00038235378265380845
780,118.88517761230469,0.07520645715247763,0.002454345226287845,0.0027167558670043996,0.0003976054191589354
790,119.76964545249939,0.09332095501286938,0.0025137329101562514,0.002509588241577152,0.0004224572181701663
800,120.56311106681824,0.07165913980840657,0.002526645660400396,0.002881168365478521,0.0003745326995849607
810,121.36586046218872,0.09630820983419952,0.002869503498077402,0.002986676216125496,0.00038443803787231414
820,122.14803767204285,0.08790581175473533,0.002451538562774664,0.002886987686157231,0.00036953449249267585
830,122.92173933982849,0.07841675416838668,0.002495401382446293,0.0029061350822448782,0.00036771488189697265
840,123.62861657142639,0.09054988045881845,0.0025195374488830606,0.002734551906585697,0.00033215188980102543
850,124.40271019935608,0.09754235509446488,0.0024587173461914093,0.0029776458740234397,0.0003663969039916996
860,125.19165468215942,0.0762450109241498,0.00276698017120362,0.0032059016227722246,0.0003725318908691406
870,126.01855301856995,0.09437485706641553,0.0024430389404296914,0.002828555583953864,0.00039903450012207026
880,126.8009991645813,0.07591050925748066,0.0024818878173828154,0.003109313964843756,0.00036939907073974595
890,127.6149787902832,0.12786396364081742,0.0028786792755126998,0.0024087085723877018,0.00038414430618286145
900,128.41063261032104,0.08960008501218877,0.002480548381805425,0.00265398454666138,0.0003740005493164064
910,129.16276168823242,0.11406111178128617,0.0024759101867675836,0.0025670547485351627,0.000357515335083008
920,130.00332355499268,0.06536306639958189,0.0027373414039611912,0.003185459136962895,0.00039386558532714805
930,130.8458650112152,0.08436997404770089,0.002515634536743169,0.0027816634178161655,0.0003909044265747072
940,131.73039865493774,0.07757409551834489,0.0024481830596923874,0.00265814828872681,0.00041901302337646475
950,132.54136157035828,0.09722450871108217,0.002418246269226077,0.0027297735214233424,0.0003851056098937988
960,133.30496287345886,0.09177974534814973,0.0027843647003173884,0.00315843343734742,0.00035903358459472655
970,134.04975867271423,0.07054110520820855,0.0024881834983825736,0.0027812752723693893,0.0003526759147644042
980,134.83003425598145,0.08944243991625436,0.0028054771423339916,0.0028444352149963447,0.00036868953704833967
990,135.58606457710266,0.08159326160582883,0.0025541577339172434,0.0027888383865356517,0.00035482835769653327
1000,136.4499547481537,0.0980963367348501,0.0025757341384887765,0.0030904645919799835,0.00040346240997314484
1010,137.2159719467163,0.10333725850524664,0.0028094744682312075,0.0027275629043579186,0.0003606262207031253
1020,138.03428435325623,0.10599652096626692,0.002519371032714849,0.0029886293411254938,0.00038691520690917923
1030,138.84102320671082,0.056017351346801546,0.0024680113792419495,0.0029130964279174853,0.0003840942382812499
1040,139.6333291530609,0.09129125206367213,0.00241602993011475,0.0030036110877990803,0.00037324190139770557
1050,140.4142894744873,0.09339467253103453,0.00248271799087525,0.0030036001205444415,0.00037017679214477545
1060,141.21803832054138,0.09453439196129901,0.0028315515518188574,0.0030605216026306217,0.0003836345672607426
1070,142.06005573272705,0.08150306436489507,0.002512428760528569,0.0025520877838134818,0.00039800071716308594
1080,142.8375759124756,0.08793731040223253,0.0028844327926635773,0.002862302780151373,0.0003621339797973631
1090,143.6434588432312,0.09884630675898502,0.0023894782066345276,0.002945865154266361,0.00038520288467407224
1100,144.38708543777466,0.062172225184434195,0.002535026550292973,0.0024902567863464425,0.0003540277481079102
1110,145.13705706596375,0.052664196842496194,0.002453992843627936,0.0031285028457641675,0.0003591108322143551
1120,145.87969493865967,0.09969564254077948,0.002500172138214116,0.002785314559936529,0.0003466029167175293
1130,146.67595601081848,0.09267512650676496,0.0024416713714599672,0.003073718547821052,0.00037364101409912104
1140,147.4277753829956,0.08791170567367831,0.0024894518852233948,0.0031385540962219323,0.0003526129722595215
1150,148.14972853660583,0.10014386373278764,0.002467214107513432,0.002750958442687996,0.00033518028259277337
1160,148.90874099731445,0.0941903485525791,0.0028005137443542515,0.0028626132011413635,0.0003568034172058105
1170,149.66292643547058,0.08956655664206944,0.0028144664764404356,0.002863624095916753,0.0003584704399108885
1180,150.32443118095398,0.06932081720748925,0.0028700504302978614,0.00220109272003174,0.00031073999404907215
1190,150.96060466766357,0.06482448246223911,0.0025110931396484432,0.0026609368324279825,0.00029211807250976567
1200,151.56660532951355,0.1052534019540021,0.002472797393798831,0.003023069381713871,0.00027221870422363255
1210,152.19172477722168,0.08720024359369459,0.002569131374359139,0.002808106422424323,0.00028656864166259763
1220,152.84855127334595,0.07829577464783513,0.0024216184616088895,0.0025001015663147007,0.00030188560485839834
1230,153.44043350219727,0.09224145307690658,0.0027818765640258846,0.0025493655204772993,0.0002745318412780765
1240,154.02552890777588,0.07557465267037594,0.0024814267158508358,0.002985394001007083,0.00026486873626709
1250,154.6551923751831,0.09177001947120886,0.0027988109588623104,0.003290087223052985,0.0002850985527038573
1260,155.30883407592773,0.0745397105698749,0.0024622201919555723,0.0032910442352294964,0.00029665327072143574
1270,155.92969179153442,0.07799269552324392,0.0025407161712646537,0.0029372353553772023,0.0002880563735961916
1280,156.66200757026672,0.0971764665970212,0.002460848331451419,0.0026000304222106975,0.0003528356552124025
1290,157.35570287704468,0.08690165647894489,0.0028521070480346765,0.0027543950080871652,0.0003300046920776366
1300,157.95056104660034,0.08278469425820538,0.0024848542213439994,0.002850654602050789,0.0002701916694641115
1310,158.55468130111694,0.11015087665710457,0.0028222188949585027,0.0029033246040344298,0.0002744889259338377
1320,159.1437861919403,0.08028359687398794,0.0027710428237915094,0.002853224277496344,0.0002646040916442872
1330,159.7403120994568,0.08964629183630449,0.002458507061004642,0.002858794212341317,0.00026954221725463865
1340,160.36869859695435,0.09267142621558547,0.0024585232734680223,0.0031837592124939,0.0002876734733581542
1350,161.01129722595215,0.06282932060370464,0.0024855399131774943,0.002918416976928716,0.0002987856864929198
1360,161.61947178840637,0.07804895930001703,0.0024747738838195865,0.002895202159881599,0.00028303289413452153
1370,162.19667959213257,0.08624396387166096,0.002851978778839122,0.003075900554656989,0.0002635221481323241
1380,162.83199071884155,0.0677592103665848,0.002511785984039312,0.0024061026573181177,0.00030076313018798843
1390,163.46662521362305,0.07164029424094902,0.0024449892044067457,0.002887792587280277,0.0002875456809997558
1400,164.0809772014618,0.08630220408921856,0.002528785228729252,0.002659097194671636,0.0002790284156799314
1410,164.65993428230286,0.07792146941374874,0.0028772864341735913,0.002723340511322027,0.00026277542114257804
1420,165.22508430480957,0.09022469910614132,0.0025015864372253524,0.003060708522796639,0.00026089859008789084
1430,165.80926036834717,0.056508749688677626,0.0024628562927246135,0.002651799201965335,0.0002708516120910644
1440,166.387788772583,0.06400688730518984,0.002480186939239508,0.002926793575286868,0.00026176309585571305
1450,166.94492435455322,0.1057253904715332,0.003134604454040532,0.003250288009643562,0.00025106239318847687
1460,167.52975821495056,0.07714092983279122,0.002454311847686774,0.0027776451110839867,0.00026467180252075185
1470,168.1428883075714,0.0736181617445253,0.002526906490325933,0.0026870355606079138,0.00028069162368774426
1480,168.76624298095703,0.09678377428501103,0.0024688110351562534,0.0028294124603271513,0.0002837905883789063
1490,169.44951939582825,0.08201357309335423,0.002499458789825444,0.0029031400680542014,0.0003290085792541505
1500,170.04200983047485,0.097615874661478,0.0024546756744384824,0.0026810154914856015,0.0002702455520629882
1510,170.61944603919983,0.09763649159904948,0.0025197029113769582,0.0026598901748657285,0.0002615656852722168
1520,171.21810126304626,0.06945178235328645,0.002530159473419194,0.002409005165100098,0.00027666997909545874
1530,171.80297374725342,0.07451940354642088,0.0024373645782470726,0.002883121967315681,0.00026907348632812473
1540,172.37068223953247,0.07983287637579549,0.0024736380577087412,0.002904688358306889,0.00025947284698486317
1550,172.9667513370514,0.09285332791334608,0.0027986097335815506,0.0030814156532287668,0.0002727518081665039
1560,173.54367661476135,0.09780653292491268,0.0024284920692443914,0.003071954250335699,0.00026163387298584
1570,174.13339686393738,0.08694778460524363,0.002460511207580575,0.0031832776069641152,0.00026659107208251953
1580,174.73646903038025,0.045996536619363974,0.0028159518241882434,0.0026886148452758838,0.00027701091766357426
1590,175.32746505737305,0.051820709017380485,0.0025419187545776406,0.0027673139572143585,0.0002698416709899905
1600,175.8917682170868,0.11558725291794787,0.002823903083801279,0.00297118330001832,0.0002575583457946779
1610,176.46873354911804,0.08063054177834317,0.002472712039947517,0.002616958618164067,0.0002625918388366699
1620,177.0796799659729,0.09858134140233803,0.0024715981483459533,0.0031591887474060115,0.00027611446380615217
1630,177.66699123382568,0.07728999968477661,0.002480948925018314,0.00321205091476441,0.0002667241096496581
1640,178.24924659729004,0.07355472443234218,0.002482148170471197,0.003037923336029058,0.00026461076736450167
1650,178.82628774642944,0.09855037329824981,0.002819135189056402,0.002679011344909671,0.0002611746788024899
1660,179.43686723709106,0.07319789364129745,0.0024421844482421943,0.0027756385803222724,0.00027256250381469706
1670,180.03885436058044,0.08490388994404281,0.0025322880744934125,0.0028619065284729056,0.0002764000892639161
1680,180.63021111488342,0.08867702354628297,0.002838346958160401,0.002509425640106201,0.00027263307571411135
1690,181.28813529014587,0.06294227524534368,0.00279480123519898,0.002634022235870366,0.00030609226226806615
1700,181.8947353363037,0.07911637571078234,0.0025036458969116267,0.002804757595062259,0.0002768754959106447
1710,182.52890729904175,0.07531303899442487,0.002483768463134771,0.003187537193298349,0.00028704977035522454
1720,183.14411735534668,0.07978491464509103,0.0024992084503173877,0.0025864424705505412,0.0002844481468200682
1730,183.77818536758423,0.08426986829852476,0.002530922889709479,0.0032058286666870168,0.0002923483848571779
1740,184.42251420021057,0.09582466827679206,0.002459098815917975,0.0025744633674621613,0.0003037695884704589
1750,185.1141357421875,0.08206737267019168,0.0025128793716430687,0.002733457088470468,0.0003263535499572759
1760,185.79251146316528,0.037239233350842615,0.0025108642578125047,0.002837457180023197,0.00031157112121582055
1770,186.44180178642273,0.08579117353618138,0.0028148279190063547,0.002878705978393561,0.0003020501136779786
1780,187.12137842178345,0.10004168040797963,0.0024176101684570362,0.002796304702758796,0.0003153920173645019
1790,187.77738523483276,0.0688282052580728,0.002529588222503668,0.002763356685638432,0.00030478143692016585
1800,188.52093195915222,0.08949789613263588,0.0030903735160827724,0.00313029861450196,0.0003439402580261233
1810,189.2305555343628,0.07836143594504782,0.002451960563659673,0.0028512511253356984,0.0003299322128295898
1820,189.9601171016693,0.08442357678271498,0.0024247469902038627,0.0028546757698059157,0.00033943367004394545
1830,190.64628720283508,0.10513303722579537,0.002560020923614509,0.0027824954986572304,0.0003214702606201171
1840,191.4034297466278,0.08293895611031972,0.002891952514648443,0.0028645882606506408,0.00034848833084106417
1850,192.19673371315002,0.08187446251366062,0.002521090984344487,0.002825545787811283,0.000379391670227051
1860,193.02961444854736,0.08627503792552947,0.002441942214965825,0.0030091819763183657,0.0003950157165527344
1870,193.86499094963074,0.08881777314043982,0.002531719207763677,0.00260258483886719,0.0004022564888000489
1880,194.76983332633972,0.057101485556376855,0.0028027849197387765,0.003188155174255379,0.0004254469871520994
1890,195.5907588005066,0.05355248318503841,0.0027640504837036202,0.002984712600708014,0.000390674591064453
1900,196.50266933441162,0.0648364936575589,0.0024275360107421924,0.002652384281158452,0.0004337639808654783
1910,197.4050374031067,0.08538916451763895,0.002430951595306399,0.0027241291999816957,0.00042518520355224636
1920,198.31417608261108,0.06761397608369905,0.002798168182373049,0.00282703018188477,0.0004364638328552244
1930,199.27230763435364,0.10047031967971802,0.0025005011558532774,0.002710677623748784,0.0004521527290344241
1940,200.1891119480133,0.05037134840441347,0.002461437225341801,0.0028103771209716803,0.00043908834457397517
1950,201.09690523147583,0.06657524995136124,0.0024723544120788627,0.002835635185241704,0.00043060302734375025
1960,201.91697931289673,0.09123301843657398,0.0028035435676574743,0.0028013601303100615,0.0003872637748718262
1970,202.9337933063507,0.09266944437475708,0.0025345797538757374,0.0028819913864135795,0.0007932639122009277
1980,203.68039727210999,0.07615896653544212,0.0028244476318359463,0.0030136504173278894,0.0003473992347717284
1990,204.32843446731567,0.06262235712555692,0.002479818344116215,0.003280818462371833,0.00029909896850585914
2000,205.01590776443481,0.08610867853339084,0.0025144047737121642,0.002834627151489262,0.00031972599029541005