#=== ait_pretrained_aug_w10_5b5a ===
#
#Metrics:
#  Accuracy: 0.9993 | Macro Precision: 0.8834 | Macro Recall: 0.8650 | Macro F1: 0.8687
#  False Alarms: 57 | False Alarm Rate: 0.0004
#  Missed Attacks: 39 | Detection Rate: 0.9948
#
#Per-Class Metrics:
#  [phase1] P=0.9994 | R=1.0000 | F1=0.9997 | 
#  [phase2] P=1.0000 | R=0.9969 | F1=0.9985 | 
#  [phase3] P=0.8750 | R=0.6364 | F1=0.7368 | 
#  [phase4] P=0.5431 | R=0.6923 | F1=0.6087 | 
#
#Confusion Matrix:
#         	      	      	      	Actual	      	      
#         	      	benign	phase1	phase2	phase3	phase4
#         	benign	133525	     0	     7	     4	    28
#Predicted	phase1	     3	  5144	     0	     0	     0
#         	phase2	     0	     0	  2261	     0	     0
#         	phase3	     1	     0	     0	     7	     0
#         	phase4	    53	     0	     0	     0	    63
i,