#{"solver": {"engine": {"type": "ExactEngine"}, "semiring": "GraphSemiring"}, "networks": [{"name": "net5", "module": "FlowLSTM(\n  (softmax): Softmax(dim=1)\n  (lstm): LSTM(112, 64, batch_first=True)\n  (classifier): Sequential(\n    (0): Linear(in_features=64, out_features=32, bias=True)\n    (1): ReLU()\n    (2): Linear(in_features=32, out_features=2, bias=True)\n  )\n)", "optimizer": "Adam (\nParameter Group 0\n    amsgrad: False\n    betas: (0.9, 0.999)\n    capturable: False\n    decoupled_weight_decay: False\n    differentiable: False\n    eps: 1e-08\n    foreach: None\n    fused: None\n    lr: 0.0001\n    maximize: False\n    weight_decay: 0\n)", "k": null}], "program": "nn(net5,[X],Z,[benign, phase5])::phase(5,X,Z).\nddos(X,P1,P2,P3,P4,alarm) :- 4 is P1+P2+P3+P4, phase(5,X,phase5).\nddos(X,P1,P2,P3,P4,no_alarm) :- \\+ddos(X,P1,P2,P3,P4,alarm).\n"}
#Accuracy 0.8715997377153417
#Confusion Matrix:
#         	        	  Actual	     
#         	        	no_alarm	alarm
#Predicted	no_alarm	   37469	    1
#         	   alarm	    6461	 6396
i,time,loss,ground_time,compile_time,eval_time
100,8.470833778381348,0.08904972392370461,0.0012034680366515395,0.01591818723678693,0.0003508629798889159
200,16.554510593414307,0.08689192417431407,0.001226112842559737,0.01633586626052963,0.0003409963607788096
300,25.0671706199646,0.08913827941449953,0.0012220270633696774,0.01611577467918506,0.00035320053100585985
400,33.778841972351074,0.0864405909156467,0.0012529172420500956,0.015608579301835132,0.0003590052604675309
500,42.58149766921997,0.09029232940309567,0.001254455184936443,0.01572290234565837,0.00036114926338195867
600,51.1632444858551,0.0883399899746927,0.0012253872871398144,0.01575700654983625,0.0003547730922698968
700,59.618088245391846,0.08690654118298081,0.0012479437828063174,0.016123598766327962,0.00034897713661193833
800,68.08656120300293,0.08532254700672437,0.0012377434253691832,0.015936415100098716,0.0003502426624298087
900,74.4366865158081,0.08520789823044574,0.0012550340652465026,0.016215878200532094,0.0002779567241668699
1000,78.73038625717163,0.08298276770709745,0.0012462412834166744,0.015727189254761787,0.00019790782928466764
1100,83.08566737174988,0.08796938694083158,0.0012394398689269265,0.015940637588502032,0.00020007281303405865
1200,87.27208638191223,0.07933610025175429,0.0012169682502745822,0.016181128883362893,0.00019605093002319325
1300,91.560964345932,0.07997690807746097,0.0012241904735564432,0.016143175745011458,0.00019766082763671825
1400,96.11620330810547,0.08448339930696404,0.0012415872573851754,0.015661116456986448,0.00020574789047241222
1500,100.45497465133667,0.08126123792059527,0.0012198344230651124,0.015901021957398488,0.0002018661022186277