#=== ait_neg_alt_scratch_allfeatures_w10_10data ===
#
#Metrics:
#  Accuracy: 0.9079 | Macro Precision: 0.6241 | Macro Recall: 0.9268 | Macro F1: 0.6531
#  False Alarms: 17303 | False Alarm Rate: 0.1081
#  Missed Attacks: 46 | Detection Rate: 0.9984
#
#Per-Class Metrics:
#  [phase1] P=0.2787 | R=0.9935 | F1=0.4352 | 
#  [phase2] P=0.9991 | R=0.9997 | F1=0.9994 | 
#  [phase3] P=0.8333 | R=0.9091 | F1=0.8696 | 
#  [phase4] P=0.0095 | R=0.8400 | F1=0.0188 | 
#
#Confusion Matrix:
#         	      	      	      	Actual	      	      
#         	      	benign	phase1	phase2	phase3	phase4
#         	benign	142703	    38	     6	     0	     2
#Predicted	phase1	 15099	  5833	     0	     0	     0
#         	phase2	    19	     0	 22571	     1	     1
#         	phase3	     1	     0	     0	    10	     1
#         	phase4	  2184	     0	     0	     0	    21
i,time,loss,ground_time,compile_time,eval_time
100,23.69723391532898,0.5304814919400254,0.006503159379959,0.0008851557731628794,0.0006775571346282972
200,49.9657256603241,0.38524503064051396,0.006668198156356707,0.0008922539710998916,0.0008050150871276865
300,70.7598009109497,0.3808844577591797,0.006668452405929453,0.0009063415527344189,0.0005985875606536871
400,93.69500970840454,0.35552308263267174,0.006618494367599378,0.0008841078758240145,0.0006894317150115994
500,116.3377377986908,0.3388144723861458,0.006648861837386979,0.0009070362567902023,0.0006962043285369862
600,138.77613592147827,0.3131507914922995,0.006645972824096572,0.0008988436698914008,0.0006970513343811039
700,161.06033730506897,0.3209618374932221,0.006605247449874764,0.0008999036788940867,0.0006966402530670172
800,183.77375769615173,0.28178651376688296,0.0067318509578703474,0.0009008836269379076,0.0007061220645904541