/home/sofia/Desktop/Thesis/DeepChronos/.venv/lib/python3.10/site-packages/deepproblog/semiring/graph_semiring.py:77: UserWarning: Converting a tensor with requires_grad=True to a scalar may lead to unexpected behavior.
Consider using tensor.detach() first. (Triggered internally at /pytorch/torch/csrc/autograd/generated/python_variable_methods.cpp:836.)
  return -self.eps <= float(a) <= self.eps

Preparing datasets (original)...

Preparing ddos train' dataset...
Original label distribution (train): Counter({np.int64(0): 55178, np.int64(5): 20252, np.int64(3): 21, np.int64(2): 13, np.int64(4): 13, np.int64(1): 12})
Loading cached train dataset from /home/sofia/Desktop/Thesis/DeepChronos/src/DARPA/data/cache/train_ddos_original.pkl
Label distribution: Counter({'no_alarm': 55237, 'alarm': 20252})

Preparing ddos test' dataset...
Original label distribution (test): Counter({np.int64(0): 36785, np.int64(5): 13502, np.int64(3): 14, np.int64(2): 9, np.int64(4): 9, np.int64(1): 8})
Loading cached test dataset from /home/sofia/Desktop/Thesis/DeepChronos/src/DARPA/data/cache/test_ddos_original.pkl
Label distribution: Counter({'no_alarm': 36825, 'alarm': 13502})

Using pretrained models: True
Loading pretrained model for phase 5...

Caching ACs
Training  for 1 epoch(s)
Epoch 1
Iteration:  100 	s:12.3322 	Average Loss:  0.47012826236864486
Iteration:  200 	s:12.0197 	Average Loss:  0.44339735625553145
Iteration:  300 	s:12.3332 	Average Loss:  0.44531741255510626
Iteration:  400 	s:12.1478 	Average Loss:  0.4215462785596412
Iteration:  500 	s:12.2675 	Average Loss:  0.40509785986142127
Iteration:  600 	s:12.0721 	Average Loss:  0.40379434058671765
Iteration:  700 	s:12.1668 	Average Loss:  0.40114163272165926
Iteration:  800 	s:12.3255 	Average Loss:  0.40427356739969944
Iteration:  900 	s:12.2873 	Average Loss:  0.4026953858890681
Iteration:  1000 	s:12.3255 	Average Loss:  0.40184037804255135
Iteration:  1100 	s:12.4046 	Average Loss:  0.40924279449543227
Iteration:  1200 	s:12.1996 	Average Loss:  0.40909381451504223
Iteration:  1300 	s:12.2973 	Average Loss:  0.4016896037059695
Iteration:  1400 	s:12.2372 	Average Loss:  0.40130439174053284
Iteration:  1500 	s:12.0670 	Average Loss:  0.4024107870535446
Epoch time:  184.8297154903412
Accuracy:  0.7317145866036123
