/home/sofia/Desktop/Thesis/DeepChronos/.venv/lib/python3.10/site-packages/deepproblog/semiring/graph_semiring.py:77: UserWarning: Converting a tensor with requires_grad=True to a scalar may lead to unexpected behavior.
Consider using tensor.detach() first. (Triggered internally at /pytorch/torch/csrc/autograd/generated/python_variable_methods.cpp:836.)
  return -self.eps <= float(a) <= self.eps

Preparing datasets (original)...

Preparing ddos train' dataset...
Original label distribution (train): Counter({np.int64(0): 55178, np.int64(5): 20252, np.int64(3): 21, np.int64(2): 13, np.int64(4): 13, np.int64(1): 12})
Loading cached train dataset from /home/sofia/Desktop/Thesis/DeepChronos/src/DARPA/data/cache/train_ddos_original.pkl
Label distribution: Counter({'no_alarm': 55237, 'alarm': 20252})

Preparing ddos test' dataset...
Original label distribution (test): Counter({np.int64(0): 36785, np.int64(5): 13502, np.int64(3): 14, np.int64(2): 9, np.int64(4): 9, np.int64(1): 8})
Loading cached test dataset from /home/sofia/Desktop/Thesis/DeepChronos/src/DARPA/data/cache/test_ddos_original.pkl
Label distribution: Counter({'no_alarm': 36825, 'alarm': 13502})

Using pretrained models: True
Loading pretrained model for phase 5...

Caching ACs
Training  for 1 epoch(s)
Epoch 1
Iteration:  100 	s:6.1646 	Average Loss:  0.4662732865273427
Iteration:  200 	s:10.5958 	Average Loss:  0.44802477769569604
Iteration:  300 	s:11.3435 	Average Loss:  0.44378889072471495
Iteration:  400 	s:6.1026 	Average Loss:  0.4344046295247886
Iteration:  500 	s:5.8864 	Average Loss:  0.40079346454575826
Iteration:  600 	s:6.0765 	Average Loss:  0.4003147746050061
Iteration:  700 	s:5.9802 	Average Loss:  0.40731817564441997
Iteration:  800 	s:6.4316 	Average Loss:  0.4103934841152706
Iteration:  900 	s:6.4312 	Average Loss:  0.4056158436859485
Iteration:  1000 	s:6.4852 	Average Loss:  0.3963046441857108
Iteration:  1100 	s:6.4222 	Average Loss:  0.4017811943244054
Iteration:  1200 	s:6.2148 	Average Loss:  0.39305844542255974
Iteration:  1300 	s:7.4561 	Average Loss:  0.40721275291611164
Iteration:  1400 	s:6.8801 	Average Loss:  0.40360024969364566
Iteration:  1500 	s:7.1279 	Average Loss:  0.40562168228318446
Epoch time:  106.40709590911865
Accuracy:  0.7317344566534862
