/home/sofia/Desktop/Thesis/DeepChronos/.venv/lib/python3.10/site-packages/deepproblog/semiring/graph_semiring.py:77: UserWarning: Converting a tensor with requires_grad=True to a scalar may lead to unexpected behavior.
Consider using tensor.detach() first. (Triggered internally at /pytorch/torch/csrc/autograd/generated/python_variable_methods.cpp:836.)
  return -self.eps <= float(a) <= self.eps

Preparing datasets (original)...

Preparing multi_step train' dataset...
Original label distribution (train): Counter({np.int64(0): 55178, np.int64(5): 20252, np.int64(3): 21, np.int64(2): 13, np.int64(4): 13, np.int64(1): 12})
Preparing multi_step train dataset from scratch...
Using full history for dataset preparation...
Number of benign examples seen per classifier during dataset preparation: {1: 12802, 2: 1449, 3: 2894, 4: 1786, 5: 36247}
Prepared dataset with 75489 examples in 0.22 seconds.
Label distribution: Counter({'no_alarm': 55237, 'alarm': 20252})

Preparing multi_step test' dataset...
Original label distribution (test): Counter({np.int64(0): 36785, np.int64(5): 13502, np.int64(3): 14, np.int64(2): 9, np.int64(4): 9, np.int64(1): 8})
Preparing multi_step test dataset from scratch...
Using full history for dataset preparation...
Number of benign examples seen per classifier during dataset preparation: {1: 8838, 2: 1017, 3: 1991, 4: 1102, 5: 23837}
Prepared dataset with 50327 examples in 0.07 seconds.
Label distribution: Counter({'no_alarm': 36825, 'alarm': 13502})

Using pretrained models: False

Caching ACs
Training  for 1 epoch(s)
Epoch 1
Iteration:  100 	s:7.8313 	Average Loss:  0.6621699132025242
Iteration:  200 	s:7.7986 	Average Loss:  0.5408314357325434
Iteration:  300 	s:7.7539 	Average Loss:  0.43843894623802043
Iteration:  400 	s:7.7645 	Average Loss:  0.4141861596454692
Iteration:  500 	s:7.7221 	Average Loss:  0.4170764058559143
Iteration:  600 	s:8.1467 	Average Loss:  0.4049884201738314
Iteration:  700 	s:7.7021 	Average Loss:  0.4133692496824006
Iteration:  800 	s:7.6613 	Average Loss:  0.41332155315165436
Iteration:  900 	s:7.6602 	Average Loss:  0.4045494825710921
Iteration:  1000 	s:16.1623 	Average Loss:  0.40285003590350243
Iteration:  1100 	s:29007.0374 	Average Loss:  0.41374762866214954
Iteration:  1200 	s:8.2715 	Average Loss:  0.4052965227059576
Iteration:  1300 	s:9.4950 	Average Loss:  0.40787306954691305
Iteration:  1400 	s:8.4349 	Average Loss:  0.4109086867113729
Iteration:  1500 	s:7.7754 	Average Loss:  0.40601643219901234
Epoch time:  29128.100852012634
Accuracy:  0.7309793947582809
