#=== darpa_temp_endtoend_base_w10_5b5a_0.001lr ===
#
#Metrics:
#  Accuracy: 0.8621 | Micro F1: 0.8621 | Macro F1: 0.7066 | 
#  False Alarms: 5201 | False Alarm Rate: 0.3318
#  Missed Attacks: 3 | Detection Rate: 0.9999
#
#Per-Class Metrics:
#  [phase1] P=0.0030 | R=1.0000 | F1=0.0060 | 
#  [phase2] P=0.3333 | R=1.0000 | F1=0.5000 | 
#  [phase3] P=1.0000 | R=1.0000 | F1=1.0000 | 
#  [phase4] P=1.0000 | R=1.0000 | F1=1.0000 | 
#  [phase5] P=0.8737 | R=0.9999 | F1=0.9326 | 
#
#Inference time:
#  Average: 0.0051 | Total: 194.0803
#
#Confusion Matrix:
#         	      	      	      	Actual	      	      	      
#         	      	benign	phase1	phase2	phase3	phase4	phase5
#         	benign	 10474	     0	     0	     0	     0	     3
#         	phase1	  2004	     6	     0	     0	     0	     0
#Predicted	phase2	    12	     0	     6	     0	     0	     0
#         	phase3	     0	     0	     0	    10	     0	     0
#         	phase4	     0	     0	     0	     0	     6	     0
#         	phase5	  3185	     0	     0	     0	     0	 22039
i,time,loss,ground_time,compile_time,eval_time
10,0.44728660583496094,0.6018059302121401,0.0013440084457397466,0.0001606035232543947,0.00022063414255777997
20,0.9436841011047363,0.5508989056572318,0.001493342717488607,0.00017844835917154968,0.0002779952685038249
30,1.4551846981048584,0.38966513827908783,0.0014933427174886073,0.00017844835917154965,0.0002904907862345377
40,1.9721572399139404,0.269378331489861,0.001493342717488607,0.0001784483591715497,0.00029105742772420263
50,2.4708123207092285,0.17609607587655773,0.001493342717488607,0.00017844835917154965,0.0002790069580078124