#=== darpa_temp_endtoend_base_w10_1000b1000a_0.001lr ===
#
#Metrics:
#  Accuracy: 0.9976 | Micro F1: 0.9976 | Macro F1: 0.8187 | 
#  False Alarms: 78 | False Alarm Rate: 0.0050
#  Missed Attacks: 14 | Detection Rate: 0.9994
#
#Per-Class Metrics:
#  [phase1] P=0.1154 | R=1.0000 | F1=0.2069 | 
#  [phase2] P=0.6667 | R=1.0000 | F1=0.8000 | 
#  [phase3] P=1.0000 | R=1.0000 | F1=1.0000 | 
#  [phase4] P=1.0000 | R=0.8333 | F1=0.9091 | 
#  [phase5] P=0.9987 | R=0.9994 | F1=0.9990 | 
#
#Inference time:
#  Average: 0.0047 | Total: 178.8349
#
#Confusion Matrix:
#         	      	      	      	Actual	      	      	      
#         	      	benign	phase1	phase2	phase3	phase4	phase5
#         	benign	 15597	     0	     0	     0	     1	    13
#         	phase1	    46	     6	     0	     0	     0	     0
#Predicted	phase2	     3	     0	     6	     0	     0	     0
#         	phase3	     0	     0	     0	    10	     0	     0
#         	phase4	     0	     0	     0	     0	     5	     0
#         	phase5	    29	     0	     0	     0	     0	 22029
i,time,loss,ground_time,compile_time,eval_time
10,1.2387292385101318,0.5959765319712398,0.0015194755047559737,0.0001698702573776245,0.00024321936070919036
20,2.4808950424194336,0.5398405318148388,0.0016879316419363022,0.00018987059593200684,0.0002522822469472885
30,3.6401891708374023,0.41383182149147457,0.0017010986804962159,0.00018668211996555328,0.00023033395409584046
40,5.408723592758179,0.30946831931359753,0.0017652880400419236,0.00019647330045700074,0.00030708760023117064
50,7.712379455566406,0.2292769561856372,0.0018161505460739136,0.00020821727812290192,0.00042779408395290377
60,10.00870418548584,0.20604443786177998,0.0018802013248205185,0.00021011494100093843,0.0004131857305765152
70,11.707538604736328,0.1732920238225202,0.0020451836287975313,0.0001956358551979065,0.00030891671776771544
80,13.272130966186523,0.1334401732039592,0.0017842099070549012,0.00019446387887001038,0.0002520453184843063
90,15.211201667785645,0.09229281217038447,0.0018247723579406737,0.00020188242197036744,0.0003297850489616394
100,16.508188724517822,0.08562877406208087,0.0017781990269819896,0.00019624034563700362,0.00030034842590490973
110,18.10124969482422,0.06258125962172144,0.0017377525568008424,0.00019226297736167907,0.0003901489078998566
120,19.312012672424316,0.05832754964535667,0.0016870245337486268,0.00019093900918960572,0.00030780471861362456
130,20.423274993896484,0.05336583655090791,0.0017866071313619614,0.00019676685333251952,0.00028872601687908174
140,21.480146169662476,0.03335209178407424,0.0017291352152824402,0.00019841082394123077,0.00027088001370429994
150,22.54265809059143,0.03703850682490071,0.001825084537267685,0.00019805170595645904,0.00027849078178405763
160,23.604575634002686,0.026758041901249786,0.0017935298383235931,0.00020000636577606202,0.0002754855901002884
170,24.611894607543945,0.01780923959479431,0.0018451768904924394,0.00019886568188667297,0.00026032552123069765
180,25.65140676498413,0.007559430737060923,0.001750500500202179,0.00019633769989013672,0.00027017854154109955
190,26.69181990623474,0.01422712105587813,0.0020135233799616513,0.00019756332039833055,0.00027860191961129506
200,27.798133373260498,0.018390762409028732,0.0018372051417827606,0.00020148418843746185,0.00028566308319568636
210,28.864956855773926,0.017673709402736115,0.0020691215991973876,0.00019545406103134156,0.0002766702324151993
220,29.924235582351685,0.009944786006342668,0.0016988076269626618,0.00019194930791854858,0.0002733688801527023
230,30.973217964172363,0.0071872699201464135,0.0017694007605314256,0.00019784048199653626,0.0002724461257457733
240,32.08836507797241,0.011213164152095115,0.0017438095062971115,0.00019614472985267638,0.00028367303311824796
250,33.1431028842926,0.008644169580705779,0.001698566973209381,0.0001902792602777481,0.00027160532772541046
260,34.2042760848999,0.014180476096806916,0.0017896808683872222,0.0002003956586122513,0.00027428753674030304
270,35.32008385658264,0.005753049691442061,0.0018063910305500031,0.00019659511744976043,0.0002859402447938919
280,36.901087284088135,0.016067191795098933,0.0017820857465267181,0.0001996263861656189,0.00038476474583148956
290,38.43816041946411,0.006586128376088213,0.0018518082797527318,0.0002024182428916295,0.00038215555250644686
300,40.00407838821411,0.007530017778328057,0.0017635181546211242,0.00019460283219814302,0.00038037970662117
310,41.06999897956848,0.009529719454309476,0.001766732707619667,0.00019714385271072388,0.00027190260589122773
320,42.082441091537476,0.0058944307368557075,0.0017789296805858612,0.00019666403532028198,0.0002589356154203415
330,44.15888166427612,0.0083161198890285,0.0017610467970371247,0.0001972407102584839,0.0005124613642692565
340,47.52326035499573,0.005371602882879129,0.0017315790057182312,0.00019181184470653533,0.0008445687592029572
350,50.86517095565796,0.016794957590331522,0.0017918050289154053,0.00019997656345367433,0.0008489865809679032
360,54.23816514015198,0.013773872619093144,0.0017884183675050736,0.00019967034459114074,0.0008506841957569122
370,57.57260799407959,0.001857481104584588,0.0017318360507488251,0.0001946382224559784,0.0008396442979574203
380,60.448458671569824,0.0010566486670747083,0.002043995509545008,0.00019572675228118888,0.0007410859068234761
390,63.768457889556885,0.011619238776863328,0.0017954424023628236,0.00019658841192722322,0.0008421376347541809
400,67.1000325679779,0.012476521219065511,0.001705237478017807,0.00019407942891120912,0.000842081755399704
410,70.45312023162842,0.004660705385778341,0.0017853811383247375,0.0001995217055082321,0.0008441511541604996
420,73.80344223976135,0.006661756122371634,0.0017942171543836594,0.0001979343593120575,0.0008429057896137237
430,77.15118646621704,0.0007280030852774344,0.0017926715314388274,0.00019894912838935852,0.0008480928838253022
440,80.41852521896362,0.01757949348116308,0.0017634935677051545,0.0001927003264427185,0.0008235819637775421
450,83.76948523521423,0.005129899904065508,0.0017583571374416352,0.0001980416476726532,0.0008404612541198731
460,87.15203094482422,0.0037222269537126014,0.0020571451634168623,0.00020010881125926973,0.0008519895374774933
470,90.4969162940979,0.0024339594434157536,0.0017640803009271622,0.00019444823265075685,0.0008574433624744416
480,93.68031287193298,0.002058425446368825,0.00176493339240551,0.0001944795250892639,0.0008126695950826008
490,96.98630571365356,0.012692265906087932,0.001826467365026474,0.00019991323351860047,0.0008333455771207809
500,100.33074426651001,0.002101155444330707,0.0017376966774463654,0.00019441284239292146,0.0008461333811283112
510,103.70776033401489,0.004078444173651691,0.0017398148775100708,0.00019771233201026917,0.0008383668959140777
520,107.04353141784668,0.000951684834565214,0.0017558023333549499,0.00019495561718940735,0.0008391659706830978
530,110.42399406433105,0.00161949826683718,0.0018129166215658187,0.00019762851297855377,0.0008512258529663086
540,113.7457365989685,0.008544439462561485,0.0017258726060390473,0.00019509606063365935,0.0008273113518953324
550,117.10573148727417,0.0019405488218337096,0.002102937549352646,0.00019998475909233093,0.0008400809019804001
560,120.43979477882385,0.00841397411464862,0.0017611254006624222,0.0001971755176782608,0.0008325371891260147
570,123.59637141227722,0.0044425153726738885,0.0017301417887210842,0.000197019303838412,0.0007902357727289199
580,126.9491605758667,0.0016699825632898568,0.001788698136806488,0.0001993730664253235,0.0008401568979024887
590,129.2533528804779,0.002215841112555009,0.0017310164868831635,0.0001904662698507309,0.0005804937332868576
600,131.4011788368225,0.010671149439889033,0.001794075220823288,0.00019845366477966309,0.0005361802875995636
610,134.69963669776917,0.007645120341245928,0.0017702311277389526,0.0001965608447790146,0.0008311484009027482
620,137.9611361026764,0.0007909023755079903,0.0017700336873531341,0.00019630715250968934,0.0008164435625076294
630,141.22510385513306,0.0007527704015650005,0.001773441582918167,0.00019762963056564332,0.0008220471441745758
640,144.60491180419922,0.003112825069614322,0.0017259396612644196,0.00019497983157634735,0.000845135748386383
650,147.93945050239563,0.0012504562997168345,0.002103982865810394,0.00019953101873397826,0.0008382529020309448
660,151.16646456718445,0.001366412851692919,0.0017487170795599627,0.00019830378393332167,0.0008132788042227428
670,154.43533873558044,0.008348696666291544,0.001752561330795288,0.00019384585320949554,0.000823013111948967
680,157.74286913871765,0.0033352307528636384,0.001787608489394188,0.00019550099968910218,0.0008325807750225068
690,160.83785462379456,0.001780881877403423,0.0017441101372241974,0.0002016160637140274,0.0007851403206586838
700,164.15652441978455,0.0066348383180693275,0.001773352548480034,0.00019849985837936402,0.0008284900337457657
710,167.46755647659302,0.0015072986063213417,0.0017348200082778931,0.00019518323242664337,0.0008321493864059448
720,170.77790784835815,0.0038904841298014387,0.0017727114260196685,0.00019731000065803528,0.0008278399705886841
730,174.0599069595337,0.0011608877729644557,0.0020928502082824705,0.00019648782908916474,0.0008207958191633225
740,177.3654658794403,0.0005558237928036808,0.0017475485801696777,0.00019654929637908937,0.0008459821343421936
750,180.67880415916443,0.001449250078599934,0.0017974365502595902,0.00019576065242290496,0.0008402127772569656
760,183.895583152771,0.006313049416293112,0.0017894530047972996,0.00019444438318411508,0.0008215130617221197
770,187.10162043571472,0.0015539142586159349,0.0017460472881793976,0.00019484013319015503,0.000793028250336647
780,190.41778087615967,0.0003260893130733522,0.0017518792301416397,0.00019926056265830993,0.0008274406194686889
790,193.74104642868042,0.00019873669726866162,0.0017554841935634613,0.00019882731139659883,0.0008337881416082382
800,197.09802389144897,0.0007273646386777744,0.00210229828953743,0.00019723698496818543,0.0008406966924667358
810,200.46418714523315,0.00014324080842206545,0.0017413735389709474,0.0001967053860425949,0.0008410919457674026
820,203.8369312286377,0.00467162445276526,0.001770193874835968,0.00019846595823764802,0.0008550703525543213
830,207.18051624298096,0.005806492430542961,0.0017679043114185334,0.0001965053379535675,0.0008305016905069351
840,210.5189700126648,0.005673445276365446,0.0018108073621988297,0.00019559562206268312,0.0008402343839406968
850,213.76078009605408,0.0016487692532576232,0.0017346728593111039,0.00019263724486033113,0.000820630540450414
860,217.05474138259888,0.0012145949147016222,0.001995144784450531,0.0001939374953508377,0.0008154552429914475
870,220.34907603263855,0.0006619298701258741,0.00173092819750309,0.00019965767860412597,0.0008293747901916504
880,223.69854021072388,0.0005387524943931355,0.0017772603780031205,0.00019823163747787476,0.0008343417197465896
890,227.03420615196228,0.0002042483237763959,0.0018012065440416336,0.0001966472715139389,0.0008343614637851716
900,230.37995219230652,0.00026880419868272054,0.0017701085656881333,0.00019687600433826447,0.0008356574922800064
910,233.60905933380127,0.0017211055160089833,0.0017546769231557846,0.00019391365349292756,0.0008304666727781296
920,234.65917420387268,0.009289533505314538,0.001792164146900177,0.00019832774996757506,0.00027325153350830076
930,235.76046347618103,0.004508258025402468,0.001775442436337471,0.00019654445350170135,0.00028086379170417787
940,236.84974098205566,0.0012651217863547143,0.001815478503704071,0.00019965320825576782,0.0002827875316143036
950,237.92271995544434,0.0004109181069054733,0.0020416179051001866,0.0001977812498807907,0.0002811834216117859
960,239.10600972175598,0.004826908958921852,0.001770833507180214,0.00020317845046520234,0.0002987761050462723
970,240.07552194595337,0.0012505227859996749,0.0017307557165622712,0.00019048377871513366,0.0002487055957317352
980,241.1427664756775,0.0008461028054747216,0.001785433664917946,0.00020000971853733062,0.0002756573259830475
990,242.51465129852295,0.000423745672939313,0.0017626076936721803,0.00019776038825511933,0.0003394912928342819
1000,243.58913397789001,0.0002637431544082969,0.0017666369676589966,0.00018885359168052673,0.0002822812646627426
1010,244.67275381088257,0.00012975715559830625,0.001779288426041603,0.00019665509462356566,0.0002833489328622818
1020,245.7292444705963,0.0005231088776546294,0.0017802145332098008,0.000195302814245224,0.0002714429050683975
1030,246.7889494895935,0.004920510648567866,0.001795368269085884,0.00020190738141536712,0.0002767551690340042
1040,247.83407521247864,0.0034714398384243866,0.0020536803950866062,0.00019501211742560073,0.00027488196889559433
1050,249.055517911911,0.00048087565379122956,0.0017700452357530595,0.00019943714141845703,0.0003057554364204407
1060,250.63717317581177,0.0002960247806667232,0.0017796754837036133,0.00019522495567798616,0.0003795061260461807
1070,252.17303681373596,0.0002373722998073119,0.001725858822464943,0.00019818805158138274,0.0003663036972284317
1080,253.7538869380951,0.0010288505383400288,0.0017341222614049912,0.0001973867416381836,0.00037892498075962064
1090,255.35752272605896,0.0002347247321049961,0.0017169084399938583,0.00019341297447681428,0.0003795228898525238
1100,256.91253542900085,0.00027183740099925857,0.0017865989357233047,0.00020132511854171754,0.0003708995878696442
1110,258.4883134365082,0.004924852485009118,0.0018739841878414154,0.0001989416778087616,0.0003792956471443176
1120,260.0734968185425,0.001905334563146549,0.001718437299132347,0.00019176267087459565,0.0003760494291782379
1130,261.6812331676483,0.006340570748571259,0.0017990489800771077,0.00019575729966163631,0.00039575062692165375
1140,263.14486479759216,0.00028668374321178804,0.00174478217959404,0.00019612200558185577,0.0003466598689556122
1150,264.719455242157,0.0021489850826664964,0.0017826754599809646,0.00019334033131599427,0.0003767434507608414
1160,266.3423340320587,0.0015941379517999733,0.0017763584852218627,0.00019595250487327575,0.00037751421332359313
1170,267.9661500453949,0.0001825388425831076,0.002127677574753761,0.00019658021628856658,0.00039830878376960753
1180,269.53668332099915,0.0037979227685687013,0.0017557770013809204,0.00019984729588031768,0.00037183016538619993
1190,271.13667273521423,0.0005984738786084437,0.0017364893108606338,0.0001977737993001938,0.00038481876254081726
1200,272.81320881843567,0.0004266235170697824,0.0017322070896625518,0.00019521303474903106,0.00040304772555828096
1210,274.4156792163849,0.0001903856117303232,0.001787390559911728,0.00020070672035217286,0.00038255825638771056
1220,276.0044231414795,9.58355626044599e-05,0.0017742883414030076,0.0001979585736989975,0.00037938058376312255
1230,277.57887721061707,0.0008890108862516982,0.0017679101477066674,0.00019339174032211303,0.0003861920287211736
1240,279.7875669002533,0.000337192118692653,0.0017759397625923157,0.00019764825701713563,0.0005205702036619186
1250,283.0470812320709,0.0003979329322779279,0.0017564989626407622,0.00019329711794853212,0.0008087527006864548
1260,286.33031964302063,0.002233188075043355,0.0017505023628473283,0.00019626058638095857,0.0008125625550746918
1270,289.60930371284485,0.0012012337258805656,0.0017250940203666688,0.00019731931388378143,0.0008107148110866547
1280,292.89591217041016,0.000585855949653824,0.0017888285219669342,0.00019720010459423065,0.0008197028189897537
1290,296.1647937297821,0.00017712250166096455,0.0017805051058530808,0.00020032078027725219,0.0008249100297689438
1300,299.51142382621765,8.52551084059544e-05,0.0017427988350391388,0.0001917600631713867,0.0008340973407030105
1310,302.88337540626526,5.042220561187194e-05,0.0020977865904569628,0.00019991323351860047,0.0008524861186742783
1320,306.14692997932434,0.00018418922476839405,0.0018025259176890056,0.00019904884199301392,0.0008218309531609219
1330,309.4381079673767,0.0003337228179089824,0.001748666912317276,0.00019461847841739655,0.0008251547813415527
1340,312.77307748794556,0.0009303670626379212,0.0020573940128087997,0.00019559040665626526,0.0008275520056486129
1350,315.72439765930176,0.0004069926943596869,0.0017381243407726288,0.0001964285969734192,0.0007163699716329575
1360,319.03927993774414,0.0010862764721159101,0.0018252033740282058,0.0001998182386159897,0.0008113674819469451
1370,322.3162615299225,0.0005840082817567316,0.0017100129276514052,0.00019484609365463256,0.0008057300001382828
1380,325.61068511009216,0.00027177957461867186,0.0017526086419820785,0.00019957460463047028,0.0008072149008512497
1390,328.9364116191864,0.0001927233911090176,0.0018424492329359055,0.00019951947033405303,0.0008235324174165725
1400,332.2567665576935,5.9231026829853486e-05,0.001731719821691513,0.00019354969263076782,0.0008215915411710739
1410,335.63862204551697,5.709668486697517e-05,0.0017929632216691972,0.00019741617143154144,0.0008361361920833588
1420,338.9112641811371,0.0008948324615173364,0.0017639329036076862,0.0001955175151427587,0.0008188392966985703
1430,342.17168283462524,0.0005503010592805169,0.001811174675822258,0.00019689425826072693,0.0008080739527940751
1440,345.43627762794495,0.00016154405686578943,0.0017182573676109314,0.00019295737147331237,0.0008112464100122451
1450,348.71724796295166,0.0008456557519889579,0.001803186908364296,0.00019842199981212616,0.0008099250495433808
1460,352.0353057384491,0.0002980412953041356,0.0017800513654947282,0.0001952067017555237,0.000813412293791771
1470,355.35771560668945,8.360300868215931e-05,0.0017862096428871155,0.00019738301634788513,0.0008159231394529343
1480,358.6357820034027,5.569416738096522e-05,0.001755765825510025,0.00019905902445316315,0.0008105147629976272
1490,361.9980101585388,0.00012792875574423046,0.001701945811510086,0.00019920580089092255,0.0008123654872179032
1500,365.32547760009766,5.264578802506859e-05,0.0020991191267967224,0.00019846744835376738,0.0008175566792488099
1510,368.55886006355286,0.00021049004356172392,0.0017103567719459535,0.00019341756900151575,0.0008216088016827902
1520,371.9072289466858,0.00011568990710777161,0.0017335951328277589,0.00019257105886936188,0.0008295275270938874
1530,375.2426817417145,7.416135550971925e-05,0.0017752442508935928,0.00019830167293548583,0.0008181232959032058
1540,378.5180084705353,0.00010226413959668612,0.0020761463791131975,0.00019750706851482392,0.0008182838559150696
1550,381.8403089046478,0.000696129366549339,0.0018822025507688523,0.00020329058170318604,0.0008151836693286896
1560,385.15596556663513,0.00019925952608479958,0.0017652079463005067,0.00019885413348674774,0.0008171286433935165
1570,388.46713495254517,0.0004242596499168555,0.0017834119498729706,0.00019846074283123017,0.000819215178489685
1580,391.76136326789856,0.0001647072565031077,0.0017601829022169113,0.00019350945949554444,0.0008132658898830414
1590,395.1035828590393,6.911554539715815e-05,0.0017469793558120728,0.0001946084201335907,0.0008272957056760788
1600,398.3279333114624,4.624085700462577e-05,0.001711426923672358,0.000195366268356641,0.000812192385395368
1610,401.70192551612854,0.000504413101156459,0.002016866207122803,0.00019468106329441072,0.0008278079330921173
1620,405.0607409477234,0.00016050377789262327,0.0017842993140220643,0.00019638165831565858,0.0008262403309345246
1630,408.4051420688629,0.00017864912969981495,0.001873079314827919,0.0002029716968536377,0.0008241496980190277
1640,411.70527935028076,0.00012174953493088448,0.001791958138346672,0.00019919425249099733,0.0008132386952638626
1650,415.0334222316742,4.71333650269079e-05,0.0017170164734125136,0.00019405111670494079,0.0008155271410942077
1660,418.3171510696411,6.342675030541755e-05,0.001780151203274727,0.00019451901316642762,0.0008052419871091843
1670,421.6333956718445,8.429282528118475e-05,0.0017400313168764114,0.00019864961504936218,0.0008184254169464111
1680,424.92695140838623,4.2040804576762294e-05,0.0017562273889780045,0.00019577518105506897,0.0008093088865280152
1690,428.20011711120605,3.944113521406334e-05,0.001756150647997856,0.00019724294543266296,0.0008106037974357605
1700,430.33844017982483,0.0008786126205592659,0.0020178439716498054,0.00019340105354785918,0.0005660547564427058
1710,431.24354004859924,0.00036182842955392034,0.0018161006271839141,0.00019646771252155304,0.00022432580590248108
1720,432.168395280838,0.00012660477663830604,0.0017473042011260987,0.00019751712679862976,0.0002275027334690094
1730,433.0619053840637,3.864198266930741e-05,0.0017159506678581238,0.00019699782133102416,0.00021900609135627747
1740,433.97632789611816,0.0002712784448878014,0.00182235985994339,0.0001988351345062256,0.00022520460188388825
1750,434.8903043270111,5.758836087343677e-05,0.0017786569893360137,0.00019702166318893432,0.00022413581609725952
1760,435.79512906074524,5.524690279196387e-05,0.001780928671360016,0.0002015814185142517,0.0002219349145889282
1770,436.95245361328125,0.00020005288944787702,0.0017334818840026855,0.00019398704171180725,0.00024550482630729674
1780,438.02862191200256,0.00010429684517061499,0.0018075414001941681,0.00019557140767574311,0.0002774801105260849
1790,439.1588935852051,6.396815732539473e-05,0.0017118974278370537,0.00019310625890890751,0.0002921658257643382
1800,440.21411752700806,0.00012917631975749023,0.002095205709338188,0.00019638165831565858,0.000265178456902504
1810,441.28073596954346,6.539078740907811e-05,0.0017739824950695037,0.00019911117851734161,0.0002724137157201767
1820,442.3699712753296,6.680778609552685e-05,0.0018341213464736939,0.00019880570471286774,0.0002839278429746628
1830,443.4768588542938,4.532857363111487e-05,0.0017577528953552247,0.00019634813070297242,0.00028371289372444155
1840,444.6032338142395,8.356105708587914e-05,0.0017748642712831497,0.0001965794712305069,0.00028815940022468566
1850,445.57216000556946,3.278651710132696e-05,0.00178009495139122,0.00019904449582099914,0.00024459771811962127
1860,446.6648452281952,3.0398667607661745e-05,0.0017259739339351653,0.000194443017244339,0.00028280094265937806
1870,447.7530870437622,9.952033952644046e-05,0.0017799779772758484,0.00019727125763893127,0.0002779446542263031
1880,448.8204929828644,0.0001712763780902904,0.0017204530537128448,0.00019533820450305938,0.0002730473875999451
1890,449.91436219215393,8.326210012282453e-05,0.0017786532640457152,0.00019461413224538166,0.00028975059588750207
1900,451.09351205825806,6.48404374687106e-05,0.0017136339098215102,0.00019279122352600098,0.0002869691699743271
1910,452.230037689209,3.522142889457458e-05,0.0018422745168209075,0.0002014290541410446,0.00029234737157821653
1920,453.311892747879,4.2143456245624654e-05,0.0017986826598644257,0.00020082555711269378,0.0002762153744697571
1930,454.3943738937378,2.5950974377192403e-05,0.00179075226187706,0.0001967296004295349,0.0002779364585876465
1940,455.48102617263794,2.1213806627537467e-05,0.001776447519659996,0.0001983385533094406,0.0002766445279121399
1950,456.5596396923065,7.385721770832299e-05,0.001759086176753044,0.00019373223185539245,0.0002761468291282654
1960,457.6401116847992,0.0002002295549128924,0.002007225900888443,0.00019721575081348418,0.00027763210237026216
1970,458.7178819179535,4.824133694405763e-05,0.0017593689262866974,0.00019753798842430114,0.0002746801823377609
1980,459.79294061660767,6.201662658893991e-05,0.0020180893441041313,0.00019483243425687154,0.000282010684410731
1990,460.8682584762573,4.7871470838872776e-05,0.0018319904804229737,0.00020003579556941985,0.0002727184444665909
2000,461.94035363197327,8.351201956856847e-05,0.0017638992518186568,0.00019292235374450683,0.0002755112946033478
2010,465.0824511051178,0.00010190793095612438,0.0017062511295080185,0.00019418969750404358,0.0007808938622474671
2020,466.2233018875122,4.63614809425722e-05,0.001758573204278946,0.0001957852393388748,0.0002977538853883743
2030,467.52565741539,2.5674464733743684e-05,0.0018160991370677949,0.00020264871418476104,0.0003241170197725296
2040,469.1675109863281,9.62931208442902e-05,0.0017172876745462418,0.00019931197166442872,0.0003961294889450073
2050,470.73332500457764,3.5430195130292666e-05,0.0017910849303007126,0.00019434280693531036,0.0003786750137805939
2060,472.291841506958,3.004561914755899e-05,0.0017781879752874375,0.00019472390413284303,0.00037762969732284545
2070,473.83937883377075,3.9173712527929005e-05,0.0017702826609214157,0.0001959609488646189,0.00038424121836821247
2080,475.302205324173,2.15968058329713e-05,0.0017235215753316879,0.00019598156213760377,0.0003515869379043579
2090,476.8857810497284,0.0001287166302719328,0.0017476778477430344,0.0001939043402671814,0.00038187094032764434
2100,478.46314311027527,4.06099556637618e-05,0.001778586581349373,0.00019476860761642457,0.0003759372979402542
2110,479.8132019042969,4.595718269085336e-05,0.0017863180488348006,0.0001956310123205185,0.0003552086651325226
2120,481.0047469139099,2.4105167733512457e-05,0.0017411913722753525,0.00019421055912971497,0.0003107719123363495
2130,482.22608065605164,0.00013438099497233014,0.00181160531938076,0.000196751207113266,0.0003199946135282516
2140,483.4128921031952,4.228340718144819e-05,0.002027486637234688,0.00019779428839683533,0.00030819401144981383
2150,484.58669352531433,4.3873414615422376e-05,0.0017762858420610427,0.00020118169486522676,0.0003104865550994873
2160,485.81386280059814,3.565306456802253e-05,0.0017701752483844757,0.00020010173320770264,0.0003234032541513443
2170,486.9005732536316,1.3342490549703157e-05,0.001787115012605985,0.0001978033532698949,0.0002871545652548472
2180,487.96915078163147,1.3008435326986034e-05,0.001743551343679428,0.00019644424319267272,0.000275842472910881
2190,489.07124280929565,2.426284074869278e-05,0.0017177276313304901,0.00019702538847923278,0.00028252601623535156
2200,490.1249122619629,4.2513004352751074e-05,0.0017491601407527923,0.0001937214285135269,0.00026692599058151243
2210,491.2015619277954,1.9768864675495658e-05,0.0018324900418519973,0.00020006746053695678,0.0002713538706302643
2220,492.2561745643616,2.794195156897161e-05,0.0017307434231042863,0.00019751489162445068,0.0002699699252843857
2230,493.3150794506073,3.2630661410457115e-05,0.0017641279846429825,0.00019355863332748413,0.0002738624811172485
2240,494.36820006370544,1.4847593461342345e-05,0.0017400365322828293,0.00019338056445121764,0.0002691943198442459
2250,495.4153914451599,0.00019956051028232892,0.0018531259149312973,0.00020047575235366822,0.0002667054533958435
2260,496.4813394546509,3.7937157285409624e-05,0.002179581423600514,0.00019820543626944208,0.0002802866200606028
2270,497.54175329208374,6.0405630378568276e-05,0.0017461728304624558,0.000195273756980896,0.00027150511741638186
2280,498.63868737220764,6.32564551855369e-05,0.0017479009926319121,0.0001935485750436783,0.00028035081923007967
2290,499.63604044914246,3.204210322017842e-05,0.0017833173274993896,0.0001958336681127548,0.0002552445977926254
2300,500.6674690246582,5.426643135514331e-05,0.0017526540905237198,0.00019285790622234345,0.0002649597823619843
2310,501.71927189826965,1.3308591933533509e-05,0.0017401810735464096,0.00019633956253528595,0.0002758227288722992
2320,502.78204131126404,3.1352696589470595e-05,0.0017551627010107041,0.00019645318388938904,0.000275425985455513
2330,503.84383392333984,2.833712921312681e-05,0.0017801087349653244,0.000198151171207428,0.00027281343936920167
2340,504.8727333545685,2.1185375674248608e-05,0.0017763353884220124,0.0002035185694694519,0.0002647619694471359
2350,505.93393874168396,4.805279447660516e-05,0.002110392972826958,0.00020030885934829712,0.00027621686458587644
2360,506.9631042480469,2.2591922709797967e-05,0.0016701848556598027,0.00019205622375011443,0.0002660298099120458
2370,507.99105191230774,7.868610161617107e-05,0.0020740948617458343,0.00019763149321079255,0.0002636000514030457
2380,509.0310320854187,3.432254774430599e-05,0.0018216829746961593,0.0001993071287870407,0.00026912391185760496
2390,510.2909939289093,2.0239077884390276e-05,0.0017195086926221847,0.0001913204789161682,0.00032722391188144684
2400,511.53720259666443,4.0575759217553745e-05,0.0017976630479097366,0.00019725151360034944,0.0003310374915599823
2410,512.7580282688141,1.9054700236972865e-05,0.0017524171620607377,0.00019401349127292633,0.000324060395359993
2420,513.9085943698883,4.00481430556543e-05,0.0017750468105077744,0.00020134225487709046,0.00031174980103969573
2430,515.0881917476654,1.1769300900785207e-05,0.0017766371369361878,0.0001967836171388626,0.0003131695091724396
2440,516.2458589076996,2.4231400795404757e-05,0.0018562562763690948,0.00020187869668006898,0.00030412264168262483
2450,517.3417603969574,1.4174398621183415e-05,0.0017342240860064827,0.0001958848287661871,0.000296558067202568
2460,518.3843150138855,1.3142845428854022e-05,0.0018449906259775163,0.0002012684941291809,0.0002692945301532745
2470,519.4381880760193,1.441188508173874e-05,0.0016966424882411957,0.0001928422600030899,0.0002710387110710144
2480,520.5052001476288,0.00011445788876393303,0.0018025342375040053,0.000199861079454422,0.00027088336646556853
2490,521.5491955280304,3.151040553242002e-05,0.0018195394426584245,0.00019640997052192689,0.0002687174826860428
2500,522.5962266921997,2.5654876356623336e-05,0.0017219755798578262,0.0001924470067024231,0.0002683315426111221
2510,523.700306892395,2.4840773429063435e-05,0.0018355641514062881,0.00020118653774261474,0.00028389431536197663
2520,524.7713901996613,1.5305859364161954e-05,0.0017634347081184388,0.00019601620733737944,0.0002746928483247757
2530,525.720269203186,1.6669374812786076e-05,0.0020353514701128006,0.00019920021295547486,0.00023654028773307801
2540,526.7684936523438,4.1176463153203005e-05,0.0016788026938835778,0.00019266667465368904,0.0002721793949604034
2550,527.8314328193665,1.5000275628446191e-05,0.0018231928348541259,0.00020180754363536836,0.0002740673720836639
2560,528.8887016773224,1.47968933996101e-05,0.0017422962933778762,0.00019748546183109283,0.00026755258440971377
2570,529.9533531665802,1.1882710626884285e-05,0.0017366036772727966,0.00019290857017040253,0.00027720555663108827
2580,530.9978594779968,8.809739476745015e-06,0.001821412518620491,0.00019839704036712648,0.00026768893003463744
2590,532.0365896224976,1.3602471528786909e-05,0.0017492111772298812,0.0001936689019203186,0.00026664473116397855
2600,533.1061956882477,8.531936450084654e-05,0.0017672598361968995,0.00019684992730617523,0.00027740225195884707
2610,534.1502139568329,2.8888273787558426e-05,0.0020831704139709474,0.00020060837268829346,0.00027070716023445127
2620,535.1877915859222,3.769644612319767e-05,0.0017767608165740966,0.00019518472254276276,0.000270124152302742
2630,536.2418129444122,2.109419430374182e-05,0.0017387595027685166,0.00019673481583595275,0.000271591916680336
2640,537.2828488349915,1.5596110813731466e-05,0.0017726396520932515,0.00019505669673283897,0.00027659287055333454
2650,538.4551246166229,2.6625562167539862e-05,0.0017557293176651,0.0001976076513528824,0.0002952799201011658
2660,539.5608801841736,2.315469670391146e-05,0.002095847204327583,0.00019909702241420745,0.00028131753206253054
2670,540.5882098674774,1.0349952399077433e-05,0.001765315607190132,0.00019881799817085267,0.0002618651837110519
2680,541.6542184352875,4.93219888748897e-05,0.0018319226801395416,0.00020134709775447844,0.00027281343936920167
2690,543.9676821231842,3.0065622700906068e-05,0.0016707014292478561,0.00019071996212005615,0.000557105615735054
2700,547.2573647499084,1.3488810254977391e-05,0.0017281129956245422,0.0001949794590473175,0.0008147340267896652
2710,550.5404844284058,1.4547141980766897e-05,0.0018018636852502822,0.0001955576241016388,0.0008101820945739746
2720,553.8373143672943,1.591723927165667e-05,0.0017811957746744155,0.00019821301102638245,0.0008240547031164169
2730,557.0679914951324,4.954443077270776e-05,0.0017551117887099586,0.00019426705936590835,0.0008181805411974587
2740,560.4215517044067,9.908891464421864e-06,0.0020978331565856935,0.00019859187304973602,0.0008074533194303513
2750,563.7734937667847,2.942469395334213e-05,0.0017339155077934266,0.00019353218376636506,0.0008269954472780227
2760,567.1179015636444,1.1256884096247366e-05,0.0018099598586559297,0.0002003483474254608,0.0008138667792081833
2770,570.4439992904663,1.1014906063616658e-05,0.0017634857445955276,0.00020000264048576356,0.0008252896368503571
2780,573.7558732032776,8.850563980386528e-06,0.0018317710608243942,0.00020372308790683746,0.0008340373635292054
2790,577.0538575649261,8.06847427005375e-06,0.001751091331243515,0.00019338689744472504,0.0008031394332647324
2800,580.3599698543549,5.182260058807509e-05,0.0018231302499771118,0.00019767247140407563,0.0008058946579694748
2810,583.6672356128693,1.4109033423170825e-05,0.0017120033502578736,0.00019109323620796203,0.0008141864091157913
2820,587.0440192222595,1.9118737046630585e-05,0.0016877949237823486,0.00019362606108188629,0.0008423347026109695
2830,590.2740170955658,1.7519387927103502e-05,0.0016770441085100173,0.00018987605969111125,0.0008158378303050994
2840,593.5205366611481,1.005458109291646e-05,0.0017478443682193757,0.0001950107514858246,0.0008168168365955353
2850,596.8611173629761,1.6571023888448112e-05,0.001796945184469223,0.00020127184689044952,0.0008247025310993194
2860,600.1467227935791,7.2550736824189554e-06,0.0017905395478010177,0.00019895173609256743,0.000811169296503067
2870,603.4540503025055,1.5750262414238048e-05,0.0017840154469013214,0.00019726864993572236,0.0008113764226436615
2880,605.0560758113861,1.1351898173431185e-05,0.0017415262758731843,0.0001927018165588379,0.0004226949065923691
2890,606.5024666786194,5.489677035642182e-05,0.001850682869553566,0.0002014797180891037,0.0003455769270658493
2900,608.07683801651,1.1204678033696625e-05,0.002012626826763153,0.00019855275750160217,0.00037688985466957094
2910,609.5019652843475,1.0990678094358054e-05,0.001756855845451355,0.00019424259662628173,0.0003522828221321106
2920,610.547758102417,2.4732615956833214e-05,0.001869647577404976,0.00020086988806724545,0.00027849959830443066
2930,611.5807433128357,1.076542219004828e-05,0.0018153935670852661,0.00019761286675930024,0.0002628609538078308
2940,612.6131920814514,1.0568313254274985e-05,0.0017550472170114518,0.0001958739012479782,0.00026415959000587464
2950,613.6796684265137,1.6158724783879584e-05,0.0016972348093986511,0.00019419416785240173,0.00027266070246696473
2960,614.9712891578674,4.2846934994802965e-05,0.0017379142343997955,0.00019691139459609985,0.00031554698944091797
2970,616.5359556674957,1.604011725358512e-05,0.0018339410424232482,0.00019912682473659514,0.00037379227578639986
2980,618.1357338428497,1.1921277551052433e-05,0.0016727559268474579,0.00019284002482891082,0.00038363002240657804
2990,619.715606212616,8.426683907131194e-06,0.0020632829517126085,0.00019838809967041016,0.0003794081509113312
3000,622.4803562164307,1.566855874522155e-05,0.0017558414489030837,0.00019650794565677642,0.0006692495197057724
3010,625.7353098392487,1.8871802217212963e-05,0.0018495933463176094,0.00019921809434890738,0.0008287681887547176
3020,629.0221028327942,1.7843181148743946e-05,0.0017563994973897935,0.0001966457813978195,0.0008182663470506669
3030,631.248785495758,6.883421395637024e-06,0.0017240282148122787,0.00019407793879508973,0.0005365569144487381
3040,632.9302017688751,8.98826139453246e-06,0.001771239936351776,0.0001961793750524521,0.00040631815791130065
3050,635.8844015598297,6.697757495641166e-06,0.0020388584583997727,0.00019524134695529937,0.000717688724398613
3060,637.8834908008575,2.0785248850804795e-05,0.001764681190252304,0.00019606128334999086,0.0005037955939769745
3070,638.9585604667664,7.0483425378187196e-06,0.0017339561134576797,0.00019741468131542205,0.00027164071798324585
3080,640.0319151878357,6.452808987364444e-06,0.00176783986389637,0.0001984480768442154,0.00027332119643688204
3090,642.6928524971008,4.285245241532343e-05,0.0017989706248044968,0.00019663535058498383,0.0006556954234838486
3100,646.0228161811829,1.2191142883330453e-05,0.0018216844648122788,0.00019761957228183746,0.0008206289261579513
3110,647.2188580036163,1.5024802902885437e-05,0.0017320019503434501,0.00019685663282871247,0.0003128230571746826
3120,648.296582698822,7.219990221277172e-06,0.0017469648271799087,0.0001977425068616867,0.00027450881898403166
3130,649.9049804210663,6.783384116998414e-06,0.002121739462018013,0.0001974649727344513,0.0003848902881145477
3140,651.4938464164734,4.645252724749804e-06,0.0017512232065200807,0.00019844062626361847,0.00037842541933059693
3150,653.9085869789124,1.5111000631107262e-05,0.0017280489206314086,0.00019533410668373107,0.0005834542214870452
3160,657.2640144824982,1.4146368106074391e-05,0.0017520777881145477,0.00019573606550693512,0.0008274391293525696
3170,660.5851650238037,6.4532050476684425e-06,0.0018071871250867843,0.00019810758531093597,0.0008212544023990631
3180,663.9023401737213,2.4621414542200236e-05,0.0017661448568105698,0.00019553303718566895,0.0008199460804462433
3190,667.2213714122772,1.1915743669266288e-05,0.0017829373478889464,0.00019735507667064666,0.0008199315518140793
3200,670.4264130592346,8.688435160590183e-06,0.0017648125688234963,0.00019662839670976,0.0008141783376534779
3210,673.7626242637634,8.111613101813297e-06,0.001787077635526657,0.00019714608788490295,0.000820339098572731
3220,677.078225851059,4.007148213822087e-06,0.0017940040677785873,0.00019901394844055176,0.0008092217147350311
3230,680.3864846229553,1.1689113134094598e-05,0.0017088044434785843,0.00019602514803409576,0.0008209254592657089
3240,683.7475373744965,6.29677147478136e-06,0.001724471151828766,0.00019889883697032928,0.0008183181285858155
3250,687.1176028251648,1.9584997244917467e-05,0.001727619767189026,0.00019647516310214997,0.000832778587937355
3260,690.4914705753326,1.0828335725429628e-05,0.0020499613136053087,0.00019664429128170015,0.0008272897452116012
3270,693.750949382782,1.615279278848747e-05,0.0018003247678279877,0.0001961253583431244,0.0008028201758861542
3280,697.0462617874146,7.67648010196187e-06,0.0017371192574501038,0.00018973574042320253,0.0008094970136880875
3290,700.3957526683807,6.003829020323481e-06,0.0018599648028612137,0.0001998651772737503,0.0008204884827136994
3300,703.616616487503,4.261362972330744e-06,0.0021076892813046773,0.00019707294801870985,0.0008158267786105474
3310,706.9830453395844,3.6901776114650618e-06,0.0017623919993638992,0.00019867643713951112,0.0008332014083862304
3320,710.3377437591553,9.926822156750004e-06,0.0017650824040174485,0.0001959722489118576,0.0008284758776426315
3330,711.453581571579,6.681944603617596e-06,0.0017722968012094497,0.00019281990826129912,0.0002978023141622543
3340,712.5649123191833,5.239679249971485e-06,0.0017775632441043854,0.0002002514898777008,0.00028211921453475953
3350,713.6370184421539,2.784563243787008e-05,0.0017904467880725861,0.00019710510969161987,0.00027063265442848203
3360,714.708176612854,6.0991926524561755e-06,0.0017296258360147477,0.00019479580223560333,0.00027235932648181913
3370,715.7809596061707,9.386253427914882e-06,0.0017464973032474517,0.00019471496343612671,0.000269707664847374
3380,717.0337862968445,9.492863727969536e-06,0.0017434075474739076,0.0001979149878025055,0.00030750371515750883
3390,718.7821168899536,6.637897847586171e-06,0.0017832654217878976,0.00019875590999921157,0.0004265805085500082
3400,720.8978605270386,9.537795478148369e-06,0.0017583940178155899,0.0001912444829940796,0.0004989348351955413
3410,722.4170341491699,7.99967573052729e-06,0.0018188785761594772,0.00020076744258403778,0.00036056824028491975
3420,723.5320384502411,6.980383730828543e-06,0.0017687346786260604,0.00019628070294857024,0.000291861966252327
3430,724.6667428016663,4.475967648281953e-06,0.0020500019192695616,0.00019640475511550903,0.0003005821257829666
3440,725.7659616470337,7.3941220951806445e-06,0.001720046252012253,0.0001947745680809021,0.00027905218303203583
3450,727.0887336730957,4.108904653823964e-06,0.001753911003470421,0.0001962006092071533,0.0003283470869064331
3460,728.6271460056305,1.841057548905567e-05,0.0017567623406648635,0.00019906051456928254,0.00036454759538173676
3470,730.1948654651642,5.152802458427419e-06,0.0018153492361307143,0.00020011551678180694,0.0003739967942237854
3480,731.7173113822937,4.566065554664766e-06,0.0017975386232137688,0.00019739580651124307,0.0003706557055314381
3490,733.295768737793,4.584285856543135e-06,0.0017501667141914367,0.00019354596734046935,0.00038050524890422823
3500,734.884868144989,1.0461298003675012e-05,0.0017332226037979127,0.000199822336435318,0.0003802642226219177
3510,736.4495017528534,3.040939684822996e-06,0.0017752781510353088,0.00019984878599643707,0.0003764059394598007
3520,738.0690612792969,7.015846499733303e-06,0.001806364580988884,0.0001993853598833084,0.0003890514373779297
3530,740.6967294216156,4.874484075398367e-06,0.001815565675497055,0.00020046941936016082,0.0006345316767692565
3540,741.8703906536102,3.9824120302539566e-06,0.0017192870378494262,0.0001967698335647583,0.00030217282474040983
3550,743.216502904892,1.6290351080591738e-05,0.0017700474709272385,0.00019346438348293303,0.0003272764384746552
3560,744.4199085235596,7.376088770741362e-06,0.0017248552292585372,0.0001905679702758789,0.0003091864287853241
3570,745.5709593296051,5.090252493103464e-06,0.0018016625195741653,0.0001981377601623535,0.0002905871719121933
3580,746.6145684719086,5.507491283549918e-06,0.002101272096236547,0.00019775504867235822,0.0002754477163155873
3590,747.7491896152496,3.605242811396958e-06,0.001747569814324379,0.0001916930079460144,0.0002914704382419586
3600,748.8889362812042,3.042310256382019e-06,0.001797684282064438,0.00020042844116687774,0.0002933889627456665
3610,750.0727257728577,2.7246376386014235e-06,0.0017124798148870468,0.0001942794770002365,0.00029915496706962587
3620,751.1928067207336,1.087577922751215e-05,0.0018628336489200591,0.00020097941160202026,0.0002878159284591675
3630,752.3760449886322,1.2058970812170444e-05,0.0017047911882400514,0.00019824840128421784,0.00029657930135726927
3640,753.5286362171173,7.500054810694046e-06,0.0020854856818914415,0.0001953721046447754,0.000294402614235878
3650,754.6692626476288,6.210845083828853e-06,0.001831226423382759,0.0001997239887714386,0.0002952955663204193
3660,755.7857391834259,4.2093183950625555e-06,0.001692892611026764,0.00019059814512729646,0.00028522126376628876
3670,756.916686296463,2.763413491729816e-06,0.0017450008541345593,0.00019800675412019083,0.00029086992144584657
3680,758.0434722900391,3.462538129617165e-06,0.0017948929220438004,0.00019649118185043334,0.00028800815343856814
3690,759.1783647537231,2.8075234192709296e-06,0.0017791438847780227,0.00019342973828315735,0.0002879507839679718
3700,760.3515288829803,1.1300045652304359e-05,0.0017572864890098572,0.0001953430473804474,0.0002992279827594757
3710,761.4776892662048,3.393361185477506e-06,0.0017435189336538314,0.00019262582063674926,0.00028929561376571654
3720,762.6105172634125,6.403306596400315e-06,0.0017474323511123657,0.0001997675746679306,0.0002917136996984482
3730,763.7376606464386,3.0332078827188803e-06,0.0017931915819644928,0.00019876286387443542,0.00028993934392929077
3740,764.8815801143646,8.467840380635417e-06,0.002094222605228424,0.00020128153264522552,0.00029222555458545684
3750,766.0226185321808,4.167078603362073e-06,0.0017730668187141418,0.00020024962723255157,0.0002915993332862854
3760,767.1624858379364,5.230356397462055e-06,0.0017261933535337448,0.00019359365105628968,0.0002896171063184738
3770,768.2769002914429,4.5950056997090535e-06,0.001779837782184283,0.0001964119573434194,0.00029224840303262073
3780,769.4139339923859,3.256432918311014e-06,0.0017287056893110276,0.00019314847886562348,0.00029054880142211916
3790,770.5955793857574,3.820021016040509e-06,0.001779385283589363,0.00019678995013237,0.0002972301095724106
3800,772.2051069736481,7.552988618916845e-06,0.0017778493463993072,0.00019938871264457703,0.00038819871842861177
3810,773.6941070556641,3.004592524608052e-06,0.0017257776111364365,0.00019305832684040068,0.0003539174795150757
3820,775.2710916996002,2.824185295066672e-06,0.001754961907863617,0.0001999780535697937,0.0003780849277973175
3830,776.8656477928162,1.0367181196918595e-05,0.0018013130873441696,0.00019838102161884308,0.0003840561956167221
3840,778.6534059047699,3.334569423465994e-06,0.0016836650669574738,0.0001929454505443573,0.00041598640382289886
3850,779.9995806217194,4.495101602339235e-06,0.0021501999348402024,0.00019955970346927643,0.0003324899822473526
3860,781.0504903793335,2.81632043982738e-06,0.0017681974917650224,0.00019682087004184722,0.0002719623347123464
3870,782.1290431022644,4.089781398036729e-06,0.002081384137272835,0.00019665397703647614,0.00027456767857074736
3880,783.199022769928,3.0773315482346407e-06,0.0017573129385709762,0.00019524581730365754,0.00027103424072265624
3890,784.8397119045258,3.204374540752286e-06,0.0017127923667430878,0.00019831545650959015,0.00038598664104938507
3900,786.392397403717,5.500490969911898e-06,0.0017759978771209716,0.00019743852317333221,0.0003663208335638046
3910,787.9870281219482,2.426449146888943e-06,0.001799708604812622,0.0001978691667318344,0.000378035381436348
3920,789.6165971755981,3.86949791873481e-06,0.001811867579817772,0.00019982866942882537,0.00039201416075229645
3930,791.2298789024353,4.432288884054225e-06,0.0017647027969360351,0.00019324310123920442,0.0003860343247652054
3940,792.8256163597107,2.6340399414848116e-06,0.0017449341714382172,0.0001964569091796875,0.0003849934786558151
3950,794.3951449394226,8.181192734904586e-06,0.0017735524723927175,0.0002020814766486485,0.0003856552143891653
3960,797.482923746109,3.1011802068908746e-06,0.0018166765570640565,0.00019755996763706207,0.0007703658193349838
3970,800.8234443664551,2.697914985341776e-06,0.0017897419631481171,0.00019332654774188994,0.0008193999528884888
3980,804.0869553089142,2.465254402422845e-06,0.0017704270780086518,0.00019539035856723784,0.0007924262434244155
3990,807.4050798416138,2.431009922740368e-06,0.0017715085297822953,0.00019699372351169586,0.0008134827017784119
4000,810.762537240982,1.8975958562067464e-06,0.001759215071797371,0.00019879937171936036,0.0008246157318353653
4010,813.7001602649689,4.291212327794946e-06,0.002032889425754547,0.00019669309258461,0.0006938375532627106
4020,814.7716197967529,2.0765024456109727e-06,0.0017190366983413697,0.00019387081265449525,0.0002748873084783554
4030,815.8219223022461,2.0817189857663675e-06,0.0017655350267887116,0.00019567124545574188,0.00026786550879478457
4040,816.9492528438568,8.397005345797682e-06,0.0018011737614870072,0.00019907206296920776,0.00029054693877696993
4050,817.9944317340851,7.631009226033435e-06,0.0018228735774755479,0.00020259519418080644,0.00027524419128894807
4060,819.0855553150177,3.6108942856355465e-06,0.0017637241631746291,0.0001967672258615494,0.00028544813394546507
4070,820.1443243026733,3.48313309755377e-06,0.0018110673874616623,0.00019796974956989288,0.00027127638459205626
4080,821.1900701522827,3.33587956612702e-06,0.0017558936029672622,0.00019672922790050506,0.0002694509923458099
4090,822.2418403625488,6.428395577778856e-06,0.0017576057463884354,0.00019967444241046904,0.000269240140914917
4100,823.2996408939362,3.923304060085564e-06,0.001735851541161537,0.0001971665769815445,0.0002717498689889908
4110,824.356326341629,3.1814583472844495e-06,0.002080055698752403,0.00019291937351226807,0.0002707082778215408
4120,825.3976171016693,2.4595729873150286e-06,0.0017882689833641052,0.0001943375915288925,0.0002685297280550003
4130,826.4560127258301,2.4005169401569715e-06,0.001686244085431099,0.0001946423202753067,0.00027205385267734525
4140,827.515558719635,1.6658127218044383e-06,0.0017569051434596383,0.00019512611130873363,0.0002783803890148798
4150,828.597695350647,1.9571094661968713e-06,0.00203947015106678,0.00019426792860031128,0.00027730539441108706
4160,829.6509037017822,3.6392270765794876e-06,0.0018020793795585632,0.000201965868473053,0.0002693593502044678
4170,830.7020878791809,2.5198376671697885e-06,0.0017405007034540176,0.00019341260194778443,0.0002700392156839371
4180,831.7648086547852,2.3338561005392667e-06,0.0017465747892856597,0.0001960631459951401,0.00027106404304504393
4190,832.9058589935303,3.004264947570334e-06,0.0017623905092477798,0.00019581355154514314,0.0002882763743400574
4200,833.9801993370056,3.493645853050453e-06,0.0017859648913145065,0.00019913800060749053,0.00026476606726646426
4210,835.2211854457855,3.1216222209695665e-06,0.0017963688820600509,0.0001991439610719681,0.0003050301223993301
4220,836.8151128292084,6.293948942198702e-06,0.0017412904649972915,0.00019734390079975128,0.00038350000977516174
4230,838.0984425544739,1.7400148826868246e-06,0.0017727699130773544,0.0001943737268447876,0.0003095213323831558
4240,839.2879219055176,3.373005234869979e-06,0.0018026843667030335,0.0001965516557296117,0.0003050345927476883
4250,840.3533360958099,2.1326620218503623e-06,0.0017758656293153762,0.0001931939274072647,0.000273117795586586
4260,841.4192974567413,1.91770936817659e-06,0.0017426539212465285,0.00019653737545013427,0.00027259252965450287
4270,842.4764506816864,1.652182258288226e-06,0.0017234209924936294,0.00019243210554122924,0.00026964731514453886
4280,844.4823904037476,1.8563326757592424e-06,0.001792633906006813,0.00020055510103702545,0.00046230293810367584
4290,847.815039396286,1.8821746364056092e-06,0.00180351622402668,0.0001988384872674942,0.0008282206952571868
4300,851.1102149486542,5.136522753029782e-06,0.0020509812980890273,0.00019575096666812897,0.0008123856037855149
4310,854.4508819580078,1.5349279699705677e-06,0.0017567049711942674,0.00019975677132606507,0.0008286435157060623
4320,857.7840964794159,5.3347420371274715e-06,0.0017632927745580673,0.0001995377242565155,0.0008124832063913345
4330,861.0476922988892,3.028092455506504e-06,0.0018204867839813233,0.00019742225607236228,0.000814800833662351
4340,864.3803992271423,2.3935344241193812e-06,0.001759815588593483,0.00019462667405605315,0.0008165817707777023
4350,867.6756846904755,1.6713698659798215e-06,0.001769954338669777,0.00019436925649642944,0.0008071660995483398
4360,871.0300109386444,1.5149125913549444e-06,0.0016944687813520432,0.00019332431256771087,0.0008337855339050293
4370,874.3396000862122,1.4406771959907249e-06,0.0017572611570358277,0.00019785836338996886,0.0008221972733736038
4380,877.656328201294,1.2723982647011577e-06,0.0018257882446050643,0.0001989811658859253,0.0008157841861248016
4390,881.0145814418793,5.016460744622364e-06,0.0017865274101495742,0.00019741691648960112,0.0008277259767055511
4400,884.3890466690063,6.560650031245397e-06,0.0020358599722385406,0.0002004481852054596,0.0008252564817667008
4410,887.7695662975311,2.3431494057229994e-06,0.001745709776878357,0.00019628219306468963,0.0008229609578847885
4420,891.0542347431183,2.415822675214119e-06,0.0017905928194522857,0.00019547032813231144,0.0008213703831036884
4430,894.3968048095703,2.703791965497082e-06,0.0017700318247079849,0.00019725710153579713,0.0008235570043325424
4440,897.7908797264099,1.501776956303047e-06,0.0017680857330560685,0.00019242502748966216,0.000829097256064415
4450,901.1470227241516,3.0514420363308982e-06,0.0017737843096256255,0.00020016469061374665,0.00083269402384758
4460,904.4829306602478,1.4007211633637606e-06,0.0018115874379873275,0.00019639357924461365,0.0008302215486764908
4470,907.8708453178406,1.8693763603055968e-06,0.001720762252807617,0.00019383244216442108,0.0008265618234872818
4480,911.1766138076782,2.372564698030488e-06,0.0018020376563072204,0.0001995377242565155,0.0008148137480020523
4490,914.4746675491333,1.4246551668650742e-06,0.002020583674311638,0.0001964133232831955,0.0008105803281068802
4500,917.8154826164246,5.067503358141545e-06,0.0017762593924999237,0.00019910112023353578,0.0008262302726507187
4510,921.1885464191437,1.7147694727603913e-06,0.0017622284591197967,0.00019467398524284363,0.0008236043155193329
4520,924.4204654693604,1.6064858763218763e-06,0.0017852675169706344,0.00019969095786412554,0.0008168615400791168
4530,927.7521119117737,1.5144387912974234e-06,0.001776684820652008,0.00019993856549263,0.0008124645799398422
4540,931.1439588069916,3.634569573712776e-06,0.0017709527164697647,0.00019444078207015992,0.0008370853960514068
4550,934.4587187767029,1.4977652395553598e-06,0.0017529714852571488,0.00019652619957923889,0.0008167658001184463
4560,937.75940990448,2.5884214461202593e-06,0.0016948841512203217,0.0001920189708471298,0.0008077852427959443
4570,941.1595244407654,1.2694954052039353e-06,0.0020213380455970766,0.00019522979855537414,0.0008274894207715988
4580,944.4880833625793,1.339532481170469e-06,0.0017888735979795455,0.00019834451377391814,0.0008180379867553711
4590,947.8371081352234,4.083951068359348e-06,0.0017954103648662567,0.00019712485373020173,0.0008218780159950257
4600,951.1910130977631,2.3064996185706566e-06,0.001785695180296898,0.00019510239362716675,0.0008214879781007767
4610,954.4694402217865,1.2514316569289807e-06,0.0017924054215351746,0.0002026837319135665,0.0008323840796947479
4620,957.8309445381165,2.697587192435069e-06,0.0018177945166826248,0.00019745901226997375,0.0008280918002128602
4630,959.947981595993,1.3163419440215262e-06,0.0018130391836166382,0.000199725478887558,0.0005171746015548706
4640,963.2393329143524,1.1907983613668182e-06,0.0017677493393421172,0.00019707046449184417,0.0008036509156227112
4650,966.5518436431885,1.1678869162784488e-06,0.0017873413860797882,0.00019572116434574127,0.0008111409842967987
4660,969.8574907779694,2.3017190469404312e-06,0.00172649547457695,0.00019230432808399202,0.0008216526359319687
4670,973.2263927459717,9.309554809017184e-07,0.0017649199813604354,0.00019659213721752168,0.0008340619504451751
4680,976.5821504592896,2.366936635028738e-06,0.0017552889883518219,0.00019442811608314515,0.0008381377905607223
4690,979.9403874874115,1.8211200016576834e-06,0.001989389955997467,0.00019347108900547028,0.0008385371416807175
4700,983.2571089267731,3.8092470877604256e-06,0.0017893053591251373,0.0002025000751018524,0.0008132312446832657