#=== darpa_temp_context_endtoend_base_w10_5b5a_0.001lr ===
#
#Metrics:
#  Accuracy: 0.9625 | Micro F1: 0.9625 | Macro F1: 0.9463 | 
#  False Alarms: 1414 | False Alarm Rate: 0.0902
#  Missed Attacks: 2 | Detection Rate: 0.9999
#
#Per-Class Metrics:
#  [phase1] P=0.8333 | R=0.8333 | F1=0.8333 | 
#  [phase2] P=0.8571 | R=1.0000 | F1=0.9231 | 
#  [phase3] P=1.0000 | R=1.0000 | F1=1.0000 | 
#  [phase4] P=1.0000 | R=1.0000 | F1=1.0000 | 
#  [phase5] P=0.9398 | R=1.0000 | F1=0.9689 | 
#
#Inference time:
#  Average: 0.0050 | Total: 188.2133
#
#Confusion Matrix:
#         	      	      	      	Actual	      	      	      
#         	      	benign	phase1	phase2	phase3	phase4	phase5
#         	benign	 14261	     1	     0	     0	     0	     1
#         	phase1	     1	     5	     0	     0	     0	     0
#Predicted	phase2	     1	     0	     6	     0	     0	     0
#         	phase3	     0	     0	     0	    10	     0	     0
#         	phase4	     0	     0	     0	     0	     6	     0
#         	phase5	  1412	     0	     0	     0	     0	 22041
i,time,loss,ground_time,compile_time,eval_time
10,0.4481313228607178,0.5245785627512622,0.0022609734535217274,0.00021085023880004864,0.00030597527821858716
20,0.917940616607666,0.491578875295651,0.002512192726135252,0.00023427804311116528,0.00037199338277181006
30,1.3615214824676514,0.296965094096792,0.002512192726135252,0.0002342780431111652,0.0003463880221048992
40,2.0766489505767822,0.0816053479791815,0.002512192726135252,0.00023427804311116525,0.0005838346481323237
50,2.5915400981903076,0.014602062490136385,0.002512192726135252,0.00023427804311116525,0.00040359894434611023