#=== darpa_temp_endtoend_base_w10_5b5a_0.001lr ===
#
#Metrics:
#  Accuracy: 0.8286 | Micro F1: 0.8286 | Macro F1: 0.6883 | 
#  False Alarms: 6470 | False Alarm Rate: 0.4128
#  Missed Attacks: 0 | Detection Rate: 1.0000
#
#Per-Class Metrics:
#  [phase1] P=0.0021 | R=1.0000 | F1=0.0042 | 
#  [phase2] P=0.3000 | R=1.0000 | F1=0.4615 | 
#  [phase3] P=1.0000 | R=1.0000 | F1=1.0000 | 
#  [phase4] P=1.0000 | R=1.0000 | F1=1.0000 | 
#  [phase5] P=0.8587 | R=1.0000 | F1=0.9240 | 
#
#Inference time:
#  Average: 0.0040 | Total: 151.8393
#
#Confusion Matrix:
#         	      	      	      	Actual	      	      	      
#         	      	benign	phase1	phase2	phase3	phase4	phase5
#         	benign	  9205	     0	     0	     0	     0	     0
#         	phase1	  2829	     6	     0	     0	     0	     0
#Predicted	phase2	    14	     0	     6	     0	     0	     0
#         	phase3	     0	     0	     0	    10	     0	     0
#         	phase4	     0	     0	     0	     0	     6	     0
#         	phase5	  3627	     0	     0	     0	     0	 22042
i,time,loss,ground_time,compile_time,eval_time
10,1.4695017337799072,0.6379620535299182,0.001365509033203125,0.00016023159027099595,0.0007771102587381997
20,2.999614715576172,0.6063182315789163,0.001517232259114583,0.0001780351003011066,0.0008347233136494957
30,4.547748565673828,0.4375032718991861,0.001517232259114583,0.00017803510030110658,0.0008563574155171716
40,6.056777238845825,0.33859185515902934,0.001517232259114583,0.00017803510030110658,0.0008295234044392903
50,7.61699366569519,0.23544376325735356,0.0015172322591145832,0.00017803510030110658,0.0008609143892923989