#=== darpa_temp_endtoend_base_w10_1000b1000a_0.001lr ===
#
#Metrics:
#  Accuracy: 0.9980 | Micro F1: 0.9980 | Macro F1: 0.8235 | 
#  False Alarms: 64 | False Alarm Rate: 0.0041
#  Missed Attacks: 13 | Detection Rate: 0.9994
#
#Per-Class Metrics:
#  [phase1] P=0.1333 | R=1.0000 | F1=0.2353 | 
#  [phase2] P=0.6667 | R=1.0000 | F1=0.8000 | 
#  [phase3] P=1.0000 | R=1.0000 | F1=1.0000 | 
#  [phase4] P=1.0000 | R=0.8333 | F1=0.9091 | 
#  [phase5] P=0.9990 | R=0.9995 | F1=0.9992 | 
#
#Inference time:
#  Average: 0.0049 | Total: 184.4756
#
#Confusion Matrix:
#         	      	      	      	Actual	      	      	      
#         	      	benign	phase1	phase2	phase3	phase4	phase5
#         	benign	 15611	     0	     0	     0	     1	    12
#         	phase1	    39	     6	     0	     0	     0	     0
#Predicted	phase2	     3	     0	     6	     0	     0	     0
#         	phase3	     0	     0	     0	    10	     0	     0
#         	phase4	     0	     0	     0	     0	     5	     0
#         	phase5	    22	     0	     0	     0	     0	 22030
i,time,loss,ground_time,compile_time,eval_time
10,2.283647060394287,0.6591756369918569,0.00176197849214077,0.0002167385071516037,0.00038780570030212403
20,4.102555751800537,0.5870346046052873,0.001848999410867691,0.00022775083780288697,0.0003455333411693573
30,6.349231958389282,0.41628724024048536,0.00199819914996624,0.00024128258228302003,0.0003434117883443832
40,7.873626470565796,0.30224177114432055,0.001848558709025383,0.00022082626819610595,0.0002909369766712189
50,10.419150114059448,0.22404541873438263,0.001910359412431717,0.00024009644985198975,0.0004411917179822922
60,12.754280805587769,0.19063275242087127,0.002161817252635956,0.0002320561558008194,0.00039392076432704927
70,14.736122131347656,0.18901680094713655,0.0019185591489076614,0.00022948458790779115,0.00032169558107852936
80,16.091097831726074,0.14550998769673243,0.001754451170563698,0.00021855980157852172,0.00027320869266986845
90,17.443868398666382,0.12711920617696607,0.0018346793949604034,0.000219108909368515,0.00026796087622642516
100,18.943580627441406,0.10139148413408194,0.00183890089392662,0.00022851377725601184,0.0003222865362962086
110,19.912108182907104,0.10246716024791695,0.001884259283542633,0.00022541731595993042,0.0002489160746335983
120,20.879005193710327,0.06915553674994654,0.0018777087330818175,0.0002269163727760315,0.0002502240240573883
130,21.820817708969116,0.05585649062238438,0.0019205030053853988,0.00023200511932373047,0.00023890212178230287
140,22.75902485847473,0.02743455783673248,0.0018495108932256698,0.00023055225610733033,0.0002383258193731308
150,23.70129370689392,0.04097283413131667,0.0018105890601873397,0.00023012161254882814,0.00024054944515228271
160,24.655918836593628,0.022348031593212348,0.002129266783595085,0.00022818110883235932,0.00024549365043640136
170,25.596290111541748,0.016713810898222124,0.0018582899123430253,0.00023053884506225587,0.00024206787347793579
180,26.493460416793823,0.014251679807172018,0.0019163161516189576,0.0002340417355298996,0.0002262517809867859
190,27.40537667274475,0.023049140024323764,0.0019425729910532642,0.00023286119103431733,0.00023912725349267317
200,28.33423113822937,0.020792000381826697,0.001873401552438736,0.00022904016077518463,0.00023470669984817504
210,29.243743896484375,0.010188116194622482,0.0021523121744394303,0.00023215562105178834,0.0002295777201652527
220,30.148208379745483,0.007011068276092269,0.0019259128719568252,0.00023524798452854157,0.0002300899475812912
230,31.0583336353302,0.004477688106628045,0.0018618445843458175,0.000225004181265831,0.00023092217743396758
240,31.96434235572815,0.023948915063846856,0.0018787644803524017,0.00023253411054611207,0.00023109279572963715
250,32.87251543998718,0.01856392407701221,0.001974419131875038,0.0002328556030988693,0.0002328556030988693
260,33.773157835006714,0.006632145204883538,0.001801237091422081,0.0002228308469057083,0.00022867806255817414
270,34.683959007263184,0.003575002700971064,0.0018798336386680603,0.00023090988397598267,0.00023173540830612183
280,35.60828876495361,0.013792054818947259,0.0018870562314987182,0.00022757798433303833,0.00023773200809955596
290,36.48696994781494,0.00199887094167377,0.0018067875256141028,0.0002307717998822531,0.00022890766461690273
300,37.39052486419678,0.009453127287311586,0.0018577203154563904,0.0002263084053993225,0.00022967047989368438
310,38.30211925506592,0.005858210159442293,0.001860429346561432,0.00023317337036132812,0.00023106597363948823
320,39.204760789871216,0.0107058683270507,0.0018692325800657272,0.00023035295307636262,0.0002275276929140091
330,40.090872287750244,0.0012734690156462197,0.0018791072070598602,0.00022839754819869995,0.0002238623797893524
340,40.99857473373413,0.013793704896748669,0.0018834691494703294,0.00022647790610790252,0.00022879727184772493
350,41.885239124298096,0.012153934702856698,0.001924658566713333,0.0002345811575651169,0.0002234630286693573
360,42.785906076431274,0.008762749111248797,0.0021376442164182663,0.00022824294865131378,0.00022712983191013335
370,43.71366834640503,0.010509306062670759,0.001903858408331871,0.00022973455488681794,0.000234806165099144
380,44.73382091522217,0.006234415229068252,0.001966015870372454,0.00023426376283168767,0.0002632658928632736
390,45.660640716552734,0.005701555053540202,0.0018540125340223313,0.00022926628589630126,0.0002359256148338318
400,46.56487488746643,0.003575292375041783,0.0018345266580581665,0.0002335868775844574,0.00022967159748077393
410,47.82087159156799,0.010042484195822366,0.001817038282752037,0.00023122169077396392,0.0003110937774181366
420,49.44035029411316,0.004851005177627507,0.0018556572496891022,0.0002311181277036667,0.0003956817090511322
430,51.0474534034729,0.004008145575336677,0.0019074093550443649,0.00022742971777915954,0.0003952693194150925
440,52.65514922142029,0.00352026259827031,0.0018560443073511123,0.00022532008588314057,0.0003900565207004547
450,54.24646210670471,0.009193274220151787,0.0020365092903375627,0.00023473352193832399,0.000386970117688179
460,55.70777487754822,0.00765488444497302,0.001867322251200676,0.00022753216326236724,0.0003521475940942764
470,58.51790452003479,0.004877954350623967,0.0018637102097272874,0.00022829733788967132,0.0007085051387548446
480,61.79527163505554,0.0029037382604322906,0.002258580674727758,0.00023533279697100323,0.0008494337399800617
490,65.09194040298462,0.0040340445606500824,0.0018245179206132888,0.00022828206419944763,0.0008351199328899383
500,68.44135427474976,0.0019843151917408597,0.001828552410006523,0.0002292141318321228,0.000842946395277977
510,71.78397750854492,0.010039559263947926,0.002110186591744423,0.00022951997816562654,0.0008395709097385407
520,75.08842182159424,0.0016118083049992903,0.0018607079982757568,0.00023484937846660615,0.0008338328450918197
530,78.4215190410614,0.007517649547472907,0.0019485879689455031,0.00023293457925319672,0.0008408896625041962
540,81.79102730751038,0.003787278240811212,0.0018870759755373,0.00022691711783409118,0.0008541140705347061
550,85.11428213119507,0.0012693588662591015,0.0018880881369113922,0.0002255365252494812,0.0008291561156511307
560,88.41909503936768,0.0016104108971020021,0.0019381575286388398,0.00023176372051239013,0.000835900753736496
570,91.64032983779907,0.005022187013118612,0.0018716726452112195,0.00022263949116071053,0.0008350905030965805
580,94.93534922599792,0.002601640857549212,0.001862698793411255,0.00022142529487609864,0.0008371911942958831
590,98.23504328727722,0.008707992542393798,0.0018350142985582353,0.00023156553506851197,0.0008416462689638138
600,101.5875301361084,0.006256510522742001,0.001870064064860344,0.00023670494556427002,0.000835641473531723
610,104.87493824958801,0.0021770517235290194,0.0018830724060535432,0.00022869594395160675,0.0008341971784830094
620,108.14287734031677,0.0021526310657900586,0.0018365349620580672,0.00023411214351654053,0.0008183408528566361
630,111.51555061340332,0.0005483445353203608,0.0019101016223430634,0.00022318214178085327,0.0008400194346904755
640,114.82114768028259,0.0004222702460154909,0.002241424098610878,0.0002376742660999298,0.0008409645408391953
650,118.1480565071106,0.0004251533123965201,0.001876261830329895,0.00022823959589004516,0.0008401881903409957
660,121.39689064025879,0.0046464952434462446,0.0019170212248961135,0.0002323888242244722,0.0008312945564587909
670,124.80502462387085,0.0015638044560498943,0.0018641125410795213,0.00022928193211555481,0.0008595433086156845
680,128.1995987892151,0.006196208975193388,0.001923784613609314,0.00022776611149311066,0.0008518833667039872
690,131.54627513885498,0.0012276160048105805,0.001831381767988205,0.0002295359969139099,0.0008510418236255645
700,134.8500554561615,0.00655279036984473,0.0019315890967845917,0.00023023858666419982,0.0008445218205451966
710,138.23235940933228,0.0011533543946244062,0.0018404483795166015,0.00023055896162986754,0.0008482426404953003
720,141.59917831420898,0.0005119070023033468,0.0018082380294799805,0.0002241428941488266,0.0008449979126453399
730,144.9282877445221,0.005407706153750982,0.0019814811646938326,0.00023304671049118042,0.0008403502404689788
740,148.28134536743164,0.0018048611001912518,0.00186125747859478,0.0002379845827817917,0.0008493352681398392
750,151.66111946105957,0.0013065935842188404,0.0021635647863149643,0.00022765807807445526,0.0008542396128177643
760,154.9246928691864,0.00033471663578723556,0.0021317608654499052,0.00022946608563264217,0.0008355416357517242
770,158.26486778259277,0.0002933161251373273,0.0019123386591672897,0.0002261325716972351,0.0008312568068504333
780,161.66164231300354,0.008177182471414617,0.0018790934234857559,0.00022970885038375854,0.0008542362600564956
790,164.95748257637024,0.0016021282194584486,0.001860152930021286,0.00023724809288978578,0.0008239991962909699
800,168.30241537094116,0.0034370703721864847,0.00179305300116539,0.00022375136613845826,0.000847279280424118
810,171.66798186302185,0.000659036956915851,0.0019511297345161439,0.0002326156944036484,0.0008570000529289246
820,175.04229044914246,0.000988668541526777,0.0019217882305383681,0.00023076236248016359,0.0008454851806163788
830,178.4114589691162,0.0005301350402427574,0.0018532194197177887,0.0002299811691045761,0.0008513379842042923
840,181.80947756767273,0.007530882260481847,0.0018807049840688706,0.0002268761396408081,0.0008490774780511856
850,185.06530952453613,0.000664439353643706,0.0019168663769960396,0.00023067332804203007,0.0008408337831497194
860,188.42391777038574,0.00088721720217603,0.001947767660021782,0.00023485943675041198,0.0008359152823686599
870,191.55258464813232,0.0007914975580125521,0.0017967402935028076,0.0002272065728902817,0.000794464722275734
880,192.43673992156982,0.001969872642174436,0.0019425477832555771,0.00023124627768993377,0.00022297464311122895
890,193.34930968284607,0.00032296878493493777,0.002105250209569931,0.00022478587925434113,0.00023127123713493348
900,194.4319953918457,0.0008687772128816551,0.0018928248435258865,0.00023176781833171843,0.00027005411684513094
910,195.32206749916077,0.00492161600821577,0.0018915623426437379,0.00023356936872005464,0.00022340230643749237
920,196.2271213531494,0.0008317664279436671,0.0018328811973333358,0.0002268679440021515,0.0002289842814207077
930,197.13137435913086,0.0001288384684546673,0.001907440647482872,0.00022725015878677368,0.00022556185722351075
940,198.0629279613495,0.007460373914148546,0.001861824467778206,0.00023403838276863097,0.00023728050291538239
950,199.0130259990692,0.0013762891362339657,0.001875242218375206,0.00022965806225935622,0.0002530764788389206
960,200.29036402702332,0.0007613195998854821,0.0019140593707561494,0.00022821277379989625,0.00031450018286705017
970,201.78179454803467,0.0019599856111049948,0.0018067646771669388,0.0002264969050884247,0.00035831853747367857
980,203.36547255516052,0.00032100948775301287,0.0018684614449739456,0.00023249760270118713,0.0003840833902359009
990,206.53880047798157,0.000733692496529878,0.001919916644692421,0.00023430213332176208,0.0008045163005590439
1000,209.85586261749268,0.0004090552644233775,0.0019045986235141754,0.00022693276405334474,0.0008408352732658386
1010,213.20287442207336,0.0024903613458197916,0.0021722402423620226,0.0002301309257745743,0.0008434426039457321
1020,216.57304620742798,0.0007257964019442481,0.0018530849367380143,0.00023219920694828033,0.0008391432464122772
1030,219.91709208488464,0.0036932190751236297,0.0019291717559099197,0.00023369155824184417,0.0008370667695999145
1040,223.192964553833,0.0011859261628958922,0.0018139864007631935,0.00022407807409763328,0.0008398643384377161
1050,226.5264184474945,0.00017621211358265776,0.0019356854259967803,0.00022834762930870056,0.000827644020318985
1060,229.79924941062927,7.833648377168211e-05,0.0017975091934204102,0.0002255648374557495,0.0008214589208364487
1070,233.08111310005188,0.0006280147073086772,0.0018009357154369354,0.00022592544555664063,0.000823284313082695
1080,236.41523146629333,0.0017580251008918885,0.0018574677407741547,0.0002319399267435074,0.0008330777287483216
1090,239.7870647907257,0.0010198777290958694,0.0019832730293273928,0.00023297369480133057,0.000845428928732872
1100,243.1544795036316,0.0003338313004651039,0.0019073359668254851,0.00023410357534885405,0.0008513152599334717
1110,246.50504112243652,9.578519250796059e-05,0.0018086403608322144,0.0002278704196214676,0.0008320722728967667
1120,249.86193466186523,0.004361104640567751,0.0018471244722604752,0.00022872611880302428,0.0008383642882108689
1130,253.10852813720703,0.0026532028279465714,0.0023659117519855516,0.00023545275131861397,0.0008280484626690548
1140,256.4533894062042,0.000949019345102578,0.0018414676189422608,0.00023098215460777284,0.0008322898298501969
1150,259.7116153240204,0.002295762123319586,0.001897536963224411,0.0002370741218328476,0.0008056722581386566
1160,262.9925866127014,0.0006452188584010893,0.0019335411489009857,0.00023684911429882048,0.0008141625672578812
1170,266.35017347335815,0.000513142766697075,0.0018608562648296356,0.00022563189268112182,0.0008369069546461105
1180,269.73462080955505,0.00022471191553564973,0.0018092993646860122,0.00022526532411575316,0.000844544917345047
1190,273.0168282985687,0.00010450752321270463,0.002147115021944046,0.00022692270576953887,0.0008153188973665237
1200,276.33330059051514,0.0006182425369850253,0.0019267082214355468,0.00023177973926067353,0.0008280344307422638
1210,279.7314667701721,0.00011145833249879278,0.0017758760601282119,0.0002252291887998581,0.0008452355861663819
1220,283.0447244644165,0.00018634949830455272,0.00198950432240963,0.00022859573364257811,0.0008240550756454468
1230,286.299054145813,0.00015465099706487017,0.0018681918581326805,0.00023087163766225184,0.0008240460107723872
1240,289.62523341178894,0.00029084390421113825,0.0018450513482093811,0.0002293229103088379,0.0008272286504507065
1250,293.02489471435547,0.0013252693540336952,0.0018755938857793809,0.00022329278290271758,0.0008483119308948517
1260,296.39489793777466,0.000527000107624917,0.001936783641576767,0.00023657865822315216,0.0008346647024154663
1270,299.7934470176697,0.0003475547663278317,0.0018497910350561142,0.00022838637232780457,0.0008493080735206604
1280,303.1425859928131,0.00011409582157607124,0.0019059360027313232,0.00023147016763687135,0.0008311901241540909
1290,306.48719811439514,7.297726427147322e-05,0.002167772874236107,0.00022834353148937225,0.0008328802883625031
1300,309.77352595329285,4.7844388331458323e-05,0.0018555711954832076,0.00022952072322368622,0.000818345695734024
1310,313.0796992778778,0.0004054864018917581,0.0019102416932582854,0.00023431070148944856,0.0008220922201871872
1320,316.3060636520386,6.69106940686041e-05,0.0018979051460822419,0.00022364084919293702,0.0008279884854952496
1330,319.59665513038635,0.0005486628374020086,0.0018525376915931701,0.0002295590937137604,0.0008179299533367157
1340,322.838579416275,0.00023889165831370018,0.001800169050693512,0.0002265132963657379,0.0008298251777887344
1350,326.20885467529297,0.0001890460297762575,0.0018519461154937744,0.00022843480110168457,0.0008502993732690811
1360,329.5357689857483,7.866979136349762e-05,0.0021790307015180587,0.00023048892617225648,0.0008304223418235778
1370,332.8459644317627,0.0013589882552354799,0.0019220802932977676,0.00023341737687587738,0.0008184336125850678
1380,336.2020163536072,0.0007203772977196765,0.0018869493156671523,0.00022450387477874757,0.0008432969450950622
1390,339.51760268211365,0.00020055681470019794,0.001901840791106224,0.0002355210483074188,0.0008340608328580856
1400,342.8232464790344,0.00013000375567459588,0.0019139416515827179,0.00023515336215496063,0.0008313179016113282
1410,346.17620849609375,5.308175596107079e-05,0.001882215216755867,0.0002301715314388275,0.0008326433598995209
1420,349.382666349411,6.157253071665813e-05,0.0018024730185667674,0.0002239394932985306,0.0008118362476428351
1430,352.7319760322571,5.143094661603509e-05,0.0019035842269659042,0.00023225434124469758,0.0008390609174966813
1440,356.1003189086914,4.1758635835187353e-05,0.0017842147499322891,0.00022838227450847626,0.00083620585501194
1450,359.4413585662842,3.510454296167809e-05,0.0018996559083461761,0.00022703297436237334,0.0008231580257415771
1460,362.73729038238525,0.0008482914264923036,0.0018827728927135468,0.00022984035313129426,0.0008186966180801392
1470,366.0804958343506,0.0003102425631843375,0.0018145088106393814,0.00023516379296779634,0.000835397094488144
1480,369.37816405296326,0.00019891556942732425,0.0019963059574365618,0.00023725144565105437,0.0008251924067735672
1490,372.70805406570435,0.00015391278943427676,0.002192278951406479,0.00022584833204746245,0.0008332882076501847
1500,375.9994146823883,9.995773146558307e-05,0.001905408129096031,0.00023186542093753815,0.0008207287639379502
1510,379.19341111183167,4.8722355460811825e-05,0.001883931954701741,0.00022620397309462215,0.0008242127796014148
1520,382.5646378993988,0.00012880110178362935,0.001739894226193428,0.0002286996692419052,0.0008414451032876969
1530,385.8695321083069,5.1914413101977754e-05,0.0019843000918626785,0.00023346729576587678,0.0008211079984903336
1540,387.41634726524353,4.562809532683565e-05,0.002121679112315178,0.00022627785801887512,0.0003729443997144699
1550,389.0267062187195,0.00010294565231651343,0.0019463248550891875,0.0002332005649805069,0.0003883015364408493
1560,390.63999247550964,0.0003472301512302961,0.0019091393798589707,0.00023664459586143495,0.00038758181035518645
1570,392.2160098552704,0.0001229213586049993,0.001888568326830864,0.00023209862411022186,0.000380668044090271
1580,393.7874207496643,8.545487491032622e-05,0.0018888302147388458,0.00022790879011154176,0.0003807421773672104
1590,395.3123850822449,7.219984607116925e-05,0.0018524006009101868,0.00022629573941230775,0.0003673084080219269
1600,396.91241216659546,4.5757283362008834e-05,0.0018898025155067444,0.00022795138259728756,0.000388136754433314
1610,398.65741062164307,3.902661567908583e-05,0.0018553372472524643,0.00022469237446784974,0.00037431903183460236
1620,400.2756974697113,3.317951497262828e-05,0.0018183931708335877,0.00023029446601867675,0.00039161965250968935
1630,401.8694267272949,3.332246478638945e-05,0.001856556162238121,0.00023038163781166076,0.0003896370530128479
1640,403.4670021533966,5.543702096287295e-05,0.0019364044070243835,0.00023179836571216584,0.00038447938859462736
1650,405.00604486465454,0.00010248912864978255,0.0019811078906059264,0.00022992156445980071,0.00037632472813129423
1660,406.57119131088257,9.528230299543639e-05,0.0021112315356731416,0.0002315279096364975,0.0003791961818933487
1670,408.28460669517517,0.00018980296521353967,0.0018619511276483536,0.0002287495881319046,0.00042475424706935885
1680,409.9335825443268,4.987448840899911e-05,0.001909802109003067,0.0002304576337337494,0.00039954669773578644
1690,411.6106467247009,9.288938683220671e-05,0.0018654979765415191,0.00023060478270053864,0.00040820874273777007
1700,413.17106556892395,0.0001785386097162528,0.0018753974388043086,0.0002269938588142396,0.0003846107671658198
1710,414.8081159591675,6.490014301630543e-05,0.0019010908901691437,0.00022984407842159272,0.00039970017969608306
1720,416.4048316478729,4.444075564894456e-05,0.0019048675894737244,0.00023089945316314697,0.0003881115466356277
1730,418.0017604827881,4.769708542782802e-05,0.0018668919801712036,0.00023189671337604524,0.0003838188946247101
1740,419.59558844566345,8.931372723116892e-05,0.0019173089414834977,0.00022956281900405885,0.0003858085721731186
1750,421.1682035923004,0.0002085559425983624,0.0019142072647809981,0.00023266784846782685,0.00038184337317943574
1760,422.7548637390137,0.00010006407911172243,0.0017788436263799668,0.00022697746753692628,0.00038413070142269136
1770,424.37656903266907,7.771000491491875e-05,0.0019157882779836655,0.0002335716038942337,0.0003979478031396866
1780,425.8596365451813,4.54410351600043e-05,0.0018845770508050918,0.00022963918745517732,0.00036173425614833833
1790,427.4527254104614,4.0335994297061026e-05,0.0021446395665407183,0.00023008175194263441,0.00039322525262832644
1800,429.07131695747375,0.0001638205939780729,0.0019653644412755966,0.00023308694362640382,0.00039347894489765166
1810,430.67512583732605,0.00010913447207826777,0.0019425004720687866,0.00023083724081516266,0.00038791894912719725
1820,432.24752950668335,6.0196200962192584e-05,0.0018575251102447509,0.0002343982458114624,0.00038140937685966493
1830,434.04978609085083,4.4663313600065704e-05,0.001966477185487747,0.00023338720202445984,0.00042858757078647616
1840,435.646035194397,4.958745116822871e-05,0.0021216943860054016,0.0002303600311279297,0.00038678906857967375
1850,437.15895104408264,4.706729781611963e-05,0.0018387991935014726,0.0002237752079963684,0.00036477483808994293
1860,438.74845933914185,2.6765611429468984e-05,0.001841992512345314,0.0002279520034790039,0.00038096867501735687
1870,440.312313079834,2.6747580607164313e-05,0.001799219846725464,0.0002274010330438614,0.0003810133785009384
1880,441.89413475990295,3.147956907908755e-05,0.001871332898736,0.00022725649178028106,0.0003833934664726257
1890,443.47043538093567,1.8989697245686e-05,0.0018269814550876617,0.0002275712788105011,0.00038690778116385146
1900,445.0685064792633,5.3666879132527326e-05,0.002205965667963028,0.00023262053728103637,0.0003871489316225052
1910,446.5613782405853,6.927002552890028e-05,0.0019044633954763412,0.00023664385080337524,0.0003605179488658905
1920,448.1619141101837,2.9887635816874814e-05,0.0018489237874746323,0.00022644512355327607,0.00038182996213436126
1930,449.7527527809143,2.22247239573925e-05,0.0018454208970069886,0.00022420473396778107,0.0003872022032737732
1940,451.3369221687317,1.9651788791349988e-05,0.0018576029688119888,0.00022588558495044707,0.0003816470503807068
1950,452.9344153404236,1.864645306880741e-05,0.0018921032547950744,0.00023009032011032105,0.00038180500268936157
1960,454.5219986438751,7.390772851561533e-05,0.0018835395574569702,0.00022871755063533784,0.00038364119827747343
1970,456.1097037792206,1.9338874236807245e-05,0.0018909908831119537,0.00023557990789413452,0.0003840908408164978
1980,457.68745470046997,0.0002659875757101952,0.0018968336284160615,0.00023574667672316218,0.0003873075048128763
1990,459.32524943351746,7.000030927638012e-05,0.0019022878259420395,0.0002273518592119217,0.00039722323417663575
2000,460.963134765625,6.439026416163451e-05,0.0018931020051240921,0.0002305343747138977,0.0003953013569116592
2010,462.5582139492035,7.23403333543371e-05,0.001825527474284172,0.0002246815711259842,0.0003803718835115433
2020,464.3382496833801,3.200535426405582e-05,0.0018544994294643403,0.0002296745777130127,0.00043297223746776583
2030,466.5460090637207,2.6144516912546267e-05,0.001836719736456871,0.0002293296158313751,0.0005599465221166611
2040,467.6737859249115,6.492032047576423e-05,0.0021764010190963743,0.0002314746379852295,0.00028945356607437136
2050,468.75297832489014,3.610560313480338e-05,0.001915314793586731,0.00022960938513278962,0.00027778297662734986
2060,469.8264744281769,2.891271568839504e-05,0.0018361177295446395,0.00022760555148124695,0.00027759745717048645
2070,470.81534004211426,2.978603912490163e-05,0.0019749024262030925,0.0002353741476933163,0.00026263346274693806
2080,471.8911979198456,3.842725366919597e-05,0.0018634837120771407,0.0002305585891008377,0.0002764366567134857
2090,473.03309750556946,3.630443147713547e-05,0.0019061669707298278,0.00022759921848773955,0.00029853209853172304
2100,474.1423888206482,0.00012845286910307397,0.001893819123506546,0.00023228079080581666,0.0002880960702896118
2110,475.21984219551086,2.6753035399021408e-05,0.0018922127783298492,0.00023095458745956421,0.0002772565931081772
2120,476.27557015419006,4.2023620572911866e-05,0.001910923793911934,0.00023429319262504577,0.00027452744543552397
2130,477.3370084762573,2.2563367022301884e-05,0.0018210429698228836,0.00022771507501602174,0.00027232840657234194
2140,478.42082619667053,2.150367650107232e-05,0.0018653012812137604,0.00022913552820682525,0.0002782005816698074
2150,479.53575921058655,2.5161147007657368e-05,0.0021953541785478593,0.00022509396076202391,0.00028790310025215147
2160,480.5956404209137,1.468195409747297e-05,0.001824178174138069,0.00022831596434116363,0.00027286596596240995
2170,481.64605736732483,1.0273533587112915e-05,0.0018852887054284415,0.00023080234726270045,0.0002777580171823502
2180,482.7180161476135,1.249817408898457e-05,0.001842743158340454,0.00022880434989929198,0.000279776006937027
2190,483.8022549152374,1.549341168826379e-05,0.0018543664366006852,0.00022711269557476043,0.00028496235609054565
2200,484.8720419406891,9.05313968277005e-05,0.0019027814269065857,0.00023068077862262726,0.0002778656780719757
2210,485.9185562133789,4.110550154127479e-05,0.0019009135663509368,0.00023285970091819764,0.0002706903964281082
2220,486.974978685379,2.15881533021961e-05,0.001929723471403122,0.00023288875818252563,0.00027218498289585116
2230,488.03954696655273,2.0416476575599306e-05,0.0019160415977239609,0.00022956691682338715,0.00027471110224723815
2240,489.1008312702179,1.718678339990842e-05,0.001836063340306282,0.00022871233522891998,0.0002762194722890854
2250,490.17218351364136,0.00010595135921093457,0.0018208373337984085,0.00022737495601177216,0.000277579203248024
2260,491.2049198150635,2.5262808608531027e-05,0.002164576450983683,0.00023116531471411363,0.00027267535527547197
2270,492.2764542102814,2.1626719295034236e-05,0.0019087076187133789,0.00023430287837982177,0.00027782246470451353
2280,493.357768535614,5.8715067252324006e-05,0.0018958620727062224,0.00023086927831172943,0.0002788785845041275
2290,494.56543040275574,3.317578230956075e-05,0.0018850207328796388,0.00022956505417823792,0.0002975545823574066
2300,495.6151146888733,2.7838557135387297e-05,0.0018662996590137482,0.00022766366600990295,0.0002724830061197281
2310,496.6500642299652,1.494492950756543e-05,0.0019210584461688996,0.00023596063256263732,0.00026447512209415436
2320,497.7231750488281,1.6925230702094508e-05,0.0018369708210229873,0.00022685937583446502,0.0002786528319120407
2330,498.79831886291504,1.6183736808980664e-05,0.001921086013317108,0.0002294003963470459,0.00027717724442481994
2340,499.7882001399994,5.5079590602341574e-05,0.001858079805970192,0.0002321578562259674,0.0002538032829761505
2350,500.86360812187195,2.299052449365735e-05,0.002138013392686844,0.0002274736762046814,0.00027631893754005433
2360,501.9632079601288,2.4315850206578043e-05,0.0018043942749500276,0.00022771954536437988,0.00029103246827920273
2370,503.04234766960144,1.7422238757852648e-05,0.002188479155302048,0.0002256471663713455,0.00028000883758068086
2380,504.1210777759552,3.0140963614480597e-05,0.0019115168601274491,0.0002318885177373886,0.0002774082124233246
2390,505.2709367275238,1.3235623732224533e-05,0.0018650349229574203,0.00023575127124786377,0.0002969358116388321
2400,506.35166239738464,2.8296667626320772e-05,0.001898486167192459,0.00022901743650436402,0.0002794824540615082
2410,507.41850304603577,1.2714889559867215e-05,0.0018729608505964278,0.00023179203271865844,0.0002743318676948547
2420,508.4943723678589,9.985061496220471e-06,0.001970425248146057,0.00023113265633583068,0.00027716830372810365
2430,509.5824511051178,9.054092956164162e-05,0.0019200321286916733,0.00023545362055301666,0.00028368383646011354
2440,510.6335828304291,2.085290156981223e-05,0.0017974264919757843,0.00022099427878856658,0.00026971437036991117
2450,511.67966747283936,2.518485994917885e-05,0.0018222870926062266,0.00022397724290688817,0.0002780523151159287
2460,512.7339701652527,2.3448499346756523e-05,0.0018548443913459778,0.00022771060466766357,0.00027163177728652956
2470,513.8117980957031,2.424728441604851e-05,0.0018283758312463761,0.000231865793466568,0.00027668364346027373
2480,514.881697177887,1.28748845512755e-05,0.0018885597586631776,0.00022755861282348634,0.00027847252786159513
2490,515.9402782917023,1.2810291089945802e-05,0.0019054949283599854,0.0002300947904586792,0.0002717502415180206
2500,517.0062384605408,1.3078781918465788e-05,0.0018788576126098633,0.00022897794842720033,0.00027711167931556704
2510,518.0636472702026,3.541044014206407e-05,0.0019474953413009643,0.00023624971508979798,0.00027216188609600065
2520,519.1258563995361,1.5788423018478494e-05,0.0021279823035001756,0.0002306003123521805,0.00027724653482437135
2530,520.185186624527,6.363550214055213e-05,0.0018735717982053756,0.000230330228805542,0.0002760395407676697
2540,521.2441475391388,1.4705568992949095e-05,0.001914447049299876,0.00023005170126756046,0.0002804026007652284
2550,522.3069717884064,2.3128443991607405e-05,0.001900995895266533,0.0002362959086894989,0.0002810899168252945
2560,523.4333310127258,2.577835518582927e-05,0.0018339652568101883,0.0002255890518426895,0.0002897031605243683
2570,524.5090246200562,1.432935090657783e-05,0.001840697228908539,0.00023235864937305452,0.0002804692834615707
2580,526.7087242603302,2.285302258522026e-05,0.0019171658903360366,0.00022712647914886476,0.0005335886031389237
2590,530.0505394935608,2.4226275128205742e-05,0.0018325001001358032,0.00022543072700500488,0.00083128921687603
2600,533.4082019329071,1.092063349872885e-05,0.0018886525183916091,0.0002297569066286087,0.0008326839655637741
2610,536.7282211780548,1.0292022852581573e-05,0.0019136175513267517,0.0002331983298063278,0.0008328218013048172
2620,540.0666558742523,5.151894822844061e-05,0.0022320035845041276,0.00023080483078956603,0.0008288189768791199
2630,543.480516910553,1.1965717984044333e-05,0.0018171947449445724,0.00022977329790592195,0.0008557796478271485
2640,546.7303204536438,1.0708032695308512e-05,0.0019473125537236534,0.00023429629703362789,0.0008355729281902312
2650,550.1079349517822,1.2122430116900951e-05,0.0018622979521751403,0.0002270132303237915,0.0008566737174987793
2660,553.4238386154175,1.23222514418736e-05,0.0018225803971290589,0.00022976770997047425,0.0008241202682256699
2670,556.7815706729889,6.695502010964083e-05,0.002000455558300018,0.00023395121097564698,0.0008395668119192123
2680,560.1520154476166,1.0922842252247823e-05,0.0018584545701742171,0.00022083185613155364,0.0008427169173955918
2690,563.510440826416,1.496931469245344e-05,0.0018558092415332794,0.00022497475147247313,0.0008394777774810791
2700,566.7786271572113,1.4299345988991185e-05,0.0018142867833375932,0.00022671222686767578,0.0008219290524721145
2710,570.0870642662048,3.063482733789702e-05,0.0018914759159088135,0.00023841522634029388,0.0008244674652814865
2720,573.4284477233887,1.266839442156109e-05,0.0018725130707025529,0.0002335302531719208,0.0008461542427539825
2730,576.6921856403351,1.3910673749292779e-05,0.002180740733941396,0.00022863845030466696,0.0008338068922360733
2740,579.9976990222931,1.0010388010670002e-05,0.0018444444984197616,0.00022951550781726837,0.0008302006870508194
2750,583.3146371841431,1.0236241707192728e-05,0.0018359620124101638,0.00023109987378120423,0.0008324049413204193
2760,586.600035905838,2.1504053817036906e-05,0.0018446724861860275,0.0002297583967447281,0.000826340913772583
2770,589.8267223834991,8.513558892903062e-06,0.001980398595333099,0.00023346953094005585,0.0008158758282661438
2780,593.2030849456787,9.69343530175526e-06,0.00218510702252388,0.00022982582449913025,0.0008431375026702881
2790,596.5180213451385,6.91762998847878e-06,0.001790010929107666,0.00022925175726413728,0.0008301977068185806
2800,599.8168001174927,6.255912308333889e-05,0.0018407046794891358,0.0002272922545671463,0.0008276116102933883
2810,603.1385226249695,1.9556980559243266e-05,0.0019432827830314636,0.00023497454822063446,0.0008397988975048065
2820,606.4947237968445,1.3045016432947088e-05,0.0019354574382305146,0.00022797621786594391,0.000844823569059372
2830,609.7719662189484,3.0105892835699532e-05,0.0019213182230790459,0.000232003132502238,0.0008328342189391454
2840,613.1125638484955,1.738582278431322e-05,0.002197827771306038,0.00022944994270801544,0.0008326970040798187
2850,616.4826593399048,1.8578427977467004e-05,0.0018140461295843124,0.0002308957278728485,0.0008402250707149506
2860,619.8413846492767,9.237192758712598e-06,0.0018417838960886,0.00022590532898902893,0.0008439887315034866
2870,621.9678108692169,1.2169671805134507e-05,0.0019123435020446777,0.0002236105501651764,0.000555218756198883
2880,623.12837433815,6.469424630722864e-06,0.0019295420497655869,0.00023256056010723114,0.0003026098012924194
2890,624.2947561740875,7.14864808134541e-06,0.001887914165854454,0.00023116208612918853,0.0003032330423593521
2900,625.4754979610443,1.7323254581952385e-05,0.0018548391759395598,0.00023240409791469574,0.0003059178590774536
2910,626.6398558616638,2.2301768309063162e-05,0.0018699657171964645,0.00022934824228286742,0.0003027006983757019
2920,627.7622768878937,9.745332622563645e-06,0.001821099345882734,0.00022804141044616692,0.0002961280445257823
2930,628.9099857807159,8.159209246827448e-06,0.0019029956310987473,0.00023291967809200287,0.0002942841500043869
2940,630.0605540275574,2.288233171593712e-05,0.0018728982657194137,0.0002257753163576126,0.0002962544560432434
2950,631.2063348293304,7.563519821501829e-06,0.0018446825444698334,0.0002254534512758255,0.0002971284091472626
2960,632.348484992981,1.2994946902400439e-05,0.0018965143710374833,0.00022837966680526732,0.00029457993805408477
2970,633.5056440830231,6.520970366202805e-06,0.0018690094351768495,0.00023916997015476226,0.00029966048896312714
2980,634.6495099067688,1.463756559198226e-05,0.0019010741263628006,0.00023312121629714966,0.00029531419277191163
2990,635.7877714633942,4.0449980683479605e-05,0.0019191090017557145,0.00023457035422325134,0.0002936482429504395
3000,636.978945016861,1.0154458010991351e-05,0.0021692901849746705,0.00022795386612415314,0.00031020566821098327
3010,638.0447084903717,7.680713531260652e-06,0.0018484449634949371,0.0002256877720355988,0.0002773318439722062
3020,639.1853539943695,7.323205105908004e-06,0.0017995946109294891,0.0002246517688035965,0.0002965502440929413
3030,640.3258457183838,6.45310829180401e-06,0.0019345704466104507,0.00023340806365013123,0.00029503069818019866
3040,641.463855266571,1.4053550761566891e-05,0.001930101215839386,0.00022703222930431366,0.00029312074184417725
3050,642.6196949481964,7.327643712384812e-06,0.0018479663878679276,0.0002291351556777954,0.0002970479428768158
3060,643.7757506370544,4.266998296326152e-06,0.002126551792025566,0.0002282816916704178,0.00029849745333194734
3070,644.9153242111206,2.85977471451232e-05,0.0019280318170785903,0.00023105554282665253,0.00029544830322265626
3080,646.0481247901917,5.589737603359235e-06,0.0018697932362556457,0.00023092366755008697,0.00029490366578102114
3090,647.1899178028107,2.8417276997322326e-05,0.0019343532621860504,0.00023528076708316802,0.000293571874499321
3100,648.3873176574707,1.572029169007172e-05,0.001862526684999466,0.00023140870034694673,0.000304747000336647
3110,649.5189266204834,1.3267687351620205e-05,0.0018320264915625255,0.00022555664181709298,0.00030132805307706196
3120,650.6813931465149,1.0662153151352883e-05,0.0019501686096191407,0.00023650415241718292,0.00029990896582603454
3130,651.8079905509949,7.5248426741780785e-06,0.0018987897783517838,0.0002247929573059082,0.0002934154123067856
3140,652.9942955970764,7.18218764417522e-06,0.0019039742648601532,0.00022939033806324005,0.00030631422996521
3150,654.178701877594,5.941205954221318e-06,0.0020489245653152466,0.0002253953367471695,0.0003047656267881393
3160,655.378270149231,8.595234445088473e-06,0.001881939172744751,0.00022688210010528563,0.0003050543367862701
3170,656.5104646682739,3.0257723054752382e-05,0.001882428303360939,0.00023776590824127198,0.00029208213090896605
3180,657.6419429779053,1.6729140991789128e-05,0.0018733315169811248,0.00023086927831172943,0.00029171034693717954
3190,658.7941553592682,1.4363425289914967e-05,0.001929902657866478,0.00023114718496799468,0.0002957738935947418
3200,659.9221079349518,1.9573830247812673e-05,0.0018632392088572182,0.0002312875042359032,0.00030004829168319704
3210,661.0654594898224,8.886249858100492e-06,0.001936384290456772,0.00023576430976390839,0.0002962056547403336
3220,662.2061710357666,6.763668681075696e-06,0.0018482912331819535,0.00022571533918380737,0.00029308758676052096
3230,663.3518211841583,1.9254698586498865e-05,0.0018619157373905182,0.00022138692438602447,0.0002968698740005493
3240,664.4936912059784,1.1239536023080477e-05,0.0021883420646190642,0.0002327587455511093,0.0002944890409708023
3250,665.544718503952,8.061874615547527e-06,0.001845165714621544,0.00022835880517959594,0.0002714015543460846
3260,666.6719717979431,7.493187713480953e-06,0.0018562577664852143,0.00022920817136764526,0.00029281005263328554
3270,667.8062446117401,7.21022931027826e-06,0.0018949784338474275,0.0002312980592250824,0.0002955149859189987
3280,668.9486122131348,4.4945071527108246e-06,0.0018206119537353515,0.00022805221378803254,0.0002938590943813324
3290,670.0909960269928,5.147720169623726e-06,0.0019032131880521775,0.00023513808846473694,0.0002949908375740051
3300,671.2145657539368,1.618286415801251e-05,0.0021773910770813624,0.00023412158091863,0.0002975774308045705
3310,672.3497412204742,4.493191881782543e-06,0.0019325189292430877,0.00023212507367134094,0.000293755903840065
3320,673.4883723258972,2.6418585858134504e-05,0.0019077152013778687,0.00022844038903713226,0.0002944547683000565
3330,674.8110175132751,6.417961827598351e-06,0.0018648378551006316,0.0002259325236082077,0.00032497867941856385
3340,675.9549398422241,6.820262019210932e-06,0.0018094491213560104,0.00023096054792404175,0.0002978570759296417
3350,677.0977761745453,1.1876938367327839e-05,0.001950608566403389,0.0002382040023803711,0.00029596127569675446
3360,678.2449634075165,5.588860495142622e-06,0.0018648259341716767,0.0002267640084028244,0.0002960752695798874
3370,679.4442899227142,1.7388002710738704e-05,0.0018656972795724868,0.0002245381474494934,0.0003088712692260742
3380,680.5751254558563,9.933005946372031e-06,0.0018541119992733003,0.00022946931421756743,0.00029321834444999694
3390,681.6965689659119,1.8954916861149694e-05,0.0018632552276055016,0.00022663958370685563,0.0002985770503679911
3400,682.8352823257446,9.694142741661916e-06,0.0018630381673574448,0.00022827424108982087,0.00029612034559249877
3410,683.9760010242462,6.087849332142569e-06,0.0018654726445674896,0.00023487620055675506,0.0002961549907922745
3420,685.1101222038269,1.1985268096503798e-05,0.0019044656306505202,0.0002325456589460373,0.00029347650706768036
3430,686.2577748298645,1.246342965023628e-05,0.0022365186363458634,0.0002310439944267273,0.00029701925814151764
3440,687.4098660945892,5.60584051313151e-06,0.001852581650018692,0.00023346543312072754,0.00029859729111194613
3450,688.5478785037994,8.501731239449196e-06,0.0017860207706689834,0.00022733695805072786,0.00029618814587593076
3460,689.7170712947845,4.5951703923657885e-06,0.0019413061439990998,0.00023208372294902802,0.00029987916350364684
3470,690.872275352478,4.637092807868725e-06,0.0019258938729763031,0.0002276737242937088,0.0002974890172481537
3480,691.9343514442444,5.271423982902701e-06,0.0018348485231399544,0.0002229516704877217,0.0002802769343058267
3490,693.0880925655365,5.3554321190862895e-06,0.001815810427069664,0.00022950172424316407,0.00029663071036338805
3500,694.2467081546783,3.8076993067515107e-06,0.0018786612898111343,0.00023222006857395172,0.0002981368452310562
3510,695.3931856155396,5.01363480118755e-06,0.0018647562712430954,0.00022858045995235443,0.0002947032451629639
3520,696.5218868255615,9.896532990111285e-06,0.0019075118005275726,0.00022914744913578035,0.0002902250736951828
3530,697.6490128040314,3.96314794191277e-06,0.001891845464706421,0.0002318006008863449,0.0002919357270002365
3540,698.7834370136261,1.0271456412627722e-05,0.0018949739634990693,0.0002354700118303299,0.0002911195158958435
3550,699.9132208824158,3.2238336912127076e-06,0.0018466878682374954,0.00022789612412452698,0.00029104873538017274
3560,701.0920763015747,1.2483978947958052e-05,0.0019134532660245896,0.00022840648889541627,0.0003004811704158783
3570,702.2648241519928,2.2479186304555367e-05,0.0018749888986349106,0.0002248283475637436,0.0003028307110071182
3580,703.3906276226044,5.469079888767436e-06,0.00220431995888551,0.00023309253156185162,0.000295289730032285
3590,704.5241396427155,7.500073335642288e-06,0.00222393237054348,0.00024087540805339813,0.0002918325364589691
3600,705.6631708145142,9.325309753199784e-06,0.0018588878214359284,0.00022917836904525756,0.0002948645502328873
3610,706.8719902038574,1.5009419354208852e-05,0.0019526012241840363,0.00023212581872940065,0.000310719758272171
3620,708.0573120117188,9.231176968607645e-06,0.001869438588619232,0.00022548139095306395,0.0003051735460758209
3630,709.2118122577667,7.5595463354061195e-06,0.0019229482859373093,0.00022801421582698821,0.0002979133278131485
3640,710.3543546199799,5.451596654185153e-06,0.0017976593226194382,0.0002270445227622986,0.00029557235538959505
3650,711.4980027675629,4.538374828735869e-06,0.0018173564225435258,0.00022342167794704438,0.0002946924418210983
3660,712.6382331848145,7.243563677247766e-06,0.0018031783401966095,0.00022880248725414275,0.0002941880375146866
3670,713.767669916153,3.3772905214390914e-06,0.0019491897275050476,0.00023544157544771807,0.0002960734069347382
3680,714.9097068309784,4.17782880400841e-06,0.0019357625395059585,0.00023442283272743226,0.00029415637254714966
3690,716.0529708862305,9.7704614018701e-06,0.0018659818917512894,0.00022453851997852325,0.00029515139758586886
3700,717.1826279163361,3.8009006363776133e-06,0.0018702171742916106,0.0002295810729265213,0.0002938311547040939
3710,718.38680768013,1.876916583392063e-05,0.0018133752048015595,0.00023030191659927367,0.0003064807504415512
3720,719.5213603973389,7.2690880700332364e-06,0.0019396774470806122,0.00023636408150196075,0.00029643364250659944
3730,720.6622297763824,7.23695316892925e-06,0.00186748169362545,0.0002323094755411148,0.00029569752514362334
3740,721.7913246154785,5.256651613708141e-06,0.0018776144832372665,0.00022662840783596038,0.00029231831431388857
3750,722.924843788147,8.005393196044985e-06,0.0019354835152626038,0.0002261366695165634,0.00029192864894866943
3760,724.0597381591797,4.222293012123845e-06,0.0020890895277261732,0.00022940225899219512,0.00029350705444812774
3770,725.1715574264526,3.7692152095231134e-06,0.0021264337003231047,0.00022886929412682853,0.00029140214125315345
3780,726.2967827320099,7.693089497659567e-06,0.0018617663532495498,0.00022122375667095185,0.00029199086129665374
3790,727.4333357810974,7.170016467666907e-06,0.0018106907606124877,0.00022972412407398223,0.0002949859946966171
3800,728.5717329978943,5.7084576299853975e-06,0.0019121959805488587,0.0002330109477043152,0.00029438063502311705
3810,729.7039458751678,2.8997304868966236e-06,0.001915290206670761,0.0002355508506298065,0.0002928547561168671
3820,730.8441319465637,7.2520876934323296e-06,0.0019123777747154236,0.00022785626351833342,0.0002933777868747711
3830,731.9593675136566,4.650753783880246e-06,0.001818443462252617,0.0002240017056465149,0.00028906799852848055
3840,733.0818452835083,4.92138238933626e-06,0.0019354809075593949,0.00023542121052742005,0.0002911105751991272
3850,734.7331373691559,1.8796969990164668e-05,0.0018716488033533097,0.00023137032985687256,0.0003341503441333771
3860,735.7521288394928,4.116182267548581e-06,0.0019621729850769045,0.00023829167087872813,0.0002667340139547984
3870,736.7908375263214,4.20604888644871e-06,0.0018804743885993958,0.00022827722132205962,0.00026667751371860503
3880,737.8980696201324,3.3928884658390722e-06,0.0018420681357383729,0.00022641271352767943,0.0002788744866847992
3890,739.8615219593048,3.455767935525711e-06,0.0018503580242395401,0.0002298664301633835,0.0004969019442796707
3900,743.059995174408,1.045529309322557e-05,0.0020832933485507967,0.00022419989109039306,0.0007936868816614151
3910,746.3353250026703,8.789485344357084e-06,0.0019255444407463075,0.00022683069109916688,0.0008286498486995697
3920,749.6441943645477,1.1621466699965333e-05,0.0019211839884519578,0.00024014748632907867,0.0008202917873859405
3930,752.9310994148254,6.122125190352601e-06,0.0019796609878540037,0.00023613683879375458,0.0008124142885208129
3940,756.2941663265228,5.292423025352044e-06,0.0018116630613803863,0.00022281259298324586,0.0008388206362724305
3950,757.4493293762207,4.74377405384474e-06,0.0018341677884260818,0.00023007541894912723,0.00029769800603389733
3960,758.3847169876099,3.7424329536295263e-06,0.00181674025952816,0.00023389384150505066,0.00023457333445549012
3970,759.2840089797974,1.2299784620070642e-05,0.0018909133970737458,0.00022996626794338226,0.0002273101359605789
3980,760.1343114376068,5.533324441248099e-06,0.0018581286072731017,0.00023352913558483124,0.00021524056792259215
3990,761.1334788799286,1.0679565323640228e-05,0.0019484184682369231,0.0002308819442987442,0.00026263222098350526
4000,762.1804399490356,3.602839356112164e-06,0.0018891479820013046,0.00022990815341472626,0.00026897229254245757
4010,763.2536432743073,3.6459383068676577e-06,0.0018750518560409547,0.0002270285040140152,0.0002793874591588974
4020,764.3126397132874,3.872341278376989e-06,0.001890828087925911,0.0002265807241201401,0.00027204491198062897
4030,765.40234375,3.123250364028829e-06,0.0021613452583551405,0.0002300947904586792,0.0002796333283185959
4040,768.3625314235687,6.045592950895684e-06,0.001865152269601822,0.00022761225700378417,0.0007377162575721741
4050,771.6706750392914,2.521221608467461e-06,0.0018674553682406746,0.00023031719028949747,0.0008379383633534113
4060,775.0379226207733,2.4025690618156847e-06,0.001916591078042984,0.00022509321570396423,0.0008296720683574676
4070,778.3671269416809,1.5679099099014104e-05,0.001908743754029274,0.0002318788319826126,0.000830133631825447
4080,781.7856903076172,3.5888440612252827e-06,0.0018599819391965865,0.0002264704555273056,0.0008531957864761353
4090,785.1678025722504,2.6847770199650567e-06,0.0020889051258563994,0.00022688955068588256,0.000850164145231247
4100,788.5499920845032,3.455290866366534e-06,0.001945279911160469,0.00023360177874565125,0.0008403740823268891
4110,791.9149959087372,2.2876552984441023e-06,0.001804589107632637,0.00023395679891109468,0.0008434135466814041
4120,795.2145550251007,3.2158827897948995e-06,0.001979187875986099,0.0002304334193468094,0.000825316458940506
4130,798.5768275260925,1.6716832495997093e-05,0.0019130889326334,0.00023231320083141326,0.0008342452347278595
4140,801.8345122337341,4.153475440654697e-06,0.0017684922864039734,0.00022813876469929994,0.0008414730429649355
4150,805.1776607036591,4.423421239702075e-06,0.0018188685178756713,0.00022360160946846008,0.0008352648466825486
4160,808.5216674804688,5.499298850050738e-06,0.001916099339723587,0.00022974908351898194,0.0008310969918966293
4170,811.8721799850464,3.932912113513432e-06,0.0018955502659082414,0.00022926554083824158,0.0008401345461606979
4180,815.2394468784332,4.907817769114753e-06,0.0019531942903995513,0.00023715347051620484,0.000839628279209137
4190,818.5878579616547,1.2926067393215223e-05,0.0018907736986875534,0.00023086816072463988,0.0008415713906288147
4200,821.9493436813354,3.2729228329198e-06,0.0020757656544446944,0.00022955425083637238,0.000824747234582901
4210,825.2430629730225,2.5099554321672545e-06,0.001863139122724533,0.000228143110871315,0.0008284863084554672
4220,828.5484874248505,6.1295788303550315e-06,0.0019403312355279923,0.00022994913160800934,0.0008212380111217499
4230,831.9001879692078,5.1418276216796954e-06,0.0018745686858892441,0.0002314068377017975,0.0008337799459695816
4240,835.1446940898895,4.5670904259415e-06,0.0018599756062030793,0.0002318492780129115,0.0008319858461618423
4250,838.4793808460236,3.338847288422708e-06,0.001946255937218666,0.000225207582116127,0.0008406154811382294
4260,841.802031993866,1.1890394011615513e-05,0.001893329620361328,0.00023494288325309753,0.0008212033659219742
4270,845.1809685230255,2.8910596162390333e-06,0.0018699284642934798,0.00022931061685085296,0.0008410908281803131
4280,848.544960975647,4.61504503022625e-06,0.0018420547246932983,0.00022655315697193146,0.0008334130048751831
4290,851.9088599681854,3.5979032770555584e-06,0.0017891615629196168,0.00022714734077453614,0.000834735855460167
4300,855.2109806537628,3.2210087498818486e-06,0.001903275027871132,0.0002285979688167572,0.0008125100284814835
4310,858.5245344638824,2.303384263915853e-06,0.002153666689991951,0.00022806338965892793,0.0008355069905519486
4320,861.8383748531342,1.5888592838936288e-06,0.001920107752084732,0.00023642294108867646,0.0008107390254735947
4330,865.0270009040833,6.716928348465822e-06,0.0018842363109191254,0.00023450044294198342,0.0008078398803869881
4340,868.3355312347412,1.92618322002458e-06,0.0018454864621162415,0.00022398196160793303,0.0008235525339841843
4350,871.6245012283325,2.6993091835791906e-06,0.0018886528909206391,0.000229460746049881,0.0008150413632392883
4360,874.9322414398193,2.896480872444096e-06,0.0021769195795059205,0.00022948868572711945,0.0008254870772361755
4370,878.2304730415344,1.9409001355885635e-06,0.0019617710262537003,0.00023095756769180297,0.0008262865245342255
4380,881.6013214588165,7.22908143879486e-06,0.001863228902220726,0.00022990405559539795,0.0008477948606014252
4390,883.5890777111053,1.0611533452806187e-05,0.0018159296363592149,0.00023059174418449402,0.0005029197782278061
4400,884.7663521766663,2.669124396423306e-06,0.0018816377967596054,0.0002298366278409958,0.00030492059886455536
4410,885.9071464538574,3.99570502125357e-06,0.0019747480750083924,0.0002356775104999542,0.0002939146012067795
4420,887.01655626297,4.792129767028363e-06,0.0018060764918724694,0.00022538875540097553,0.00029363681872685753
4430,888.1383109092712,3.4307248342108076e-06,0.0019132919609546662,0.0002322956919670105,0.0002845458686351776
4440,889.2599849700928,2.4702765857809173e-06,0.0018824316561222077,0.00023345425724983216,0.00029092170298099517
4450,890.3986105918884,2.3087788551034993e-06,0.0017826266586780549,0.00022177696228027345,0.00029361769556999204
4460,891.5240685939789,3.979881676763331e-06,0.0018563341349363328,0.00022494420409202576,0.00029314570128917693
4470,892.6642837524414,4.6909439321451975e-06,0.0019239243119955063,0.00022680051624774934,0.00029493086040019987
4480,894.4690997600555,1.905510149252665e-06,0.0019418075680732727,0.00023600980639457703,0.00045559033751487734
4490,895.6104423999786,2.3827237805307266e-06,0.001921733468770981,0.00023689903318881988,0.00029618255794048307
4500,896.7475035190582,4.696845942678274e-06,0.0018012132495641708,0.00023137889802455903,0.00029313825070858
4510,897.8738813400269,3.197148413616735e-06,0.0021451544016599655,0.00022777877748012543,0.00029370598495006563
4520,899.0008533000946,1.3828187685449578e-05,0.002226053799192111,0.00022983029484748845,0.00030289801458517715
4530,900.1329503059387,3.415798413866633e-06,0.001832461729645729,0.00022758692502975464,0.000293445959687233
4540,901.2919325828552,2.9009557005216237e-06,0.0018888961523771286,0.000229804590344429,0.0003013577312231064
4550,902.4181509017944,6.260775769068028e-06,0.0018838055431842804,0.0002301108092069626,0.00029147565364837644
4560,903.5670142173767,2.998633056910949e-06,0.0018315494060516357,0.00022700466215610504,0.0003001365810632706
4570,904.6907315254211,7.355281405321823e-06,0.0018770411610603333,0.00023123770952224732,0.00029223114252090453
4580,905.8257188796997,2.9341870310173323e-06,0.0018891695886850356,0.00023220032453536988,0.00029420070350170133
4590,906.9599702358246,1.8964784668867863e-06,0.0019449084997177125,0.0002327490597963333,0.0002962261438369751
4600,908.1026232242584,1.9391363084958478e-06,0.0018695157021284103,0.00022799186408519744,0.00029538199305534363
4610,909.2270920276642,3.158628370375505e-06,0.0018031531323989228,0.0002284655968348183,0.00030087120831012715
4620,910.3438186645508,1.6065497636774673e-06,0.001878330484032631,0.00022515654563903809,0.00028804950416088103
4630,911.4712204933167,1.1585923088511252e-05,0.0019320175051689148,0.00023165009915828704,0.00029185451567173006
4640,912.5929589271545,2.70936098918928e-06,0.0019716493785381316,0.00023456178605556487,0.0002914648503065109
4650,913.7509515285492,2.220024162175038e-06,0.0020870011299848556,0.00023193396627902986,0.0003001973032951355
4660,915.3709642887115,3.222849965661689e-06,0.001929352432489395,0.00023397505283355712,0.0003797862678766251
4670,916.9002895355225,2.11348138697276e-06,0.0018123101443052291,0.00022570192813873292,0.0003678116947412491
4680,918.4482550621033,2.0773460531281485e-06,0.0019253779202699662,0.00023382455110549928,0.0003681987524032593
4690,919.9856934547424,2.4163917361541553e-06,0.0018419593572616578,0.00022582449018955232,0.0003690402954816818
4700,921.5196566581726,5.013666390782378e-06,0.001853771135210991,0.00022649019956588745,0.00036732032895088197