#=== darpa_temp_endtoend_base_w10_10b10a_0.001lr ===
#
#Metrics:
#  Accuracy: 0.8449 | Micro F1: 0.8449 | Macro F1: 0.6972 | 
#  False Alarms: 5854 | False Alarm Rate: 0.3735
#  Missed Attacks: 1 | Detection Rate: 1.0000
#
#Per-Class Metrics:
#  [phase1] P=0.0025 | R=1.0000 | F1=0.0049 | 
#  [phase2] P=0.3158 | R=1.0000 | F1=0.4800 | 
#  [phase3] P=1.0000 | R=1.0000 | F1=1.0000 | 
#  [phase4] P=1.0000 | R=1.0000 | F1=1.0000 | 
#  [phase5] P=0.8657 | R=1.0000 | F1=0.9280 | 
#
#Inference time:
#  Average: 0.0040 | Total: 152.0212
#
#Confusion Matrix:
#         	      	      	      	Actual	      	      	      
#         	      	benign	phase1	phase2	phase3	phase4	phase5
#         	benign	  9821	     0	     0	     0	     0	     1
#         	phase1	  2422	     6	     0	     0	     0	     0
#Predicted	phase2	    13	     0	     6	     0	     0	     0
#         	phase3	     0	     0	     0	    10	     0	     0
#         	phase4	     0	     0	     0	     0	     6	     0
#         	phase5	  3419	     0	     0	     0	     0	 22041
i,time,loss,ground_time,compile_time,eval_time
10,0.8595561981201172,0.6255314642563462,0.0013111853599548375,0.00015791773796081622,0.0002274982134501139
20,1.9270665645599365,0.6225463758222759,0.0014568726221720423,0.0001754641532897959,0.0002940245469411212
30,2.9041764736175537,0.488474129117094,0.001456872622172042,0.0001754641532897959,0.0002738670508066816
40,3.91074538230896,0.34736208562972026,0.0014568726221720416,0.0001754641532897959,0.0002826368808746335
50,4.907251596450806,0.23871395991154715,0.001456872622172042,0.00017546415328979596,0.000277582804361979