#=== darpa_temp_endtoend_base_w10_500b500a_0.001lr ===
#
#Metrics:
#  Accuracy: 0.9969 | Micro F1: 0.9969 | Macro F1: 0.8198 | 
#  False Alarms: 106 | False Alarm Rate: 0.0068
#  Missed Attacks: 12 | Detection Rate: 0.9995
#
#Per-Class Metrics:
#  [phase1] P=0.1224 | R=1.0000 | F1=0.2182 | 
#  [phase2] P=0.5455 | R=1.0000 | F1=0.7059 | 
#  [phase3] P=1.0000 | R=1.0000 | F1=1.0000 | 
#  [phase4] P=1.0000 | R=1.0000 | F1=1.0000 | 
#  [phase5] P=0.9974 | R=0.9995 | F1=0.9984 | 
#
#Inference time:
#  Average: 0.0049 | Total: 183.5057
#
#Confusion Matrix:
#         	      	      	      	Actual	      	      	      
#         	      	benign	phase1	phase2	phase3	phase4	phase5
#         	benign	 15569	     0	     0	     0	     0	    12
#         	phase1	    43	     6	     0	     0	     0	     0
#Predicted	phase2	     5	     0	     6	     0	     0	     0
#         	phase3	     0	     0	     0	    10	     0	     0
#         	phase4	     0	     0	     0	     0	     6	     0
#         	phase5	    58	     0	     0	     0	     0	 22030
i,time,loss,ground_time,compile_time,eval_time
10,1.142517328262329,0.6646132713183761,0.0015451818704605102,0.00018231533467769623,0.00021943822503089905
20,2.6210758686065674,0.5946906073018893,0.002037564292550087,0.00021115913987159728,0.0002708129584789276
30,4.843684911727905,0.38060385490534515,0.0017761155962944032,0.00022209659218788146,0.0003787122666835785
40,6.582230567932129,0.3211541672353617,0.001819653809070587,0.00021872445940971375,0.00034651756286621096
50,8.523636102676392,0.22344748094183003,0.0017463920904057378,0.00021564305893012468,0.0003810089081525804
60,11.863306283950806,0.22845873510268574,0.00180901400744915,0.00021553821861743926,0.0008675944060087204
70,15.220052480697632,0.17778752535732564,0.001958548277616501,0.00021209046244621276,0.0008945345878601074
80,18.501400232315063,0.14706212638999944,0.0017712440341711045,0.00021869726479053497,0.000874471664428711
90,21.826305866241455,0.1578772536770316,0.0017859376966953278,0.00021300651133060455,0.000866764411330223
100,25.147207975387573,0.14230928226881864,0.00204772028539862,0.0002122707664966584,0.00087906617139067
110,28.48528742790222,0.10873864755684352,0.0017622534185647964,0.00021693184971809386,0.0008751440793275834
120,31.797797918319702,0.08168457442383499,0.0017337877303361892,0.0002144947648048401,0.0008617233484983444
130,35.17602324485779,0.04911534751588505,0.00171041339635849,0.00020901858806610107,0.000894860178232193
140,38.518961668014526,0.03611400274939299,0.0018728051334619522,0.00021717660129070283,0.0008799917995929718
150,41.70127058029175,0.0322849491491798,0.001760559741939817,0.00021492296031543184,0.000823834485241345
160,45.023598432540894,0.014261804129757253,0.0017803985625505447,0.00021617710590362548,0.0008650712668895721
170,48.23016691207886,0.02309615721103313,0.0017651062458753585,0.0002116326242685318,0.0008577842265367508
180,49.84797525405884,0.013363096632073593,0.0019706811755895613,0.00021026916801929473,0.00040066279470920565
190,51.43543720245361,0.023923010040874243,0.001867712608405521,0.00021909278418336602,0.0003981016576290131
200,53.00368881225586,0.008191000154884947,0.00179484561085701,0.00021388716995716096,0.0003847900778055191
210,54.58240056037903,0.0046240022636327895,0.0017571359872817992,0.00021504610776901245,0.0003889612853527069
220,56.08034157752991,0.007287750061774237,0.001754477620124817,0.00021289102733135223,0.00036729909479618075
230,59.27306318283081,0.014244388404377695,0.0020499635487794877,0.0002155657857656479,0.0008142873644828797
240,62.49833965301514,0.006085032997005674,0.0017649416944810336,0.00021225389625344958,0.0008542685636452263
250,65.79374766349792,0.0038019301100413296,0.0017554983496665955,0.0002124384045600891,0.0008620724081993103
260,69.08959627151489,0.006662208382946738,0.002064848691225052,0.00021957382559776307,0.0008658353239297867
270,72.40693950653076,0.01343577349164037,0.001738409698009491,0.00021236427128314971,0.0008566495031118393
280,75.64520072937012,0.0022802197845911117,0.0017782513052225113,0.00021521858870983125,0.0008284226059913635
290,78.89882612228394,0.001787281357440662,0.0017662215977907174,0.00021338228668485367,0.0008505662104913165
300,82.14493536949158,0.0025378049976576833,0.0019945044070482252,0.00021303072571754456,0.0008368980139493942
310,85.49554300308228,0.0027943058241604478,0.0017833150923252106,0.0002138964831829071,0.000869612768292427
320,88.87118339538574,0.011607047926839966,0.001805812120437622,0.00021390505135059356,0.0008739992976188659
330,92.1640055179596,0.002059617737454428,0.001778030821255273,0.00021577402949333172,0.0008645963455949509
340,95.49211525917053,0.01163454689227435,0.0018132105469703674,0.00021479353308677672,0.0008598372340202331
350,98.77920603752136,0.0010302458807982529,0.001958794891834259,0.00021267905831336975,0.0008514925837516784
360,102.02974486351013,0.0020655343742500775,0.0017567645758390428,0.0002171151340007782,0.0008298877626657486
370,102.92558240890503,0.001611802803051693,0.0017642080783843994,0.00021496526896953584,0.000225718691945076
380,103.83401036262512,0.0008913208193979616,0.0018492194158690335,0.0002133987311805998,0.0002336456839527403
390,104.74559259414673,0.010895880334206423,0.0017457865178585052,0.0002131454646587372,0.0002301674336194992
400,105.65202617645264,0.0016594906295897354,0.0017705682665109634,0.00020817667245864868,0.00023179948329925536
410,106.53774857521057,0.0011003870571859142,0.002013479545712471,0.00021444857120513915,0.00022460371255874633
420,107.4360032081604,0.0012041732534371046,0.0018197089433670045,0.0002215273678302765,0.00022860057651996613
430,108.36133790016174,0.0014624515442561326,0.0017749450568641933,0.00021276255803448813,0.00024195701948234017
440,109.27655529975891,0.01130529652075003,0.0017980236560106277,0.00021576136350631714,0.00023276619613170623
450,110.18937492370605,0.0018336797128459732,0.001771809533238411,0.00021425820887088776,0.00023170970380306243
460,111.10124683380127,0.0006628815849525182,0.0017835576087236404,0.0002148505300283432,0.00023163966834545137
470,112.00442934036255,0.0008737644691675734,0.0019513972103595734,0.00021241046488285065,0.00022966712713241578
480,112.9021384716034,0.010220692578099802,0.0018112184745924815,0.00021741629711219244,0.00022946420524801525
490,113.78389430046082,0.002264278848565754,0.0018180057406425477,0.00021210759878158568,0.00022280141711235047
500,114.69104361534119,0.0010549157648995112,0.0019379943609237672,0.0002112351357936859,0.00023079030215740205
510,115.59062075614929,0.0011317609959721475,0.0017689883708953858,0.00021610073745250701,0.0002300526946783066
520,116.50371861457825,0.0009049371088543312,0.0017810782151562836,0.00021512779806341452,0.00023263708821364806
530,117.48875689506531,0.000496448069676747,0.0018206972628831864,0.00021336190402507783,0.00025451779365539553
540,118.39292168617249,0.0009847309197158316,0.0018354810774326325,0.00021647512912750244,0.0002296682447195053
550,119.39215040206909,0.010916220478558825,0.0017571162432432174,0.0002135220915079117,0.00025538615882396697
560,120.29902076721191,0.001498497633081236,0.0017437871545553207,0.00021415278315544127,0.00023052245378494263
570,121.22085499763489,0.0006366343703418625,0.0019520482314484473,0.00021426406289849973,0.00023757969694478167
580,122.1490626335144,0.000650038395496752,0.001857711747288704,0.00021490342915058135,0.00023813657462596894
590,123.11379337310791,0.0004922245802639364,0.0018188729882240295,0.0002156190574169159,0.0002469334751367569
600,124.0318443775177,0.009945790192456805,0.0017106037586927414,0.00021150782704353331,0.00023393705487251282
610,124.93397426605225,0.002441066264610306,0.001984887197613716,0.00021442025899887085,0.0002267204225063324
620,125.81457090377808,0.0005727572110570511,0.0017445172050169534,0.00021190675241606572,0.00022942498326301576
630,126.7110846042633,0.00044398516007479184,0.0017840418964624404,0.00021103546023368836,0.0002272792160511017
640,127.63810682296753,0.010440029515610374,0.0018311239778995513,0.00021837539970874785,0.00023757889866828918
650,128.5394492149353,0.0006906258649170439,0.0019657015800476074,0.00021342486143112184,0.00022702738642692565
660,129.43513131141663,0.001900653669388791,0.0017873523490769528,0.00021730219679219395,0.00023306171808923996
670,130.3331971168518,0.0008646658302966931,0.0017483141273260117,0.00021787285804748536,0.0002301793545484543
680,131.21904587745667,0.0006350178032837439,0.001816462352871895,0.0002168264240026474,0.00022724494338035583
690,132.126309633255,0.00043579742686866984,0.0019797157496213914,0.00021176524460315705,0.00023177117109298706
700,133.04380893707275,0.009867443903518125,0.0017796669155359269,0.0002124100923538208,0.00023430287837982177
710,134.0100691318512,0.0017186392648005284,0.0018263435789517006,0.00021315914179597593,0.00024843519287449977
720,134.91017603874207,0.0005265267177019916,0.0020202811807394027,0.0002155151218175888,0.0002287197858095169
730,135.79656171798706,0.009963056998568023,0.0017892591655254363,0.00021527186036109924,0.00022361986339092255
740,136.67952823638916,0.0005960731844267292,0.001704874262213707,0.00021239779889583587,0.00022524595260620117
750,137.576593875885,0.0009005668219769058,0.001819813996553421,0.00021293722093105317,0.0002290092408657074
760,138.48985385894775,0.0005711815596217918,0.0017257384423698696,0.0002101904579571315,0.0002388795039483479
770,139.3831021785736,0.009715938316158097,0.0020034488290548323,0.00021285749971866608,0.00022821538150310516
780,140.26421666145325,0.001639708155423067,0.0017990522086620332,0.00021523013710975648,0.00022151656448841096
790,141.16242861747742,0.0005300902803695884,0.0017436545342206955,0.00021553933620452881,0.00022828392684459686
800,142.06101608276367,0.00039809735989992934,0.0018314880451985754,0.00021730523024286524,0.00023152679204940796
810,142.95700526237488,0.000526397762647815,0.0017814286053180694,0.00021227821707725525,0.0002267252653837204
820,143.8437535762787,0.009512040967768223,0.002066505327820778,0.0002155989408493042,0.0002256549894809723
830,144.7999336719513,0.001301004056434213,0.0017055232077836991,0.00021159276366233826,0.00024018734693527223
840,145.74833345413208,0.0005042872837452666,0.0017491672188043594,0.00021790079772472383,0.00024342313408851624
850,146.6625533103943,0.00044070580694277606,0.00179498674614089,0.00021502503326960984,0.0002359110862016678
860,147.57094955444336,0.009488808533010009,0.0018310174345970154,0.00022110827267169953,0.00023303404450416564
870,148.46571898460388,0.0011280180870817836,0.001795554906129837,0.00021089017391204835,0.0002253558486700058
880,149.37676906585693,0.0008341517198922344,0.00200071781873703,0.0002140328288078308,0.00023156441748142242
890,150.28028202056885,0.00044155687423196586,0.0017404738813638688,0.00021267756819725036,0.00022831298410892488
900,151.19840455055237,0.00046734891530960944,0.001752703157918794,0.00021180132670061926,0.00023560380297047746
910,152.09446787834167,0.0003299459998337556,0.0020245887339115144,0.0002186734229326248,0.00022722184658050538
920,152.97603726387024,0.00025725704140186213,0.0017635315656661988,0.00021351762115955352,0.0002212725579738617
930,153.89140009880066,0.00030219073432187217,0.0018111847341060639,0.0002129513770341873,0.00023316219449043274
940,154.79015159606934,0.010131512642927856,0.0017693281173706056,0.00021213777363300325,0.00022960714995861052
950,155.6910092830658,0.008629055155004072,0.001762592952166285,0.0002165127013410841,0.00023011767438479834
960,156.54450464248657,0.0009614125129767586,0.0017728541046380998,0.0002172999083995819,0.00021709278225898743
970,157.42931294441223,0.00046557145517129027,0.0017780348658561706,0.0002135772258043289,0.00022310763597488403
980,158.32565593719482,0.00039087646851925786,0.001790531352162361,0.00021258220076560974,0.00022796913981437683
990,159.25502276420593,0.0004045235419583154,0.002006802974002702,0.00021032041737011506,0.00023636466690472196
1000,160.358740568161,0.0003081966897162003,0.0017756331712007523,0.00021922551095485688,0.0002861045300960541
1010,161.27408123016357,0.0002840285951278609,0.0020160254091024397,0.00021280385553836822,0.000233570858836174
1020,162.1761565208435,0.00025255855423660936,0.0017632372677326203,0.0002110753208398819,0.0002305600792169571
1030,163.04841303825378,0.009195192162527729,0.001824786514043808,0.0002184353768825531,0.00022151842713356019
1040,163.94847679138184,0.0009667037294190273,0.0017857347748109278,0.00021655958678041187,0.00023130566946097785
1050,164.8491916656494,0.007657841591867271,0.0019824430346488953,0.00021473318338394165,0.00022614188492298126
1060,165.71363234519958,0.0009591007159120673,0.001802733913064003,0.00020922645926475526,0.0002181321382522583
1070,166.60534524917603,0.0006870000803862019,0.0017713259905576706,0.00021504350006580354,0.00022380277514457702
1080,167.51952528953552,0.0003698805015271589,0.0017391793429851533,0.00021277964115142822,0.00023253895342350005
1090,168.43024373054504,0.00034787882388926663,0.001786281966737338,0.0002155694578375135,0.00023436370704855238
1100,169.33508110046387,0.009232755753147637,0.0017916426062583924,0.00021317899227142335,0.00022829025983810424
1110,170.25344133377075,0.000666122354523227,0.001745499297976494,0.00021362118422985077,0.00023191086947917938
1120,171.16307663917542,0.0004852182204278549,0.0019632883369922636,0.0002146996557712555,0.0002308890223503113
1130,172.06729650497437,0.00035524779798818963,0.0018223386257886886,0.00021572778267519828,0.0002315053982394083
1140,172.96769666671753,0.009548101474803242,0.0018109742552042008,0.00021549202501773833,0.00022880248725414275
1150,174.016610622406,0.0008272877101962006,0.0017204493284225463,0.00020910166203975679,0.00022644884884357453
1160,174.92067790031433,0.0007405633319132049,0.0018699739128351211,0.0002207856625318527,0.00023052133619785308
1170,175.83250617980957,0.00021882859072997474,0.0017410486936569214,0.00020939223468303682,0.0002341773360967636
1180,176.7451512813568,0.00028405551597180545,0.001986979586737498,0.00021430158189364844,0.00023552168692861293
1190,177.65476894378662,0.00021558492421713815,0.0017613161355257035,0.00021168142557144166,0.0002304021269083023
1200,178.58287000656128,0.009146189733757738,0.0017776574939489364,0.00021733418107032775,0.00023806504905223846
1210,179.482319355011,0.0011079224851780478,0.001766938716173172,0.00021150559186935424,0.0002300698310136795
1220,180.37089943885803,0.0006099803626244072,0.002068278566002846,0.00021905824542045593,0.00022612884640693665
1230,181.27910232543945,0.0002429043895751175,0.0017793176961796622,0.0002130705863237381,0.00023482915546212875
1240,182.17190790176392,0.008995910134074072,0.00175706185400486,0.00021412260830402374,0.0002275180071592331
1250,183.06708478927612,0.0008805323478169008,0.0017466619610786438,0.00021064020693302156,0.00022930316627025604
1260,183.98543524742126,0.0009832186744792638,0.0020626462996006013,0.0002155561000108719,0.00023762956261634826
1270,184.8799798488617,0.00025309010217461624,0.0017462320093597668,0.0002175461500883101,0.00023053299103464398
1280,185.77184557914734,0.00026821504685585473,0.0019767202436923982,0.0002135287970304489,0.00022730305790901183
1290,186.7284061908722,0.00020401237953917572,0.001758275181055069,0.000214487686753273,0.00024470575153827666
1300,187.63052916526794,0.0002436486327752313,0.001771806925535202,0.00021369121968746186,0.0002306245267391205
1310,188.51020693778992,0.0001640261713119706,0.0018032819032669067,0.00021238848567008972,0.00022438429296016692
1320,189.45526790618896,0.00911096300114377,0.0017993858882359112,0.00021792357521397744,0.0002421550452709198
1330,190.3945028781891,0.0010930697766455306,0.0017871838063001633,0.00021503306925296783,0.000239722803235054
1340,191.33511090278625,0.0005323446056317682,0.0016942713409662247,0.00021395571529865266,0.0002399090677499771
1350,192.27249455451965,0.008523998666703673,0.0018132407218217849,0.00021488890051841737,0.0002410922199487686
1360,193.19038224220276,0.0010546048229767818,0.002063414454460144,0.00021387077867984772,0.000233372300863266
1370,194.1987428665161,0.0005488728697245592,0.00198048571390765,0.00021159063492502483,0.0002598250550883157
1380,195.10085320472717,0.0002839228792861248,0.0017883926630020142,0.00021729357540607453,0.00022797957062721254
1390,196.0057098865509,0.00023796692682085397,0.0018569465726613998,0.00021493956446647645,0.00023000426590442659
1400,196.9039924144745,0.00890618888112157,0.0017676282674074172,0.0002109769731760025,0.00022831298410892488
1410,197.80667233467102,0.0008170334305777294,0.0017086267471313477,0.00021552965044975282,0.00022691935300827025
1420,198.73621773719788,0.0006612392017746827,0.0018312073711838042,0.00021239487188202993,0.00024642518588474817
1430,199.6227900981903,0.008180780131256551,0.0019365482032299042,0.00021466203033924103,0.00022500641644001006
1440,200.52107572555542,0.0008690389981201863,0.001748618483543396,0.00021702609956264496,0.0002262890338897705
1450,201.4181468486786,0.0006412302547707694,0.0018481742590665817,0.0002138424664735794,0.00022726915776729583
1460,202.30658316612244,0.00024595194140983876,0.00196797831782273,0.0002132118280444827,0.00022958080683435706
1470,203.2216374874115,0.00020261868147794239,0.0017726283520460128,0.0002161942422389984,0.00023273378610610962
1480,204.12601351737976,0.008309350481279712,0.0016939744353294372,0.00021453388035297394,0.00023014135658740997
1490,205.0576422214508,0.0008613270954984931,0.0018793683499097823,0.00021686777472496033,0.00023646578192710878
1500,205.99457621574402,0.00036774819962594185,0.0017627853900194167,0.00021039769053459166,0.00023843646049499513
1510,206.898286819458,0.0002707914003641232,0.0018011172435113368,0.0002153060265949795,0.00023273485047476636
1520,207.80516028404236,0.007686977818458424,0.0017923954874277115,0.00021296553313732147,0.0002343367785215378
1530,208.72053027153015,0.0010074253474049943,0.0020197466015815734,0.00021104291081428528,0.00023295432329177855
1540,209.61410570144653,0.0006011891916170242,0.0017672576010227203,0.00021615885198116301,0.00022745691239833832
1550,210.5162057876587,0.0002429107733090824,0.001782485470175743,0.0002154238522052765,0.0002307843416929245
1560,211.46980810165405,0.00023335774947553234,0.0019772211355822424,0.0002191480781350817,0.0002507827111652919
1570,212.37566494941711,0.00020641054890374876,0.0018228188157081604,0.00022018514573574066,0.0002311263233423233
1580,213.27576804161072,0.006888289595671374,0.0018129482865333556,0.0002121713012456894,0.00022783689200878143
1590,214.19406652450562,0.0015205441326893304,0.0018170349299907683,0.00021038353443145752,0.00023181214928627014
1600,215.10709261894226,0.0002013688557389065,0.0016675891088587913,0.00020932177347796318,0.00023488402366638193
1610,216.02827739715576,0.0064050479321731135,0.0017201043665409088,0.00021398961544036866,0.00023317486047744752
1620,216.953937292099,0.0010209131554149264,0.0019954998046159745,0.00021533779799938203,0.00023327767848968506
1630,217.88047409057617,0.0006456111228796191,0.0018155034631490707,0.00021638572216033935,0.0002337973564863205
1640,218.8070650100708,0.00031485191381708797,0.0018055904656648636,0.000214376300573349,0.00023629143834114075
1650,219.82679224014282,0.00019023679038910336,0.0017887172954423104,0.0002138651907444001,0.00025290554123265406
1660,220.80677008628845,0.00017017016634912618,0.001695864275097847,0.00021650083363056183,0.0002541393041610718
1670,222.19960808753967,0.00011763465915450022,0.0018290452659130096,0.00021806582808494567,0.00035512968897819517
1680,225.5540201663971,0.00013675749311853612,0.0017994418740272522,0.00021355599164962769,0.0008760940283536911
1690,228.89993524551392,0.0066935476224705024,0.0020116109400987623,0.00020739175379276277,0.0008649032562971116
1700,232.16245079040527,0.00130662677729311,0.0017744634300470349,0.00021312481590679712,0.0008468675294092722
1710,235.4326512813568,0.0004455739779725493,0.001746479794383049,0.00021152310073375703,0.0008405361324548722
1720,238.6765263080597,0.00022225387134620634,0.0018172271549701691,0.00021633654832839966,0.0008296694606542588
1730,241.9808554649353,0.0037371143873037747,0.0019818004220724106,0.00021669901907444,0.0008473370224237442
1740,245.27123618125916,0.001639745768493489,0.0018123610743454514,0.00021398461290768217,0.0008633850408451894
1750,248.5653052330017,0.0010417445502072463,0.0017915554344654083,0.0002168387174606323,0.0008367773145437241
1760,251.88101196289062,0.002760717600691867,0.0019333824515342713,0.00021536871790885925,0.0008571006357669831
1770,255.17651915550232,0.00033204997527016276,0.0017892930656671524,0.0002148941159248352,0.000847649946808815
1780,258.5260076522827,0.0008521931090300333,0.0018089976161718368,0.00021321289241313935,0.0008679643273353576
1790,261.8401937484741,0.00018327500566410747,0.0017963912338018434,0.00021118814391749255,0.0008602452597447803
1800,265.1753423213959,0.00013637735348981384,0.001786760613322258,0.00021446682512760162,0.0008569102734327317
1810,268.45740723609924,0.006232648743174396,0.0017984993755817413,0.00021760351955890656,0.0008403185755014419
1820,271.7913250923157,0.00018974887532475227,0.0019890930503606795,0.00021511428058147432,0.0008588440716266633
1830,275.1582851409912,0.00023137589770131639,0.0017956573516130447,0.0002090148627758026,0.0008596140891313553
1840,278.3883671760559,0.0002480653731016429,0.001980865480644362,0.00021409120942865096,0.0008357157132455282
1850,280.5105118751526,0.00023678085603383027,0.0018726538866758347,0.00021687448024749757,0.0005445707589387894
1860,281.5707314014435,0.002143891442095472,0.0017552100121974944,0.00021374635398387908,0.0002772830426692963
1870,283.1577925682068,0.009895624188588284,0.001742367073893547,0.000213005393743515,0.0003817778080701828
1880,284.7857520580292,0.0028048614241323435,0.0017421413213014603,0.00021435357630252838,0.0003964301198720932
1890,287.2615056037903,0.0010301812067387672,0.0018338395548718315,0.00021866868649210246,0.0006323806941509247
1900,290.60241413116455,0.0002814037966839683,0.0017599865794181823,0.0002126004546880722,0.0008632596582174301
1910,293.9608783721924,0.00011045811349645607,0.002020751312375069,0.00021698884665966034,0.0008654642850160598
1920,297.2851243019104,0.008660157931130766,0.0018114298582077026,0.0002122487872838974,0.0008493728935718536
1930,300.47434091567993,0.0010820084501481863,0.0016735338738986436,0.00020993660603250785,0.0008182190890823095
1940,303.7146010398865,0.0003899632971179845,0.0017871171236038207,0.00021812841296195984,0.0008291538804769516
1950,306.07335329055786,0.00018098038401499484,0.0018236298114061356,0.0002118293195962906,0.0006272219121456146
1960,307.1542296409607,0.0001179455444857036,0.0017601251602172852,0.00021057911217212678,0.00028304681181907655
1970,308.2072377204895,0.007396568410222892,0.001953699067234993,0.0002138778567314148,0.00027571916580200196
1980,309.299143075943,0.0008537443975112829,0.0018205798098019199,0.00022183848278863099,0.00028823747166565494
1990,310.3691477775574,0.00016874538409238638,0.001976257562637329,0.00021249502897262572,0.0002811223268508911
2000,313.0599670410156,0.00018456792870173155,0.0017581108957529068,0.00021214298903942107,0.0006832674145698548
2010,316.34251976013184,0.00029924752177455384,0.0018211275339126587,0.0002171061933040619,0.0008569933474063873
2020,319.70241236686707,0.0037923957848027628,0.0017926763743162156,0.0002147827297449112,0.0008548259735107422
2030,322.95307755470276,0.00030589324957871756,0.0018089230039290021,0.00021066761442593162,0.000843283480831555
2040,326.2188651561737,0.0005616586175281712,0.002060055360198021,0.000219668447971344,0.0008332990109920502
2050,329.5147798061371,0.00011587573619073199,0.001734326407313347,0.000215226411819458,0.0008450150489807129
2060,332.8482449054718,0.001002539161916216,0.001742786169052124,0.00021373443305492402,0.0008611209690570831
2070,336.14095091819763,9.927976727639176e-05,0.0017391632710184381,0.000208159163594246,0.0008488566747733524
2080,339.44760727882385,0.00011653303747455601,0.0017740119248628617,0.00021556057035923004,0.0008524563163518906
2090,342.75324606895447,0.00012810306725390407,0.0018125828355550766,0.00021437220275402069,0.0008578065782785416
2100,346.0717360973358,0.0005193540677134817,0.0018370714038610458,0.0002197105437517166,0.0008438270539045334
2110,349.361120223999,0.00010230990000219542,0.001965587213635445,0.0002113092690706253,0.0008398011326789856
2120,352.57615399360657,0.00017455415920991922,0.0017703089330877587,0.000216108507343701,0.0008166887398277011
2130,355.8764464855194,0.00011820645655520879,0.0018056761473417282,0.0002139981836080551,0.0008480362594127655
2140,359.1878526210785,0.00011086572274336126,0.001824088767170906,0.00021178685128688812,0.0008467581123113632
2150,362.550329208374,7.032074996295989e-05,0.0017540939152240753,0.00021264180541038513,0.0008697636425495147
2160,365.8956778049469,0.0001715546369982418,0.0019539877772331237,0.0002163652330636978,0.000863242894411087
2170,369.1736614704132,0.0002591731861701613,0.0020480638103825702,0.00021719645176615033,0.0008515141372169768
2180,372.5098888874054,4.402332710249923e-05,0.0017227593809366227,0.000209764763712883,0.0008471287786960602
2190,375.84276819229126,0.00017680871911367467,0.0017423149198293685,0.0002115696668624878,0.0008508492261171341
2200,379.1912622451782,7.101516073082514e-05,0.0017897054553031922,0.0002147570252418518,0.0008403439074754715
2210,382.4534339904785,5.7588263197302926e-05,0.0018123794347047802,0.0002174462590898785,0.0008403811603784562
2220,385.81199622154236,0.0002511785909003944,0.0018184751272201539,0.00021775811910629272,0.0008574426174163818
2230,389.1239495277405,0.00014201806430380604,0.0018265344202518462,0.00020983777940273285,0.0008498724550008774
2240,392.4630596637726,4.979340218830564e-05,0.0017410594969987868,0.00021348856389522553,0.0008407458662986755
2250,395.7974166870117,5.323815477865923e-05,0.0018937826156616212,0.00021151043474674225,0.0008548587560653686
2260,399.06109499931335,5.0555337399123464e-05,0.0018497014152152207,0.00022228525153228235,0.000837250692503793
2270,402.33495259284973,0.00011707464088734631,0.0020401258021593093,0.00021666698157787322,0.000825577974319458
2280,405.6244990825653,8.247123187079541e-05,0.001844804733991623,0.00021309293806552886,0.0008362475782632828
2290,408.96544218063354,0.00011329166130491508,0.0017263971269130707,0.0002168305218219757,0.0008373692631721497
2300,412.3099126815796,4.524817472437714e-05,0.0017517022788524628,0.0002082277089357376,0.000858524814248085
2310,415.52035331726074,4.8241302970111755e-05,0.001732835280043738,0.00021306792540209634,0.0008197051606007984
2320,418.81036019325256,5.154149944753272e-05,0.0020755011588335036,0.0002161707729101181,0.0008371479809284211
2330,422.1159768104553,0.00021538312418087902,0.0017790533602237701,0.00021655969321727754,0.0008343178778886795
2340,425.3947665691376,4.067866649421215e-05,0.001760491356253624,0.00021560676395893097,0.0008369699120521545
2350,428.75773453712463,6.667500339248567e-05,0.0017469774931669236,0.00021018758416175843,0.0008516889065504074