#=== darpa_temp_context_endtoend_base_w10_10b10a_0.001lr ===
#
#Metrics:
#  Accuracy: 0.9625 | Micro F1: 0.9625 | Macro F1: 0.9463 | 
#  False Alarms: 1414 | False Alarm Rate: 0.0902
#  Missed Attacks: 2 | Detection Rate: 0.9999
#
#Per-Class Metrics:
#  [phase1] P=0.8333 | R=0.8333 | F1=0.8333 | 
#  [phase2] P=0.8571 | R=1.0000 | F1=0.9231 | 
#  [phase3] P=1.0000 | R=1.0000 | F1=1.0000 | 
#  [phase4] P=1.0000 | R=1.0000 | F1=1.0000 | 
#  [phase5] P=0.9398 | R=1.0000 | F1=0.9689 | 
#
#Inference time:
#  Average: 0.0049 | Total: 186.3017
#
#Confusion Matrix:
#         	      	      	      	Actual	      	      	      
#         	      	benign	phase1	phase2	phase3	phase4	phase5
#         	benign	 14261	     1	     0	     0	     0	     1
#         	phase1	     1	     5	     0	     0	     0	     0
#Predicted	phase2	     1	     0	     6	     0	     0	     0
#         	phase3	     0	     0	     0	    10	     0	     0
#         	phase4	     0	     0	     0	     0	     6	     0
#         	phase5	  1412	     0	     0	     0	     0	 22041
i,time,loss,ground_time,compile_time,eval_time
10,0.8206028938293457,0.4416379565371564,0.002275811433792114,0.00020267128944397044,0.0002929747104644777
20,1.7517836093902588,0.3157265499465364,0.0025286793708801268,0.00022519032160441175,0.0003673835595448813
30,2.661766767501831,0.07365226866660737,0.0025286793708801268,0.00022519032160441162,0.00035848100980122934
40,3.5906078815460205,0.00641578299420574,0.002528679370880127,0.0002251903216044117,0.0003681528568267819
50,4.500971794128418,0.0011741934474382397,0.0025286793708801268,0.00022519032160441156,0.0003597625096638994