#=== darpa_temp_endtoend_base_w10_10b10a_0.001lr ===
#
#Metrics:
#  Accuracy: 0.8392 | Micro F1: 0.8392 | Macro F1: 0.6952 | 
#  False Alarms: 6069 | False Alarm Rate: 0.3872
#  Missed Attacks: 0 | Detection Rate: 1.0000
#
#Per-Class Metrics:
#  [phase1] P=0.0023 | R=1.0000 | F1=0.0046 | 
#  [phase2] P=0.3158 | R=1.0000 | F1=0.4800 | 
#  [phase3] P=1.0000 | R=1.0000 | F1=1.0000 | 
#  [phase4] P=1.0000 | R=1.0000 | F1=1.0000 | 
#  [phase5] P=0.8634 | R=1.0000 | F1=0.9267 | 
#
#Inference time:
#  Average: 0.0058 | Total: 219.7282
#
#Confusion Matrix:
#         	      	      	      	Actual	      	      	      
#         	      	benign	phase1	phase2	phase3	phase4	phase5
#         	benign	  9606	     0	     0	     0	     0	     0
#         	phase1	  2570	     6	     0	     0	     0	     0
#Predicted	phase2	    13	     0	     6	     0	     0	     0
#         	phase3	     0	     0	     0	    10	     0	     0
#         	phase4	     0	     0	     0	     0	     6	     0
#         	phase5	  3486	     0	     0	     0	     0	 22042
i,time,loss,ground_time,compile_time,eval_time
10,2.75561785697937,0.561926129553467,0.001506006717681883,0.00019544720649719154,0.0007081989447275797
20,5.791703462600708,0.49804650000296535,0.0016733407974243153,0.00021716356277465802,0.0008344451586405439
30,8.568851470947266,0.3611166706541553,0.0016733407974243136,0.000217163562774658,0.0007333942254384358
40,10.671249866485596,0.24808094096006245,0.001673340797424315,0.000217163562774658,0.0005662492911020913
50,12.348081827163696,0.1926662494710399,0.0016733407974243142,0.00021716356277465802,0.00047299782435099286