#=== darpa_temp_endtoend_base_w10_1000b1000a_0.001lr ===
#
#Metrics:
#  Accuracy: 0.9978 | Micro F1: 0.9978 | Macro F1: 0.8302 | 
#  False Alarms: 69 | False Alarm Rate: 0.0044
#  Missed Attacks: 14 | Detection Rate: 0.9994
#
#Per-Class Metrics:
#  [phase1] P=0.1224 | R=1.0000 | F1=0.2182 | 
#  [phase2] P=0.7500 | R=1.0000 | F1=0.8571 | 
#  [phase3] P=1.0000 | R=1.0000 | F1=1.0000 | 
#  [phase4] P=1.0000 | R=0.8333 | F1=0.9091 | 
#  [phase5] P=0.9989 | R=0.9994 | F1=0.9992 | 
#
#Inference time:
#  Average: 0.0043 | Total: 163.1820
#
#Confusion Matrix:
#         	      	      	      	Actual	      	      	      
#         	      	benign	phase1	phase2	phase3	phase4	phase5
#         	benign	 15606	     0	     0	     0	     1	    13
#         	phase1	    43	     6	     0	     0	     0	     0
#Predicted	phase2	     2	     0	     6	     0	     0	     0
#         	phase3	     0	     0	     0	    10	     0	     0
#         	phase4	     0	     0	     0	     0	     5	     0
#         	phase5	    24	     0	     0	     0	     0	 22029
i,time,loss,ground_time,compile_time,eval_time
10,1.0195488929748535,0.6370206526480569,0.001533123478293419,0.00018739141523838043,0.00019467808306217194
20,2.199244499206543,0.6065724569838448,0.001760357990860939,0.00021464265882968902,0.00024012885987758636
30,3.394202947616577,0.4370315427426171,0.0017263129353523254,0.00021015740931034087,0.0002265818417072296
40,4.577858924865723,0.3831085040350445,0.0017521530389785767,0.00021180585026741027,0.00023103281855583191
50,5.753814220428467,0.27983356744225135,0.0017052017152309417,0.00020691938698291779,0.00023043416440486907
60,6.928851366043091,0.21641723233842486,0.0017369389533996582,0.00021142773330211638,0.00023396611213684083
70,8.283751010894775,0.2038032050373643,0.0017166860401630402,0.0002080284059047699,0.00023833289742469788
80,9.632743835449219,0.16241272227375392,0.0017627496272325516,0.00021580643951892852,0.00025404617190361023
90,10.777741432189941,0.12706873374190608,0.0016662459820508957,0.00020809993147850037,0.00023070797324180602
100,13.503114223480225,0.14609357866342307,0.001827376460035643,0.0002208537111679714,0.0005874325831731161
110,16.87024474143982,0.1059959323951557,0.0016956813633441925,0.00020752735435962676,0.0008797038346529007
120,20.1491277217865,0.08875055484446762,0.0017706979066133498,0.0002140786498785019,0.0008747000247240067
130,23.51141595840454,0.06499450808871281,0.0017510015517473222,0.00021282583475112915,0.0008753191679716111
140,26.797346591949463,0.034186041316851434,0.0017299521714448929,0.00021177344024181366,0.0008456900715827942
150,30.09336256980896,0.0319083104734576,0.001701764389872551,0.00021217726171016694,0.000853855162858963
160,33.28980994224548,0.020802188023876046,0.0017534993588924409,0.0002107810229063034,0.0008080374449491501
170,36.61295819282532,0.018288708372473057,0.0017907045781612395,0.00021442249417304992,0.0008584331721067428
180,39.9142701625824,0.024378119289380048,0.0017230160534381866,0.00020987465977668763,0.0008453827351331711
190,43.18158793449402,0.028414318119913674,0.0017162063469489419,0.0002137030164400738,0.0008456545571486155
200,46.55412220954895,0.014713762384919598,0.0016948413103818893,0.0002128496766090393,0.000856534019112587
210,49.852415323257446,0.030405780846660912,0.0018052130937576294,0.00021568238735198976,0.0008500725030899048
220,53.124507188797,0.016347014264561484,0.0017656605690717698,0.00021338537335395812,0.0007970977574586868
230,56.45302438735962,0.015422968235929271,0.0017814937978982925,0.0002102423459291458,0.0008575085550546647
240,59.83572196960449,0.006164416771423436,0.0017359692603349686,0.00021250657737255098,0.0008776921778917313
250,63.05385422706604,0.00233061290649898,0.0017129048705101014,0.00021264776587486266,0.0008319567888975144
260,66.42912817001343,0.009559860514557072,0.0017228782176971435,0.00020681917667388915,0.0008564550429582596
270,69.79107069969177,0.008257692883035897,0.0016685344278812408,0.00020951218903064728,0.0008610960096120835
280,73.09996438026428,0.02422940001972881,0.0017550699412822723,0.00021267756819725036,0.0008415084332227707
290,76.34445190429688,0.008786869971010969,0.0016915426899989446,0.0002105732758839925,0.0008444663137197495
300,79.69276237487793,0.004957668011739547,0.0017527941614389419,0.00021353699266910554,0.0008641347289085388
310,83.05178117752075,0.004493965639821196,0.0017202071845531463,0.0002127818763256073,0.0008530113846063614
320,86.39826917648315,0.01138215387161671,0.0017089784145355225,0.00020891129970550536,0.0008450504392385483
330,89.76870918273926,0.005816868103419992,0.0017748516052961349,0.0002137836068868637,0.0008601877838373184
340,93.08859419822693,0.008714647840013263,0.0017355896532535553,0.0002083815634250641,0.0008538048714399338
350,96.3823082447052,0.0031693213135565723,0.0017900876700878143,0.0002134479582309723,0.0008466068655252456
360,99.3958740234375,0.008959731791228323,0.0017520345747470856,0.00021265819668769836,0.0007887564599514008
370,100.93089413642883,0.011668258862298974,0.0016847994178533555,0.0002093680202960968,0.000392792746424675
380,104.18642592430115,0.0039850107303995765,0.001757896194855372,0.00021498041848341636,0.0008572130153576534
390,107.54982161521912,0.0029888579653550517,0.0017192196100950241,0.0002113625407218933,0.0008620709180831909
400,110.90209650993347,0.006118714954639596,0.001715325564146042,0.00021448582410812377,0.000865023210644722
410,113.02940583229065,0.008642509025865525,0.001784433051943779,0.00021286569535732268,0.0005453638732433319
420,114.13762998580933,0.007058932162197468,0.0017031650990247727,0.00021340399980545043,0.0002862449735403061
430,115.21773958206177,0.002253515944996093,0.0017143163830041885,0.0002095695585012436,0.0002824790775775909
440,116.29110884666443,0.0006116222966867036,0.0017245482653379441,0.0002119150012731552,0.0002774044871330261
450,117.90300035476685,0.008892705632352699,0.001765412837266922,0.0002110760658979416,0.00039355941116809846
460,119.62573480606079,0.008688303015452639,0.001734033226966858,0.0002096842974424362,0.00041624903678894043
470,121.22745060920715,0.005833185892337958,0.0017454002052545547,0.00020863562822341918,0.00038858726620674135
480,122.85393977165222,0.0010927670514520316,0.0016975466161966324,0.00020927699903647103,0.0004057981073856354
490,124.46945977210999,0.003977305033167966,0.001718328893184662,0.00020981468260288237,0.0003916051238775253
500,126.09379386901855,0.0077989128760207384,0.0018060460686683654,0.00021520480513572692,0.00039282143115997313
510,127.73423862457275,0.0044988503484180795,0.0017636172473430634,0.0002121414989233017,0.00039831884205341337
520,129.2715985774994,0.003767696768395848,0.0017061684280633926,0.00021092668175697326,0.0003754802048206329
530,130.86038184165955,0.007667448015911288,0.001754593476653099,0.00021299794316291808,0.00038030855357646943
540,132.45438051223755,0.0013698661297640246,0.0017343860119581223,0.00021027438342571258,0.00038314424455165863
550,134.098402261734,0.003118610884285125,0.0017444692552089692,0.00021408870816230774,0.0003928545862436295
560,135.71319794654846,0.0038624778764948216,0.0016891110688447952,0.00021027848124504088,0.0003888644278049469
570,137.29926323890686,0.001263377542831401,0.001742802932858467,0.00021303370594978342,0.0003896046429872514
580,139.01814794540405,0.002113345035748085,0.0017222203314304352,0.0002110816538333893,0.00040996000170707704
590,140.62989807128906,0.0015936849940451942,0.0017611555755138396,0.00021024495363235473,0.00038741976022720336
600,142.23585534095764,0.007159678168628589,0.001726052537560463,0.00021071694791316987,0.0003862559795379639
610,143.8265459537506,0.007186920700007532,0.0017216358333826064,0.00021179504692554475,0.00038264170289039614
620,145.4918339252472,0.002704445690945015,0.0017116859555244446,0.000209764763712883,0.00039996989071369173
630,147.14693808555603,0.0063491283258319264,0.0017804842442274093,0.00021511837840080262,0.0004020191729068756
640,148.73414087295532,0.0007562307629970816,0.0017533615231513978,0.00021342970430850982,0.0003867931663990021
650,150.3278148174286,0.0008673150453955864,0.0017165541648864746,0.00021080821752548218,0.00038427971303462983
660,151.7920436859131,0.0017324323362261124,0.0017214532941579818,0.00021021962165832536,0.00036094784736633305
670,153.39987897872925,0.0011071401379364077,0.0017366856336593628,0.00020964331924915313,0.00039086975157260896
680,154.9785759449005,0.0006116259445422406,0.0017007436603307725,0.00021090134978294373,0.0003805793821811676
690,157.91365218162537,0.007754199151389435,0.001716434583067894,0.00021131038665771483,0.0007189258933067322
700,161.24246335029602,0.0010644285183750769,0.0017031539231538773,0.00020853281021118164,0.0008543491363525391
710,164.50901794433594,0.0007012823633519904,0.0017714038491249084,0.00021247304975986482,0.0008369803428649903
720,167.8755612373352,0.0017778025575242579,0.0017708048224449157,0.0002162456512451172,0.0008590389043092728
730,171.26423931121826,0.0010267960602979825,0.0017518427222967148,0.0002105221152305603,0.0008599758148193359
740,174.6510500907898,0.0005332461963849039,0.0017617624253034592,0.00021319538354873656,0.000860438495874405
750,178.00682640075684,0.007070687587018712,0.0017036814242601395,0.00021242424845695495,0.0008534982800483704
760,181.34031748771667,0.006037369919557683,0.0017702754586935044,0.00021419910093148543,0.0008526055763165155
770,184.7143886089325,0.0012491128944706552,0.0017122678458690644,0.00021237470209598542,0.0008534308522939682
780,187.98246383666992,0.00015095897023356675,0.001721695065498352,0.00021209679543972016,0.0008237894624471664
790,191.32107853889465,0.003764211533882103,0.001776888221502304,0.00021042302250862122,0.0008456122130155563
800,194.65053534507751,0.0009938736442334061,0.0017871540039777756,0.00021238476037979125,0.0008618991822004318
810,197.9490442276001,0.0006408455396702872,0.001751837506890297,0.00021285414695739746,0.0008481111377477646
820,201.3465702533722,0.00027091544744172467,0.0016745381057262422,0.00020906291902065278,0.0008590076118707657
830,204.67251753807068,0.00019116127825641592,0.0017279226332902909,0.0002130229026079178,0.0008309733122587204
840,207.98738837242126,0.013350393421443904,0.0016959518194198608,0.00020868703722953796,0.000846720114350319
850,211.26120352745056,0.003691390960723473,0.0017639106760422394,0.00021227486431598682,0.0008530701200167338
860,214.64567232131958,0.00535754397073622,0.0017271131277084351,0.0002120852470397949,0.0008521139621734619
870,218.0505928993225,0.0011143262546369354,0.001785486564040184,0.00021311305463314056,0.0008620370179414749
880,221.42615127563477,0.004176088825531226,0.001734083890914917,0.00021161995828151704,0.0008525151759386062
890,224.6050591468811,0.001988381066938377,0.0017157908529043197,0.00020967908203601838,0.0008327446877956391
900,225.66017603874207,0.0004234561773160311,0.0017756208777427672,0.00021517053246498108,0.0002745334059000015
910,226.71804237365723,0.008813484375400096,0.0017186474055051804,0.0002100616693496704,0.0002727322280406952
920,227.6538462638855,0.0010577066296087706,0.0017487499862909317,0.0002136576920747757,0.000233430415391922
930,228.59067559242249,0.0005062976129639296,0.0016965851187705993,0.0002110585570335388,0.00023062974214553832
940,229.5337414741516,0.00010817656836048239,0.001722845807671547,0.00020938552916049957,0.00023514032363891602
950,230.48068618774414,0.005289452533773012,0.0017257921397686004,0.0002137688299020131,0.00024324854214986168
960,232.0307445526123,0.0004637213611305008,0.0016680389642715454,0.00021386891603469849,0.0003682337701320648
970,233.74513173103333,0.0007215404138097542,0.001742803305387497,0.00021313615143299104,0.00042438209056854247
980,235.58475184440613,0.00020388164881044723,0.0017322421073913575,0.0002120479941368103,0.00047249868512153623
990,237.3994414806366,0.000758798426867463,0.0017530821263790131,0.0002107713371515274,0.0004583928734064102
1000,238.46041011810303,0.003926362606782893,0.0017426274716854095,0.0002110552042722702,0.0002688668668270111
1010,239.64249730110168,0.003853281109944784,0.001767611876130104,0.00021097660064697265,0.0003110576421022415
1020,240.86199760437012,0.0009626418681182803,0.0017539266496896743,0.00021150596439838408,0.00032072775065898894
1030,242.24141764640808,0.00022667869611882885,0.0017090775072574615,0.000212068110704422,0.0003452170640230179
1040,243.8321089744568,0.00033112459563243527,0.0018118321895599365,0.00021037322779496507,0.00039237067103385924
1050,245.45655274391174,0.0008186700163464705,0.0017234638333320617,0.00021182894706726075,0.00038651339709758756
1060,247.04359436035156,0.002032199575801347,0.001705123856663704,0.00021036304533481598,0.00037802085280418395
1070,248.67601799964905,0.0007222305547911923,0.0017187513411045074,0.0002118665724992752,0.00038911327719688417
1080,250.4060926437378,0.0023233514933276994,0.0017633158713579178,0.0002124350517988205,0.0004181057214736938
1090,251.98147583007812,0.0005466993343260784,0.001768885925412178,0.00021598637104034424,0.00037489160895347594
1100,253.252268075943,0.00016017665226899236,0.001705007627606392,0.0002124994993209839,0.0003154758363962173
1110,254.31205463409424,9.33509509292052e-05,0.0017335329204797745,0.00021068379282951355,0.0002690620720386505
1120,255.44421458244324,0.005595050375324431,0.0016937375068664551,0.000205877423286438,0.00029124729335308077
1130,256.4831895828247,0.001352565236118719,0.0017565835267305372,0.00021115168929100055,0.0002702849606672923
1140,257.5553295612335,0.001009482925354055,0.001749854162335396,0.00021150149405002594,0.0002745654433965683
1150,258.66080236434937,0.00016845520489507104,0.0016757354140281677,0.00021255388855934143,0.00028253160417079926
1160,259.72116231918335,0.00011157344581793904,0.0017622992396354674,0.00020821616053581237,0.0002717554569244385
1170,260.79092025756836,0.0003582474513117356,0.001771371066570282,0.00021286942064762114,0.0002734299749135971
1180,261.76780700683594,0.00010850296949079241,0.0017245724797248841,0.00021031424403190614,0.00024996325373649597
1190,262.821058511734,8.494390302417332e-05,0.0016845088452100755,0.0002133101224899292,0.0002659525722265244
1200,263.9019236564636,0.00035076059116238845,0.001745765283703804,0.00021149590611457825,0.00027600042521953584
1210,264.9646933078766,0.0002281906664920341,0.0017406783998012542,0.00021146610379219055,0.00027049481868743894
1220,266.08841347694397,0.0022286764004812525,0.0017897188663482666,0.00021238885819911956,0.00028724223375320435
1230,267.23358845710754,0.0011796830401710784,0.0017540304611126582,0.00021334476768970485,0.00030122088889280956
1240,268.31623888015747,0.00013860359283100477,0.0017678532749414444,0.00021245591342449187,0.00027429014444351195
1250,269.35671043395996,9.404467402827354e-05,0.0016964320093393326,0.0002102021127939224,0.0002675522118806839
1260,270.465535402298,0.0006035606922186576,0.0017448652535676957,0.00021238289773464202,0.00028196759521961214
1270,271.5909059047699,0.0001633371933853628,0.0017331559211015701,0.000211455300450325,0.00028845630586147306
1280,272.6601436138153,0.0009060751831116237,0.0017653893679380416,0.00021283999085426332,0.00027038417756557464
1290,273.7549502849579,0.0011718496369133747,0.0017168998718261718,0.00020980536937713622,0.0002834636718034744
1300,274.8586759567261,0.0010415987654842167,0.001714712753891945,0.00021295025944709778,0.0002859082072973251
1310,275.9257318973541,0.0004737506827270116,0.001723792403936386,0.00021099969744682313,0.00027064532041549684
1320,276.9931733608246,0.00020745826162807401,0.0017403678347667057,0.00021119142572085077,0.00027884878218173984
1330,278.07818245887756,0.0001242158832710255,0.001751071959733963,0.0002093438059091568,0.0002758421003818512
1340,279.1820158958435,8.292159629167683e-05,0.0016065206378698348,0.00020853355526924134,0.00028173290193080904
1350,280.2571084499359,0.001237249269928109,0.001778065785765648,0.00021513961255550384,0.00027532875537872314
1360,281.35479259490967,0.0005768029044354445,0.001786373183131218,0.00021049045026302337,0.000280848890542984
1370,282.41491293907166,0.00015860390629358624,0.0017213840037584305,0.00021136663854122163,0.00026949308812618256
1380,283.4807457923889,0.00016969349513789588,0.001755988970398903,0.00021230801939964294,0.0002735354006290436
1390,284.5309102535248,0.00014743127131027766,0.001740700751543045,0.00021439678966999053,0.00026391632854938507
1400,285.5799264907837,0.0016597922535023207,0.0017154153436422348,0.00021372623741626738,0.0002662923187017441
1410,286.64266180992126,0.000711155748762643,0.001759672537446022,0.00021090246737003325,0.00027020014822483064
1420,287.69548988342285,0.00023807389054223416,0.0017223389198382695,0.0002107873558998108,0.000273403525352478
1430,288.7700881958008,0.00046850008821659186,0.0017785161733627319,0.0002111978828907013,0.00027151629328727724
1440,289.78583884239197,0.0001409617997234991,0.0017148882150650024,0.0002101704478263855,0.00025916658341884613
1450,290.8961045742035,0.0001823204407169321,0.0016589224338531493,0.00021059550344944,0.0002801857888698578
1460,291.9677858352661,5.51977527309927e-05,0.0017554055899381637,0.00021177977323532103,0.00027230419218540194
1470,293.24054050445557,6.459060297666907e-05,0.0016697708517313004,0.00021070949733257294,0.00032549947500228884
1480,294.32285141944885,4.2140789262062885e-05,0.0016910910606384277,0.00021155253052711486,0.00027734078466892245
1490,295.39519596099854,0.0009391355242825527,0.0017757441848516465,0.00021331682801246644,0.000273006409406662
1500,296.46271562576294,0.0005795591041822424,0.001841854304075241,0.00021483339369297028,0.00027242861688137054
1510,297.5080180168152,0.00045187947321280914,0.0017748098820447923,0.00021208052833875018,0.0002736748506625494
1520,298.59642601013184,0.00015457698826029098,0.0017593596130609512,0.00021428503096103667,0.00027498900890350343
1530,299.6475455760956,0.0001633386520207225,0.0017248451709747314,0.00021067671477794647,0.0002631735056638718
1540,300.7123703956604,4.8725741291591464e-05,0.001758984476327896,0.00021076537668704987,0.0002703692764043808
1550,301.7858567237854,0.00011442872051538044,0.0017320569604635239,0.00021215751767158508,0.0002729751169681549
1560,302.8439431190491,4.652650518645884e-05,0.0017116416245698928,0.00021093785762786864,0.0002696499228477478
1570,303.9369857311249,0.00042900853587098944,0.001709522306919098,0.00020965300500392915,0.00027725398540496827
1580,305.02073645591736,0.0003571472507166856,0.0017380870878696442,0.00021422095596790314,0.00027866028249263765
1590,306.08704900741577,0.00018707245677478945,0.0017471864819526672,0.00021227747201919557,0.0002678297460079193
1600,307.1375813484192,0.0001450228033225781,0.0017190314829349524,0.00021043432255586013,0.00027150735259056106
1610,308.30047082901,8.351499132062678e-05,0.00173371322453022,0.00021093040704727172,0.00029585659503936765
1620,309.4794137477875,3.340103028550978e-05,0.0017501022666692734,0.0002086672931909561,0.0002938736230134964
1630,310.74399280548096,6.557091616744837e-05,0.0016841936856508255,0.00021021626889705658,0.0003242820501327515
1640,311.9445152282715,0.00042446576237150925,0.0017243459820747375,0.00021277964115142822,0.0003129478543996811
1650,313.14149808883667,0.00021823932445264594,0.0017628226429224013,0.00021248385310173034,0.00029968395829200746
1660,314.425222158432,0.00020639190401247897,0.0017742548137903214,0.00021165870130062102,0.0003342092037200928
1670,315.7641396522522,9.506315308402124e-05,0.0017481591552495957,0.00021354034543037416,0.0003442365676164627
1680,316.93279004096985,0.00010094524163381802,0.0017735831439495086,0.00021334066987037658,0.00030011571943759917
1690,318.0762598514557,4.8144875334316104e-05,0.0017002176493406296,0.00021212175488471985,0.00028494708240032194
1700,319.29385113716125,3.1810088245878834e-05,0.0016995864609877266,0.00020667997499306993,0.00026709598799546557
1710,320.3563885688782,0.00011194150587028883,0.0017131391912698745,0.00021426565945148468,0.00027326233685016633
1720,321.4284842014313,2.8441968966977372e-05,0.0017891403287649155,0.00021367520093917847,0.0002743780612945557
1730,322.4983344078064,0.0002519270518302502,0.0017496474087238313,0.00020927228033542633,0.0002757098525762558
1740,323.5776207447052,5.615869196735901e-05,0.0017551932483911513,0.00021367110311985016,0.0002771589905023575
1750,324.66126346588135,6.575522633595898e-05,0.0017596010118722915,0.00021099597215652467,0.0002798665314912796
1760,325.7497682571411,9.507295662504189e-05,0.0017337583005428315,0.00021213702857494354,0.0002777557820081711
1770,326.9233877658844,3.5754634358600713e-05,0.001654338836669922,0.00020974799990653993,0.0003054250031709671
1780,327.9742691516876,0.00032028692579709196,0.0017665311694145202,0.00021621808409690856,0.0002699557691812515
1790,329.0389358997345,0.0002121795202688681,0.0017221466948588687,0.0002093688895304999,0.0002773929387331009
1800,330.12238597869873,8.530245169215134e-05,0.0017449017614126205,0.00021000541746616364,0.00027577131986618043
1810,331.2200629711151,5.4698116727849856e-05,0.0017481796443462373,0.00020680390298366547,0.00028175190091133117
1820,332.3190007209778,9.542418755259519e-05,0.0017601098865270615,0.0002127472311258316,0.00028122924268245695
1830,333.43496656417847,8.756423529177604e-05,0.0016756612807512284,0.00020989254117012023,0.0002864770591259003
1840,334.524817943573,5.818628199842635e-05,0.0017137195914983749,0.0002167012542486191,0.00027758702635765075
1850,335.6375858783722,4.9201842042678746e-05,0.0017195940017700195,0.00021248720586299896,0.0002835612744092941
1860,336.569304227829,0.00010007868553018329,0.001737278699874878,0.0002119164913892746,0.0002382136881351471
1870,337.503324508667,3.594794970966098e-05,0.0017506860196590424,0.0002119995653629303,0.00023702234029769896
1880,338.45267057418823,3.3303572499551735e-05,0.001765577495098114,0.00021328106522560119,0.0002402380108833313
1890,339.36741185188293,2.1144680858725674e-05,0.0017758411665757495,0.0002126292635997136,0.0002383141467968623
1900,340.2930324077606,1.9280100638896513e-05,0.0017133589833974838,0.0002109833061695099,0.00023272521793842315
1910,341.20044708251953,4.138465775548605e-05,0.0017726156860589982,0.00021408013999462127,0.00022813640534877778
1920,342.14133501052856,7.637879148362502e-05,0.0017466288059949874,0.0002129003405570984,0.0002367418259382248
1930,343.0652151107788,6.352703349304378e-05,0.001724979281425476,0.0002130124717950821,0.00023078322410583497
1940,343.98641633987427,0.0002856190543088138,0.001708509400486946,0.00020888373255729676,0.00023264996707439423
1950,344.89000177383423,7.862759863909719e-05,0.0017599016427993774,0.00020917356014251708,0.00022559985518455505
1960,345.79320907592773,8.534517828361343e-05,0.0017311811447143556,0.00021201595664024352,0.00022644661366939546
1970,346.69108724594116,9.66491375963996e-05,0.001730966567993164,0.00021080859005451202,0.00022755414247512817
1980,347.60562205314636,3.5606290065248734e-05,0.0017024861027797058,0.00021418730417887373,0.00023799737294514972
1990,348.53765988349915,2.961636361289155e-05,0.0017585903406143188,0.0002103455364704132,0.0002374257892370224
2000,349.4429614543915,2.2800651626908586e-05,0.0017276391386985778,0.00021119043231010437,0.00022705085575580597
2010,350.28206515312195,2.4433740107815404e-05,0.0017290275543928146,0.00021239928901195526,0.0002109818160533905
2020,351.18110609054565,0.00024988134211913204,0.0017286088317632676,0.00021083801984786988,0.00022511370480060577
2030,352.07476329803467,4.8898620537576874e-05,0.0016711220145225526,0.00021100305020809172,0.00022382624447345734
2040,353.826801776886,7.414476289675231e-05,0.0017463278025388717,0.00021503865718841553,0.00042943544685840606
2050,357.175498008728,7.299071430137694e-05,0.0017299007624387742,0.00020929202437400818,0.0008512962609529495
2060,360.48828411102295,7.067488228339747e-05,0.0017886210232973098,0.00021232403814792634,0.0008417878299951554
2070,363.7378394603729,5.7550029445693764e-05,0.001765623688697815,0.0002121997376283011,0.0008321959525346758
2080,367.0671634674072,3.8006606226456684e-05,0.0017199929803609847,0.00021121837198734283,0.0008374437689781189
2090,370.44354248046875,5.3920811533983425e-05,0.0017532624304294586,0.0002138737589120865,0.0008538205176591874
2100,373.79323554039,2.2553784740000916e-05,0.0016469378024339676,0.00020938515663146973,0.0008327517658472061
2110,377.12495374679565,8.111860590195307e-05,0.0017773102968931197,0.00021191462874412537,0.0008524421602487565
2120,380.4930238723755,0.00012503811481807682,0.0018398705869913101,0.00021502524614334107,0.0008390869945287705
2130,383.87546610832214,4.971311962811142e-05,0.0017581023275852203,0.00020976066589355468,0.0008615262806415558
2140,387.22918820381165,4.6719371880088455e-05,0.0017150230705738068,0.00021558888256549834,0.0008472558110952377
2150,390.5664165019989,3.20605456293116e-05,0.0017103321850299835,0.00021016336977481843,0.0008452113717794419
2160,393.86452865600586,2.9564917977206728e-05,0.001702529937028885,0.0002093914896249771,0.000835566595196724
2170,397.08666729927063,6.056095080214466e-05,0.0017704542726278305,0.00021419289211432134,0.0008233054230610529
2180,400.2264566421509,9.791571651669995e-05,0.0017285265028476715,0.00021164901554584503,0.0007812730967998504
2190,403.3958549499512,3.377412658661094e-05,0.0017502259463071824,0.00021242313086986542,0.0007979646325111389
2200,406.51970291137695,5.303133040978902e-05,0.0017291214317083359,0.00020943619310855865,0.0008014455437660217
2210,409.68002343177795,2.7074471216412267e-05,0.0016974903643131255,0.00021132156252861022,0.000788922980427742
2220,412.8748347759247,1.9597556182110454e-05,0.0016950305551290512,0.00020771995186805726,0.0007945578545331955
2230,416.2154891490936,7.626340543466503e-05,0.0017326619476079942,0.00020936354994773864,0.0008537344634532929
2240,419.4363558292389,2.885286425733935e-05,0.0017970040440559386,0.0002142488956451416,0.0008201781660318374
2250,422.66913890838623,2.2401247790490574e-05,0.0017512306571006776,0.00021194741129875182,0.0008179530501365662
2260,425.92853927612305,2.4644623990571768e-05,0.001704329376419385,0.00021459658940633147,0.0008350173632303875
2270,429.3057270050049,1.3773670354494394e-05,0.0017439261078834533,0.00020966455340385438,0.0008495617657899857
2280,432.68511939048767,1.4736732849388034e-05,0.0017165370285511018,0.0002128623425960541,0.0008418954908847809
2290,435.98700881004333,3.96920163561465e-05,0.0017123546451330185,0.00021145083010196686,0.0008320517838001252
2300,439.3368389606476,5.479446611239003e-05,0.0017206508666276932,0.00021128840744495393,0.0008356709033250809
2310,442.6881194114685,0.00013076629718706824,0.0017065268009901046,0.00021216683089733123,0.000844087079167366
2320,445.97933864593506,4.239875392672843e-05,0.0017390843480825425,0.0002123996615409851,0.0008289217948913574
2330,449.316773891449,3.97136284039451e-05,0.0018366482108831406,0.00021090060472488402,0.0008424006402492524
2340,452.6759912967682,2.4853559877296984e-05,0.0017240289598703384,0.00021245405077934264,0.0008381057530641555
2350,456.00687408447266,2.7073226403420693e-05,0.0017405282706022263,0.0002121865749359131,0.0008405249565839768
2360,459.2472994327545,1.280272522803938e-05,0.0017597145090500516,0.00021331297854582467,0.0008320669333140056
2370,462.6042115688324,4.338929022174587e-05,0.0017136231064796448,0.00020904354751110076,0.0008440565317869187
2380,465.9683804512024,3.523787060522587e-05,0.0017170120030641557,0.0002093784511089325,0.0008401524275541306
2390,469.3122630119324,1.9472868141195975e-05,0.001700296252965927,0.00021026208996772767,0.0008442759513854981
2400,472.6284399032593,1.6230081088899896e-05,0.0017453774809837342,0.00021078288555145263,0.000838412344455719
2410,476.00173139572144,1.5756776426531503e-05,0.001761680468916893,0.00021190904080867768,0.0008447393774986267
2420,477.5655052661896,1.045297076355256e-05,0.0018122080713510514,0.00021634213626384736,0.0003725722432136536
2430,479.15213346481323,1.8518959774224687e-05,0.0017113149166107177,0.00021195150911808015,0.00037912167608737944
2440,480.7528018951416,0.0001788749620382335,0.0017053507268428802,0.00021152831614017485,0.00038517750799655915
2450,483.77775382995605,2.7159256664838206e-05,0.0016926602770884827,0.00020955055952072153,0.0007711722205082575
2460,487.0712127685547,4.0180949593621175e-05,0.0018206950277090072,0.000216858834028244,0.0008352752774953842
2470,488.6604609489441,6.122571426389334e-05,0.001714259386062622,0.00021451115608215333,0.0003952469676733017
2480,489.5615632534027,2.5584822322699542e-05,0.0017493918538093566,0.0002120528370141983,0.00022812485694885255
2490,490.4405040740967,1.5239666797969842e-05,0.0017041828483343124,0.00020903870463371277,0.00022146329283714294
2500,491.3490800857544,1.3568231558336307e-05,0.0017348062247037888,0.00021355189383029938,0.00022868290543556213
2510,492.263710975647,4.0853948810629094e-05,0.0017063356935977936,0.00021076016128063202,0.0002283938229084015
2520,493.17882466316223,1.3136179718903351e-05,0.001746918261051178,0.0002132602035999298,0.00023027919232845306
2530,494.15766859054565,3.58387877203048e-05,0.0017520461231470108,0.00021033138036727906,0.00024421773850917815
2540,495.135320186615,2.8381360124846154e-05,0.001731093848745028,0.00020790745814641324,0.00025206878781318663
2550,496.14321541786194,1.5863675346938776e-05,0.0017232641577720643,0.0002116359770298004,0.00023213475942611693
2560,497.7165355682373,1.3227618930425344e-05,0.0017003241926431655,0.00021164491772651672,0.00037846304476261137
2570,499.31792545318604,8.484864996285979e-06,0.0017678767442703247,0.0002139270305633545,0.00038255006074905396
2580,500.9175262451172,1.092794052299506e-05,0.001713818311691284,0.00021335631608963013,0.00038045868277549746
2590,502.5341684818268,3.218518488478927e-05,0.0017785903066396714,0.00021281577646732331,0.0003915976732969284
2600,504.20680809020996,2.8523945663738727e-05,0.001752789318561554,0.00021028928458690643,0.00040206946432590484
2610,505.8122589588165,1.0794904576807985e-05,0.0017065849155187608,0.0002104971557855606,0.00038848519325256347
2620,507.55300068855286,0.00010681209186866047,0.0017792750149965286,0.0002130981534719467,0.00042175464332103727
2630,510.3733055591583,3.397304402668611e-05,0.0017031587660312653,0.0002084016799926758,0.0006963923573493957
2640,513.6813702583313,2.2497207662728706e-05,0.0017330215622981388,0.00021430800358454382,0.0008498450120290119
2650,517.0408706665039,1.985678855296047e-05,0.0016689226031303406,0.00020724982023239135,0.0008311435580253601
2660,520.2499496936798,1.217665249688693e-05,0.0016989350318908692,0.00021361373364925385,0.0007854331284761429
2670,523.4850051403046,2.9378212467487396e-05,0.0017816998064517976,0.00021081343293190004,0.0008257616311311722
2680,526.8092601299286,3.163951432868517e-05,0.0018172118812799453,0.00021495111286640167,0.0008358281105756759
2690,530.1073191165924,3.368500563234178e-05,0.0017553262412548065,0.00021404586732387543,0.0008367855101823807
2700,533.3818566799164,1.7720455083944375e-05,0.00171961672604084,0.0002102375030517578,0.0008056480437517166
2710,536.7526588439941,1.5387609850187057e-05,0.0017348743975162506,0.00021006613969802855,0.0008480075746774673
2720,540.1312847137451,1.4463070719417103e-05,0.001733824610710144,0.0002091098576784134,0.000852014496922493
2730,543.4070999622345,8.375255959451044e-05,0.001753262430429459,0.00021321227153142308,0.0008427754044532775
2740,546.7945833206177,2.1612589678637885e-05,0.0016886845231056213,0.00021308548748493193,0.0008515544235706329
2750,550.221212387085,2.474156359037194e-05,0.0017321225255727767,0.00021170079708099365,0.0008602578192949295
2760,553.5598936080933,1.7291549623107973e-05,0.0017426460981369019,0.00021018274128437042,0.0008327081799507141
2770,556.8119421005249,5.296285674442069e-05,0.0017525497823953629,0.0002118770033121109,0.0008139237761497498
2780,558.4766597747803,1.387547474418216e-05,0.0017896998673677445,0.00021206438541412353,0.0004195861518383026
2790,559.5634477138519,2.466064869788287e-05,0.0017107203602790833,0.00021317563951015473,0.00028063729405403137
2800,560.693000793457,1.3672773006342954e-05,0.0017141390591859818,0.00021257512271404265,0.0002902951091527939
2810,561.7673523426056,9.454916161316663e-06,0.001750294491648674,0.00021111220121383667,0.0002776149660348892
2820,562.884917974472,7.878857314744247e-06,0.0017074298113584519,0.00020892247557640075,0.00028604939579963685
2830,563.9972901344299,2.715813969686731e-05,0.0017349875221649806,0.00021237023174762725,0.0002950028826793035
2840,565.0749685764313,9.154352898962937e-06,0.0017174776643514634,0.00020999498665332794,0.0002786219120025635
2850,566.1575157642365,2.4593647349610558e-05,0.001801251992583275,0.00021407045423984527,0.00027766153216362
2860,567.3428988456726,9.293179337480085e-06,0.0017426040023565293,0.00021094977855682374,0.00030342377722263335
2870,568.9447445869446,1.045956267849979e-05,0.001716483011841774,0.00021144971251487731,0.0003838013857603073
2880,572.0582065582275,6.072257900783529e-05,0.0017767015844583512,0.000213623046875,0.0007475282996892929
2890,575.4223246574402,1.1208920368460662e-05,0.0017325349152088165,0.0002117060124874115,0.000839005783200264
2900,578.7524764537811,1.2191836572680859e-05,0.0017594896256923676,0.00020998865365982056,0.0008337952196598053
2910,582.141108751297,2.5463804164416182e-05,0.0016527548432350159,0.00021034255623817444,0.0008493483066558838
2920,585.3957304954529,2.2955572410962576e-05,0.0017335262149572373,0.00021020335455735527,0.0008408208688100181
2930,588.4044814109802,3.2170152824995137e-05,0.0017505966126918793,0.0002142135053873062,0.0007493618875741958
2940,590.0027239322662,1.541427870484502e-05,0.0017166320234537126,0.000209822878241539,0.0003848358988761902
2950,591.9928689002991,1.3032500232143529e-05,0.001690642535686493,0.00020807981491088867,0.00047297440469264986
2960,593.4255537986755,1.0820700258454275e-05,0.0017480671405792237,0.00021424926817417144,0.0003760628402233124
2970,594.4767224788666,8.107263579748558e-06,0.0017372310161590577,0.00021260790526866913,0.00027007609605789185
2980,595.5258197784424,2.936769325053712e-05,0.001729283481836319,0.00021339207887649536,0.000268852710723877
2990,596.6022419929504,9.429339454763985e-06,0.0017245009541511536,0.00021042115986347198,0.00027941204607486727
3000,597.6981523036957,1.52237172263453e-05,0.001740211620926857,0.00020979568362236022,0.00028238147497177123
3010,598.7740712165833,2.6863201696053495e-05,0.0017943527549505235,0.00021551524599393223,0.00028235688805580136
3020,599.8447260856628,1.2360219515647474e-05,0.0017480682581663132,0.0002099446952342987,0.00027414187788963316
3030,600.9408414363861,1.3406665536502826e-05,0.001777421310544014,0.00021700449287891387,0.0002794042229652405
3040,602.0039508342743,4.942145274395571e-05,0.001696990430355072,0.00021025165915489197,0.0002739381045103073
3050,602.9933269023895,1.3311525500508958e-05,0.0016727428883314133,0.00020771771669387818,0.00025605820119380953
3060,604.0471835136414,1.0306241200758181e-05,0.001747523620724678,0.00021191686391830444,0.0002694271504878998
3070,605.1329460144043,3.184372772140343e-05,0.0017048005014657975,0.00020915754139423371,0.00028132833540439606
3080,606.1865203380585,1.7606600034142382e-05,0.0017732620239257813,0.00021314769983291627,0.00027193687856197357
3090,607.4874014854431,1.2585809404033754e-05,0.001719387248158455,0.0002140399068593979,0.0003180895000696182
3100,610.1243171691895,9.733409011652983e-06,0.0018005840480327605,0.0002125915139913559,0.0006487097591161728
3110,613.4066445827484,1.041972413309833e-05,0.001712603121995926,0.00021164938807487484,0.0008409564693768818
3120,616.7860231399536,7.322911937218679e-06,0.0017679117619991303,0.00021401457488536834,0.0008524190634489059
3130,620.2033522129059,6.134182978026481e-06,0.0017974648624658584,0.00021233074367046356,0.000866401195526123
3140,623.553961277008,2.012988660565207e-05,0.00171191468834877,0.00020992755889892578,0.00084584541618824
3150,626.8721897602081,6.74707338483016e-06,0.0017392594367265702,0.00021360106766223907,0.0008331336081027985
3160,630.1576015949249,6.381513706360531e-06,0.0016877900809049607,0.0002101350575685501,0.0008362099528312683
3170,633.48796916008,5.1431315587932566e-05,0.0017178412526845932,0.00020887963473796843,0.000841759517788887
3180,636.8546969890594,1.7162645237306374e-05,0.0017450887709856034,0.00021375901997089386,0.0008373118937015534
3190,640.1360673904419,2.385704026960367e-05,0.0017158083617687225,0.00021161362528800964,0.000836297869682312
3200,643.4297556877136,1.0867053768068292e-05,0.0017515675475200012,0.0002106440563996635,0.0008422024548053741
3210,646.8179059028625,1.0191619217569948e-05,0.0017157379537820817,0.0002148214727640152,0.0008466463536024093
3220,650.1261122226715,7.098687357523503e-06,0.0017172496765851975,0.00021079108119010926,0.0008344896137714386
3230,653.452987909317,2.6258643053728158e-05,0.0017708461731672288,0.00020744428038597107,0.000826403871178627
3240,656.7704555988312,3.490514659391375e-05,0.001762234792113304,0.00021469332277774812,0.0008320789784193039
3250,660.1294422149658,1.1261208470789152e-05,0.0017072983086109162,0.00021262131631374359,0.0008432462811470032
3260,663.4301776885986,1.3356241554546289e-05,0.0017321236431598664,0.00021312348544597626,0.0008289452642202377
3270,665.8218488693237,1.0009596316457037e-05,0.0017347067594528198,0.00021259337663650512,0.0006045054644346238
3280,666.899834394455,7.585266276446956e-06,0.0017551273107528687,0.00020954012870788574,0.00027541480958461764
3290,667.9946367740631,1.623680020439444e-05,0.0017229188233613968,0.00021032728254795076,0.0002793535590171814
3300,669.0808396339417,6.463162833805769e-06,0.001718006655573845,0.00020914611717065171,0.00028332558770974476
3310,670.1656312942505,1.4598893052844564e-05,0.0017475944012403488,0.00020835325121879578,0.0002765189856290817
3320,671.2453336715698,4.0190321986186e-05,0.0017357520759105683,0.00021279044449329376,0.00027683712542057035
3330,672.3180491924286,9.283127962034233e-06,0.0017738282680511475,0.00021480098366737365,0.00027373209595680235
3340,673.9284834861755,7.052141847752047e-06,0.001792450249195099,0.00021460689604282379,0.0003801189363002777
3350,675.5221722126007,1.3876130470930059e-05,0.0017546169459819795,0.0002111833542585373,0.00037732496857643125
3360,677.1269674301147,5.975850279651973e-06,0.0017032798379659653,0.00021177493035793305,0.00038092322647571565
3370,678.6547892093658,1.723883230740908e-05,0.001711747795343399,0.000210697203874588,0.00036049559712409974
3380,680.2726657390594,6.982146786152499e-06,0.0016880661249160766,0.00021083056926727295,0.0003834497183561325
3390,681.9569427967072,6.935112263942167e-06,0.0017422273755073546,0.00021381912132104243,0.00041380835076173145
3400,683.5453634262085,6.23241820455478e-06,0.0017517302185297012,0.0002144794911146164,0.0003759421408176422
3410,685.1544101238251,4.416094078410482e-06,0.001761223003268242,0.00021367818117141725,0.00038264468312263487
3420,687.2630014419556,5.250024005803988e-06,0.0017401374876499175,0.00021064653992652893,0.0004993036389350891
3430,690.5863122940063,1.5330651328701596e-05,0.0017402086406946183,0.00021019652485847472,0.0008401188999414444
3440,693.8987791538239,3.9732912971823796e-06,0.0017195101827383041,0.00021114349365234376,0.0008371539413928985
3450,697.2241933345795,1.1687482738600985e-05,0.001728195697069168,0.00021117180585861206,0.0008383840322494507
3460,699.5032629966736,4.4376821673092207e-05,0.001689651980996132,0.00020692236721515657,0.0005785226821899414
3470,701.1201505661011,1.0997529283024443e-05,0.0017485447227954865,0.00021263733506202698,0.00039067938923835753
3480,702.7048454284668,1.3749552664541845e-05,0.0017645119378964108,0.000212821736931801,0.0003891229629516602
3490,704.3262360095978,1.5144019361251759e-05,0.0017597150057554246,0.00021360591053962708,0.0003891564905643463
3500,706.0191173553467,8.33832171820148e-06,0.0017126623541116714,0.00021120421588420867,0.00041047222912311555
3510,707.6342453956604,5.950300076498771e-06,0.0017003994435071945,0.00021211057901382446,0.0003858312964439392
3520,709.2340154647827,1.1957146026211896e-05,0.0017351720482110978,0.00021202675998210907,0.0003851387649774551
3530,710.7442119121552,1.0497052864996692e-05,0.0017553679645061493,0.00020938813686370849,0.0003604896366596222
3540,712.3481020927429,8.720194178502006e-06,0.0017071694135665893,0.00021141134202480317,0.0003828514367341995
3550,714.9697139263153,5.532018258208593e-06,0.001704758033156395,0.00021145008504390715,0.0006392303854227066
3560,716.4268543720245,5.236483505474676e-06,0.001773400604724884,0.00021125413477420806,0.00040001533925533296
3570,717.5922536849976,3.258321975521672e-05,0.001749180257320404,0.0002119705080986023,0.00030405260622501373
3580,718.7611093521118,5.719468718093368e-06,0.0017289931575457257,0.0002099057038625081,0.0003068941334883372
3590,719.9565126895905,7.279800596685093e-06,0.0016946017742156983,0.0002097930759191513,0.00031032785773277283
3600,721.1175081729889,7.0940872274383174e-06,0.001741798222064972,0.00021342411637306213,0.0002988085150718689
3610,722.264084815979,4.183260406859235e-06,0.0017869595438241958,0.00021495968103408815,0.000293692946434021
3620,723.4200201034546,1.8498900678101672e-05,0.0016996316611766816,0.00020946338772773743,0.00029549114406108857
3630,724.5928997993469,2.4595056831577812e-05,0.0017153885215520858,0.00020981505513191224,0.00030103251338005067
3640,725.7655580043793,1.2285482986210127e-05,0.0017420269548892974,0.00021234788000583648,0.0003011614084243774
3650,726.9309811592102,1.2978788050330148e-05,0.0017127197235822678,0.00021097473800182342,0.00029634758830070495
3660,728.0905025005341,8.42203347995174e-06,0.0018048673868179322,0.00021419264376163483,0.000297141820192337
3670,729.2563638687134,6.435445291833042e-06,0.0017607313891251884,0.0002130446334679923,0.00030648919443289417
3680,730.4006042480469,8.336852364432268e-06,0.001761820912361145,0.00021224617958068848,0.00029318854212760924
3690,731.5560657978058,1.0874057626369948e-05,0.0017034761607646943,0.00021118074655532837,0.0002959303557872772
3700,732.7057199478149,4.84932271138383e-06,0.0017464201897382735,0.000211329385638237,0.0002949647605419159
3710,733.8610224723816,5.643798788446119e-06,0.0017043504863977431,0.00020888075232505798,0.0002984583377838135
3720,735.0071432590485,3.183827710750708e-05,0.0017542287707328797,0.00021185390651226043,0.00029768496751785277
3730,736.1638560295105,8.55635932796861e-06,0.0017256747931241989,0.00021106377243995667,0.0003006052225828171
3740,737.3282158374786,7.0456508809574325e-06,0.0017485268414020537,0.00021268166601657869,0.0003012053668498993
3750,738.4799284934998,8.379919934892178e-06,0.0017599880695343018,0.00021349191665649415,0.00029566287994384763
3760,739.5874111652374,5.371318076732856e-06,0.0017025604844093322,0.00021180957555770873,0.0002866733819246292
3770,740.7189514636993,1.3554407323006685e-05,0.0017521298180023831,0.00021421151856581368,0.00029850167532761887
3780,741.8672888278961,4.863241441419031e-06,0.0017200667411088944,0.00021023564040660857,0.00029427781701087954
3790,743.0270237922668,2.2446935147893422e-05,0.0017168492078781128,0.0002122350037097931,0.0002987012267112732
3800,744.2496185302734,6.691674750031184e-06,0.001746969297528267,0.0002126697450876236,0.0003089968115091324
3810,745.4011228084564,5.383418545268359e-06,0.0017544399946928025,0.00021294429898262025,0.00029613934457302095
3820,746.6141786575317,6.324420517761498e-06,0.0017110154032707215,0.00021167173981666564,0.0003111895173788071
3830,747.7664227485657,4.818708455031628e-06,0.0017132896929979325,0.00020769424736499786,0.0003001797944307327
3840,748.9223153591156,1.0246483869608137e-05,0.001767091453075409,0.00021310672163963318,0.00029880739748477936
3850,750.0754284858704,3.885931490965611e-06,0.0017602760344743729,0.00021217800676822662,0.00029961392283439636
3860,751.2035477161407,4.615449917513836e-06,0.001698327809572219,0.00020905050138632456,0.00029615648090839395
3870,752.3383777141571,2.9177817220210623e-05,0.0017734549939632416,0.00021464936435222626,0.0002927422523498535
3880,753.4711263179779,1.074131379633081e-05,0.0017472755163908005,0.00021381042897701265,0.00029307417571544647
3890,754.6068370342255,6.133467652921776e-06,0.001768339052796364,0.00020738765597343444,0.0002921242266893387
3900,755.7476036548615,6.251855252492611e-06,0.0017403282225131988,0.00021213591098785401,0.0002923447638750076
3910,756.8904640674591,5.336434412883672e-06,0.001761583611369133,0.0002083413302898407,0.000293157622218132
3920,758.0456626415253,6.972594680645927e-06,0.0017094433307647706,0.0002128124237060547,0.000301969051361084
3930,759.217371225357,3.621283893848193e-06,0.0017415247857570648,0.00021176598966121674,0.0003015439957380295
3940,760.3935453891754,3.76999532639144e-06,0.0016903538256883622,0.00021163709461688996,0.0003005579113960266
3950,762.0919418334961,3.094213823917613e-06,0.0017198249697685246,0.00021532910565535238,0.0003911125163237255
3960,763.2509043216705,3.1325516159613763e-06,0.0016812775284051895,0.00021049976348876953,0.0002974767237901688
3970,764.4055526256561,9.169782719140041e-06,0.0017394170165061951,0.00021163448691368102,0.0002956472337245941
3980,765.5545883178711,2.3551586523867797e-06,0.001744069904088974,0.00021263062953948974,0.00029715113341808317
3990,766.6567676067352,3.6531270569517547e-06,0.0017036225646734238,0.00021229758858680724,0.0002815369516611099
4000,767.8823869228363,3.3764589072809993e-06,0.0017828073352575303,0.000212860107421875,0.00031468123197555544
4010,769.0332973003387,3.386442641672982e-06,0.0017354443669319152,0.00021314024925231934,0.0002965942025184631
4020,770.188131570816,2.471119102139263e-05,0.0017249245196580888,0.0002075381577014923,0.0002987273037433624
4030,771.3340165615082,3.017285714601581e-06,0.0017489042133092881,0.00021267719566822051,0.00029377378523349763
4040,772.4956181049347,2.0261838923887886e-05,0.0017311766743659974,0.00021038055419921874,0.0003007449209690094
4050,773.8057520389557,7.351276434530707e-06,0.001726090535521507,0.00021543117860953008,0.0003318859885136286
4060,774.9787085056305,6.432425892680116e-06,0.0017373684793710708,0.00021206960082054138,0.00030227601528167727
4070,776.1319670677185,5.450432502704383e-06,0.0017195895314216613,0.00021108947694301606,0.0002967264503240585
4080,777.2746698856354,3.134984227723403e-06,0.0016416434198617935,0.00020861178636550904,0.00029265955090522765
4090,778.434885263443,3.2795516162947846e-06,0.0017850518226623536,0.00021256096661090851,0.0002954035997390747
4100,779.5927670001984,1.9665385994432905e-05,0.0017624784260988236,0.00021174065768718718,0.0002994406968355179
4110,780.7484211921692,9.744842715311841e-06,0.0017422288656234741,0.0002110656350851059,0.0002962242811918259
4120,781.9122200012207,5.4450361805097325e-06,0.0017362616956233979,0.00020873285830020906,0.0003003649413585663
4130,783.0638341903687,5.415133774000491e-06,0.00176466666162014,0.0002117004245519638,0.00030068717896938326
4140,784.2051885128021,6.803900873653124e-06,0.0017878892521063488,0.00021752802034219116,0.00029813908040523526
4150,785.3728783130646,4.299263189344593e-06,0.0017233308404684066,0.00021190829575061797,0.00030281059443950655
4160,786.527592420578,4.160460551744239e-06,0.0017455395311117173,0.00021291561424732208,0.000300370529294014
4170,787.7195944786072,1.8505427739820556e-05,0.0017166499048471451,0.00020518265664577485,0.00030524842441082
4180,788.8889503479004,3.3533768769106188e-06,0.001794671267271042,0.0002106010913848877,0.00029937587678432467
4190,790.0556039810181,9.89158456306538e-06,0.0017854619771242141,0.00021470040082931517,0.00029971115291118624
4200,791.3043422698975,5.469898477730717e-06,0.0017124388366937637,0.00021282508969306947,0.0003239057958126068
4210,792.4982397556305,3.272552680788632e-06,0.0016900669783353806,0.00020961016416549684,0.0003083188086748123
4220,793.6507215499878,3.821943514956127e-06,0.001749030128121376,0.0002133302390575409,0.0002972066402435303
4230,794.7712306976318,7.678140786443466e-06,0.0017067704349756241,0.00021175630390644074,0.0002869710326194763
4240,795.9078359603882,1.6114568035865973e-05,0.0017555639147758483,0.0002119600772857666,0.00029956524570782974
4250,797.04865026474,5.873098362366158e-06,0.0017639558762311935,0.00021233148872852327,0.000294063612818718
4260,798.202693939209,5.1555792340229886e-06,0.001754210889339447,0.00020974576473236083,0.0002966698259115219
4270,799.3675191402435,6.2429092290650076e-06,0.0017716765403747558,0.0002158813178539276,0.00029982924461364747
4280,800.512843132019,3.826601280279563e-06,0.001711777225136757,0.0002122737467288971,0.00029469355940818786
4290,801.6519765853882,6.89241859162526e-06,0.001681375503540039,0.00020926445722579956,0.00029231347143650056
4300,802.8574120998383,3.4221063144018736e-06,0.0017078932374715804,0.00020973719656467438,0.00030711926519870757
4310,804.0162081718445,2.918914833996422e-06,0.001727430522441864,0.00021083056926727295,0.0002966772764921188
4320,805.1580495834351,2.155294254524431e-06,0.0017566706985235215,0.00021443963050842284,0.00029417797923088075
4330,806.2838499546051,2.2023856847547263e-06,0.001712695012489955,0.00020934243996938075,0.00029545898238817847
4340,807.4563343524933,6.227802052591325e-06,0.0017779540270566941,0.00021437257528305053,0.0002989809960126877
4350,808.6003649234772,6.061828288347893e-06,0.0017977371811866761,0.00021347403526306152,0.000295170396566391
4360,809.7444636821747,2.965081840639039e-06,0.00169413723051548,0.00020944587886333464,0.00029339045286178587
4370,810.8867883682251,2.749110043051561e-06,0.0017256639897823335,0.00021164976060390473,0.000293051078915596
4380,812.0335412025452,1.7938054105681724e-05,0.0017271891236305236,0.0002113591879606247,0.0002939179539680481
4390,813.183027267456,7.215546547884033e-06,0.0017033763229846953,0.00020776502788066864,0.0002949919551610947
4400,814.4057033061981,6.9222800488211165e-06,0.0017314769327640533,0.00021377354860305787,0.0003135122358798981
4410,815.5472600460052,4.370630578554025e-06,0.0017261646687984466,0.00021205395460128785,0.00029377974569797514
4420,816.6748960018158,2.79932575451558e-06,0.001775877922773361,0.00021191649138927468,0.00029393744965394345
4430,817.8242483139038,1.0353442154170667e-05,0.0017788596451282501,0.00021546296775341034,0.0002949856221675873
4440,818.9597260951996,5.417862366990933e-06,0.0017079781740903855,0.0002142101526260376,0.0002915509045124054
4450,820.1057267189026,6.477277563796124e-06,0.0017691656947135925,0.00021634362637996675,0.0002950586378574371
4460,821.160192489624,4.0125194827128615e-06,0.0017433103173971176,0.0002122793346643448,0.00027194581925868986
4470,822.2910761833191,3.084347267648391e-06,0.001725727692246437,0.00021074488759040833,0.0002921778708696365
4480,823.4449217319489,3.2784981304406768e-06,0.0017099615186452865,0.00021052137017250062,0.0002967827022075653
4490,824.5979702472687,2.086003947848747e-06,0.0016950514167547227,0.00021129250526428223,0.00029754601418972013
4500,825.7592811584473,5.913878394597782e-06,0.0017355300486087799,0.00020688921213150025,0.0002978481352329254
4510,826.8980536460876,7.166272439051991e-06,0.0017578642815351485,0.0002077929675579071,0.00029462799429893496
4520,828.0142822265625,2.8165535855051437e-06,0.0017052861551443733,0.0002120833843946456,0.0002922953416903813
4530,829.1633620262146,2.9210413894864563e-06,0.0017094448208808898,0.00021043531596660615,0.00029487498104572294
4540,830.3044242858887,2.554274427760128e-06,0.0017348174005746841,0.0002110462635755539,0.00029360651969909666
4550,831.4511730670929,1.6488549581678003e-05,0.0017981044948101044,0.00021451115608215333,0.0002937100827693939
4560,832.5976860523224,4.7729375904526085e-06,0.0017449099570512772,0.0002154465764760971,0.00029887855052948
4570,833.8658695220947,4.3695079882249965e-06,0.0017404116690158844,0.00021110475063323975,0.00032012872397899626
4580,835.0038871765137,5.665831353965367e-06,0.0017296075820922852,0.00021039769053459166,0.0002924695611000061
4590,836.1499872207642,5.7317821349156525e-06,0.0017548739910125733,0.0002070501446723938,0.00029496103525161743
4600,837.3073456287384,3.1889031263970803e-06,0.0017060160636901856,0.00021303482353687286,0.00029941238462924955
4610,838.5135419368744,2.619758273175732e-06,0.001732454945643743,0.00021170303225517286,0.0003162397692600885
4620,839.6695337295532,9.400574694065632e-06,0.0017309945076704025,0.00021265074610710144,0.00029645971953868867
4630,840.8201501369476,2.464218178863109e-06,0.0017815671861171722,0.00021315291523933412,0.0002966165542602539
4640,841.9672811031342,2.916391919796646e-06,0.0017337072640657425,0.00021200776100158692,0.0002951759845018387
4650,843.1186616420746,2.542081259351847e-06,0.0017414242029190063,0.0002147398889064789,0.0002951133996248245
4660,844.2863137722015,2.4247240263758353e-06,0.001710834726691246,0.0002116832882165909,0.0002990134060382843
4670,845.4299471378326,2.0374713144921675e-06,0.001691817119717598,0.0002122890204191208,0.0002949923276901245
4680,846.5719673633575,1.687288760898742e-06,0.001750475913286209,0.00021262019872665406,0.00029514357447624207
4690,847.7157707214355,1.6480495437540265e-05,0.0017314404249191284,0.00020671077072620392,0.00029351189732551575
4700,848.8441679477692,6.758233197190488e-06,0.0017244398593902587,0.00021005384624004365,0.0002914685755968094