#=== darpa_temp_endtoend_base_w10_5b5a_0.001lr ===
#
#Metrics:
#  Accuracy: 0.8474 | Micro F1: 0.8474 | Macro F1: 0.6981 | 
#  False Alarms: 5757 | False Alarm Rate: 0.3673
#  Missed Attacks: 2 | Detection Rate: 0.9999
#
#Per-Class Metrics:
#  [phase1] P=0.0026 | R=1.0000 | F1=0.0051 | 
#  [phase2] P=0.3158 | R=1.0000 | F1=0.4800 | 
#  [phase3] P=1.0000 | R=1.0000 | F1=1.0000 | 
#  [phase4] P=1.0000 | R=1.0000 | F1=1.0000 | 
#  [phase5] P=0.8661 | R=0.9999 | F1=0.9282 | 
#
#Inference time:
#  Average: 0.0051 | Total: 190.6599
#
#Confusion Matrix:
#         	      	      	      	Actual	      	      	      
#         	      	benign	phase1	phase2	phase3	phase4	phase5
#         	benign	  9918	     0	     0	     0	     0	     2
#         	phase1	  2338	     6	     0	     0	     0	     0
#Predicted	phase2	    13	     0	     6	     0	     0	     0
#         	phase3	     0	     0	     0	    10	     0	     0
#         	phase4	     0	     0	     0	     0	     6	     0
#         	phase5	  3406	     0	     0	     0	     0	 22040
i,time,loss,ground_time,compile_time,eval_time
10,0.39160776138305664,0.6618467988446355,0.001339931488037107,0.00014961719512939447,0.00019432783126831056
20,0.8226926326751709,0.5835088588297367,0.0014888127644856744,0.00016624132792154937,0.00023819367090860996
30,1.25343918800354,0.39678748819278553,0.001488812764485674,0.00016624132792154937,0.00024068355560302726
40,1.6874058246612549,0.2869140842871275,0.001488812764485674,0.00016624132792154937,0.00023616313934326155
50,2.2282235622406006,0.1967208291083807,0.0014888127644856741,0.00016624132792154937,0.00028807401657104475