#=== darpa_temp_context_endtoend_base_w10_5b5a_0.001lr ===
#
#Metrics:
#  Accuracy: 0.9625 | Micro F1: 0.9625 | Macro F1: 0.9463 | 
#  False Alarms: 1414 | False Alarm Rate: 0.0902
#  Missed Attacks: 2 | Detection Rate: 0.9999
#
#Per-Class Metrics:
#  [phase1] P=0.8333 | R=0.8333 | F1=0.8333 | 
#  [phase2] P=0.8571 | R=1.0000 | F1=0.9231 | 
#  [phase3] P=1.0000 | R=1.0000 | F1=1.0000 | 
#  [phase4] P=1.0000 | R=1.0000 | F1=1.0000 | 
#  [phase5] P=0.9398 | R=1.0000 | F1=0.9689 | 
#
#Inference time:
#  Average: 0.0048 | Total: 182.6574
#
#Confusion Matrix:
#         	      	      	      	Actual	      	      	      
#         	      	benign	phase1	phase2	phase3	phase4	phase5
#         	benign	 14261	     1	     0	     0	     0	     1
#         	phase1	     1	     5	     0	     0	     0	     0
#Predicted	phase2	     1	     0	     6	     0	     0	     0
#         	phase3	     0	     0	     0	    10	     0	     0
#         	phase4	     0	     0	     0	     0	     6	     0
#         	phase5	  1412	     0	     0	     0	     0	 22041
i,time,loss,ground_time,compile_time,eval_time
10,0.39030957221984863,0.5378164248539495,0.0023044967651367184,0.0002165865898132327,0.0002642480532328288
20,0.904686450958252,0.4622844444586158,0.0025605519612630213,0.00024065176645914738,0.00039811929066975915
30,1.4258537292480469,0.16520549186954364,0.0025605519612630213,0.00024065176645914738,0.0004116598765055341
40,1.9347150325775146,0.022866573172920412,0.002560551961263021,0.00024065176645914733,0.00039740482966105163
50,2.742239475250244,0.003984592876637846,0.0025605519612630218,0.00024065176645914738,0.0006452925999959312