#=== darpa_temp_context_endtoend_base_w10_10b10a_0.001lr ===
#
#Metrics:
#  Accuracy: 0.9625 | Micro F1: 0.9625 | Macro F1: 0.9463 | 
#  False Alarms: 1414 | False Alarm Rate: 0.0902
#  Missed Attacks: 2 | Detection Rate: 0.9999
#
#Per-Class Metrics:
#  [phase1] P=0.8333 | R=0.8333 | F1=0.8333 | 
#  [phase2] P=0.8571 | R=1.0000 | F1=0.9231 | 
#  [phase3] P=1.0000 | R=1.0000 | F1=1.0000 | 
#  [phase4] P=1.0000 | R=1.0000 | F1=1.0000 | 
#  [phase5] P=0.9398 | R=1.0000 | F1=0.9689 | 
#
#Inference time:
#  Average: 0.0051 | Total: 193.6177
#
#Confusion Matrix:
#         	      	      	      	Actual	      	      	      
#         	      	benign	phase1	phase2	phase3	phase4	phase5
#         	benign	 14261	     1	     0	     0	     0	     1
#         	phase1	     1	     5	     0	     0	     0	     0
#Predicted	phase2	     1	     0	     6	     0	     0	     0
#         	phase3	     0	     0	     0	    10	     0	     0
#         	phase4	     0	     0	     0	     0	     6	     0
#         	phase5	  1412	     0	     0	     0	     0	 22041
i,time,loss,ground_time,compile_time,eval_time
10,1.3663694858551025,0.569339974410682,0.0025079119205474914,0.00024008274078369103,0.0005113057295481362
20,2.891583204269409,0.44377008299326626,0.002786568800608324,0.0002667586008707677,0.000610148906707764
30,4.656086444854736,0.10893354136480113,0.002786568800608326,0.0002667586008707677,0.0006937023003896081
40,7.308384418487549,0.007476826361213834,0.002786568800608325,0.00026675860087076777,0.0010334241390228273
50,8.690466165542603,0.0013150099708734448,0.002786568800608325,0.0002667586008707677,0.0005469199021657307