#=== darpa_temp_endtoend_base_w10_10b10a_0.001lr ===
#
#Metrics:
#  Accuracy: 0.8263 | Micro F1: 0.8263 | Macro F1: 0.6874 | 
#  False Alarms: 6558 | False Alarm Rate: 0.4184
#  Missed Attacks: 0 | Detection Rate: 1.0000
#
#Per-Class Metrics:
#  [phase1] P=0.0021 | R=1.0000 | F1=0.0041 | 
#  [phase2] P=0.3000 | R=1.0000 | F1=0.4615 | 
#  [phase3] P=1.0000 | R=1.0000 | F1=1.0000 | 
#  [phase4] P=1.0000 | R=1.0000 | F1=1.0000 | 
#  [phase5] P=0.8580 | R=1.0000 | F1=0.9236 | 
#
#Inference time:
#  Average: 0.0046 | Total: 175.2732
#
#Confusion Matrix:
#         	      	      	      	Actual	      	      	      
#         	      	benign	phase1	phase2	phase3	phase4	phase5
#         	benign	  9117	     0	     0	     0	     0	     0
#         	phase1	  2895	     6	     0	     0	     0	     0
#Predicted	phase2	    14	     0	     6	     0	     0	     0
#         	phase3	     0	     0	     0	    10	     0	     0
#         	phase4	     0	     0	     0	     0	     6	     0
#         	phase5	  3649	     0	     0	     0	     0	 22042
i,time,loss,ground_time,compile_time,eval_time
10,0.7578823566436768,0.6377492507919669,0.0013138961791992157,0.0001652097702026367,0.00019532839457194018
20,1.6484653949737549,0.6045249427203089,0.0014598846435546838,0.000183566411336263,0.00023391087849934886
30,2.5564639568328857,0.43163057826459406,0.0014598846435546838,0.00018356641133626295,0.000246289571126302
40,3.380884885787964,0.32315367767005226,0.001459884643554683,0.00018356641133626298,0.0002263637383778893
50,4.210024118423462,0.23166007519394044,0.001459884643554684,0.00018356641133626298,0.00022583564122517912