#=== darpa_temp_context_endtoend_base_w10_1000b1000a_0.001lr ===
#
#Metrics:
#  Accuracy: 0.9991 | Micro F1: 0.9991 | Macro F1: 0.9591 | 
#  False Alarms: 21 | False Alarm Rate: 0.0013
#  Missed Attacks: 14 | Detection Rate: 0.9994
#
#Per-Class Metrics:
#  [phase1] P=0.8333 | R=0.8333 | F1=0.8333 | 
#  [phase2] P=0.8571 | R=1.0000 | F1=0.9231 | 
#  [phase3] P=1.0000 | R=1.0000 | F1=1.0000 | 
#  [phase4] P=1.0000 | R=1.0000 | F1=1.0000 | 
#  [phase5] P=0.9991 | R=0.9994 | F1=0.9993 | 
#
#Inference time:
#  Average: 0.0044 | Total: 167.2493
#
#Confusion Matrix:
#         	      	      	      	Actual	      	      	      
#         	      	benign	phase1	phase2	phase3	phase4	phase5
#         	benign	 15654	     1	     0	     0	     0	    13
#         	phase1	     1	     5	     0	     0	     0	     0
#Predicted	phase2	     1	     0	     6	     0	     0	     0
#         	phase3	     0	     0	     0	    10	     0	     0
#         	phase4	     0	     0	     0	     0	     6	     0
#         	phase5	    19	     0	     0	     0	     0	 22029
i,time,loss,ground_time,compile_time,eval_time
10,1.0961756706237793,0.5019374782218169,0.0023662082850933073,0.00027318112552165985,0.00027157142758369444
20,2.344794511795044,0.3979049998799749,0.0026587739586830137,0.0002891652286052704,0.0003209855407476425
30,3.5905752182006836,0.12844587612474392,0.002682473510503769,0.00030934326350688933,0.0003190640360116959
40,4.948043346405029,0.0729223777596767,0.00266948901116848,0.0003195576369762421,0.0003375362604856491
50,6.221060514450073,0.08061244530965388,0.00266629159450531,0.00029268600046634675,0.00031436271965503695
60,7.93525505065918,0.04264571401057472,0.002628910169005394,0.0005855925381183624,0.0004006590694189072
70,9.05817174911499,0.09225203123627132,0.0027085881680250167,0.00030168890953063965,0.0003039702773094177
80,10.256463766098022,0.06866015911494747,0.0026262667030096053,0.0003025323152542114,0.0003016870468854904
90,11.499808073043823,0.04666323067488355,0.002638440579175949,0.00030138343572616577,0.00031933896243572233
100,14.03672194480896,0.08339888960162258,0.0028254811962445587,0.00030391613642374675,0.0007945988327264786
110,17.5224289894104,0.04372460923754905,0.002661622688174248,0.0002998746931552887,0.0012853261083364486
120,20.805076599121094,0.05780202642111197,0.002698488160967827,0.00030962340533733366,0.0011990018188953399
130,24.191418409347534,0.04334290255342288,0.0026726294308900833,0.000309106707572937,0.0012324102222919463
140,25.50399923324585,0.048210930350474294,0.0026573259383440018,0.00031271986663341524,0.0004736427217721939
150,26.76205587387085,0.04584839100373903,0.0026766996830701827,0.00030167810618877413,0.0004532527178525925
160,27.99369215965271,0.026120351867061853,0.0026484325528144835,0.0003068991005420685,0.00044097639620304107
170,29.256205081939697,0.033558770931305784,0.002631191536784172,0.0002960696816444397,0.00045485161244869233
180,30.462932586669922,0.03092211125840456,0.0026836417615413665,0.0005745347589254379,0.0004376653581857681
190,31.676889181137085,0.02138069168034435,0.0026245153198639517,0.0005813863128423691,0.0004484323163827261
200,32.876325607299805,0.03159084461771135,0.002663114666938782,0.00030623190104961395,0.0004325959831476212
210,33.98825716972351,0.024277959681315534,0.0026261724531650545,0.00031071044504642485,0.0003965552896261215
220,35.06816363334656,0.01313091856285715,0.0026562560349702837,0.0003103718161582947,0.00038743838667869567
230,36.192102670669556,0.025153070354527123,0.0026612494140863417,0.00030118413269519806,0.0004026532173156738
240,37.28281855583191,0.01630547988309905,0.0026731617748737336,0.00030147768557071687,0.0003925580531358719
250,38.375025272369385,0.016818231262647372,0.0027038488537073136,0.00029503367841243744,0.0003913428634405136
260,39.493736028671265,0.010467963740926556,0.002676708996295929,0.0003170676529407501,0.0003971140831708908
270,40.593149185180664,0.005294342553519507,0.002668609470129013,0.0002873510122299194,0.000396796315908432
280,41.740200996398926,0.01287442179787524,0.0026769418269395827,0.00030225031077861785,0.00041039995849132536
290,42.62921452522278,0.010794081401027947,0.002650749186674753,0.0005914508054653802,0.0003240539381901423
300,43.39106464385986,0.007186074383727622,0.002640819177031517,0.00030011534690856936,0.00027483515441417694
310,44.17572093009949,0.006208659049512363,0.002682991698384285,0.00029290132224559786,0.0002797998487949371
320,45.11975693702698,0.004883897468306258,0.002691621333360672,0.00030241943895816805,0.00035508126020431516
330,45.984336614608765,0.007818442838863196,0.0026559066027402878,0.00030325017869472506,0.0003161128610372543
340,46.88108253479004,0.004511603345500026,0.0027335066348314284,0.0003045506775379181,0.000333891436457634
350,47.760937213897705,0.004860380197622102,0.0026466824114322663,0.00030852481722831726,0.00033260583877563475
360,48.60911703109741,0.0030887734472296534,0.0026915766298770904,0.0002940177917480469,0.0003231674432754517
370,49.48993420600891,0.002370351218607758,0.0026270121335983275,0.00030729994177818297,0.0003438301384449005
380,50.30498290061951,0.00141470340102084,0.0026368206987778314,0.00030646075805028275,0.0003623126695553462
390,51.09499549865723,0.0026840257719518063,0.0026651863008737564,0.0003021322190761566,0.0003568898886442184
400,51.91018462181091,0.002828158474215939,0.002664097771048546,0.0002994980663061142,0.0003478743135929108
410,52.707353830337524,0.001984008573335158,0.0026469677686691284,0.0005808692425489425,0.00034700147807598114
420,53.482651472091675,0.0031211095078058416,0.0027004189789295195,0.0002941548824310303,0.0003492817282676697
430,54.274277210235596,0.0007586167309228175,0.002669983729720116,0.0003155570477247238,0.0003534957766532898
440,55.07853674888611,0.000858138152656715,0.0026854656636714934,0.0003011293709278107,0.0003671981394290924
450,55.92789077758789,0.0006633625859780612,0.002676880359649658,0.0003100886940956116,0.00038669072091579437
460,56.789088010787964,0.0018458889126987343,0.002630743756890297,0.0003046557307243347,0.0003885749727487564
470,57.639822244644165,0.0007018482699924416,0.0026703570038080215,0.0003051925450563431,0.00038455575704574583
480,58.46723175048828,0.0004665801991568315,0.0026666904489199322,0.0003117453306913376,0.00038828675945599874
490,59.32727122306824,0.0006565827094914822,0.0026448681950569154,0.0003101367503404617,0.00038991160690784457
500,60.17419934272766,0.0008835791745743476,0.002664913982152939,0.000303037092089653,0.00038098618388175963
510,61.042211055755615,0.004390056939395401,0.002663261070847511,0.00030507966876029967,0.0003932025283575058
520,62.22278690338135,0.0014132747305841548,0.002610495686531067,0.00029600448906421664,0.0005059048533439636
530,63.614927530288696,0.003048586918595139,0.0026881564408540726,0.0002903025597333908,0.0006147652864456176
540,66.46644496917725,0.000606669739688126,0.002683237940073013,0.0003055766224861145,0.0012781355530023576
550,69.20771622657776,0.0007057187742753185,0.0027392227202653885,0.00029339902102947234,0.0012214809656143188
560,71.99930453300476,0.00030084169754039105,0.002660253643989563,0.0005868904292583466,0.0012781821191310883
570,74.66881442070007,0.0002610135380759012,0.0026493486016988766,0.0003161468853553136,0.0012663015474875768
580,77.24393033981323,0.00033724046462771384,0.002723100781440735,0.0005786705762147904,0.0012064579874277114
590,80.01571917533875,0.000607566593690953,0.0026047669351100923,0.0003167133778333664,0.0012915778905153274
600,82.73578524589539,0.0005240919419971762,0.0026557859033346175,0.0003027040511369705,0.0012173451483249663
610,85.3089063167572,0.0011680640366843991,0.002665059268474579,0.0002989593893289566,0.0011460203677415848
620,86.08039808273315,0.0006064011553065074,0.0026786360889673234,0.00030226856470108034,0.000349031388759613
630,86.83950281143188,0.0003057492789758004,0.002617591992020607,0.000302182137966156,0.00035313665866851804
640,87.5763201713562,0.002975102207119906,0.0026730231940746306,0.000289255753159523,0.00033821426331996917
650,88.33662271499634,0.0007101233485032859,0.002706440910696983,0.00030051320791244505,0.00034759491682052613
660,89.04792714118958,0.00017135700838319482,0.0026877402017513883,0.0003136696914831797,0.00035332242647806797
670,89.72228050231934,0.00013125625030759036,0.0026484828442335127,0.00029368698596954346,0.00034292228519916534
680,90.37998962402344,0.00024346456868718224,0.002643393725156784,0.0003024671226739883,0.00033851414918899535
690,91.08663940429688,0.0034885790979988065,0.002665124461054802,0.00030234679579734804,0.000331873819231987
700,91.80523800849915,0.0013465511096371174,0.0026788454502820968,0.0003079306334257126,0.0003331199288368225
710,92.51437306404114,0.0002686512875169911,0.0026470404118299484,0.00030634813010692595,0.0003397207707166672
720,93.16319012641907,0.00011983372206833542,0.0026415660977363586,0.00031545311212539674,0.0003253579139709473
730,93.80301284790039,0.00010651367186090833,0.0026768755167722704,0.0005798444151878356,0.00033344291150569914
740,94.43284177780151,0.005234547959734981,0.0026952292770147323,0.0003008287400007248,0.00033174604177474973
750,95.11067008972168,0.0005573963209295707,0.002715103328227997,0.0003020618110895157,0.00032614953815937044
760,95.84429931640625,0.000697840034540223,0.002646816273530324,0.00030534577866395314,0.00034617545704046884
770,96.55420017242432,0.0002692714703601079,0.002667970582842827,0.00030710063874721526,0.0003392785787582397
780,97.22711563110352,0.00013688143072193015,0.0026978358626365663,0.00030016936361789706,0.0003336183726787567
790,97.91937041282654,0.0001294311148145294,0.002633638307452202,0.0005897112190723419,0.0003501206636428833
800,98.5969078540802,0.0012374401022815702,0.0026762064546346663,0.0002990700304508209,0.00033583194017410277
810,99.2968966960907,0.000418633154474779,0.0026644278317689896,0.00028900429606437683,0.0003401562571525574
820,100.0364260673523,0.00042013054836990136,0.0026522036641836166,0.00030999481678009035,0.0003490004688501358
830,100.72675132751465,0.0002025270357512987,0.0026718195527791976,0.00030475892126560213,0.0003431767225265503
840,101.4038758277893,0.001506465172684618,0.0027083724737167357,0.0002950161695480347,0.0003363166004419327
850,102.08615517616272,0.00033509644683979157,0.0026549768944581324,0.00031293767193953185,0.0003390797724326452
860,102.7592716217041,0.00022021861949786948,0.002662840858101845,0.0002992890775203705,0.00032553263008594513
870,103.42028021812439,0.000400276470759936,0.002698126062750816,0.000292099267244339,0.0003352932631969452
880,104.1272029876709,0.00045405756533559437,0.0026727378368377685,0.00030754879117012024,0.00035459324717521665
890,104.94005846977234,0.00015134849821455686,0.0026508498936891555,0.00029343105852603913,0.00040107890963554383
900,105.62651467323303,0.00014841744455912353,0.0026436887681484224,0.00030500181019306184,0.000348895788192749
910,106.30690097808838,0.00010523343501182004,0.0026601314544677734,0.0003078274428844452,0.0003447640687227249
920,106.96754956245422,8.545196634804353e-05,0.0026511929929256437,0.0003171484917402267,0.00034073702991008756
930,107.62019157409668,6.904691350263503e-05,0.0026799745857715605,0.00029554106295108794,0.00033576227724552155
940,108.27942252159119,6.985629501463086e-05,0.0026879724115133285,0.0005918752402067184,0.0003370609134435654
950,108.92783904075623,3.962549737727417e-05,0.002655088653167089,0.00030240068833033243,0.0003426416466633479
960,109.60949325561523,0.00020919364069390544,0.0026587121188640594,0.0003061279654502869,0.0003573089838027954
970,110.28823256492615,8.38827708817852e-05,0.0026678901165723802,0.0005802184343338013,0.0003442719578742981
980,110.92518615722656,6.079021093717274e-05,0.0026653796434402467,0.0002996351569890976,0.0003274973481893539
990,111.59431219100952,5.380323862289038e-05,0.002649124339222908,0.0003117617219686508,0.0003441862761974335
1000,112.25954508781433,5.010558037403523e-05,0.0026679646223783495,0.0003073286265134811,0.00033716261386871336
1010,112.90479516983032,3.947220506935467e-05,0.002710500732064247,0.00030021592974662783,0.0003415122628211975
1020,113.56516909599304,0.0006630606622895163,0.002643502876162529,0.00030626431107521056,0.00034033171832561495
1030,114.27416396141052,0.00028448891135743614,0.002664615213871002,0.00029716379940509797,0.0003432281315326691
1040,114.92733836174011,0.00010943840679237815,0.0027152915795644137,0.00030381642282009127,0.00033745045463244117
1050,115.56641459465027,5.7364966135850516e-05,0.0026698514819145204,0.00030431635677814485,0.0003274001181125641
1060,116.18386650085449,4.168501862571727e-05,0.0026871271431446074,0.0005819272249937057,0.00032081156969070433
1070,116.8236825466156,3.500302485340001e-05,0.002652735263109207,0.0003034353256225586,0.00033480674028396606
1080,117.44775414466858,2.8537733362893336e-05,0.0026854533702135087,0.0002960249781608582,0.0003268979489803314
1090,118.06609296798706,2.9029323137505502e-05,0.0026672884821891786,0.000302332267165184,0.0003214903175830841
1100,118.6900520324707,3.35904984803459e-05,0.002642562985420227,0.0003055639564990997,0.0003258060663938522
1110,119.31246089935303,0.0005971288729815255,0.0026420745998620987,0.0003082726150751114,0.0003248564898967743
1120,119.93344831466675,0.00013487079229156372,0.0026807278394699098,0.0003024455159902573,0.0003188878297805786
1130,120.55676913261414,0.00020283328287841275,0.002663133417566615,0.00030907752613226557,0.000323118269443512
1140,121.12737202644348,6.747487369102023e-05,0.0026599641889333723,0.000317436084151268,0.0002888299524784088
1150,121.75983166694641,3.9599882545840456e-05,0.0026546645909547805,0.0002984937280416489,0.0003312867134809494
1160,122.35652780532837,2.449860751772559e-05,0.00264899916946888,0.0003046281635761261,0.00031733401119709014
1170,122.98031997680664,7.915894138198487e-05,0.0026709865778684616,0.0003005757927894592,0.00032702721655368804
1180,123.58784651756287,0.00012912035188270555,0.0026484012603759767,0.000583101436495781,0.00031734853982925417
1190,124.24102735519409,0.0001843977312049605,0.0026850998401641846,0.0003121960908174515,0.00033965222537517547
1200,124.84889245033264,5.253412487852549e-05,0.002696530520915985,0.0002913571894168854,0.00032165050506591795
1210,125.48941040039062,9.333619172840757e-05,0.002676736190915108,0.00029992982745170594,0.0003242049366235733
1220,126.28585195541382,4.37392987362839e-05,0.002671581879258156,0.00029720813035964965,0.0006242558360099792
1230,126.89971542358398,3.61485378536521e-05,0.0026661285509665803,0.00030872325102488193,0.0003310997039079666
1240,127.50256538391113,3.915334609337906e-05,0.00268116295337677,0.0002988472580909729,0.00032067112624645233
1250,128.11090397834778,2.252750340664411e-05,0.0026420537382364274,0.0003038126975297928,0.00032150186598300934
1260,128.73634386062622,2.2313979715465894e-05,0.0026649143546819687,0.0003149021416902542,0.0003311794251203537
1270,129.34306168556213,0.000244908816521186,0.002659938111901283,0.0005830954760313034,0.00031457096338272095
1280,129.95820140838623,5.976761729490077e-05,0.0026517394930124284,0.0003041453659534454,0.00032386742532253265
1290,130.5708453655243,0.00010214378905635258,0.0026695124804973604,0.00029642507433891296,0.00031608417630195617
1300,131.17133927345276,4.892014499268127e-05,0.002687380090355873,0.00029627904295921327,0.00031076110899448396
1310,131.80847096443176,2.1880611015834273e-05,0.002678181603550911,0.00030501000583171844,0.00033732764422893523
1320,132.47262263298035,0.0001688602308604505,0.002635175858934717,0.0003051129480202991,0.0003596942871809005
1330,133.21323227882385,7.11320257156478e-05,0.00265238918364048,0.00030974820256233213,0.00039295554161071776
1340,134.86213278770447,4.2738207978115784e-05,0.00270342193543911,0.00029927156865596773,0.0008450489491224289
1350,135.78906154632568,4.191625178995573e-05,0.002652822807431221,0.0002830181270837784,0.00047067366540431976
1360,136.72614645957947,7.246757082091936e-05,0.0027012724429368975,0.0003026336431503296,0.000478261336684227
1370,137.4387490749359,2.0692920792036996e-05,0.002686753123998642,0.0003167126327753067,0.0003829292953014374
1380,138.0397789478302,2.971895744400821e-05,0.002695261687040329,0.00030539557337760925,0.0003170188516378403
1390,138.59918665885925,1.922801455185308e-05,0.0026811409741640093,0.0005876969546079636,0.0002981230616569519
1400,139.15755915641785,1.78179773609205e-05,0.0026155330240726473,0.0003048926591873169,0.00029855705797672273
1410,139.7211799621582,1.3768792084134506e-05,0.0026500105857849123,0.00029683783650398255,0.0003035109490156174
1420,140.28375887870789,1.5732419783831554e-05,0.0027053623149792356,0.0002952314913272858,0.00030690456430117294
1430,140.8315782546997,1.3098036965761284e-05,0.0026511069387197494,0.0003093298524618149,0.00029213838279247285
1440,141.3633725643158,1.2302931083266188e-05,0.0026675298810005187,0.0003039747476577759,0.00028631649911403656
1450,141.85314226150513,1.0631546681080794e-05,0.002651792764663696,0.0003126993775367737,0.00026234686374664306
1460,142.3867199420929,1.0043915080526489e-05,0.0026521265506744387,0.0002959609031677246,0.00028873942792415617
1470,142.91227316856384,0.00023021877978313953,0.002680275961756706,0.00030932612717151644,0.0002860452979803085
1480,143.4313108921051,5.1485690686012275e-05,0.002700863778591156,0.0005846858024597168,0.00027542226016521456
1490,143.99679851531982,0.0001793505544057994,0.00263691283762455,0.000300762802362442,0.0002968262881040573
1500,144.56896209716797,2.992619324307666e-05,0.002668346464633942,0.00030768439173698423,0.00029899701476097105
1510,145.14260149002075,9.021023035233703e-06,0.002621895571549735,0.00029504150152206423,0.0003145008037487666
1520,145.67936539649963,1.0754385884495509e-05,0.0026770614087581633,0.0002972248941659927,0.00028980299830436704
1530,146.19790244102478,1.0931725927235125e-05,0.002646246924996376,0.0002964414656162262,0.000280781090259552
1540,146.69700479507446,0.0001307395608120543,0.002675953507423401,0.0003082007169723511,0.0002718869596719742
1550,147.17757987976074,1.4813904523747202e-05,0.002662138268351555,0.0003067187964916229,0.0002563800662755966
1560,147.64971685409546,3.433781569461003e-05,0.0026226166635751726,0.0002948317676782608,0.00024695582687854766
1570,148.12674593925476,2.2230835190747977e-05,0.002666136622428894,0.0003172546625137329,0.00024971775710582735
1580,148.58423590660095,8.836408059073042e-05,0.0026756826788187026,0.0003110617399215698,0.0002397257834672928
1590,149.03864002227783,2.8406047419968216e-05,0.002705970034003258,0.0005724862217903137,0.00023617483675479888
1600,149.4777135848999,2.5895652620053222e-05,0.0027194687475760745,0.00030304777125517526,0.00023052170872688303
1610,149.91645193099976,1.5859932960948787e-05,0.0026575226336717607,0.0003031410276889801,0.0002358023077249527
1620,150.36249613761902,1.4636092958308921e-05,0.002680402621626854,0.00030243918299674986,0.0002353183925151825
1630,150.8186228275299,1.5721179218156077e-05,0.0026575881987810136,0.0005818359553813934,0.0002398524433374405
1640,151.2650396823883,1.0978266280164961e-05,0.0026323217898607254,0.0003069613128900528,0.00024067051708698273
1650,151.72962832450867,8.566409450315171e-05,0.0026597823947668076,0.00031236670911312104,0.00024151839315891265
1660,152.17841839790344,4.159070755483663e-05,0.0026733893901109695,0.0002891212701797485,0.00024162828922271728
1670,152.6207311153412,1.6545671711212794e-05,0.0026828721165657043,0.00031576938927173613,0.00023691318929195405
1680,153.077810049057,2.2579303931899442e-05,0.002690855786204338,0.00030185580253601075,0.00024079643189907075
1690,153.52048707008362,1.4855958987344819e-05,0.0026684660464525224,0.0002986650913953781,0.00023747310042381286
1700,153.97372221946716,1.0680653994710188e-05,0.002658517162005106,0.00029767515758673344,0.0002460231383641561
1710,154.42285060882568,3.731215434731317e-05,0.002666462957859039,0.00031402334570884705,0.00024252794682979583
1720,154.87421989440918,1.0864258439141628e-05,0.002649824321269989,0.0003089588135480881,0.000247601792216301
1730,155.4046950340271,4.752247293501599e-05,0.0026582807302474977,0.00029779337346553804,0.00027318336069583895
1740,156.21514201164246,1.395659873230648e-05,0.0027032889425754546,0.00029390007257461547,0.00042552389204502105
1750,156.95449113845825,1.3604268892677962e-05,0.0026527542620897295,0.00031051672995090484,0.0003769233822822571
1760,157.65467596054077,9.0434521003685e-06,0.0026739247143268583,0.0003120414912700653,0.0003611519932746887
1770,158.4729402065277,8.84408528966929e-06,0.0026684395968914034,0.00030235499143600465,0.00041817910969257357
1780,159.16465282440186,1.1712089787666025e-05,0.002692648768424988,0.000295238196849823,0.00035683661699295046
1790,159.82935786247253,4.308783645678808e-05,0.0026365029315153737,0.0005817944804827372,0.00035211307307084395
1800,160.50491499900818,9.572608749458534e-06,0.0026722852140665053,0.0003056902438402176,0.0003465570509433746
1810,161.15526413917542,8.929935641996401e-06,0.0026771102100610735,0.00029309019446372987,0.0003342490643262863
1820,162.76450753211975,1.011623868242273e-05,0.0026702389121055605,0.00030774734914302827,0.0008209265768527984
1830,163.39844822883606,1.164708685229554e-05,0.0026581916958093644,0.00030201226472854615,0.00033310204744338987
1840,164.0548985004425,7.0766256323406825e-06,0.0026609137654304504,0.0005896143615245819,0.0003414824604988098
1850,164.72429871559143,6.3707519735223265e-06,0.0026564665138721468,0.00030260048806667327,0.00034690387547016145
1860,165.39300513267517,8.399277609974498e-06,0.002683280035853386,0.00029875673353672025,0.0003420751541852951
1870,166.03183364868164,6.240234263316102e-06,0.0026655644178390503,0.0003048490732908249,0.0003340989351272583
1880,166.679945230484,5.845205880410376e-05,0.0026556987315416334,0.000304601714015007,0.00033627785742282865
1890,167.32233572006226,2.8185015379121135e-05,0.002668831869959831,0.00030716682473818464,0.0003389296432336171
1900,167.96277236938477,1.9646413864712887e-05,0.002705283835530281,0.0002992399036884308,0.00032790340483188627
1910,168.62397074699402,1.5090063869163672e-05,0.002683798968791962,0.00030475333333015444,0.0003364302217960358
1920,169.26531219482422,1.5075150630175505e-05,0.0026785414665937424,0.0002972062677145004,0.00032752901315689085
1930,169.9256386756897,8.025379408194144e-06,0.002678414434194565,0.000292620062828064,0.0003424856811761856
1940,170.59546613693237,7.892637818449066e-06,0.002668542414903641,0.000595303624868393,0.00034192129969596864
1950,171.2424259185791,6.113203417951185e-06,0.002664155140519142,0.0003063306212425232,0.00033502355217933654
1960,171.90536236763,7.6100002157436505e-06,0.00265011303126812,0.0003060389310121536,0.0003384336829185486
1970,172.56915020942688,7.491226931555239e-06,0.00264248289167881,0.0003024183213710785,0.00034092217683792116
1980,173.21449279785156,3.90518939631157e-05,0.002696790049473446,0.0002948363622029623,0.00033873481055100754
1990,173.88769459724426,8.415832885946828e-06,0.0026407718658447267,0.0005939133465290069,0.0003456704318523407
2000,174.53390979766846,3.794626240966048e-05,0.0026646412909030913,0.0003114916384220123,0.0003369342535734177
2010,175.19192218780518,1.3404803547048539e-05,0.0027155980467796327,0.00030206702649593353,0.0003348715603351593
2020,175.84934663772583,1.656357476156334e-05,0.0026465952396392822,0.00029923170804977415,0.0003339804708957672
2030,176.51049852371216,5.520159600300167e-06,0.0026135537773370743,0.0003107011318206787,0.0003424953669309616
2040,177.1531479358673,5.320132396546829e-06,0.0026129312813282014,0.00030238330364227293,0.00033671073615550997
2050,177.809020280838,6.486105391070862e-06,0.0026681896299123762,0.00029992461204528806,0.0003413688391447067
2060,178.46164894104004,5.521989623447077e-06,0.0027186077088117598,0.0002917453646659851,0.00033851489424705503
2070,179.10222744941711,3.111255565813505e-05,0.002693805222709971,0.0003049382319053015,0.0003391873091459274
2080,179.77382278442383,2.9310588586120566e-05,0.0026498176157474518,0.0003090761601924896,0.0003465548157691956
2090,180.44075798988342,7.664124086426138e-06,0.002675636857748032,0.00030704177916049955,0.00034156739711761476
2100,181.16716885566711,1.0270289084726714e-05,0.0026661816984415053,0.00030777305364608764,0.00035728029906749724
2110,181.85342526435852,7.60256861616071e-06,0.0026378002017736434,0.000304175540804863,0.0003570578992366791
2120,182.54053497314453,4.343331360326385e-06,0.002632519230246544,0.0003064177930355072,0.0003634262830018997
2130,183.23484134674072,6.434619666945141e-06,0.0026741873472929,0.00030398257076740264,0.0003578443080186844
2140,183.9173092842102,5.754865794846409e-06,0.0027110304683446882,0.0002918113023042679,0.00034666694700717925
2150,184.6106469631195,8.09530829548044e-06,0.0026877034455537797,0.00029623843729496,0.00035530216991901397
2160,185.28773427009583,4.670984972732218e-06,0.002645258232951164,0.000585922971367836,0.0003528706729412079
2170,185.79527020454407,2.707377573117527e-05,0.0026864149918158844,0.00030374961594740546,0.00027987733483314514
2180,186.30903458595276,7.2247338896686e-06,0.0026633843779563906,0.00030198581516742705,0.00028027184307575224
2190,186.83086252212524,6.326090789252059e-06,0.0026589151471853255,0.0002945996820926666,0.0002881255000829697
2200,187.34792017936707,6.884091363640321e-06,0.0026929639279842377,0.0003111589699983597,0.00028242990374565123
2210,187.87711024284363,5.317208709865185e-06,0.0026742812246084214,0.00029762051999568937,0.0002882279455661774
2220,188.3843593597412,3.4376433462157683e-06,0.0026629045605659485,0.000305132195353508,0.00027957521378993986
2230,188.90327858924866,4.650850171891708e-06,0.00267963670194149,0.00029581859707832335,0.00028567984700202944
2240,189.41279339790344,5.026187910370239e-06,0.002649209648370743,0.0005797214806079864,0.00027968473732471467
2250,189.92586088180542,3.440376042382065e-05,0.0026651132851839066,0.00031871162354946136,0.0002864468842744827
2260,190.43450713157654,4.2277437653698294e-06,0.002631663531064985,0.00030329811076323194,0.000288753832379977
2270,191.0107023715973,4.9731899421201485e-06,0.0026885811239480972,0.0003147155046463013,0.0003226172178983688
2280,191.658269405365,5.665411216349003e-06,0.0026744436472654343,0.0002953477203845978,0.00035843662917613985
2290,192.3139078617096,5.918650103697853e-06,0.0027024403214454653,0.0002987932413816452,0.0003629658371210098
2300,192.95974206924438,2.0452790034172773e-05,0.0026750087738037108,0.00057215616106987,0.00036201775074005125
2310,193.62158012390137,6.168457641611558e-06,0.002673891931772232,0.0003112655133008957,0.00036501213908195495
2320,194.2723503112793,4.714004221198498e-06,0.0026616573333740233,0.00029836036264896393,0.00036547258496284486
2330,194.90592694282532,4.437986502575653e-06,0.0026729747653007506,0.00029927119612693787,0.00035411827266216276
2340,195.55382823944092,2.219670908392979e-05,0.0026252172887325288,0.00032226406037807467,0.00035875588655471803
2350,196.1976022720337,4.974623098710773e-06,0.002662421390414238,0.00029391087591648104,0.00035936422646045687
2360,196.88139724731445,4.816908562628915e-06,0.0026788614690303803,0.00029555670917034147,0.0003861859440803528
2370,197.56806349754333,3.849258070592887e-06,0.002643103897571564,0.0003179363906383514,0.0003877367824316025
2380,198.25869250297546,3.738677757694764e-06,0.002648089826107025,0.00029824115335941315,0.0003812868148088455
2390,198.94318509101868,4.610138611463311e-06,0.0026882261037826536,0.00030296146869659426,0.00037839561700820924
2400,199.55999517440796,3.4687416077511244e-06,0.0026731763035058977,0.0002979107201099396,0.0003436431288719177
2410,200.17882800102234,4.14818985908505e-06,0.002671370655298233,0.0005813069641590118,0.00034481920301914214
2420,200.84046387672424,3.529273690119905e-06,0.0026206232607364653,0.0003164205700159073,0.0003698475658893585
2430,201.48656010627747,4.743877140177266e-05,0.0027018312364816667,0.0002999313175678253,0.0003617461770772934
2440,202.13397240638733,7.511098227921953e-06,0.002705780789256096,0.00030715987086296084,0.00035788938403129577
2450,202.72620344161987,9.853425856324685e-06,0.0026607893407344834,0.00029642271498839067,0.00033411880334218347
2460,203.34668445587158,6.7883526934625625e-06,0.0026884499937295915,0.00029866695404052735,0.00034952834248542787
2470,203.97383737564087,1.1758791871360752e-05,0.0027215346693992616,0.0005916506052017212,0.0003478020429611206
2480,204.59568524360657,4.934938705269954e-06,0.0026674762368202208,0.0003026973456144333,0.00035085901618003845
2490,205.21540236473083,5.050533292261239e-06,0.0026825420558452607,0.0003068618476390839,0.000344858318567276
2500,205.8359398841858,4.886113357888133e-06,0.002639632299542427,0.0002991572022438049,0.0003440722823143005
2510,206.46950268745422,3.813903805868768e-06,0.002655356749892235,0.00029774494469165803,0.00035237446427345277
2520,207.1053466796875,3.3206449722017473e-06,0.0026382505893707275,0.00029804147779941557,0.0003510095179080963
2530,207.74762392044067,1.702917243908142e-05,0.0026150893419981,0.0003046773374080658,0.0003606744110584259
2540,208.3541214466095,4.572390147983274e-06,0.0026921818653742437,0.00031154938042163825,0.00034555370608965557
2550,208.9828586578369,2.709502189246482e-06,0.002653179317712784,0.000299883633852005,0.00035268254578113556
2560,209.60532021522522,3.7647288178843663e-06,0.0026604250073432923,0.0005910757929086686,0.0003443058580160141
2570,210.24359369277954,3.6676272509805764e-06,0.0026593368500471117,0.0003101527690887451,0.0003564395010471344
2580,210.86597776412964,3.1064281858145248e-06,0.002689005434513092,0.0003062501549720764,0.00034532546997070315
2590,211.55242681503296,3.0352813332881757e-05,0.00270167738199234,0.000302659347653389,0.0003744553774595261
2600,212.5316743850708,6.405194791256341e-06,0.002662721648812294,0.0002974309027194977,0.0005144007503986358
2610,213.4183955192566,4.572278417838693e-06,0.0026396512985229492,0.000302620604634285,0.00046870000660419463
2620,214.3346266746521,5.292481179899888e-06,0.002641476318240166,0.00029705427587032316,0.0004855819046497345
2630,215.22028994560242,5.1332077817378695e-06,0.0026847966015338897,0.0003049250692129135,0.00046976767480373384
2640,216.1137251853943,4.531748661862345e-06,0.002664245416720708,0.0002945636709531148,0.00048029882212479916
2650,216.95933055877686,3.2809694531621412e-06,0.0026692695915699004,0.00030792057514190675,0.00044473782181739805
2660,217.82657194137573,1.555368063213547e-05,0.002654791623353958,0.000298343226313591,0.00045621059834957125
2670,218.74960231781006,3.95421530190454e-06,0.0026608124375343324,0.0003074977546930313,0.00045274458825588225
2680,219.62327313423157,3.973388019229418e-06,0.002660990133881569,0.00030436404049396517,0.0004618510603904724
2690,220.5195016860962,3.551734722062605e-06,0.0026703938841819764,0.00030531957745552065,0.00047250613570213316
2700,221.41414189338684,1.2645065039063041e-05,0.002677818387746811,0.0003114551305770874,0.0004725288599729538
2710,222.3026282787323,4.228257852131878e-06,0.002679610252380371,0.00031004175543785094,0.00045395903289318084
2720,223.36351323127747,3.389215815643998e-06,0.0026733748614788055,0.0005751699209213257,0.0005427327007055283
2730,224.6694529056549,2.860556956641817e-06,0.002685506517688431,0.0002961465468009313,0.0007332912335793178
2740,225.4332571029663,2.780451391884431e-06,0.0026703257113695144,0.0002939634025096893,0.00042165480554103853
2750,226.0732238292694,2.2810571617987165e-06,0.002629103884100914,0.0005854986608028412,0.00035811364650726316
2760,226.726628780365,1.2231764166914515e-05,0.0026437487453222276,0.00032541900873184204,0.0003656961023807526
2770,227.86081314086914,3.340942491467103e-06,0.002671357989311218,0.00029186904430389404,0.0008056752383708953
2780,228.88474369049072,1.3274065513460554e-05,0.0027334697544574736,0.000304446741938591,0.0004935953766107559
2790,229.84660863876343,4.820393044496773e-06,0.002667617052793503,0.00029208771884441375,0.000505693256855011
2800,230.7482087612152,4.654572598550289e-06,0.0026623841375112535,0.0003124583512544632,0.0004711635410785675
2810,231.69950413703918,2.55619276023078e-06,0.0026418279856443407,0.00030391216278076173,0.0004538971930742264
2820,232.5739893913269,3.372714733615445e-06,0.002673332393169403,0.00030126459896564486,0.0004616975784301758
2830,233.53645491600037,4.723266209798644e-06,0.0026487909257411958,0.00030278811852137253,0.000507010892033577
2840,234.72000861167908,2.1104997848675477e-05,0.0026712678372859955,0.0005842309445142746,0.0006203748285770416
2850,235.5899679660797,3.0854424956899827e-06,0.0026482272893190383,0.00030402764678001405,0.000455823540687561
2860,236.44316339492798,3.993695992707269e-06,0.0026589624583721163,0.00030433908104896543,0.00044669657945632933
2870,237.399409532547,2.591230628523622e-06,0.0026762209832668304,0.00030019134283065796,0.0004753991961479187
2880,238.11935448646545,2.849209690564125e-06,0.002657495439052582,0.0003146015107631683,0.00036881230771541597
2890,238.75153732299805,3.529452095765717e-06,0.0027007251977920533,0.0002905882894992828,0.00034826360642910005
2900,239.39678835868835,3.1524248143954823e-06,0.002687245234847069,0.00031089112162590026,0.00035482533276081084
2910,240.0376443862915,1.882620333812368e-06,0.002684076130390167,0.0002958387136459351,0.00036107338964939115
2920,240.65686964988708,2.7542755783889946e-06,0.0026674129068851487,0.00031103740135828657,0.0003559261560440063
2930,241.27115058898926,2.3807006595294446e-06,0.0026747919619083405,0.00028753913938999175,0.0003401905298233032
2940,241.91069316864014,1.8079229571366095e-06,0.0026411183178424837,0.00030382834374904634,0.00035741440951824187
2950,242.54431295394897,1.6564837343052696e-06,0.0026676300913095474,0.00030961483716964724,0.00035798028111457827
2960,243.161283493042,1.4413662944914862e-05,0.0026556748896837236,0.0002974655479192734,0.00034812428057193754
2970,244.0760657787323,3.483456904881943e-06,0.0026365987956523894,0.0003066159784793854,0.0004601594060659409
2980,245.03426337242126,3.1155725296161394e-06,0.0026823684573173525,0.00030470192432403566,0.000497252494096756
2990,245.91927289962769,2.591405277657666e-06,0.0026810001581907272,0.0005845721811056137,0.0004704158753156662
3000,246.8313500881195,3.2913044628019026e-06,0.0026651673018932343,0.00031101852655410764,0.00047875866293907167
3010,247.69773864746094,1.082207360829368e-05,0.0026785379896561274,0.0002994403243064879,0.0004631509383519491
3020,248.6199381351471,2.6016306595155747e-06,0.002682431414723396,0.0002959683537483215,0.0004900950938463211
3030,249.53839659690857,8.644476937486045e-06,0.0026656515896320344,0.0002979587763547897,0.00048294328153133395
3040,250.42569494247437,3.348585587079067e-06,0.0026857189834117888,0.00030210427939891815,0.0004669260233640671
3050,251.3859086036682,2.4427450590863707e-06,0.0026867877691984176,0.0003065112978219986,0.0005058348178863525
3060,252.24686789512634,2.0988905752028497e-06,0.0026206009089946745,0.00031324923038482665,0.0004578828811645508
3070,253.2530243396759,2.3579799658640653e-06,0.002662640810012817,0.0003016054630279541,0.00045163631439208983
3080,254.1571400165558,2.210378442885075e-06,0.0026117514818906782,0.0005838867276906967,0.0004807703197002411
3090,255.05805206298828,1.0023991932317511e-05,0.0027278952300548555,0.0002961050719022751,0.00045100674033164977
3100,256.0179777145386,2.7027692795500435e-06,0.0026841733604669573,0.0003117453306913376,0.00050608329474926
3110,256.75086402893066,1.6834346490681345e-06,0.0026546520491441085,0.0003065856794516245,0.0004021565119425456
3120,257.6502182483673,2.8411553400636835e-06,0.002665477246046066,0.0003030799329280853,0.00042393915355205537
3130,258.56258034706116,8.42395460869949e-06,0.00269039049744606,0.0003044988960027695,0.0004793107509613037
3140,259.86256647109985,2.020084558063129e-06,0.00265885628759861,0.00030230507254600523,0.0006561752408742905
3150,260.7291512489319,1.0626746389508223e-05,0.0026568576693534853,0.0002880588173866272,0.00045473314821720123
3160,261.61473298072815,2.20115479455385e-06,0.0026663821190595627,0.0003103818744421005,0.00047145113348960875
3170,262.47003149986267,1.6887222215294928e-06,0.0026672057807445525,0.0005823187530040741,0.00045363418757915497
3180,263.33022475242615,2.215863740021029e-06,0.0026901978999376297,0.000297972559928894,0.00045819655060768126
3190,264.2973048686981,2.3522024493655146e-06,0.002651757001876831,0.00031565092504024503,0.0004859495908021927
3200,265.21357679367065,2.739002717988548e-06,0.002678805713852245,0.00030435721079508457,0.0004952305306990942
3210,266.0684869289398,2.0470899099789274e-06,0.0026949480175971984,0.0002964437007904053,0.0004372585564851761
3220,266.8077561855316,2.5110961948959787e-06,0.0026936285197734834,0.0003089688718318939,0.0003998685628175735
3230,267.6767086982727,2.0739087553650613e-06,0.0026443425565958025,0.00029716193675994874,0.0004599396139383316
3240,268.5445716381073,1.0091979689763607e-06,0.0026535440236330034,0.0003074333071708679,0.0004672683775424957
3250,269.44940876960754,1.6773399126673861e-06,0.0026803068816661836,0.00030735135078430176,0.0004779435694217682
3260,270.31555104255676,8.207248340902362e-06,0.0026536840945482255,0.0003080867230892181,0.00045648105442523955
3270,271.20937991142273,1.1523468096769075e-06,0.002688996121287346,0.0003067724406719208,0.00048431456089019774
3280,272.1152331829071,9.584218295990988e-06,0.002618918940424919,0.00029099509119987486,0.00048472583293914797
3290,272.9834384918213,2.986888077513572e-06,0.0026486840099096296,0.0005853477865457535,0.00046170130372047424
3300,273.85522055625916,3.2365686576552035e-06,0.002691710740327835,0.0003090115884939829,0.0004636497547229131
3310,274.69499683380127,2.305652487333276e-06,0.0026677198708057403,0.00029984042048454286,0.0004459690302610397
3320,275.51344990730286,1.5819822994589395e-06,0.002671396732330322,0.0005885764956474304,0.0004329826682806015
3330,276.42432284355164,2.3384133162579477e-06,0.00263357013463974,0.0003125641494989395,0.0004353608936071396
3340,277.283575296402,2.3890424320965885e-06,0.002673918381333351,0.0002981103956699371,0.00045507363975048063
3350,278.3308229446411,1.3338641828869457e-06,0.002694394439458847,0.00031718015670776365,0.0005536817014217376
3360,279.23965287208557,1.3979115543547026e-05,0.0026846103370189666,0.00028458498418331145,0.00047920458018779755
3370,280.137451171875,1.4854951570608677e-06,0.002674611285328865,0.00030073933303356173,0.0004656847566366196
3380,280.9627134799957,1.8114773376071147e-06,0.002640821412205696,0.0003024715930223465,0.00044410340487957003
3390,281.64734268188477,2.3009859544740697e-06,0.002652726694941522,0.00030810299019018813,0.0003768807897965113
3400,282.5692472457886,2.287666030073576e-06,0.0026891324669122696,0.0003009919077157974,0.0004489094018936157
3410,283.3861346244812,1.7093846685689583e-06,0.002671695128083229,0.000301394984126091,0.00043405666947364806
3420,284.2728135585785,1.0592642043630307e-05,0.002677593007683754,0.0005754239857196808,0.00047009661793708803
3430,285.3876485824585,2.036672756192126e-06,0.0026825662702322007,0.00029881037771701814,0.0005987308919429779
3440,286.4009027481079,2.3741041552810538e-06,0.002674339711666107,0.0003050215542316437,0.0005341053009033203
3450,287.36190581321716,1.7907948839546161e-06,0.0026512086391448975,0.00031082071363925935,0.00048405081033706663
3460,288.26045751571655,2.490250001069283e-06,0.0026326198130846024,0.00030521266162395475,0.00047264397144317625
3470,289.16857266426086,1.8256135560640319e-06,0.00264817513525486,0.00030567608773708345,0.00048218853771686554
3480,290.041312456131,1.3559044555235451e-06,0.00267632243533929,0.00030388546486695607,0.00047449109454949666
3490,290.9455749988556,1.2660589393004295e-06,0.002630636468529701,0.0003016117960214615,0.00046935714781284334
3500,291.7503733634949,1.3660843874163664e-06,0.002668975293636322,0.00030436515808105467,0.00043428316712379456
3510,292.36388397216797,1.5786151326413478e-06,0.0026571810245513915,0.0002998579293489456,0.0003413233906030655
3520,292.96803426742554,1.3690638296898206e-06,0.0027027416974306105,0.0002978295087814331,0.000341474637389183
3530,293.5844843387604,1.0894016894885671e-06,0.0026790518313646317,0.00029955208301544187,0.0003457598388195038
3540,294.5050015449524,1.4128080240902174e-05,0.0026547618210315703,0.00030462667346000674,0.0004892423748970032
3550,295.3934118747711,1.2386839120526183e-06,0.002685931324958801,0.000307445228099823,0.0004574112594127655
3560,296.44949316978455,2.200027663884496e-06,0.0026217672973871233,0.0002984851598739624,0.0005608733743429184
3570,297.2898054122925,2.4840883965843163e-06,0.0027141224592924116,0.0005876708775758744,0.00044477246701717376
3580,298.1406059265137,1.8509632398531573e-06,0.002678969005743662,0.00029883099099000293,0.000445787732799848
3590,299.0057022571564,2.0257650121424666e-06,0.002662140503525734,0.00030518285930156706,0.00043456926941871644
3600,299.8230690956116,1.3912353546752242e-06,0.00265386588871479,0.00029120706021785737,0.0004347167909145355
3610,300.64272022247314,1.2953030795043174e-06,0.002670678123831749,0.0003087420016527176,0.0004352882504463196
3620,301.5104513168335,1.2653119248307032e-06,0.002687598392367363,0.0003032378852367401,0.00045879557728767395
3630,302.4803020954132,8.86444071346304e-07,0.002687593549489975,0.00029606185853481293,0.00048054791986942293
3640,303.3457200527191,6.10439612988567e-06,0.002669542282819748,0.00031921640038490295,0.0004571862518787384
3650,304.21529817581177,1.7931748074878628e-06,0.002677881717681885,0.00030284784734249117,0.0004529669880867004
3660,305.0657436847687,1.0980442532643186e-06,0.0026214826852083207,0.0005896013230085373,0.00045138783752918243
3670,305.906596660614,7.0132027418012836e-06,0.0026647917926311475,0.00030601769685745245,0.00045527766148249305
3680,306.7703974246979,1.652388362233248e-06,0.002707735821604729,0.0003046873956918716,0.00044065602123737334
3690,307.6244776248932,1.2913985982770937e-06,0.002675136551260948,0.00029892884194850924,0.0004268582910299301
3700,308.3664813041687,1.8903421972138457e-06,0.0026555851101875303,0.0005819041281938553,0.0003910042345523834
3710,309.6136693954468,5.113648732668619e-06,0.002683420851826668,0.00030929073691368105,0.0006339158862829208
3720,310.3179123401642,1.5067190563489153e-06,0.002664533257484436,0.0003025539219379425,0.00037080086767673495
3730,310.8564760684967,1.4338863011331694e-06,0.0026642940938472748,0.00029687844216823577,0.0002927821129560471
3740,311.32182240486145,1.3752116962417738e-06,0.0026123110204935075,0.00029843561351299285,0.0002562541514635086
3750,311.816801071167,1.4496309024059072e-06,0.0026595987379550933,0.00030245780944824217,0.0002737700939178467
3760,312.28024435043335,6.631835764134286e-06,0.002701801061630249,0.00030818246304988863,0.00025775544345378875
3770,312.9244165420532,1.694662977493507e-06,0.00263540248076121,0.00031332274278004965,0.00035021280248959856
3780,313.652911901474,1.5473310133046203e-06,0.0026549149304628374,0.00030776970088481904,0.0003859192132949829
3790,314.36608600616455,1.6305913945913186e-06,0.002682793512940407,0.00029538720846176145,0.00037446804344654083
3800,315.0877046585083,1.3627343918742873e-06,0.002674277499318123,0.00031368061900138855,0.0003800157457590103
3810,315.81572341918945,1.1593273849946906e-06,0.00265144482254982,0.00031390078365802767,0.00038270950317382814
3820,316.57791018486023,1.0129198603270328e-06,0.002651694044470787,0.0002964187413454056,0.0003766220062971115
3830,317.11482071876526,1.0615342120545713e-06,0.002677517756819725,0.0003018282353878021,0.0002933084964752197
3840,317.8185188770294,5.011082330447225e-06,0.0026712585240602493,0.0002945844084024429,0.0003802556544542313
3850,318.5632061958313,6.03866130409747e-06,0.0026618804782629012,0.0002993889153003693,0.0003964785486459732
3860,319.3150291442871,3.776052707576046e-06,0.002724325905243557,0.0005827914923429492,0.00039424560964107513
3870,320.05497002601624,3.4681861290269954e-06,0.0026662632822990417,0.00029737502336502075,0.0003871597349643707
3880,320.85646963119507,1.5158631494788243e-06,0.002693638950586319,0.0002928677946329117,0.0003940783441066742
3890,321.66513442993164,1.6402953462141268e-06,0.0026994109153747558,0.00031047798693180085,0.00040243230760097506
3900,322.4239182472229,2.094779587677453e-06,0.002638453245162964,0.00030172094702720644,0.0003995794802904129
3910,323.2160403728485,1.6609555198110471e-06,0.002631235495209694,0.0005796171724796295,0.0003961700946092606
3920,323.9882462024689,1.4400343242987335e-06,0.002663758397102356,0.0003055218607187271,0.00040875375270843506
3930,324.77905893325806,1.1433061339133355e-06,0.002659833803772926,0.0002993207424879074,0.00039855614304542544
3940,325.58990240097046,9.8386057606481e-07,0.002669239416718483,0.000310632586479187,0.0004058774560689926
3950,326.44951248168945,1.0558823457990084e-06,0.002663957327604292,0.00031190005441506706,0.0004566906640926996
3960,327.31008410453796,9.978298635915373e-07,0.002651594951748848,0.00030630268156528473,0.0004462871700525284
3970,328.136203289032,5.039687147731509e-06,0.002691962197422981,0.00028782784938812255,0.0004379298537969589
3980,329.0480537414551,9.127056789820509e-07,0.0026630040258169172,0.0003028135746717453,0.0004427287727594376
3990,330.03409814834595,7.35380522831619e-07,0.002678748220205307,0.0005845457315444946,0.0005092211067676544
4000,330.91565012931824,1.125050285580298e-06,0.0026427518576383592,0.00031331703066825865,0.0004627712070941925
4010,331.8256230354309,7.97592799331448e-07,0.0026857879012823103,0.0002881474792957306,0.0004892200231552124
4020,332.6640660762787,9.521936924800078e-07,0.0026643123477697373,0.0003031440079212189,0.0004447411745786667
4030,333.54273319244385,8.998525273390401e-07,0.0026672154664993284,0.0003051735460758209,0.00046528391540050506
4040,334.45391631126404,7.11113289260934e-06,0.0026590380817651748,0.00031883865594863894,0.0004784151911735535
4050,335.3768503665924,1.6002861247986039e-06,0.002660078679521878,0.0003023250649372736,0.0004998245586951574
4060,336.2340431213379,2.9802067262246767e-06,0.002681668847799301,0.00030497759580612184,0.0004586450755596161
4070,337.10553097724915,1.2025508165952603e-06,0.00266619473695755,0.0005884069949388504,0.0004663996398448944
4080,338.0214159488678,1.6589045595205577e-06,0.0027092684060335158,0.0003087934106588364,0.00048454515635967257
4090,338.9098515510559,9.950447009077213e-07,0.002664925530552864,0.0003007426857948303,0.0004747647792100906
4100,339.82058477401733,3.839536690342094e-06,0.002676425501704216,0.00028881579637527464,0.00048127099871635436
4110,340.694744348526,1.3340461339939047e-06,0.002660523355007172,0.0003048814833164215,0.0004640605300664902
4120,341.5612452030182,1.2194886942623606e-06,0.0026581771671772003,0.00031057484447956086,0.0004590969532728195
4130,342.4362995624542,1.1373444274015432e-06,0.0026465527713298797,0.00030378475785255434,0.00046275593340396883
4140,343.41090726852417,3.4601157738770963e-06,0.0026381245503822935,0.0002989900608857473,0.0005125839263200761
4150,344.30272150039673,9.576181027731723e-07,0.002673124521970749,0.000301298126578331,0.0004760097712278366
4160,345.3497772216797,8.46953863403721e-07,0.002682674676179886,0.00029470734298229215,0.0005503658205270768
4170,346.2215814590454,7.955439159490485e-07,0.0026616770774126053,0.0005984701216220856,0.00046503841876983644
4180,347.3423626422882,4.756277895179295e-06,0.0026505939662456513,0.0003018442541360855,0.0005732025951147079
4190,348.22651767730713,1.306106178636246e-06,0.00268026664853096,0.0003162078559398651,0.0004673212766647339
4200,349.08334016799927,1.2142753161636931e-06,0.0027205370366573333,0.0002967391163110733,0.000451129674911499
4210,350.1482710838318,1.1798150720776502e-06,0.0026732463389635085,0.0003077678382396698,0.0007506825029850006
4220,350.92645740509033,9.043242524403583e-07,0.0026247333735227585,0.0002879392355680466,0.0004192594438791275
4230,351.5413522720337,8.454628676268783e-07,0.0026606090366840364,0.00030489712953567504,0.0003432773053646088
4240,352.1700539588928,4.246830340219147e-06,0.0026688456535339357,0.0005951152493556341,0.00035843600829442337
4250,352.7672312259674,1.0715951724721284e-06,0.0026464391499757766,0.0003100991249084473,0.0003351029008626938
4260,353.37057971954346,1.3324657520824568e-06,0.0026988435536623003,0.0002951212227344513,0.0003358393907546997
4270,354.01625514030457,8.393166623016368e-07,0.0026549540460109712,0.0003092605620622635,0.00035103633999824526
4280,354.63006472587585,2.989546642084839e-06,0.002657545730471611,0.00028740912675857545,0.00034578479826450346
4290,355.2604920864105,1.211665405856377e-06,0.0026535354554653168,0.000303596630692482,0.0003512915223836899
4300,355.8764228820801,7.845545247242569e-07,0.0026817582547664642,0.0003138922154903412,0.00034580379724502563
4310,356.5031385421753,1.2095236079368021e-06,0.0026806168258190154,0.00029454268515110015,0.0003495708107948303
4320,357.2971065044403,5.336528086846704e-07,0.002654062956571579,0.0003008510917425156,0.0004317726939916611
4330,358.1235764026642,6.868876472508149e-07,0.0026896874109903985,0.0003014436612526577,0.00044847416381041204
4340,359.13904333114624,7.608970236661072e-07,0.002670466899871826,0.00030799917876720426,0.0005450524389743805
4350,359.9891757965088,4.4373800922953285e-06,0.002640405297279358,0.0002979729324579239,0.0004540491849184036
4360,360.892272233963,1.3683159808902668e-06,0.0026388011872768404,0.000308758020401001,0.00044860579073429107
4370,361.7661163806915,9.505197166109758e-07,0.0026729978621006013,0.00029957592487335206,0.0004649344831705093
4380,362.62559056282043,6.795008991922203e-07,0.002690133452415466,0.00030417032539844515,0.0004616785794496536
4390,363.45679116249084,6.155194679086096e-07,0.0026814568787813186,0.000299057736992836,0.00044877827167510986
4400,364.3038957118988,3.0737934201025e-06,0.0026926927268505095,0.0005851894617080689,0.0004467654973268509
4410,365.15861892700195,7.756137613584845e-07,0.002662794664502144,0.0003032602369785309,0.00043197348713874817
4420,366.13328671455383,8.298894426670792e-07,0.002631072824199992,0.00030761199692885073,0.0005047940959533056
4430,366.99962520599365,1.0443953018107743e-06,0.0026602864265441893,0.0003036867827177048,0.0004547771066427231
4440,367.83214044570923,7.17220916102157e-07,0.002648632973432541,0.000291646271944046,0.00044498927891254423
4450,368.6760001182556,5.664351491463382e-07,0.002649090066552162,0.00029812194406986237,0.00044928640127182005
4460,369.48250555992126,6.676016410828156e-07,0.0026868727058172227,0.0003080308437347412,0.0004483681172132492
4470,370.0688180923462,6.550974352731442e-07,0.0026768546551465986,0.0005871463567018509,0.0003300245851278305
4480,370.6822347640991,4.807524921573991e-07,0.0026490624994039537,0.00031107254326343534,0.0003458946943283081
4490,371.2739646434784,6.234776288693844e-06,0.0027093283832073213,0.0002985239028930664,0.0003326810896396637
4500,371.8699722290039,1.04719259985675e-06,0.002685289829969406,0.00030301623046398164,0.00033289380371570587
4510,372.5202040672302,1.320261906326281e-06,0.0026586800813674927,0.00030622407793998716,0.0003576364368200302
4520,373.1430380344391,1.1726153970520458e-06,0.002692292382319767,0.0005871370434761047,0.00035860091447830194
4530,373.7290472984314,7.20665435013923e-07,0.002658451348543167,0.00029434002935886384,0.00032993219792842865
4540,374.327556848526,2.3524589430751197e-06,0.002712063491344452,0.0002963859587907791,0.0003389764577150345
4550,375.00092816352844,5.809649345295264e-07,0.0026956167072057723,0.0003037765622138977,0.0003793027251958847
4560,375.6622667312622,1.050457076332001e-06,0.002661111950874329,0.00031454339623451235,0.00036757178604602815
4570,376.3115704059601,5.796604100327674e-07,0.0026494044810533523,0.0003053702414035797,0.0003652986139059067
4580,377.018492937088,6.869494247579988e-07,0.0026401974260807036,0.0002940911799669266,0.00039637349545955657
4590,377.7027997970581,3.2556323546872877e-06,0.0026695307344198225,0.0003109116107225418,0.0003875184804201126
4600,378.3630042076111,8.087693271874308e-07,0.002608991414308548,0.0003045275807380676,0.00037349164485931394
4610,379.02143144607544,2.255407378829825e-06,0.002691669637958206,0.00030137275656064345,0.000380550945798556
4620,379.65828037261963,6.085334810862486e-07,0.0026716042309999468,0.00030601024627685547,0.00036335475742816926
4630,380.3004791736603,8.080266966359329e-07,0.0026599712669849395,0.00029607713222503664,0.00036449581384658816
4640,380.9377281665802,8.409951086335577e-07,0.0026425518095493316,0.000305384024977684,0.0003587670624256134
4650,381.5887885093689,5.250852259136573e-07,0.0026620931923389433,0.00030043162405490875,0.0003665942698717117
4660,382.21131587028503,6.470904185595927e-07,0.0026838425546884537,0.0003006778657436371,0.00035367049276828765
4670,382.8942000865936,5.915810775081187e-07,0.002677515521645546,0.0003088314086198807,0.0003744527697563171
4680,383.54327964782715,2.538535655166596e-06,0.00269765667617321,0.0003059148788452148,0.0003646034747362137
4690,384.23479652404785,6.903020312587493e-07,0.0026726357638835905,0.0005842342972755433,0.00038706883788108826
4700,384.8808138370514,6.22501031893874e-07,0.0026250217109918595,0.00030556842684745786,0.00036418363451957704