#=== darpa_flags_neg_scratch_down_w10 ===
#
#Metrics:
#  Accuracy: 0.7584 | Macro Precision: 0.3009 | Macro Recall: 0.7364 | Macro F1: 0.2522
#  False Alarms: 12152 | False Alarm Rate: 0.5814
#  Missed Attacks: 8 | Detection Rate: 0.9997
#
#Per-Class Metrics:
#  [phase1] P=0.0000 | R=0.0000 | F1=0.0000 | 
#  [phase2] P=0.0090 | R=1.0000 | F1=0.0178 | 
#  [phase3] P=0.0070 | R=1.0000 | F1=0.0140 | 
#  [phase4] P=0.0063 | R=1.0000 | F1=0.0126 | 
#  [phase5] P=0.7841 | R=1.0000 | F1=0.8790 | 
#
#Confusion Matrix:
#         	      	      	      	Actual	      	      	      
#         	      	benign	phase1	phase2	phase3	phase4	phase5
#         	benign	  8748	     8	     0	     0	     0	     0
#         	phase1	     0	     0	     0	     0	     0	     0
#Predicted	phase2	   992	     0	     9	     0	     0	     0
#         	phase3	  1972	     0	     0	    14	     0	     0
#         	phase4	  1097	     0	     0	     0	     7	     0
#         	phase5	  8091	     0	     0	     0	     0	 29389
i,time,loss,ground_time,compile_time,eval_time
100,8.730963945388794,0.671141132581979,0.0010859241962432897,0.0021669289112091253,0.00018887596130371108
200,16.956979274749756,0.37519996624323537,0.0010355434417724653,0.0022809539794922135,0.00019000797271728477
300,25.586968421936035,0.03344935759610962,0.001107641029357916,0.0022358175277710206,0.00020473065376281805
400,35.85414671897888,0.009032582973959506,0.0010914608478546205,0.002356398487091085,0.00024032001495361406
500,44.945379972457886,0.008371500924913561,0.0010591987133026174,0.0022684083938598865,0.00022841558456420882
600,56.47821927070618,0.004033864787925267,0.0010963694095611626,0.0023014047622680832,0.00025034699440002443
700,65.42101621627808,0.0038189427912948305,0.0010612371444702197,0.002145214176177997,0.00022343187332153288
800,75.4805006980896,0.0025791177586688718,0.0011697711467742954,0.002292954206466696,0.00023045382499694753