#=== darpa_flags_neg_scratch_up_w10 ===
#
#Metrics:
#  Accuracy: 0.9707 | Macro Precision: 0.2583 | Macro Recall: 0.9749 | Macro F1: 0.3035
#  Number of False Alarms: 1456 | False Alarm Rate: 0.0697
#
#Per-Class Metrics:
#  [phase1] P=0.1628 | R=0.8750 | F1=0.2745 | 
#  [phase2] P=0.0087 | R=1.0000 | F1=0.0173 | 
#  [phase3] P=0.0442 | R=1.0000 | F1=0.0846 | 
#  [phase4] P=0.0761 | R=1.0000 | F1=0.1414 | 
#  [phase5] P=0.9998 | R=0.9994 | F1=0.9996 | 
#
#Confusion Matrix:
#         	      	      	      	Actual	      	      	      
#         	      	benign	phase1	phase2	phase3	phase4	phase5
#         	benign	 19444	     1	     0	     0	     0	    17
#         	phase1	    36	     7	     0	     0	     0	     0
#Predicted	phase2	  1025	     0	     9	     0	     0	     0
#         	phase3	   303	     0	     0	    14	     0	     0
#         	phase4	    85	     0	     0	     0	     7	     0
#         	phase5	     7	     0	     0	     0	     0	 29372
i,time,loss,ground_time,compile_time,eval_time
100,18.806066036224365,0.667136908704415,0.0012134400367736795,0.00021651067733764593,0.0002949164867401122
200,40.91127109527588,0.5231952554755844,0.001249582529067994,0.00023980398178100618,0.0004084147930145256
300,57.56104493141174,0.28094255312287714,0.0011484237670898447,0.0003947609901428224,0.00026159234046935957
400,72.69548082351685,0.19260420488295493,0.0010849760055541987,0.0002070475101470941,0.00026130037307739266
500,87.08538722991943,0.14811591892350406,0.0010557709693908668,0.00020086183547973567,0.0002334098339080814
600,98.66766738891602,0.12940330835954228,0.0010153359413146998,0.00019008746147155736,0.00020085673332214356
700,110.90233588218689,0.10722889504515479,0.0010192391872406023,0.00019246053695678753,0.0002175134658813482
800,122.35239434242249,0.10559448025858728,0.001032233953475955,0.00019332427978515607,0.0001977570056915281
900,134.08452439308167,0.1033623786796852,0.0012611329078674304,0.00020924530029296863,0.00017324099540710382
1000,156.57252597808838,0.09700546188484623,0.0012598392486572296,0.0003282669544219973,0.00042007002830505435
1100,173.35942673683167,0.09470145383822455,0.0011886159896850657,0.00031129407882690414,0.0003164392948150636
1200,185.140465259552,0.08783986068950071,0.0010528800487518296,0.0002774056434631353,0.0002011044979095452
1300,196.56411218643188,0.08325842811468646,0.0010263420104980486,0.00027191162109374984,0.00019438486099243184
1400,209.50924468040466,0.07736025429822348,0.0013654213428497322,0.0002681228637695315,0.00019423775672912692
1500,220.76254630088806,0.07174702561891536,0.001026522445678711,0.00026907272338867164,0.0001946736335754394
1600,232.41927790641785,0.07016267015935228,0.001025353479385377,0.00026903729438781666,0.00020543408393859877
1700,247.26083397865295,0.0704196818382502,0.001060532283782961,0.00027818293571472085,0.00026662144660949747
1800,260.88330936431885,0.06720898176975197,0.0011339266777038604,0.00029229993820190374,0.0002307275772094718
1900,278.55779099464417,0.06359691945783993,0.0012436073780059806,0.00032168660163879386,0.0003230401039123535
2000,293.36452174186707,0.06707721527844,0.001507061195373544,0.00028236503601074194,0.00022710914611816387
2100,304.6155321598053,0.05506133773905049,0.001055142641067507,0.0002746837615966794,0.000198236608505249
2200,315.77468395233154,0.051556872131045,0.0010339836597442642,0.00027112531661987386,0.00019730587005615234
2300,326.80181074142456,0.04427951784854372,0.00102817578315735,0.0002689864635467531,0.00019463615417480474