#=== darpa_flags_neg_scratch_down_w10 ===
#
#Metrics:
#  Accuracy: 0.7583 | Macro Precision: 0.1613 | Macro Recall: 0.8000 | Macro F1: 0.1847
#  False Alarms: 12154 | False Alarm Rate: 0.5815
#  Missed Attacks: 8 | Detection Rate: 0.9997
#
#Per-Class Metrics:
#  [phase1] P=0.0000 | R=0.0000 | F1=0.0000 | 
#  [phase2] P=0.0090 | R=1.0000 | F1=0.0178 | 
#  [phase3] P=0.0070 | R=1.0000 | F1=0.0140 | 
#  [phase4] P=0.0063 | R=1.0000 | F1=0.0126 | 
#  [phase5] P=0.7841 | R=1.0000 | F1=0.8790 | 
#
#Confusion Matrix:
#         	      	      	      	Actual	      	      	      
#         	      	benign	phase1	phase2	phase3	phase4	phase5
#         	benign	  8746	     8	     0	     0	     0	     0
#         	phase1	     0	     0	     0	     0	     0	     0
#Predicted	phase2	   994	     0	     9	     0	     0	     0
#         	phase3	  1972	     0	     0	    14	     0	     0
#         	phase4	  1097	     0	     0	     0	     7	     0
#         	phase5	  8091	     0	     0	     0	     0	 29389
i,time,loss,ground_time,compile_time,eval_time
100,13.52867078781128,0.670857960479334,0.0013310583591461176,0.00025502204895019463,0.00023196926116943357
200,25.403067350387573,0.37435774674755523,0.0014229461193084666,0.0002473607540130608,0.000231095504760742
300,32.96623921394348,0.031891636603104415,0.0011936996459960892,0.00022183418273925783,0.00015609869956970254
400,45.113637924194336,0.012385915480335826,0.0014649876117706292,0.00024786934852600055,0.0002467698574066166
500,53.003353118896484,0.0076903465780924305,0.0012291445255279536,0.000235319328308105,0.00016736307144165025
600,62.71062731742859,0.004103860042778251,0.0012730461597442603,0.0002401118278503412,0.00020613622665405308
700,72.06172370910645,0.005325345240380557,0.0012718579292297328,0.0002476020812988284,0.00020127663612365743
800,84.54131698608398,0.002198924603544583,0.0015061976909637464,0.0002519013404846188,0.0002503616333007799