#=== ait_flags_one_net_scratch_10data_w10 ===
#
#Metrics:
#  Accuracy: 0.7770 | Macro Precision: 0.5622 | Macro Recall: 0.6436 | Macro F1: 0.4928
#  False Alarms: 24780 | False Alarm Rate: 0.1549
#  Missed Attacks: 17240 | Detection Rate: 0.3946
#
#Per-Class Metrics:
#  [phase1] P=0.1898 | R=0.9283 | F1=0.3151 | 
#  [phase2] P=0.8925 | R=0.2557 | F1=0.3975 | 
#  [phase3] P=0.8333 | R=0.9091 | F1=0.8696 | 
#  [phase4] P=0.0085 | R=0.2800 | F1=0.0165 | 
#
#Confusion Matrix:
#         	      	      	      	Actual	      	      
#         	      	benign	phase1	phase2	phase3	phase4
#         	benign	135226	   421	 16804	     0	    15
#Predicted	phase1	 23269	  5450	     1	     0	     0
#         	phase2	   692	     0	  5772	     1	     2
#         	phase3	     1	     0	     0	    10	     1
#         	phase4	   818	     0	     0	     0	     7
i,time,loss,ground_time,compile_time,eval_time
100,10.542099714279175,0.813734347413106,0.0012095479965209645,0.00034991645812988096,0.00038595647811889795
200,28.361452341079712,0.7952524594593777,0.0012251274108886342,0.00035484814643859606,0.0006270979881286614
300,45.13410520553589,0.7675150750648211,0.0012238853931426624,0.0003530157089233378,0.0005438431262969974
400,79.11486458778381,0.6756920906724396,0.0012217025756835562,0.00035268568992614523,0.001070795726776125
500,119.45487976074219,0.6805320265598109,0.0012178164005279218,0.00035452160835265845,0.0013763077735900924
600,159.48398447036743,0.6893642479860665,0.0012292452812194452,0.0003578947067260715,0.0013432580947876013
700,176.10454440116882,0.6142319244607102,0.0012262691497802332,0.0003520092487335193,0.0005832592010498049
800,191.01723408699036,0.6019301477112439,0.0012262413978576295,0.0003522096633911114,0.0005057598114013666