#=== ait_flags_one_net_scratch_5data_w10 ===
#
#Metrics:
#  Accuracy: 0.7099 | Macro Precision: 0.5494 | Macro Recall: 0.6735 | Macro F1: 0.4698
#  False Alarms: 37872 | False Alarm Rate: 0.2367
#  Missed Attacks: 16810 | Detection Rate: 0.4097
#
#Per-Class Metrics:
#  [phase1] P=0.1399 | R=0.9988 | F1=0.2454 | 
#  [phase2] P=0.8847 | R=0.2562 | F1=0.3973 | 
#  [phase3] P=0.8333 | R=0.9091 | F1=0.8696 | 
#  [phase4] P=0.0101 | R=0.4400 | F1=0.0198 | 
#
#Confusion Matrix:
#         	      	      	      	Actual	      	      
#         	      	benign	phase1	phase2	phase3	phase4
#         	benign	122134	     7	 16792	     0	    11
#Predicted	phase1	 36046	  5864	     1	     0	     0
#         	phase2	   751	     0	  5784	     1	     2
#         	phase3	     1	     0	     0	    10	     1
#         	phase4	  1074	     0	     0	     0	    11
i,time,loss,ground_time,compile_time,eval_time
100,11.759459733963013,0.7698110709901694,0.0016967195987701495,0.0005733410358428725,0.00035199966430664043
200,24.618487119674683,0.7190702281385468,0.00171302075386048,0.0005785439968108894,0.0003747514724731445
300,38.26414656639099,0.6264331502639456,0.001708473587036139,0.0005742335796355966,0.0004033957004547124
400,59.981563091278076,0.575536288540882,0.0016994924545288169,0.0005690171241760025,0.000677642250061033
500,82.3682210445404,0.573613226464327,0.0016886406421661457,0.0005656781673431166,0.0006976696014404289