#=== ait_flags_baseline_pretrained_aug_w10_1000b1000a ===
#
#Metrics:
#  Accuracy: 0.0533 | Macro Precision: 0.0497 | Macro Recall: 0.8000 | Macro F1: 0.0923
#  False Alarms: 133582 | False Alarm Rate: 1.0000
#  Missed Attacks: 0 | Detection Rate: 1.0000
#
#Per-Class Metrics:
#  [phase1] P=0.0430 | R=1.0000 | F1=0.0824 | 
#  [phase2] P=0.1182 | R=1.0000 | F1=0.2114 | 
#  [phase3] P=0.0414 | R=1.0000 | F1=0.0794 | 
#  [phase4] P=0.0461 | R=1.0000 | F1=0.0881 | 
#
#Confusion Matrix:
#         	      	      	      	Actual	      	      
#         	      	benign	phase1	phase2	phase3	phase4
#         	benign	     0	     0	     0	     0	     0
#Predicted	phase1	114522	  5144	     0	     0	     0
#         	phase2	 16920	     0	  2268	     0	     0
#         	phase3	   255	     0	     0	    11	     0
#         	phase4	  1885	     0	     0	     0	    91
i,time,loss,ground_time,compile_time,eval_time
10,0.1322169303894043,5.249894012025711,0.0008088202476501457,0.00020733451843261822,4.165029525756834e-05
20,0.22043490409851074,5.194631969793753,0.0008717350959777821,0.00018250226974487384,4.560375213623051e-05
30,0.3136007785797119,5.415680138721189,0.000878654479980467,0.00029296684265136847,4.635858535766602e-05
40,0.39362335205078125,5.36041809648933,0.0008783307075500479,0.00021706247329712037,4.582071304321286e-05
50,0.48206329345703125,5.581466265416765,0.0008759698867797849,0.00014610242843627932,4.580545425415042e-05
60,0.5606274604797363,5.526204223184908,0.0008793139457702624,0.00022267246246337953,4.6072483062744145e-05
70,0.6382813453674316,5.857776476576062,0.0009009270668029784,0.0003696975708007824,4.6554088592529283e-05
80,0.7137100696563721,4.863059716402598,0.0008527841567993152,0.00018424987792968806,4.676198959350585e-05
90,0.7760052680969238,6.078824645503498,0.0009135627746582031,0.0005857467651367186,4.6258449554443296e-05
100,0.8445978164672852,5.968300561039778,0.0008908848762512201,0.00022325801849365292,4.7163486480712866e-05
110,0.9093961715698242,4.697273589707021,0.0008409280776977529,0.0003281207084655771,6.188726425170901e-05
120,0.9780988693237305,5.415680138721191,0.0008862729072570805,0.0002579188346862811,6.906080245971671e-05
130,1.0450892448425293,6.078824645503497,0.0009107728004455565,0.0004010305404663093,6.875133514404291e-05
140,1.1126604080200195,5.747252392112342,0.0008918523788452144,0.00029328918457031364,6.959104537963868e-05
150,1.1783316135406494,5.249894012025612,0.0008609328269958486,0.0001848044395446784,6.77943229675293e-05
160,1.2447116374969482,5.636728307648626,0.0008785300254821772,0.00022166681289672918,6.79588317871094e-05
170,1.3109748363494873,5.6919903498804825,0.0008912196159362786,0.00022083473205566462,6.782674789428703e-05
180,1.3772814273834229,5.6367283076486245,0.0008896503448486328,0.000292643547058107,6.80713653564453e-05
190,1.4425899982452393,5.470942180953047,0.0008819222450256344,0.0002210636138916024,6.694889068603518e-05
200,1.4988667964935303,5.30515605425747,0.0008694195747375466,0.0002569646835327163,5.774831771850599e-05
210,1.5475616455078125,5.747252392112342,0.0008935575485229492,0.00040084123611450325,4.821014404296874e-05
220,1.5884366035461426,5.636728307648625,0.000885988712310791,0.00029520273208618285,4.1234970092773424e-05
230,1.6300339698791504,5.6367283076486245,0.0008919553756713859,0.0002926983833313005,4.1971206665039074e-05
240,1.6722190380096436,6.244610772199073,0.0009129128456115725,0.0001861529350280769,4.232120513916009e-05
250,1.7138714790344238,5.36041809648933,0.000879104137420653,0.00018367624282836985,4.169178009033205e-05
260,1.756197452545166,5.194631969793753,0.0008629527091979982,0.00036461114883422986,4.282665252685545e-05
270,1.7986905574798584,5.139369927561893,0.000857711315155028,0.00021986484527587968,4.2509078979492186e-05
280,1.8409626483917236,5.802514434344202,0.0008859443664550765,0.0001848673820495611,4.187250137329101e-05
290,1.8837580680847168,5.194631969793751,0.0008806495666503886,0.0004025669097900403,4.267358779907226e-05
300,1.9256532192230225,5.305156054257471,0.0008712511062622056,0.00018350887298584044,4.21566963195801e-05
310,1.9696159362792969,5.194631969793753,0.0008653640747070307,0.00022037839889526385,4.3065071105957055e-05
320,2.0120766162872314,5.470942180953046,0.0008858776092529289,0.00025683832168579195,4.2284488677978566e-05
330,2.053631544113159,6.52092098335837,0.0009296536445617679,0.0003324284553527845,4.1842460632324185e-05
340,2.095863103866577,5.028845843098175,0.000858077526092528,0.0002563729286193855,4.232692718505862e-05
350,2.138211250305176,5.581466265416765,0.0008856325149536115,0.0003288245201110854,4.2634487152099596e-05
360,2.180220365524292,5.0841078853300345,0.0008580117225646961,0.00025664710998535235,4.226160049438481e-05
370,2.2224903106689453,4.973583800866316,0.0008569397926330555,0.00014645576477050835,4.223394393920897e-05
380,2.2651264667510986,5.747252392112345,0.0008869647979736321,0.0003297533988952649,4.2375087738037166e-05
390,2.3073618412017822,5.802514434344201,0.0008981118202209459,0.0002568011283874519,4.229450225830082e-05
400,2.3502769470214844,6.023562603271638,0.0009018545150756844,0.00029527664184570465,4.2906761169433614e-05
410,2.3938372135162354,5.360418096489329,0.0008763384819030759,0.00025636816024780345,4.233074188232424e-05
420,2.4367382526397705,5.802514434344202,0.0008936276435852049,0.0003314895629882825,4.283523559570316e-05
430,2.480445146560669,5.194631969793752,0.0008696284294128411,0.00032844018936157345,4.363870620727539e-05
440,2.5229594707489014,5.968300561039779,0.0008955068588256824,0.00022251176834106514,4.2520046234130896e-05
450,2.566124677658081,5.747252392112343,0.0008854742050170888,0.00014840459823608473,4.306459426879885e-05
460,2.6088638305664062,5.305156054257472,0.0008701887130737291,0.0003295154571533217,4.279470443725588e-05
470,2.650331974029541,5.747252392112343,0.000899137020111084,0.0003657689094543468,4.21485900878907e-05
480,2.692774772644043,5.249894012025611,0.0008687891960144032,0.0002565274238586437,4.238986968994141e-05
490,2.7349157333374023,6.078824645503497,0.0009132595062255856,0.0001850142478942877,4.2471885681152354e-05
500,2.7767107486724854,4.5867495052433025,0.0008353104591369608,0.00025394535064697353,4.224634170532231e-05
510,2.819833993911743,5.6367283076486245,0.0008815441131591793,0.0002917118072509774,4.228687286376958e-05
520,2.8624513149261475,6.023562603271638,0.0009077944755554188,0.00018621253967285222,4.27508354187012e-05
530,2.9041388034820557,5.636728307648626,0.0008768534660339347,0.0002217798233032234,4.208755493164067e-05
540,2.9457077980041504,4.863059716402598,0.0008460326194763178,0.00036287832260131975,4.197502136230471e-05
550,2.98913836479187,5.194631969793752,0.0008668518066406231,0.00022099685668945453,4.3516635894775416e-05
560,3.032149076461792,6.023562603271637,0.000908574581146239,0.00029409217834472774,4.249620437622077e-05
570,3.074883460998535,4.863059716402598,0.000848952293395995,0.0002566690444946297,4.2634487152099644e-05
580,3.118673086166382,5.41568013872119,0.0008787336349487295,0.0001831350326538094,4.3679237365722685e-05
590,3.161273956298828,6.134086687735355,0.0009195237159729003,0.0003682050704956072,4.254436492919925e-05
600,3.203456163406372,5.581466265416764,0.0008894329071044921,0.00025673818588256873,4.253721237182624e-05
610,3.2490174770355225,4.5867495052433025,0.000839312076568602,0.00014650821685791086,4.4191360473632813e-05
620,3.293095588684082,6.023562603271638,0.000900453090667723,0.00032984685897827307,4.357242584228522e-05
630,3.3367691040039062,5.41568013872119,0.0008865609169006347,0.00025704765319824305,4.295492172241215e-05
640,3.3809521198272705,5.3604180964893295,0.0008761982917785633,0.000327916622161867,4.434728622436521e-05
650,3.424038887023926,5.415680138721189,0.0008793158531188959,0.0003290681838989269,4.315423965454104e-05
660,3.467735767364502,5.1393699275618925,0.0008530101776123037,0.0002556819915771497,4.32405471801758e-05
670,3.5115675926208496,6.244610772199075,0.000915594100952149,0.0002959666252136245,4.3668746948242193e-05
680,3.554974317550659,6.6867071100539475,0.0009502587318420403,0.00025872564315795963,4.330492019653322e-05
690,3.5981550216674805,4.586749505243303,0.0008242163658142073,0.00011201763153076175,4.305744171142581e-05
700,3.6418745517730713,5.747252392112343,0.0008934249877929684,0.00040216112136840925,4.370784759521488e-05
710,3.688154697418213,4.973583800866316,0.0008554797172546371,0.0002211480140686045,4.504585266113283e-05
720,3.7316675186157227,5.41568013872119,0.0008745226860046378,0.0002547745704650895,4.350376129150396e-05
730,3.7751240730285645,6.1893487299672145,0.0009330387115478502,0.0004376444816589362,4.3272018432617224e-05
740,3.81748366355896,5.747252392112342,0.0008852205276489239,0.0002587752342224131,4.2665481567382866e-05
750,3.861184597015381,5.139369927561894,0.0008556323051452633,0.00014578151702880908,4.342031478881839e-05
760,3.9045352935791016,5.470942180953047,0.0008829770088195791,0.00032983589172363444,4.359626770019535e-05
770,3.9471023082733154,4.863059716402598,0.0008480911254882794,0.00029246854782104655,4.289722442626954e-05
780,3.9903910160064697,5.747252392112343,0.0008892750740051254,0.00029456853866577246,4.332447052001955e-05
790,4.033722162246704,6.576183025590228,0.0009404487609863262,0.0002960195541381848,4.341220855712896e-05
800,4.076704502105713,5.249894012025612,0.0008596649169921861,0.0001476974487304695,4.306650161743166e-05
810,4.121236085891724,5.194631969793752,0.0008633341789245592,0.00018503236770629978,4.3430805206298836e-05
820,4.164047718048096,5.857776476576061,0.0009052290916442866,0.0002934498786926285,4.28590774536133e-05
830,4.207185983657837,4.80779767417074,0.0008456292152404772,0.0002562990188598645,4.318475723266606e-05
840,4.250443696975708,5.305156054257469,0.0008617277145385732,0.00021933937072754,4.3422222137451214e-05
850,4.293143033981323,4.8077976741707396,0.0008496179580688471,0.00018312168121337917,4.297637939453131e-05
860,4.335707187652588,6.355134856662793,0.0009131035804748543,0.00033139371871948364,4.287004470825195e-05
870,4.378709077835083,5.581466265416767,0.0008855276107788083,0.0002919330596923843,4.340219497680667e-05
880,4.42162561416626,5.913038518807919,0.000915867328643798,0.000329800605773927,4.3094635009765654e-05
890,4.4647536277771,5.913038518807922,0.0009047183990478505,0.0003282365798950201,4.322671890258793e-05
900,4.50870680809021,5.194631969793752,0.0008615450859069819,0.00025896072387695407,4.4141769409179716e-05
910,4.553217172622681,5.9130385188079195,0.0008983144760131833,0.00032973575592041166,4.3277740478515695e-05
920,4.596421480178833,5.96830056103978,0.0009004278182983393,0.00025729131698608467,4.309415817260745e-05
930,4.640193223953247,6.189348729967214,0.0009178543090820309,0.0002929058074951184,4.361295700073245e-05
940,4.6839354038238525,5.4156801387211875,0.0008869614601135238,0.00032899713516235465,4.335689544677736e-05
950,4.727297782897949,6.023562603271635,0.0009030990600585936,0.000296095848083498,4.296493530273444e-05
960,4.77043890953064,5.581466265416765,0.0008727788925170885,0.00014961194992065455,4.3264389038085964e-05
970,4.814043045043945,5.139369927561893,0.0008593306541442872,0.00021971654891967822,4.305315017700196e-05
980,4.856972694396973,4.69727358970702,0.00084878396987915,0.0002189888954162605,4.283714294433596e-05
990,4.900471210479736,5.0841078853300345,0.0008551330566406234,0.000221030712127687,4.369735717773446e-05
1000,4.943390607833862,5.526204223184905,0.0008846426010131825,0.00029265928268432687,4.315328598022467e-05