#=== ait_neg_scratch_10data_w10 ===
#
#Metrics:
#  Accuracy: 0.9966 | Macro Precision: 0.6401 | Macro Recall: 0.7984 | Macro F1: 0.6687
#  False Alarms: 516 | False Alarm Rate: 0.0032
#  Missed Attacks: 132 | Detection Rate: 0.9954
#
#Per-Class Metrics:
#  [phase1] P=0.9997 | R=1.0000 | F1=0.9998 | 
#  [phase2] P=0.9860 | R=0.9953 | F1=0.9906 | 
#  [phase3] P=0.2157 | R=1.0000 | F1=0.3548 | 
#  [phase4] P=0.0000 | R=0.0000 | F1=0.0000 | 
#
#Confusion Matrix:
#         	      	      	      	Actual	      	      
#         	      	benign	phase1	phase2	phase3	phase4
#         	benign	159490	     0	   107	     0	    25
#Predicted	phase1	     2	  5871	     0	     0	     0
#         	phase2	   318	     0	 22470	     0	     0
#         	phase3	    40	     0	     0	    11	     0
#         	phase4	   156	     0	     0	     0	     0
i,time,loss,ground_time,compile_time,eval_time
100,8.690118789672852,0.8854746639135,0.0018112316131592113,0.00028312201499939346,0.00022644095420837373
200,18.534891843795776,0.8245397408822028,0.0018290964603424353,0.00028741855621338276,0.0002687523365020753
300,27.842194318771362,0.7049845996980733,0.001810716199874904,0.00028385267257690847,0.00023839960098266652
400,37.399683713912964,0.5077754664008305,0.001819933319091828,0.00028661575317383167,0.00023773365020751932
500,46.53674817085266,0.5628606307078458,0.0018148722171783694,0.0002824492454528837,0.00023110294342041043
600,55.45578217506409,0.5347453398259207,0.0018248160839081102,0.00028475742340088245,0.00022835650444030795
700,63.554680585861206,0.5324415045249375,0.0018230357646942421,0.0002852149009704638,0.0002181522846221925
800,71.62450504302979,0.5537022668232905,0.0018308258533478112,0.00028678817749023833,0.00021580338478088422