#=== ait_neg_scratch_10data_w10 ===
#
#Metrics:
#  Accuracy: 0.9787 | Macro Precision: 0.6438 | Macro Recall: 0.9668 | Macro F1: 0.6694
#  False Alarms: 3456 | False Alarm Rate: 0.0216
#  Missed Attacks: 552 | Detection Rate: 0.9806
#
#Per-Class Metrics:
#  [phase1] P=0.9997 | R=1.0000 | F1=0.9998 | 
#  [phase2] P=0.9964 | R=0.9757 | F1=0.9859 | 
#  [phase3] P=0.2200 | R=1.0000 | F1=0.3607 | 
#  [phase4] P=0.0066 | R=0.8800 | F1=0.0130 | 
#
#Confusion Matrix:
#         	      	      	      	Actual	      	      
#         	      	benign	phase1	phase2	phase3	phase4
#         	benign	156550	     0	   549	     0	     3
#Predicted	phase1	     2	  5871	     0	     0	     0
#         	phase2	    80	     0	 22028	     0	     0
#         	phase3	    39	     0	     0	    11	     0
#         	phase4	  3335	     0	     0	     0	    22
i,time,loss,ground_time,compile_time,eval_time
100,10.654000520706177,0.4845984521289239,0.002959675073623694,0.0004204447746276869,0.00020688362121582028
200,21.799126386642456,0.4362145461324907,0.002938274955749547,0.0004198880672454819,0.00021681189537048364
300,32.563621282577515,0.2967337106488906,0.0030144039630890284,0.00041999630928039536,0.00021300072669982914
400,44.339096546173096,0.1934129875764615,0.0029872776985168793,0.0004287209033966069,0.0002279281616210935
500,58.9333713054657,0.18238475676324584,0.002958696699142487,0.0004252531528472891,0.0005232885360717771
600,70.82610893249512,0.1219559286831871,0.0030437077045441024,0.0004183996677398692,0.0002250771045684809
700,82.45592880249023,0.12881669089780387,0.0030298359870910996,0.0004189315795898426,0.00022046961784362822
800,94.12386441230774,0.12422379496171215,0.0029605268001556832,0.00041806368827819804,0.00021799025535583543