#=== ait_neg_scratch_25data_w10 ===
#
#Metrics:
#  Accuracy: 0.9896 | Macro Precision: 0.6750 | Macro Recall: 0.9616 | Macro F1: 0.7094
#  False Alarms: 1441 | False Alarm Rate: 0.0090
#  Missed Attacks: 526 | Detection Rate: 0.9815
#
#Per-Class Metrics:
#  [phase1] P=0.9997 | R=1.0000 | F1=0.9998 | 
#  [phase2] P=0.9967 | R=0.9769 | F1=0.9867 | 
#  [phase3] P=0.3667 | R=1.0000 | F1=0.5366 | 
#  [phase4] P=0.0153 | R=0.8400 | F1=0.0301 | 
#
#Confusion Matrix:
#         	      	      	      	Actual	      	      
#         	      	benign	phase1	phase2	phase3	phase4
#         	benign	158565	     0	   522	     0	     4
#Predicted	phase1	     2	  5871	     0	     0	     0
#         	phase2	    72	     0	 22055	     0	     0
#         	phase3	    19	     0	     0	    11	     0
#         	phase4	  1348	     0	     0	     0	    21
i,time,loss,ground_time,compile_time,eval_time
100,6.6247358322143555,0.6358498285659988,0.0012317869186401237,0.0001650942802429242,0.00014291763305664048
200,15.283327102661133,0.584465395467861,0.0012353650093078448,0.0001686395645141645,0.0001856398582458504
300,24.964978218078613,0.4826693762410254,0.0012514679431915145,0.00016985435485840353,0.00021172895431518523
400,37.01974439620972,0.28415598061316505,0.0012672608375549194,0.00017388682365417982,0.0002535594463348393
500,48.71805691719055,0.20811391195340928,0.0012623205184936351,0.0001733832359314014,0.00023922572135925277
600,60.307517290115356,0.2543466154493852,0.0012579338073730345,0.00017209982872009742,0.00024608545303344767
700,71.68252396583557,0.2572766596790524,0.0012608267307281382,0.00017173857688904237,0.0002553215980529787
800,87.11087560653687,0.1884371290627006,0.0012667188644409045,0.00017560176849365725,0.00036193938255310034
900,102.39758014678955,0.13540800456616858,0.0012972288131713782,0.00017556796073914054,0.00036657838821411244
1000,116.02786231040955,0.17032563668582282,0.001275218629837023,0.00017512316703796818,0.00031724753379821754
1100,129.58629512786865,0.20108906446575095,0.0012699500083923263,0.00017330532073975082,0.00031298823356628507
1200,141.935124874115,0.16120334148624413,0.0012758119106292592,0.000174412107467656,0.0002838591098785395
1300,152.50931119918823,0.2054994099689863,0.0012648976325988668,0.0001731129169464158,0.00022469282150268442
1400,163.839252948761,0.16190080755965883,0.0012788137435912972,0.00017354917526245638,0.00022557544708251914
1500,175.844890832901,0.24160191755878435,0.0012621584415435623,0.00017381353378296413,0.0002410361289978025
1600,189.2603850364685,0.16692061725374688,0.0012659919261932243,0.0001731655120849661,0.00029331884384155326
1700,206.18906688690186,0.18890629147117236,0.0012876701831817492,0.00017644810676575268,0.0003882446765899654
1800,221.56887674331665,0.1688455309824165,0.0012920408725738345,0.00017615823745728058,0.0003465162754058839