#=== ait_logic_baseline_scratch_aug_w10_full ===
#
#Metrics:
#  Accuracy: 0.8999 | Macro Precision: 0.5995 | Macro Recall: 0.9698 | Macro F1: 0.6447
#  False Alarms: 47164 | False Alarm Rate: 0.1179
#  Missed Attacks: 11 | Detection Rate: 0.9998
#
#Per-Class Metrics:
#  [phase1] P=0.2925 | R=1.0000 | F1=0.4526 | 
#  [phase2] P=0.9999 | R=0.9998 | F1=0.9999 | 
#  [phase3] P=0.7000 | R=1.0000 | F1=0.8235 | 
#  [phase4] P=0.0050 | R=0.9672 | F1=0.0100 | 
#
#Confusion Matrix:
#         	      	      	      	Actual	      	      
#         	      	benign	phase1	phase2	phase3	phase4
#         	benign	352851	     0	     9	     0	     2
#Predicted	phase1	 35499	 14678	     0	     0	     0
#         	phase2	     3	     0	 56434	     0	     0
#         	phase3	    12	     0	     0	    28	     0
#         	phase4	 11650	     0	     0	     0	    59
i,time,loss,ground_time,compile_time,eval_time
100,1.3581085205078125,0.34511945803695354,0.009412852339446545,0.006073367893695831,7.473930716514588e-05
200,2.508286714553833,0.31489474206552254,0.009629937149584293,0.006311232820153236,7.369812577962875e-05
300,3.55426025390625,0.3631085705236845,0.009482386372983456,0.006105014942586422,7.441706955432892e-05
400,4.632699251174927,0.345825370031071,0.009526468180119992,0.0062025093659758565,7.50952959060669e-05
500,5.684532403945923,0.34766052190995184,0.009541636928915978,0.006130897738039494,7.446188479661941e-05
600,6.73164439201355,0.34871050754491767,0.009584622271358968,0.00622876513749361,7.496915757656098e-05
700,7.792310953140259,0.3415546394781379,0.00961770087480545,0.006271551214158535,7.454082369804383e-05
800,8.803567171096802,0.35988091945810075,0.009485133625566959,0.006074275523424148,7.507618516683579e-05
900,9.781842231750488,0.35810446983396077,0.009518980346620083,0.006054992973804474,7.440641522407532e-05
1000,10.73733139038086,0.3418539896072714,0.009607265703380108,0.006194924563169479,7.476139813661576e-05
1100,11.718204736709595,0.3343107180292465,0.009651185274124145,0.006307549476623535,7.500525563955307e-05
1200,12.676161289215088,0.350845009552932,0.00948629181832075,0.00609493650496006,7.488474249839783e-05
1300,13.5958092212677,0.3482799406110686,0.009539847224950791,0.006202626004815102,7.43771344423294e-05
1400,14.48964238166809,0.3634528106123258,0.009561399854719639,0.006072665601968765,7.42315873503685e-05
1500,15.359106302261353,0.3526991533377587,0.009496897086501121,0.0061876818165183065,7.393255829811096e-05
1600,16.31364369392395,0.33428999958639677,0.009522592537105084,0.006113344766199589,7.697474211454391e-05
1700,17.186992406845093,0.343979858930765,0.009586052447557449,0.006242242455482483,7.47784599661827e-05
1800,18.08519697189331,0.34760872580282737,0.009507786333560943,0.006213354766368866,7.427245378494263e-05
1900,18.985910654067993,0.34801166814620993,0.009437237679958344,0.006007560603320599,7.399857044219971e-05
2000,19.88448715209961,0.35301576883593355,0.009381400644779206,0.00589741513133049,7.406160235404968e-05
2100,20.753822803497314,0.3461609774351915,0.00950840450823307,0.006157282292842865,7.382184267044068e-05
2200,21.65251636505127,0.34974495434774583,0.009393901750445365,0.006124029420316219,7.43056833744049e-05
2300,22.525941610336304,0.33540904669752863,0.009544710591435433,0.0061502460390329364,7.397536188364029e-05
2400,23.404438972473145,0.3404321392931978,0.009565264768898487,0.006208927817642689,7.397990673780442e-05
2500,24.272971153259277,0.33501473703866674,0.00948743473738432,0.006205452084541321,7.360436022281647e-05
2600,25.132230758666992,0.36021215003997875,0.009461990520358086,0.006083378307521343,7.342956960201263e-05
2700,25.978042602539062,0.3457873862191796,0.009618473052978516,0.006171500943601131,7.308740168809891e-05
2800,26.83623766899109,0.3573521077912244,0.009447714611887932,0.006124089919030667,7.38443061709404e-05
2900,27.702418565750122,0.3454396930567301,0.009531808458268643,0.006134842596948147,7.318116724491119e-05
3000,28.521679878234863,0.34508509374666346,0.009679046347737313,0.006356957890093326,7.273595780134201e-05
3100,29.385697841644287,0.35516753621298947,0.009505057074129582,0.006151000037789345,7.57995992898941e-05
3200,30.215917348861694,0.3472696653248984,0.009625543504953385,0.006182644776999951,7.29016587138176e-05
3300,31.016461610794067,0.3465276625035872,0.009508141502737998,0.006161184012889862,7.212135940790177e-05
3400,31.85937809944153,0.35657039462111745,0.009570228233933449,0.00616690956056118,7.336743175983428e-05
3500,32.6914598941803,0.34766570152066434,0.009720458611845971,0.006282561756670475,7.321875542402267e-05
3600,33.52255082130432,0.3475966400444981,0.009500623643398286,0.006156245544552803,7.276061922311782e-05
3700,34.34029698371887,0.3383477068554038,0.009555856660008431,0.006077067330479622,7.269028574228287e-05
3800,35.180771350860596,0.3379085072370341,0.009647244550287724,0.006276467815041542,7.317129522562027e-05
3900,35.99303102493286,0.33756426714839266,0.009568101800978184,0.00620317917317152,7.290169596672059e-05
4000,36.81171417236328,0.35159564505876423,0.009567988030612469,0.006105451472103595,7.390826940536498e-05
4100,37.6230947971344,0.32818411715458273,0.009575566202402115,0.006243706047534943,7.253676652908325e-05
4200,38.45008134841919,0.35735210779122445,0.009598361663520336,0.006228230707347393,7.444217801094055e-05
4300,39.32182836532593,0.3525938345866053,0.009412113316357136,0.0060377390310168266,7.579877972602845e-05
4400,40.16703224182129,0.3346635908024087,0.009533735327422618,0.006185152158141136,7.35536590218544e-05
4500,40.970641136169434,0.34475466595325527,0.009523489102721215,0.006221953816711903,7.348351180553437e-05
4600,41.78576922416687,0.35517271582370197,0.009552589505910874,0.0061476101353764535,7.249526679515838e-05
4700,42.5976345539093,0.3393510759939574,0.009783480502665042,0.006464201509952545,7.192708551883697e-05
4800,43.39903664588928,0.3451127183371301,0.009517950937151909,0.006226275600492954,7.151354104280472e-05
4900,44.19598746299744,0.36060220383656244,0.009531361162662505,0.006186766438186169,7.157843559980392e-05
5000,45.01254844665527,0.3537439593620121,0.009598793424665929,0.006211038306355476,7.17184692621231e-05
5100,45.813804149627686,0.3404131473872524,0.009548155777156352,0.006271003633737564,7.182087749242783e-05
5200,46.65626120567322,0.3461765162673291,0.00951691348105669,0.006183180399239064,7.443185895681382e-05
5300,47.51004648208618,0.3458495415477292,0.009527304731309414,0.006173214763402939,7.528308779001237e-05
5400,48.35135340690613,0.3400896257414606,0.009532552026212216,0.006113531589508056,7.467728108167648e-05
5500,49.18816566467285,0.3472247753653905,0.009520105570554733,0.006098642647266388,7.358800619840622e-05
5600,50.064831495285034,0.3405991390208166,0.009532226311663788,0.006173678516513772,7.19140801164839e-05
5700,50.83111619949341,0.3404235066086773,0.009514086209237575,0.0061463435366749765,7.405724376440048e-05
5800,51.55858063697815,0.35737282623407424,0.009427039325237275,0.006139535121619701,7.086742669343949e-05
5900,52.27768540382385,0.35554458050281,0.00945585660636425,0.006101861633360386,6.998639553785325e-05
6000,53.074421644210815,0.34328619914277,0.009532567299902438,0.00617862418293953,7.695063948631286e-05
6100,53.906325578689575,0.3494231592388586,0.009626120030879974,0.006314019858837128,8.006397634744644e-05
6200,54.68177914619446,0.3475931869706899,0.009508502520620823,0.0061828292533755306,7.487121969461441e-05
6300,55.52542328834534,0.34369950070757715,0.009649802111089229,0.006249702349305153,8.00023227930069e-05
6400,56.4917094707489,0.3508432830160279,0.00958014365285635,0.006280636712908745,9.289339184761048e-05
6500,57.31388783454895,0.33219002831646527,0.009598214700818062,0.006255483217537403,8.007951080799103e-05
6600,58.145572662353516,0.3450712814514304,0.009474230818450452,0.0061357938498258595,8.092500269412994e-05
6700,59.12998628616333,0.3605832119306168,0.009457215778529643,0.006112560033798218,9.503431618213654e-05
6800,60.006601095199585,0.3393458963832452,0.009639111906290054,0.006182018928229809,8.494928479194642e-05
6900,60.799182415008545,0.34363907191593185,0.009540533609688283,0.006251887641847134,7.742099463939667e-05
7000,61.552794456481934,0.3303255253102138,0.009539904780685901,0.006143442466855049,7.36667588353157e-05
7100,62.30055570602417,0.3378826091834719,0.009601155668497086,0.006173602901399135,7.29404017329216e-05
7200,63.042250871658325,0.33615104951884,0.009579624235630035,0.006251909546554088,7.249262183904648e-05
7300,63.79736948013306,0.3310468096886754,0.009436568133533002,0.0061443189904093745,7.405504584312439e-05
7400,64.57120037078857,0.35449114179403585,0.009624105468392373,0.0062293726950883865,7.574651390314102e-05
7500,65.43682336807251,0.3375072914305558,0.00959404807537794,0.006281500235199928,8.38565081357956e-05
7600,66.25506520271301,0.35120996808442306,0.009420697391033173,0.00603678148239851,7.967669516801834e-05
7700,66.99701118469238,0.3399782036311608,0.00948447171598673,0.006050442606210709,7.275249809026718e-05
7800,67.78213286399841,0.35302958113116695,0.009545821025967597,0.0061623136326670646,7.688783109188079e-05
7900,68.65575933456421,0.35158355930043533,0.009539388567209244,0.00613886509090662,8.479543030261993e-05
8000,69.44710683822632,0.34366324343259,0.009509866535663604,0.00616579320281744,7.686976343393326e-05
8100,70.21751070022583,0.3375625406114886,0.009558224827051163,0.006123451068997383,7.483813911676407e-05
8200,70.97965836524963,0.33001063634894284,0.009636921100318432,0.006142681278288364,7.445000112056732e-05
8300,71.72682499885559,0.3656028514524777,0.009340370334684848,0.006002099737524986,7.318273186683655e-05
8400,72.54704594612122,0.3371803167109559,0.009549005627632142,0.006219955720007419,8.008986711502075e-05
8500,73.37124586105347,0.33001236288584723,0.00955390378832817,0.006258927024900913,7.998034358024598e-05
8600,74.17969131469727,0.3375090179674599,0.009620099999010564,0.006200824230909348,7.841568440198898e-05
8700,74.94972372055054,0.35591989825572606,0.009558761715888977,0.0061784455180168155,7.489010691642761e-05
8800,75.74688029289246,0.33679118666280644,0.00963595200330019,0.006319057047367096,7.72334262728691e-05
8900,76.58927154541016,0.35984293564620934,0.00943174671381712,0.006080220453441143,8.14911350607872e-05
9000,77.35616064071655,0.35480775729221087,0.009601061344146728,0.006217769272625446,7.517706602811813e-05
9100,78.11115980148315,0.354446251834528,0.009500829949975014,0.006110607534646988,7.401522248983384e-05
9200,78.87699866294861,0.35697506350140423,0.009485730715095998,0.006037018150091171,7.504854351282119e-05
9300,79.64242744445801,0.345462138036484,0.009714793637394905,0.006274750046432018,7.49274343252182e-05
9400,80.48935461044312,0.3458184638834543,0.009622383937239647,0.006188273131847381,8.158482611179351e-05
9500,81.2475016117096,0.3588033092326684,0.009512420557439328,0.006058192029595375,7.340874522924423e-05
9600,82.020183801651,0.34577875353465887,0.009578483588993549,0.006145951896905899,7.467728108167648e-05
9700,82.82172322273254,0.3408126366568263,0.00952998001128435,0.006163158789277077,7.721144706010819e-05
9800,83.5740098953247,0.35157665315281866,0.00946930680423975,0.006048497892916203,7.312119007110596e-05
9900,84.33494663238525,0.35701822692400786,0.009662292562425137,0.006227881200611591,7.41182267665863e-05
10000,85.101154088974,0.3552573161320056,0.009590671136975289,0.006248653121292591,7.440999150276184e-05
10100,85.90721893310547,0.35916999430106394,0.00943585243076086,0.006095705069601536,7.805176079273224e-05
10200,86.67347383499146,0.32708578848630077,0.00971031904220581,0.006249825023114681,7.483579218387604e-05
10300,87.42764329910278,0.3533928131257538,0.009639488682150841,0.006252483502030373,7.379386574029922e-05
10400,88.17754817008972,0.3677856964938085,0.009443232715129852,0.006030250117182731,7.342204451560975e-05
10500,88.92730021476746,0.3454396930567299,0.009484861716628075,0.006073138639330864,7.329922169446945e-05
10600,89.71935534477234,0.35052666751785283,0.009408544041216374,0.006108698807656765,7.718842476606369e-05
10700,90.48775935173035,0.35335482931386264,0.009505257494747638,0.006151447929441929,7.519397884607315e-05
10800,91.25503325462341,0.3512548580439313,0.009515300057828427,0.006223922483623028,7.506251335144042e-05
10900,92.00385665893555,0.3534152581055077,0.009694161899387837,0.006318046040832997,7.314156740903855e-05
11000,92.74616050720215,0.329273813138344,0.009600062109529971,0.0062849104776978495,7.225513458251953e-05
11100,93.57872605323792,0.34392734081251364,0.009541205937663715,0.006233717612922189,7.111346556080713e-05
11200,94.35971689224243,0.340772926308031,0.009480281770229339,0.006172295063734055,7.600262761116028e-05
11300,95.10857510566711,0.353029581131167,0.00951501052826643,0.006054832711815834,7.323570549488068e-05
11400,95.84790873527527,0.3422603850244622,0.009602577462792396,0.0062740731984376906,7.229212671518326e-05
11500,96.57385015487671,0.329964019852531,0.009637575894594193,0.006302660852670669,7.08632543683052e-05
11600,97.29984617233276,0.36419999304434986,0.009485846869647502,0.006051086857914925,7.10185244679451e-05
11700,98.05837297439575,0.3483110182753434,0.009588740244507789,0.0061712912097573284,7.421839982271194e-05
11800,98.8133978843689,0.3400740869093233,0.009467808865010738,0.00614116869866848,7.37350434064865e-05
11900,99.57254314422607,0.35406230139709094,0.009461110047996045,0.006114255525171757,7.408097386360168e-05
12000,100.33617520332336,0.33826828615781274,0.009428158700466156,0.006060567535459995,7.45018944144249e-05
12100,101.14999890327454,0.3523100232896094,0.00943998821079731,0.0060184720531106,7.817879319190979e-05
12200,101.94740581512451,0.3555083232278228,0.009466928839683532,0.006134480126202106,7.703103125095368e-05
12300,102.74480891227722,0.3526749818211005,0.009539940506219863,0.006183407343924046,7.723309099674224e-05
12400,103.60591888427734,0.3436891414861525,0.009631880111992359,0.006172263510525227,8.257649838924408e-05
12500,104.59314513206482,0.35596824128904214,0.009648986384272576,0.006251634582877159,9.480834007263183e-05
12600,105.46372485160828,0.3497587666429791,0.009430886916816235,0.0060903050377964976,8.381847292184829e-05
12700,106.37528944015503,0.33974538565281925,0.009407941326498985,0.0059532662481069564,8.738059550523758e-05
12800,107.1703953742981,0.3627125343279185,0.009480130486190319,0.006178211830556393,7.710155099630356e-05
12900,107.97614860534668,0.3472610326403776,0.009662083126604557,0.0062876266241073606,7.826272398233414e-05
13000,108.7418851852417,0.3360560899891115,0.00948491521179676,0.006121995747089386,7.456760853528976e-05
13100,109.49612784385681,0.3282117417450492,0.009551721513271333,0.006119132861495018,7.344316691160202e-05
13200,110.23270559310913,0.34870187486039667,0.009594455435872078,0.0062215737253427505,7.189460098743439e-05
13300,111.01444435119629,0.3559354370878636,0.009527138285338878,0.006164493709802627,7.600605487823487e-05
13400,111.7727313041687,0.35884301958146403,0.009597229696810245,0.006225757263600826,7.373951375484466e-05
13500,112.55938959121704,0.34979329738106235,0.00939430084079504,0.006086210422217846,7.636450231075286e-05
13600,113.40247225761414,0.3400395561712402,0.009562442749738694,0.006094683781266212,8.154034614562988e-05
13700,114.20339369773865,0.33252563572058597,0.009666858501732349,0.006369441039860249,7.777377963066102e-05
13800,115.01392602920532,0.34763117078258127,0.009605450369417668,0.006261496841907501,7.861983031034469e-05
13900,115.86117839813232,0.3454914891638542,0.009675550051033497,0.006392966434359551,8.192587643861771e-05
14000,116.63015937805176,0.3408057305092098,0.009716923683881759,0.00635022234171629,7.490787655115128e-05
14100,117.4151017665863,0.36089890368035754,0.009454413577914237,0.006017631180584431,7.608301937580109e-05
14200,118.21690845489502,0.34084371432110117,0.009585310965776443,0.006165258847177029,7.747147232294083e-05
14300,118.98545408248901,0.35199340779143434,0.00960973646491766,0.006194403134286403,7.503237575292587e-05
14400,119.89673709869385,0.3469202456255445,0.009520702436566353,0.006138378418982029,8.840721100568772e-05
14500,120.67919182777405,0.3702419936107102,0.00949956350028515,0.006237095072865486,7.626999169588089e-05
14600,121.53886008262634,0.35120478847371084,0.0094113864377141,0.006056617721915245,8.315540850162506e-05
14700,122.30596327781677,0.34581501080964594,0.009517649449408054,0.006158227473497391,7.468987256288528e-05
14800,123.09196925163269,0.3285110918741826,0.009701546803116799,0.006256763339042664,7.640253752470017e-05
14900,123.85324501991272,0.3451092652633217,0.009539243690669537,0.006076176054775715,7.432680577039719e-05
15000,124.60397601127625,0.3508553687743569,0.009507142528891564,0.006181906238198281,7.321305572986603e-05
15100,125.33974528312683,0.3533979927364664,0.009577933289110661,0.0062471222504973415,7.184430956840516e-05
15200,126.09769892692566,0.35661528458062525,0.009467141553759575,0.00605298612266779,7.420055568218232e-05
15300,126.85732769966125,0.33855727706552147,0.009555716179311275,0.0062146947532892224,7.446225732564927e-05
15400,127.61776232719421,0.33937179443680726,0.009492732994258403,0.0060976982489228245,7.449626922607421e-05
15500,128.43098759651184,0.3306576796405263,0.009523512795567513,0.006055947355926037,7.896292954683304e-05
15600,129.2932813167572,0.3383218088018417,0.00955274112522602,0.00613217506557703,8.30436497926712e-05
15700,130.0739390850067,0.35910438589870614,0.009312462024390698,0.006009177193045616,7.577523589134216e-05
15800,130.83368253707886,0.3468891679612697,0.009621156640350818,0.006285422332584858,7.419615983963013e-05
15900,131.58997631072998,0.3317922655837952,0.009718118198215962,0.006356134004890919,7.392194122076035e-05
16000,132.36025094985962,0.3368585216020685,0.009637452736496925,0.0062929725274443625,7.487989962100982e-05
16100,133.15191268920898,0.33248592537179034,0.00951618991792202,0.00619251012802124,7.694445550441742e-05
16200,133.91631627082825,0.3512306865272731,0.009634783826768398,0.0062731925398111345,7.454346865415573e-05
16300,134.65823030471802,0.3501392640066077,0.009683741107583046,0.0063209450989961625,7.263027131557465e-05
16400,135.41908049583435,0.3508052992041364,0.009468047171831131,0.006127249635756016,7.433060556650162e-05
16500,136.1930468082428,0.34076602016041435,0.009579250700771808,0.006214462481439114,7.490728050470352e-05
16600,137.1000154018402,0.34409138972921255,0.009594269589417505,0.006206178391973176,7.63416000538402e-05
16700,137.86906123161316,0.338645330447633,0.009487315006554127,0.006148236878216267,7.530421018600464e-05
16800,138.6541543006897,0.3404373189039104,0.00967250667512417,0.006265622861683369,7.659152150154114e-05
16900,139.45251059532166,0.34366324343259,0.009640777185559272,0.0062954769283533095,7.784157991409301e-05
17000,140.2149474620819,0.3562123422372428,0.009520829431712627,0.0061086702719330786,7.462985813617706e-05
17100,140.99478006362915,0.3472938368415563,0.00952459529042244,0.006097141802310944,7.637202739715576e-05
17200,141.75927925109863,0.33754182216863865,0.009614865258336068,0.006200358457863331,7.445268332958222e-05
17300,142.4993908405304,0.3433638933034567,0.009730041325092316,0.0063981514796614646,7.24003091454506e-05
17400,143.23063564300537,0.3662844254821437,0.00933394454419613,0.005966795757412911,7.162969559431076e-05
17500,143.98103404045105,0.3393873332689449,0.009576128646731377,0.006219084933400154,7.325075566768646e-05
17600,144.73023748397827,0.34870360139730106,0.009495668709278107,0.006231184601783752,7.338549941778183e-05
17700,145.47381353378296,0.3397004956933113,0.009569107890129089,0.006191875413060188,7.258061319589615e-05
17800,146.21368050575256,0.35155938778377693,0.009560911394655704,0.006203713119029999,7.236629724502564e-05
17900,146.94883561134338,0.3461592508982874,0.0095405587926507,0.006154642812907696,7.183279842138291e-05
18000,147.6835491657257,0.3562468729753258,0.009459152109920979,0.00608637597411871,7.173351943492889e-05
18100,148.41800689697266,0.36384884680809193,0.009591426886618137,0.0061973872035741805,7.184561342000961e-05
18200,149.15817499160767,0.3533962661995622,0.009592799060046673,0.0062386423349380495,7.243640720844269e-05
18300,149.90524458885193,0.35804576757921985,0.009555486403405667,0.006152265928685665,7.29217752814293e-05
18400,150.66821217536926,0.35629694254554645,0.009533293694257736,0.006180772483348846,7.445026189088821e-05
18500,151.40740871429443,0.3490219434323803,0.009513444118201732,0.006094643101096153,7.213208824396134e-05
18600,152.15409064292908,0.347229954976103,0.009579182937741279,0.0062006844952702525,7.279470562934876e-05
18700,152.96034407615662,0.3555463070397139,0.009582557864487171,0.006215200945734978,7.860079407691956e-05
18800,153.72367978096008,0.34359590849332816,0.009633148126304149,0.006261775530874729,7.444027811288834e-05
18900,154.4821846485138,0.341134431765714,0.009529790356755257,0.006030053272843361,7.393036037683487e-05
19000,155.25812363624573,0.34332418295466105,0.009596600607037544,0.006239155940711498,7.54232332110405e-05
19100,156.01622128486633,0.3440143896688479,0.00962584126740694,0.0062622719630599025,7.381729781627655e-05
19200,156.79100894927979,0.35265081030444234,0.009508381821215153,0.006123182587325573,7.557511329650879e-05
19300,157.5514256954193,0.348035839662868,0.009671914763748646,0.00629856776446104,7.426165044307708e-05
19400,158.2831802368164,0.3512237803796564,0.009475396126508712,0.006065468043088913,7.124405354261398e-05
19500,159.02596497535706,0.34868288295445105,0.00952231142669916,0.006156804449856282,7.22762942314148e-05
19600,159.75119924545288,0.34575630855490497,0.009456015080213548,0.006166920736432075,7.077358663082123e-05
19700,160.48285126686096,0.34003437656052776,0.009570618122816087,0.006271618641912937,7.122118026018143e-05
19800,161.20860743522644,0.33797238910248756,0.009608942531049252,0.006251400746405125,7.081598043441773e-05
19900,161.937029838562,0.3418539896072715,0.009529162310063838,0.006193091869354248,7.100880146026611e-05
20000,162.6587815284729,0.3530278545942627,0.009460172504186631,0.006079430356621742,7.02786073088646e-05
20100,163.39604258537292,0.3353710628856373,0.009646561555564403,0.006332947053015232,7.172409445047379e-05
20200,164.1195969581604,0.35917172083796806,0.009512498266994953,0.006184197664260864,7.068924605846405e-05
20300,164.8353500366211,0.33574638063855333,0.00937045268714428,0.006066557131707668,6.962507963180542e-05
20400,165.56041550636292,0.3404804823265142,0.009578979350626468,0.00621546532958746,7.062263786792755e-05
20500,166.32014918327332,0.3504248018405079,0.00935962300747633,0.005938490144908428,7.389120757579804e-05
20600,167.06690907478333,0.35944689945044334,0.009435701929032803,0.006106591857969761,7.268354296684265e-05
20700,167.82425451278687,0.33937006789990315,0.009692298695445061,0.006363196820020675,7.371481508016586e-05
20800,168.58447241783142,0.35479567153388186,0.009460077434778214,0.006145496107637882,7.400590926408768e-05
20900,169.3214192390442,0.3368170847163687,0.009505668133497238,0.006171348951756955,7.187176495790482e-05
21000,170.04085326194763,0.34042178007177293,0.00956226721405983,0.0061727937683463095,7.003843784332275e-05
21100,170.7603120803833,0.33323563712918863,0.009485817886888981,0.006170710325241089,7.00065866112709e-05
21200,171.49610948562622,0.3509088914183858,0.009601999670267106,0.006205144077539444,7.155116647481918e-05
21300,172.21835923194885,0.3482885732955894,0.009539182968437672,0.006074462682008743,7.030259817838668e-05
21400,172.92034029960632,0.35115126582968204,0.009294990040361882,0.005965071395039558,6.860658526420593e-05
21500,173.62807893753052,0.3368671542865891,0.009541805908083916,0.006144174225628376,6.891172379255294e-05
21600,174.33202075958252,0.33615968220336084,0.009463839568197727,0.0060882440954446795,6.850268691778183e-05
21700,175.07220149040222,0.33935280253086164,0.009603598304092884,0.006134317927062511,7.186971604824067e-05
21800,175.81259608268738,0.3527285044651294,0.009601207599043846,0.006208141073584556,7.202357053756714e-05
21900,176.5614995956421,0.3393597086784783,0.009593956172466278,0.006253868266940117,7.274586707353592e-05
22000,177.3008840084076,0.3447736578592011,0.009637493342161178,0.006155413910746575,7.184140384197235e-05
22100,178.11884307861328,0.34443309059260635,0.009456711125870541,0.006068657346897659,7.008801731798385e-05
22200,178.85759234428406,0.3421826908637754,0.009613878689706326,0.006265962049365043,7.188495248556138e-05
22300,179.58054637908936,0.3372562843347384,0.009503880105912686,0.006187809929251671,7.050041109323502e-05
22400,180.31028294563293,0.34871223408182167,0.00940255142748356,0.006025221161544323,7.087402045726776e-05
22500,181.04413557052612,0.3522996640681844,0.009572441652417184,0.0061549778282642366,7.162801921367645e-05
22600,181.82724976539612,0.3533720946829041,0.009344340860843658,0.005995602905750274,7.543392479419708e-05
22700,182.59388971328735,0.36196017228518207,0.009515434764325618,0.006163087300956249,7.45418295264244e-05
22800,183.32504844665527,0.35196750973787205,0.009612056501209736,0.006171410381793976,7.144737988710403e-05
22900,184.04220938682556,0.3357256621957035,0.009689510278403759,0.006373033933341503,6.980679929256439e-05
23000,184.77781701087952,0.3552158792463058,0.009458774887025356,0.006067073903977871,7.166776806116103e-05
23100,185.52199816703796,0.34582019042035844,0.009598928578197956,0.006304826252162456,7.2520412504673e-05
23200,186.25282621383667,0.3595401324432676,0.009622357711195946,0.006267859600484371,7.1132592856884e-05
23300,186.97221899032593,0.35222369644440166,0.009441501908004284,0.006017368137836456,7.023539394140243e-05
23400,187.69440579414368,0.3551174666427691,0.009514422342181205,0.006164245121181011,7.044967263936996e-05
23500,188.43683385849,0.35551695591234345,0.009583923071622848,0.006123395226895809,7.241848856210708e-05
23600,189.17767024040222,0.3340148209739213,0.009621657580137253,0.006283217072486877,7.212448865175247e-05
23700,189.9532916545868,0.35264390415682606,0.009384574070572853,0.006019950807094574,7.581081241369248e-05
23800,190.6934108734131,0.34075911401279774,0.009415265955030918,0.00610914770513773,7.2123184800148e-05
23900,191.42154836654663,0.33538142210706196,0.009635431542992592,0.006309196576476097,7.093776017427444e-05
24000,192.19310021400452,0.36236829423927697,0.00954136110842228,0.006167564764618874,7.50354304909706e-05
24100,192.9325819015503,0.35731930359004543,0.009359935261309148,0.005959446951746941,7.230296730995178e-05
24200,193.68158626556396,0.3303876806387631,0.009646255597472191,0.00626932043582201,7.265854626893998e-05
24300,194.39302229881287,0.3487467648199044,0.009539309479296208,0.006135535091161728,6.952323019504547e-05
24400,195.15233254432678,0.355558392798043,0.009494623653590679,0.0060804223641753195,7.38789513707161e-05
24500,195.8806164264679,0.3274870042927793,0.009726090058684349,0.006391162648797035,7.097326219081879e-05
24600,196.66416573524475,0.3515870123742434,0.009528282955288887,0.006081831716001034,7.559671998023987e-05
24700,197.42697882652283,0.3332607323942809,0.009681314378976822,0.006323403269052505,7.418442517518997e-05
24800,198.18891501426697,0.35913028395226837,0.00959537897258997,0.006136301271617413,7.43534043431282e-05
24900,198.92396879196167,0.32786577511950354,0.009622719436883927,0.006247864030301571,7.163532078266143e-05
25000,199.68297505378723,0.3375746263698178,0.009670763611793518,0.006261486150324344,7.424131035804749e-05
25100,200.40597558021545,0.3315050012129908,0.009729464538395405,0.006395664103329182,7.071342319250107e-05
25200,201.13827681541443,0.35298296463475476,0.00946098905056715,0.006162139140069484,7.129862904548646e-05
25300,201.86537337303162,0.35335482931386253,0.009489803276956081,0.006144906356930733,7.079329341650009e-05
25400,202.60157346725464,0.3544756029618984,0.009629970006644726,0.006209000572562217,7.155753672122956e-05
25500,203.33842730522156,0.3429074283160455,0.009451339282095432,0.006100923158228398,7.173221558332444e-05
25600,204.07587099075317,0.3357809113766364,0.00952685259282589,0.006175913624465465,7.167510688304901e-05
25700,204.80977725982666,0.35302094844664594,0.009611676931381225,0.006274034678936005,7.152259349822998e-05
25800,205.54996252059937,0.35223923527653894,0.00953100211918354,0.006214834600687027,7.209021598100662e-05
25900,206.30009508132935,0.34079882436159326,0.009557588398456574,0.0061250576749444004,7.309265434741974e-05
26000,207.03961610794067,0.35445143144524016,0.00955059826374054,0.006165513135492802,7.209502160549164e-05
26100,207.7625503540039,0.33936661482609476,0.009488211050629615,0.006176828481256962,7.045716047286988e-05
26200,208.47398924827576,0.34473740058421387,0.00948216862976551,0.006164279393851757,6.923574954271317e-05
26300,209.2056849002838,0.33573774795403244,0.009607101790606976,0.006212856583297253,7.113732397556304e-05
26400,209.97295236587524,0.35268534104252525,0.009585153497755527,0.006243741884827614,7.474385201931e-05
26500,210.7041792869568,0.3368412562330269,0.00963890392333269,0.006222185455262661,7.111769169569015e-05
26600,211.45124435424805,0.3516085336055636,0.009507277235388755,0.006074989475309849,7.27827101945877e-05
26700,212.18142342567444,0.344400066643189,0.0095431562140584,0.006207797192037106,7.113110274076462e-05
26800,212.9096121788025,0.35373705321439514,0.0094289655610919,0.006061823330819607,7.091376930475235e-05
26900,213.64981985092163,0.36052450967587535,0.009354513846337795,0.006026855483651161,7.250729948282241e-05
27000,214.39690113067627,0.35301404229902944,0.009553769417107106,0.006216289363801479,7.292754948139191e-05
27100,215.16889190673828,0.3479754108712225,0.00964880757033825,0.0062084713205695155,7.551141083240509e-05
27200,215.8962037563324,0.3497794850858291,0.009498858712613583,0.006141564063727856,7.090799510478974e-05
27300,216.64113354682922,0.3230971426934595,0.009689923524856568,0.0062165256962180135,7.263801991939544e-05
27400,217.38675546646118,0.33646939155391903,0.009462528564035892,0.006100619211792946,7.270652800798416e-05
27500,218.14073514938354,0.3555652989456597,0.009487107321619987,0.006096274740993977,7.335875183343887e-05
27600,219.00484895706177,0.34957826504558204,0.009582704276674322,0.006156246893935735,7.296193805005812e-05
27700,219.73059582710266,0.33825965347329207,0.009605938792228699,0.006235306300222874,7.071737200021744e-05
27800,220.45104718208313,0.34833518979200145,0.009507889933884144,0.006130237318575382,7.02272355556488e-05
27900,221.18872690200806,0.351253131507027,0.009489925242960454,0.006174421049654484,7.178090512752533e-05
28000,221.92330837249756,0.35225477410867645,0.009530332498252391,0.006206328719854355,7.145822048187255e-05
28100,222.6594226360321,0.34688744142436556,0.00947593305259943,0.006003028824925423,7.176853716373444e-05
28200,223.39573550224304,0.3296370451329309,0.009598248712718487,0.006244092546403408,7.156450301408768e-05
28300,224.12137937545776,0.35165434731350553,0.009664024524390698,0.006232146695256233,7.061734795570374e-05
28400,224.84752821922302,0.34222585428637925,0.009552720673382283,0.006222842894494533,7.071509957313537e-05
28500,225.56844902038574,0.34943697153409176,0.009559703804552556,0.006213145703077317,7.019303739070892e-05
28600,226.29448986053467,0.3346566846547922,0.00955602340400219,0.00623230841010809,7.06367939710617e-05
28700,227.01702070236206,0.345121351021651,0.009574159123003483,0.006185538806021213,7.036440074443817e-05
28800,227.73594737052917,0.3393389902356283,0.00954354703426361,0.006180365420877933,7.005766034126281e-05
28900,228.45586276054382,0.3472731183987069,0.009580455794930458,0.006273954920470714,7.004160434007645e-05
29000,229.16853046417236,0.3490754660764089,0.009557169340550899,0.0061737545952200885,6.939634680747985e-05
29100,229.8791344165802,0.3353883282546785,0.009671003893017768,0.006320402845740318,6.91765546798706e-05
29200,230.59475564956665,0.3515662939313936,0.009549852944910526,0.006113414913415909,6.95905089378357e-05
29300,231.30771493911743,0.34981919543462453,0.009660306572914123,0.006294534653425217,6.932828575372695e-05
29400,232.02234387397766,0.34440524625390145,0.009596993513405323,0.006302956342697143,6.965205073356629e-05
29500,232.7378158569336,0.3447477598056388,0.00949018407613039,0.006163836382329464,6.953630596399307e-05
29600,233.45005011558533,0.32997610561085994,0.009402432665228843,0.006070413887500763,6.928712129592895e-05
29700,234.15820908546448,0.3623752003868938,0.009535801373422146,0.006084924712777138,6.905563175678253e-05
29800,234.86483216285706,0.34837317360389286,0.0095683179423213,0.006256192550063133,6.876207888126373e-05
29900,235.5702395439148,0.3241954713617416,0.0093836734816432,0.006026408523321152,6.864253431558609e-05
30000,236.28037762641907,0.35054393288689434,0.00945615828037262,0.006100031696259976,6.910890340805053e-05
30100,236.9894139766693,0.3479961293140725,0.009601084627211093,0.006170798651874065,6.893340498208999e-05
30200,237.72472071647644,0.358796403085052,0.00940505750477314,0.0059559900313615795,7.148168981075287e-05
30300,238.43853116035461,0.34220513584352924,0.009559811279177665,0.006170686036348343,6.946068257093429e-05
30400,239.16228127479553,0.359135463562981,0.00953081514686346,0.006176335625350475,7.049277424812316e-05
30500,239.91613507270813,0.33141522129397477,0.009527527540922166,0.006201184466481209,7.331043481826782e-05
30600,240.6605134010315,0.35231692943722587,0.009459037408232689,0.005960068516433239,7.227987051010132e-05
30700,241.4127552509308,0.34801166814621004,0.00973321083933115,0.006373238898813725,7.30498507618904e-05
30800,242.12989330291748,0.36885640057162405,0.009370291195809842,0.006031729727983475,6.978269666433335e-05
30900,242.83938360214233,0.34978466469654146,0.009557335190474987,0.00610579252243042,6.921425461769104e-05
31000,243.54783940315247,0.35049558985357826,0.009528761282563209,0.006163282357156277,6.895639002323151e-05
31100,244.27968335151672,0.3446545268128145,0.009526991099119187,0.006159535162150859,7.123854011297226e-05
31200,245.0149028301239,0.353735326677491,0.00948824554681778,0.0061085719987750055,7.087431848049164e-05
31300,245.74038338661194,0.3548077572922108,0.009664270803332329,0.006281174942851067,7.018767297267914e-05
31400,246.45753359794617,0.36314137472486346,0.009547983780503273,0.00615092683583498,6.957273930311203e-05
31500,247.1704409122467,0.3533918893773198,0.009541276171803474,0.006137184873223305,6.91276416182518e-05
31600,247.87398290634155,0.33648665692296054,0.009522550478577614,0.006145962998270988,6.842602044343949e-05
31700,248.57391262054443,0.34980710967629547,0.009649909511208534,0.006337608173489571,6.818566471338272e-05
31800,249.2906060218811,0.35448941525713173,0.009589135721325874,0.006193227581679821,6.984759122133255e-05
31900,250.02234864234924,0.34397295278314843,0.009521867297589779,0.0061678972095251085,7.128845900297164e-05
32000,250.7369225025177,0.33859353434050854,0.00959053859114647,0.006271492466330528,6.961531937122345e-05
32100,251.44628429412842,0.3447563924901596,0.009542862363159656,0.006161303631961346,6.89781829714775e-05
32200,252.15583968162537,0.3486656175854096,0.009489033333957196,0.006057596020400524,6.902143359184265e-05
32300,252.86459517478943,0.34580119851441266,0.009663701765239239,0.006309781968593597,6.912689656019211e-05
32400,253.57016682624817,0.32203679783706923,0.009615759141743183,0.0061742281913757325,6.860565394163131e-05
32500,254.27962374687195,0.35587328175931404,0.009440302923321724,0.006122582964599133,6.91891834139824e-05
32600,254.98682498931885,0.34262707009285753,0.009632916525006294,0.006212093941867352,6.883546710014344e-05
32700,255.69338989257812,0.3569906023335413,0.009435447975993156,0.005993876047432423,6.888736039400101e-05
32800,256.4224920272827,0.34969833785133386,0.009465493112802505,0.006113034039735794,7.044587284326553e-05
32900,257.12690234184265,0.3347015746143001,0.009491590447723866,0.006270377822220325,6.839111447334289e-05
33000,257.8435249328613,0.33861597932026255,0.009527251981198788,0.00617467887699604,6.971232593059539e-05
33100,258.6764168739319,0.34934186550553775,0.009604928166502045,0.00631961315042443,7.048815488815309e-05
33200,259.40175437927246,0.35158528583733945,0.009545876197516918,0.006234561875462532,7.079780101776123e-05
33300,260.1217682361603,0.3505214879071405,0.009574051164090634,0.006212662048637867,7.028616964817047e-05
33400,260.82413268089294,0.35445143144524016,0.00961192712187767,0.00624342355877161,6.839200854301453e-05
33500,261.5321795940399,0.32928762543357715,0.00958132315427065,0.006208792626857758,6.894830614328384e-05
33600,262.2342104911804,0.34258908628096635,0.009542443156242371,0.006062357053160668,6.8223737180233e-05
33700,262.94700717926025,0.3480323865890598,0.009616838246583938,0.006196949109435082,6.93354383111e-05
33800,263.6700930595398,0.3490599272442714,0.009512666054069996,0.0061534705013036725,7.045861333608627e-05
33900,264.3950231075287,0.3393096391082577,0.009555998854339123,0.006146682314574718,7.047697901725769e-05
34000,265.171151638031,0.34548112994242947,0.009542754106223583,0.006152350269258022,7.449880242347717e-05
34100,265.9558925628662,0.34438107473724344,0.009497171007096768,0.006103455349802971,7.516171783208847e-05
34200,266.7319669723511,0.34542242768768844,0.009518244005739689,0.006163783110678196,7.503759115934372e-05
34300,267.46526074409485,0.33035832951139255,0.009619628004729748,0.006167951337993145,7.12873786687851e-05
34400,268.20990920066833,0.3573762793078825,0.009488409087061882,0.0061191412433981894,7.259264588356018e-05
34500,268.9295701980591,0.34365461074806947,0.009446916058659554,0.006122742965817452,7.025577127933502e-05
34600,269.66975355148315,0.34833518979200156,0.00949436966329813,0.006171099245548249,7.190193980932235e-05
34700,270.4053657054901,0.35156802046829777,0.009541832879185676,0.006199477687478066,7.164850831031799e-05
34800,271.1194214820862,0.35307274455377075,0.009406140223145485,0.006077971681952477,6.939839571714402e-05
34900,271.82684326171875,0.35374223282510775,0.009461385309696197,0.006143711917102337,6.89733400940895e-05
35000,272.533180475235,0.34615579782447903,0.009474869035184384,0.006145399026572704,6.889756768941879e-05
35100,273.24012517929077,0.3372113943752306,0.009686108380556106,0.006256213635206223,6.903246045112609e-05
35200,273.97791385650635,0.3357118499004703,0.009650325290858746,0.006183720119297504,7.172476500272751e-05
35300,274.69060921669006,0.3487329525246715,0.009617323689162731,0.006323990598320961,6.933089345693588e-05
35400,275.3938510417938,0.34651039713454546,0.009547319859266282,0.00612522765994072,6.859030574560165e-05
35500,276.102637052536,0.3605797588568083,0.009421230964362622,0.006054219081997872,6.91860169172287e-05
35600,276.82025265693665,0.3501116394161411,0.009537417851388454,0.006130637340247631,6.99951872229576e-05
35700,277.524747133255,0.3454742237948129,0.009582193754613399,0.006278902031481266,6.852034479379654e-05
35800,278.2281048297882,0.34547940340552535,0.009534858167171478,0.006201537288725376,6.84274360537529e-05
35900,278.9377980232239,0.3648712078525913,0.009553422704339027,0.006139282025396824,6.91506639122963e-05
36000,279.6583197116852,0.3497881177703497,0.009489414542913436,0.006147034838795662,7.030144333839417e-05
36100,280.36040234565735,0.3332590058573767,0.009520780965685845,0.006143237426877022,6.818871945142746e-05
36200,281.09359669685364,0.3548405614933896,0.009572196491062642,0.006155898533761501,7.161535322666168e-05
36300,281.805935382843,0.3587618723469689,0.009610422551631928,0.0061449211090803145,6.924595683813095e-05
36400,282.5117995738983,0.34581846388345433,0.00952686283737421,0.006182822324335575,6.85221329331398e-05
36500,283.2116801738739,0.3457908392929879,0.009501643516123294,0.006173665709793568,6.809402257204055e-05
36600,283.91577076911926,0.34836454091937197,0.009402692951261997,0.0060247619450092315,6.852857768535614e-05
36700,284.6215410232544,0.33322102204548537,0.009693360961973667,0.0062919922173023226,6.869219243526458e-05
36800,285.32381772994995,0.3418419038489423,0.009548120349645615,0.006250312924385071,6.833940744400025e-05
36900,286.0274803638458,0.34473222097350137,0.009652322120964528,0.006335544586181641,6.84690847992897e-05
37000,286.7450339794159,0.34981746889772014,0.009548151902854442,0.006162976622581482,6.976872682571412e-05
37100,287.4814577102661,0.34980710967629547,0.009567708745598792,0.006091712675988674,7.175616919994355e-05
37200,288.2116029262543,0.3566187376544337,0.009554452076554299,0.0061813296377658845,7.090955972671509e-05
37300,288.9173696041107,0.348681156417547,0.009563431069254875,0.006212915033102035,6.829015910625458e-05
37400,289.6243648529053,0.3374960084606968,0.009520117864012719,0.006161256954073906,6.867650896310806e-05
37500,290.36484575271606,0.35335310277695847,0.009444013386964798,0.0061563321575522426,7.183913141489028e-05
37600,291.1079306602478,0.3328336185342401,0.009542994350194931,0.006228488832712173,7.201023399829864e-05
37700,291.84563994407654,0.33720103515380556,0.009606021456420422,0.006202367581427098,7.152821868658065e-05
37800,292.58881735801697,0.348636266458039,0.009538318291306495,0.006174049228429794,7.20502808690071e-05
37900,293.32244777679443,0.33538142210706207,0.009571575038135051,0.006184198781847954,7.120277732610702e-05
38000,294.12823700904846,0.34040624123963553,0.009534586928784847,0.006112651452422142,7.733572274446488e-05
38100,294.9342575073242,0.3491186294990126,0.009667612202465535,0.006282450929284096,7.716637104749679e-05
38200,295.6778028011322,0.357732605154853,0.009549060203135014,0.006144705154001713,7.191114127635956e-05
38300,296.42621541023254,0.34871050754491756,0.009549590162932872,0.006150241680443287,7.234811782836914e-05
38400,297.1595118045807,0.34259771896548696,0.009494589902460574,0.006091020256280899,7.118497043848038e-05
38500,297.91333198547363,0.3512410457486979,0.00946871567517519,0.00616022739559412,7.317837327718734e-05
38600,298.7999949455261,0.34393935332142983,0.009631824182967342,0.006220800822807675,7.252549545632468e-05
38700,299.61487340927124,0.36052796274968374,0.009314698502421379,0.005931803211569786,7.863517850637436e-05
38800,300.3985741138458,0.3328716023461314,0.009649668037891388,0.006371469013392925,7.597602903842926e-05
38900,301.1518042087555,0.33824066156734645,0.009625161960721017,0.006307405605912209,7.3455311357975e-05
39000,301.89510846138,0.341125799081193,0.009548259451985359,0.006178851276636124,7.239185273647309e-05
39100,302.6405146121979,0.358061306411357,0.009468879960477352,0.006070862822234631,7.246438413858413e-05
39200,303.4107577800751,0.3422154950649544,0.009613144658505917,0.006187039986252784,7.482662796974182e-05
39300,304.1466009616852,0.3458840722858121,0.009644366055727004,0.00624551635235548,7.154583930969238e-05
39400,304.90524768829346,0.35120824154751906,0.009578526504337787,0.006171182468533516,7.394898682832717e-05
39500,305.63377571105957,0.35227721908843046,0.009535568729043008,0.00614807203412056,7.079467177391052e-05
39600,306.36407828330994,0.346188602025658,0.009562858827412129,0.006168680526316166,7.101509720087052e-05
39700,307.09876465797424,0.3609170927978331,0.00945966251194477,0.006158017851412297,7.147714495658875e-05
39800,307.8438172340393,0.34292987329579944,0.00943640235811472,0.00611988939344883,7.2491355240345e-05
39900,308.57292461395264,0.34335180754512756,0.009608632363379001,0.006250479854643345,7.087916135787964e-05
40000,309.307030916214,0.33969876915640707,0.009678879976272583,0.00634104173630476,7.126592099666595e-05
40100,310.0289490222931,0.3443741685896268,0.009425756745040417,0.006126505546271801,7.028188556432725e-05
40200,310.79321336746216,0.3501392640066079,0.009522676765918732,0.006146073006093502,7.360372692346572e-05
40300,311.50307869911194,0.3508743606803027,0.009459463618695737,0.006095036193728447,6.877731531858444e-05
40400,312.2109832763672,0.35196233012715966,0.009518042840063572,0.006161130778491497,6.88447430729866e-05
40500,312.91731667518616,0.3450971795049926,0.009560696072876454,0.00614032082259655,6.876695901155472e-05
40600,313.64191341400146,0.3519606035902555,0.00951998520642519,0.006203172467648983,7.067438215017318e-05
40700,314.38297057151794,0.3566506181071786,0.009529596865177155,0.006122468076646328,7.218126207590103e-05
40800,315.09633469581604,0.34080573050921,0.009568043239414691,0.0062413053214550014,6.951991468667984e-05
40900,315.8288564682007,0.3695431542120025,0.009448160864412785,0.006047802679240703,7.14520737528801e-05
41000,316.57266783714294,0.3458236434941668,0.009479781351983548,0.0061206938326358795,7.186770439147949e-05
41100,317.2833490371704,0.3422517523399416,0.009569405727088452,0.0061193714290857315,6.920114159584046e-05
41200,317.9853992462158,0.3436943210968647,0.009727814011275768,0.006318572051823139,6.830520927906037e-05
41300,318.7005546092987,0.3400343765605278,0.009511088505387306,0.006065230704843998,6.959877908229827e-05
41400,319.40932393074036,0.34401093659503984,0.009605928435921668,0.006274275444447994,6.878990679979325e-05
41500,320.11299419403076,0.3479702312605103,0.009542554132640362,0.006239559985697269,6.856020539999009e-05
41600,320.81564259529114,0.337149239046681,0.009430361725389958,0.00615844514220953,6.842289119958878e-05
41700,321.5274760723114,0.34550012184837514,0.009544498361647129,0.006089161932468414,6.919357925653457e-05
41800,322.2308654785156,0.3389705786303287,0.009630457013845444,0.006185002997517586,6.85206800699234e-05
41900,322.93589544296265,0.35415898746372343,0.009599530883133412,0.0062133284658193585,6.866075098514557e-05
42000,323.6475648880005,0.342973036718403,0.009495460987091064,0.006078513599932194,6.904691457748413e-05
42100,324.3558692932129,0.35476286733270285,0.009594215005636215,0.006256697177886963,6.896063685417175e-05
42200,325.06130862236023,0.3325170030360651,0.009677915126085282,0.006276519410312176,6.860155612230301e-05
42300,325.77390003204346,0.33321756897167704,0.009482767805457116,0.006085675917565822,6.92107155919075e-05
42400,326.48846530914307,0.3519675097378719,0.009603559672832489,0.006274951882660389,6.939854472875595e-05
42500,327.2007427215576,0.3422379400447083,0.00946584265679121,0.006210556924343109,6.908293813467026e-05
42600,327.90633487701416,0.3414734922436428,0.009679575003683567,0.0062925654649734495,6.876613944768906e-05
42700,328.60786271095276,0.3329182188425437,0.009499694220721722,0.006130239255726338,6.819099187850953e-05
42800,329.3172092437744,0.35085709531126097,0.009596498310565948,0.006195262894034386,6.905216723680496e-05
42900,330.0319766998291,0.3426270700928577,0.009638456702232361,0.006127474159002304,6.953787058591843e-05
43000,330.7347593307495,0.3386177058571667,0.009637891836464406,0.006291616186499596,6.832353770732879e-05
43100,331.4504144191742,0.3497863912334456,0.009598067291080951,0.0063078969717025755,6.9551020860672e-05
43200,332.17599844932556,0.34581846388345433,0.009352922253310681,0.005947956740856171,7.061764597892761e-05
43300,332.89473271369934,0.34257527398573323,0.009542563706636429,0.00618549857288599,6.997410207986831e-05
43400,333.59572649002075,0.3472782980094192,0.009481649845838547,0.006095358990132809,6.816841661930084e-05
43500,334.2937083244324,0.35806993909587775,0.00956069014966488,0.006195516660809517,6.784945726394654e-05
43600,334.9980504512787,0.3472092365332532,0.009484949856996536,0.0061095705628395084,6.853509694337845e-05
43700,335.7015826702118,0.3577084336381948,0.009464920796453953,0.006044076345860958,6.840124726295471e-05
43800,336.406973361969,0.33895503979819147,0.009586071558296681,0.006224267631769181,6.839707493782044e-05
43900,337.14470314979553,0.3573054912948125,0.0095592038333416,0.006138842180371284,7.127951830625534e-05
44000,337.8670036792755,0.34867252373302626,0.009495676159858704,0.006208978667855263,7.005743682384492e-05
44100,338.69990706443787,0.3490521804975069,0.009491682685911652,0.006140347855786476,7.026429805490705e-05
44200,339.4229950904846,0.34687017605532416,0.00945918258279562,0.006104621514678002,7.03556090593338e-05
44300,340.1559867858887,0.35769807441676976,0.009619581699371337,0.006200858689844609,7.112417370080948e-05
44400,340.9155101776123,0.35407093408161194,0.009568127281963825,0.006188493669033051,7.39504024386406e-05
44500,341.66891837120056,0.34078501206636,0.009589480347931384,0.006243365332484246,7.228348404169083e-05
44600,342.4533545970917,0.3386487835214414,0.009520948603749276,0.00616845179349184,7.495857775211335e-05
44700,343.2037432193756,0.3497622197167874,0.00944684624671936,0.006080523505806923,7.301796227693558e-05
44800,343.977915763855,0.34043213929319777,0.009574711509048938,0.006218528784811497,7.534265518188476e-05
44900,344.7430171966553,0.3368170847163689,0.009552314952015877,0.006198260970413685,7.368270307779312e-05
45000,345.5079092979431,0.33357044174483924,0.009558739699423313,0.006147485077381134,7.334154099225998e-05
45100,346.23322081565857,0.3540674810078034,0.009542969726026059,0.006203365325927734,7.031571120023727e-05
45200,346.96737718582153,0.3332192955085813,0.009680425710976125,0.006253961473703384,7.110893726348877e-05
45300,347.7312345504761,0.35555148665042635,0.009608386494219303,0.006194981634616852,7.411774247884751e-05
45400,348.50633430480957,0.3450937264311844,0.009567208662629128,0.006234459690749645,7.508009672164917e-05
45500,349.25434708595276,0.3498330077298577,0.009482284896075726,0.006101112850010395,7.217623293399811e-05
45600,349.9989330768585,0.33434524876732963,0.009681666530668735,0.00626564372330904,7.198229432106018e-05
45700,350.71543288230896,0.3652102683305201,0.009443134628236293,0.005981674119830131,6.961092352867127e-05
45800,351.43855929374695,0.34759491350759425,0.00955690860748291,0.006228369213640689,7.029201835393905e-05
45900,352.16971826553345,0.348022027367635,0.009512658752501011,0.0061408567056059835,7.100183516740799e-05
46000,352.9047338962555,0.3354280386034742,0.009581521563231945,0.006174252107739448,7.146704941987992e-05
46100,353.6230802536011,0.3426098047238162,0.009544406458735466,0.006129350364208221,6.976060569286347e-05
46200,354.3646631240845,0.34042350660867726,0.009635031297802925,0.006216692514717579,7.194053381681442e-05
46300,355.1044690608978,0.34761563195044404,0.009588371999561786,0.006179358474910259,7.199201732873916e-05
46400,355.8389210700989,0.3501599824494575,0.009521798714995384,0.006176717095077038,7.124874740839004e-05
46500,356.5681812763214,0.34874676481990496,0.009559699818491935,0.0062057340517640116,7.098391652107238e-05
46600,357.34190034866333,0.35445488451904855,0.009438226372003556,0.0060648442432284354,7.435109466314316e-05
46700,358.1080946922302,0.3605935711520414,0.009469812773168086,0.006045406050980091,7.412113249301911e-05
46800,358.9010853767395,0.35517098928679774,0.009472941234707832,0.006095466800034046,7.639080286026001e-05
46900,359.66523146629333,0.3551744423606062,0.009455690383911133,0.00603473212569952,7.40283727645874e-05
47000,360.4103305339813,0.3479944027771684,0.009407218135893345,0.006127479821443558,7.255565375089645e-05
47100,361.14198541641235,0.3454673176471963,0.009515243843197822,0.006253735534846783,7.118768990039825e-05
47200,361.91006231307983,0.338657416205962,0.00945012539625168,0.006196466796100139,7.418733090162277e-05
47300,362.6665472984314,0.3361027064855238,0.009503005109727382,0.006114014238119125,7.342912256717682e-05
47400,363.40246963500977,0.3584366241642731,0.009684760347008705,0.0063659753277897834,7.146801799535751e-05
47500,364.1323330402374,0.3573452016436079,0.009560254514217376,0.006204562447965145,7.085952907800674e-05
47600,364.8693060874939,0.35664636224490026,0.009478943645954132,0.006183494105935097,7.152974605560302e-05
47700,365.60022020339966,0.348340369402714,0.009541245102882385,0.006118413656949997,7.088057696819306e-05
47800,366.32716703414917,0.32958179595199816,0.009531785994768142,0.006040586121380329,7.044684141874313e-05
47900,367.0441343784332,0.3623786534607021,0.009382972419261932,0.005995358787477017,6.957970559597015e-05
48000,367.75510907173157,0.3386384243000166,0.009594455547630786,0.006209594905376434,6.900645792484283e-05
48100,368.49149560928345,0.3447166821413641,0.009558921828866005,0.006196876354515553,7.147911936044693e-05
48200,369.2117965221405,0.34547767686862124,0.009592675119638443,0.006172749102115631,7.00497254729271e-05
48300,369.9153437614441,0.32241729520069773,0.009680333025753498,0.006336134821176529,6.827838718891144e-05
48400,370.62520384788513,0.3493920815745838,0.009603924788534642,0.0062948027998209,6.896752864122391e-05
48500,371.3422226905823,0.3382535501141455,0.009607083015143871,0.00626359723508358,6.960384547710418e-05
48600,372.05257868766785,0.3476501626885269,0.009468356482684612,0.006065403409302235,6.896894425153732e-05
48700,372.7681293487549,0.3364331342789319,0.009597581326961518,0.006271074824035168,6.946112960577012e-05
48800,373.480263710022,0.33105371583629206,0.009675415232777596,0.006304027289152145,6.90465047955513e-05
48900,374.20401072502136,0.36132003514121586,0.009515239782631397,0.0061656757444143295,7.052507251501083e-05
49000,374.9390678405762,0.3570251330716247,0.009640007056295872,0.0062639303132891655,7.127784192562103e-05
49100,375.67896795272827,0.3472921103046525,0.009618699550628662,0.006258594058454037,7.183324545621872e-05
49200,376.45775079727173,0.3375211037257888,0.009601177163422108,0.006129092834889889,7.491689175367355e-05
49300,377.19538593292236,0.35625032604913415,0.009572551250457764,0.006169874519109726,7.150627672672272e-05
49400,377.95071744918823,0.3422327604339959,0.00941531516611576,0.006035295911133289,7.316883653402329e-05
49500,378.70143127441406,0.3518777298188563,0.009488605260849,0.006212544143199921,7.283240556716919e-05
49600,379.43330574035645,0.3461765162673289,0.009477899074554444,0.006132123880088329,7.106512784957886e-05
49700,380.27867436408997,0.34382019436423894,0.009616863980061478,0.006299882406989733,7.1676518354151e-05
49800,381.00640535354614,0.3562779506396005,0.00962855726480484,0.00627453375607729,7.073670625686646e-05
49900,381.77565264701843,0.35841763225832746,0.009554554633796215,0.006221075728535652,7.481440901756287e-05
50000,382.51043033599854,0.35159737159566845,0.009513606652617454,0.00608985036611557,7.143974304199218e-05
50100,383.2358305454254,0.3487398586722881,0.009565000161528588,0.006170235686004162,7.044021040201188e-05
50200,383.99984312057495,0.35481466343982737,0.009541553147137165,0.006077929101884365,7.431257516145707e-05
50300,384.7417268753052,0.3407746528449352,0.009523719735443591,0.006204891279339791,7.210295647382737e-05
50400,385.47757267951965,0.3461730631935206,0.009525029622018337,0.0061570629477500916,7.15431198477745e-05
50500,386.2100372314453,0.33357734789245574,0.009525297284126282,0.0061758428066968915,7.100127637386321e-05
50600,386.9381124973297,0.3508657279957817,0.009443618766963481,0.0060055401176214215,7.077977061271667e-05
50700,387.6734392642975,0.3591665412272556,0.009471874870359897,0.00613726258277893,7.147382944822312e-05
50800,388.40087270736694,0.3465501074833406,0.009538999497890473,0.006126360446214676,7.060389965772629e-05
50900,389.1291332244873,0.3476346238563897,0.009558744505047798,0.006085706315934658,7.043424993753433e-05
51000,389.9201605319977,0.3451265306323632,0.009654376693069934,0.006309543661773205,7.594116032123565e-05
51100,390.689599275589,0.356236513753901,0.009451369047164917,0.0061299756541848185,7.432155311107636e-05
51200,391.4310326576233,0.343661516895686,0.009565758481621743,0.006180939637124539,7.176954299211503e-05
51300,392.2044005393982,0.34148212492816366,0.009443698041141034,0.006167400553822517,7.504332810640335e-05
51400,392.93932008743286,0.3414769453174513,0.009547384791076183,0.006220835708081723,7.130946964025498e-05
51500,393.6677951812744,0.3364883834598647,0.009472535364329815,0.006045833379030228,7.064029574394226e-05
51600,394.41282081604004,0.3605693996353835,0.009574404098093509,0.006228815168142319,7.238276302814483e-05
51700,395.19679522514343,0.34473394751040554,0.009565000236034394,0.006271276250481605,7.599715143442155e-05
51800,395.9298801422119,0.3386263385416875,0.009629195742309093,0.006232108473777771,7.143691182136536e-05
51900,396.69946217536926,0.3368032724211354,0.009576172344386577,0.00623400192707777,7.463965564966202e-05
52000,397.43770575523376,0.35847978758687693,0.009607984647154809,0.006256145313382149,7.176056504249573e-05
52100,398.20042967796326,0.34475984556396777,0.009528379589319229,0.006048582531511784,7.416833192110062e-05
52200,398.9194595813751,0.3458046515882211,0.009503218382596969,0.006095207296311855,6.974603980779648e-05
52300,399.66385769844055,0.3446942371616102,0.009535736180841923,0.006190677471458912,7.23114237189293e-05
52400,400.3927686214447,0.3292323762526442,0.00967533715069294,0.006281063631176948,7.095027714967728e-05
52500,401.1342029571533,0.34729038376774823,0.009502372518181802,0.006132537946105004,7.186289876699447e-05
52600,401.867290019989,0.357696347879866,0.009445288777351379,0.0060921269282698635,7.121995091438293e-05
52700,402.5936551094055,0.3566394560972834,0.009439824633300304,0.006007389202713966,7.057473063468933e-05
52800,403.30910205841064,0.33467912963454616,0.009604434594511985,0.006227262616157532,6.94219395518303e-05
52900,404.0503785610199,0.344782290543722,0.009531153962016106,0.006214738301932812,7.166486233472824e-05
53000,404.7666046619415,0.3386056200988377,0.009555560909211636,0.006163387298583984,6.953392177820205e-05
53100,405.49018025398254,0.3404459515884312,0.009585299193859101,0.0062554976344108585,7.021192461252212e-05
53200,406.2072124481201,0.3548474676410062,0.009506192617118358,0.0061527411639690395,6.9647915661335e-05
53300,406.92436695098877,0.3508242911100821,0.009530597701668739,0.006181038506329059,6.959356367588044e-05
53400,407.66418957710266,0.3664001034547222,0.009511054940521717,0.006161170303821564,7.175300270318985e-05
53500,408.40890622138977,0.34762426463496465,0.00954707406461239,0.00625655472278595,7.222410291433334e-05
53600,409.15385603904724,0.35736592008645773,0.009553448930382728,0.006151033416390419,7.212940603494644e-05
53700,409.94429898262024,0.3447529394163512,0.00968532457947731,0.006282121129333973,7.681656628847123e-05
53800,410.672465801239,0.34410244305095966,0.009671274237334729,0.006211405135691166,7.074102759361268e-05
53900,411.4057836532593,0.32921591367207304,0.009670783802866935,0.006307499073445797,7.11936503648758e-05
54000,412.1490156650543,0.34362698615760306,0.009501413851976394,0.0061769247427582745,7.20001757144928e-05
54100,412.9073283672333,0.3439781323938611,0.009575373865664006,0.006154513880610466,7.37597793340683e-05
54200,413.6356472969055,0.350106459805429,0.009486515745520592,0.006157465204596519,7.079530507326127e-05
54300,414.3672947883606,0.3630826724701221,0.009425720311701297,0.006031065657734871,7.109817117452622e-05
54400,415.0926697254181,0.34220513584352924,0.009411393664777279,0.006009676158428192,7.042858749628067e-05
54500,415.80751037597656,0.33533998522136244,0.009411568827927113,0.006116807609796524,6.932467222213745e-05
54600,416.5196752548218,0.35697679003830823,0.009475927911698817,0.006078543625771999,6.928976625204087e-05
54700,417.24840259552,0.3587946765481477,0.00950351968407631,0.006127299778163433,7.06428661942482e-05
54800,417.98788356781006,0.33608716765338637,0.009617080055177212,0.006137032359838486,7.164496928453445e-05
54900,418.7112684249878,0.3472731183987068,0.009531969204545021,0.006164181232452393,7.023636251688004e-05
55000,419.43450808525085,0.33641932198369867,0.009645764455199242,0.006310715340077877,7.004275918006897e-05
55100,420.16460394859314,0.3299968240537096,0.009667645953595639,0.006341826394200325,7.06920400261879e-05