#=== ait_logic_baseline_scratch_aug_w10_10b10a ===
#
#Metrics:
#  Accuracy: 0.4097 | Macro Precision: 0.7380 | Macro Recall: 0.8753 | Macro F1: 0.6840
#  False Alarms: 83292 | False Alarm Rate: 0.6235
#  Missed Attacks: 0 | Detection Rate: 1.0000
#
#Per-Class Metrics:
#  [phase1] P=0.0267 | R=1.0000 | F1=0.0520 | 
#  [phase2] P=0.9167 | R=1.0000 | F1=0.9565 | 
#  [phase3] P=0.8585 | R=1.0000 | F1=0.9239 | 
#  [phase4] P=0.8880 | R=1.0000 | F1=0.9407 | 
#
#Confusion Matrix:
#         	      	      	      	Actual	      	      
#         	      	benign	phase1	phase2	phase3	phase4
#         	benign	 50290	     0	     0	     0	     0
#Predicted	phase1	 82627	  2268	     0	     0	     0
#         	phase2	     1	     0	    11	     0	     0
#         	phase3	    15	     0	     0	    91	     0
#         	phase4	   649	     0	     0	     0	  5144
i,time,loss,ground_time,compile_time,eval_time
10,0.10675930976867676,0.3201991838115677,0.0018013544082641677,0.0004518299102783198,7.784414291381843e-05