#=== ait_logic_baseline_scratch_aug_w10_10b10a ===
#
#Metrics:
#  Accuracy: 0.9015 | Macro Precision: 0.8538 | Macro Recall: 0.9792 | Macro F1: 0.8740
#  False Alarms: 13904 | False Alarm Rate: 0.1041
#  Missed Attacks: 0 | Detection Rate: 1.0000
#
#Per-Class Metrics:
#  [phase1] P=0.2701 | R=1.0000 | F1=0.4253 | 
#  [phase2] P=0.9991 | R=1.0000 | F1=0.9996 | 
#  [phase3] P=1.0000 | R=1.0000 | F1=1.0000 | 
#  [phase4] P=1.0000 | R=1.0000 | F1=1.0000 | 
#
#Confusion Matrix:
#         	      	      	      	Actual	      	      
#         	      	benign	phase1	phase2	phase3	phase4
#         	benign	119678	     0	     0	     0	     0
#Predicted	phase1	 13902	  5144	     0	     0	     0
#         	phase2	     2	     0	  2268	     0	     0
#         	phase3	     0	     0	     0	    11	     0
#         	phase4	     0	     0	     0	     0	    91
i,time,loss,ground_time,compile_time,eval_time
10,0.10776019096374512,0.1546305535182391,0.0018232326507568338,0.0028132553100585936,8.357381820678707e-05