#
#=== Dataset results ===
#
#Accuracy: 0.9988
#Micro F1: 0.9988 | Macro F1: 0.3330 | Weighted F1: 0.9984
#
#Per-class metrics:
#  [benign] P=0.9974 | R=0.9997 | F1=0.9985 | Support=20900
#  [phase1] P=0.0000 | R=0.0000 | F1=0.0000 | Support=8
#  [phase2] P=0.0000 | R=0.0000 | F1=0.0000 | Support=9
#  [phase3] P=0.0000 | R=0.0000 | F1=0.0000 | Support=14
#  [phase4] P=0.0000 | R=0.0000 | F1=0.0000 | Support=7
#  [phase5] P=0.9998 | R=0.9994 | F1=0.9996 | Support=29389
#Confusion Matrix:
#         	      	      	      	Actual	      	      	      
#         	      	benign	phase1	phase2	phase3	phase4	phase5
#         	benign	 20893	     8	     9	    14	     7	    17
#         	phase1	     0	     0	     0	     0	     0	     0
#Predicted	phase2	     0	     0	     0	     0	     0	     0
#         	phase3	     0	     0	     0	     0	     0	     0
#         	phase4	     0	     0	     0	     0	     0	     0
#         	phase5	     7	     0	     0	     0	     0	 29372
i,time,loss,ground_time,compile_time,eval_time
100,15.156887769699097,0.7283347144745289,0.0013288414478302027,0.0003192636966705267,0.0002866914272308351
200,32.60085201263428,0.5196787755887954,0.0015417328834533845,0.00032208132743835035,0.0003396811962127686
300,44.57490849494934,0.1888165638106875,0.0013439663410186838,0.00027799606323241564,0.00023342294692993063
400,63.53837442398071,0.12960413291789571,0.0017960150241851922,0.00033619203567504405,0.0006301911354064947
500,74.83045244216919,0.09385614544125254,0.0011422466754913293,0.0002731529235839794,0.0002213915824890131
600,89.00946378707886,0.06875513089811422,0.0012904779911041319,0.0003061422824859565,0.00029361186027526855
700,107.95306587219238,0.08691545846010525,0.0017866742610931627,0.0003329871177673285,0.00037579393386840803
800,120.49219942092896,0.07554198054452406,0.0015923378944397153,0.00028617115020751406,0.00024597458839416454
900,132.6218626499176,0.05794438319047913,0.001400366830825817,0.00028671927452086844,0.00023078446388244674
1000,146.97797346115112,0.06385010286108583,0.0019744358062744392,0.00028714785575866144,0.00023940467834472688
1100,161.1157214641571,0.06219451584843912,0.0014794811248779423,0.0003123315334320017,0.0002848609924316408
1200,177.1281018257141,0.07459556592018324,0.0015415221214294635,0.00040108861923217315,0.0003216707229614249
1300,195.0905044078827,0.05730561492498964,0.0017780482292175375,0.0003865902900695754,0.00030537714958190894
1400,211.80127120018005,0.059135271342238414,0.001316436147689822,0.0003950168609619098,0.000349611043930054
1500,225.8497817516327,0.06756768507980727,0.0012667048454284649,0.000373877096176142,0.00026828017234802195