#
#=== Dataset results ===
#
#Accuracy: 0.9991
#Micro F1: 0.9991 | Macro F1: 0.6364 | Weighted F1: 0.9989
#
#Per-class metrics:
#  [benign] P=0.9983 | R=0.9996 | F1=0.9989 | Support=20900
#  [phase1] P=0.0000 | R=0.0000 | F1=0.0000 | Support=8
#  [phase2] P=0.0000 | R=0.0000 | F1=0.0000 | Support=9
#  [phase3] P=0.8667 | R=0.9286 | F1=0.8966 | Support=14
#  [phase4] P=1.0000 | R=0.8571 | F1=0.9231 | Support=7
#  [phase5] P=0.9998 | R=0.9994 | F1=0.9996 | Support=29389
#Confusion Matrix:
#         	      	      	      	Actual	      	      	      
#         	      	benign	phase1	phase2	phase3	phase4	phase5
#         	benign	 20891	     8	     9	     1	     1	    17
#         	phase1	     0	     0	     0	     0	     0	     0
#Predicted	phase2	     0	     0	     0	     0	     0	     0
#         	phase3	     2	     0	     0	    13	     0	     0
#         	phase4	     0	     0	     0	     0	     6	     0
#         	phase5	     7	     0	     0	     0	     0	 29372
i,time,loss,ground_time,compile_time,eval_time
100,11.699439287185669,0.68340468224585,0.0010823871135711713,0.00022941451072692733,0.00020045499801635627
200,25.021267414093018,0.47719140717498915,0.0010730255126953088,0.0002289148807525625,0.0003870056629180906
300,34.91722083091736,0.1638537596689181,0.0010468494415283205,0.0002156558036804202,0.00017605566978454623
400,47.30308985710144,0.08312886502803839,0.0011303528785705597,0.00023756160736083828,0.0002246178150177008
500,61.16831612586975,0.02604805836255519,0.0014339134693145588,0.00024323625564575066,0.00024163708686828644
600,73.026606798172,0.009142719598930853,0.0011330175399780278,0.00023790125846862692,0.0002276581764221186
700,85.97172355651855,0.011943777256981142,0.00119828763008118,0.00025027599334716537,0.0002559244632720941
800,97.7806966304779,0.015203577244550771,0.0011578912258148207,0.00023658695220947246,0.00023713011741638152
900,109.81137704849243,0.0073386909041253424,0.0011533462047576876,0.00023553905487060494,0.00023981280326843292
1000,122.4342291355133,0.01524687834401887,0.0017105647563934033,0.00024582524299621557,0.00022847995758056589
1100,135.69246649742126,0.006119820454496221,0.0011949024200439441,0.0002470831394195533,0.00027689614295959485
1200,146.17729210853577,0.00929733956135106,0.0011465946197509753,0.00024228777885436815,0.00022079010009765646
1300,156.69254875183105,0.013427359339643619,0.0011531812191009508,0.00023923654556274297,0.00022770814895629955
1400,168.71105909347534,0.022412222815293443,0.0011759881496429439,0.00024387912750243928,0.0002548941612243652
1500,180.9553461074829,0.004888341461481924,0.0011785654067993153,0.00024212837219238166,0.0002587099075317381