#=== darpa_logic_baseline_pretrained_aug_w10_50b50a ===
#
#Metrics:
#  Accuracy: 0.9849 | Macro Precision: 0.9567 | Macro Recall: 0.9749 | Macro F1: 0.9653
#  False Alarms: 2 | False Alarm Rate: 0.0001
#  Missed Attacks: 757 | Detection Rate: 0.9743
#
#Per-Class Metrics:
#  [phase1] P=0.8750 | R=0.8750 | F1=0.8750 | 
#  [phase2] P=0.9000 | R=1.0000 | F1=0.9474 | 
#  [phase3] P=1.0000 | R=1.0000 | F1=1.0000 | 
#  [phase4] P=1.0000 | R=1.0000 | F1=1.0000 | 
#  [phase5] P=1.0000 | R=0.9743 | F1=0.9870 | 
#
#Confusion Matrix:
#         	      	      	      	Actual	      	      	      
#         	      	benign	phase1	phase2	phase3	phase4	phase5
#         	benign	 20898	     1	     0	     0	     0	   756
#         	phase1	     1	     7	     0	     0	     0	     0
#Predicted	phase2	     1	     0	     9	     0	     0	     0
#         	phase3	     0	     0	     0	    14	     0	     0
#         	phase4	     0	     0	     0	     0	     7	     0
#         	phase5	     0	     0	     0	     0	     0	 28633
i,time,loss,ground_time,compile_time,eval_time
10,0.20304203033447266,0.05526204223095906,0.002212896823883057,0.0009210166931152327,4.733180999755858e-05
20,0.24066996574401855,0.11052408446271825,0.002493917465209966,0.0008699703216552722,4.002428054809571e-05
30,0.27925872802734375,0.05526204223085908,0.0024858489036560095,0.0009140129089355457,4.038715362548828e-05