COMMAND: uv run python experiments/models/random_forest.py experiments/preprocessing/processed_data/stratified/sampled/phase_4/ False
START: 20251215T160059Z

Data shapes:
(90482, 101) (90482,) (90482,)
(50330, 101) (50330,) (50330,)
Training Classifier...
Training completed.
Testing Classifier...
Testing completed.
Evaluating Classifier...
Evaluation completed.

=== Random Forest Classifier Results ===
Accuracy:  1.0000
Precision: 0.8889
Recall:    0.8889
F1-Score:  0.8889
Confusion Matrix:
[[50320     1]
 [    1     8]]

Top 10 feature indices: [ 0  5  4  7 11  6 29  1 39 54]
Number of features: 101
numerical__duration: 0.1227
numerical__orig_ip_bytes: 0.0946
numerical__orig_pkts: 0.0834
numerical__resp_ip_bytes: 0.0757
categorical__service_-: 0.0606
numerical__resp_pkts: 0.0527
categorical__conn_state_S1: 0.0486
numerical__orig_bytes: 0.0458
categorical__history_A: 0.0430
categorical__history_ShA: 0.0427

Number of misclassified samples: 2
Misclassified samples per phase:
Phase 0: 0 samples
Phase 1: 0 samples
Phase 2: 0 samples
Phase 3: 0 samples
Phase 4: 1 samples
Phase 5: 1 samples

Misclassified samples plot saved to: experiments/results/random_forest/no_sample_weights/stratified/sampled/phase_4/misclassified_samples.png

END: 20251215T160102Z
RETURN_CODE: 0
