COMMAND: uv run python experiments/models/random_forest.py experiments/preprocessing/processed_data/stratified/unbalanced/phase_1/ False
START: 20251215T160026Z

Data shapes:
(75495, 101) (75495,) (75495,)
(50330, 101) (50330,) (50330,)
Training Classifier...
Training completed.
Testing Classifier...
Testing completed.
Evaluating Classifier...
Evaluation completed.

=== Random Forest Classifier Results ===
Accuracy:  1.0000
Precision: 1.0000
Recall:    1.0000
F1-Score:  1.0000
Confusion Matrix:
[[50322     0]
 [    0     8]]

Top 10 feature indices: [ 5 98 38  8 35  2  7  0 34  1]
Number of features: 101
numerical__orig_ip_bytes: 0.1587
categorical__ip_proto_1: 0.1399
categorical__history_-: 0.1286
categorical__proto_icmp: 0.1243
categorical__local_orig_T: 0.0544
numerical__resp_bytes: 0.0440
numerical__resp_ip_bytes: 0.0428
numerical__duration: 0.0376
categorical__local_orig_F: 0.0334
numerical__orig_bytes: 0.0332

Number of misclassified samples: 0
Misclassified samples per phase:
Phase 0: 0 samples
Phase 1: 0 samples
Phase 2: 0 samples
Phase 3: 0 samples
Phase 4: 0 samples
Phase 5: 0 samples

Misclassified samples plot saved to: experiments/results/random_forest/no_sample_weights/stratified/unbalanced/phase_1/misclassified_samples.png

END: 20251215T160029Z
RETURN_CODE: 0
