#=== darpa_one_net_pretrained_down_w100 ===
#
#Metrics:
#  Accuracy: 0.9989 | Macro Precision: 0.9662 | Macro Recall: 0.7405 | Macro F1: 0.8161
#  False Alarms: 1 | False Alarm Rate: 0.0000
#  Missed Attacks: 53 | Detection Rate: 0.9982
#
#Per-Class Metrics:
#  [phase1] P=1.0000 | R=1.0000 | F1=1.0000 | 
#  [phase2] P=0.8000 | R=0.4444 | F1=0.5714 | 
#  [phase3] P=1.0000 | R=0.5714 | F1=0.7273 | 
#  [phase4] P=1.0000 | R=0.4286 | F1=0.6000 | 
#  [phase5] P=1.0000 | R=0.9987 | F1=0.9994 | 
#
#Confusion Matrix:
#         	      	      	      	Actual	      	      	      
#         	      	benign	phase1	phase2	phase3	phase4	phase5
#         	benign	 20863	     0	     5	     6	     4	    38
#         	phase1	     0	     8	     0	     0	     0	     0
#Predicted	phase2	     1	     0	     4	     0	     0	     0
#         	phase3	     0	     0	     0	     8	     0	     0
#         	phase4	     0	     0	     0	     0	     3	     0
#         	phase5	     0	     0	     0	     0	     0	 29351
i,time,loss,ground_time,compile_time,eval_time
100,6.890650272369385,0.012541031917401572,0.0011675045967101865,0.009296242666244459,0.00011879248619079583
200,12.941527128219604,0.040328883876239195,0.0010824240207671968,0.009241105079650815,0.00010773100852966295
300,17.894228219985962,0.030679098463266125,0.0010234974384307762,0.009231598424911438,9.168095588684067e-05
400,23.077462434768677,0.01109782401185065,0.0011001658439636088,0.009325120210647554,9.434428215026842e-05
500,29.308890104293823,0.024090000798695582,0.001124176740646345,0.009337188577651914,0.00012055630683898916
600,36.50267958641052,0.0166707273653852,0.0011754830360412416,0.00932082643508906,0.0001441394805908206
700,44.721100091934204,0.011782312599462337,0.001164312028884872,0.009142767620086603,0.00017171349525451666
800,53.09608793258667,0.011071668067353053,0.0011839972019195351,0.009428487777709908,0.0002791591167449954