#
#=== Dataset results ===
#
#Accuracy: 0.9976
#Micro F1: 0.9976 | Macro F1: 0.6637 | Weighted F1: 0.9982
#
#Per-class metrics:
#  [benign] P=0.9991 | R=0.9951 | F1=0.9971 | Support=20900
#  [phase1] P=0.7273 | R=1.0000 | F1=0.8421 | Support=8
#  [phase2] P=0.1915 | R=1.0000 | F1=0.3214 | Support=9
#  [phase3] P=0.3784 | R=1.0000 | F1=0.5490 | Support=14
#  [phase4] P=0.1622 | R=0.8571 | F1=0.2727 | Support=7
#  [phase5] P=0.9998 | R=0.9994 | F1=0.9996 | Support=29389
#Confusion Matrix:
#         	      	      	      	Actual	      	      	      
#         	      	benign	phase1	phase2	phase3	phase4	phase5
#         	benign	 20798	     0	     0	     0	     1	    17
#         	phase1	     3	     8	     0	     0	     0	     0
#Predicted	phase2	    38	     0	     9	     0	     0	     0
#         	phase3	    23	     0	     0	    14	     0	     0
#         	phase4	    31	     0	     0	     0	     6	     0
#         	phase5	     7	     0	     0	     0	     0	 29372
i,time,loss,ground_time,compile_time,eval_time
100,8.546717882156372,0.58333707022015,0.005205127096176372,0.022851903915405643,0.00022436041831970215
200,16.963034629821777,0.3129952649283223,0.005275749635696648,0.023206730937958168,0.00023282179832458471
300,25.433279752731323,0.14941099552990636,0.005077060413360837,0.023138400793075956,0.0002355921268463141
400,33.83244585990906,0.12058691149330115,0.005410402965545867,0.02316668710708661,0.000233006334304811
500,42.18462324142456,0.09806506722605263,0.005234885025024654,0.023061317205429473,0.000231049680709839
600,50.51468300819397,0.07188816874033364,0.0051549214363100756,0.023082828617096398,0.00022986450195312518
700,58.586690187454224,0.06808047516715306,0.0052725943088533815,0.023101317691803423,0.00021958837509155192
800,66.60002112388611,0.06256383890053258,0.005209139299392952,0.02312823977470444,0.00021669163703918445
900,74.6014552116394,0.058896681988917406,0.005253234338760603,0.02310448427200365,0.0002161952495574943
1000,82.6298143863678,0.05278167312857476,0.005252543973922981,0.023084133672714738,0.00021683087348938065
1100,90.6725058555603,0.05091252001082466,0.005083389186859372,0.023123834276199816,0.00021706795692443784
1200,98.67597556114197,0.04491329132451938,0.005246740722656486,0.023143595886230873,0.00021653409004211455
1300,106.68576788902283,0.0404036585677477,0.005205673360824831,0.02309223527908364,0.00021625981330871582
1400,114.68845844268799,0.034659117717883416,0.005090722084045662,0.023173099756241298,0.00021606502532959
1500,122.68607068061829,0.0379039285595627,0.005266815710067988,0.023106410837173876,0.00021646499633789062
1600,130.728182554245,0.03367979731454398,0.004940063190460466,0.02304579758644144,0.0002164195060729979
1700,138.80971264839172,0.03000257007928667,0.00526200718879723,0.023119064807892328,0.00021625223159789993
1800,146.8880741596222,0.031942132244439564,0.005050070571899653,0.02316918349266089,0.00021633715629577668
1900,154.95469331741333,0.02536051427737675,0.0054180248737337585,0.023145940685272627,0.00021642951965332048
2000,163.03481912612915,0.02289084074823677,0.005154762029648084,0.023126280164719105,0.00021619162559509324
2100,198.3818552494049,0.021339295168113493,0.005151054859161634,0.023108916234970467,0.00100992879867554
2200,238.01137804985046,0.020073201421555494,0.005239221000671625,0.023139018678665576,0.0011365036010742198
2300,276.8718225955963,0.016548815907244715,0.005326682996750121,0.02317300558090257,0.0011124189853668255
2400,312.09170389175415,0.0126770013819214,0.005122450685501339,0.023075218439102582,0.0010204317092895486
2500,350.852525472641,0.011091132965775614,0.005379482460022197,0.023120747137070134,0.0011128743648529062
2600,390.59436106681824,0.011362451748589138,0.0054067122459413785,0.023105402231216866,0.0011385760784149164
2700,430.43587374687195,0.012620464605736287,0.005238679933548208,0.023105045652389924,0.0011409210205078181
2800,470.3019235134125,0.009623043990486621,0.005405485725403056,0.023037427377701182,0.0011410609722137463
2900,510.23177695274353,0.012418402894136307,0.005217268371582273,0.023095813369751375,0.0011403943061828615
3000,518.6346833705902,0.006852664842624563,0.005483081388473729,0.023124910688400696,0.00022657966613769625
3100,526.7949726581573,0.008218832807709759,0.0051315996170046615,0.023149694967270273,0.00021731910705566332
3200,534.9325544834137,0.006610346665786438,0.00517119412422205,0.023073164606094793,0.00021638894081115696
3300,543.0718109607697,0.008097245997968799,0.005176971817016841,0.023098304367065867,0.00021645274162292448
3400,551.218056678772,0.004441823290374031,0.005244047832489257,0.023129299020767678,0.00021631026268005376
3500,559.4247217178345,0.005691171693325714,0.005384729814529656,0.023126852750778623,0.00021886482238769566
3600,567.6325595378876,0.0026393583266582253,0.005373590612411725,0.023230854511261355,0.00021834840774536207
3700,575.7853102684021,0.0033331982202116704,0.005301096677780373,0.023069553518295732,0.0002172151088714599
3800,584.0480954647064,0.0037874422159779896,0.005362900972366565,0.023074085044861237,0.00021964917182922363
3900,592.2196910381317,0.004708964948531502,0.005265892410278533,0.023112838077545505,0.0002176079750061036
4000,600.3726019859314,0.003913519529195355,0.005298659896850815,0.02311600642204321,0.00021746993064880336
4100,608.5189933776855,0.0022142240357510444,0.005120774793625139,0.023139829635620553,0.00021710271835327172
4200,616.6906423568726,0.005122018943901026,0.005237195587158444,0.023112897396088045,0.00021759672164916953
4300,624.8498728275299,0.003410993379956153,0.005318813276291115,0.02314243350029033,0.00021693530082702672
4400,633.0400974750519,0.005185017324568548,0.005309768581390602,0.02308898978233377,0.00021765756607055716
4500,641.2129771709442,0.0012121907141397514,0.005118420314789064,0.023113196277618892,0.0002174272537231442
4600,649.4033222198486,0.0009695963900304605,0.005293675613403551,0.023143965291977334,0.000217320537567139
4700,657.5663516521454,0.0034753799477621784,0.005225796031952151,0.023130520200729858,0.0002168507099151616
4800,665.7476587295532,0.003355456255518163,0.005183220720291363,0.023072845077515117,0.00021685581207275283
4900,673.898530960083,0.002927976471258944,0.0052035579204561784,0.023132980394363834,0.00021695780754089368
5000,682.0987863540649,0.0016935895466366447,0.005376150941848997,0.023101059436798556,0.00021909036636352425