#=== darpa_pretrained_original_w10 ===
#
#Metrics:
#  Accuracy: 0.9990 | Macro Precision: 1.0000 | Macro Recall: 0.9061 | Macro F1: 0.9446
#  Number of False Alarms: 0 | False Alarm Rate: 0.0000
#
#Per-Class Metrics:
#  [phase1] P=1.0000 | R=1.0000 | F1=1.0000 | 
#  [phase2] P=1.0000 | R=0.8889 | F1=0.9412 | 
#  [phase3] P=1.0000 | R=0.6429 | F1=0.7826 | 
#  [phase4] P=1.0000 | R=1.0000 | F1=1.0000 | 
#  [phase5] P=1.0000 | R=0.9986 | F1=0.9993 | 
#
#Confusion Matrix:
#         	      	      	      	Actual	      	      	      
#         	      	benign	phase1	phase2	phase3	phase4	phase5
#         	benign	 20900	     0	     1	     5	     0	    42
#         	phase1	     0	     8	     0	     0	     0	     0
#Predicted	phase2	     0	     0	     8	     0	     0	     0
#         	phase3	     0	     0	     0	     9	     0	     0
#         	phase4	     0	     0	     0	     0	     7	     0
#         	phase5	     0	     0	     0	     0	     0	 29347
i,time,loss,ground_time,compile_time,eval_time
100,16.158222913742065,0.035372487822701,0.0012729019641876272,0.00019947538375854435,0.0002235530376434321
200,29.57727360725403,0.02841673978553105,0.0010646045207977268,0.00019049749374389655,0.0001946016311645502
300,43.833062410354614,0.02885900202332586,0.0013225979804992688,0.00019181580543518054,0.00019490962028503455
400,55.7032904624939,0.024048905204821277,0.0010319948196411148,0.00018897733688354537,0.0001745063781738278
500,67.51821041107178,0.011521118305426395,0.0010143272876739489,0.00018439712524414125,0.00017133769989013638
600,80.52395129203796,0.01780986847353302,0.0013389202594757072,0.0001871494293212893,0.0001710910320281987
700,90.80174040794373,0.04449876721396917,0.0009526957988739016,0.00017493348121643096,0.00015281205177307167
800,102.75281739234924,0.012024681053674763,0.0010582518577575673,0.00019510245323181086,0.0001865187644958486
900,115.82302951812744,0.027903096045645934,0.001371729135513303,0.00018588991165161074,0.00017255096435546876
1000,126.09323763847351,0.028185308304565497,0.000939068174362184,0.0002038726806640625,0.00015483188629150424
1100,136.64751744270325,0.022707444747034133,0.0009369787216186522,0.0002458798885345457,0.000153513908386231
1200,151.51645374298096,0.028554838806568936,0.0015078997135162385,0.00026947536468505866,0.00018854489326477052
1300,164.19374442100525,0.0169577771152271,0.0010381761550903286,0.0002700734138488771,0.00019541921615600613
1400,176.5799012184143,0.006761341494303988,0.0010374269008636438,0.00026954431533813525,0.00018503003120422403
1500,186.8376636505127,0.03337488873668186,0.0009466819286346449,0.00024704546928405713,0.00014963340759277334