#=== darpa_scratch_full_w10_5b5a ===
#
#Metrics:
#  Accuracy: 0.4153 | Macro Precision: 0.0692 | Macro Recall: 0.1667 | Macro F1: 0.0978
#  False Alarms: 0 | False Alarm Rate: 0.0000
#  Missed Attacks: 29427 | Detection Rate: 0.0000
#
#Per-Class Metrics:
#  [phase1] P=0.0000 | R=0.0000 | F1=0.0000 | 
#  [phase2] P=0.0000 | R=0.0000 | F1=0.0000 | 
#  [phase3] P=0.0000 | R=0.0000 | F1=0.0000 | 
#  [phase4] P=0.0000 | R=0.0000 | F1=0.0000 | 
#  [phase5] P=0.0000 | R=0.0000 | F1=0.0000 | 
#
#Confusion Matrix:
#         	      	      	      	Actual	      	      	      
#         	      	benign	phase1	phase2	phase3	phase4	phase5
#         	benign	 20900	     8	     9	    14	     7	 29389
#         	phase1	     0	     0	     0	     0	     0	     0
#Predicted	phase2	     0	     0	     0	     0	     0	     0
#         	phase3	     0	     0	     0	     0	     0	     0
#         	phase4	     0	     0	     0	     0	     0	     0
#         	phase5	     0	     0	     0	     0	     0	     0
i,time,loss,ground_time,compile_time,eval_time
10,0.8507750034332275,0.6157468581339345,0.01623316526412965,0.0005141472816467281,0.000351537068684896
20,1.4042580127716064,0.6708078061812557,0.018036850293477406,0.000571274757385253,0.00037563323974609396
30,1.9840288162231445,0.6566953522851691,0.01803685029347741,0.000571274757385253,0.00038819154103596996
40,2.530474901199341,0.6423183376784436,0.01803685029347741,0.0005712747573852529,0.00037041028340657566
50,3.069969892501831,0.6271365515887737,0.01803685029347741,0.0005712747573852531,0.00036570151646931975