#=== darpa_pretrained_full_w100_1000b1000a ===
#
#Metrics:
#  Accuracy: 0.9855 | Macro Precision: 0.9944 | Macro Recall: 0.9959 | Macro F1: 0.9950
#  False Alarms: 0 | False Alarm Rate: 0.0000
#  Missed Attacks: 729 | Detection Rate: 0.9752
#
#Per-Class Metrics:
#  [phase1] P=1.0000 | R=1.0000 | F1=1.0000 | 
#  [phase2] P=1.0000 | R=1.0000 | F1=1.0000 | 
#  [phase3] P=1.0000 | R=1.0000 | F1=1.0000 | 
#  [phase4] P=1.0000 | R=1.0000 | F1=1.0000 | 
#  [phase5] P=1.0000 | R=0.9752 | F1=0.9874 | 
#
#Confusion Matrix:
#         	      	      	      	Actual	      	      	      
#         	      	benign	phase1	phase2	phase3	phase4	phase5
#         	benign	 20864	     0	     0	     0	     0	   729
#         	phase1	     0	     8	     0	     0	     0	     0
#Predicted	phase2	     0	     0	     9	     0	     0	     0
#         	phase3	     0	     0	     0	    14	     0	     0
#         	phase4	     0	     0	     0	     0	     7	     0
#         	phase5	     0	     0	     0	     0	     0	 28660
i,time,loss,ground_time,compile_time,eval_time
10,1.137728214263916,0.10715054608245989,0.003036525249481199,0.003380694866180419,0.000261836528778076
20,2.3342642784118652,0.1130238418805894,0.0034871520996093723,0.0035426106452941903,0.0003145627975463864
30,3.4684317111968994,0.12873435203120878,0.0034602484703063923,0.0036373157501220694,0.0002968916893005372
40,4.592473030090332,0.12000044832474883,0.0034192795753479007,0.0036535172462463386,0.00030507183074951147
50,5.710400104522705,0.1320134950941456,0.0034607772827148393,0.0039038276672363308,0.0003149809837341305
60,7.0274128913879395,0.11530401831502476,0.003814358711242672,0.003808349132537843,0.00032422113418579114
70,8.367815971374512,0.14112701194828586,0.003398209571838379,0.0035112838745117204,0.0004279274940490724
80,9.376422643661499,0.13075004820408,0.003407761096954346,0.003164113998413086,0.0002796568870544434
90,10.36844253540039,0.1235878542763521,0.003329689502716062,0.0036415829658508333,0.0002868971824645994
100,11.368814468383789,0.11443499336454535,0.0033303656578063954,0.0033088555335998525,0.00028810119628906223
110,12.402802228927612,0.11038154824658082,0.0033558135032653808,0.003063100814819335,0.0002908034324645997
120,13.460257768630981,0.10957250323998388,0.003390501022338864,0.0035178618431091326,0.0002866654396057128
130,14.178470611572266,0.104877903123505,0.003740808010101316,0.0032133035659790018,0.00029748964309692365
140,14.94845199584961,0.10019113434853892,0.0034635787010192827,0.003116773605346678,0.00032758951187133783
150,15.690078258514404,0.11062994098250398,0.0034293704032897893,0.003798911571502684,0.00031713581085205056
160,16.367522478103638,0.11798236469600747,0.003462670803070065,0.004096027851104736,0.0002970924377441405
170,17.054599046707153,0.13216496061795824,0.0034507427215576163,0.003660441875457767,0.0002960686683654788
180,17.783512115478516,0.1246428211983702,0.0034055523872375476,0.0034968981742858904,0.0003170385360717772
190,18.46548342704773,0.1162934493693798,0.0033217797279357906,0.0038112840652465797,0.00029405641555786146
200,19.15596079826355,0.124053475882056,0.0034189748764038063,0.003508885383605958,0.0002895622253417965
210,19.82291054725647,0.10081540021618715,0.003407010078430174,0.003568548679351804,0.000289959907531738
220,20.498598098754883,0.13206596180475705,0.00341093444824219,0.003733959197998047,0.0002938976287841793
230,21.196124792099,0.13572767333424612,0.0033722248077392566,0.0031990809440612797,0.0003106307983398437
240,21.91244864463806,0.13598208129963765,0.003339070320129394,0.0034074382781982444,0.00029864883422851574
250,22.58011031150818,0.11749251411311157,0.003391171932220461,0.0032834849357605,0.0002927222251892091
260,23.20418119430542,0.11183838487116508,0.0034001150131225525,0.0037115321159362793,0.0002845187187194823
270,23.875564575195312,0.13245662895632365,0.0037234888076782212,0.003359631538391114,0.0002913956642150878
280,24.54319453239441,0.10652074952268098,0.003373061656951902,0.003525266647338869,0.00029102087020874026
290,25.190260648727417,0.15275034445163221,0.003441728591918946,0.003552781105041501,0.00028654050827026393
300,25.84151029586792,0.11983251030305142,0.003369007587432862,0.003545161247253422,0.0002956147193908694
310,26.460536241531372,0.12186859750156993,0.0034503397941589324,0.00316866636276245,0.00028596735000610383
320,27.1222665309906,0.1393653129712939,0.003376507282257081,0.003614686012268066,0.00029257011413574244
330,27.739033222198486,0.12033128801355966,0.0034302773475646973,0.0034804286956787154,0.00028753662109375
340,28.367568492889404,0.10640500839920763,0.0033948397636413543,0.0035805301666259753,0.0002865014076232912
350,28.98678946495056,0.09052176912894641,0.0034843115806579574,0.003838987350463865,0.0002823524475097659
360,29.611053705215454,0.1177686248918389,0.003384974956512448,0.003638399600982666,0.0002918257713317868
370,30.224326133728027,0.1183194584330705,0.003406853675842282,0.0036759290695190425,0.0002805404663085939
380,30.882704734802246,0.12013896980844489,0.003415042877197265,0.0035862350463867197,0.0002901597023010258
390,31.51353693008423,0.13041564208113524,0.0033926944732666,0.0036477327346801777,0.00028983545303344735
400,32.094587087631226,0.11295279605119549,0.003445986270904539,0.003584659099578861,0.0002761659622192383
410,32.67335772514343,0.1265902764647655,0.0033893022537231443,0.003642580509185791,0.000272728443145752
420,33.21131753921509,0.11059429875019322,0.0034034218788146996,0.0033232226371765127,0.0002619090080261228
430,33.740092515945435,0.13882253570313413,0.0033254628181457477,0.003367396831512451,0.0002566232681274413
440,34.29574012756348,0.10740973368269606,0.0034957838058471665,0.003513826370239258,0.0002573471069335938
450,34.809972047805786,0.1181088340820227,0.003779050827026364,0.003823921680450441,0.00024460554122924795
460,35.33821368217468,0.115971450492164,0.003402564048767088,0.003470623970031737,0.0002461295127868655
470,35.84108901023865,0.12055922418911798,0.0033677659034728968,0.0035008630752563484,0.0002441062927246091
480,36.375693559646606,0.12086049346069952,0.0034038558006286622,0.003507535457611085,0.0002436952590942384
490,36.91668248176575,0.12639640857176732,0.003373352527618406,0.0035242018699645993,0.0002494077682495116
500,37.425528049468994,0.1169980153169539,0.003470103740692135,0.003368472099304199,0.00024573659896850585
510,37.955724000930786,0.11059080784717552,0.0034389896392822287,0.004069405555725099,0.00024999618530273474
520,38.5007119178772,0.12007148355550368,0.003444227695465085,0.0030519428253173836,0.00025537490844726576
530,39.035319566726685,0.11981064524279217,0.0033973894119262694,0.0034663333892822256,0.00025398302078247063
540,39.55992078781128,0.11612343564926535,0.003386756420135497,0.003406560420989991,0.0002481913566589354
550,40.07874059677124,0.11868162898941052,0.003393338203430176,0.003985120773315433,0.00024047422409057624
560,40.57075333595276,0.1217425225488861,0.0034157319068908684,0.0032629566192626954,0.00023945379257202135
570,41.078354835510254,0.12672865700578045,0.003417228221893307,0.0036495103836059533,0.00024126052856445306
580,41.59165573120117,0.12863617959485704,0.0033491234779357898,0.003531295299530031,0.00024661350250244137
590,42.10538148880005,0.12569983192487277,0.0037284388542175246,0.003492329120635989,0.00024683475494384765
600,42.60584878921509,0.10520818247696269,0.003415231227874755,0.0037560682296752966,0.00024334430694580104
610,43.12515044212341,0.09909682408321105,0.0037650437355041507,0.003282438755035402,0.00024412727355957025
620,43.62791156768799,0.10859397209085138,0.0034074892997741657,0.0035578207969665506,0.00024129486083984388
630,44.126028537750244,0.14901229633578444,0.0033445949554443354,0.003813553810119627,0.00023411560058593726
640,44.60889983177185,0.1142223560927839,0.003382431507110596,0.004008210659027104,0.00023646783828735343
650,45.08044409751892,0.15342632711862114,0.003422082901000976,0.003166844844818116,0.00022737550735473612
660,45.595781564712524,0.08549635234955513,0.003417179584503173,0.0030192613601684568,0.00023336935043334947
670,46.09951710700989,0.11379803737873939,0.0034942679405212383,0.003879488468170166,0.00023313808441162122
680,46.59377574920654,0.12268185867698386,0.003415746212005613,0.003536535739898683,0.00023289060592651358
690,47.104376792907715,0.11997048682786329,0.0033466582298278813,0.0038581633567810027,0.00023681497573852542
700,47.59797930717468,0.131324146023915,0.0034232201576232914,0.003668619155883791,0.00023082637786865247
710,48.09775519371033,0.11346249054430783,0.0034178972244262697,0.0031899347305297857,0.00023224115371704119
720,48.58747482299805,0.11996263584926181,0.003392647743225099,0.003552045345306399,0.00023137664794921882
730,49.07215762138367,0.14166739885909616,0.0033981118202209477,0.003725808143615722,0.0002301006317138672
740,49.58127474784851,0.12325327217632547,0.003384153366088866,0.003648071765899661,0.00023322534561157236
750,50.06522059440613,0.12869725858446876,0.0033903088569641115,0.003217128276824955,0.00022804355621337905
760,50.56162881851196,0.10868571507032154,0.0034334373474121096,0.003114933013916015,0.00022867250442504863
770,51.0458562374115,0.13827785264881626,0.0033737821578979483,0.0034693341255188003,0.00023020839691162095
780,51.53970813751221,0.11036125977214609,0.0034074020385742184,0.003671479701995851,0.00023206043243408162
790,52.04654049873352,0.12343520889167765,0.003373479366302487,0.0035132675170898423,0.00023121929168701158
800,52.51580572128296,0.13036742697006626,0.0034934258460998526,0.0034804339408874506,0.00022859382629394546
810,53.00176739692688,0.10294021714498403,0.00345367240905761,0.003749580383300781,0.0002272462844848634
820,53.49306130409241,0.11827899549282476,0.003360354423522948,0.003492038249969483,0.00022817468643188476
830,53.957642555236816,0.11092641284976226,0.003742873191833493,0.003640362262725831,0.00022437095642089842
840,54.42841958999634,0.10247109190837247,0.0034108052253723127,0.0037095327377319335,0.0002237114906311036
850,54.87731313705444,0.13555358538039874,0.0033666772842407197,0.0031494288444519035,0.00022049331665039066
860,55.35913562774658,0.11270662379848698,0.003409890651702879,0.003761059284210206,0.00022435617446899415
870,55.84361720085144,0.09655141967722917,0.0034126930236816413,0.0037735366821289064,0.00022541570663452173
880,56.31898736953735,0.11270428064981339,0.0034215750694274864,0.0031902666091918968,0.00022575378417968747
890,56.8136568069458,0.11871975686129191,0.003444102764129637,0.0038124547004699735,0.00023423957824707042
900,57.27898931503296,0.15551380314291835,0.00337740659713745,0.0034371442794799817,0.00022589683532714828
910,57.76359748840332,0.12822503723033324,0.0034057559967041,0.003854163169860838,0.00023016929626464835
920,58.238895654678345,0.13150310563663192,0.0037859778404235774,0.0036698656082153345,0.00023024415969848618
930,58.72891545295715,0.11402714910531911,0.0033644523620605473,0.003334975242614747,0.00023093461990356446
940,59.48636198043823,0.0958022077722783,0.0034513206481933587,0.0032642898559570323,0.0002752075195312505
950,60.05082416534424,0.098997079119496,0.0033810782432556136,0.00353913736343384,0.00027670431137084947
960,60.6257209777832,0.1260718581700222,0.003383953571319579,0.003684802532196046,0.0002790966033935546
970,61.20035433769226,0.15395847280464375,0.003405334472656247,0.003717000007629395,0.00027845573425292955
980,61.76693248748779,0.11940240980713637,0.003377376556396485,0.003942884922027588,0.00027457332611084006
990,62.32594871520996,0.10885889654558076,0.003467823505401608,0.003551199436187745,0.00027413129806518565
1000,62.899189472198486,0.14645003124353967,0.0033704013824462876,0.0032177081108093254,0.0002761678695678713
1010,63.475810527801514,0.1247581714542287,0.0034027833938598618,0.003475576877593993,0.0002812724113464356
1020,64.06357192993164,0.12285799700911326,0.0034276127815246597,0.0032715773582458474,0.0002841534614562991
1030,64.65044951438904,0.13451261393343666,0.0033783731460571265,0.0033518180847167964,0.00028456258773803687
1040,65.24908375740051,0.11402430804379751,0.003403162002563474,0.0036357088088989293,0.00029342079162597665
1050,65.86757183074951,0.08930789214349517,0.003755891799926754,0.003196529865264896,0.0002960286140441896
1060,66.44705581665039,0.11233148910150006,0.0034378318786621094,0.0036235799789428756,0.00028054571151733387
1070,67.01799893379211,0.10922266058307226,0.003418126106262207,0.0037885503768920895,0.0002846918106079101
1080,67.6020438671112,0.09945831417296648,0.003406705856323242,0.0038670830726623556,0.0002794380187988282
1090,68.16982007026672,0.1134494556920751,0.0034173922538757264,0.003274179458618163,0.0002765913009643554
1100,68.75304126739502,0.09138180517896348,0.003790802001953121,0.003324115276336667,0.0002811613082885742
1110,69.32786917686462,0.11665865779873522,0.003397456645965572,0.00368436908721924,0.00028273725509643554
1120,69.97065663337708,0.1204028398356775,0.003407422065734865,0.003964024543762209,0.00028332757949829136
1130,70.58325695991516,0.1303545431996112,0.0034521861076354963,0.0034787788391113282,0.00028767251968383806
1140,71.16760444641113,0.11111181522860485,0.003369451045989992,0.0032250614166259768,0.0002781639099121094
1150,71.76215767860413,0.10866091599753946,0.0033883113861083967,0.0038666009902954108,0.00026992321014404294
1160,72.32073616981506,0.14016860906432332,0.003445569992065431,0.003598468303680424,0.0002652063369750978
1170,72.88391900062561,0.13996529918644193,0.003386546134948731,0.0033938102722167983,0.0002624588012695312
1180,73.43340134620667,0.14418276916231484,0.003394843578338623,0.0037064862251281723,0.00026193475723266613
1190,73.9902024269104,0.11788198163494301,0.003430045604705806,0.0035555925369262684,0.0002672724723815916
1200,74.52445316314697,0.10302689470415476,0.003355311870574951,0.0033199076652526845,0.0002622680664062505
1210,75.25328516960144,0.10980032912425433,0.0034014678001403815,0.0034705104827880877,0.00035496044158935506
1220,75.7816264629364,0.14202100067325293,0.0033490557670593246,0.0035479817390441917,0.00026043319702148427
1230,76.33756494522095,0.11805978145152149,0.0034010639190673805,0.004416628360748294,0.0002615113258361816
1240,76.92276310920715,0.12229387777603747,0.0034217605590820314,0.0031508998870849597,0.00027152872085571295
1250,77.48671293258667,0.1278430926711481,0.0034566440582275365,0.0034525656700134266,0.00026764011383056653
1260,78.0597014427185,0.11267022438266985,0.0034219927787780763,0.0030297431945800787,0.00026567983627319317
1270,78.63280630111694,0.11823552124768814,0.0033427605628967303,0.0035378832817077634,0.000268993854522705
1280,79.21363520622253,0.12156424071837105,0.003489459514617918,0.0035943279266357404,0.00026644515991210935
1290,79.80841183662415,0.10828445671645348,0.0034152808189392087,0.0032882056236267073,0.0002695198059082033
1300,80.36159086227417,0.12058858307762785,0.003374678134918216,0.0036559681892395007,0.0002592444419860838
1310,80.91211795806885,0.13122457123070413,0.0037306942939758303,0.0037328805923461904,0.0002717814445495605
1320,81.75832176208496,0.10115249467396567,0.0034256076812744147,0.0035772109031677207,0.00040315198898315435
1330,82.59055662155151,0.1173034695071131,0.00370308351516723,0.003198052406311036,0.0003913459777832029
1340,83.32777333259583,0.14581960702614366,0.003400373458862304,0.0036754245758056628,0.0003650245666503905
1350,84.09031176567078,0.12878434614619613,0.0034189405441284195,0.0036762237548828144,0.0003635950088500977
1360,84.84425139427185,0.11036104109187697,0.00340808582305908,0.003750497341156006,0.00036946105957031284
1370,85.61729335784912,0.10333330489811961,0.0034366164207458505,0.003339466571807863,0.00035844755172729527
1380,86.37540316581726,0.13057025380862555,0.0034872150421142558,0.0034786090850830093,0.00036957836151123026
1390,87.15177774429321,0.11495543215429105,0.0033635087013244636,0.003978646278381348,0.000378361701965332
1400,87.90287709236145,0.1036808497433559,0.003403882026672365,0.0032398061752319353,0.0003621644973754883
1410,88.67378854751587,0.1307528434494051,0.003411298751831056,0.0037915492057800293,0.000374775886535644
1420,89.43942999839783,0.13149913508876987,0.0034418616294860814,0.003433155536651611,0.0003664751052856447
1430,90.1993761062622,0.1201314322345117,0.00337054347991943,0.0033717126846313458,0.00036487007141113254
1440,90.9298951625824,0.0972852969902702,0.003375653266906739,0.0035895962715148944,0.0003618044853210448
1450,91.69397640228271,0.1048192568493321,0.003362398624420163,0.0036860179901123044,0.00037065172195434564
1460,92.42931866645813,0.1574319186283286,0.003407204627990725,0.0029336700439453155,0.0003566589355468754
1470,93.15327763557434,0.1401455977797912,0.0037886281013488734,0.003947268486022946,0.00035281991958618155
1480,93.88196063041687,0.10405267881844468,0.003445073604583742,0.003506524562835694,0.00034986734390258796
1490,94.60125494003296,0.10885150393125967,0.0034340395927429184,0.004116546630859379,0.0003493971824645997
1500,95.31343364715576,0.1391261627351739,0.0033394608497619637,0.00321999216079712,0.00034194850921630846
1510,96.02829766273499,0.114579602514928,0.0034034547805786124,0.003669010639190675,0.00035742807388305654
1520,96.7668662071228,0.11480069839409275,0.0033852953910827655,0.003201348304748533,0.00036118745803832993
1530,97.61518692970276,0.12148574298643997,0.00349307107925415,0.003355760574340823,0.00039256620407104506
1540,98.36868286132812,0.09577865230228594,0.0033979582786560075,0.0038092021942138696,0.00035525894165039075
1550,99.10751271247864,0.10481620655212431,0.0034016857147216783,0.0035615968704223637,0.000347034454345703
1560,99.83724188804626,0.12303261417134126,0.0033758754730224606,0.003634506225585936,0.00035424566268920917
1570,100.58552765846252,0.09813795600492972,0.003380481719970701,0.003089745044708255,0.00035956478118896496
1580,101.29150485992432,0.1232216435541216,0.003754850864410399,0.0036474118232727075,0.00034809637069702174
1590,102.03643155097961,0.13114746504970853,0.003402929782867432,0.003464930534362796,0.00034880924224853514
1600,102.73857426643372,0.11824859484462971,0.0033957200050353997,0.0035765695571899404,0.000340059757232666
1610,103.4308602809906,0.1276441722607275,0.003413106441497802,0.003923136234283448,0.0003336596488952636
1620,104.16145396232605,0.11431141773119984,0.0034275407791137698,0.0030709629058837864,0.00034688520431518544
1630,104.91710591316223,0.09638132547306569,0.0034234147071838376,0.003212510585784913,0.000358795166015625
1640,105.58340430259705,0.12303538796245768,0.003401959419250489,0.0036343979835510255,0.00033278846740722657
1650,106.29274463653564,0.13705039897516214,0.003381558895111085,0.003755869865417478,0.000342801094055176
1660,107.00286531448364,0.12342661016342485,0.003426616191864009,0.0034884228706359858,0.0003450846672058104
1670,107.71587347984314,0.11383649634436048,0.0034148974418640094,0.0036781368255615226,0.0003407211303710938
1680,108.46742820739746,0.13571431425022723,0.0033960590362548857,0.0038361272811889653,0.00034910249710083
1690,109.15961742401123,0.12286098207456057,0.0034215736389160136,0.00363372039794922,0.00033340644836425757
1700,109.86414313316345,0.13187474590749879,0.0033999023437500005,0.0033353157043457065,0.00033808422088623
1710,110.57513236999512,0.11741787137578959,0.0037587566375732366,0.003513851165771485,0.00034292888641357394
1720,111.31587886810303,0.1125163304862209,0.0034104495048522913,0.0035931096076965317,0.0003507513999938967
1730,112.02780318260193,0.10537643652307091,0.003387433528900142,0.0035652093887329093,0.0003457069396972656
1740,112.73792099952698,0.13401443408507038,0.003335944652557366,0.004063397884368891,0.0003430743217468262
1750,113.44143104553223,0.10773151950975146,0.0034519433975219714,0.003602087020874023,0.00033303213119506857
1760,114.13566493988037,0.09467957662582835,0.003421709060668942,0.003270235538482667,0.00033310937881469744
1770,114.84038543701172,0.12247894182489709,0.00339741849899292,0.0035884027481079142,0.0003393397331237794
1780,115.55057883262634,0.1282120762427559,0.0033697719573974605,0.003400165081024168,0.00033646249771118134
1790,116.22394704818726,0.11636764468467628,0.0034562339782714863,0.003537787914276122,0.0003307347297668458
1800,116.9667661190033,0.13595252089063453,0.0034152770042419423,0.0034336380958557163,0.0003578391075134278
1810,117.71237397193909,0.12633305669459388,0.003376468181610107,0.0034050273895263675,0.00035416412353515614
1820,118.45550012588501,0.12323339338481572,0.0034359703063964854,0.0032926998138427714,0.0003624916076660161
1830,119.20424294471741,0.1611432671896115,0.0033884677886962893,0.003468117713928223,0.0003505029678344728
1840,119.93334603309631,0.10979343888922206,0.003372644424438473,0.0031811733245849594,0.0003565831184387207
1850,120.67555332183838,0.12671532454985418,0.0033572854995727536,0.0032084360122680657,0.00035872220993041996
1860,121.34969925880432,0.114698462274851,0.003502314567565915,0.00345264005661011,0.0003228316307067873
1870,122.04196882247925,0.09329384873216397,0.003438611030578613,0.003987737178802489,0.00033309936523437487
1880,122.73628091812134,0.11421201246142396,0.0033841466903686535,0.00386942148208618,0.00033256530761718725
1890,123.43243622779846,0.12577478696595074,0.0034207162857055667,0.0034113864898681692,0.0003359565734863281
1900,124.1230206489563,0.11242680281894432,0.0033750214576721157,0.003265597343444822,0.00033529853820800815
1910,124.8470401763916,0.11515105001123453,0.0037283267974853504,0.003696198463439946,0.0003431735038757327
1920,125.5533127784729,0.11497938474150307,0.0034453415870666464,0.004404262065887449,0.0003376579284667967
1930,126.25632071495056,0.10980249145821559,0.0033682298660278305,0.0037867531776428244,0.00033754539489746094
1940,126.98769855499268,0.1291476240480223,0.0033391075134277344,0.0033349046707153327,0.0003582725524902344
1950,127.7312741279602,0.10154108703900548,0.0033966126441955535,0.0037368927001953114,0.00036548662185668945
1960,128.49446725845337,0.1278423260845845,0.0037587194442748996,0.0036430544853210426,0.0003735723495483399
1970,129.20739316940308,0.13629632294091787,0.0034474315643310536,0.0035559649467468285,0.0003436484336853028
1980,129.96097445487976,0.1200437797706891,0.0034640679359436008,0.00345173692703247,0.00035043096542358406
1990,130.6693890094757,0.1055804071963301,0.003402530193328855,0.0034360079765319807,0.00034107303619384795
2000,131.38827419281006,0.12559186728363436,0.0034003529548645023,0.0034000644683837913,0.00034865808486938464
2010,132.11206078529358,0.13465082062362158,0.003363998413085938,0.0034070363044738775,0.0003453226089477543
2020,132.8301067352295,0.11805927596010649,0.0034143166542053203,0.0038513197898864737,0.00034177589416503894
2030,133.5572190284729,0.10540778847531354,0.003428273677825923,0.0034508585929870586,0.0003374228477478026
2040,134.2363691329956,0.11534903498377196,0.0034269075393676745,0.003443343162536621,0.00033153247833251937
2050,134.9692347049713,0.1138719052667136,0.0034723033905029307,0.0036870822906494164,0.00034954977035522465
2060,135.74159383773804,0.12822881228585076,0.0033976521492004317,0.003163786888122559,0.0003650364875793453
2070,136.4460723400116,0.12232056182198534,0.0034423165321350127,0.003392246723175049,0.0003341741561889648
2080,137.14479899406433,0.1072541225708391,0.0033917665481567384,0.003645659923553463,0.0003397693634033206
2090,137.81746816635132,0.12688442117974857,0.003767304897308347,0.0034777517318725576,0.0003316292762756347
2100,138.50657606124878,0.10943154308365821,0.0033930788040161114,0.0033774485588073744,0.0003341546058654783
2110,139.2044324874878,0.12307557107360456,0.0033478908538818334,0.0037381186485290555,0.0003361258506774904
2120,139.90327835083008,0.12802293955723548,0.003392815589904783,0.0037995448112487793,0.0003347907066345213
2130,140.57309675216675,0.1346319689195224,0.003411418437957764,0.003245424747467042,0.00032746505737304694
2140,141.29317045211792,0.13386142210168292,0.0033823609352111803,0.003452333927154541,0.00034330606460571285
2150,142.00080919265747,0.10847348949752238,0.0033669438362121593,0.003529944896697998,0.0003389439582824706
2160,142.7059304714203,0.10060628689263074,0.003454330444335938,0.003888651847839355,0.000336174011230469
2170,143.39095902442932,0.11225277151756667,0.0033727092742919912,0.0037212457656860347,0.0003323693275451659
2180,144.06865692138672,0.12174953938356745,0.003388119697570803,0.003255772113800052,0.00033178615570068345
2190,144.7614870071411,0.1326559394098256,0.0034129157066345173,0.0035349488258361824,0.0003305587768554689
2200,145.45062565803528,0.12673326478574815,0.003453337669372557,0.0033333435058593743,0.00032952547073364255
2210,146.23024606704712,0.08839133165983937,0.0034987998008727964,0.003246828079223634,0.00033638334274292014
2220,146.92802596092224,0.12820246622465653,0.003372936725616457,0.003808301925659179,0.00034649610519409157
2230,147.66936016082764,0.12256498209409386,0.0034947085380554214,0.0033451843261718766,0.00034538698196411163
2240,148.39964509010315,0.11327052344165864,0.0033786573410034175,0.003659653663635252,0.00034611701965332016
2250,149.1030604839325,0.12070261505962165,0.0033613209724426252,0.0040270290374755865,0.00034413146972656295
2260,149.84075164794922,0.1284179071281469,0.0033895878791809072,0.0037507157325744646,0.00035160064697265577
2270,150.55955719947815,0.10793399571852988,0.0037465419769287045,0.0030456686019897468,0.00034558677673339857
2280,151.2678849697113,0.12420917701651975,0.003379900932312014,0.003781809806823731,0.00034141826629638687
2290,151.9711093902588,0.1273666329239755,0.003709250926971432,0.003623119354248045,0.00035057258605957023
2300,152.7476725578308,0.12579018429011102,0.0034207534790039046,0.003225173950195314,0.00036225366592407244
2310,153.47087740898132,0.15236964369654513,0.003388434410095213,0.003279130458831786,0.0003345456123352051
2320,154.1465253829956,0.09506079726899527,0.003465023994445801,0.003638115406036379,0.00033034133911132783
2330,154.8402647972107,0.11293101904172569,0.003429065227508541,0.0039412679672241185,0.0003344755172729493
2340,155.5110433101654,0.1134738877684592,0.003358606338500976,0.003584764957427977,0.0003291773796081545
2350,156.19422340393066,0.11770880905423001,0.0034139733314514165,0.0034596061706542976,0.0003306927680969237
2360,156.92600536346436,0.11735483124181492,0.003415344238281251,0.0032893428802490245,0.0003532018661499023
2370,157.64459204673767,0.11123764972421286,0.003416544437408449,0.003056901454925538,0.0003491592407226559
2380,158.37290239334106,0.11827087150641236,0.0033807210922241204,0.003442134857177733,0.00034579849243164036
2390,159.0447382926941,0.13527132666734362,0.003369498252868649,0.0040769329071044915,0.00033332729339599604
2400,159.75235247612,0.10194542590568305,0.003446628570556639,0.003912036418914797,0.0003414621353149413
2410,160.51053476333618,0.11686569899852592,0.0033187031745910674,0.0036458487510681154,0.00034319019317626936
2420,161.21976280212402,0.14129943388627758,0.0037248339653015113,0.0036247200965881313,0.00033800792694091804
2430,161.9221591949463,0.12336020111346928,0.003477953433990479,0.003250463485717775,0.0003323841094970702
2440,162.62621665000916,0.12731148366956996,0.0034382028579711893,0.0033639974594116217,0.0003329620361328126
2450,163.3117699623108,0.11938987337977569,0.0033218879699707044,0.003640401363372801,0.00033578395843505873
2460,163.98111057281494,0.1036898581400126,0.003412171840667726,0.003216886997222898,0.0003303380012512207
2470,164.66042804718018,0.11301381592072035,0.0034183368682861323,0.0037244262695312522,0.0003402309417724613
2480,165.32133388519287,0.1265109990854431,0.0034443340301513635,0.003615277290344237,0.00032301330566406197
2490,165.9726104736328,0.11732688477128324,0.003460103511810303,0.004025916576385503,0.0003136377334594724
2500,166.62577271461487,0.12521550903077683,0.003408503532409668,0.0035479359626770035,0.00031032180786132803
2510,167.2620439529419,0.11976897205186751,0.0033798513412475577,0.003326301574707033,0.0003147158622741695
2520,167.9000506401062,0.10410400301710936,0.003405313968658445,0.0034745202064514133,0.0003077044486999512
2530,168.5167589187622,0.09581798487826253,0.003424985885620114,0.0032774085998535144,0.0003055295944213867
2540,169.1546618938446,0.11880368222491074,0.0033442540168762192,0.0033859658241271974,0.000300079345703125
2550,169.74929237365723,0.1305651325349331,0.0034133038520812987,0.0032409138679504396,0.00029390811920166027
2560,170.35403513908386,0.13960550771980473,0.0034060435295104954,0.003524072170257568,0.0002853188514709472
2570,170.91279435157776,0.11311455480521522,0.003500288009643555,0.0037892255783081074,0.00026603126525878896
2580,171.48341608047485,0.1173451803829972,0.0034203777313232438,0.0036395936012268123,0.0002770252227783202
2590,172.047434091568,0.11675680262295525,0.0033722853660583495,0.0033131780624389645,0.00026686811447143566
2600,172.5721549987793,0.113179221072003,0.0033355827331542943,0.003556184768676757,0.0002582311630249022
2610,173.11232137680054,0.12937374445026778,0.003413924217224115,0.0036497249603271434,0.00026083612442016603
2620,173.64092588424683,0.11478855628852995,0.003385519981384277,0.0033972935676574697,0.00025572872161865235
2630,174.1684057712555,0.12404153946954019,0.0034254622459411648,0.003893835544586186,0.000252086162567139
2640,174.7088587284088,0.12206019278710215,0.0038133349418640093,0.0037326011657714854,0.0002541828155517581
2650,175.24744153022766,0.11811081395520909,0.0034115881919860812,0.003935429096221924,0.00024737358093261685
2660,175.75567364692688,0.11919063814959577,0.0033345632553100544,0.003256150245666503,0.00024333906173706047
2670,176.26214289665222,0.10409993094780937,0.003405988693237302,0.0038358793258666986,0.0002387104034423829
2680,176.7474901676178,0.12763663987767943,0.003394732952117918,0.0037149157524108884,0.00023914432525634727
2690,177.23536610603333,0.10860023756005455,0.003344811916351315,0.0033249616622924812,0.00023405170440673817
2700,177.72199535369873,0.12515896755892633,0.003404994964599609,0.003486522197723391,0.00023127698898315444
2710,178.21966123580933,0.12091675315876471,0.0033631916046142595,0.003382604122161867,0.00023862171173095708
2720,178.73175621032715,0.0934231835410704,0.003517914295196531,0.00300000047683716,0.00023960542678833
2730,179.22726678848267,0.12749508769499354,0.003411978721618651,0.00374894618988037,0.0002371540069580078
2740,179.73763132095337,0.1447946905048555,0.003384902477264405,0.003554318428039549,0.00023568725585937502
2750,180.22054171562195,0.11365657373099163,0.003404101848602295,0.0037120413780212407,0.00023493957519531259
2760,180.6993169784546,0.12526526635831356,0.003830360412597654,0.003799033641815182,0.00023123693466186538
2770,181.18805074691772,0.15252759071694638,0.003375298976898194,0.003497174263000488,0.00022593927383422833
2780,181.65310740470886,0.10849467390400018,0.0034400916099548325,0.003748058795928954,0.00022304916381835944
2790,182.11959528923035,0.11737742509311026,0.0033946175575256367,0.003024244785308837,0.00022127389907836912
2800,182.57973313331604,0.14113234812728162,0.0033392758369445753,0.0036780219078063987,0.00022160148620605497
2810,183.04950952529907,0.11255638055944835,0.0034072909355163565,0.0033646860122680685,0.00022326660156249991
2820,183.52269649505615,0.11790773334815534,0.0034469304084777793,0.004007491111755374,0.00022158479690551771
2830,183.96467900276184,0.09675821190630689,0.003387511730194092,0.003763045310974123,0.00022163486480712892
2840,184.4191153049469,0.09904786722244932,0.003743518829345701,0.0035941872596740782,0.00022107553482055673
2850,184.8789782524109,0.12215615542758362,0.0034214916229248077,0.003392296314239502,0.00022372102737426756
2860,185.35445404052734,0.12200440031102844,0.0034614863395690887,0.0035416636466980025,0.00022202539443969726
2870,185.87372493743896,0.1359713599089897,0.0034187731742858878,0.0032712154388427755,0.00024214982986450208
2880,186.33620142936707,0.1048577113532719,0.0033903889656066895,0.003551298141479492,0.0002243375778198246
2890,186.93261003494263,0.10766750863848587,0.0034198994636535614,0.0034685125350952138,0.0002953028678894042
2900,187.62940096855164,0.13150991632517167,0.003401568412780763,0.0035736751556396497,0.00035769605636596676
2910,188.37875938415527,0.16355410065663506,0.0034567775726318355,0.003828232288360592,0.00036157512664794923
2920,189.07786583900452,0.11520135256732796,0.003382309436798095,0.003528792858123782,0.00035931921005249057
2930,189.81514358520508,0.13586721676593658,0.0034066438674926758,0.003236106872558595,0.0003576793670654299
2940,190.5510492324829,0.12253614816820206,0.0034169912338256835,0.0035555028915405323,0.0003513741493225094
2950,191.2331244945526,0.10579469779178637,0.0033730087280273435,0.0034729709625244145,0.0003441762924194334
2960,191.961740732193,0.09953058762082521,0.0034125595092773424,0.00354177761077881,0.0003554306030273438
2970,192.66747760772705,0.1117235308788788,0.003389237880706786,0.0035933156013488758,0.0003571195602416992
2980,193.38933658599854,0.1003136570327537,0.003454252243041992,0.0035200967788696267,0.0003547792434692382
2990,194.08531260490417,0.1357821866188153,0.003741284370422366,0.003446928501129148,0.0003462557792663577
3000,194.84809374809265,0.10729389081169567,0.003379860877990718,0.0036788105964660625,0.00037364101409912125
3010,195.65551376342773,0.10447792988731475,0.0034378743171691864,0.003413445949554443,0.00039036655426025397
3020,196.364506483078,0.12508910951673163,0.0034471778869628903,0.003077198028564456,0.0003437743186950682
3030,197.0747983455658,0.13898901058948526,0.003372001647949217,0.0032914466857910155,0.00035456371307373045
3040,197.7674641609192,0.10027276094257827,0.0037550988197326608,0.0036740169525146535,0.0003479557037353517
3050,198.44520354270935,0.12021207253953207,0.0034478311538696286,0.0038930058479309075,0.00033808851242065474
3060,199.1380853652954,0.0903598729546086,0.0034876046180725047,0.0032829446792602564,0.00033979511260986294
3070,199.84269046783447,0.10540793195357649,0.003408375740051271,0.0038775072097778306,0.0003513145446777346
3080,200.56490278244019,0.1321331090390241,0.003380906105041502,0.0036979498863220226,0.00035502576828002903
3090,201.30156707763672,0.12563209359678107,0.0034038720130920436,0.00375028610229492,0.0003573350906372076
3100,202.01460814476013,0.1330454800966825,0.0033162598609924343,0.0035838799476623578,0.0003539872169494629
3110,202.71012949943542,0.12805719667744875,0.003385635375976559,0.0035136461257934564,0.00035144805908203134
3120,203.3766496181488,0.11881924845611372,0.0033921294212341307,0.003564234256744387,0.00034200954437255864
3130,204.05194187164307,0.13984192754961391,0.003410161972045899,0.0035027256011962854,0.00033376407623291024
3140,204.71968960762024,0.11171443973862542,0.0033960247039794876,0.0035562486648559564,0.00033754968643188445
3150,205.4094159603119,0.12755903894222378,0.0034192433357238747,0.0031045360565185556,0.00033592796325683603
3160,206.08510041236877,0.11906129965941245,0.0033890461921691874,0.0036619048118591313,0.00033640527725219724
3170,206.75184893608093,0.13226037330810242,0.0037029805183410648,0.0035096101760864256,0.00034003019332885765
3180,207.42914748191833,0.12254321940416928,0.003424792766571041,0.0032402129173278783,0.00033807563781738297
3190,208.05239391326904,0.12281384992070357,0.0033556752204894993,0.0038771271705627408,0.0003378214836120606
3200,208.7224245071411,0.11540060274617572,0.003397592067718505,0.0037395844459533712,0.0003331761360168459
3210,209.3837788105011,0.11871927806170612,0.0033933563232421875,0.003810253143310548,0.0003286166191101073
3220,210.07737565040588,0.09654664022982724,0.0034813876152038556,0.0033726572990417465,0.000333648681640625
3230,210.727374792099,0.12694382778358768,0.003404626846313473,0.0033103270530700684,0.0003269743919372556
3240,211.40245866775513,0.10337272072990307,0.0034249658584594713,0.0038445358276367205,0.0003319640159606937
3250,212.07972884178162,0.11482093182131212,0.003423316001892089,0.0033324909210205094,0.00033676099777221665
3260,212.7475254535675,0.10622273832897011,0.003423498153686521,0.004111922740936282,0.0003337225914001464
3270,213.41871094703674,0.12065270010915016,0.003467602252960204,0.0036761689186096203,0.0003313016891479491
3280,214.08701634407043,0.14647518091533993,0.003367372512817382,0.003271060466766356,0.00033392333984375
3290,214.77835059165955,0.1287061029332916,0.0037621965408325174,0.003401535987854005,0.000336231708526611
3300,215.4486062526703,0.13837621265211716,0.003385203361511227,0.0038088865280151347,0.00032982826232910153
3310,216.11416840553284,0.11040690640094267,0.0034036378860473606,0.003355371475219729,0.00033586740493774414
3320,216.84213614463806,0.10759098745047321,0.0034268603324890145,0.0033735094070434556,0.00035716629028320304
3330,217.70106601715088,0.13383570663628666,0.0033560576438903837,0.003588429927825928,0.000325942516326904
3340,218.44176077842712,0.11650698816841598,0.0034643826484680174,0.003344021797180175,0.00036869287490844734
3350,219.11027669906616,0.08445377360507503,0.0033888878822326655,0.0035558819770812973,0.0003565826416015628
3360,219.79962491989136,0.1194756327759839,0.0033780059814453077,0.0037134122848510717,0.00034459209442138674
3370,220.48425030708313,0.11949561996440587,0.0034075827598571786,0.0032331361770629894,0.0003439521789550778
3380,221.16978764533997,0.12885655113171943,0.0033972344398498543,0.0032715988159179705,0.00035443544387817397
3390,221.85928535461426,0.11830082565795204,0.0034437084197998036,0.0035779542922973633,0.0003474164009094241
3400,222.50378704071045,0.11007253336949654,0.003368473052978513,0.0035026593208313,0.0003267641067504881
3410,223.16578602790833,0.10854216087118367,0.003806654930114737,0.003656054496765137,0.0003350043296813963
3420,223.81140303611755,0.10232089288877902,0.0034196562767028773,0.003713119029998782,0.0003294997215270999
3430,224.5098979473114,0.1371341221915156,0.0034318556785583472,0.0034661865234375012,0.0003419532775878908
3440,225.18845319747925,0.10467706600760418,0.0033976736068725586,0.0038586831092834485,0.0003396582603454589
3450,225.83793878555298,0.11964538350999332,0.003373535156249998,0.003604637145996093,0.00033485651016235357
3460,226.50137853622437,0.12714125060518366,0.003378205299377441,0.0035819044113159218,0.0003456091880798338
3470,227.22174525260925,0.11678518337735985,0.003395701408386232,0.0037556862831115735,0.00035455131530761724
3480,227.90703225135803,0.14621683831989468,0.003416511535644528,0.0032488937377929705,0.0003479261398315428
3490,228.61729264259338,0.1133259659128681,0.0034227247238159176,0.0036950812339782728,0.0003532652854919433
3500,229.30921363830566,0.1015579010221979,0.003404539585113524,0.003908380031585694,0.0003587265014648439
3510,230.01615166664124,0.12659578400568675,0.0033871674537658677,0.0033531932830810573,0.00035102224349975604
3520,230.71021604537964,0.12808997279885065,0.0033984231948852557,0.003609555721282961,0.00035100698471069336
3530,231.41487550735474,0.12408533432383986,0.003393422126770017,0.003669384956359864,0.0003489742279052735
3540,232.07662630081177,0.11796125633398138,0.0034018778800964365,0.003586078643798829,0.00033580064773559577
3550,232.74213194847107,0.12405665503238165,0.003427291393280027,0.0033270702362060553,0.00033458089828491207
3560,233.34064960479736,0.09279362868264325,0.003406417369842528,0.003687612056732182,0.0003042635917663573
3570,234.0259940624237,0.12478597642916514,0.0033967227935790996,0.0033281292915344264,0.00033873701095581073
3580,234.67556309700012,0.10138147897916165,0.0037562170028686464,0.0033270645141601557,0.0003289890289306638
3590,235.3239929676056,0.14940192041103612,0.003389132976531981,0.003076416015625002,0.000329446792602539
3600,235.95257210731506,0.1192588029742229,0.003420006752014158,0.003813239097595216,0.00032833194732666016
3610,236.62835788726807,0.12581979573083701,0.0034154057502746573,0.003451869487762451,0.00033348417282104507
3620,237.3009548187256,0.12085864265301582,0.003408657073974608,0.0032839179039001443,0.0003314495086669923
3630,237.93831396102905,0.13249569489220653,0.003749856472015381,0.003921843528747564,0.000325192451477051
3640,238.59550523757935,0.10183050371741775,0.0034534540176391583,0.00321987867355347,0.00032729291915893535
3650,239.21412253379822,0.11370511450473546,0.003422089099884036,0.0038479666709899897,0.0003167691230773926
3660,239.86091208457947,0.1076982052879343,0.00344516849517822,0.0038261122703552274,0.00033363819122314445
3670,240.5273940563202,0.11614168916641443,0.0033708896636962847,0.00367890977859497,0.00033235836029052733
3680,241.15836644172668,0.11485403353504997,0.003394515514373779,0.0037263398170471196,0.0003233618736267091
3690,241.81521558761597,0.1290202365737253,0.0033790040016174285,0.0034262809753417937,0.00033698368072509756
3700,242.46612286567688,0.10958386490493195,0.00346920108795166,0.0033481163978576665,0.0003219885826110839
3710,243.101464509964,0.13179127625969328,0.003364297866821287,0.003475573062896731,0.0003175625801086427
3720,243.7445948123932,0.12234983648468363,0.003380190849304198,0.0033265585899353036,0.00031646823883056663
3730,244.4326410293579,0.1136845561231252,0.00341037082672119,0.0035251865386962886,0.00035158824920654294
3740,245.1161253452301,0.11872069661389736,0.003402645587921139,0.0035761618614196787,0.0003453526496887205
3750,245.7916932106018,0.12311469356214803,0.0033785834312438983,0.0039321680068969715,0.0003299584388732911
3760,246.41437935829163,0.14149199764816134,0.0033600354194641135,0.003252316474914553,0.0003157734870910642
3770,247.07210326194763,0.10121365521274402,0.0034059710502624485,0.0038896565437316877,0.000333252429962158
3780,247.7403666973114,0.10051549299628622,0.003468089103698728,0.0033499927520751955,0.00032824659347534165
3790,248.360027551651,0.1019757875920692,0.0034572968482971186,0.004014157295227054,0.00032010841369628913
3800,248.97540283203125,0.10636124195256899,0.00337653064727783,0.003564922332763676,0.0003107538223266604
3810,249.5953814983368,0.14356062129508182,0.0034149279594421398,0.003289821624755862,0.0003085837364196776
3820,250.13217306137085,0.11296537938512138,0.003393049716949463,0.003112488269805906,0.00027328491210937506
3830,250.700040102005,0.11953627823296889,0.0034214506149291986,0.0034909610748291033,0.00027046108245849603
3840,251.2248454093933,0.14726974882449556,0.0037347435951232896,0.0035268130302429195,0.00026099634170532234
3850,251.73980402946472,0.13785638132887124,0.003427506446838379,0.003962558746337893,0.00025268745422363264
3860,252.24279618263245,0.10985843745532575,0.003359724521636963,0.003184313297271729,0.0002446451187133787
3870,252.7432460784912,0.11958004340915607,0.0033953294754028316,0.0035474414825439476,0.0002429842948913575
3880,253.24246668815613,0.13237461048006233,0.0034354543685913078,0.003249135494232179,0.0002475471496582028
3890,253.76166820526123,0.1094903939794695,0.003419315338134766,0.003106612682342528,0.00024807405471801764
3900,254.25821208953857,0.1054648957412286,0.003438794136047363,0.0035819482803344732,0.00024550819396972637
3910,254.74357342720032,0.1242778137471707,0.0037025489807128893,0.0037421679496765147,0.0002442388534545899
3920,255.30346155166626,0.12816576979211086,0.003377221584320067,0.0036890406608581566,0.0002756161689758297
3930,255.791437625885,0.10528438324710161,0.0034170074462890622,0.0036689333915710456,0.00024056720733642577
3940,256.2665581703186,0.12694856228954693,0.0033949394226074217,0.0038666143417358406,0.00023330926895141616
3950,256.7481060028076,0.11960553879306275,0.003400400638580322,0.0035848560333251976,0.00023590278625488273
3960,257.21155405044556,0.11427470296810427,0.0034295635223388675,0.00347334909439087,0.00022776317596435547
3970,257.6985547542572,0.12164354069501118,0.0034048385620117196,0.0032236871719360364,0.0002313156127929686
3980,258.1790544986725,0.12607275093304632,0.0038111457824707025,0.0032240962982177717,0.0002263031005859375
3990,258.6628806591034,0.09539380334249907,0.003463086605072021,0.003392523288726807,0.000227463722229004
4000,259.11141061782837,0.13119500000677473,0.0033937220573425305,0.0037743382453918435,0.00021994590759277332
4010,259.56494188308716,0.11926209271163153,0.003417441844940183,0.0037592477798461922,0.00022622632980346668
4020,260.02532863616943,0.10810412014636342,0.0033787593841552712,0.003637996196746826,0.0002279992103576659
4030,260.4941236972809,0.13600771396378725,0.0033800249099731464,0.003511395931243895,0.00023123455047607448
4040,260.9886329174042,0.1056101310584304,0.0034114422798156704,0.003809504985809327,0.00024580860137939455
4050,261.4539592266083,0.1194373096566222,0.003362480163574219,0.003261984348297118,0.00024335289001464842
4060,261.9440155029297,0.14044706617591687,0.0034497032165527325,0.0038578171730041513,0.0002473230361938475
4070,262.4431004524231,0.13010530050709468,0.003416471481323241,0.003682871818542481,0.0002511186599731445
4080,262.96119952201843,0.10927963054697314,0.003364970684051514,0.0033811831474304223,0.00026261234283447247
4090,263.52022981643677,0.13616209948002983,0.003397777557373048,0.003550187110900881,0.00028735494613647464
4100,264.09154772758484,0.10871007357513218,0.0033809781074523914,0.0033459014892578153,0.0002981519699096679
4110,264.6860818862915,0.11361626332083932,0.003446465969085693,0.003402520656585694,0.00030250501632690435
4120,265.2834234237671,0.11575598964873676,0.0033887190818786632,0.004054282188415527,0.00031578874588012677
4130,265.9390561580658,0.14481785690625554,0.0037187862396240194,0.003446655273437499,0.00033317852020263666
4140,266.62994623184204,0.11429072326044007,0.003397095203399659,0.003185851097106935,0.0003649859428405761
4150,267.3754963874817,0.10559968142842076,0.003325401306152346,0.003608554363250735,0.0003976922035217283
4160,268.2517912387848,0.1100542129892433,0.0034036378860473615,0.0039629230499267564,0.00047874307632446276
4170,269.31462574005127,0.1328934607117424,0.003428915023803708,0.003943516731262206,0.0005741806030273442
4180,270.50817012786865,0.1263057439867353,0.003431555747985838,0.0034221119880676254,0.0006650142669677735
4190,271.85847783088684,0.0979567836181707,0.0034325275421142553,0.003253345012664793,0.000789015293121338
4200,273.88560342788696,0.1253340568314358,0.0034514293670654277,0.0031652784347534165,0.001164158821105957
4210,275.3261694908142,0.14273022643176547,0.003408587932586672,0.0036363105773925784,0.0008900113105773917
4220,276.71637654304504,0.113545277771163,0.0034367055892944322,0.003505807399749756,0.0008207468986511235
4230,278.0119409561157,0.11792546421063492,0.003394383430480954,0.0034702701568603495,0.0007870378494262691
4240,279.3612711429596,0.10506165955665114,0.0034123258590698243,0.003822072029113772,0.0008374342918396003
4250,280.6947922706604,0.13671693175723507,0.003322168350219725,0.003472472190856934,0.0007659516334533696
4260,282.07393646240234,0.12270650353027826,0.0037194185256957993,0.003293689727783204,0.0007389922142028806
4270,283.3768119812012,0.09779757638077803,0.003433590888977054,0.003750663280487062,0.0007286052703857428
4280,284.7248740196228,0.1305035037730072,0.003417715072631832,0.0033889031410217277,0.0008030533790588377
4290,286.1010491847992,0.11385275364080463,0.003399255275726316,0.0030523748397827143,0.0007582731246948239
4300,287.5841567516327,0.11723927251313249,0.0034757609367370565,0.0036746044158935546,0.000734146595001221
4310,288.9442641735077,0.12348750148372252,0.003395516872406003,0.003759832859039306,0.0007837052345275874
4320,290.3817489147186,0.10970028811580008,0.003422004699707027,0.0035886220932006873,0.0007490611076354983
4330,291.73937344551086,0.10585615389317866,0.0033626766204833966,0.0035985245704650893,0.0006973385810852058
4340,293.0946958065033,0.1277110388102348,0.0037342104911804183,0.0032003784179687475,0.0006920151710510252
4350,294.0386965274811,0.12408166691113051,0.0033691816329956053,0.00355093240737915,0.00042190599441528295
4360,295.0404794216156,0.11100675228239035,0.003408660888671873,0.0034678649902343756,0.0004375553131103516
4370,295.9413650035858,0.13305099878255855,0.0033785128593444833,0.0040448617935180675,0.00040113782882690373
4380,296.86579036712646,0.09397847153684984,0.0034218316078186047,0.0030206084251403814,0.0004142055511474601
4390,297.79035663604736,0.13146583908515558,0.0034175729751586862,0.003930897235870362,0.00040991973876953157
4400,298.68879675865173,0.10176898348549165,0.0034114065170288074,0.00352587366104126,0.0004064340591430664
4410,299.69874477386475,0.1066746750742698,0.0034397931098938002,0.003465919017791753,0.0004543890953063967
4420,300.8439998626709,0.1332752515658091,0.0033707427978515643,0.0036230988502502447,0.0005379605293273928
4430,301.9872546195984,0.13975630338798553,0.0034470643997192374,0.0035396566390991265,0.0005266981124877933
4440,303.14249777793884,0.1187417194424865,0.0034546184539794877,0.0037652673721313493,0.0005238175392150879
4450,304.28572964668274,0.11445791993366447,0.0034415545463562,0.003014446258544921,0.0005218296051025395
4460,305.44518780708313,0.1264031487925465,0.0034266562461853,0.003383423805236814,0.000526566982269287
4470,306.4966473579407,0.10968704341424063,0.0033982930183410606,0.0033530597686767553,0.0004845857620239255
4480,307.60195660591125,0.13140252398543234,0.0034323005676269516,0.0035243811607360864,0.0005138931274414068
4490,308.7363004684448,0.11879150895233315,0.0037588968276977518,0.0037631673812866208,0.0005165858268737792
4500,309.82843828201294,0.1365733654226971,0.003327288150787354,0.003675111293792726,0.0005028138160705564
4510,310.9674816131592,0.13067958438126287,0.0034234762191772466,0.003371429920196535,0.0005134315490722655
4520,312.09607672691345,0.10383546495899218,0.0034144220352172864,0.003467921257019041,0.0005039396286010745
4530,313.2133469581604,0.0995814243589569,0.0034809622764587394,0.0034853148460388195,0.000507156848907471
4540,314.26465034484863,0.10293537142793822,0.003357369899749755,0.004186789512634278,0.0004902601242065431
4550,315.4537601470947,0.12870201015877997,0.003363786697387692,0.003596108436584472,0.0005589132308959956
4560,316.5162036418915,0.12390304963789092,0.003392210483551026,0.0037677321434021007,0.0004896693229675289
4570,317.5448069572449,0.1268400710555771,0.0034320120811462415,0.0032605309486389176,0.00048013591766357503
4580,318.59348368644714,0.1306746675719884,0.0034020962715148894,0.0032563805580139173,0.00047575807571411207
4590,319.631343126297,0.10606583109961747,0.0033943490982055674,0.0034843282699584957,0.0004680871963500975
4600,320.6625118255615,0.1373411593415122,0.0033929829597473143,0.0037551627159118648,0.0004786529541015624
4610,321.74314856529236,0.10928848733899332,0.003390574932098387,0.0034108853340148937,0.0005007767677307126
4620,322.76194190979004,0.11375353837869162,0.003430289745330808,0.003606287002563479,0.00047537088394165037
4630,323.7667148113251,0.11889080104939456,0.0033944735527038582,0.0033125057220458947,0.00046515607833862334
4640,324.76063895225525,0.14006083020467477,0.0033889694213867184,0.003770434856414792,0.0004636535644531248
4650,325.77911853790283,0.1262556392038508,0.0037746915817260737,0.003687294006347658,0.00046321153640747095
4660,326.80599641799927,0.10605151794049028,0.003396540641784668,0.0035477442741394054,0.00046346521377563476
4670,327.8411099910736,0.10285401356555406,0.0034268598556518558,0.003385867595672612,0.0004642620086669923
4680,328.7997395992279,0.11229066250805204,0.003409943580627438,0.0039018383026123054,0.0004481220245361328
4690,329.78127336502075,0.13252911899596845,0.0033946781158447235,0.003301739692687986,0.00044743824005126964
4700,330.7017469406128,0.12259537208699045,0.003419796466827393,0.0034370517730712854,0.00041747760772705084
4710,331.6460404396057,0.12497485285505563,0.003345849514007566,0.0038813033103942884,0.00044682121276855486
4720,332.6348931789398,0.11413173062114126,0.003433365821838375,0.003710330009460452,0.0004639019966125489
4730,333.6088240146637,0.12816431764050354,0.0034293785095214787,0.0033670058250427222,0.00045200729370117225
4740,334.6169784069061,0.10948725320979258,0.0033827142715454122,0.0033049921989440935,0.0004591360092163086
4750,335.66599702835083,0.10971608558408585,0.0033945698738098136,0.00358621454238892,0.00047392606735229497
4760,336.6821219921112,0.14757023518812162,0.003382268428802492,0.00376862907409668,0.0004648685455322271
4770,337.6812889575958,0.11450019593479537,0.0033895487785339357,0.004065559864044192,0.0004706754684448244
4780,338.6909501552582,0.11391791509835728,0.003381901741027831,0.003173366069793701,0.0004705395698547367
4790,339.7074418067932,0.11791781963283973,0.0034189319610595714,0.0033809576034545936,0.0004652047157287597
4800,340.7269525527954,0.10349016155521544,0.0038666396141052175,0.0034668006896972645,0.0004662938117980955
4810,341.71466159820557,0.10025359856542329,0.003391762256622312,0.003385148525238036,0.000461151123046875
4820,342.67712450027466,0.10011975482120081,0.0034687089920043936,0.0033531532287597657,0.00044779777526855497
4830,343.6224009990692,0.11965592800338187,0.0033973822593688944,0.0035856499671936036,0.00044100046157836926
4840,344.59590244293213,0.09907822268298086,0.003469627380371091,0.003665840148925783,0.00044254493713378915
4850,345.52672362327576,0.10173834935811117,0.003371944904327388,0.003692051887512202,0.0004346847534179691
4860,346.50848960876465,0.11141940538811872,0.003399822235107421,0.004007438659667969,0.00045585298538208043
4870,347.50358271598816,0.12102477609007137,0.003373891353607176,0.004153908252716063,0.0004693336486816408
4880,348.47842502593994,0.14767338113942,0.0037028961181640625,0.0035595502853393557,0.0004644618034362795
4890,349.4402537345886,0.14135211438088285,0.0033634729385375968,0.0032187123298644997,0.00045037031173706077
4900,350.42328906059265,0.11639548526027425,0.003432767868041988,0.003281197547912599,0.0004594936370849609
4910,351.3992624282837,0.13839746816397347,0.003432183265686034,0.003344010829925535,0.0004515862464904783
4920,352.38647961616516,0.12913822588665103,0.003427105903625489,0.003327099800109866,0.00045461082458496074
4930,353.3815336227417,0.12590377830053026,0.003472704410552975,0.003708544731140137,0.0004566769599914553
4940,354.30763030052185,0.12241197236916727,0.003416748046875,0.0035335855484008817,0.00043647003173828155
4950,355.22435784339905,0.12678539247270829,0.0033799123764038054,0.00336340093612671,0.0004289355278015136
4960,356.18732810020447,0.1065817778083972,0.0034127378463745077,0.003559035301208497,0.0004380068778991696
4970,357.1080813407898,0.12956479165126006,0.0034424061775207475,0.0035538949966430686,0.00042232275009155255
4980,358.0627558231354,0.11117969373466145,0.003388638973236085,0.0037884263992309596,0.00044123744964599647
4990,358.96574234962463,0.1102777895962038,0.0033694338798522967,0.004086101055145266,0.0004312577247619633
5000,359.8810706138611,0.1257335148472763,0.0033501477241516123,0.0034858188629150336,0.0004302396774291986
5010,360.8508110046387,0.11565071231183077,0.003418796539306638,0.0031612195968627917,0.00044457769393920876
5020,361.77716517448425,0.13426032400472337,0.003399483680725095,0.003299259185791016,0.00043661594390869167
5030,362.7001736164093,0.11057695914388295,0.0033834242820739734,0.0036589350700378435,0.0004432201385498047
5040,363.64391350746155,0.11759694464448292,0.0037769155502319304,0.0032589397430419927,0.0004389190673828123
5050,364.5736470222473,0.11433333478991133,0.003405946731567382,0.00402486324310303,0.00043682813644409176
5060,365.5332922935486,0.1094710732785034,0.003405821323394776,0.0036760854721069325,0.00045955514907836895
5070,366.50094509124756,0.11850246635435857,0.003383563518524173,0.00327657794952393,0.0004548959732055666
5080,367.46791315078735,0.10773741611494565,0.0034495005607604995,0.0037118029594421405,0.00044649362564086877
5090,368.39980936050415,0.13729372000567508,0.003408887386322019,0.003432230949401856,0.0004385008811950684
5100,369.3049976825714,0.11026299141826959,0.0033708224296569813,0.003893296241760253,0.00043158531188964845
5110,370.26791167259216,0.1355782382749457,0.0034054341316223126,0.0035022411346435555,0.00045520448684692303
5120,371.1866979598999,0.11429669807269853,0.0034252533912658687,0.003370232105255127,0.0004296131134033207
5130,372.1183316707611,0.11007497533848867,0.003753379821777337,0.003250426769256592,0.0004441590309143064
5140,373.0550854206085,0.10662214843381053,0.0033984336853027292,0.0034947185516357414,0.0004363780021667484
5150,373.9704957008362,0.11888280168146095,0.003405794620513916,0.003373050212860106,0.00042992925643920907
5160,374.92736768722534,0.1384470521104313,0.0034349813461303697,0.0035446767807006847,0.0004365978240966797
5170,376.06134033203125,0.10960452383386658,0.0038034367561340272,0.003384192466735836,0.0005346565246582039
5180,377.0104365348816,0.1202165530001987,0.00336597204208374,0.0034576396942138667,0.0004526638984680173
5190,377.9413685798645,0.10894360010819995,0.0034303431510925306,0.003649268627166747,0.00043650674819946313
5200,378.84844303131104,0.1547505541264429,0.003344384670257567,0.003668163299560546,0.0004296736717224123
5210,379.7585425376892,0.09842695152391404,0.0034132599830627433,0.002914324760437012,0.00042900705337524397
5220,380.6774351596832,0.11411959852219848,0.003424044609069822,0.003469646453857423,0.0004328169822692871
5230,381.67434906959534,0.12756061777328492,0.003434136390686032,0.0034791221618652333,0.0004680838584899906
5240,382.6029770374298,0.12516627008973194,0.003429833412170409,0.0036127805709838894,0.0004347753524780275
5250,383.4983375072479,0.13379995494275315,0.003377653121948242,0.0036951117515563953,0.0004188890457153315
5260,384.44866251945496,0.10140690449848536,0.0033870921134948723,0.0035386762619018545,0.0004422202110290526
5270,385.3838527202606,0.12852627328830274,0.0033704462051391596,0.004032051563262946,0.00043365335464477567
5280,386.28453183174133,0.113855083610737,0.0034275741577148465,0.0037252945899963383,0.00042740535736084004
5290,387.2659766674042,0.11326390489009612,0.0034348502159118667,0.0031295871734619146,0.00045070886611938473
5300,388.21227264404297,0.1301540058641407,0.0034528460502624495,0.0034154787063598634,0.00043868017196655275
5310,389.15297985076904,0.11012282428194627,0.003397835254669186,0.003472369670867921,0.00043380355834960984
5320,390.07541513442993,0.11529050789470838,0.0033873291015625003,0.003411805629730224,0.00043380355834960946
5330,391.02158212661743,0.13678414240753356,0.0033785109519958514,0.0034454808235168458,0.0004358053207397463
5340,391.995313167572,0.099525458462026,0.0034275093078613276,0.0033996167182922415,0.00045395135879516607
5350,392.91491532325745,0.1240418422140471,0.0034079270362853973,0.003315244197845458,0.0004470410346984867
5360,393.827339887619,0.11908411724346804,0.0033956055641174315,0.0036227021217346183,0.0004349589347839351
5370,394.74073362350464,0.11579525312671986,0.003402121067047118,0.004089515686035159,0.0004310059547424312
5380,395.6435475349426,0.11850892346595003,0.003354792594909663,0.0033932676315307614,0.0004337162971496585
5390,396.6006062030792,0.11413141312352211,0.0038070211410522435,0.0036660590171813954,0.0004545731544494627
5400,397.6597526073456,0.13712826379849916,0.003382013797760007,0.0040440096855163575,0.0005026350021362306
5410,398.56441926956177,0.08925970107522656,0.0033681082725524926,0.003625350952148445,0.0004253172874450683
5420,399.48626732826233,0.12354528726055165,0.0034508371353149368,0.003519787311553957,0.00043503332138061497
5430,400.4173963069916,0.11794028538101682,0.0033824172019958484,0.0034710869789123535,0.00043516540527343704
5440,401.32953429222107,0.1185589183081401,0.003458512306213376,0.0034368748664855954,0.0004284992218017575
5450,402.2271101474762,0.12947570485555276,0.0034197449684143085,0.003733946800231936,0.00042509746551513684
5460,403.1395688056946,0.11531109295249764,0.003406594276428221,0.0036814308166503917,0.00043050765991210934
5470,404.0290548801422,0.10656098753192722,0.0037162809371948198,0.003458810806274415,0.0004285311698913577
5480,404.9479184150696,0.12852915507507717,0.0033793168067932132,0.003588179111480713,0.00043746995925903327
5490,405.868106842041,0.10447683287926446,0.0034065546989440927,0.0037529387474060046,0.0004390273094177246
5500,406.8276982307434,0.12287772381204112,0.0033484954833984384,0.003603514194488527,0.00044591808319091787
5510,407.73812437057495,0.1391290740650057,0.003446652412414554,0.0035373244285583525,0.000426342487335205
5520,408.71242475509644,0.12540393050212936,0.0034525995254516594,0.0031434669494628913,0.00045136737823486307
5530,409.6199309825897,0.11826267694066668,0.0033620996475219713,0.003675905704498292,0.0004273419380187987
5540,410.5107412338257,0.11813588916775641,0.0034711141586303675,0.0036299734115600576,0.0004144015312194819
5550,411.40083622932434,0.10226218870198926,0.003477544307708742,0.0033808860778808602,0.00041377401351928725
5560,412.27824664115906,0.11465168687023994,0.003436454772949216,0.0036852531433105478,0.00041690731048583984
5570,413.13601207733154,0.13547168378248636,0.0033859119415283203,0.0032770304679870625,0.0004052567481994629
5580,413.9446029663086,0.140753484696366,0.0033480415344238268,0.0034744915962219244,0.0003871345520019533
5590,414.7329738140106,0.09130439594720703,0.0033643212318420408,0.0033945350646972655,0.0003719587326049806
5600,415.5046889781952,0.11032265226753032,0.0034219937324523934,0.003579763412475587,0.0003601174354553222
5610,416.2397825717926,0.14770424354879721,0.003394617557525635,0.003875361919403074,0.00034982347488403317
5620,416.9810380935669,0.12790280824054795,0.0033963065147399893,0.003481629848480225,0.000344484806060791
5630,417.74565291404724,0.10460012788173714,0.0038113861083984347,0.0036951856613159214,0.0003463964462280273
5640,418.47860860824585,0.12366937454516883,0.0033476328849792445,0.0033694777488708486,0.00034462070465087884
5650,419.1971731185913,0.10211943574738044,0.003427484035491938,0.0034491415023803714,0.00034024143218994136
5660,419.9221246242523,0.11962236944005522,0.0033623905181884737,0.0037332415580749513,0.0003329210281372072
5670,420.6225619316101,0.1130216758514527,0.0034205675125122048,0.0033160629272460953,0.0003290681838989257
5680,421.3307728767395,0.11059267260290824,0.0033865170478820797,0.003965047359466551,0.0003307490348815917
5690,422.03690481185913,0.1387887254077048,0.003323032379150389,0.0036878490447998084,0.00033001470565795915
5700,422.73342657089233,0.15212286213422144,0.0033838977813720715,0.0036764221191406266,0.00032825469970703124
5710,423.43972539901733,0.085127308468187,0.0034524807929992665,0.0036420621871948227,0.0003296070098876953
5720,424.15853810310364,0.12943602832863518,0.0033884582519531263,0.0035149822235107436,0.00027888202667236336
5730,424.60749554634094,0.10395777127841191,0.0034296798706054655,0.0035405535697937028,0.00024651098251342736
5740,425.0766086578369,0.1370512512729148,0.0034790458679199235,0.003185009479522704,0.0002450432777404787
5750,425.5597996711731,0.11891735694817591,0.0033596196174621603,0.0030330448150634784,0.0002562208175659178
5760,426.0581829547882,0.11970909370742064,0.003820475101470945,0.0036604919433593773,0.00026358270645141603
5770,426.59378027915955,0.12643090730674705,0.003434629440307617,0.0037133884429931653,0.000286712646484375
5780,427.12577867507935,0.13211122943326334,0.0033615980148315448,0.003338847637176513,0.00029247379302978525
5790,427.6820023059845,0.10063826848165783,0.003432371139526367,0.0033251209259033214,0.0002968983650207521
5800,428.23870611190796,0.10861435068369288,0.0034811081886291515,0.003225424289703368,0.00030006694793701175
5810,428.79846715927124,0.12695063608844087,0.0033783149719238278,0.003553045749664305,0.00031339883804321284
5820,429.36126041412354,0.11755816206928513,0.003357113361358645,0.003000077247619629,0.000314207077026367
5830,429.9643142223358,0.11890801883168603,0.0034308261871337877,0.003622807502746584,0.00033186721801757807
5840,430.55396342277527,0.11869867653770627,0.0033965840339660624,0.0033021988868713373,0.00032452440261840793
5850,431.16383624076843,0.12886578401057697,0.0037523555755615188,0.003998254299163822,0.00033957815170288045
5860,431.8147163391113,0.12372259759170243,0.0033684248924255355,0.0037612094879150375,0.00036289215087890634
5870,432.40781450271606,0.13349475011790526,0.0034056868553161623,0.003967831611633298,0.00033810615539550746
5880,433.04582619667053,0.09950236366025741,0.003413837432861326,0.0037389097213745117,0.0003512773513793946
5890,433.7042579650879,0.14353136177696998,0.0033831562995910633,0.0034535923004150398,0.00036465263366699255
5900,434.3868029117584,0.12308647658138275,0.003400691986083984,0.0038645429611206096,0.0003926072120666504
5910,435.21306109428406,0.11296135895097026,0.003407654762268067,0.003430497169494629,0.0004801654815673826
5920,435.93918561935425,0.10898271407994473,0.0034125251770019543,0.0033648767471313483,0.0004049038887023928
5930,436.75062108039856,0.12239037829585109,0.0034513053894042987,0.0033559131622314456,0.0004570288658142088
5940,437.54177808761597,0.11753942456077933,0.0033822088241577163,0.0034707956314086936,0.0004548549652099611
5950,438.32747435569763,0.1063581584853999,0.003372045993804927,0.0037667365074157736,0.0004491829872131351
5960,439.13438272476196,0.11923788951463528,0.003359360694885255,0.003783412456512452,0.00046814203262329106
5970,439.9671549797058,0.12364216710232541,0.0037796216011047336,0.0032523937225341754,0.0004769673347473147
5980,440.82318449020386,0.12630254764418153,0.0033619184494018536,0.0035546712875366205,0.000488788604736328
5990,441.8425962924957,0.10826960745941934,0.003459153175354004,0.0037805037498474187,0.0005693697929382321
6000,442.65769243240356,0.11203645748656806,0.0034457354545593304,0.003472464561462405,0.00046186161041259725