#=== darpa_pretrained_full_w10_50b50a ===
#
#Metrics:
#  Accuracy: 0.9849 | Macro Precision: 0.9426 | Macro Recall: 0.9401 | Macro F1: 0.9391
#  False Alarms: 2 | False Alarm Rate: 0.0001
#  Missed Attacks: 569 | Detection Rate: 0.9742
#
#Per-Class Metrics:
#  [phase1] P=0.8333 | R=0.8333 | F1=0.8333 | 
#  [phase2] P=0.8571 | R=1.0000 | F1=0.9231 | 
#  [phase3] P=1.0000 | R=1.0000 | F1=1.0000 | 
#  [phase4] P=1.0000 | R=0.8333 | F1=0.9091 | 
#  [phase5] P=1.0000 | R=0.9743 | F1=0.9870 | 
#
#Confusion Matrix:
#         	      	      	      	Actual	      	      	      
#         	      	benign	phase1	phase2	phase3	phase4	phase5
#         	benign	 15673	     1	     0	     0	     1	   567
#         	phase1	     1	     5	     0	     0	     0	     0
#Predicted	phase2	     1	     0	     6	     0	     0	     0
#         	phase3	     0	     0	     0	    10	     0	     0
#         	phase4	     0	     0	     0	     0	     5	     0
#         	phase5	     0	     0	     0	     0	     0	 21475
i,time,loss,ground_time,compile_time,eval_time
10,1.2983577251434326,0.08147840595562852,0.0029666781425476117,0.0004250478744506839,0.00039541578292846705
20,1.9304468631744385,0.09391946511303415,0.00329614973068238,0.00045889997482299855,0.00031213092803955057
30,2.5913119316101074,0.09156778175081008,0.0032843613624572803,0.0004654088020324714,0.00033869075775146455
40,3.281555414199829,0.08974780752460401,0.003317618846893316,0.00047047185897827195,0.00037270784378051747
50,4.033877372741699,0.08546732281882767,0.0033046288490295463,0.00047366523742675866,0.00042414426803588895
60,4.847679376602173,0.08944925218386554,0.0032582292556762745,0.00046397686004638746,0.00044913721084594737