#=== darpa_pretrained_down_w100 ===
#
#Metrics:
#  Accuracy: 0.9990 | Macro Precision: 0.9996 | Macro Recall: 0.7881 | Macro F1: 0.8624
#  False Alarms: 0 | False Alarm Rate: 0.0000
#  Missed Attacks: 51 | Detection Rate: 0.9983
#
#Per-Class Metrics:
#  [phase1] P=1.0000 | R=1.0000 | F1=1.0000 | 
#  [phase2] P=1.0000 | R=0.4444 | F1=0.6154 | 
#  [phase3] P=1.0000 | R=0.5714 | F1=0.7273 | 
#  [phase4] P=1.0000 | R=0.7143 | F1=0.8333 | 
#  [phase5] P=1.0000 | R=0.9987 | F1=0.9994 | 
#
#Confusion Matrix:
#         	      	      	      	Actual	      	      	      
#         	      	benign	phase1	phase2	phase3	phase4	phase5
#         	benign	 20864	     0	     5	     6	     2	    38
#         	phase1	     0	     8	     0	     0	     0	     0
#Predicted	phase2	     0	     0	     4	     0	     0	     0
#         	phase3	     0	     0	     0	     8	     0	     0
#         	phase4	     0	     0	     0	     0	     5	     0
#         	phase5	     0	     0	     0	     0	     0	 29351
i,time,loss,ground_time,compile_time,eval_time
100,24.538756370544434,0.03437340646740723,0.001419680690765344,0.009266124773025275,0.00038201255798339786
200,47.33988857269287,0.0019916370044025023,0.001382134151458692,0.009360798788070451,0.00036077685356140205
300,67.58898186683655,0.04566355282251819,0.0012895286083220855,0.009340961647033498,0.00027434544563293377
400,86.72743701934814,0.018455506183927453,0.0012850987434386606,0.009350832176208256,0.0003347699642181402
500,108.04210615158081,0.03322560820328336,0.0013492290973662808,0.009400194215774293,0.0003006392002105714
600,128.63561129570007,0.011724883531902298,0.0013201712608336832,0.009384500837325812,0.00027671337127685555
700,151.82675552368164,0.018249492479297955,0.0013461277961730478,0.009386921358108279,0.0003618731498718255
800,175.54822325706482,0.0017965831050805892,0.001498908758163415,0.00945149149894688,0.0003526607036590572