#=== darpa_scratch_reduced_w100_10b10a ===
#
#Metrics:
#  Accuracy: 0.4149 | Macro Precision: 0.0691 | Macro Recall: 0.1667 | Macro F1: 0.0977
#  False Alarms: 0 | False Alarm Rate: 0.0000
#  Missed Attacks: 29427 | Detection Rate: 0.0000
#
#Per-Class Metrics:
#  [phase1] P=0.0000 | R=0.0000 | F1=0.0000 | 
#  [phase2] P=0.0000 | R=0.0000 | F1=0.0000 | 
#  [phase3] P=0.0000 | R=0.0000 | F1=0.0000 | 
#  [phase4] P=0.0000 | R=0.0000 | F1=0.0000 | 
#  [phase5] P=0.0000 | R=0.0000 | F1=0.0000 | 
#
#Confusion Matrix:
#         	      	      	      	Actual	      	      	      
#         	      	benign	phase1	phase2	phase3	phase4	phase5
#         	benign	 20864	     8	     9	    14	     7	 29389
#         	phase1	     0	     0	     0	     0	     0	     0
#Predicted	phase2	     0	     0	     0	     0	     0	     0
#         	phase3	     0	     0	     0	     0	     0	     0
#         	phase4	     0	     0	     0	     0	     0	     0
#         	phase5	     0	     0	     0	     0	     0	     0
i,time,loss,ground_time,compile_time,eval_time
10,1.2999663352966309,0.6536635346128605,0.008080236911773672,0.006270226001739503,0.0003524398803710938
20,2.3927433490753174,0.7203736775903963,0.01089403295516966,0.007052198410034188,0.0003702201843261717
30,3.4374821186065674,0.7205279291723855,0.009164114952087386,0.006660132884979251,0.0003574233055114744
40,4.475991249084473,0.7530183358117938,0.009982811927795394,0.0066564111709594784,0.00036041116714477533
50,5.45151686668396,0.7689713365398347,0.008528521537780746,0.00626956081390381,0.0003464894294738768
60,6.530868768692017,0.6890738976886496,0.008788961410522449,0.006550869464874269,0.00037599992752075184