#=== ait_logic_pretrained_aug_w10_full ===
#
#Metrics:
#  Accuracy: 0.9998 | Macro Precision: 0.9398 | Macro Recall: 0.8558 | Macro F1: 0.8798
#  False Alarms: 7 | False Alarm Rate: 0.0000
#  Missed Attacks: 28 | Detection Rate: 0.9990
#
#Per-Class Metrics:
#  [phase1] P=0.9993 | R=0.9993 | F1=0.9993 | 
#  [phase2] P=1.0000 | R=0.9997 | F1=0.9999 | 
#  [phase3] P=1.0000 | R=1.0000 | F1=1.0000 | 
#  [phase4] P=0.7000 | R=0.2800 | F1=0.4000 | 
#
#Confusion Matrix:
#         	      	      	      	Actual	      	      
#         	      	benign	phase1	phase2	phase3	phase4
#         	benign	159999	     4	     6	     0	    18
#Predicted	phase1	     4	  5867	     0	     0	     0
#         	phase2	     0	     0	 22571	     0	     0
#         	phase3	     0	     0	     0	    11	     0
#         	phase4	     3	     0	     0	     0	     7
i,time,loss,ground_time,compile_time,eval_time
100,9.537468433380127,0.014337959007543272,0.004049806818366051,0.001365036703646183,0.0003439641371369362
200,21.08619236946106,0.013706587237993948,0.004151753783226013,0.001393132470548153,0.00043949779123067853
300,32.83663368225098,0.015671569341573263,0.0041184651106595995,0.0013896600157022477,0.00045919645577669144
400,41.13622808456421,0.013638115646374429,0.004076174795627594,0.0013165175169706344,0.00033774945884943006
500,50.87667512893677,0.014199806173440674,0.004116627015173435,0.001354690045118332,0.0003912491351366043
600,61.15743541717529,0.015193373628204967,0.00413697611540556,0.001394919604063034,0.00041775744408369066
700,72.81025576591492,0.014648189921182102,0.004184524677693844,0.00143186517059803,0.00047756940126419067
800,86.01288318634033,0.015084946317240286,0.004463583268225193,0.001444411799311638,0.00045050974935293195
900,95.5524263381958,0.014238394633974775,0.0041151542216539385,0.0014407580718398094,0.00040782026946544647
1000,104.43273425102234,0.01468619760592552,0.004141145348548889,0.001448606662452221,0.00038568951189517977
1100,115.08631443977356,0.015022577075600244,0.0040879552066326146,0.0014181952923536302,0.0004729901254177094
1200,125.66556549072266,0.01416085544289482,0.0041285262629389766,0.0013727287948131562,0.00046525411307811736
1300,134.70960664749146,0.015256413223727412,0.004443822614848614,0.0014242762327194214,0.00039520081132650377
1400,143.55103707313538,0.014955561685839034,0.00414936650544405,0.0013643109425902366,0.0003967511281371117
1500,157.0395746231079,0.013870280072530558,0.004171243421733379,0.001313319467008114,0.0005411969870328903
1600,165.70354557037354,0.014183265540311872,0.004109241180121899,0.0014998983219265938,0.0003915179148316383
1700,175.22556328773499,0.014806204339507084,0.00410641998052597,0.0013674411550164223,0.0004278552532196045
1800,183.1184663772583,0.01502796966051529,0.00415876179933548,0.0014422819390892982,0.0003634067252278328
1900,192.32816004753113,0.015156527779376601,0.004128136597573757,0.0013759350776672364,0.00042060662060976027
2000,201.57135367393494,0.014907191055627343,0.00412944070994854,0.0014089876413345337,0.00042374659329652786
2100,212.21896696090698,0.013948651114380125,0.004474128633737564,0.0014440778270363808,0.00048459798097610473
2200,222.4424023628235,0.014899079062333611,0.00416589505970478,0.0014591801539063454,0.00046760741621255876
2300,231.29986453056335,0.014951296828281177,0.004105911254882812,0.0014279425889253616,0.00041289232671260835
2400,241.9887330532074,0.0152605459527439,0.004142229743301869,0.0014814691245555879,0.0004871556907892227
2500,250.08069825172424,0.014668805336513817,0.004117305278778076,0.0014178839325904846,0.0003692175075411797
2600,257.1209247112274,0.014111735025714634,0.004110146053135395,0.0013682032749056817,0.00032534178346395494
2700,267.1788673400879,0.01399775848446845,0.004114097021520138,0.0015062297135591508,0.0004574461653828621
2800,273.7823007106781,0.01617193338382792,0.004125055782496929,0.0014554470777511596,0.00031044088304042815
2900,280.4716863632202,0.014203719357041953,0.004135461375117302,0.0014008155837655068,0.0003156861662864685
3000,288.3689842224121,0.015119366515638449,0.004138815253973007,0.001413917802274227,0.00034600917249917986
3100,297.4410831928253,0.01437837143980366,0.004152166172862053,0.001410677321255207,0.00042441949248313906
3200,308.7310378551483,0.014353144221812856,0.004139219895005226,0.0014149810746312142,0.0005168801173567772
3300,321.04127740859985,0.014956425116195698,0.004139126911759376,0.00137846440076828,0.0005647281929850579
3400,333.2944166660309,0.014221156801400745,0.004154881574213505,0.0013719117641448975,0.0005681370198726654
3500,343.24682450294495,0.014697257862668473,0.004123529009521007,0.0012756744027137756,0.0004705173149704933
3600,352.9932277202606,0.01497314244079017,0.004419813379645348,0.0014046179130673409,0.00044850777834653854
3700,363.3382806777954,0.013893193675856343,0.004143796004354954,0.0014228679239749909,0.00048193953931331636
3800,375.26707315444946,0.014463652463935632,0.004167511686682701,0.0014345020055770874,0.0005694864317774773
3900,386.99327635765076,0.014351267885492888,0.004130060076713562,0.001324642188847065,0.0005527365952730179
4000,395.32159900665283,0.014284556918767288,0.004106908403337002,0.0014567115530371667,0.00040030911564826967
4100,402.7889459133148,0.014535369828964861,0.004111641980707645,0.0014265781641006469,0.0003542981669306755
4200,411.4595263004303,0.014114883982555821,0.004141522571444511,0.0013860643282532692,0.00041063051670789716
4300,421.80973768234253,0.013794709958874997,0.004120628945529461,0.0014282378554344177,0.0004903368651866912
4400,435.3501913547516,0.013782685308085067,0.004145626127719879,0.0014178281277418138,0.000642751082777977
4500,444.65516448020935,0.01359039474994162,0.004138813413521078,0.0013761439800579495,0.0004558912815248713
4600,461.1082193851471,0.013971426934705813,0.00413857102394104,0.001407441422343254,0.0008254211768507957
4700,476.6207478046417,0.014345645090501857,0.004154555946588517,0.0013363104313611983,0.0007862809672951698
4800,486.65810918807983,0.0142059760349281,0.004160593785345554,0.001432332657277584,0.0005069442465901375
4900,495.20613718032837,0.015174874736467477,0.004378406554460526,0.001367913745343685,0.0004410576447844505
5000,507.9520015716553,0.014804852878129906,0.004374869130551815,0.0013846702128648759,0.0006439017876982689
5100,516.4528102874756,0.01377307821765836,0.0044472054019570354,0.0014463717490434647,0.0004358527436852455
5200,524.4173607826233,0.014097936142712804,0.004151383824646473,0.0014210054278373718,0.0004102162644267082
5300,532.5794825553894,0.014190280513046636,0.004131841026246547,0.0014795900136232375,0.0004184849187731743
5400,545.9266493320465,0.014679169440862396,0.00412363775074482,0.0014336766302585602,0.000660904236137867
5500,560.4189076423645,0.014942823154920081,0.004145388081669807,0.001413603350520134,0.0007263066619634628
5600,570.3715336322784,0.01432672174109579,0.004089097604155541,0.0013443008437752724,0.000502767376601696
5700,579.192230463028,0.014736010238285708,0.004122264981269837,0.0012697238475084306,0.0004515714570879936
5800,596.4250614643097,0.014799189716429784,0.004142244793474675,0.0014876935258507729,0.0008545443788170815
5900,611.4585716724396,0.014773030525200103,0.004161528758704663,0.0014688534289598466,0.0007480822876095772
6000,623.9284296035767,0.015076452915354753,0.00411985233426094,0.0014455543085932733,0.0006271183118224144
6100,638.2760677337646,0.014719902427041482,0.004119311198592186,0.0013816934823989869,0.0007202125340700149
6200,652.9134118556976,0.014234068302144416,0.004167369790375233,0.0014048564061522485,0.0007443336024880409
6300,664.5456190109253,0.014691075354842325,0.00412322923541069,0.0013463133946061134,0.0005901364609599113
6400,677.4257576465607,0.014918008695282299,0.004124714210629463,0.0014775342121720314,0.0006589417159557343
6500,689.9138793945312,0.01471160829038322,0.004155304916203022,0.0014593512564897537,0.0006333894655108452
6600,699.9390087127686,0.014710848197417248,0.004153308123350143,0.0014202214032411576,0.0005149612203240395
6700,708.9467358589172,0.015318921021099309,0.004132856540381908,0.0014259657636284829,0.0004635203257203102
6800,717.4924690723419,0.014751539216150366,0.004134950749576091,0.001498553492128849,0.0004396875947713852
6900,726.0649526119232,0.01385306702803055,0.004145236350595951,0.0014678521081805229,0.0004381707683205605
7000,738.2615597248077,0.014279726946881415,0.00414659220725298,0.001380886398255825,0.0006126614660024643
7100,749.1157987117767,0.014692124596090086,0.0041168337315320965,0.0013029494881629945,0.000552636943757534
7200,763.7320501804352,0.01475949376055992,0.004126306138932705,0.0014170905202627183,0.0007255302369594574
7300,776.2610242366791,0.01401617340649312,0.004137669503688812,0.0014771199598908424,0.0006341314688324928
7400,787.8714027404785,0.014843349243619986,0.0041429088264703755,0.0014155443012714387,0.0005917990207672119
7500,798.7960848808289,0.01377464318220579,0.004100865498185158,0.0014258014783263206,0.0005601112917065621
7600,810.0329999923706,0.013963709594949641,0.004405248947441578,0.0013909966126084328,0.000577554889023304
7700,821.7314596176147,0.014506228933535039,0.004147509038448334,0.0014382146671414375,0.0006025416404008866
7800,834.0893630981445,0.014311073407753932,0.004123218320310116,0.0013722509145736694,0.0006387262791395187
7900,846.121574640274,0.014402430282714207,0.004127575941383839,0.0013732171803712845,0.0006185687333345413
8000,857.5343663692474,0.01449474560351413,0.0041075248271226885,0.0013603851199150085,0.0005847457051277161
8100,868.0239968299866,0.015020418663563195,0.004127785973250866,0.001460614539682865,0.0005394557863473892
8200,878.1462578773499,0.015032535477818248,0.004173074960708618,0.0014048461243510247,0.0005147093906998634
8300,889.242071390152,0.01408764109072326,0.0041336875781416895,0.0013987651839852332,0.0005649096146225929
8400,901.0707988739014,0.014906843924521568,0.004100615493953228,0.0013382228836417197,0.0006018337979912758
8500,912.0158956050873,0.015040546363349266,0.004174705818295479,0.0013410164788365364,0.0005559830740094185
8600,922.2796506881714,0.013828259523855618,0.004118705950677395,0.0013357223197817802,0.0005183010548353195
8700,932.7127306461334,0.014235195758988836,0.004126746468245983,0.0014471516758203507,0.000534777119755745
8800,944.6003255844116,0.014655166944857132,0.0041321062296628954,0.0013838987797498703,0.000607534945011139
8900,956.0004723072052,0.014124055904945795,0.004140374423500071,0.0014411647316623238,0.0005752685697788887
9000,967.3835670948029,0.014534007597411651,0.004173883162438869,0.001467074528336525,0.0005829990655183792
9100,977.9117681980133,0.014854199511585809,0.0041263910382986066,0.0013557036593556404,0.0005356721952557564
9200,988.9199624061584,0.014560608374788129,0.004154433868825436,0.0014300119876861572,0.0005636971071362496
9300,999.9338743686676,0.01475040202080157,0.004149352721869945,0.0014161045104265212,0.0005607468262314796
9400,1011.5346186161041,0.014140095989041151,0.004169573187828064,0.001428237184882164,0.0005951111018657685
9500,1022.6779878139496,0.013714242747229217,0.004108715020120144,0.001386611945927143,0.0005668491125106811
9600,1033.5376377105713,0.014711137696402365,0.004175564274191856,0.001384468451142311,0.0005506117269396782
9700,1043.6753764152527,0.014367545096888668,0.004129122830927372,0.001434619128704071,0.0005166901648044586
9800,1054.3206026554108,0.014034319754082758,0.004392521940171718,0.0013332900777459145,0.0005442428588867187
9900,1066.3321907520294,0.014712123570722012,0.004147172309458256,0.0014090736210346222,0.000615321435034275
10000,1078.5246932506561,0.014143034919990027,0.004412679634988308,0.0014310568943619727,0.0006256330758333206
10100,1089.462525844574,0.014422169477483524,0.004089240804314613,0.0014241836965084077,0.0005555576831102371
10200,1099.5842444896698,0.014846336873416532,0.004117394797503948,0.001341160386800766,0.0005144843831658364
10300,1108.740810394287,0.01401706931261659,0.00413070198148489,0.0014767199754714966,0.0004612219333648682
10400,1118.7853379249573,0.01480352035960934,0.00416111197322607,0.0014736998453736304,0.0005045761540532112
10500,1128.8015558719635,0.014724920882943549,0.00411301352083683,0.001474420540034771,0.0005047499388456345
10600,1137.8485283851624,0.0150175416954718,0.004169176444411278,0.0014261951297521592,0.00046046994626522067
10700,1146.7791030406952,0.014240073422403996,0.0041610788926482204,0.0014032501354813577,0.0004514576867222786
10800,1155.7838752269745,0.014636755546005577,0.004100738614797592,0.0013023101165890694,0.000456940121948719
10900,1164.555216550827,0.014148863284517232,0.004164381325244904,0.0013900700211524964,0.00044161073863506316
11000,1173.6573278903961,0.013925974274982687,0.004137689173221588,0.001425754837691784,0.00045846357941627504
11100,1182.4397854804993,0.014725564068901409,0.004167704321444035,0.0014083049073815345,0.0004456515610218048
11200,1191.27304148674,0.014550469790360378,0.004099812582135201,0.0013037341460585593,0.00044720720499753954
11300,1200.3052997589111,0.014286072246621727,0.004105283245444298,0.0014243883267045022,0.00045870341360569
11400,1209.4507932662964,0.014191985049305402,0.004130243360996246,0.0013525014370679856,0.0004621908068656921
11500,1218.2836000919342,0.014456047589237521,0.004133665710687637,0.0014055729657411575,0.0004496316611766815
11600,1227.2040421962738,0.014683380506198473,0.0041368698328733446,0.0013692601397633552,0.00045357778668403626
11700,1235.7253351211548,0.015408385464722674,0.0041325920075178145,0.0013148899376392365,0.00043459240347146986
11800,1244.4897437095642,0.014403876291634555,0.004120103903114796,0.0014361757040023803,0.00044638175517320634
11900,1253.160647392273,0.014711781528693582,0.004124592356383801,0.0014099062979221345,0.00044194046407938005
12000,1262.5578286647797,0.015059524854766465,0.004148382693529129,0.0014580902457237243,0.0004800653085112572
12100,1271.6563622951508,0.014165393515623712,0.004105505533516407,0.0013199475780129432,0.00045677550137043
12200,1280.7039787769318,0.014586361435274302,0.004143759198486805,0.0014574629440903663,0.00045541800558567046
12300,1289.709945678711,0.015033500968894626,0.004400360248982906,0.0013757555186748505,0.0004574038460850716
12400,1298.3898439407349,0.015132687823845574,0.004435734637081623,0.0014515714719891548,0.0004403148964047432
12500,1307.2512156963348,0.014157087265216011,0.0041436230763792995,0.0014711366966366768,0.00045009754598140716
12600,1316.2144911289215,0.014517964857790984,0.004144500941038132,0.0014490431919693947,0.0004558250680565834
12700,1325.0759541988373,0.015036413486274058,0.004111886732280254,0.001305309385061264,0.0004520296677947044
12800,1334.0581948757172,0.01466364085527203,0.004104870706796646,0.0013972518220543861,0.0004602193832397461
12900,1342.8919208049774,0.013770970926114233,0.004160695225000382,0.001415782757103443,0.00044953320175409315
13000,1351.8183989524841,0.013470688338183814,0.0041312483698129655,0.0013998718932271004,0.00045597121119499205
13100,1360.6664526462555,0.01421721864617527,0.004138937518000603,0.0014779175072908402,0.0004525958001613617
13200,1369.3460879325867,0.014845766956800016,0.004117029719054699,0.0014354808256030083,0.00044384527951478957
13300,1378.8052093982697,0.014053641468720688,0.004116307423311344,0.001431882522524671,0.0004768883294247567
13400,1388.1478552818298,0.013815233749155005,0.00412254698574543,0.0014514018967747688,0.0004765008017420769
13500,1397.4818952083588,0.014231616300687144,0.004411416240036488,0.0014139374345541,0.000477624274790287
13600,1406.669589996338,0.014423797940128404,0.004147665873169899,0.0014166029915213584,0.00047018636018037797
13700,1415.702642917633,0.014623786807628651,0.0041338948160409925,0.001426490694284439,0.00046373650431633
13800,1424.7024414539337,0.015195316544732069,0.004125670567154884,0.0014265229925513267,0.00046240299940109253
13900,1433.7406573295593,0.014537944687469708,0.0041240773722529414,0.001434730850160122,0.0004634818807244301
14000,1443.3521852493286,0.014228800116570359,0.004102550037205219,0.0014233563095331192,0.0004956839606165886
14100,1452.5703737735748,0.014895818610502353,0.004078757539391517,0.0014377066120505333,0.0004715118557214737
14200,1461.5915794372559,0.01415950061251958,0.0041467702016234394,0.0014004502072930336,0.0004616018757224083
14300,1470.7165832519531,0.013719507243888252,0.004150217585265637,0.0014483077451586724,0.0004649486765265465
14400,1479.8288025856018,0.014783846377585359,0.004139942564070225,0.0013368907943367959,0.000464526005089283
14500,1489.1017928123474,0.013504903732855227,0.004167347177863121,0.001328873336315155,0.0004755484312772751
14600,1498.4861574172974,0.015123715047509695,0.004408391863107681,0.0013994456827640534,0.0004811488091945648
14700,1507.7872343063354,0.014658911658990808,0.004109374843537807,0.0013812497258186341,0.00047626618295907973
14800,1517.1989624500275,0.014761909793866608,0.004446117170155048,0.0013418342545628548,0.0004833488538861275
14900,1526.629816532135,0.014740277673131486,0.004134594835340977,0.0014105556160211564,0.000482528880238533
15000,1535.903410434723,0.015533202753075013,0.004128840155899525,0.0014269383251667024,0.00047244153916835784
15100,1544.865618467331,0.014830447252146394,0.004148533940315247,0.0014282993972301484,0.00046149842441082
15200,1554.2866840362549,0.013817937012577476,0.004131865426898002,0.0014585693925619125,0.00048312012106180194
15300,1563.8744575977325,0.01524779909787224,0.0040766366943717006,0.0013248218968510627,0.0004956727847456932
15400,1572.9906690120697,0.014386329329028042,0.004394503012299537,0.001421811617910862,0.0004693140834569931
15500,1582.0804193019867,0.0134218546254134,0.004122561886906624,0.001430901400744915,0.00047106850892305376
15600,1591.2109279632568,0.013887677431898527,0.004152432158589363,0.00137690469622612,0.0004706885665655136
15700,1600.4045641422272,0.014261943278225265,0.004141777902841568,0.0014102960377931596,0.00047410499304533003
15800,1609.3710594177246,0.014489537372504378,0.004148596376180649,0.001448608748614788,0.0004616481810808182
15900,1618.5750386714935,0.01394418014774798,0.004165818877518177,0.0014047216251492501,0.0004737548902630806
16000,1627.6306970119476,0.014764324892022163,0.004127397835254669,0.001407868005335331,0.0004664568230509758
16100,1636.8838458061218,0.014211708202951074,0.004140930585563183,0.001405223086476326,0.0004798047244548798
16200,1646.058967590332,0.013490887735719858,0.004130626991391182,0.0013039560988545417,0.00047043703496456145
16300,1655.5174248218536,0.014585626776418548,0.00413819745182991,0.0013656606525182724,0.00048618368804454804
16400,1664.8859202861786,0.013984807052059161,0.004168081060051918,0.0014580181613564492,0.00047954756766557696
16500,1673.9636228084564,0.014270726705109897,0.004127310104668141,0.0012874392047524453,0.000466734953224659
16600,1683.2949438095093,0.014496831587071294,0.004150483831763268,0.0015101436525583266,0.0004805310070514679
16700,1694.5816633701324,0.014767098105001082,0.004137333147227764,0.001407519206404686,0.000583493448793888
16800,1705.0811791419983,0.015342002046033755,0.004135781899094582,0.0014391675218939782,0.0005417994037270546
16900,1715.0275926589966,0.014884141729976883,0.004158788248896599,0.001451031416654587,0.0005114163830876351
17000,1725.338610649109,0.014668624493148066,0.0041160772740840915,0.0013372265174984932,0.0005281956493854523
17100,1736.405103445053,0.013625740286071417,0.004109053537249565,0.001393396183848381,0.0005713288486003876
17200,1747.7412910461426,0.014624716972514863,0.004141830988228321,0.001420125849545002,0.0005856703966856003
17300,1758.1354434490204,0.01461658510824445,0.004171259738504887,0.0013800744339823722,0.0005343123152852058
17400,1769.675800561905,0.014747979258253831,0.004108869582414627,0.0013762132823467255,0.0005890326201915741
17500,1779.7441256046295,0.014347376773593459,0.0041125364974141125,0.0014567184820771218,0.0005184667930006981
17600,1789.184077501297,0.014442059442359012,0.00415792640298605,0.001407652646303177,0.00048477806150913237
17700,1800.1264848709106,0.014850107747712123,0.0041294261036401055,0.0014455981497117818,0.0005537004110978003
17800,1809.5587186813354,0.01418315265947264,0.004139179177582264,0.001402982734143734,0.0004884278401732445
17900,1819.3742287158966,0.014159685186315225,0.0041600999981164935,0.0013789453357458115,0.0005030441656708718
18000,1828.679105758667,0.014186955530117132,0.004142985828220844,0.0014586237818002702,0.0004759598895907402
18100,1837.8926258087158,0.015115395232188196,0.004133481308817863,0.0013841965049505233,0.0004696454480290413
18200,1847.1586956977844,0.014538982516842477,0.0044481013715267186,0.0013804762810468675,0.00047496914863586425
18300,1856.267816543579,0.013862908153706145,0.00412519883364439,0.0014024807512760162,0.00046534154564142227
18400,1866.275065422058,0.013668197414025413,0.004147678576409817,0.0014937838539481163,0.0005135740339756012
18500,1875.9027194976807,0.013512267795447987,0.0044192556664347645,0.001432858146727085,0.0004968802630901337
18600,1888.1073677539825,0.01477269671792574,0.004145506247878075,0.0013541673868894576,0.0006218075007200241
18700,1897.7659795284271,0.014159745717564662,0.004151267744600773,0.001410582698881626,0.0004953386634588241
18800,1909.5720536708832,0.014524953725255741,0.004152125678956509,0.0014070181176066398,0.0006071446835994721
18900,1919.7925324440002,0.01369815738510591,0.00413927536457777,0.0014801894128322602,0.0005243935063481331
19000,1930.0661385059357,0.014474469308413491,0.004144380316138268,0.001455957628786564,0.0005278284847736359
19100,1941.5764994621277,0.014832835903263073,0.004122931361198425,0.0014378628879785538,0.000597217045724392
19200,1951.235377073288,0.014374823215991402,0.004165027029812336,0.001369599662721157,0.0004961470514535904
19300,1960.3184037208557,0.015150428501421835,0.004143816009163856,0.0013385695219039918,0.00046802852302789687
19400,1970.137703180313,0.015384848631867445,0.004174823351204396,0.0014225441217422486,0.0005054009705781937
19500,1980.7427508831024,0.014770566954426667,0.004132143072783947,0.0013889339566230774,0.0005462834611535073
19600,1990.5599715709686,0.01407262711932903,0.004124349318444729,0.0014670319482684136,0.0005027146637439728
19700,2000.458859205246,0.01399487208713208,0.004145867973566055,0.0014274141192436218,0.000509340614080429
19800,2007.2103321552277,0.013929301367798472,0.004154898896813392,0.0013643895089626313,0.00036051128059625624
19900,2013.825008392334,0.014177055871482802,0.004120968766510486,0.0014334842190146446,0.00035271279513835905
20000,2019.8218104839325,0.01471535825460811,0.00411424458026886,0.0014313245564699173,0.0003217633441090584
20100,2026.2933778762817,0.014342714882112362,0.004150589145720005,0.0013523624837398528,0.0003460657596588135
20200,2032.5529508590698,0.014728522662944984,0.004138560444116593,0.0014528598636388778,0.00033419881016016006
20300,2038.8214497566223,0.014352785230586902,0.00413026001304388,0.0014631870388984681,0.0003375115245580673
20400,2045.2547512054443,0.013754349192520108,0.0041139541566371915,0.0014088980481028557,0.0003455028310418129
20500,2051.4781863689423,0.014772979409109828,0.004139065146446228,0.001431618444621563,0.00033647309988737105
20600,2059.7831296920776,0.014832682764134027,0.004113229066133499,0.001384679190814495,0.00033310655504465103
20700,2065.614059448242,0.014632402893945816,0.004142388999462128,0.0014532962441444397,0.0003108491748571396
20800,2071.394667863846,0.014283707572645316,0.004115479923784733,0.0014461272209882736,0.00030743401497602464
20900,2076.8038392066956,0.01440604481550526,0.004116437211632728,0.0014447306841611862,0.0002875341847538948
21000,2082.349041223526,0.014743342312829658,0.004419284425675869,0.0014100426807999611,0.00029543571174144744
21100,2092.857129573822,0.014143057592523411,0.004449894689023495,0.0013541270047426224,0.0005393480136990547
21200,2102.8437535762787,0.014368982995719759,0.004111367762088775,0.00134854007512331,0.0005122491344809532
21300,2112.6815087795258,0.014839582817260413,0.004098788090050221,0.001373523510992527,0.0005065559595823287
21400,2123.7352287769318,0.015431495233622044,0.0041032016649842264,0.0014000775665044785,0.0005752364173531533
21500,2134.161404132843,0.013722130431315538,0.004115465097129345,0.0014210395514965058,0.0005359920114278794
21600,2142.758507013321,0.014355040116886897,0.004130871705710888,0.0014140720292925835,0.00044499091804027556
21700,2151.6407175064087,0.0142553928751,0.004109421260654927,0.001391075700521469,0.00046043720096349716
21800,2161.977545976639,0.01392797925771261,0.004107593931257725,0.0013568414002656938,0.000533473864197731
21900,2172.0941886901855,0.014722840432563073,0.004126695990562439,0.0013929271697998046,0.0005258017033338547
22000,2182.4583303928375,0.014871882215883685,0.004137372896075249,0.0013178668171167373,0.0005387040227651596