#=== darpa_neg_pretrained_down_w50 ===
#
#Metrics:
#  Accuracy: 0.9990 | Macro Precision: 0.9996 | Macro Recall: 0.8215 | Macro F1: 0.8919
#  False Alarms: 0 | False Alarm Rate: 0.0000
#  Missed Attacks: 52 | Detection Rate: 0.9982
#
#Per-Class Metrics:
#  [phase1] P=1.0000 | R=0.8750 | F1=0.9333 | 
#  [phase2] P=1.0000 | R=0.5556 | F1=0.7143 | 
#  [phase3] P=1.0000 | R=0.6429 | F1=0.7826 | 
#  [phase4] P=1.0000 | R=0.8571 | F1=0.9231 | 
#  [phase5] P=1.0000 | R=0.9986 | F1=0.9993 | 
#
#Confusion Matrix:
#         	      	      	      	Actual	      	      	      
#         	      	benign	phase1	phase2	phase3	phase4	phase5
#         	benign	 20884	     1	     4	     5	     1	    41
#         	phase1	     0	     7	     0	     0	     0	     0
#Predicted	phase2	     0	     0	     5	     0	     0	     0
#         	phase3	     0	     0	     0	     9	     0	     0
#         	phase4	     0	     0	     0	     0	     6	     0
#         	phase5	     0	     0	     0	     0	     0	 29348
i,time,loss,ground_time,compile_time,eval_time
100,5.369207143783569,0.02769861484422138,0.0011998978614807016,0.009839558696746293,9.990425109863263e-05
200,10.439830780029297,0.025731429964805468,0.0010698612689971887,0.009928240251540583,0.00011116881370544427
300,18.610979795455933,0.012195585891660648,0.0012706238269805745,0.009927661418914251,0.00014976053237915032
400,26.236713886260986,0.011103670497574587,0.0012898360729217205,0.01003207635879462,0.0001393132686614988
500,31.87487006187439,0.017212043957431575,0.0011561500072479105,0.009789696979522174,0.00012026247978210425
600,36.81486773490906,0.023346690432432395,0.0011005493164062408,0.009838143539428185,0.00010943193435668941
700,42.518611669540405,0.017695517835339555,0.0011301262855529688,0.009921121168136073,0.00012410569190978975
800,49.12934923171997,0.022291888500820627,0.0012814548492431303,0.0099208807945246,0.00013302488327026393