#=== darpa_neg_pretrained_down_w10 ===
#
#Metrics:
#  Accuracy: 0.9991 | Macro Precision: 1.0000 | Macro Recall: 0.9346 | Macro F1: 0.9641
#  Number of False Alarms: 0 | False Alarm Rate: 0.0000
#
#Per-Class Metrics:
#  [phase1] P=1.0000 | R=1.0000 | F1=1.0000 | 
#  [phase2] P=1.0000 | R=0.8889 | F1=0.9412 | 
#  [phase3] P=1.0000 | R=0.7857 | F1=0.8800 | 
#  [phase4] P=1.0000 | R=1.0000 | F1=1.0000 | 
#  [phase5] P=1.0000 | R=0.9986 | F1=0.9993 | 
#
#Confusion Matrix:
#         	      	      	      	Actual	      	      	      
#         	      	benign	phase1	phase2	phase3	phase4	phase5
#         	benign	 20900	     0	     1	     3	     0	    42
#         	phase1	     0	     8	     0	     0	     0	     0
#Predicted	phase2	     0	     0	     8	     0	     0	     0
#         	phase3	     0	     0	     0	    11	     0	     0
#         	phase4	     0	     0	     0	     0	     7	     0
#         	phase5	     0	     0	     0	     0	     0	 29347
i,time,loss,ground_time,compile_time,eval_time
100,5.344636678695679,0.017601030287657,0.0009134537220001203,0.00014784841537475584,8.699607849121078e-05
200,10.405534505844116,0.018125922451969305,0.0010764251708984378,0.00015343794822692908,8.880071640014655e-05
300,14.975568056106567,0.030790934572576464,0.0010341972351074217,0.00015783381462097183,8.403339385986349e-05
400,19.893375158309937,0.03991563631468744,0.0010745913028717014,0.00016907272338867186,9.105601310729959e-05
500,25.660431623458862,0.04978860599883924,0.0012363260269164992,0.00017604756355285616,9.376897811889655e-05
600,30.49030041694641,0.05603247455018094,0.0010489963531494075,0.00016511731147766072,0.00010335245132446301
700,36.894631147384644,0.02924195347755479,0.0011531093597412052,0.0001808769702911373,0.00011722288131713884
800,42.249592781066895,0.03378925900962944,0.0010939565658569337,0.00017153520584106433,0.00010727167129516591