#=== darpa_neg_scratch_down_w50 ===
#
#Metrics:
#  Accuracy: 0.9990 | Macro Precision: 0.9626 | Macro Recall: 0.9247 | Macro F1: 0.9379
#  False Alarms: 2 | False Alarm Rate: 0.0001
#  Missed Attacks: 46 | Detection Rate: 0.9984
#
#Per-Class Metrics:
#  [phase1] P=1.0000 | R=0.8750 | F1=0.9333 | 
#  [phase2] P=1.0000 | R=0.8889 | F1=0.9412 | 
#  [phase3] P=1.0000 | R=0.7857 | F1=0.8800 | 
#  [phase4] P=0.7778 | R=1.0000 | F1=0.8750 | 
#  [phase5] P=1.0000 | R=0.9986 | F1=0.9993 | 
#
#Confusion Matrix:
#         	      	      	      	Actual	      	      	      
#         	      	benign	phase1	phase2	phase3	phase4	phase5
#         	benign	 20882	     1	     1	     3	     0	    41
#         	phase1	     0	     7	     0	     0	     0	     0
#Predicted	phase2	     0	     0	     8	     0	     0	     0
#         	phase3	     0	     0	     0	    11	     0	     0
#         	phase4	     2	     0	     0	     0	     7	     0
#         	phase5	     0	     0	     0	     0	     0	 29348
i,time,loss,ground_time,compile_time,eval_time
100,5.8950111865997314,0.19065708174481305,0.0010418581962585412,0.00880669608116131,0.0001081990242004398
200,10.525657415390015,0.09534579820245895,0.000975835084915163,0.008849059152602937,9.324994087219183e-05
300,15.161458253860474,0.032018513453987624,0.0009832124233245896,0.008833610582351475,9.427609443664549e-05
400,20.8058078289032,0.02664417359152512,0.001096435832977287,0.008990684366225994,0.00010677318572998086
500,24.969573259353638,0.014268025785208987,0.000961964082717899,0.008798630666732598,8.829884529113754e-05
600,29.566319465637207,0.013300816345003894,0.0010063972949981715,0.008826708030700502,0.00010459461212158188
700,34.829439878463745,0.013191667945494773,0.0010409532070159927,0.009024225711822298,0.00011761326789855942
800,39.94926929473877,0.022887269065750147,0.0011030365467071448,0.00896392245292642,0.00010349512100219735