#=== darpa_neg_scratch_down_w10 ===
#
#Metrics:
#  Accuracy: 0.9985 | Macro Precision: 0.9748 | Macro Recall: 0.9410 | Macro F1: 0.9540
#  False Alarms: 31 | False Alarm Rate: 0.0015
#  Missed Attacks: 45 | Detection Rate: 0.9985
#
#Per-Class Metrics:
#  [phase1] P=1.0000 | R=1.0000 | F1=1.0000 | 
#  [phase2] P=1.0000 | R=0.7778 | F1=0.8750 | 
#  [phase3] P=1.0000 | R=0.9286 | F1=0.9630 | 
#  [phase4] P=0.8750 | R=1.0000 | F1=0.9333 | 
#  [phase5] P=0.9990 | R=0.9986 | F1=0.9988 | 
#
#Confusion Matrix:
#         	      	      	      	Actual	      	      	      
#         	      	benign	phase1	phase2	phase3	phase4	phase5
#         	benign	 20869	     0	     2	     1	     0	    42
#         	phase1	     0	     8	     0	     0	     0	     0
#Predicted	phase2	     0	     0	     7	     0	     0	     0
#         	phase3	     0	     0	     0	    13	     0	     0
#         	phase4	     1	     0	     0	     0	     7	     0
#         	phase5	    30	     0	     0	     0	     0	 29347
i,time,loss,ground_time,compile_time,eval_time
100,4.623028039932251,0.2042054297782301,0.0009515972137451134,0.00015170121192932117,7.124700546264652e-05
200,9.702602863311768,0.12147212411019277,0.0011099611282348594,0.0001576277256011964,8.865408897399927e-05
300,13.557599306106567,0.0585093590636166,0.0009420011043548569,0.0001450789451599124,7.677540779113762e-05
400,17.24983811378479,0.04244736349608481,0.0009582875728607177,0.00014732437133789107,7.654118537902837e-05
500,23.372793674468994,0.02442996614616548,0.0012010776996612491,0.00016334571838378905,0.00010756516456604026
600,27.787065267562866,0.02359031927605093,0.0010103690624237024,0.00015944056510925348,9.273495674133268e-05
700,31.228139400482178,0.02323517999629576,0.0009615381717681848,0.00015064878463745201,7.359013557434067e-05
800,34.8256950378418,0.028991694213027955,0.0009526911258697477,0.00015056600570678732,8.001360893249519e-05