#=== darpa_neg_scratch_down_w100 ===
#
#Metrics:
#  Accuracy: 0.9991 | Macro Precision: 0.9788 | Macro Recall: 0.9389 | Macro F1: 0.9575
#  False Alarms: 1 | False Alarm Rate: 0.0000
#  Missed Attacks: 42 | Detection Rate: 0.9986
#
#Per-Class Metrics:
#  [phase1] P=1.0000 | R=1.0000 | F1=1.0000 | 
#  [phase2] P=0.8750 | R=0.7778 | F1=0.8235 | 
#  [phase3] P=1.0000 | R=0.8571 | F1=0.9231 | 
#  [phase4] P=1.0000 | R=1.0000 | F1=1.0000 | 
#  [phase5] P=1.0000 | R=0.9987 | F1=0.9994 | 
#
#Confusion Matrix:
#         	      	      	      	Actual	      	      	      
#         	      	benign	phase1	phase2	phase3	phase4	phase5
#         	benign	 20863	     0	     2	     2	     0	    38
#         	phase1	     0	     8	     0	     0	     0	     0
#Predicted	phase2	     1	     0	     7	     0	     0	     0
#         	phase3	     0	     0	     0	    12	     0	     0
#         	phase4	     0	     0	     0	     0	     7	     0
#         	phase5	     0	     0	     0	     0	     0	 29351
i,time,loss,ground_time,compile_time,eval_time
100,5.566323280334473,0.17027869175336868,0.00153797140121451,0.009427967739105493,8.570165634155275e-05
200,11.83735728263855,0.08934249352443852,0.0015292420387267264,0.009475986766815435,0.00011076550483703657
300,19.816439151763916,0.025131656191781523,0.001657005691528233,0.009602865219116493,0.00012698564529418978
400,28.273855209350586,0.0587079181228822,0.0016689898490904887,0.00943883781433131,0.00014030947685241712
500,36.46999430656433,0.007442568178677833,0.0016691043853758875,0.009653074407577785,0.00015455226898193373
600,41.90697741508484,0.029071388302265567,0.00148377804756156,0.009530447530746715,0.00010684785842895502
700,48.24051213264465,0.018433056836861014,0.0015414088726042863,0.009417727661133066,0.00012165465354919448
800,56.05657958984375,0.01826036572822773,0.0015863078594206867,0.009429151296615841,0.00012575287818908701