#
#=== Dataset results ===
#
#Accuracy: 0.9988
#Micro F1: 0.9988 | Macro F1: 0.3330 | Weighted F1: 0.9984
#
#Per-class metrics:
#  [benign] P=0.9974 | R=0.9997 | F1=0.9985 | FPR=0.001869 | FNR=0.000335 | Support=20900
#  [phase1] P=0.0000 | R=0.0000 | F1=0.0000 | FPR=0.000000 | FNR=1.000000 | Support=8
#  [phase2] P=0.0000 | R=0.0000 | F1=0.0000 | FPR=0.000000 | FNR=1.000000 | Support=9
#  [phase3] P=0.0000 | R=0.0000 | F1=0.0000 | FPR=0.000000 | FNR=1.000000 | Support=14
#  [phase4] P=0.0000 | R=0.0000 | F1=0.0000 | FPR=0.000000 | FNR=1.000000 | Support=7
#  [phase5] P=0.9998 | R=0.9994 | F1=0.9996 | FPR=0.000334 | FNR=0.000578 | Support=29389
#Confusion Matrix:
#         	      	      	      	Actual	      	      	      
#         	      	benign	phase1	phase2	phase3	phase4	phase5
#         	benign	 20893	     8	     9	    14	     7	    17
#         	phase1	     0	     0	     0	     0	     0	     0
#Predicted	phase2	     0	     0	     0	     0	     0	     0
#         	phase3	     0	     0	     0	     0	     0	     0
#         	phase4	     0	     0	     0	     0	     0	     0
#         	phase5	     7	     0	     0	     0	     0	 29372
i,time,loss,ground_time,compile_time,eval_time
100,17.03795337677002,0.6726584677863866,0.0011654254436492919,0.0003254174232482916,0.00028502426147460953
200,30.07329797744751,0.45520475822268053,0.0012051372051239033,0.0001995459079742428,0.00020638728141784637
300,42.938868045806885,0.13934987809567245,0.0013252755165100085,0.00019238085746765124,0.00020338649749755873
400,54.86589574813843,0.0695284513894876,0.0011723679065704308,0.00019370336532592743,0.00020154662132263184
500,67.21821308135986,0.028546923571193473,0.0012067083358764583,0.0001981540679931645,0.00021069722175598153
600,80.69187355041504,0.012536888144604746,0.0013943273544311506,0.00019921555519104004,0.0002077341079711916
700,94.3978636264801,0.010463020109637,0.0012169154167175282,0.00020161147117614704,0.00024538216590881353
800,106.21529960632324,0.010303539611595625,0.0011899957180023207,0.0001946033000946046,0.00020667028427123963
900,118.99393248558044,0.008958745038053167,0.0013727038860321058,0.00018927664756774996,0.00020839209556579495
1000,131.43970847129822,0.01283920043038961,0.0011797253131866465,0.00022569127082824704,0.00022045331001281743
1100,142.78400659561157,0.010886844387459859,0.0011507394313812235,0.00026137189865112377,0.00019478545188903758
1200,156.06469798088074,0.005624185676879279,0.00147402834892273,0.00038990478515624964,0.00019805679321289047
1300,167.8224630355835,0.006010017186836194,0.0011665082454681381,0.0002646599769592289,0.0002026192188262943
1400,179.65652561187744,0.012192194495046351,0.0011894523620605516,0.0002684441566467274,0.00020148797035217234
1500,192.66184830665588,0.00573123915945871,0.0011877300739288339,0.00038947134017944355,0.00023335843086242692