#=== darpa_neg_pretrained_up_w10 ===
#
#Metrics:
#  Accuracy: 0.9991 | Macro Precision: 1.0000 | Macro Recall: 0.9283 | Macro F1: 0.9605
#  Number of False Alarms: 0 | False Alarm Rate: 0.0000
#
#Per-Class Metrics:
#  [phase1] P=1.0000 | R=1.0000 | F1=1.0000 | 
#  [phase2] P=1.0000 | R=1.0000 | F1=1.0000 | 
#  [phase3] P=1.0000 | R=0.7857 | F1=0.8800 | 
#  [phase4] P=1.0000 | R=0.8571 | F1=0.9231 | 
#  [phase5] P=1.0000 | R=0.9986 | F1=0.9993 | 
#
#Confusion Matrix:
#         	      	      	      	Actual	      	      	      
#         	      	benign	phase1	phase2	phase3	phase4	phase5
#         	benign	 20900	     0	     0	     3	     1	    42
#         	phase1	     0	     8	     0	     0	     0	     0
#Predicted	phase2	     0	     0	     9	     0	     0	     0
#         	phase3	     0	     0	     0	    11	     0	     0
#         	phase4	     0	     0	     0	     0	     6	     0
#         	phase5	     0	     0	     0	     0	     0	 29347
i,time,loss,ground_time,compile_time,eval_time
100,12.741868734359741,0.776099291458547,0.0013710258960723872,0.00018145856857299783,0.00014168496131896922
200,24.085399627685547,0.8135272388801252,0.0012420288562774622,0.00017530412673950186,0.000142056608200073
300,37.26852035522461,0.7738228372359681,0.0012568190574645992,0.00036491365432739383,0.00016929960250854504
400,52.01377463340759,0.7294595081204465,0.0013631440639495843,0.00019385023117065382,0.00020847067832946862
500,62.98170042037964,0.8620883352596006,0.001269014072418214,0.00017743301391601564,0.00013948979377746587
600,75.15462636947632,0.6686709647458473,0.0015272368431091306,0.0001811150074005122,0.0001467376708984373
700,86.49362659454346,0.8289307999670069,0.0012931422233581516,0.00017705450057983299,0.0001559196472167967
800,96.82196879386902,0.99471691558764,0.001270019721984865,0.00017269620895385713,0.0001357249736785886
900,110.76625990867615,0.8123521332350526,0.0015962144851684595,0.00019938201904296865,0.00017176895141601505
1000,121.99325132369995,0.7626163138112109,0.0012765315055847202,0.00024492144584655764,0.00015258812904357923
1100,136.05403184890747,0.7791948819556631,0.0013513216495513907,0.0002580470085144036,0.0002087414741516116
1200,148.15181589126587,0.8289307146832783,0.0013452617168426494,0.000257333087921142,0.00016801619529724132
1300,159.26785278320312,0.7626162446930319,0.0012813976287841843,0.00024351687431335464,0.00015056819915771453
1400,171.64478754997253,0.8289306809111089,0.0016397457122802796,0.00024570879936218156,0.0001412368774414062
1500,182.6579053401947,0.8012996700471905,0.0013018682956695562,0.0002453351974487291,0.0001489419937133785
1600,193.55647230148315,0.6963017706258131,0.0012962553501129092,0.0002473716735839839,0.00014890599250793482
1700,203.82973194122314,0.873140303967689,0.0012871728897094696,0.00024150094985961803,0.0001408426761627201
1800,214.22884011268616,0.8123520437558527,0.001283934307098387,0.0002422744750976556,0.0001416566371917725
1900,228.85491037368774,0.7018279665758367,0.0017620027065277108,0.0002494150638580321,0.00019756655693054206
2000,241.0364134311676,0.751563808601869,0.0013349085330963118,0.000262277317047119,0.00017636308670043965
2100,251.46903443336487,0.9615595542174915,0.0012994033336639382,0.00024136338233947746,0.00014728698730468747
2200,261.68521094322205,0.9284023321208791,0.0012792123794555653,0.0002455319881439201,0.00014153475761413567
2300,271.83379197120667,0.7847210143786941,0.001285328817367552,0.00024132065773010275,0.0001452599048614502