#=== darpa_neg_pretrained_down_w10 ===
#
#Metrics:
#  Accuracy: 0.9991 | Macro Precision: 1.0000 | Macro Recall: 0.9346 | Macro F1: 0.9641
#  False Alarms: 0 | False Alarm Rate: 0.0000
#  Missed Attacks: 46 | Detection Rate: 0.9984
#
#Per-Class Metrics:
#  [phase1] P=1.0000 | R=1.0000 | F1=1.0000 | 
#  [phase2] P=1.0000 | R=0.8889 | F1=0.9412 | 
#  [phase3] P=1.0000 | R=0.7857 | F1=0.8800 | 
#  [phase4] P=1.0000 | R=1.0000 | F1=1.0000 | 
#  [phase5] P=1.0000 | R=0.9986 | F1=0.9993 | 
#
#Confusion Matrix:
#         	      	      	      	Actual	      	      	      
#         	      	benign	phase1	phase2	phase3	phase4	phase5
#         	benign	 20900	     0	     1	     3	     0	    42
#         	phase1	     0	     8	     0	     0	     0	     0
#Predicted	phase2	     0	     0	     8	     0	     0	     0
#         	phase3	     0	     0	     0	    11	     0	     0
#         	phase4	     0	     0	     0	     0	     7	     0
#         	phase5	     0	     0	     0	     0	     0	 29347
i,time,loss,ground_time,compile_time,eval_time
100,5.870126962661743,0.07429237249452267,0.0009942287921905538,0.00016701111793518015,9.47641849517823e-05
200,11.901185989379883,0.017824115210253462,0.0011595056056976339,0.00016899242401123018,0.0001077275276184083
300,15.699443340301514,0.02350834913408155,0.0009469065189361616,0.0001534569740295413,7.682981491088861e-05
400,19.425803422927856,0.02768961563086341,0.0010661928176879934,0.00015530447959899885,7.713599205017099e-05
500,26.04857325553894,0.029062740871970735,0.0012432394981384317,0.0001819769382476814,0.00011663050651550242
600,30.148143529891968,0.038789737489092785,0.0009734008312225361,0.00015874032974243135,8.39272975921632e-05
700,34.99087476730347,0.007624911541772951,0.0010209234237670943,0.00016998705863952647,0.00010166225433349611
800,40.645265340805054,0.051092970688575476,0.0010416292190551769,0.0001767598152160642,0.00011709303855895992