#=== darpa_neg_scratch_down_w10 ===
#
#Metrics:
#  Accuracy: 0.9985 | Macro Precision: 0.9748 | Macro Recall: 0.9632 | Macro F1: 0.9672
#  False Alarms: 31 | False Alarm Rate: 0.0015
#  Missed Attacks: 44 | Detection Rate: 0.9985
#
#Per-Class Metrics:
#  [phase1] P=1.0000 | R=1.0000 | F1=1.0000 | 
#  [phase2] P=1.0000 | R=0.8889 | F1=0.9412 | 
#  [phase3] P=1.0000 | R=0.9286 | F1=0.9630 | 
#  [phase4] P=0.8750 | R=1.0000 | F1=0.9333 | 
#  [phase5] P=0.9990 | R=0.9986 | F1=0.9988 | 
#
#Confusion Matrix:
#         	      	      	      	Actual	      	      	      
#         	      	benign	phase1	phase2	phase3	phase4	phase5
#         	benign	 20869	     0	     1	     1	     0	    42
#         	phase1	     0	     8	     0	     0	     0	     0
#Predicted	phase2	     0	     0	     8	     0	     0	     0
#         	phase3	     0	     0	     0	    13	     0	     0
#         	phase4	     1	     0	     0	     0	     7	     0
#         	phase5	    30	     0	     0	     0	     0	 29347
i,time,loss,ground_time,compile_time,eval_time
100,5.1213154792785645,0.21171714510619744,0.0009106242656707767,0.0001375346183776859,8.083090782165541e-05
200,10.742166757583618,0.12164002334684178,0.001119466733932488,0.00015036692619323734,9.291648864746098e-05
300,16.34538245201111,0.042696987547242736,0.0010908933162689176,0.00015821461677551334,9.970440864563e-05
400,21.686494827270508,0.03642178726935128,0.0010745987415313686,0.0001593466758728029,0.0001066087245941164
500,28.23694157600403,0.02464494161194806,0.0012287024021148652,0.0001657723903656009,0.00011245074272155762
600,33.98211050033569,0.034781965636091774,0.0011167960166931106,0.00016620273590087914,0.00011676287651061962
700,40.27246809005737,0.03952754741731679,0.0011852739334106428,0.00017364811897277961,0.0001071342468261719
800,46.2367844581604,0.040058059621622455,0.0011774020671844437,0.00017621278762817462,0.00010323414802551313