#=== darpa_neg_scratch_50data_w10 ===
#
#Metrics:
#  Accuracy: 0.9991 | Macro Precision: 0.9996 | Macro Recall: 0.8877 | Macro F1: 0.9353
#  False Alarms: 0 | False Alarm Rate: 0.0000
#  Missed Attacks: 47 | Detection Rate: 0.9984
#
#Per-Class Metrics:
#  [phase1] P=1.0000 | R=0.8750 | F1=0.9333 | 
#  [phase2] P=1.0000 | R=0.6667 | F1=0.8000 | 
#  [phase3] P=1.0000 | R=0.7857 | F1=0.8800 | 
#  [phase4] P=1.0000 | R=1.0000 | F1=1.0000 | 
#  [phase5] P=1.0000 | R=0.9986 | F1=0.9993 | 
#
#Confusion Matrix:
#         	      	      	      	Actual	      	      	      
#         	      	benign	phase1	phase2	phase3	phase4	phase5
#         	benign	 20900	     1	     3	     3	     0	    40
#         	phase1	     0	     7	     0	     0	     0	     0
#Predicted	phase2	     0	     0	     6	     0	     0	     0
#         	phase3	     0	     0	     0	    11	     0	     0
#         	phase4	     0	     0	     0	     0	     7	     0
#         	phase5	     0	     0	     0	     0	     0	 29349
i,time,loss,ground_time,compile_time,eval_time
100,7.165314197540283,0.4052793467830453,0.0008343088626861512,0.0002294082164764437,0.00010694746971130385
200,14.775125741958618,0.20665532126748878,0.0010232176303863478,0.0001621376037597635,0.00011935324668884308
300,24.494133710861206,0.04212942520340234,0.0010601278781890852,0.00018218441009521379,0.0001610506057739256
400,38.303245306015015,0.03405986199038359,0.0013134402751922587,0.00022049570083618224,0.0002457133769989015
500,50.39711546897888,0.042623344320043055,0.001226985359191892,0.0002103855133056654,0.00024708180427551204
600,61.26167869567871,0.008198087945639369,0.0012324696540832463,0.0002083598136901869,0.00022326631546020566
700,72.91882300376892,0.030757812938885985,0.0014769600391387968,0.00021779112815857097,0.00020703387260437048