#
#=== Dataset results ===
#
#Accuracy: 0.9988
#Micro F1: 0.9988 | Macro F1: 0.6330 | Weighted F1: 0.9986 | Overall FPR: 0.0002
#
#Per-class metrics:
#  [benign] P=0.9973 | R=0.9999 | F1=0.9986 | FPR=0.001903 | FNR=0.000096 | Support=20900
#  [phase1] P=1.0000 | R=1.0000 | F1=1.0000 | FPR=0.000000 | FNR=0.000000 | Support=8
#  [phase2] P=1.0000 | R=0.6667 | F1=0.8000 | FPR=0.000000 | FNR=0.333333 | Support=9
#  [phase3] P=0.0000 | R=0.0000 | F1=0.0000 | FPR=0.000000 | FNR=1.000000 | Support=14
#  [phase4] P=0.0000 | R=0.0000 | F1=0.0000 | FPR=0.000000 | FNR=1.000000 | Support=7
#  [phase5] P=0.9999 | R=0.9989 | F1=0.9994 | FPR=0.000096 | FNR=0.001089 | Support=29389
#Confusion Matrix:
#         	      	      	      	Actual	      	      	      
#         	      	benign	phase1	phase2	phase3	phase4	phase5
#         	benign	 20898	     0	     3	    14	     7	    32
#         	phase1	     0	     8	     0	     0	     0	     0
#Predicted	phase2	     0	     0	     6	     0	     0	     0
#         	phase3	     0	     0	     0	     0	     0	     0
#         	phase4	     0	     0	     0	     0	     0	     0
#         	phase5	     2	     0	     0	     0	     0	 29357
i,time,loss,ground_time,compile_time,eval_time
100,11.495810508728027,0.48048819883920785,0.0010811054706573529,0.00018173732757568366,0.00015657143592834425
200,22.705630779266357,0.3091065375408777,0.0012264708042144807,0.00017271404266357387,0.00015488543510437056
300,32.96415996551514,0.11451758045346208,0.001237021589279174,0.0001627373695373531,0.0001309792518615721
400,42.2749228477478,0.07161630643337599,0.001039743709564212,0.00016817321777343815,0.00013122568130493207
500,50.09136652946472,0.036315768423579066,0.0009332471847534222,0.00014958200454711878,0.00011411476135253909
600,60.334826946258545,0.03430305493493252,0.0013025374412536663,0.0001619192600250244,0.00013227515220642114
700,68.21633696556091,0.04603815254605886,0.0009263718128204377,0.0001474815845489503,0.0001183905124664309
800,76.09134221076965,0.03868937711865687,0.0009398648738861095,0.0001493700981140134,0.00012275042533874513
900,87.10156917572021,0.015119801279661069,0.0013925687789916894,0.0001645668029785151,0.00013836879730224637
1000,95.03008675575256,0.019560807540175366,0.0009387785911560059,0.00017493824958801228,0.00012075414657592788
1100,103.41341876983643,0.030022089713860143,0.0009469588279724144,0.00021624217033386163,0.00012608079910278347
1200,111.68418669700623,0.029299833681143847,0.0009504867076873841,0.00021650366783142061,0.00012452249526977524
1300,123.37369585037231,0.013600035000103322,0.0015007040023803716,0.00023421106338500898,0.00014168534278869604
1400,132.51273679733276,0.031186616613967648,0.0009959312915802042,0.00022428874969482394,0.0001390253543853759
1500,140.59416842460632,0.018250817627566984,0.0009368399143218996,0.00021247782707214325,0.00011990189552307145