#=== darpa_scratch_behavioral_w10_30b30a ===
#
#Metrics:
#  Accuracy: 0.9849 | Macro Precision: 0.9426 | Macro Recall: 0.9679 | Macro F1: 0.9543
#  False Alarms: 2 | False Alarm Rate: 0.0001
#  Missed Attacks: 568 | Detection Rate: 0.9743
#
#Per-Class Metrics:
#  [phase1] P=0.8333 | R=0.8333 | F1=0.8333 | 
#  [phase2] P=0.8571 | R=1.0000 | F1=0.9231 | 
#  [phase3] P=1.0000 | R=1.0000 | F1=1.0000 | 
#  [phase4] P=1.0000 | R=1.0000 | F1=1.0000 | 
#  [phase5] P=1.0000 | R=0.9743 | F1=0.9870 | 
#
#Confusion Matrix:
#         	      	      	      	Actual	      	      	      
#         	      	benign	phase1	phase2	phase3	phase4	phase5
#         	benign	 15673	     1	     0	     0	     0	   567
#         	phase1	     1	     5	     0	     0	     0	     0
#Predicted	phase2	     1	     0	     6	     0	     0	     0
#         	phase3	     0	     0	     0	    10	     0	     0
#         	phase4	     0	     0	     0	     0	     6	     0
#         	phase5	     0	     0	     0	     0	     0	 21475
i,time,loss,ground_time,compile_time,eval_time
10,2.4719948768615723,0.4741924684669357,0.0027306032868532055,0.00030543818496740814,0.0007049699242298419
20,6.484522342681885,0.5203351536474656,0.0030296034251268123,0.00033974140309370497,0.0012431823003750584
30,10.513540029525757,0.5070756366476417,0.0030296848083917927,0.0003368759957643658,0.0012332089531880159
40,14.475200891494751,0.4992470312514342,0.0030373891099141244,0.0003400257287117157,0.001240566114966685
50,18.50910210609436,0.4910333192674443,0.0030419342219829594,0.00033950398747737613,0.00123862953713307
60,22.537160634994507,0.47745537346927447,0.0030248199804471104,0.000338453226364576,0.0012301637289615776