#=== darpa_scratch_full_w100_full ===
#
#Metrics:
#  Accuracy: 0.9854 | Macro Precision: 0.9943 | Macro Recall: 0.8742 | Macro F1: 0.9196
#  False Alarms: 0 | False Alarm Rate: 0.0000
#  Missed Attacks: 735 | Detection Rate: 0.9750
#
#Per-Class Metrics:
#  [phase1] P=1.0000 | R=1.0000 | F1=1.0000 | 
#  [phase2] P=1.0000 | R=0.5556 | F1=0.7143 | 
#  [phase3] P=1.0000 | R=1.0000 | F1=1.0000 | 
#  [phase4] P=1.0000 | R=0.7143 | F1=0.8333 | 
#  [phase5] P=1.0000 | R=0.9752 | F1=0.9874 | 
#
#Confusion Matrix:
#         	      	      	      	Actual	      	      	      
#         	      	benign	phase1	phase2	phase3	phase4	phase5
#         	benign	 20864	     0	     4	     0	     2	   729
#         	phase1	     0	     8	     0	     0	     0	     0
#Predicted	phase2	     0	     0	     5	     0	     0	     0
#         	phase3	     0	     0	     0	    14	     0	     0
#         	phase4	     0	     0	     0	     0	     5	     0
#         	phase5	     0	     0	     0	     0	     0	 28660
i,time,loss,ground_time,compile_time,eval_time
100,27.328599452972412,0.4669335869478479,0.003981306028366211,0.004589529609680318,0.00039530019760131846
200,55.311800718307495,0.20846291830006095,0.00421632614135756,0.004550556993484644,0.0004125171184539782
300,81.794020652771,0.11791460418200148,0.004392381668090959,0.004723806476593167,0.0003866759777069091
400,105.55341601371765,0.10866185980557506,0.004321879959106578,0.004584869670868055,0.0003362882614135749
500,129.94802021980286,0.10629574194288098,0.004026551723480357,0.004594438934326325,0.0003627127170562722
600,160.52320551872253,0.09927872136205734,0.004515026950836309,0.004578381538391257,0.0005049090385437013
700,190.36813354492188,0.09336056416315561,0.004356027889251841,0.0046539205551148965,0.000519032239913941
800,217.53398394584656,0.09639570951897929,0.004250763845443858,0.004552601528167866,0.0004344288349151614
900,241.64956426620483,0.09366919250550687,0.0045635934829713325,0.004741682434082193,0.00037010359764099126
1000,268.4484610557556,0.09238639082708286,0.004630979824066297,0.004745473957061912,0.00047189249992370537
1100,286.53729224205017,0.09076956531709263,0.0041118669033051915,0.004747825908661038,0.0003256748676300058
1200,306.03679060935974,0.08556803388931844,0.004261989974975729,0.0047428322792054615,0.0003331259727478033
1300,331.13135266304016,0.08440098847398624,0.004340700674057149,0.004833293771743924,0.00047854027748107854
1400,351.57307028770447,0.09368249696857252,0.004246946096420426,0.00467889804840103,0.0003594423770904541
1500,369.1993947029114,0.09894318872263468,0.004538488245010507,0.0044939131736756645,0.00029543666839599594
1600,384.0727047920227,0.09083203028076486,0.004235385697228704,0.004735589013780997,0.00034920543261936736
1700,398.8813478946686,0.08358691694726163,0.004199143552780279,0.004608972120285184,0.00036250381469726546
1800,413.54451847076416,0.08950918829429913,0.004387957668304581,0.0046997044563294975,0.0003563528060913075
1900,428.2029812335968,0.08937197170050054,0.004543070030212536,0.004733788585662992,0.0003554889678955086
2000,442.37596559524536,0.0912023612843035,0.0044180160045625035,0.004675191354751742,0.00034593315124511646
2100,454.37613701820374,0.0867456146836751,0.004293885803222787,0.004571684122085699,0.00029543905258178765
2200,466.61042761802673,0.09280427018227505,0.004185299873352194,0.004586675691604764,0.00032239122390747074
2300,509.81886625289917,0.09213638950092845,0.004211189842224255,0.004715982580185082,0.0013398474693298384
2400,555.7406837940216,0.09052310718792814,0.004199334001541283,0.004699506330490276,0.0014481452941894576
2500,600.5674855709076,0.09368307277266709,0.00441867804527297,0.004691777706146397,0.0014296327114105153
2600,641.2989184856415,0.09054582712523165,0.004200420188903936,0.004643753242492835,0.0013090966224670402
2700,685.5167925357819,0.0941685717012836,0.004549513483047616,0.004646942090988311,0.001400961160659791
2800,731.0448932647705,0.09006830167241253,0.004297955894470341,0.004794306325912632,0.0014427884578704856
2900,775.7966752052307,0.0938278863715966,0.004187129783630503,0.0045455117702485545,0.0014279303550720152
3000,816.845543384552,0.08848680565724924,0.004509401559829848,0.004636690378189227,0.0013142548561096202
3100,838.9326739311218,0.08854351320214543,0.004195562587465704,0.004644316026142822,0.0006238288198198587
3200,855.5211606025696,0.09822567364186746,0.004153108119964726,0.004489291334152355,0.0004361101627349855
3300,871.5330238342285,0.08437363054705087,0.004222028541565063,0.004779388952255416,0.00041824159622192304
3400,887.4729595184326,0.08544218809132705,0.004382288074493545,0.004664583396911778,0.00041562557220459055
3500,901.6563184261322,0.08890469221548174,0.004493747138977182,0.0046585779666902,0.00036286940574645996
3600,912.7748119831085,0.09436227906287702,0.004214350700378556,0.004588397455215601,0.0002817595481872565
3700,920.3774394989014,0.08896591686596929,0.004603213214874394,0.0048112702846528745,0.0002724241733551028
3800,928.0256240367889,0.0900292980243847,0.004322895336151252,0.004722143840789941,0.000276432657241821
3900,936.3826920986176,0.0882712913673259,0.004313650035858282,0.0045540903568269285,0.0002986832618713373
4000,947.4861278533936,0.09444761243011497,0.0042195032119752415,0.004807220268249682,0.00040269041061401423
4100,958.0107841491699,0.08918430276761226,0.004185993337631361,0.004472487497329842,0.0003922631263732921
4200,968.3767244815826,0.0869839686962017,0.0043371376037599045,0.004758872270584261,0.0003792559146881113
4300,978.5274908542633,0.09154839595605621,0.004546723031997814,0.0046689854621888745,0.00037195553779602027
4400,988.5562043190002,0.08888548385787848,0.004183369636535786,0.004577892255783226,0.00036673374176025316
4500,998.5481066703796,0.09349541943277588,0.004412641716003555,0.004534684276580939,0.00036819896697998017
4600,1008.715497970581,0.08392655360675061,0.004188388660975997,0.004688733734403484,0.00037273962157113183
4700,1018.4885995388031,0.09426624899560332,0.004186406040191787,0.004581007337570332,0.00036090536117553746
4800,1027.1631293296814,0.08936510094932645,0.004489609575271762,0.0047546063423158265,0.00031268854141235363
4900,1034.2074460983276,0.09353191689715397,0.004192751836776867,0.004564401197433629,0.0002515347957611088
5000,1041.345346212387,0.09365459021581875,0.004867164850235133,0.004683862352371362,0.0002632297039031975
5100,1053.275642633438,0.08765260330183425,0.0041857374191285514,0.004643354463577416,0.0004795109748840341
5200,1062.6348373889923,0.08745549297100651,0.004190117359161511,0.004574946308136123,0.00031283078193664493
5300,1072.1581585407257,0.09270876447207156,0.004581471586227537,0.004655592250824123,0.00034302320480346794
5400,1081.7098488807678,0.09080353565147124,0.0042116246700288325,0.004690078067779685,0.00033941478729248095
5500,1095.1815583705902,0.08913218455224158,0.0041426680564881566,0.004571177482605124,0.0004083902359008802
5600,1106.7458419799805,0.0845020503227827,0.004435519313812399,0.004731843280792391,0.00039114351272582853
5700,1117.0188751220703,0.08393693520564971,0.004187113475799703,0.004686551237106468,0.0003737287521362311
5800,1127.582358598709,0.08603712288274361,0.0042001599311829955,0.00477659735679642,0.0003830256938934331
5900,1137.8871569633484,0.0900799222118594,0.004321032094955583,0.004655243968963781,0.0003771131992340088
6000,1148.0261223316193,0.09506864015169152,0.004196571779251242,0.004628224277496491,0.00036978960037231375
6100,1158.3681163787842,0.08843589028742305,0.004778929826191623,0.004736512538365111,0.0003759119783129015
6200,1172.6286132335663,0.09283558799751436,0.004165009927749766,0.004578358125686788,0.0004017470836639395
6300,1185.0034165382385,0.09068759608864382,0.0043478447437287765,0.00453976025581374,0.0003880907058715824
6400,1197.0317733287811,0.09422899787391914,0.004339656543731831,0.0048399991512299975,0.00036100473403930726
6500,1203.9798305034637,0.07797776091790233,0.004187206029892102,0.004597618675232084,0.0002454390525817863
6600,1211.7991716861725,0.08673613161796519,0.004515569829940936,0.004736438798904569,0.0002922948360443111
6700,1223.6092281341553,0.08335188625391365,0.004220591545105118,0.004629169225692891,0.0004954449653625501
6800,1234.7371838092804,0.08558596082110707,0.004198623132705823,0.004708307170868068,0.0004533569812774653
6900,1244.916695356369,0.09705501668714028,0.004168677330017226,0.004531728601455835,0.00037793645858764686
7000,1255.7260475158691,0.09064026627824999,0.0042217083930970655,0.0046804723739625595,0.00039238934516906785
7100,1266.273307800293,0.08649568270161172,0.0041942627429963466,0.004730656862259054,0.00038329486846923734
7200,1276.213633298874,0.09280248994909789,0.0041633817672730765,0.004559247875213756,0.00036784963607788086
7300,1286.4318866729736,0.08306763363722004,0.004612963724136494,0.00478936638832107,0.00037233128547668433
7400,1300.5008280277252,0.09624589398883554,0.004679807949066305,0.0045793681144715714,0.0004052876949310299
7500,1312.203331232071,0.08935762162743555,0.0042313612461091395,0.004666213035583648,0.0003786489963531495
7600,1322.4538960456848,0.08864567884234653,0.004198037379128722,0.004670966393607148,0.0003698285647800988
7700,1332.1765673160553,0.08871650495478876,0.004547752904892116,0.004692981767654571,0.00035719394683837865
7800,1341.2030985355377,0.08234545925418933,0.004613199996948376,0.004624133253097673,0.00032447819709777745
7900,1350.135880947113,0.08427862263428905,0.004408083009719991,0.004664933395385893,0.00027369208335876354
8000,1357.3873455524445,0.0875249182867366,0.004391816186905046,0.004596589183807507,0.00025093965530395486
8100,1365.0292863845825,0.08222667102446912,0.004209357452392714,0.004737310218811183,0.0002693536758422854
8200,1372.5779223442078,0.09367285758630826,0.00435628113746657,0.004566398000717304,0.0002678541183471679
8300,1383.0916154384613,0.09170811144341086,0.004251894378662246,0.004461658668518193,0.0003721346855163567
8400,1394.9982979297638,0.09022737543409906,0.0042400047779084645,0.004679655361175674,0.0004340872287750249
8500,1408.7004263401031,0.09494671203593202,0.004188726615905894,0.0046596301078797855,0.0004227029800415033
8600,1419.1911346912384,0.09267944389335342,0.004214097023010385,0.004697065067291419,0.00038198957443237277
8700,1429.2169001102448,0.0924300440602321,0.0042033194541932425,0.0046040805339814615,0.00036839828491211
8800,1439.1084468364716,0.09312896814099107,0.004554271173477317,0.004702148008346714,0.0003627108097076426
8900,1449.0843245983124,0.08637705451009157,0.004240346670150901,0.004775264644622949,0.0003623961448669434
9000,1457.6173129081726,0.08980910090220873,0.004213002586364889,0.004766317510605019,0.00030214481353759803
9100,1465.167157649994,0.0920647599131757,0.004187894644056179,0.004615559979847651,0.000267057807104928
9200,1472.3558745384216,0.09020503552828053,0.004248404502868785,0.004882058238983312,0.0002504304409027101
9300,1479.599112033844,0.09636994004441699,0.0042146289348603694,0.004662582302093653,0.00025610675811767576
9400,1486.9692051410675,0.0875031086058659,0.004331622791290426,0.0045963859081269804,0.0002608607292175298
9500,1494.5791149139404,0.09490033764426505,0.004188203859329354,0.004553556680679459,0.00026831827163696273
9600,1503.962786912918,0.09440476287581533,0.0041904237747193655,0.004654255104065089,0.00033998045921325546
9700,1514.3744637966156,0.09043552900243164,0.0045684433460236856,0.004552581501007213,0.0003877617835998539
9800,1524.8446304798126,0.08740177937711867,0.004185773372650287,0.004739326286316069,0.00038197188377380397
9900,1535.204155921936,0.09132293755826139,0.004209287691116465,0.004774151277542264,0.00037619428634643614
10000,1545.3856570720673,0.08465770579967616,0.004562299919128558,0.004515442991256844,0.0003778286457061774
10100,1555.6289250850677,0.0892624414600816,0.004202550172805908,0.004697706842422634,0.00037725892066955627
10200,1565.9702830314636,0.08343074826745918,0.004234569787979271,0.004809474086761621,0.0003743593692779534
10300,1575.9468066692352,0.08243125081523113,0.004211102294922012,0.0046760554313661305,0.0003625845909118645
10400,1584.4167680740356,0.08125972281783479,0.004516680622100964,0.004673513174057161,0.0003056948184967035
10500,1591.6278100013733,0.09766477154320745,0.004730275011062759,0.004506894445419445,0.0002560611724853517
10600,1601.485118150711,0.0827171844816565,0.004216296339035161,0.004582089798791205,0.0002715080124991283
10700,1611.2717287540436,0.08742363321189367,0.004364153194427626,0.004700646066665802,0.0002741518020629879
10800,1619.0932097434998,0.0828211014042421,0.004195027112960955,0.0047211806774140885,0.0002670260906219487
10900,1627.8288254737854,0.08810736156410875,0.0042050585746766424,0.004618432569503929,0.0003132891178131106
11000,1638.7103188037872,0.09525853868472883,0.004178743934631472,0.004571921396255627,0.0003887641429901129
11100,1649.7036032676697,0.09588647373338333,0.004167750358581679,0.004555903863906996,0.00038826675415038994
11200,1660.129915714264,0.09264286511566971,0.004207204055786269,0.004692670965194843,0.00037770075798034664
11300,1670.2981543540955,0.0883112917771556,0.0043003295421601756,0.0046719240665437246,0.0003700439453125004
11400,1681.022263288498,0.08593323685378981,0.0044137333869935565,0.004740347814560091,0.00037500305175781234
11500,1694.035917520523,0.08386792723698207,0.004768040561676182,0.004808386325836339,0.00038802876472473173
11600,1703.856151342392,0.09482110065910751,0.004230154514312886,0.004671402502060078,0.0003564146995544442
11700,1712.3023386001587,0.09274885672381364,0.004221740913391246,0.004721722126007237,0.00027631278038024905
11800,1719.7552971839905,0.08778745935788988,0.004395931577682634,0.004518197250366347,0.0002526930332183833
11900,1727.1793565750122,0.08653097817624684,0.004205824804306166,0.004674431514740138,0.0002731266975402829
12000,1735.1714961528778,0.0790557992041044,0.004212073945999277,0.004726240777969511,0.0002992736816406248
12100,1742.9710936546326,0.09525771837274856,0.004753102670397213,0.004587399966376318,0.00028650294712611555
12200,1753.0641157627106,0.08548601653586235,0.004501493930816797,0.004759490680694738,0.0003665195941925046
12300,1763.4649391174316,0.08548854767676906,0.00419621973037734,0.004621385097503803,0.0003798137664794919
12400,1773.5216240882874,0.09873055665679085,0.004152858829498427,0.004452085828781249,0.00037494597434997647
12500,1783.7344295978546,0.09023124163397642,0.004192326927185189,0.00465106897354141,0.00037435688972473194
12600,1793.5123476982117,0.0896835688007188,0.004273957300186291,0.004513155317306671,0.00036032629013061355
12700,1803.5157043933868,0.09256095655831938,0.004228325366974009,0.004706430006027379,0.00036765155792236215
12800,1813.3765354156494,0.08681232663714246,0.0042055463314057805,0.0046177755355836445,0.0003621782779693598
12900,1823.2021946907043,0.08643180304295975,0.004373185873031747,0.004581189346313616,0.0003626252174377434
13000,1832.0622494220734,0.09023481944408374,0.0041995806217194915,0.004680711078643938,0.00031917657852172863
13100,1839.6912634372711,0.0932963752210653,0.004181160402298102,0.00465225663185134,0.00025351533889770515
13200,1849.2650742530823,0.0916244298872687,0.004192030525207652,0.004680688285827775,0.0003605148315429689
13300,1868.7495427131653,0.0829280191673471,0.004698787069320815,0.004717432260513456,0.0008297639369964563
13400,1882.8464555740356,0.08263391717420315,0.004441335439682152,0.004823529243469402,0.0005149631023406984
13500,1894.4445436000824,0.09003807334238578,0.004581528139114513,0.0046607989311219684,0.0004021158695220954
13600,1905.5090029239655,0.08767150127896192,0.004385443169730188,0.004721421909332434,0.00039073749950953855
13700,1915.8100702762604,0.09269788872803884,0.004207642412185776,0.004612671136856234,0.00037644457817077626
13800,1926.7052512168884,0.092561370757146,0.00421825847625746,0.004650612735748437,0.0003754018783569334
13900,1937.059867143631,0.09181241658279539,0.00431346039772047,0.004694366741180563,0.00037867045402526807
14000,1947.8140940666199,0.08340549420374249,0.004908422851562652,0.004612473773956448,0.00037514548301696655
14100,1958.1585485935211,0.08073418946374494,0.004194524717331075,0.0046429994106294125,0.0003694993019104003
14200,1968.238007068634,0.08671375284248654,0.004186523151397833,0.004580433225631853,0.0003741733074188226
14300,1978.1831393241882,0.09235412994666019,0.004412764787674093,0.004657614564895785,0.00036796636581420885
14400,1988.5506162643433,0.0896361921848883,0.0043493537425996235,0.0046132819175721635,0.00031423034667968776
14500,1997.0589096546173,0.08734400047041371,0.004329260063171514,0.004647033452987814,0.0002632832050323495
14600,2005.228717803955,0.08583453395716222,0.004248538541793966,0.004832142305374306,0.0003075088977813726
14700,2022.3506679534912,0.09409630064750006,0.00420801949501052,0.004687103033065947,0.0006940146446228018
14800,2032.33016705513,0.09347569632926138,0.004294524097442749,0.004671035861969147,0.0003773354530334472
14900,2043.185175895691,0.08869369791818929,0.004203475570678844,0.004658908367157131,0.0003937983989715582
15000,2055.2460787296295,0.08483647078279417,0.004202657747268825,0.004768437623977799,0.000392439222335816
15100,2067.6546642780304,0.08832788945521887,0.00452352874619634,0.004533696038382536,0.00044925182206290176
15200,2105.364402770996,0.08609830888652345,0.004203812503814828,0.004681629228592061,0.001349899435043336
15300,2144.531536102295,0.09207243285228683,0.004980495166778708,0.004586595964431901,0.0013579573631286642
15400,2172.6950957775116,0.09253668853708899,0.004205230522155903,0.004670966720581202,0.0011473344326019307
15500,2203.790926218033,0.08924504014433919,0.00423046126365675,0.004759722709655921,0.0012408320426940931
15600,2236.7813198566437,0.09134709961470673,0.004300806379318381,0.004628504705429234,0.0013065997123718261
15700,2269.2629120349884,0.09089244452662731,0.004427916526794572,0.004687777233123927,0.0012924179077148435
15800,2303.047329187393,0.09187472502690426,0.004196026229858539,0.004683540296554716,0.001302067041397095
15900,2331.3123025894165,0.08158605068093641,0.004422221851349026,0.00474080891609207,0.0011544878005981445
16000,2363.2280781269073,0.09061670561550883,0.004189728260040415,0.00460982537269607,0.0013039680957794197
16100,2395.2393007278442,0.08399070537792074,0.0042322250843049546,0.004757755231857451,0.0012955873012542737
16200,2426.710726261139,0.08764134988884796,0.004164969682693615,0.004550702619552749,0.0012824312686920134
16300,2455.1982684135437,0.08974623137189357,0.004549402332306049,0.004683459234237831,0.001158621454238892
16400,2486.6167027950287,0.08559523645433478,0.004372001409530769,0.004666507768631135,0.0012825700759887704
16500,2518.353019952774,0.08587915137883032,0.004182990121841575,0.00472867221832291,0.0012910278320312535
16600,2549.252123117447,0.09543604458443122,0.004155560800007529,0.004431268201555664,0.001283481713703704
16700,2558.8412103652954,0.0822567671932029,0.004500311422348139,0.004600939655304094,0.00034791488647460976
16800,2566.994980573654,0.09851774745273502,0.0041765311717988345,0.004601237440109396,0.0002909786224365234
16900,2574.6107392311096,0.09706032863321065,0.004332362842559943,0.0045704958915712,0.00027164773941040023
17000,2582.1900928020477,0.08556625525169947,0.004208054924011385,0.004794362878799589,0.0002628578186035154
17100,2590.093637228012,0.08552712422485614,0.004186201238632334,0.004674511051178134,0.00027769241333007824
17200,2599.896651029587,0.08651668915578455,0.004275594139099264,0.004687436056137241,0.00034373655319213937
17300,2610.4724073410034,0.08473571142720795,0.00459601764678968,0.004658089923858786,0.00038238978385925166
17400,2620.648121356964,0.09366141466179545,0.004190334367752219,0.004637195158004889,0.00037476658821105924
17500,2631.0179920196533,0.08882946906961735,0.004796214389801169,0.004716858339309838,0.0003720554351806651
17600,2641.296614408493,0.0863885047986345,0.0044070622444154165,0.004734114122390896,0.00037407975196838397
17700,2651.2992923259735,0.09087744317105864,0.004184961509704736,0.004587189149856708,0.00036211519241333037
17800,2661.7225770950317,0.08663642123374443,0.00420417890548718,0.004628430461883698,0.000288324642181396
17900,2670.532862663269,0.09045412549660879,0.004209885549545431,0.004626212787628325,0.0003054329395294188
18000,2690.8845224380493,0.08684853762638695,0.004217040109634535,0.004728372335434108,0.0007997130393981922
18100,2722.248564004898,0.08896600114479039,0.004314526414871352,0.004642454671859892,0.0012242500782012943
18200,2733.7258508205414,0.08187280183617297,0.004214174195698469,0.004658586577006895,0.00040979491642543234
18300,2743.2986133098602,0.08929292640072033,0.004187395763397346,0.004654156446457045,0.0003217069625854488
18400,2753.490570306778,0.08713835055259946,0.004218335008621354,0.004817202520370646,0.0003218096256256097
18500,2762.140647649765,0.09367722372906923,0.004272026968002452,0.004428073740005634,0.00030939087867736784
18600,2771.2387013435364,0.08927323581200296,0.004225463104248191,0.004761096572876133,0.0003173508167266836
18700,2786.0027611255646,0.08963992095858858,0.00433294305801406,0.004733268213272237,0.0005120182991027836
18800,2800.4280660152435,0.08780613890818774,0.00422155876159682,0.00468022670745865,0.0004885753631591795
18900,2812.7682826519012,0.08982187049475865,0.0043456886291505376,0.004638676452636862,0.00041465163230895973
19000,2823.530295610428,0.08806509570057038,0.004403635549545433,0.004658259868621977,0.00035687589645385813
19100,2834.4055590629578,0.08885538470869213,0.004494370031356952,0.004735547351837309,0.0003554852962493907
19200,2845.937728404999,0.08454808986235082,0.004757301425933968,0.0044914518833161846,0.000388511085510255
19300,2861.9199266433716,0.09328153827075322,0.00418115520477309,0.004628689861297754,0.0005544127464294431
19400,2876.891020298004,0.09150601340102206,0.004217758035659916,0.004630596876144558,0.0005150259971618634
19500,2891.3109176158905,0.08916220904966636,0.004554038000106939,0.00471802487373367,0.0004902497291564932
19600,2905.7879021167755,0.08590300205984117,0.004209888887405538,0.004695720243454131,0.0004929607868194594
19700,2915.555060863495,0.09606035252846866,0.004256062711988311,0.004479341718128887,0.0003432556901659287
19800,2926.441190958023,0.0958309488984003,0.004170762920379788,0.004571177577972553,0.00032820539474487354
19900,2934.5329990386963,0.08531957134682282,0.004226040983200221,0.004716125869751139,0.00027886219024658227
20000,2942.3433027267456,0.09129665676815442,0.004563407087326188,0.004626226186752462,0.0002733996868133541
20100,2950.442836523056,0.08633001490196181,0.0043757400989533944,0.004765934801101835,0.00028400807380676277
20200,2958.9630138874054,0.08925943852834481,0.004202860832214503,0.004686175537109522,0.0002989612579345707
20300,2967.3884739875793,0.08181343541896924,0.004323176574707174,0.004644743442535545,0.0002965946197509765
20400,2975.3216648101807,0.08961595723501892,0.004205668878555427,0.004640641069412373,0.00028111891746521026
20500,2985.210749387741,0.08617384711175724,0.004400917387008811,0.004763552188873438,0.0006326646804809569
20600,2996.2529113292694,0.09125995151242497,0.004440760231018207,0.004673539686203155,0.0003591104030609131
20700,3007.998331785202,0.08819964063456914,0.004550825452804715,0.004594287919998295,0.00039251508712768513
20800,3018.660364627838,0.08972213982618532,0.004189642477035651,0.0045953836441041595,0.00038405470848083324
20900,3028.8330178260803,0.09104905034460561,0.004179861545562877,0.004700735473632961,0.00036681246757507344
21000,3037.4354128837585,0.08974145361032948,0.004484356212616101,0.004667776966095121,0.0002992420196533206
21100,3045.4920303821564,0.07836209848764479,0.004219015550613546,0.0047026180744172644,0.00027524151802063026
21200,3053.3572211265564,0.07978122535437854,0.00420835426875537,0.004706292608806215,0.00026959986686706547
21300,3060.752469778061,0.09108130849714703,0.004183951091766494,0.004640930986404572,0.0002533784389495846
21400,3068.2610602378845,0.08869158460930703,0.004379821300506714,0.004591895437240734,0.00026095933914184515
21500,3076.140444278717,0.08691926162855781,0.0044001111030579935,0.004682484769821319,0.000273431587219238
21600,3090.3499681949615,0.08564687324619069,0.00442110233306899,0.0046300507068635565,0.00039652423858642545
21700,3102.5451221466064,0.08818437395436594,0.004212246847152841,0.0046807820796967966,0.0003894676685333254
21800,3112.887137889862,0.0892513867566625,0.004428578329086442,0.004618570423126361,0.00037699933052063033
21900,3122.815990447998,0.09269677243747544,0.004332630920410288,0.004606716585159441,0.000366011714935302
22000,3133.5778427124023,0.08340988776729434,0.004238549423217916,0.004826922988891763,0.00037395057678222686
22100,3144.484414100647,0.09018225943392717,0.004306293916702401,0.004665740919113306,0.0003680978298187264
22200,3153.254246711731,0.0906208316115518,0.004534826087951794,0.004538088846206796,0.000316603231430054
22300,3161.7940084934235,0.08686330983390533,0.004588677930832052,0.00468566765785232,0.00030652441978454596
22400,3169.3297810554504,0.09164395636149605,0.004210093069076679,0.004770485353470007,0.0002647040367126466
22500,3176.6666646003723,0.08541412358059335,0.004182031297683843,0.004675632143020783,0.00026782474517822235
22600,3184.931002140045,0.09493075643710372,0.004176152849197517,0.00454170494079603,0.0003164094448089601
22700,3193.6122431755066,0.09129456093189692,0.004310961525780936,0.004637756368092259,0.00033266979626246835
22800,3206.689243078232,0.08960140495193741,0.004195583486557139,0.004657209300995025,0.00037189178466796836
22900,3218.627917289734,0.08812612403024069,0.004210426712036272,0.004753487396240382,0.0003937248229980467
23000,3230.029441356659,0.09222034246927692,0.004172980737686299,0.00453639149665846,0.00038940091133117603
23100,3240.4037721157074,0.08963463711131697,0.004485342979431284,0.004614794540405431,0.00037468929290771316
23200,3250.8205065727234,0.08470944832797647,0.004582289886474729,0.004813655900955355,0.00036833176612854164
23300,3260.9280195236206,0.09208110295190186,0.004497905969619894,0.004682815122604512,0.00036448469161987323
23400,3271.2739582061768,0.09308207026349999,0.004401662588119646,0.004642033147812027,0.0003686472892761233
23500,3283.8082883358,0.08746714492775606,0.004170936346054207,0.004630610990524435,0.0003666447639465328
23600,3293.2981581687927,0.08772579424005515,0.004415299463272241,0.004492834711074961,0.00030106611251831124
23700,3300.7333111763,0.0933934324685721,0.00420237312316908,0.004697449159622347,0.00025183911323547353
23800,3311.905526638031,0.08487581813902993,0.004243459129333635,0.004676481771469261,0.00045767087936401365
23900,3330.109888315201,0.08690258727414354,0.004145679092407361,0.004529434967041161,0.0007721844673156739
24000,3340.8284294605255,0.09029608238650588,0.004413385391235497,0.004710279893875275,0.0003824785232543943
24100,3351.945741415024,0.0853493875796585,0.004199588966369759,0.004715305900573886,0.0003999427318573006
24200,3362.738692998886,0.0813285330503157,0.004365194184439673,0.004736213595526699,0.0003864951951163158
24300,3373.300514936447,0.08785556246714639,0.004419462585449358,0.004675055742263955,0.00038163080215454113
24400,3383.9997470378876,0.08916954759130302,0.004319801235199117,0.00481036825180069,0.00038212366104125884
24500,3394.0064735412598,0.09613117879457041,0.004171676015854012,0.004510519027710102,0.00036504168510436953
24600,3404.740579843521,0.0873902098201914,0.004882824945449976,0.004861275625229039,0.00038074870109558066
24700,3415.0023918151855,0.0964897612242445,0.004168108510971197,0.004656950664520399,0.00036951007843017525
24800,3424.990137577057,0.09586628032671633,0.004288906145095953,0.004574626731872708,0.00035898613929748587
24900,3434.5021517276764,0.08651234392127932,0.004195883798599375,0.0046371178150178445,0.0003389904975891114
25000,3442.6823801994324,0.08628769445115464,0.004215048599243297,0.00464656548500074,0.0002837878704071048
25100,3449.931802511215,0.08714897409686095,0.004407392024994034,0.004632314443588404,0.0002526848793029785
25200,3457.8658957481384,0.08708502114540517,0.00474540143013014,0.004639425134658957,0.00029255747795105047
25300,3469.7742409706116,0.08824065369475585,0.004188579177856581,0.00469690704345718,0.0004440137863159174
25400,3481.913234472275,0.08506793687121923,0.0042197131156922725,0.004670794677734525,0.0003900871753692618
25500,3496.759428501129,0.08415843721737043,0.004250027751922754,0.004758055877685702,0.00045051517486572256
25600,3509.012364625931,0.0868595648487479,0.0041771226406098665,0.004548832893371735,0.00039920673370361423
25700,3520.4371383190155,0.08861738753359401,0.004117395326069557,0.004496887506757592,0.00038810522896902915
25800,3530.6606833934784,0.09149163529644788,0.004194856643676887,0.004545359897613666,0.00038132271766662477
25900,3540.988867998123,0.08848411188201523,0.004556374931335595,0.004768092966079868,0.000381028747558595
26000,3550.9478566646576,0.09668012003322991,0.004171359157562383,0.0045567350387574574,0.0003724991321563718
26100,3561.063724756241,0.08807390597731458,0.004412473297119267,0.004634088802337793,0.00037565960884094243
26200,3571.08180975914,0.07755679241545246,0.004244986677169937,0.004718431472778464,0.0003698019027709955
26300,3580.958070755005,0.09499971403602225,0.00421855792999281,0.004647941017151025,0.0003655824661254867
26400,3588.573567390442,0.08924911744065969,0.0042231057167054584,0.004799134874344035,0.0002693548679351806
26500,3595.63445520401,0.08621365974972982,0.004359819602966461,0.004720226669311669,0.0002541076660156251
26600,3606.9547204971313,0.09331495678641129,0.004172374391555908,0.0044783860206605375,0.0004730276584625252
26700,3617.906807422638,0.09032828469951788,0.0042258327007295045,0.0047670488834382655,0.0004078849315643302
26800,3628.724107503891,0.08314976070863779,0.004333752727508697,0.004778378295898604,0.0003942224979400645
26900,3640.167072057724,0.08305454835229474,0.004653670549392847,0.00453775119781508,0.00038813009262085064
27000,3651.039564371109,0.08499193768792272,0.004470842504501487,0.004631717300415177,0.0003902002811431884
27100,3661.6136350631714,0.0843925189930093,0.004202910280227795,0.004658934783935687,0.00037340683937072766
27200,3671.7054855823517,0.09284456532089377,0.0043994478430068144,0.004723594965253709,0.00037275586809430787
27300,3681.8604593276978,0.0901379364687516,0.004364948177337798,0.004755477714538721,0.0003749887943267833
27400,3691.805136680603,0.08572343593410264,0.004208828258514538,0.004621858644485616,0.00036979465484619214
27500,3699.644935131073,0.09082376508454772,0.004190511560440193,0.004625383996963653,0.0002788518428802495
27600,3706.602592945099,0.0884520811987932,0.004394035959243906,0.004522850322723526,0.00025602469444274906
27700,3719.9296255111694,0.08236202791967841,0.0042334197521211045,0.004847398900985887,0.0005707082748413087
27800,3737.784525871277,0.08897746929038616,0.00453968949317945,0.004642935752868799,0.0007631817817688
27900,3748.2018518447876,0.08926484584598184,0.0044639830112458735,0.004533226919174332,0.0003872709274291991
28000,3758.689945936203,0.08867680454567768,0.004374893808364999,0.004507862091064581,0.0003896676063537601
28100,3769.726005077362,0.08771242528466655,0.004327537584304931,0.00472925839424148,0.0003940858364105231
28200,3780.5080840587616,0.08780867221229084,0.004214784574508798,0.004675027656555322,0.00038108296394348084
28300,3790.7169575691223,0.08735247950490128,0.004217651414871348,0.0046821321487428135,0.00037855658531188896
28400,3800.631603717804,0.08882745005417628,0.004477631521225101,0.004586625623703145,0.0003665068626403819
28500,3810.6376054286957,0.09250469876196349,0.004199383783340578,0.004702646446228187,0.00036883826255798357
28600,3821.1335434913635,0.09071887351943433,0.004393504762649692,0.004785382032394573,0.0003733344078063967
28700,3833.617216348648,0.08697504058149672,0.004214631550652772,0.004723915985652529,0.00036608477319989867
28800,3841.0508422851562,0.09496668341030783,0.004196331453323485,0.004685692119598542,0.00026289939880371095
28900,3848.227148294449,0.08219409947470918,0.004223534679412964,0.004711018371582184,0.00025568356513977
29000,3856.669411420822,0.08846375281464817,0.004560014295578143,0.004670064687729029,0.00032528581619262794
29100,3866.160788536072,0.08753363253587419,0.004564576196670666,0.004675508642196803,0.0003754540920257569
29200,3875.1479461193085,0.0898757627258737,0.004202593660354759,0.004721212673187402,0.00033793368339538553
29300,3886.1157732009888,0.08880440068456165,0.004557414293289308,0.00472196774482743,0.00040345516204833877
29400,3896.7283828258514,0.096394526479584,0.004313201093673845,0.0046317292690278644,0.00039271774291991905
29500,3907.0928478240967,0.08225119742143638,0.004188275527954228,0.004607583427429338,0.00038512554168701154
29600,3917.3307242393494,0.08535998658109474,0.004182401084900028,0.00452888450622573,0.0003801569938659663
29700,3927.5353121757507,0.08963940514839344,0.00419610695838942,0.004579060602188237,0.0003776669025421142
29800,3937.4626834392548,0.08629775023654088,0.004206480789184714,0.004732329511642621,0.00036561260223388724
29900,3947.770758628845,0.0838091909247897,0.004388245964050437,0.004708394622802894,0.00038140172958374066
30000,3957.853070497513,0.08933204148736389,0.00438247060775769,0.004622009754181052,0.000372528409957886
30100,3966.987093448639,0.09379705607271516,0.00446079435348523,0.00454877533912672,0.0003318317890167234
30200,3974.9226608276367,0.08750976037762982,0.004191414533342774,0.004646417318071784,0.00028271763665335415
30300,3982.373598098755,0.08489924052742617,0.004234616231918459,0.004791519689560089,0.0002606020450592045
30400,3989.897480249405,0.09281436251622834,0.004352809953689712,0.004694597053527968,0.00026527156829833957
30500,3997.749367713928,0.08540952741155854,0.004482791948318634,0.004738776206970375,0.00027633171081542946
30600,4007.4143691062927,0.08320435052571096,0.0042016362190247895,0.004679983234405652,0.00035368566513061466
30700,4017.781509876251,0.0880544105556833,0.0041770699977876045,0.004596651506424095,0.00038478374481201163
30800,4027.945851802826,0.08731659758703658,0.004187628889083997,0.0046140964984895195,0.00037500667572021524
30900,4038.31565785408,0.08114540220864401,0.004194272661209242,0.004610774993896627,0.0003756227016448983
31000,4048.4805002212524,0.09591410378501894,0.004195020437240741,0.004642119741439955,0.00036933960914611755
31100,4058.6874730587006,0.09015838462146113,0.004432392501831189,0.004661373901367334,0.0003667049407958987
31200,4067.0822427272797,0.08906671251349048,0.0042044376850129475,0.0045443564891816425,0.0003052083969116225
31300,4074.0230720043182,0.09389203161185573,0.004724165916443008,0.004740105819702304,0.00024643645286560043
31400,4082.8193261623383,0.09154589874268719,0.004159203624725475,0.004565858268737932,0.00034973282814025836
31500,4092.9515018463135,0.07739827697125902,0.004243110561370979,0.004876213455200351,0.0004095927715301515
31600,4103.480894565582,0.09266450491172222,0.004626017475128304,0.004581173753738549,0.0003936944007873528
31700,4113.810883998871,0.09336142053393136,0.0043966567380088915,0.004561658539090988,0.00038567451068333104
31800,4124.666537284851,0.08784604097490355,0.004400843811035298,0.004783153247833407,0.0003875350475311277
31900,4135.278487205505,0.09144713233934121,0.004754687976837304,0.004679953575134425,0.00037704420089721677
32000,4145.279762744904,0.09156689635003673,0.0042670163154603325,0.004477353334427019,0.0003637861251831058
32100,4154.812718868256,0.09058323208728629,0.00417264814376844,0.004642215824127338,0.0003359640598297129
32200,4162.8384120464325,0.08891431972823355,0.0043116759300233344,0.00456320009231581,0.0002830087184906008
32300,4170.037155628204,0.08989327881548757,0.00418248915672316,0.004553314828872815,0.00025253548622131345
32400,4177.439635038376,0.09191112061633992,0.004236447191238534,0.004698606872558734,0.00025646781921386723
32500,4185.491688489914,0.08504868624198225,0.004301286363601827,0.004730542325973673,0.0002865326404571538
32600,4193.696716308594,0.09046030141095375,0.004492541742324958,0.004699251794815216,0.00029682292938232427
32700,4202.064717054367,0.08070942179358806,0.004440758943557886,0.004623583793640276,0.0002897017955780039
32800,4213.242870330811,0.08862450448479507,0.004185708618164203,0.004720053672790689,0.0003985034465789801
32900,4224.032160043716,0.08886209087885176,0.004215660619735859,0.004672970676422269,0.00038840227127075134
33000,4234.565419912338,0.08799004739812963,0.004185873699188355,0.004632986497879177,0.00038336024284362695
33100,4245.047034502029,0.09297936951554141,0.004208162069320815,0.004608850431442408,0.0003782346725463853
33200,4255.86278629303,0.08123269058613741,0.004444696862357145,0.004797631331852648,0.00038059067044939233
33300,4265.98787522316,0.08816835672773445,0.004216721248626839,0.004714047145843655,0.00036906938552856483
33400,4276.208032608032,0.0944060135232241,0.004508181619644315,0.004771213102340863,0.0003708140373229985
33500,4286.017018795013,0.083601908228903,0.004351249980926648,0.004593208932876724,0.00035570669174194304
33600,4295.148473739624,0.08552619330940535,0.004185504627227905,0.004702025318145902,0.0003276918888092034
33700,4302.417751312256,0.09206193946222511,0.004224438953399785,0.004712328577041776,0.0002523205280303963
33800,4310.013664722443,0.08805424041498522,0.004613633060455463,0.00467830262184157,0.00027943453788757287
33900,4318.681144237518,0.08841806748347805,0.004320037031173849,0.004653793954849403,0.00032745432853698817
34000,4326.947062253952,0.09198528585496202,0.0041676929950715475,0.004650000476837298,0.0003091490745544434
34100,4336.6470675468445,0.08688131449467243,0.004207980632782118,0.004715770864486834,0.00036938929557800274
34200,4346.7294182777405,0.08888253092694887,0.004287063026428344,0.004597378778457785,0.000390188980102539
34300,4356.981228113174,0.08194963926094863,0.004181883430481095,0.004620595788955826,0.00038401970863342303
34400,4367.883999586105,0.08323134706988534,0.004448556327819965,0.004812058544159098,0.0003879903316497813
34500,4378.208216905594,0.09592095628769096,0.004426639461517467,0.004613844490051414,0.0003829885482788091
34600,4388.371067047119,0.0850678456364688,0.004527461242675931,0.0046087664127351215,0.0003731259822845458
34700,4402.30467414856,0.09312395981249219,0.00414981293678298,0.00448233184814467,0.0004884623050689707
34800,4411.670342206955,0.0882654208732086,0.004164196859087386,0.0045670354775021425,0.00033056100436619365
34900,4420.093291044235,0.0867427620314819,0.00426138858795181,0.004770131254196315,0.00029496846199035667
35000,4427.10449552536,0.08293142082730219,0.0042380711555482274,0.004846004152298142,0.0002496513843536373
35100,4434.045697689056,0.08577762379415059,0.004196656370163104,0.004691274499893339,0.0002497761249542235
35200,4441.647394657135,0.08690933182860185,0.004463752222061294,0.0045599892616273365,0.0002811597824096673
35300,4449.489296674728,0.08889061006071415,0.004207181167602669,0.004662658166885525,0.0002940010070800773
35400,4457.54252743721,0.09320744020577225,0.004200327873230104,0.004575178956985614,0.00028251605033874523
35500,4467.262162208557,0.08896727683974037,0.004548675918579237,0.004683321619033961,0.0003369885444641111
35600,4476.5289578437805,0.08040663927103336,0.00439197492599502,0.004731389188766623,0.00033124890327453673
35700,4485.490651369095,0.09048964344858286,0.0044687394618989264,0.004587674760818625,0.00032752695083618124
35800,4493.422261714935,0.08876931455372467,0.0045515405178071485,0.0046790108203889355,0.00031351799964904825
35900,4500.929223537445,0.08422723552272839,0.004192049646377702,0.004589792108535908,0.0003073162555694583
36000,4509.300410270691,0.09173485002227504,0.004185782623291149,0.004611808013916162,0.0003158707141876218
36100,4518.120543479919,0.09441562411972768,0.004189524030685544,0.004664094638824607,0.0003143194675445551
36200,4527.058433294296,0.09186697141183098,0.0045402132511140215,0.0046049948215486115,0.00031804122924804776
36300,4535.763894319534,0.09119637293430577,0.0043749068805150814,0.004467053065981313,0.00031319160461425855
36400,4543.788067817688,0.08947211304476743,0.004371158361435082,0.004577299261093284,0.0003005350589752197
36500,4552.742238283157,0.08710100429854487,0.004239551544189581,0.004854093217849891,0.00031696391105651947
36600,4561.1441485881805,0.09156154936142852,0.0041896458148957625,0.004596254587173614,0.000297744607925415
36700,4568.1442222595215,0.0803942917664193,0.004370380496978912,0.004721427917480626,0.0002638188362121585
36800,4578.326594829559,0.08826580297505089,0.004237281942367692,0.004731958103180091,0.0003541264057159432
36900,4585.706022262573,0.08384559193564511,0.00416915330886854,0.004616267061233661,0.0002771931171417235
37000,4592.039030790329,0.08664097016757247,0.004431616306305072,0.004700572395324853,0.00025856561660766634
37100,4598.766060590744,0.08686491714642397,0.004218154668808122,0.004813330173492597,0.0002676526069641119
37200,4606.472474575043,0.09047632399932795,0.004742893934250013,0.004667093086242821,0.00030139083862304705
37300,4615.56188583374,0.09223375141278149,0.004184059286117675,0.004587563180923601,0.00034520254135131856
37400,4626.1096823215485,0.09090959144122202,0.004196626901626721,0.00463959803581251,0.00038704357147216836
37500,4635.894622802734,0.09197110414396224,0.0045534883499146845,0.004684240865707542,0.00037022852897644116
37600,4645.369567871094,0.08388272237890548,0.004320076274871971,0.004643024873733677,0.00036540246009826604
37700,4654.581895112991,0.09011584594725953,0.004206359672546504,0.004584141826629787,0.0003622016429901127
37800,4662.368220806122,0.09110263810405617,0.004185087462834086,0.004558062573841788,0.000318237113952637
37900,4670.574406147003,0.0859664244440149,0.004191123199463029,0.004619366598129417,0.0003073913097381598
38000,4678.521109819412,0.0850409350689928,0.004447975683212422,0.004807255220413362,0.00030209674835205075
38100,4686.0572917461395,0.08672841430224854,0.004207038450241221,0.004677476406097558,0.0002982951164245609
38200,4693.803055763245,0.09248661025938013,0.0043066497325898725,0.004695567417144942,0.00030102033615112315
38300,4701.752217054367,0.08460373134598172,0.004536543512344495,0.004625503015518341,0.00030485730171203726
38400,4709.149862766266,0.08412187160867647,0.004380388259887849,0.004704344081878812,0.0003004007816314691
38500,4717.784061670303,0.09093239487210575,0.004233194065094123,0.004727306222915804,0.00030632023811340335
38600,4725.057216644287,0.08706086382854612,0.004194186162948737,0.004639710330963295,0.0002638663768768305
38700,4732.772796392441,0.08678832815097902,0.00419861454963697,0.004589565610885763,0.00024780325889587387
38800,4739.908616781235,0.09578568786060435,0.004383940124511841,0.004588660001754897,0.00025196738243103044
38900,4748.049797534943,0.0851784776267091,0.004609400653839249,0.004746843242645414,0.0002893675804138186
39000,4756.187637805939,0.09280324572653115,0.004347689247131475,0.004650084352493427,0.0003122395992279058
39100,4763.671153783798,0.08800642245501651,0.004393756294250621,0.004567109870910778,0.0002873034477233883
39200,4772.145275354385,0.0859843621573886,0.004214575242996347,0.00472657608985916,0.0003088203430175779
39300,4781.446580171585,0.09310719546663526,0.004171026223046557,0.004623071772711759,0.00033558809416634735
39400,4789.779831647873,0.0898166062955165,0.004493988561630387,0.00461496644020094,0.00032716608047485404
39500,4797.413398742676,0.08282135701902005,0.004389340972900513,0.0046245440959931826,0.00031580996513366663
39600,4804.96369767189,0.08501478896307836,0.004752142477035648,0.0047072862148286295,0.00030815286636352477
39700,4812.308558225632,0.08773409721353122,0.004212427139282355,0.004619312572479391,0.0003032295227050779
39800,4819.547003507614,0.0894466580830263,0.004196873903274668,0.004654314136505277,0.0003008358478546137
39900,4826.854599237442,0.08914223535197445,0.004176818227768069,0.00456433401107803,0.00031006660461425765
40000,4834.464369773865,0.08978424225116009,0.004421328687667972,0.004664447116851959,0.0003080874443054202
40100,4841.957376003265,0.08698943757096768,0.0042303263664246905,0.0047738480567933615,0.00030171685218810973
40200,4850.054083585739,0.08881922364722421,0.004429457092285302,0.004634474802017349,0.00031337757110595744
40300,4857.08825469017,0.08596314404591583,0.004290965652465949,0.004639057016372817,0.0002877799034118651
40400,4863.714688301086,0.0899849534213108,0.00443542428016677,0.004757048892975023,0.0002717007637023927
40500,4870.283091306686,0.08898621182219472,0.004189343595504918,0.0046667342662812875,0.0002587711334228522
40600,4876.396918773651,0.08971446733703196,0.004200574922561772,0.004668537473678732,0.00024465503692626997
40700,4884.177534580231,0.0892778708516251,0.004202071094513063,0.004638125705719151,0.0002591960430145261
40800,4891.536707162857,0.09230315219829345,0.00418319877215807,0.004589503853661817,0.0003055638858250216
40900,4899.004723787308,0.08658000755548503,0.004221407365799092,0.004696521091461323,0.00031448435783386163
41000,4906.997476816177,0.08795160923267172,0.004180969190597668,0.004601883697509898,0.00032359728813171387
41100,4914.927850008011,0.08100945852443628,0.004176724672317638,0.004586848354339738,0.00031637716293335047
41200,4922.592473745346,0.08882867841704409,0.004313832473755016,0.0046056666851045066,0.00030984354019165114
41300,4930.678734302521,0.09138718033076863,0.004205924654007095,0.004668952226638933,0.000313860273361206
41400,4938.96019077301,0.09199537093795662,0.004197273778915544,0.004728188800811924,0.00031406536102294964
41500,4946.044690608978,0.0915911262434816,0.004432437419891496,0.004808243799209744,0.00028253221511840784
41600,4953.1611449718475,0.09175549906110769,0.004397717571258689,0.00466607604026809,0.00027010483741760316
41700,4959.032603502274,0.08650604687544915,0.004618198156356943,0.004787726879120053,0.0002357848644256592
41800,4964.678964614868,0.08988991350702183,0.004538467264175542,0.004552212905883926,0.00023976912498474158
41900,4970.676440477371,0.08498209630288639,0.004246185111999646,0.004730165481567537,0.00024986300468444827
42000,4976.9018638134,0.08966387439864944,0.004327181148529185,0.004597638368606717,0.0002516734600067141
42100,4983.950361967087,0.08877803944760317,0.004446026659011962,0.0045398491382600235,0.0002782233715057369
42200,4991.72891998291,0.08454743942836483,0.004301950168609771,0.004696856641769553,0.0003215944766998291
42300,4999.925102472305,0.08709445886346107,0.004313378163746557,0.0045957924979075,0.00031574374607631114
42400,5008.212826013565,0.08884665843969605,0.004221114969253669,0.004777527713775791,0.0003171358108520494
42500,5015.969514131546,0.08554528662660166,0.004335459804535056,0.004588361024856714,0.00031154761314392096
42600,5028.966833114624,0.08718968595328694,0.004213737392425679,0.004649897336959987,0.0004785116195678725
42700,5041.776012659073,0.09247481093321214,0.0042052421569825525,0.004681836700439599,0.0004750391483306881
42800,5055.289978265762,0.09044830829560777,0.004355776309967176,0.004630222558975358,0.0004792721748352062
42900,5068.144943714142,0.09107818541991565,0.004756320142746117,0.0045325059413911205,0.0004069080829620372
43000,5079.187148571014,0.08906763045543696,0.0041547256946564935,0.00456567964553847,0.000363687753677368
43100,5088.764543294907,0.08537794173137643,0.0044178920745851094,0.004770083045959625,0.0003608327388763432
43200,5099.227815151215,0.08643874710927689,0.004215262126922754,0.004681412458419943,0.0004086788654327383
43300,5112.807759523392,0.08922555802547225,0.004577222871780528,0.0046979006767274316,0.0005243695735931398
43400,5126.396763801575,0.08805322844679665,0.004228189563751356,0.004688712930679473,0.0004914730548858633
43500,5138.690483093262,0.08270401413068351,0.004176954555511609,0.00458410186767591,0.000473985671997071
43600,5151.837886810303,0.08439244197977575,0.004455421066284322,0.004746427965164324,0.00048653287887573214
43700,5164.889562129974,0.09019034606200808,0.004193415260315073,0.004684866285324249,0.00046194601058959997
43800,5174.9415447711945,0.0941698219323516,0.004197158724921215,0.004655976642881272,0.00036361311503818985
43900,5182.390309810638,0.08451999486444675,0.004203813266754281,0.004666088104248187,0.0002855666637420657
44000,5190.604948997498,0.09003627618849915,0.004344798707962171,0.004702092695236351,0.0002816490650177009
44100,5197.7316155433655,0.08138936454194162,0.00444329519271865,0.004696447181701814,0.0002576435565948483
44200,5204.839910984039,0.08405387858373156,0.004177134227752817,0.004626469659805436,0.0002695929527282724
44300,5211.28205537796,0.08984278654183347,0.004562695455551291,0.004780153179168861,0.00026989607810974187
44400,5218.63388299942,0.09712639020665322,0.0042940818309785255,0.004523183250427392,0.00030499725341796917
44500,5227.273836374283,0.08953104957608518,0.004185982084274429,0.0046404780387880006,0.0003657225608825685
44600,5236.835026741028,0.08651146903090493,0.004223571109771865,0.004739767599105983,0.0003702142715454107
44700,5247.912597894669,0.08602001390537083,0.004355840110778942,0.0045316830635072185,0.0003757470130920401
44800,5256.67888879776,0.09031643591842432,0.004188649320602556,0.004743494272232201,0.00035860915184020964
44900,5265.5374891757965,0.09115802471403069,0.004155279588699478,0.0045810188293458395,0.0003826527118682867
45000,5279.191024780273,0.07646999384373487,0.004202857160568369,0.004698673152923737,0.00048822555541992203
45100,5292.03458571434,0.09105796298120108,0.004738594532013077,0.004664261579513708,0.0004717175960540769
45200,5303.709488868713,0.08815251367281914,0.004538138389587527,0.004654188251495509,0.00045795173645019375
45300,5312.860345125198,0.09491750833513506,0.0041783095496042665,0.004613019616263397,0.0003350273949759351
45400,5319.100200176239,0.08693774040026785,0.004208187341690198,0.0047096053600312665,0.0002632799148559575
45500,5330.3668217659,0.08979946848842248,0.004286135196685928,0.004693249034881752,0.0005063404560089119
45600,5339.710317850113,0.08739703156934192,0.004209081792831553,0.004518313217163219,0.00037348618507385167
45700,5347.083855867386,0.09237172723001433,0.004300501155853408,0.00472583842277543,0.0003051729679107663
45800,5355.584371089935,0.09187268130023563,0.00430889816284195,0.0045971706867219495,0.0003569605827331544
45900,5364.338105678558,0.08349586276050908,0.004374752426147594,0.004552891111374033,0.00037221021652221605
46000,5373.011840343475,0.09187650219155526,0.004221978759765752,0.004746999597549591,0.0003659813880920412
46100,5381.92233300209,0.08861898177167102,0.004424382686615128,0.0046511596679689,0.0003664714336395264
46200,5402.929046154022,0.09182190389722568,0.004425482463836805,0.004709925413131865,0.0009572117805480954
46300,5431.312794208527,0.0861745335013665,0.00420787096023574,0.00469551458358777,0.0012799998760223386
46400,5458.062271595001,0.0883770773883022,0.00458086438179031,0.004786242294311692,0.0012250177860260007
46500,5479.041714429855,0.08498949876650869,0.004216829586029172,0.004626209211349631,0.0009087209701538064
46600,5489.689852714539,0.09290933933738019,0.004663358879089514,0.004730788803100737,0.00036754894256591777
46700,5504.99609875679,0.07813943972670613,0.0042223710536958255,0.004583455753326563,0.0005231703758239753
46800,5520.683387041092,0.09198421441006646,0.004178634309768809,0.004569440841674939,0.0005641173703329883
46900,5531.9320459365845,0.09229883709201081,0.004147464323043963,0.0045061062812806404,0.00037899098396301247
47000,5542.759547948837,0.08823335896162394,0.004755063867569102,0.004699346351623684,0.0003778718471527102
47100,5554.832267522812,0.09782978907965438,0.004163421916961809,0.00451467533111586,0.0003791752815246577
47200,5565.663078784943,0.08257458832410744,0.004398472690582406,0.00460898447036757,0.00037776775360107433
47300,5575.213936805725,0.08622270654726576,0.004183083629608301,0.004652856874466095,0.0003656850814819331
47400,5584.399508237839,0.08772876431073348,0.004220794391632209,0.004757975149154812,0.0003579475879669192
47500,5592.382431268692,0.08575748490427923,0.004173557949066296,0.0045054901599885355,0.00033178315162658606
47600,5599.535863399506,0.09092262642899934,0.0042432361125947496,0.004821340370178389,0.0002842356681823725
47700,5605.701453208923,0.08435628215351537,0.004366919374466083,0.004599278974533221,0.0002499044418334959
47800,5611.992617845535,0.08987816381731072,0.00424644160270704,0.004753197622299351,0.0002417391777038576
47900,5618.469689130783,0.0858416800259427,0.004216464900970586,0.004721728181839148,0.0002490120887756355
48000,5624.689429521561,0.09405449198275365,0.004403739356994749,0.0045560262680055166,0.00025845098495483397
48100,5631.470969438553,0.08783702972473423,0.004543418884277483,0.004810783147812043,0.00027330827713012754
48200,5641.266841173172,0.0825840402177751,0.004540576362609997,0.00471235899925247,0.00036233043670654366
48300,5651.329512357712,0.0857356973541232,0.004209064027241429,0.004711599874496608,0.0003742608479091102
48400,5661.939656734467,0.09435543536460109,0.004548830795288222,0.0045455123901368575,0.00033528370857238726
48500,5669.671242952347,0.08779832780745914,0.004227849483490128,0.0046906810760499506,0.0003101344585418699
48600,5677.339658737183,0.08896213956788297,0.004191543865204002,0.004757956075668487,0.00030687532424926824
48700,5684.794983148575,0.0910032718717815,0.004147796010971208,0.0044975072383881915,0.0003110485553741448
48800,5691.894972324371,0.08754273459630327,0.00433521785736098,0.004601504516601705,0.00030211644172668415
48900,5699.427291631699,0.08616947722626773,0.004233290958404675,0.004677552461624296,0.00030668663978576573
49000,5706.673134803772,0.08387765718885781,0.004431535053253312,0.004672365617752226,0.0002996199131011964
49100,5714.857909917831,0.08685477242770152,0.004219484186172625,0.004803521013260044,0.0003146765708923348
49200,5723.871638536453,0.08389882701258068,0.004947074174881109,0.004633072757721101,0.0003225005149841308
49300,5731.670904874802,0.09078139802470925,0.0044136200904847525,0.004627029228210589,0.00028746418952941855
49400,5738.7797684669495,0.09062943712948042,0.004198634624481343,0.004695214653015268,0.00026882925033569304
49500,5744.417555809021,0.0890144867362601,0.0042121576309205495,0.004720195531845233,0.0002388664722442629
49600,5749.870981693268,0.08354321613783643,0.00421608366966261,0.0046236254215241916,0.00023570160865783716
49700,5755.50674533844,0.08879814770403655,0.004267844820022704,0.004543489456176892,0.00024029688835144016
49800,5761.375290632248,0.08958712232145459,0.004206583840506558,0.0047385143756867995,0.0002458691937582833
49900,5767.79859662056,0.0901533447160928,0.00423074560165419,0.004744611740112453,0.00026409811973571726
50000,5775.476790904999,0.09194220399659164,0.004341283559799319,0.00465189547538772,0.00032340154647827134
50100,5783.166351318359,0.0859252082156896,0.0042049409866334354,0.004663062000274802,0.00031931767463684135
50200,5790.898432731628,0.08176316367174388,0.0045018115997315835,0.0047351006507875045,0.0003171104907989498
50300,5798.554616689682,0.09082041143564482,0.0042024700641633385,0.004575370216369764,0.00031293849945068347
50400,5806.006776332855,0.09199582794545184,0.004387813949585079,0.004656789159774922,0.0003148250102996819
50500,5813.269899129868,0.08141839439537422,0.004171517038345473,0.004656208229065088,0.0003111711502075203
50600,5820.322083234787,0.08862083822968259,0.004221020078659191,0.004654991817474516,0.0003054023742675783
50700,5827.298428297043,0.09442228453002546,0.004397042989730985,0.004752071857452539,0.0003040341854095463
50800,5834.4578013420105,0.0877263549808958,0.004334131669998307,0.004726731777191319,0.0003089317798614497
50900,5841.360069274902,0.08780450335913023,0.004154108238220341,0.004549837779998923,0.0003056823253631594
51000,5847.700166463852,0.0856733013456848,0.004569436264038216,0.0045092754364015105,0.00029104094505310126
51100,5853.032663345337,0.08760603141163274,0.004214518117904796,0.004724001455307164,0.0002452856540679934
51200,5858.234190702438,0.08713236589649988,0.004571096992492821,0.004633872127533106,0.0002275012016296387
51300,5863.518389225006,0.0901393783433651,0.0043059917449952585,0.004619285964965961,0.00024199676513671843
51400,5868.968327522278,0.08768181106838256,0.004236141136714528,0.004770207868303728,0.00026492919921874985
51500,5874.813277959824,0.08291435598868484,0.004379087829589976,0.004894201278686676,0.00028102250099182183
51600,5880.816346406937,0.09566289197367299,0.004344804477691777,0.004511375617981078,0.0002852305889129633
51700,5886.76531624794,0.08987993728209252,0.004202611827850466,0.004727543401718291,0.0002659962177276606
51800,5893.285301923752,0.08348866007675985,0.004177895879745615,0.004639014625549459,0.0003035465240478522
51900,5899.810365200043,0.08723560802746672,0.0042136517047883446,0.004709059810638573,0.0003131725311279295
52000,5906.122088670731,0.08618251300518302,0.004178604078292982,0.0045424514293672,0.0003071910858154295
52100,5912.459749221802,0.09183364517139114,0.004380654525756972,0.004637579917907867,0.0003023437500000005
52200,5920.338988542557,0.0919214434896852,0.004397022008896018,0.004694297075271752,0.0003126517772674552
52300,5927.608080863953,0.08345496897789989,0.004988611745834506,0.004709236049652254,0.0003090529441833511
52400,5934.8445727825165,0.09236441821684829,0.00420097327232374,0.004632138776779312,0.00030268044471740656
52500,5941.92195725441,0.09074305602132358,0.004173215866089001,0.004554118394851829,0.0003027962684631347
52600,5949.051351308823,0.0875458556004294,0.004260650062561167,0.004821857738495029,0.00030320763587951663
52700,5956.18908405304,0.08664427929029492,0.004522764921188497,0.004548374223709243,0.0003040950775146483
52800,5963.310443639755,0.08775354600396343,0.004149885368347298,0.004507894659042482,0.0003065667629241944
52900,5981.311509132385,0.08042847859516927,0.004226438317980228,0.00483685910361171,0.0008170946802411761
53000,6005.727474689484,0.09086200646697774,0.004370704174041884,0.0046747954368592795,0.0011382966995239262
53100,6028.724015712738,0.08979564651481364,0.0042121902942658706,0.004611311674118186,0.001065292119979858
53200,6055.426975727081,0.09102963333784286,0.004211342716217183,0.004757896852493442,0.0012180902957916267
53300,6084.5239996910095,0.08485865656180573,0.0041847564697266885,0.004600663232803493,0.0012918153762817325
53400,6117.094611167908,0.09097239983685562,0.0047962141036988655,0.0046462665081025666,0.001321916103363038
53500,6145.326207637787,0.08222851169410542,0.004550965881347789,0.004595773363113549,0.0012686701774597138
53600,6171.107937574387,0.08815971385253257,0.004210468244552741,0.004708570480346822,0.0011654753684997537
53700,6199.339106321335,0.09577630075495483,0.004430117225647103,0.004589990949630872,0.0012657495021820046
53800,6228.271440029144,0.0925965047426144,0.004177323865890634,0.004624351119995258,0.0012867467403411856
53900,6256.791779756546,0.08419823984691081,0.00435264186859144,0.00454100775718702,0.0012773699760436985
54000,6282.921146392822,0.08217177365614313,0.004205970144271976,0.004685022592544702,0.0011758678436279298
54100,6311.064348697662,0.08547030856850363,0.004199708700180202,0.0047109461784364285,0.0012510467529296854
54200,6340.679136753082,0.09097741546041832,0.004180121088028077,0.004536555433273445,0.001303367948532102
54300,6367.043615579605,0.09147044127075947,0.004491540956497323,0.004714373064041278,0.0012508509159088112
54400,6380.00511598587,0.08839672346212485,0.004182559490203972,0.00462441407612407,0.0005582876954759858
54500,6388.7507112026215,0.09112422498004585,0.004207453680038577,0.004576622438430938,0.000342872238159179
54600,6397.334473371506,0.09036495296595976,0.004622365856170779,0.00456206870079055,0.0003422865390777605
54700,6405.760341644287,0.08465209425754085,0.004389361095428603,0.004709401893615865,0.00034111456871032753
54800,6414.843826532364,0.09035370477765944,0.0041936499118806255,0.004607561826706064,0.0003657711982727064
54900,6426.887595653534,0.08697866818735026,0.004468614482879773,0.004535944747924949,0.0004971406459808355
55000,6439.021850347519,0.09411641443924199,0.004288268661499157,0.004624679279327545,0.0004991891384124756
55100,6450.003361940384,0.08082510572161175,0.0043306104183198435,0.004762518501281896,0.00046201505661010595
55200,6459.956597328186,0.08387657830943454,0.004250189208984521,0.004850264835357826,0.00043489804267883244
55300,6470.5478546619415,0.08656416976798058,0.004383191299438628,0.0047056561946870416,0.0004531575202941903
55400,6481.558217287064,0.08802447228609496,0.004190352344513075,0.004651484060287625,0.0004451014041900624
55500,6493.747787475586,0.09232969082224464,0.0042007289409638875,0.004743828773498696,0.00045204701423644873
55600,6505.347172260284,0.08629795631692279,0.0047087090969087225,0.004667886066436908,0.0004532649040222161
55700,6515.827018022537,0.09157342769629319,0.004207947826385638,0.004625999975204604,0.0004276442050933849
55800,6525.029620885849,0.0864431650279985,0.0042025349617005716,0.004643665170669709,0.000364778804779053
55900,6531.347668170929,0.0856774895111525,0.004219503164291528,0.004756540352957739,0.0002720939227512903
56000,6537.14421749115,0.08509460373267949,0.004376779508590844,0.004633134698867943,0.0002556330204010006
56100,6542.928424358368,0.09523276800954329,0.004543641757965211,0.0045956062316895975,0.0002683872222900397
56200,6554.936227798462,0.08778647960584714,0.004213798761367937,0.004676317405700833,0.0005589348793029782
56300,6582.209580898285,0.0824305976265034,0.004224203634262217,0.004739477157592936,0.0012840037822723401
56400,6608.100466251373,0.08665094511909316,0.0042096981048585416,0.004660549783706804,0.0012485130786895784
56500,6633.53638625145,0.08778013544188429,0.004397817325592184,0.004655521297454984,0.0012438564777374284
56600,6657.300025224686,0.08869176608672918,0.004197566986084122,0.004640759706497332,0.0011778288364410405
56700,6680.812286615372,0.08701736879569824,0.00444305915832533,0.0047242360591889885,0.0011271016120910657
56800,6706.389377117157,0.08646920366364957,0.0041671160221101134,0.0045639288902284145,0.0012407966136932338
56900,6731.878951311111,0.08745681403222777,0.004469358062744268,0.004645689201355125,0.0012458114624023446
57000,6758.757018327713,0.09124084375078752,0.004183312606811656,0.004581577968597555,0.0012595630645751994
57100,6778.36766576767,0.09580402743213677,0.004202464866638317,0.004687843608856351,0.0008422474384307815
57200,6787.391567468643,0.08855107639579071,0.004663774156570571,0.004685636663437032,0.0003460179328918461
57300,6796.318025588989,0.08621019015092507,0.0042957849502564815,0.004683357906341699,0.00034287624359130906
57400,6803.548541307449,0.08830770054516933,0.004183161660603244,0.004618066651480678,0.0003023125376020169
57500,6809.854311466217,0.09180732358632758,0.004196880912780888,0.0046093394279481505,0.0002791409492492682
57600,6817.168105363846,0.09023874417141156,0.004397046089172493,0.004644303464889663,0.0002936189651489246
57700,6825.645319223404,0.09360101296762034,0.004226790094375755,0.00473129439353958,0.00033247261047363404
57800,6834.725770950317,0.09129014352024606,0.004213080787658818,0.004682291126251359,0.00038790884017944377
57900,6843.09698176384,0.08129235286559292,0.004347832393646387,0.004683118534088288,0.0003697046279907232
58000,6850.663063764572,0.08249029613101742,0.004223361778259413,0.0046773215293885815,0.00035663280487060594
58100,6857.84756398201,0.09936712369141086,0.004282811546325808,0.004595202064514313,0.00035272192955017084
58200,6865.717679262161,0.08859529693485127,0.0042136587619782916,0.004726059913635405,0.0003617256641387942
58300,6873.447949409485,0.083111482097362,0.004720740604400784,0.004663104295730727,0.0003544517993926996
58400,6881.699133396149,0.0897529689801319,0.004188326692581312,0.004669150924682757,0.0003615026950836171
58500,6890.102080345154,0.08952421701651281,0.004200347995758202,0.0046681254386903345,0.00036493277549743574
58600,6898.338300704956,0.08888799422492737,0.004575339126587042,0.004726660966873308,0.0003616880416870106
58700,6906.386948108673,0.08506681851285817,0.004174159479141377,0.0045791761398316835,0.000354146718978883
58800,6914.418989658356,0.0873093228939545,0.004457489967346315,0.004488078975677637,0.0003581553936004648
58900,6921.696204900742,0.07916116873690869,0.0044089526517052105,0.004752309874126037,0.000315535027640206
59000,6928.904988765717,0.08288728374796132,0.004328396987915174,0.004730626296997231,0.0002610980987548825
59100,6934.672730207443,0.08168351295870868,0.0042102360248567,0.004670240116119528,0.0002514235496520999
59200,6940.295114040375,0.09057449727657048,0.0043695055007935855,0.004583884954452657,0.00024903683662414627
59300,6945.886062383652,0.09057226582098736,0.004202561378479151,0.004699553585052642,0.00024947414398193306
59400,6951.3766260147095,0.09445695307262833,0.0042140505313874674,0.004669082355499415,0.00024803314208984324
59500,6957.245864391327,0.08709388220984214,0.004212870597839499,0.004719211053848418,0.0002587787151336673
59600,6963.9053606987,0.08238812324430958,0.004353471469879298,0.004860935974121238,0.00030653047561645394
59700,6971.340560913086,0.09207269835877224,0.00440701465606704,0.004625717449188375,0.00035555887222290107
59800,6978.890163660049,0.09152605112717836,0.004166050815582405,0.004609816646576068,0.0003567409038543695
59900,6986.09959769249,0.08398347463626431,0.004214227437973162,0.004658939886093276,0.0003514823913574226
60000,6997.354437589645,0.09162221958592535,0.004351319742202896,0.004625420951843414,0.0005403480529785158
60100,7023.364095211029,0.08576069826726408,0.0043917652130128285,0.004554351949691906,0.0012588221549987822
60200,7036.274347782135,0.09100378957537894,0.004365087366104251,0.004750046348571938,0.0005847994804382345
60300,7044.235086917877,0.08802818986358535,0.004562768077850477,0.0047179579257966555,0.0003374837875366215
60400,7053.154987335205,0.09153770612821331,0.004617256927490372,0.004317789016451274,0.00041984619413103414
60500,7065.929829597473,0.08884030603276258,0.004199956321716455,0.0047402207374574335,0.0007021759033203109
60600,7072.83283996582,0.09225789656056323,0.004445598411560184,0.004718495893478536,0.0003447609424591059
60700,7079.99454331398,0.07955349750110025,0.004213462114334235,0.004721589088440086,0.00036161713600158603
60800,7088.858163118362,0.08998347358281678,0.0043774865150453144,0.004633985424041899,0.0003576714515686038
60900,7096.449787139893,0.08429326034346879,0.004326609277725365,0.004623084974289076,0.0003647980213165286
61000,7103.568696022034,0.0845817991258682,0.004329823970794806,0.00468437428474441,0.0003521234989166264
61100,7110.38175034523,0.09482502551053633,0.004544413423538345,0.004730629348755028,0.00034398479461670016
61200,7117.198001384735,0.08444506249965796,0.004227926540374892,0.004763825702667384,0.00033790721893310486
61300,7124.002925157547,0.08677536019311637,0.0041683883666993535,0.0045550647735597095,0.000340151691436767
61400,7130.876859903336,0.08389303242595635,0.004201340866089003,0.004661047267913974,0.0003415917873382576
61500,7138.326891899109,0.09008151016836158,0.004386306428909445,0.004586998033523702,0.00033961730003356886
61600,7146.354203701019,0.0862631152040271,0.00448707017898571,0.0045339078903199595,0.00035780544281005836
61700,7154.160872459412,0.08993318535191258,0.004208310508728167,0.004613255739212172,0.0003550253868103024
61800,7161.320944786072,0.08905146808370396,0.004321074581146379,0.004791930150985874,0.0003326065540313715
61900,7174.260053873062,0.09307556178492925,0.004200830984115732,0.0045671790395465746,0.0005815883908952986
62000,7197.747132062912,0.08781519342618183,0.0042266846656800715,0.004668385934829864,0.001112197208404541
62100,7209.255227088928,0.08392742031954306,0.00422086205482497,0.004630791521072539,0.0004728285312652582
62200,7219.385833263397,0.08947024699724722,0.004156521415710576,0.004642275571823258,0.0004042994976043692
62300,7232.645101547241,0.09095829971712259,0.004297662496566905,0.004606085205078267,0.0005464840412139894
62400,7244.770987033844,0.08751791638532103,0.004403547191620013,0.0045990555763246056,0.0005073671340942391
62500,7256.465676307678,0.09500589676766681,0.004198486423492555,0.004659476137161382,0.00048200321197509904
62600,7269.1063549518585,0.09342247759116822,0.004203469610214368,0.004733407783508447,0.0004803081989288325
62700,7280.2631006240845,0.08535463363850164,0.004210975027084488,0.004696699428558488,0.00046971411705017097
62800,7291.401976108551,0.08465357255884802,0.004225978612899915,0.004717820024490502,0.00046254935264587483
62900,7302.645513057709,0.09154170949488039,0.004199282360077044,0.0046144342422486774,0.0004644549846649172
63000,7313.631630182266,0.08867330318056994,0.004329132747650277,0.004622456264495997,0.000472915410995483
63100,7323.606864929199,0.08628242250225521,0.004678068113327177,0.004728351593017729,0.0004303055286407468
63200,7331.603201150894,0.08089595600279001,0.00459854049682631,0.004762459564209148,0.00035114312171935855
63300,7340.247259140015,0.08741022810604429,0.004671146345138681,0.004571949672699122,0.0003831026554107659
63400,7349.19416475296,0.0819568173619506,0.004288888842719077,0.004666505718231348,0.000408223193032401
63500,7356.901997327805,0.08745561274087275,0.004177511453628673,0.0045755686283112905,0.00032009015083312884
63600,7363.829917669296,0.07976939839276148,0.004215329742431786,0.004690264368057404,0.00034555850028991744
63700,7372.555414438248,0.09512710519937151,0.004149100923538342,0.004598442840576323,0.000369619131088256
63800,7379.667104721069,0.08008400540223042,0.0043951466083527995,0.00477936434745804,0.0003476271629333488
63900,7386.628844261169,0.08705300341723236,0.004248070764541778,0.004812527275085599,0.00033531761169433523
64000,7393.935887813568,0.08669846888875533,0.004203907871246468,0.004732510185241859,0.00034374604225158664
64100,7400.2419011592865,0.08750492277403989,0.004693778705597063,0.004570459508896026,0.0003007735729217525
64200,7405.58997631073,0.09179548194472271,0.004181502628326557,0.004620251846313624,0.00025587215423583876
64300,7411.011798858643,0.09324219027502517,0.004239224958419936,0.004722071361541901,0.00024513592720031685
64400,7415.81277680397,0.09451661377390179,0.004350518417358527,0.004559110546112205,0.0002344020366668697
64500,7420.96538066864,0.08317248381606629,0.00420752358436598,0.004638449192047263,0.0002588421821594231
64600,7427.717176198959,0.09410906871193697,0.004438899707794327,0.004530707836151256,0.0003509507179260251
64700,7436.156022787094,0.08755909732895702,0.00422292089462293,0.004676563262939596,0.00045126590728759706
64800,7443.379135847092,0.08846055659001793,0.004544373893737942,0.004717080259323265,0.00037255463600158564
64900,7449.931595563889,0.08751954712770313,0.00444077143669142,0.004658273853574622,0.0003256104196820938
65000,7456.841735124588,0.08531023481778419,0.004218210983276511,0.004764958429336699,0.0003585283756256113
65100,7464.06694984436,0.0880842769775927,0.004202068471908701,0.004639834737777852,0.00036307439804077185
65200,7472.158987522125,0.08604086538236318,0.004542773818969854,0.004731107091903831,0.0003664036750793448
65300,7479.225133895874,0.09405753145291626,0.0041736712932587995,0.0045416929721833615,0.00034688735008239747
65400,7486.253013134003,0.08732939213956398,0.004467387151718261,0.004638922548294219,0.0003511906623840332
65500,7493.297909975052,0.09023925350475856,0.004672998094558864,0.004669360017776636,0.00034058494567871215
65600,7499.798346996307,0.0896672592237662,0.0041707004070283245,0.004629119682312159,0.0003326719284057613
65700,7506.463844060898,0.08251790825445025,0.004455529451370375,0.004696204328537143,0.00033945994377136137
65800,7513.112074613571,0.08613392661582467,0.004526876115799089,0.004663635540008701,0.0003357638835906975
65900,7519.716422796249,0.09069631678485593,0.004198865747451918,0.004553493022918838,0.0003324518203735338
66000,7526.108699083328,0.08323198372852532,0.004187006902694841,0.004643474531173851,0.0003257168292999263
66100,7531.375629901886,0.08792884920379736,0.00425132565498366,0.004689012813568244,0.0002623446464538571
66200,7536.388783931732,0.09069342367998322,0.004213160705566546,0.004663997793197772,0.0002474139690399172
66300,7541.7886254787445,0.08494084305860028,0.004319749975204599,0.004638487386703641,0.0002682524681091306
66400,7547.748850822449,0.09277032599873078,0.004204575749806134,0.0047190107345582485,0.00029951554025922503
66500,7552.593207359314,0.09073067424237839,0.004216767358780047,0.004683916807174834,0.00024198050498962413
66600,7557.30184173584,0.08362795725000022,0.0045150918960572654,0.004711920261383195,0.00023671455383300792
66700,7562.480978012085,0.08784882455076809,0.004490510559082166,0.004645602941513209,0.00024129323959350615
66800,7567.70094704628,0.0911419605209513,0.00439629364013686,0.004579095411300802,0.00024837923049926764
66900,7573.382724761963,0.08952095090416243,0.004396625232696674,0.004602063131332545,0.0002718527793884273
67000,7580.219631195068,0.08710579149583213,0.004187197399139536,0.004626157665252823,0.0003414502620697022
67100,7587.429409742355,0.08079205114888457,0.004212800788879533,0.004717677593231354,0.00036165795326232887
67200,7594.459419965744,0.09401041452613208,0.004156191205978535,0.004585305643081805,0.0003588041782379172
67300,7601.391040563583,0.08327502573153986,0.004217431974411145,0.004729638957977442,0.0003433312416076654
67400,7608.05638217926,0.08704293571578191,0.004546307754516741,0.004655637693405301,0.00034109559059143077
67500,7615.319509506226,0.08892740504844104,0.004216740226745754,0.0047374547481538395,0.0003519532680511483
67600,7622.060438871384,0.0883281217950252,0.004194861602783331,0.004650451421737815,0.00034280271530151535
67700,7628.73074054718,0.09112355904531848,0.004152853584289679,0.004447444629669326,0.00033829889297485314
67800,7635.302536487579,0.09027397193581149,0.004238736486435068,0.004868359518051308,0.0003259446144104006
67900,7640.557270288467,0.087244510477737,0.004663316583633567,0.004599228477478182,0.00025450272560119717
68000,7648.413974285126,0.08256669623807966,0.0042181519235884885,0.004753018161228878,0.0003458894593375056
68100,7656.14870762825,0.09441258650216174,0.00462792992591871,0.0046795372486116045,0.00033589963912963937
68200,7663.900474786758,0.09665255541629911,0.004440875816345347,0.004474677705764912,0.00033677048683166484
68300,7671.533520936966,0.08613911611061971,0.0042182373523713505,0.004713769912719875,0.0003360565662384044
68400,7679.856946229935,0.08879283219136332,0.004223219919204842,0.004690071821212912,0.00037292938232421795
68500,7691.213936328888,0.07833387550227751,0.004592660188675069,0.004782192945480505,0.0005183969974517817
68600,7702.165150880814,0.08552788163192078,0.004199961519241468,0.004604457235336446,0.0004937754631042481
68700,7712.726126670837,0.08816661160797193,0.004179895734787118,0.004679932022094869,0.00047597298622131535
68800,7722.947711229324,0.08398616472669454,0.004235844373703152,0.004776272439956832,0.0004631635665893556
68900,7734.924256563187,0.08618147483918596,0.004316164588928356,0.00467333431243911,0.0004851635932922344
69000,7757.699809074402,0.08721819397687193,0.0041863689422608815,0.004644546127319485,0.0011602642059326156
69100,7768.574409008026,0.09109892884488961,0.004209329700470097,0.004668391799926904,0.0004804975986480722
69200,7778.0156326293945,0.08556649743285678,0.004688948106765879,0.004550704526901381,0.00040841889381408716
69300,7785.780184030533,0.09620636757988751,0.004314510774612563,0.0047087014675142,0.00033860483169555666
69400,7793.563762664795,0.08799194998166648,0.0041493474960328436,0.004499581480026374,0.0003370053768157947
69500,7799.219227552414,0.08766133416651245,0.004714666836602485,0.004720782007490045,0.0002756305149623328
69600,7804.985645771027,0.08490659410540718,0.0044312067985536096,0.00471258611679093,0.00029408454895019467
69700,7810.373482227325,0.08352061905079688,0.004231930112838879,0.004727874374389801,0.0002762973308563234
69800,7815.369421958923,0.08632359395383857,0.004302083778381477,0.004679809045791761,0.0002507039070129399
69900,7821.16695189476,0.08794980826579732,0.00418653817176833,0.0046066692352296395,0.00029138145446777337
70000,7827.304192781448,0.08461968248502688,0.004189983749389784,0.004702526235580602,0.00031169495582580474
70100,7833.471986293793,0.08652304540553021,0.004568542242050291,0.004622428035736223,0.00030941023826599264
70200,7839.362311601639,0.09561407355763768,0.004198322200775284,0.004798868370056312,0.0002976741313934333
70300,7845.302406787872,0.0952077622005325,0.004360204553604271,0.004554707527160782,0.000301344060897826
70400,7851.417946577072,0.09038832418696588,0.0042165457725526195,0.004564181852340827,0.0002959623813629153
70500,7857.6129739284515,0.08957757124994371,0.0043478246212006934,0.004732464456558377,0.000294885444641112
70600,7864.626576185226,0.0889718216791824,0.004288367509842058,0.004604653978347916,0.00030206542015075665
70700,7870.980186223984,0.09002527665835931,0.0044346642494203035,0.0046534223079682845,0.00029026918411254857
70800,7877.206342220306,0.08356279655657753,0.004188875484466686,0.004644088125229023,0.00029297704696655167
70900,7883.244160652161,0.08673123570150264,0.004194351339340344,0.004636269474029697,0.0002969867229461667
71000,7889.23908495903,0.08839323163967654,0.004301175430842948,0.004563179527010381,0.0002945164203643809
71100,7895.11318230629,0.08148629917443186,0.0041527536392213195,0.004457211446762218,0.000292667579650879
71200,7901.064071178436,0.09758597464122026,0.004394892835617195,0.004715249824524066,0.0002915570735931393
71300,7906.970983028412,0.09046971718944247,0.004210197687149188,0.004690238761902002,0.0002866988658905035
71400,7912.253139019012,0.08934156398347172,0.004604842138290546,0.004801464891433876,0.00026165604591369627
71500,7916.979815721512,0.09053027872563224,0.004155582380294937,0.004507265329361103,0.00023366699218750088
71600,7921.604105234146,0.08779437551690289,0.004440668201446673,0.004663783216476588,0.00022704319953918448
71700,7926.5984053611755,0.07647712065033996,0.004192088747024668,0.004597361564636368,0.0002466154575347905
71800,7931.979258060455,0.08937597212896012,0.00451633644104018,0.004758921241760406,0.0002719076156616215
71900,7937.992527246475,0.0889562896818132,0.0043979590415955845,0.004656463432312151,0.0003011738777160646
72000,7944.596177816391,0.09205563256823698,0.004194215869903697,0.004698520278930813,0.00031181049346923876
72100,7950.389961242676,0.08432514810179388,0.004318328571319716,0.00471902694702164,0.00028223366737365797
72200,7956.089691162109,0.09191718861167651,0.004205261564254906,0.004593758773803847,0.000273042106628418
72300,7961.9056186676025,0.08257142743383893,0.00432999587059036,0.004724164152145542,0.00028293347358703685
72400,7967.652283668518,0.08926453309269947,0.004356356954574725,0.004636040401458898,0.000288930416107177
72500,7985.566790103912,0.08421218947228327,0.0042069238526481895,0.004650371251787598,0.0009153357437678743
72600,8009.9205985069275,0.08948644628330975,0.004221534681320329,0.004653578519821306,0.001246215438842771
72700,8020.633542299271,0.08364501365921903,0.004185640478134283,0.004633467483520657,0.0005003691673278821
72800,8029.867200613022,0.09147290429457437,0.004474707031250122,0.004608215188980247,0.0004241894721984856
72900,8037.886337757111,0.08373751149017032,0.004195580291748183,0.0046493990898133775,0.00036104574203491084
73000,8045.546217679977,0.08907103324980327,0.004198033237457409,0.0047107559204103075,0.00033433427810669
73100,8052.990565776825,0.09018851520251682,0.004405314540863174,0.004664768266677993,0.0003321331501007069
73200,8060.495288848877,0.08275439776457941,0.004181114482879777,0.004630898952484275,0.0003338440418243407
73300,8068.719291210175,0.08956337732714577,0.004178379297256605,0.004682426452636877,0.00037026782035827537
73400,8077.134079217911,0.09084138721626674,0.004195978641510146,0.004713239622116248,0.0003728899478912352
73500,8087.318137168884,0.08492926841219804,0.004404012298584113,0.004669448995590352,0.0004534498214721674
73600,8097.727999687195,0.08418472245161142,0.004244573545456085,0.004731221437454368,0.00047608265876769904
73700,8107.68607544899,0.0903830648639134,0.005032683229446539,0.004623154735565339,0.00044339275360107415
73800,8117.6621832847595,0.09095544518263467,0.0043169787406922705,0.004661023902893221,0.0004421022415161122
73900,8127.386795282364,0.09138011188908556,0.004391983032226704,0.0046764305114747615,0.00043790016174316326
74000,8135.874549627304,0.08643210269671243,0.004188446807861462,0.004624237012863307,0.0003885977745056159
74100,8141.508283615112,0.08398116516483757,0.004247982406616358,0.004728778982162627,0.00028732762336731017
74200,8147.273236513138,0.08363126439120196,0.00464823417663587,0.004647675657272477,0.00029763951301574657
74300,8153.788635253906,0.09271632077635036,0.00427458143234266,0.004547566795349265,0.0003182875156402584
74400,8160.001079797745,0.09136799679369308,0.00418319740295423,0.004654043674469145,0.00031306953430175726
74500,8165.439188241959,0.08211933950550891,0.004388869810104508,0.0047495660781861895,0.0002740960597991944
74600,8171.29616522789,0.08903693728401971,0.004395591640472548,0.0046404546737672395,0.000273778676986694
74700,8176.31946516037,0.09292962742620879,0.004285410737991458,0.004588166761398456,0.0002395517349243168
74800,8180.707512378693,0.09356259227082989,0.0042128334045411515,0.004694270038604893,0.00021632280349731485
74900,8185.6350836753845,0.08524976592012587,0.004175548839569217,0.004584281253814846,0.0002470417976379399
75000,8191.4733057022095,0.0875703941997558,0.004230457115173493,0.004691553258896016,0.00029850358963012693
75100,8199.662640094757,0.09002385664644763,0.004413093376159801,0.0047300488948823554,0.0004332932472229007
75200,8210.042421579361,0.08590157695497894,0.004231071043014671,0.004796801424026645,0.0005461756706237795
75300,8219.399317979813,0.08890939912505587,0.004409834098816051,0.004731924962997588,0.0004504190921783423
75400,8230.151857614517,0.08694314290976,0.004530134630203374,0.00449217743873609,0.0004944989204406742