#=== darpa_scratch_reduced_w100_20b20a ===
#
#Metrics:
#  Accuracy: 0.9854 | Macro Precision: 0.9944 | Macro Recall: 0.9334 | Macro F1: 0.9566
#  False Alarms: 0 | False Alarm Rate: 0.0000
#  Missed Attacks: 732 | Detection Rate: 0.9751
#
#Per-Class Metrics:
#  [phase1] P=1.0000 | R=0.6250 | F1=0.7692 | 
#  [phase2] P=1.0000 | R=1.0000 | F1=1.0000 | 
#  [phase3] P=1.0000 | R=1.0000 | F1=1.0000 | 
#  [phase4] P=1.0000 | R=1.0000 | F1=1.0000 | 
#  [phase5] P=1.0000 | R=0.9752 | F1=0.9874 | 
#
#Confusion Matrix:
#         	      	      	      	Actual	      	      	      
#         	      	benign	phase1	phase2	phase3	phase4	phase5
#         	benign	 20864	     3	     0	     0	     0	   729
#         	phase1	     0	     5	     0	     0	     0	     0
#Predicted	phase2	     0	     0	     9	     0	     0	     0
#         	phase3	     0	     0	     0	    14	     0	     0
#         	phase4	     0	     0	     0	     0	     7	     0
#         	phase5	     0	     0	     0	     0	     0	 28660
i,time,loss,ground_time,compile_time,eval_time
10,1.5924651622772217,0.6925853624357842,0.007810642004013074,0.004026840448379508,0.00039516210556030226
20,2.771688938140869,0.7602008927264251,0.008365149736404428,0.004555630207061763,0.0003467535972595217
30,3.9581894874572754,0.734784426621627,0.00817768263816835,0.004220012903213495,0.00033534860610961927
40,4.9923553466796875,0.7287034546374344,0.008685127735137957,0.004280233144760125,0.0003121685981750492
50,6.099976539611816,0.7025415316689759,0.008731944561004658,0.0042892782688140835,0.00031206417083740203
60,7.221125602722168,0.7158837603055872,0.00917680764198305,0.004631397485733024,0.0003157575130462642
70,8.258910655975342,0.6769397835014388,0.008204497814178478,0.0044062681198120054,0.00031607770919799824
80,9.369378328323364,0.6841240912326612,0.008110017061233533,0.004334158897399894,0.0003124761581420897
90,10.509104490280151,0.6579452856909483,0.009244668006896991,0.0045479936599731405,0.0003169052600860597