#=== darpa_pretrained_reduced_w10_10b10a ===
#
#Metrics:
#  Accuracy: 0.9848 | Macro Precision: 0.9733 | Macro Recall: 0.8307 | Macro F1: 0.8803
#  False Alarms: 1 | False Alarm Rate: 0.0000
#  Missed Attacks: 764 | Detection Rate: 0.9740
#
#Per-Class Metrics:
#  [phase1] P=0.8750 | R=0.8750 | F1=0.8750 | 
#  [phase2] P=1.0000 | R=0.7778 | F1=0.8750 | 
#  [phase3] P=1.0000 | R=0.9286 | F1=0.9630 | 
#  [phase4] P=1.0000 | R=0.4286 | F1=0.6000 | 
#  [phase5] P=1.0000 | R=0.9743 | F1=0.9870 | 
#
#Confusion Matrix:
#         	      	      	      	Actual	      	      	      
#         	      	benign	phase1	phase2	phase3	phase4	phase5
#         	benign	 20899	     1	     2	     1	     4	   756
#         	phase1	     1	     7	     0	     0	     0	     0
#Predicted	phase2	     0	     0	     7	     0	     0	     0
#         	phase3	     0	     0	     0	    13	     0	     0
#         	phase4	     0	     0	     0	     0	     3	     0
#         	phase5	     0	     0	     0	     0	     0	 28633
i,time,loss,ground_time,compile_time,eval_time
10,0.5314376354217529,0.15117727911922302,0.004533513069152831,0.000292191505432129,0.0002766518592834472
20,1.0047624111175537,0.17992402402630414,0.004846951007843019,0.0003214211463928224,0.0004297957420349117
30,1.4331488609313965,0.1561888183751205,0.004926193714141846,0.00032098865509033205,0.0003909330368041991
40,1.8597352504730225,0.13824121239806592,0.004911216735839842,0.0003220748901367189,0.0003905963897705079
50,2.4128661155700684,0.20220601735749172,0.004932139873504637,0.00031980228424072275,0.0005178089141845703
60,2.8977198600769043,0.2125364596576925,0.004069319725036618,0.00031673669815063493,0.00046100282669067356