#
#=== Dataset results ===
#
#Accuracy: 0.9500 | Macro F1: 0.9554 | Weighted F1: 0.9494
#
#Security Metrics:
#  False Alarm Rate: 0.117895
#  Attack Detection Rate: 0.998165
#  Missed Attack Rate: 0.001835
#
#Per-class metrics:
#  [benign] P=0.9971 | R=0.8821 | F1=0.9361 | FPR=0.001835 | FNR=0.117895
#  [phase1] P=1.0000 | R=1.0000 | F1=1.0000 | FPR=0.000000 | FNR=0.000000
#  [phase2] P=1.0000 | R=0.8889 | F1=0.9412 | FPR=0.000000 | FNR=0.111111
#  [phase3] P=1.0000 | R=0.9286 | F1=0.9630 | FPR=0.000000 | FNR=0.071429
#  [phase4] P=0.8750 | R=1.0000 | F1=0.9333 | FPR=0.000020 | FNR=0.000000
#  [phase5] P=0.9225 | R=0.9982 | F1=0.9589 | FPR=0.117633 | FNR=0.001769
#Confusion Matrix:
#         	      	      	      	Actual	      	      	      
#         	      	benign	phase1	phase2	phase3	phase4	phase5
#         	benign	 18436	     0	     1	     1	     0	    52
#         	phase1	     0	     8	     0	     0	     0	     0
#Predicted	phase2	     0	     0	     8	     0	     0	     0
#         	phase3	     0	     0	     0	    13	     0	     0
#         	phase4	     1	     0	     0	     0	     7	     0
#         	phase5	  2463	     0	     0	     0	     0	 29337
i,time,loss,ground_time,compile_time,eval_time
100,3.6930811405181885,0.21493804736845717,0.000775342798233035,0.00014767780303955112,7.43795871734619e-05
200,7.272940635681152,0.11862194444279811,0.0008139616966247608,0.00014791660308837877,8.137378692626948e-05
300,11.530447959899902,0.05888537936508727,0.0008519661426544203,0.0001565025806426994,0.0001633476734161381
400,15.855731010437012,0.053106950147051205,0.0008968318939208979,0.00015025091171264615,9.142861366271981e-05
500,20.957459211349487,0.03001533965610896,0.0009654080867767366,0.00016618423461914027,0.0001023531913757322
600,27.514752864837646,0.06303783656967783,0.0011313879966735848,0.00018387961387634222,0.00011212573051452633
700,33.94689679145813,0.05164434935883185,0.0009827015876770027,0.0001692777156829825,0.00013784627914428742
800,40.32849168777466,0.04539022438962036,0.000982110738754277,0.00017535142898559536,0.00012721600532531735