#
#=== Dataset results ===
#
#Accuracy: 0.8391 | Macro F1: 0.8164 | Weighted F1: 0.8294
#
#Security Metrics:
#  False Alarm Rate: 0.387177
#  Attack Detection Rate: 0.999728
#  Missed Attack Rate: 0.000272
#
#Per-class metrics:
#  [benign] P=0.9994 | R=0.6128 | F1=0.7598 | FPR=0.000272 | FNR=0.387177
#  [phase1] P=1.0000 | R=1.0000 | F1=1.0000 | FPR=0.000000 | FNR=0.000000
#  [phase2] P=1.0000 | R=0.2222 | F1=0.3636 | FPR=0.000000 | FNR=0.777778
#  [phase3] P=1.0000 | R=0.9286 | F1=0.9630 | FPR=0.000000 | FNR=0.071429
#  [phase4] P=0.8750 | R=1.0000 | F1=0.9333 | FPR=0.000020 | FNR=0.000000
#  [phase5] P=0.7841 | R=1.0000 | F1=0.8790 | FPR=0.386427 | FNR=0.000000
#Confusion Matrix:
#         	      	      	      	Actual	      	      	      
#         	      	benign	phase1	phase2	phase3	phase4	phase5
#         	benign	 12808	     0	     7	     1	     0	     0
#         	phase1	     0	     8	     0	     0	     0	     0
#Predicted	phase2	     0	     0	     2	     0	     0	     0
#         	phase3	     0	     0	     0	    13	     0	     0
#         	phase4	     1	     0	     0	     0	     7	     0
#         	phase5	  8091	     0	     0	     0	     0	 29389
i,time,loss,ground_time,compile_time,eval_time
100,4.524533748626709,0.17199765240922407,0.0008024036407470702,0.0001417339801788325,7.722015380859377e-05
200,9.07421612739563,0.08625211175105378,0.0009788938045501682,0.00014836473464965752,8.344426155090357e-05
300,14.520687818527222,0.01983055259356854,0.000967800521850584,0.00016425037384033177,0.00011901764869689929
400,19.46313238143921,0.008450585466357761,0.0009628861904144265,0.00015517959594726438,0.00011231040954589839
500,26.208618879318237,0.013037753260145888,0.0011193741321563703,0.0001676064968109129,0.00015018353462219257
600,32.412333488464355,0.00725314891277133,0.0010441411495208724,0.00017060036659240677,0.0001496088504791259
700,38.732276916503906,0.012166490219614414,0.0010235645294189438,0.00017009034156799266,0.0001443738937377928
800,44.788864612579346,0.0014749725229984845,0.0010226352691650397,0.0001692854404449461,0.00015714278221130369