#=== ait_neg_scratch_behavioral_w10_1000b20a ===
#
#Metrics:
#  Accuracy: 0.9468 | Macro Precision: 0.3894 | Macro Recall: 0.4000 | Macro F1: 0.3945
#  False Alarms: 0 | False Alarm Rate: 0.0000
#  Missed Attacks: 7503 | Detection Rate: 0.0015
#
#Per-Class Metrics:
#  [phase4] P=0.0000 | R=0.0000 | F1=0.0000 | 
#  [phase1] P=0.0000 | R=0.0000 | F1=0.0000 | 
#  [phase2] P=1.0000 | R=1.0000 | F1=1.0000 | 
#  [phase3] P=0.0000 | R=0.0000 | F1=0.0000 | 
#
#Confusion Matrix:
#         	      	      	      	Actual	      	      
#         	      	benign	phase4	phase1	phase2	phase3
#         	benign	133582	  5144	  2268	     0	    91
#Predicted	phase4	     0	     0	     0	     0	     0
#         	phase1	     0	     0	     0	     0	     0
#         	phase2	     0	     0	     0	    11	     0
#         	phase3	     0	     0	     0	     0	     0
i,time,loss,ground_time,compile_time,eval_time
10,1.0996832847595215,0.22528720917125566,0.0028186011314392085,0.00019188165664672818,0.00018986415863037114
20,2.0114076137542725,0.24598773745759311,0.0033264842033386205,0.00022128391265869088,0.0001719803810119629