#=== ait_neg_scratch_behavioral_w10_500b20a ===
#
#Metrics:
#  Accuracy: 0.9468 | Macro Precision: 0.3894 | Macro Recall: 0.4000 | Macro F1: 0.3945
#  False Alarms: 0 | False Alarm Rate: 0.0000
#  Missed Attacks: 7503 | Detection Rate: 0.0015
#
#Per-Class Metrics:
#  [phase4] P=0.0000 | R=0.0000 | F1=0.0000 | 
#  [phase1] P=0.0000 | R=0.0000 | F1=0.0000 | 
#  [phase2] P=1.0000 | R=1.0000 | F1=1.0000 | 
#  [phase3] P=0.0000 | R=0.0000 | F1=0.0000 | 
#
#Confusion Matrix:
#         	      	      	      	Actual	      	      
#         	      	benign	phase4	phase1	phase2	phase3
#         	benign	133582	  5144	  2268	     0	    91
#Predicted	phase4	     0	     0	     0	     0	     0
#         	phase1	     0	     0	     0	     0	     0
#         	phase2	     0	     0	     0	    11	     0
#         	phase3	     0	     0	     0	     0	     0
i,time,loss,ground_time,compile_time,eval_time
10,0.4636392593383789,0.1511155101463868,0.0025666642189025976,0.00012680149078369153,8.491897583007815e-05