#=== ait_pretrained_aug_w100_10b10a ===
#
#Metrics:
#  Accuracy: 0.9994 | Macro Precision: 0.9647 | Macro Recall: 0.9842 | Macro F1: 0.9741
#  False Alarms: 73 | False Alarm Rate: 0.0005
#  Missed Attacks: 10 | Detection Rate: 0.9987
#
#Per-Class Metrics:
#  [phase1] P=0.9750 | R=0.9987 | F1=0.9867 | 
#  [phase2] P=1.0000 | R=1.0000 | F1=1.0000 | 
#  [phase3] P=0.8485 | R=0.9231 | F1=0.8842 | 
#  [phase4] P=1.0000 | R=1.0000 | F1=1.0000 | 
#
#Confusion Matrix:
#         	      	      	      	Actual	      	      
#         	      	benign	phase1	phase2	phase3	phase4
#         	benign	133477	     3	     0	     7	     0
#Predicted	phase1	    58	  2265	     0	     0	     0
#         	phase2	     0	     0	    10	     0	     0
#         	phase3	    15	     0	     0	    84	     0
#         	phase4	     0	     0	     0	     0	  5141
i,time,loss,ground_time,compile_time,eval_time
10,0.8912811279296875,0.05618505751788015,0.002168327808380134,0.01171624088287354,0.00022808790206909173