#=== ait_scratch_aug_w10_500b500a ===
#
#Metrics:
#  Accuracy: 0.8957 | Macro Precision: 0.6431 | Macro Recall: 0.9780 | Macro F1: 0.6931
#  False Alarms: 14722 | False Alarm Rate: 0.1102
#  Missed Attacks: 0 | Detection Rate: 1.0000
#
#Per-Class Metrics:
#  [phase1] P=0.2701 | R=1.0000 | F1=0.4253 | 
#  [phase2] P=0.9991 | R=1.0000 | F1=0.9996 | 
#  [phase3] P=0.8462 | R=1.0000 | F1=0.9167 | 
#  [phase4] P=0.1003 | R=1.0000 | F1=0.1824 | 
#
#Confusion Matrix:
#         	      	      	      	Actual	      	      
#         	      	benign	phase1	phase2	phase3	phase4
#         	benign	118860	     0	     0	     0	     0
#Predicted	phase1	 13902	  5144	     0	     0	     0
#         	phase2	     2	     0	  2268	     0	     0
#         	phase3	     2	     0	     0	    11	     0
#         	phase4	   816	     0	     0	     0	    91
i,time,loss,ground_time,compile_time,eval_time
10,0.8761293888092041,0.4649659139569849,0.0025679783821105874,0.0021120648384094273,0.0002322850227355954
20,1.6826598644256592,0.5253333502216264,0.002844812870025627,0.0023040065765380898,0.0002484498023986817
30,2.5030276775360107,0.5372576108318754,0.002871210575103752,0.002840055465698249,0.0002524785995483399
40,3.3413429260253906,0.5271073448704555,0.0028674035072326566,0.0029216055870056237,0.0002704048156738284
50,4.1819212436676025,0.5377952701062896,0.0028370103836059474,0.0027939596176147535,0.0002845368385314939
60,4.848480224609375,0.5028303450089879,0.0028816390037536563,0.002625948905944828,0.00029711008071899416
70,5.524707555770874,0.48508804481243717,0.0028253331184387087,0.0025980305671691965,0.00030916452407836925
80,6.235830068588257,0.47589180901413786,0.0028373808860778704,0.0028141808509826735,0.00032667160034179706
90,6.9913952350616455,0.4593657615594566,0.002878347873687734,0.002785289764404302,0.0003524045944213865
100,7.8732750415802,0.45120836371788753,0.0028623533248901254,0.002232382774353033,0.00041695117950439473
110,9.018784523010254,0.41086786532541736,0.0028400201797485246,0.0026273574829101614,0.0005668892860412596
120,10.483588933944702,0.3982014270266518,0.002841837406158437,0.0021489281654357957,0.000726774215698242
130,12.18992018699646,0.3676059600431472,0.0028469929695129318,0.003450723171234142,0.000826714515686035
140,14.163308143615723,0.3297113897977397,0.0028542513847350974,0.0024930286407470756,0.0009291653633117687
150,16.121628284454346,0.31186237499350683,0.002888256549835194,0.0025233130455017162,0.0008650851249694836
160,18.223295211791992,0.2703848816803657,0.0028671689033508206,0.003046200752258308,0.0009353947639465343
170,19.340628623962402,0.2407868844573386,0.0028822822570800694,0.002575207233428959,0.00048445892333984393
180,20.277381896972656,0.21513882984872906,0.0028636775016784573,0.0024147477149963443,0.0003984074592590329
190,21.25385022163391,0.1823105898918584,0.0028576178550720113,0.0027881770133972228,0.0004073891639709474
200,22.240326642990112,0.16190923873800783,0.002803508281707755,0.002574720859527594,0.0004107670783996582
210,23.19455313682556,0.18964185640215875,0.0028725800514221083,0.0022278037071228065,0.00040433645248413093
220,24.145184755325317,0.16073796865530313,0.002875771045684804,0.002337137699127204,0.0004042572975158693
230,25.10476851463318,0.16340514537878334,0.0028253011703491112,0.002843267917633063,0.00040769767761230464
240,26.071272134780884,0.1554472717922181,0.002842063426971426,0.0028873996734619213,0.0004123616218566893
250,27.043916940689087,0.1916475520702079,0.002875179290771474,0.002735752582550056,0.00040883636474609394
260,28.030675411224365,0.16095239899586886,0.0028384442329406666,0.0029984545707702746,0.00041898345947265637
270,29.029008865356445,0.16419438016600907,0.0028428063392639063,0.0026515002250671444,0.0004255676269531252
280,30.02432894706726,0.18967377967201174,0.0028503651618957404,0.002866930484771736,0.00042384815216064454
290,31.039093255996704,0.15434359908103942,0.002877350807189933,0.0025186591148376506,0.0004293518066406251
300,32.05259084701538,0.1581200156826526,0.0028674039840698136,0.0021254301071167024,0.00042385101318359424
310,33.08082866668701,0.18386219996027647,0.0028109903335571213,0.002573762893676763,0.00043605756759643497
320,34.09313464164734,0.17908766025211661,0.0028911089897155663,0.002125456809997562,0.0004275932312011719
330,35.09288001060486,0.14771580796223133,0.0028644690513610757,0.0028120107650756905,0.00042281389236450176
340,36.090760946273804,0.15168423126451672,0.0028439908027648834,0.002919303894042976,0.000431918144226074
350,37.104615449905396,0.15591314916964621,0.002860372066497795,0.002732026576995855,0.00044123125076293986
360,38.13172101974487,0.14217319686431437,0.0028791518211364656,0.0027891769409179746,0.0004358086585998542
370,39.146912574768066,0.1553371248068288,0.0028430252075195236,0.002276533603668215,0.00042902898788452215
380,40.15687608718872,0.16841808422468602,0.002846382141113271,0.002521835327148444,0.00043362998962402324
390,41.15484666824341,0.1772902751574293,0.0028800330162048284,0.0025235934257507374,0.0004201025962829588
400,42.14566349983215,0.16357305918354542,0.0028341965675353917,0.003024822711944586,0.0004228506088256834
410,43.16981387138367,0.17247878757771104,0.0028510379791259655,0.0026537618637085068,0.000429201602935791
420,44.16444492340088,0.1588233757065609,0.002848718643188467,0.0023881826400756886,0.00042602491378784194
430,45.146783113479614,0.1586283791344613,0.002875443935394276,0.0029458932876586974,0.00042712402343749974
440,46.14401364326477,0.1451249018544331,0.002836313724517813,0.002628404617309578,0.0004195914268493654
450,47.137190103530884,0.1585926662199199,0.0028568601608276265,0.0027323713302612354,0.00041545724868774427
460,48.140586614608765,0.14920737980864943,0.002818902969360341,0.002626768589019784,0.0004263787269592285
470,49.12852597236633,0.15358813067432492,0.002843048572540273,0.0025208950042724682,0.00042365980148315426
480,50.17167949676514,0.1716804659925401,0.0028225369453430053,0.0025214538574218803,0.00046367740631103534
490,51.22335124015808,0.14444452248280867,0.0028532075881957907,0.002868896961212168,0.0004691090583801275
500,52.229140281677246,0.18546931671444328,0.002931320667266837,0.002570779800415043,0.0004444842338562014