#=== ait_scratch_full_w100_1000b1000a ===
#
#Metrics:
#  Accuracy: 0.6651 | Macro Precision: 0.7067 | Macro Recall: 0.9152 | Macro F1: 0.7103
#  False Alarms: 47171 | False Alarm Rate: 0.3532
#  Missed Attacks: 65 | Detection Rate: 0.9913
#
#Per-Class Metrics:
#  [phase1] P=0.0477 | R=0.9735 | F1=0.0910 | 
#  [phase2] P=1.0000 | R=1.0000 | F1=1.0000 | 
#  [phase3] P=0.8614 | R=0.9560 | F1=0.9062 | 
#  [phase4] P=0.6250 | R=0.9998 | F1=0.7692 | 
#
#Confusion Matrix:
#         	      	      	      	Actual	      	      
#         	      	benign	phase1	phase2	phase3	phase4
#         	benign	 86379	    60	     0	     4	     1
#Predicted	phase1	 44073	  2208	     0	     0	     0
#         	phase2	     0	     0	    10	     0	     0
#         	phase3	    14	     0	     0	    87	     0
#         	phase4	  3084	     0	     0	     0	  5140
i,time,loss,ground_time,compile_time,eval_time
10,2.4302916526794434,0.5835947647108697,0.0026622543334960803,0.009739375114440894,0.0004832344055175783
20,4.024564504623413,0.6513360306853428,0.0028420205116271853,0.01040732622146603,0.0003169350624084472
30,6.506673574447632,0.638058987504337,0.0029710612297057957,0.009826717853546118,0.0004909501075744628
40,7.977472543716431,0.6178255943581462,0.0029085717201232774,0.010662347793579063,0.0003293809890747068
50,9.678986310958862,0.6044131681905128,0.0028837475776672247,0.010232419967651337,0.0006829695701599118
60,11.25488543510437,0.6190856156055815,0.0029234809875488136,0.010159929752349821,0.00035915231704711887
70,12.831695079803467,0.5883345588226803,0.002849004745483383,0.010443928241729713,0.00034804105758667
80,14.368562698364258,0.5670733279082925,0.002860775470733629,0.010597070217132536,0.0003646640777587892
90,15.822291135787964,0.5359151851269417,0.002874338626861561,0.010587416172027544,0.00032096958160400416
100,17.140361070632935,0.5334835897665471,0.002949861049652087,0.010186620235443084,0.00029885339736938454
110,21.308095932006836,0.49939838957507166,0.0029199151992797723,0.010175411224365207,0.0012998838424682613
120,25.441606283187866,0.4684371073264629,0.002900735855102524,0.01043136358261105,0.0013516130447387693
130,29.583277940750122,0.447106466954574,0.002882541179656971,0.01059380626678463,0.001347711086273193
140,33.81102204322815,0.38503786898218095,0.0028600339889526235,0.010681602001190156,0.001374289035797119
150,38.06192445755005,0.3635815086658113,0.0029179573059081904,0.010354568958282444,0.0014030289649963371
160,42.38499855995178,0.3552680053049698,0.0029474921226501304,0.010047688484191877,0.0014124250411987305
170,46.91156578063965,0.3100685733486898,0.002901000499725328,0.010260553836822481,0.0014728055000305179
180,51.447354793548584,0.3752300529973581,0.0029157009124755736,0.01027519655227659,0.0014806084632873532
190,55.97232151031494,0.36341684522340073,0.0028611927032470568,0.010269880771636923,0.0014676871299743647
200,60.536165952682495,0.3070711136679165,0.0029339313507079933,0.010486923217773423,0.0014794721603393545
210,65.07490015029907,0.34693168962839993,0.0029042901992797727,0.010407759189605684,0.001474508285522461
220,69.60713624954224,0.3548107717069797,0.0029125900268554563,0.010072914123535124,0.0014694919586181643
230,74.16545820236206,0.3052617682027631,0.0028962826728820656,0.010603212356567361,0.001481208801269531
240,78.62423276901245,0.32625117619754745,0.002881351470947252,0.010441612243652318,0.0014731526374816902
250,83.11708068847656,0.34993675965815785,0.0028694005012512075,0.01044119548797604,0.0014462566375732433
260,87.6321976184845,0.3920717980130576,0.0028749647140502805,0.01048898744583127,0.0014513921737670898
270,92.18678331375122,0.32807402866892516,0.0029210162162780617,0.010137896537780734,0.0014749469757080096
280,96.63883399963379,0.34625930363545193,0.0028948688507079924,0.010450394630432095,0.0014566278457641604
290,101.09808492660522,0.32554009987507015,0.0029056234359741075,0.010585223674774139,0.001465267181396483
300,105.5829348564148,0.34939428445650267,0.002930450439453114,0.010352485179901089,0.0014709234237670905
310,110.09298944473267,0.37277817227877674,0.002897768497467028,0.010353834629058808,0.001472817897796632
320,114.64161324501038,0.33283632388338447,0.002824914932250964,0.010410140037536588,0.0014776535034179681
330,119.07342672348022,0.317824368737638,0.002881309032440171,0.010733180046081519,0.0014457888603210448
340,123.51942944526672,0.32880866051418706,0.0029579973220825056,0.009972682952880832,0.0014333701133728018
350,127.77197694778442,0.30083934317808597,0.0028407936096191246,0.010685791015624963,0.0013827304840087888
360,131.97200202941895,0.32534908772213383,0.002904239177703845,0.01059048032760617,0.00136375093460083
370,136.02488327026367,0.3712352696340531,0.0029006309509277206,0.010291507720947241,0.001320150852203369
380,140.03442335128784,0.34874559917952863,0.0029253473281860226,0.010275835037231422,0.0013089113235473637
390,144.04160380363464,0.3877923514228314,0.0029366493225097537,0.010257205486297579,0.0013066530227661124
400,148.11950159072876,0.34859498001169414,0.0029374217987060422,0.010266302585601775,0.0013140773773193367
410,152.1856906414032,0.372379137086682,0.0029158015251159524,0.010769389152526824,0.001316774368286134
420,156.28929710388184,0.33329193382523953,0.002887215614318833,0.010472672462463353,0.0013380622863769544
430,160.46988439559937,0.31761296234326436,0.002834022045135484,0.010675514221191364,0.0013636860847473153
440,164.8026044368744,0.32161481303628536,0.0029118857383727886,0.010175137996673557,0.0014183902740478513
450,169.375079870224,0.33769112671725454,0.002875756263732897,0.010638528347015343,0.0014770369529724123
460,173.91360712051392,0.37071485520573333,0.0029501538276672243,0.009904645442962618,0.0014848828315734868
470,178.43750262260437,0.3354272585595027,0.0028938956260681,0.010442959308624234,0.0014704890251159663
480,182.96582961082458,0.3222913799341768,0.0028366117477416864,0.010275269508361792,0.0014742336273193355
490,187.49320816993713,0.37086952618556096,0.002928589820861804,0.010281679153442348,0.0014622621536254875
500,192.03463792800903,0.3322939984151162,0.0029874205589294307,0.010071406364440889,0.0014807353019714348
510,196.51420140266418,0.31530324238119645,0.0028838725090026703,0.010234641075134245,0.0014617781639099108
520,201.04463362693787,0.326388364401646,0.0029133324623107763,0.010225490093231171,0.0014787535667419444
530,203.80590343475342,0.3549866074579768,0.002946564197540269,0.010181557655334447,0.0008890810012817385
540,205.3032124042511,0.2727663823752664,0.00282811832427977,0.010676793575286832,0.0003784389495849607
550,206.77818512916565,0.3438496064627543,0.0029233765602111675,0.010257151126861553,0.00037670898437500004
560,208.24348545074463,0.34726109394105154,0.002861073493957506,0.010368271350860572,0.0003705086708068849
570,209.71710634231567,0.34057055838638917,0.0029353394508361687,0.010340651035308809,0.00038034582138061536
580,211.20995473861694,0.38854863182641564,0.0029169850349426135,0.010469408035278287,0.00038572978973388676
590,212.68071293830872,0.35734227393986656,0.002942024230957017,0.01061330986022946,0.00037754487991332997
600,214.14221692085266,0.3462246388196945,0.002868521213531479,0.010462482929229706,0.0003761229515075683
610,215.6419277191162,0.3486977714812383,0.002992872714996325,0.009743325233459447,0.00038929986953735365
620,217.1316454410553,0.3444294311921112,0.002910969734191883,0.010450527191162084,0.00038664150238037104
630,218.60555768013,0.35518466697540135,0.0028494992256164415,0.01063818359374997,0.0003784117698669432
640,220.08355236053467,0.318745005922392,0.0028998975753784036,0.010696171283721889,0.0003794255256652832
650,221.59008121490479,0.36236227203626187,0.002837107181549062,0.010579181194305388,0.0003947572708129881
660,223.08147430419922,0.3162658523418941,0.0028874526023864597,0.010385826587676974,0.0003798089027404781
670,224.589937210083,0.3340607736841775,0.0028832516670226913,0.010385951042175259,0.00038114356994628864
680,226.07733464241028,0.34042941462248566,0.0029815297126769883,0.010049845695495578,0.0003805642127990722
690,227.5522038936615,0.34195339706493544,0.0029121589660644404,0.010267643451690641,0.0003742303848266606
700,228.98946857452393,0.3190125554567203,0.002877918243408189,0.010584501266479468,0.0003775272369384766
710,230.48443412780762,0.3203884125687182,0.0028830742835998396,0.010553414344787574,0.00038951492309570316
720,231.96474742889404,0.3403194527607411,0.0028246393203735206,0.010912404537200906,0.0003813762664794924
730,233.43844389915466,0.30535195948323235,0.002876283645629868,0.010280577659606906,0.00037441825866699224
740,234.9099178314209,0.3555047761183232,0.0028837523460388055,0.010346843719482388,0.0003789124488830566
750,236.38385558128357,0.2981398008181714,0.0028814420700073095,0.010567859172821017,0.0003779277801513669
760,237.872394323349,0.3300856692134403,0.002997981071472153,0.009899017333984347,0.00036711883544921897
770,239.35626435279846,0.3305933538707905,0.002908963203430163,0.01045121049880978,0.00038188457489013705
780,240.85960698127747,0.30716719158808703,0.0029176745414733747,0.010506906032562224,0.00039213895797729465
790,242.32471418380737,0.34804683055263014,0.002904830455780016,0.01020928001403806,0.0003732228279113768
800,243.8054301738739,0.3368298114393838,0.0029340276718139526,0.01003091430664059,0.0003691749572753904
810,245.32314801216125,0.3145006859791465,0.0028535919189452996,0.010310719013214092,0.00039500904083251997
820,246.83620810508728,0.2715446346323006,0.002831641674041734,0.01035125207900999,0.000390610694885254
830,248.37323713302612,0.3683659650792833,0.002905961513519272,0.01036056900024411,0.00040013980865478494
840,249.90860247612,0.3149376458255574,0.0029171423912048196,0.010328990936279269,0.000399159908294678
850,251.40879106521606,0.34692606462631376,0.002936283588409412,0.010493534088134734,0.00037130022048950217
860,252.88212037086487,0.37480657851556315,0.002860482692718492,0.010644485473632783,0.0003758029937744146
870,254.3731677532196,0.3456091225729324,0.00302766180038451,0.010041389465332005,0.00038635730743408187
880,255.88511490821838,0.34154031535144896,0.0029012236595153677,0.010737964630126922,0.00039112043380737285
890,257.373877286911,0.2843134815280791,0.0028671612739562835,0.010358088970184295,0.0003798623085021973
900,258.88256311416626,0.2894976477546152,0.002911165237426742,0.01035655879974362,0.0003854856491088867
910,260.41377687454224,0.3353316848690156,0.0029032049179077007,0.010248579502105686,0.00040595960617065437
920,261.95658826828003,0.2891164123895578,0.0028750653266906598,0.010452670574188217,0.0004103374481201177
930,263.4869065284729,0.3411070493166335,0.002928681373596178,0.010409060955047579,0.0004033203125
940,264.9969804286957,0.3259782999230083,0.0028289341926574577,0.01020149469375607,0.0003831090927124021
950,266.5019860267639,0.2823502078885213,0.002955456733703598,0.010409647941589325,0.0003942384719848633
960,267.98832154273987,0.3365871659858385,0.0029202165603637574,0.010360157489776579,0.00036765241622924806
970,269.5071623325348,0.3456168245291337,0.0028453059196472024,0.010598918437957735,0.0003886404037475585
980,270.9806957244873,0.31566874727141114,0.002910158634185777,0.010210136890411343,0.00037817049026489253
990,272.46358156204224,0.31264846756239423,0.0028981552124023313,0.01057966232299801,0.00038006925582885725
1000,273.9525547027588,0.3131941930332687,0.002953572750091538,0.010289408683776837,0.0003807282447814941
1010,275.4330801963806,0.29355387744726613,0.0029734191894531105,0.010232594966888404,0.00037791585922241174
1020,276.82110238075256,0.33820843442808834,0.0028860225677490086,0.010320426940917941,0.0003349900245666501
1030,278.06755661964417,0.3308528101828415,0.0029147996902465674,0.010306195259094217,0.0003168234825134275
1040,279.2914273738861,0.28408745252818335,0.002881153106689441,0.01044166326522825,0.00031580591201782205
1050,280.49199199676514,0.3298221259028651,0.002883208751678457,0.010318537235259983,0.00030674552917480465
1060,281.727756023407,0.30652394794742577,0.0029405846595764013,0.010301030635833708,0.0003190279006958006
1070,282.966402053833,0.2797581334103597,0.0029031085968017414,0.010174171447753885,0.00030638599395751954
1080,284.18457674980164,0.3203712328831898,0.0028964443206786956,0.010455313205718972,0.00030634212493896513
1090,285.4210765361786,0.30507522834232076,0.0028478140830993535,0.010654765129089314,0.00031495952606201184
1100,286.6407172679901,0.3068091259949142,0.002871407985687243,0.010653769016265833,0.0003079652786254884
1110,287.86968445777893,0.3116974838107126,0.002935321331024155,0.010115792751312238,0.00030873823165893577
1120,289.09315371513367,0.30700540708203333,0.002960908412933336,0.010072109222412081,0.00030872106552123994
1130,290.35087752342224,0.27620115274039564,0.002930719852447497,0.010154037475585912,0.00031251811981201157
1140,291.6247613430023,0.30878793066658544,0.0029561662673950086,0.010097043037414512,0.00031667137145996086
1150,292.88855481147766,0.28398662304971367,0.0029147238731384176,0.010496527671813931,0.0003138613700866701
1160,294.2169728279114,0.2876327096601017,0.0028505582809448095,0.010698218822479223,0.0003301200866699216
1170,295.5780920982361,0.27677767736022363,0.0028903574943542356,0.010217527389526339,0.0003480029106140136
1180,296.9482057094574,0.316287605749676,0.0028574156761169284,0.010768021106719953,0.0003486719131469727
1190,298.30798077583313,0.36358204614080025,0.002876142978668198,0.010433584213256814,0.0003435568809509278
1200,299.81527185440063,0.32276827878667974,0.002862749576568586,0.01055332660675047,0.0003902378082275387
1210,301.36843276023865,0.35554166223155337,0.0029245982170104847,0.010280999183654766,0.00040372180938720695
1220,302.8958125114441,0.37031122752814555,0.0029888377189636094,0.010128148555755582,0.00039321184158325206
1230,304.41377568244934,0.3660881837655324,0.002871863842010487,0.010399577617645232,0.00038634300231933595
1240,305.9659595489502,0.3742050543485675,0.002862822532653796,0.010654589653015103,0.0003859772682189944
1250,307.4715795516968,0.2621217799169244,0.002817790985107405,0.01084307956695554,0.0003853621482849121
1260,308.9718599319458,0.29978615065047054,0.002904055118560777,0.010412751197814915,0.0003775157928466795
1270,310.4763870239258,0.32663831364479845,0.0029371824264526215,0.010359013080596894,0.00038701677322387713
1280,311.9943482875824,0.36812837509787644,0.002894959449768052,0.010362924098968475,0.0003959484100341799
1290,313.5043442249298,0.3048134969198145,0.0029727602005004744,0.01031932830810544,0.00038689327239990214
1300,315.01121497154236,0.2994504977483302,0.002817516326904283,0.010121321678161597,0.0003965396881103516
1310,316.5122835636139,0.29491257181507535,0.002930086612701401,0.010509482860565165,0.0003724107742309571
1320,317.99402141571045,0.3100571175047662,0.0029537849426269414,0.01026157999038694,0.00037708568572998043
1330,319.48872542381287,0.32029414803837425,0.0029256734848022324,0.010221774101257297,0.0003837080001831058
1340,320.99541211128235,0.271486319124233,0.002858464241027817,0.010430380344390842,0.00038058662414550766
1350,322.4781217575073,0.2950917928072158,0.002942499160766586,0.010321482658386203,0.000380488872528076
1360,323.97084307670593,0.3517777143366402,0.002869719028472888,0.010565820693969689,0.00038551092147827117
1370,325.47808837890625,0.2662985490140272,0.0028183369636535513,0.010661931514739953,0.00038967180252075207
1380,326.99502086639404,0.2972593023412628,0.002965136051177963,0.010204312324523904,0.0003943514823913573
1390,328.48304271698,0.3196137284481665,0.0028473482131957883,0.010075914859771702,0.0003842759132385255
1400,329.98197722435,0.30102115944609975,0.0029361882209777684,0.010579404830932582,0.0003960809707641604
1410,331.49277901649475,0.3130407078773715,0.002869532108306871,0.010551105976104695,0.00038500928878784185
1420,332.9697051048279,0.28758802138327155,0.0029562778472900244,0.010238718032836873,0.0003753943443298343
1430,334.4582402706146,0.29221344683028294,0.002882520675659167,0.01001893615722654,0.0003816080093383788
1440,335.94357419013977,0.3077174215519335,0.002959377288818346,0.010627917289733856,0.0003815274238586428
1450,337.42449402809143,0.28299267287075053,0.0028694562911987173,0.010307960987091044,0.00038240289688110357
1460,338.91936326026917,0.2971541976905428,0.0028499374389648305,0.010432546615600554,0.00037383413314819334
1470,340.40410113334656,0.2981852692144457,0.0029678483009338247,0.010193658828735326,0.0003769583702087404
1480,341.9440767765045,0.3375652477814583,0.0029144988059997415,0.010456192970275854,0.00039988327026367187
1490,343.4261064529419,0.3034156630601501,0.0028364968299865586,0.010624120712280225,0.00038202619552612295
1500,344.9213898181915,0.2992674474371597,0.002898309707641589,0.010452243328094458,0.00038540267944335956
1510,346.42589259147644,0.3151225953566609,0.002880305767059314,0.010337344646453833,0.0003878602981567383
1520,347.89093494415283,0.32287682735768614,0.002908788681030259,0.010363055229186981,0.0003709335327148438
1530,349.376505613327,0.3133644855348393,0.0028273015022277684,0.010713062763214086,0.00038041782379150384
1540,350.8544671535492,0.3161472646519542,0.0028696174621581872,0.010527287483215308,0.00038340425491333036
1550,352.3294928073883,0.33869171154219657,0.0029495434761047244,0.01014885234832761,0.000375401496887207
1560,353.8059148788452,0.31093422140693294,0.0028811511993408053,0.010386328220367403,0.00037601375579833995
1570,355.2815170288086,0.2949915592209436,0.0029922714233398297,0.00995535469055173,0.0003793492317199704
1580,356.7483265399933,0.2959974712517578,0.002896066188812241,0.010569721221923798,0.00037524366378784146
1590,358.228266954422,0.2997112016426399,0.002881122112274159,0.010430856227874721,0.00037180089950561527
1600,359.67358136177063,0.32405638207274023,0.0029394178390502795,0.010405809402465795,0.00036710500717163064
1610,361.1498510837555,0.34385043582879005,0.0028828897476196177,0.010166478157043435,0.00038090085983276357
1620,362.6127083301544,0.2666499382205075,0.0028989820480346544,0.010256345272064177,0.00037574720382690436
1630,364.0594882965088,0.277641723465058,0.002930988788604723,0.010496884346008274,0.00037186717987060556
1640,365.53732347488403,0.2725950641790405,0.00289101982116698,0.010198013305664031,0.0003824133872985837
1650,367.0094974040985,0.3145039118739078,0.002910209655761707,0.010534306049346886,0.00037673711776733406
1660,368.48374342918396,0.30275512375228575,0.0028901362419128307,0.010474511146545368,0.000374624729156494
1670,369.97758531570435,0.2994745291216532,0.0029564433097839225,0.010239562034606915,0.0003839535713195801
1680,371.4450306892395,0.29694704484718387,0.002846433162689195,0.010637610435485818,0.000374897003173828
1690,372.8129234313965,0.2619771007681265,0.0028469724655151205,0.01047983169555661,0.0003492231369018556
1700,374.09993076324463,0.2803499514062423,0.0029642405509948595,0.010223540782928437,0.00031970739364624014
1710,375.35373306274414,0.267285257394542,0.0029376697540283063,0.010114313602447493,0.00031715679168701187
1720,376.68080401420593,0.302340077093686,0.00284328746795653,0.010416081428527797,0.00031255912780761715
1730,377.9039418697357,0.2915375388954999,0.0028457436561584314,0.01045199346542356,0.00030325603485107413
1740,379.11474347114563,0.2892417160706827,0.0028910355567932002,0.01027066469192502,0.000303729057312012
1750,380.2719898223877,0.2929616823224933,0.002880185604095445,0.010527188301086406,0.00028786563873291047
1760,381.41125774383545,0.2704804957174929,0.0028832335472106793,0.010150560855865456,0.000285660743713379
1770,382.5525002479553,0.2768099999637343,0.0028482179641723484,0.010607146739959682,0.00028273010253906234
1780,383.71165919303894,0.2923711340990849,0.0028974280357360683,0.010449363231658898,0.0002908635139465336
1790,384.89422702789307,0.29382777865976095,0.0029536695480346545,0.01051083469390866,0.000303180694580078
1800,386.14983201026917,0.3008062404463999,0.003019096374511706,0.010228427410125706,0.0002921037673950199
1810,387.31489515304565,0.2821725492904079,0.00285808944702147,0.010822072505950894,0.00028996944427490224
1820,388.47561502456665,0.29322636454016904,0.002929322242736802,0.010093886375427212,0.0002869091033935546
1830,392.37668108940125,0.2650858293418423,0.0029035129547118985,0.010444390296936005,0.0014990086555480959
1840,396.5205979347229,0.2766389830620028,0.0029408860206603872,0.01064032030105587,0.001334375381469726
1850,400.77004861831665,0.32254092921793925,0.002879208564758288,0.010506070137023897,0.001385168552398681
1860,405.1132764816284,0.2779673989367438,0.0028673434257507195,0.01050780630111692,0.0014252095222473124
1870,409.6178894042969,0.28043426564981927,0.002858116149902329,0.01039074850082395,0.0014771366119384775
1880,414.18350291252136,0.2754279774366296,0.0029207606315612643,0.010333434581756574,0.0014852643013000492
1890,418.72047090530396,0.2636675191868562,0.002827446937561021,0.01040335798263547,0.0014754376411437995
1900,423.2457594871521,0.28392997774499235,0.0030451846122741565,0.00974850320816037,0.001471100807189942
1910,427.784823179245,0.31151668915408665,0.002853733062744128,0.010733064174652075,0.0014757742881774912
1920,432.33735156059265,0.3027116278244648,0.0029856963157653673,0.010034379005432099,0.0014860610961914056
1930,436.86638283729553,0.30971568488748746,0.0028544812202453496,0.010265544891357396,0.0014676079750061037
1940,441.38200783729553,0.33497508903965356,0.0029200916290283065,0.010822471618652314,0.0014648799896240237
1950,445.8235619068146,0.3000847646733746,0.002874121189117417,0.010745157718658414,0.001448202133178711
1960,450.38189220428467,0.29400472542620265,0.0028454561233520357,0.010780002117156951,0.001486459732055663
1970,454.940931558609,0.2913859742038767,0.0029198131561279156,0.010349418640136682,0.0014754738807678223
1980,459.48527359962463,0.2675010423146887,0.0029284133911132663,0.010115049839019752,0.0014773311614990233
1990,463.95000648498535,0.30524057197908405,0.002921992778778066,0.009945159435272183,0.0014454898834228521
2000,469.0259828567505,0.2831508322706213,0.002912021160125717,0.010008865833282447,0.0014807047843933096
2010,473.5574972629547,0.28614984708256086,0.002939135074615465,0.01037760210037229,0.0014700307846069339
2020,478.1100699901581,0.2501201633567689,0.002899082183837876,0.010210043907165501,0.001476554870605469
2030,482.66569352149963,0.2649943976386567,0.002896035194396959,0.01030478715896603,0.0014793062210083012
2040,487.23083877563477,0.2434392830444267,0.00284530067443846,0.010133068561553927,0.0014879674911499026
2050,491.7854743003845,0.2512386256974423,0.0028692669868469103,0.010596516132354707,0.0014761524200439455
2060,496.3312141895294,0.3061553510036902,0.0029683742523193236,0.010595326900482151,0.0014923577308654785
2070,500.75989508628845,0.2958838158752769,0.002861098289489733,0.010257081031799287,0.0014330291748046874
2080,505.01001834869385,0.2832965698413318,0.002953984737396225,0.010525727748870822,0.0013826069831848148
2090,509.20827865600586,0.32483803334034744,0.002825485706329334,0.010488594055175753,0.0013917989730834967
2100,513.4999079704285,0.26338036314264174,0.002941327095031728,0.010503191947936972,0.0013964366912841792
2110,517.745370388031,0.32614310319768264,0.0029224143028259123,0.010425273418426492,0.0013842854499816909
2120,522.0128920078278,0.3646679154247977,0.002940273761749252,0.01067321348190305,0.0013924646377563485
2130,526.3909013271332,0.3187966731391498,0.002907620906829822,0.010294426918029755,0.0014032249450683589
2140,530.9453732967377,0.3510611997451633,0.0029201025962829466,0.010365523815154997,0.001482803821563721
2150,535.468189239502,0.35054469205788336,0.0028724312782287464,0.010351767063140843,0.0014766888618469231
2160,540.0261840820312,0.35328449938679113,0.0028357782363891467,0.010521162986755353,0.001486781120300294
2170,544.5737128257751,0.31370346414623784,0.0029175138473510605,0.010099596023559544,0.001473406314849854
2180,549.1350824832916,0.31276273327530363,0.002890032768249495,0.010451671600341769,0.0014852552413940436
2190,553.6537563800812,0.2721796750265639,0.0028764381408691296,0.010379661083221397,0.0014569115638732922
2200,558.1841771602631,0.32332471060508394,0.002933218002319323,0.010062945842742891,0.0014792909622192375
2210,562.7289261817932,0.28474064165784513,0.002894859313964828,0.010479220390319798,0.0014698753356933594
2220,567.2079615592957,0.32638145094110416,0.0029012303352355822,0.010470061779022188,0.0014686779975891114
2230,571.7379612922668,0.3186690464586718,0.002927047729492175,0.010372614383697479,0.0014737300872802732
2240,576.2947430610657,0.31683306259219535,0.00291360282897948,0.010251425266265836,0.0014774661064147969
2250,580.8128976821899,0.3068556754064048,0.0028932294845580913,0.010607884407043435,0.0014850997924804679
2260,585.2935559749603,0.24231582996739784,0.0029011960029601885,0.010001382350921614,0.0014817447662353518
2270,589.8097591400146,0.3005887068313314,0.002915159225463854,0.01022056388854978,0.0014788117408752453
2280,594.3530912399292,0.3005659894493874,0.002943465232849108,0.010520917892456025,0.0014910478591918948
2290,598.8920199871063,0.2345735417882679,0.0028785810470580895,0.010709463119506806,0.0014876985549926755
2300,603.2424077987671,0.24219083379139192,0.00284418439865111,0.01022401762008664,0.0014021906852722163
2310,607.4511842727661,0.26115226107503986,0.0028730025291442743,0.01021075534820554,0.0013598222732543943
2320,611.5788862705231,0.29363405430340206,0.0029264068603515494,0.010525081634521464,0.0013428196907043452
2330,615.6827728748322,0.2944195800300804,0.0028956069946288942,0.010710986137390098,0.0013325972557067867
2340,619.7746984958649,0.2762059614586178,0.002916495800018299,0.009871942520141572,0.0013275270462036121
2350,623.8517725467682,0.2612448096100707,0.0028983521461486686,0.010199436664581268,0.0013283023834228511
2360,627.737384557724,0.25384771532408196,0.002905848026275619,0.010540893077850312,0.0012709059715270993
2370,631.8029670715332,0.2803430887346622,0.0028873062133788936,0.01027399921417234,0.0013295097351074218
2380,635.8777642250061,0.2707164761697641,0.0029177513122558454,0.010374903202056864,0.0013237719535827638
2390,639.9888706207275,0.2690160978308995,0.002878327846527084,0.010662629127502413,0.0013362236022949222
2400,644.2404971122742,0.26142702287324937,0.00294576549530028,0.010320514678955051,0.0013886027336120614
2410,648.6775257587433,0.2712081758043496,0.0028735461235046256,0.01028462982177732,0.0014186792373657236
2420,653.2611079216003,0.28118444967549294,0.0029578189849853377,0.010658196926116914,0.001487645149230956
2430,657.8370387554169,0.2666087765421253,0.0028955674171447605,0.010081403732299769,0.0014784917831420893
2440,662.3777377605438,0.2272926511359401,0.002939081192016588,0.010110519886016814,0.0014713993072509762
2450,666.9276835918427,0.2581793965844554,0.0028908162117004246,0.010449486255645726,0.0014825806617736795
2460,671.4682807922363,0.266135779726028,0.0029265108108520355,0.010048108100891087,0.0014677548408508303
2470,676.006728887558,0.28902514824003445,0.002900522232055651,0.010621136665344217,0.0014807367324829088
2480,680.5620558261871,0.2568988601429737,0.00288342189788817,0.010533783912658665,0.0014823689460754397
2490,685.1352353096008,0.28880198562546866,0.002895049571990954,0.010284210681915255,0.0014874677658081067
2500,689.7013833522797,0.30035279816220284,0.0028298001289367566,0.01067632579803464,0.0014781665802001945
2510,694.2673435211182,0.28576797917776275,0.002886540412902819,0.01068970966339109,0.0014828805923461905
2520,698.7847526073456,0.2723832122719614,0.0028959131240844605,0.010492568016052212,0.0014710917472839356
2530,703.2599766254425,0.258544949167117,0.0028815588951110705,0.010378563404083215,0.0014596786499023427
2540,707.8088624477386,0.2758534096792573,0.0029406795501708853,0.010319994449615464,0.0014688353538513184
2550,712.3720383644104,0.2619968618833809,0.0029328474998474023,0.009736577987670863,0.0014737029075622562
2560,716.8928554058075,0.23934764272999018,0.0028489460945129237,0.010620614051818817,0.0014681453704833984
2570,721.4356722831726,0.3015229996002745,0.0028992266654968126,0.01064777278900143,0.0014768638610839857
2580,725.9900009632111,0.26451702224439944,0.002937195777893052,0.01022179508209225,0.0014797325134277338
2590,730.5432765483856,0.27008383922220675,0.0029267830848693716,0.010117407798767067,0.0014754776954650876
2600,735.0875236988068,0.3061443355822121,0.0029082994461059413,0.010606629848480197,0.0014778094291687017
2610,739.5705490112305,0.2697562596687931,0.0028693599700927623,0.010445405960082975,0.0014389386177062994
2620,744.1133117675781,0.3055955406962312,0.0028400487899780122,0.010809529304504368,0.0014805011749267573
2630,748.6370601654053,0.27093173742468935,0.002923318386077866,0.010214538574218734,0.0014776949882507307
2640,753.1772513389587,0.2847359290026361,0.0029534773826598994,0.010125238895416232,0.0014823088645935054
2650,757.6757700443268,0.2692938589520054,0.0028836331367492547,0.010627240180969208,0.001454297542572021
2660,762.1715958118439,0.2507531938914326,0.002871084213256824,0.010421898841857881,0.001466264247894288
2670,766.6732249259949,0.2466775975684868,0.002891037464141832,0.010411084175109837,0.0014754462242126465
2680,771.2221353054047,0.2519607665367822,0.002908123493194568,0.01031340026855466,0.0014820942878723147
2690,775.7850959300995,0.28649567610991655,0.0029113831520080464,0.010076968669891325,0.0014863672256469726
2700,780.3295750617981,0.2644867940296535,0.0029068293571471986,0.010619516849517799,0.0014799828529357898
2710,784.8928322792053,0.29669002322043525,0.002953926086425768,0.010339459419250456,0.0014799108505249028
2720,789.4344744682312,0.29655678004492075,0.0029514150619506714,0.01028911542892453,0.0014895339012145994
2730,793.9578685760498,0.30483334514283345,0.0029482040405273305,0.010567617416381797,0.0014737267494201668
2740,798.3285732269287,0.28030605489925264,0.002909067153930652,0.010239541530609098,0.0014233250617980936
2750,802.744348526001,0.2444691487966338,0.002858110427856432,0.010435267925262422,0.0014292607307434075
2760,807.167222738266,0.3005212580508669,0.002890374183654774,0.010579533576965299,0.0014377512931823724
2770,811.5960872173309,0.25564269320457245,0.0028628182411193723,0.009991337776184047,0.0014555573463439942
2780,816.1233520507812,0.2384044447055203,0.0028475546836852898,0.010327219486236543,0.001480418205261231
2790,820.5629515647888,0.2371914616698632,0.0028839192390441746,0.010443588733673067,0.001437800884246826
2800,825.0372023582458,0.28324676143397126,0.0029373469352722043,0.010383958816528292,0.0014638724327087388
2810,829.562828540802,0.2394728548519197,0.0028400311470031595,0.010637144565582242,0.001463109016418459
2820,834.0946357250214,0.2588204573679832,0.002934110641479479,0.010216705799102757,0.0014822454452514656
2830,838.6032862663269,0.2729749783189618,0.0028973445892333852,0.010462204456329314,0.0014710116386413583
2840,843.1382310390472,0.26583467570017094,0.00284399843215941,0.010847030162811248,0.0014851179122924811
2850,847.6886899471283,0.2358134550247506,0.00296434640884398,0.010228320121765114,0.0014773359298706043
2860,852.1553919315338,0.2629427276871866,0.0028897728919982787,0.010364408016204802,0.0014801220893859858
2870,856.5622675418854,0.2715332331470563,0.0028940563201904157,0.010243780612945516,0.001437761306762694
2880,860.8068413734436,0.24255147432850208,0.0029556636810302616,0.010002827644348112,0.0013759946823120115
2890,864.9898746013641,0.26717481660598424,0.002922432899475087,0.010203016281127906,0.0013606009483337397
2900,868.8686690330505,0.27141314873165,0.002887894153594959,0.010624551773071261,0.0012739286422729494
2910,870.1676950454712,0.24347737639473052,0.0029116578102111675,0.01039520168304441,0.0003226428031921385
2920,871.4398963451385,0.2585086093866266,0.0028585615158080928,0.010484235763549765,0.00031880378723144517
2930,872.6715252399445,0.27522041230139815,0.0029384160041808953,0.010222187042236295,0.0002943801879882814
2940,873.9559807777405,0.2568545388654456,0.0028593287467956405,0.010411213874816869,0.00030183219909668004
2950,875.2082695960999,0.25437042496341744,0.0029076609611511086,0.01059590911865231,0.00030014991760253897
2960,876.4896705150604,0.2384702630879474,0.0028814301490783577,0.010482352733612036,0.00030520534515380887
2970,877.8232400417328,0.24233640535385348,0.0029559235572814814,0.01008213043212888,0.0003283376693725583
2980,879.1599383354187,0.2565109668619698,0.0029133052825927614,0.010115224361419647,0.0003246517181396483
2990,880.5103831291199,0.24368716409662738,0.002923346996307357,0.010652864456176733,0.0003324823379516601
3000,881.8667781352997,0.2332310941259493,0.0028690352439880223,0.010349608421325656,0.0003292980194091795
3010,883.4149143695831,0.26666788473376074,0.0029467515945434436,0.010525201320648167,0.0003752055168151856
3020,884.9058136940002,0.23844239521435712,0.002910051345825182,0.01019637298583981,0.00035726022720336927
3030,886.4343440532684,0.24207472244015663,0.0028801846504211315,0.010267924308776826,0.0003742260932922363
3040,887.9723923206329,0.25787177405145484,0.0029084672927856313,0.010471436500549285,0.0003570742607116697
3050,889.5087962150574,0.24948273698682896,0.0029196200370788434,0.010128689289092992,0.0003522157669067382
3060,891.0038814544678,0.24190177131968085,0.0028160672187805052,0.010619562625884971,0.0003561015129089357
3070,892.4710154533386,0.24783783408638554,0.0029155082702636585,0.010043466091155983,0.0003511157035827637
3080,893.9721968173981,0.22714263038069477,0.002897696495056137,0.010500331401824919,0.00035127687454223635
3090,895.452095746994,0.24337588504144705,0.0029299354553222515,0.010380389690399134,0.00034631013870239246
3100,896.947683095932,0.27686929304909424,0.002872068881988513,0.010823011398315404,0.0003422961235046391
3110,898.3739995956421,0.35954653978405987,0.0029149870872497417,0.01042091226577756,0.00033115720748901355
3120,899.7914566993713,0.4044702492421493,0.0028961701393127324,0.010507847309112518,0.0003301320075988769
3130,901.2179145812988,0.3256963198773029,0.0028521289825439305,0.010425155162811261,0.00033288908004760776
3140,902.6352505683899,0.2989954733289778,0.002882489681243882,0.01044503450393674,0.0003293170928955082
3150,904.0296249389648,0.28985469090694094,0.0028864569664001317,0.010178119659423801,0.00032579946517944356
3160,905.4396636486053,0.3120813932036981,0.0029378728866577023,0.010249369144439673,0.00032479810714721683
3170,906.8237402439117,0.2855630495832884,0.002934262275695787,0.01007907056808469,0.0003213205337524414
3180,908.2263629436493,0.26399544287414756,0.0028819165229797233,0.01017322206497189,0.0003289809226989748
3190,909.6398847103119,0.28785905204276785,0.0029079861640930035,0.010693366050720184,0.00032862520217895503
3200,911.1043107509613,0.2862603194896529,0.002929330825805648,0.010464437484741193,0.00032819414138793963
3210,912.565750837326,0.31458766912692226,0.0028371329307556033,0.010349046707153283,0.00034706687927246103
3220,913.9668645858765,0.2878595319605665,0.002905255794525132,0.010558526039123526,0.0003278536796569827
3230,918.4344086647034,0.30978622666456984,0.0029122819900512563,0.010705870151519744,0.0014300251007080067
3240,922.9918088912964,0.2684889890414944,0.0028613872528076055,0.010504032135009743,0.0014814391136169422
3250,927.5226309299469,0.27414152394485425,0.0029511675834655604,0.01015893745422362,0.0014805641174316393
3260,932.0415704250336,0.31690494240174305,0.002953364849090563,0.010279389858245811,0.0014463410377502455
3270,936.6047670841217,0.2771898947961745,0.002894071578979478,0.010010637283325168,0.0014812183380126956
3280,941.1524474620819,0.2992625980798039,0.002894402980804428,0.010392030239105194,0.0014643769264221186
3290,945.6587731838226,0.3197878280057921,0.0029300827980041385,0.010296761512756316,0.0014551978111267086
3300,950.1644105911255,0.2436256717192009,0.0028925194740295258,0.010677553653717014,0.0014762005805969223
3310,954.6604571342468,0.2647580784936018,0.0028358559608459323,0.010377974987030008,0.0014502782821655285
3320,958.9121375083923,0.29944308910053224,0.0028835067749023303,0.010397659778594939,0.0013728399276733412
3330,963.2086389064789,0.27924365051439964,0.0028558940887451045,0.010590652942657437,0.0013873686790466307
3340,967.5005416870117,0.3333819748164387,0.0029321002960204933,0.010472897052764866,0.0013769683837890618
3350,971.8054072856903,0.2722978566498078,0.0029662113189697116,0.010169708251953086,0.0013951177597045891
3360,976.2555611133575,0.2430756146175554,0.00287431430816649,0.010526635646820026,0.001435741901397706
3370,980.7912447452545,0.28033193606388523,0.002888795852661118,0.010403911590576147,0.0014736690521240231
3380,985.3495342731476,0.25218090480775573,0.0028992929458618003,0.010102680206298804,0.0014821801185607901
3390,989.8593645095825,0.2995327042444842,0.0029737482070922717,0.010000921249389632,0.0014663081169128407
3400,994.3425297737122,0.31342323136632333,0.002906733512878406,0.010606959819793668,0.0014503664970397943
3410,998.833404302597,0.22761267017776846,0.0029061689376830907,0.010039235115051252,0.0014685335159301748
3420,1003.2875623703003,0.2906073981981551,0.002898310184478747,0.010495493888854948,0.0014419317245483389
3430,1007.7125535011292,0.27835805910673966,0.0028661561012267942,0.010773522853851289,0.0014434680938720712
3440,1012.1505281925201,0.2875088958571567,0.0028957519531249863,0.010655164718627892,0.0014574518203735358
3450,1016.548196554184,0.3003616336836387,0.0028703699111938315,0.010570794105529762,0.001467010974884033
3460,1020.9661726951599,0.2677238724465453,0.0029489235877990577,0.010440495014190651,0.001459886074066163
3470,1025.2493669986725,0.2752129393503261,0.002950306415557847,0.010218164443969703,0.0014450745582580572
3480,1029.4914591312408,0.29364815298397035,0.002939326763153065,0.01022987461090084,0.0014387164115905755
3490,1033.7260386943817,0.29705619431979996,0.002865965366363512,0.01050321006774899,0.0014586563110351562
3500,1037.8283529281616,0.2528628349041738,0.0028652839660644387,0.010010144710540752,0.0014167823791503913
3510,1041.8617188930511,0.29000315654199504,0.0029266300201415893,0.010378693103790259,0.0013788657188415524
3520,1045.8275043964386,0.2553952942087866,0.0029018492698669315,0.010303898334503141,0.0013588662147521959
3530,1049.8737800121307,0.27995332657994154,0.0029007391929626314,0.010322989463806128,0.0013768324851989758
3540,1053.8566360473633,0.2529045134007715,0.0028889727592468118,0.010254354476928688,0.001368893623352052
3550,1057.906664609909,0.27066923233534046,0.002884865283966052,0.01040001201629636,0.0013676953315734856
3560,1062.0976929664612,0.3230004714011606,0.0029386687278747424,0.010580121994018529,0.0014099369049072243
3570,1066.3585140705109,0.2824584791397763,0.002922566413879381,0.010426035881042447,0.0014407930374145512
3580,1070.5940718650818,0.2840443342121177,0.002851081848144516,0.010612050056457493,0.0014471359252929666
3590,1074.812195777893,0.2363364051014622,0.0028693070411682006,0.010230445861816364,0.0014462823867797863
3600,1078.9971804618835,0.24509614084812897,0.002934987068176254,0.010175077438354474,0.0014459595680236814
3610,1083.1985123157501,0.2696098601680863,0.002886624336242664,0.01041048717498776,0.0014357695579528798
3620,1087.4191505908966,0.2583427490160143,0.0029246959686279163,0.010387685775756817,0.0014465398788452144
3630,1091.6333656311035,0.26747867136802694,0.0028891153335571175,0.010357419967651334,0.0014406485557556137
3640,1095.8028209209442,0.2722480852706628,0.002872264862060534,0.010265031337738005,0.001438652992248535
3650,1099.9591512680054,0.23042314940935057,0.002947155475616441,0.010252825736999479,0.0014250235557556148
3660,1104.1299998760223,0.26050829694053107,0.002872961044311508,0.010416805267333972,0.0014286913871765152
3670,1108.336609363556,0.24442582222091885,0.0029065604209899754,0.010586337089538538,0.0014291796684265147
3680,1112.5371761322021,0.24670681292756474,0.002852648735046373,0.01060646629333494,0.0014233670234680177
3690,1116.7589871883392,0.2598658812739175,0.002918534755706775,0.010354394435882543,0.001441838264465331
3700,1120.909602880478,0.2538246209599763,0.002937130451202378,0.010338764190673795,0.0014160151481628419
3710,1125.0573909282684,0.2796449337260352,0.002905910015106186,0.010439640522003142,0.0014010820388793946
3720,1129.2120134830475,0.229471824303025,0.002899873733520498,0.010087179183959932,0.0014270620346069334
3730,1133.381216287613,0.2531551946746101,0.002895479679107653,0.010174300193786585,0.0014317164421081548
3740,1137.619065284729,0.2846092133978062,0.002883876323699935,0.010366577148437481,0.0014477758407592772
3750,1141.8282215595245,0.36103728081791625,0.002939769268035874,0.010318577289581281,0.001434359550476074
3760,1146.025886774063,0.3422812537733851,0.00289893341064452,0.010603693962097139,0.001444869041442871
3770,1150.1351928710938,0.27337396086155713,0.002928727149963366,0.010029596328735324,0.0014302573204040526
3780,1153.141366481781,0.2482206632549797,0.0028354401588439803,0.010720711231231663,0.0009946832656860356
3790,1154.7629551887512,0.26012738115917583,0.002926012516021715,0.01048164272308347,0.00043649435043334965
3800,1156.393010854721,0.2743596442610651,0.002875496864318833,0.010570711135864214,0.0004400396347045897
3810,1157.9985835552216,0.27573663440411295,0.003008203983306871,0.010128633975982643,0.0004366769790649417
3820,1159.6384065151215,0.2535261765977279,0.002900685787200912,0.010303251266479468,0.00044856357574462897
3830,1161.3122611045837,0.27311675679575476,0.0028699774742126346,0.010433186054229718,0.00046136665344238245
3840,1162.9825513362885,0.3050113473983406,0.002880867004394521,0.010369547843933066,0.00045106649398803735
3850,1164.664413690567,0.24154259026522035,0.0028004784584045282,0.010602480888366652,0.00046165037155151387
3860,1166.385002374649,0.2473340129632695,0.002928148746490466,0.010428012371063201,0.000469668865203858
3870,1168.0744757652283,0.2556725786753068,0.002964192390441878,0.010257278919219948,0.00046981430053710967
3880,1169.86856341362,0.24379365615956358,0.002885992050170884,0.01018293809890745,0.0005043182373046873
3890,1171.7718234062195,0.29555785621452524,0.0028856062889098992,0.010765711307525603,0.0005306782722473145
3900,1173.6577785015106,0.2598034746982803,0.002914731502532944,0.010363615512847873,0.0005324926376342777
3910,1176.568308353424,0.2644519185429762,0.002833446025848378,0.010381363391876178,0.0009012022018432614
3920,1180.7028069496155,0.2594963874555287,0.0029279365539550645,0.010196854114532451,0.0014391460418701164
3930,1184.8801729679108,0.26096305358032523,0.002892915248870834,0.010436023712158172,0.0014295535087585445
3940,1188.976755619049,0.2724279716051516,0.002915668010711658,0.010046868324279756,0.0014277167320251476
3950,1193.1234993934631,0.2559930909989484,0.0029042406082153186,0.010470924377441381,0.0014379177093505851
3960,1197.2979848384857,0.2562922629737267,0.002949349880218491,0.010155383586883513,0.0014386272430419917
3970,1201.4501271247864,0.27917982737279984,0.0029312858581542825,0.010079350948333708,0.001442313671112061
3980,1205.6362512111664,0.25424867610444046,0.0028576478958129746,0.010752198219299285,0.0014519820213317882
3990,1209.8199253082275,0.24537035016425962,0.0028934922218322623,0.010518462657928442,0.0014432497024536135
4000,1214.0640003681183,0.2656239148167489,0.002917927742004382,0.01065883970260617,0.001454481601715088
4010,1218.2120742797852,0.2561558409069427,0.002889257907867418,0.010408545017242409,0.001433107852935791
4020,1222.422993183136,0.26364558827579315,0.002934273719787584,0.010410761833190885,0.001452053546905517
4030,1226.4916694164276,0.2256810645272695,0.0028774700164794754,0.010080101013183573,0.0014283237457275398
4040,1230.5352156162262,0.24107941989426668,0.002900197982788071,0.010451525211334195,0.0014104619026184084
4050,1234.7398886680603,0.2329966261180847,0.0028481211662292334,0.010898993015289278,0.001456275463104249
4060,1238.8469824790955,0.2525700963589258,0.0028672828674316275,0.01018497896194455,0.0014319310188293454
4070,1242.9353308677673,0.26628318261355843,0.0029562335014343124,0.010120844841003389,0.0014363336563110352
4080,1246.939463853836,0.26799267312396025,0.0028937811851501337,0.010517174720764126,0.0013886761665344246
4090,1250.9137547016144,0.25195416507439444,0.002967749118804919,0.010207815647125217,0.0013770518302917477
4100,1255.011055469513,0.2665469971521812,0.002899485111236559,0.010555485725402807,0.0014040393829345705
4110,1259.1465821266174,0.24109582151948333,0.0028818492889404143,0.010406121730804404,0.0014324908256530748
4120,1263.3279461860657,0.2610553320987286,0.002909870624542222,0.010423330307006809,0.0014514713287353512
4130,1267.4983830451965,0.24303919361356024,0.0029603657722473004,0.010295535564422583,0.0014251914024353035
4140,1271.567491531372,0.2344912966955616,0.002890508174896227,0.010445049762725804,0.0014319915771484368
4150,1275.3591470718384,0.24482109923009462,0.002945276260375963,0.010177346706390353,0.001406841278076172
4160,1279.2078819274902,0.21979424037824175,0.0028802747726440307,0.010109783172607394,0.0014101800918579095
4170,1282.967426776886,0.2535867997680129,0.0028978161811828466,0.010385958671569797,0.001407469272613525
4180,1286.7778735160828,0.21683644653238168,0.0028908772468566766,0.010210543155670132,0.0013978729248046878
4190,1290.742563009262,0.21767553340349707,0.002868476867675767,0.010726101875305146,0.001415940761566161
4200,1294.2884812355042,0.23720908546655237,0.0028795323371887073,0.010608252525329558,0.0016216621398925791
4210,1295.3868103027344,0.23539417940983237,0.0029090743064880235,0.010180190086364716,0.0003153047561645509
4220,1296.4241516590118,0.23165555965993895,0.0029162602424621454,0.010646821498870826,0.0003031072616577151
4230,1297.3867046833038,0.20214906800511967,0.0029312510490417353,0.010150683879852258,0.00029005193710327144
4240,1298.3937180042267,0.22413760180709388,0.002851327896118151,0.010578038215637173,0.00030350875854492167
4250,1299.3990828990936,0.22824966254406087,0.0028921284675598015,0.010780672073364226,0.0002732663154602051
4260,1300.2793128490448,0.23680593552941062,0.002879384517669664,0.010563473701477021,0.00026424217224121097
4270,1301.181434392929,0.2701823283120928,0.0028843688964843624,0.010558002471923794,0.0002710561752319339
4280,1302.1246016025543,0.24054871565951502,0.002950768947601307,0.010034280776977501,0.00026783180236816426
4290,1303.0283691883087,0.23995786527238713,0.0028786478042602424,0.010389787673950173,0.00026866483688354516
4300,1303.9133160114288,0.22050365678348513,0.0029131555557250855,0.010095486640930152,0.00027319478988647495
4310,1304.7919988632202,0.20187787860607992,0.002908216476440419,0.010209796905517547,0.00026539468765258777
4320,1305.693882226944,0.2409049357782484,0.002960515022277817,0.010280744552612287,0.00027452802658081054
4330,1306.7108738422394,0.3282025114714476,0.0028907542228698586,0.010060706615447975,0.0002784609794616697
4340,1307.7596414089203,0.30425501368607744,0.002931722640991198,0.01033350563049313,0.0002804012298583984
4350,1308.8923964500427,0.24510320354247567,0.002872300148010238,0.010718999862670867,0.00027877998352050754
4360,1309.9410455226898,0.26539276572892695,0.0029455184936523294,0.010048613548278785,0.0002857894897460936
4370,1311.0301628112793,0.2770893294363993,0.002823858261108385,0.01044826936721798,0.0002929000854492187
4380,1312.1102123260498,0.2471267421136612,0.002911534309387193,0.010546007156372043,0.0002886047363281249
4390,1313.2645239830017,0.2450560688857802,0.0028764133453368992,0.010547966480255102,0.0002834687232971192
4400,1314.328689813614,0.274637640460436,0.0028931288719177112,0.01046764469146726,0.00028858947753906223
4410,1315.505657672882,0.2623244919278216,0.002964901447296127,0.01020630121231077,0.000299915790557861
4420,1316.693101644516,0.2544057944960335,0.002921411991119372,0.010523923873901334,0.00029871797561645475
4430,1317.8887884616852,0.2491558946444147,0.00292196464538573,0.010439627647399875,0.00029850339889526354
4440,1319.0817534923553,0.26909748478428863,0.002960465431213365,0.010353081703186004,0.00029872512817382817
4450,1320.266231060028,0.2213231613811093,0.00290020942687987,0.010127828121185265,0.0003004961013793943
4460,1321.5439414978027,0.23341580022813552,0.0028541917800903194,0.010761743545532195,0.0003230023384094239
4470,1322.7681052684784,0.23143435076040056,0.002855714321136463,0.010509483337402311,0.0003145070075988772
4480,1323.8730762004852,0.22406274785737446,0.0028463640213012564,0.00992510509490963,0.00031210851669311523
4490,1325.0515656471252,0.22139287202603444,0.0028881211280822614,0.010254428386688205,0.00032405805587768584
4500,1326.2044610977173,0.21961369638611555,0.0029124603271484238,0.010730466365814182,0.0003274302482604978
4510,1327.278380870819,0.24680543085710105,0.002927104473114002,0.0103987064361572,0.0003122801780700684
4520,1328.3018367290497,0.21037031626505506,0.0029448299407958856,0.010322079658508267,0.0003136353492736815
4530,1329.3442764282227,0.23220881423416068,0.0028250932693481296,0.010487886905670131,0.0003122596740722657
4540,1330.4418444633484,0.19975358610038768,0.002903028964996323,0.010573590755462622,0.00032911491394042956
4550,1331.5000422000885,0.22373857981245804,0.002858130455017076,0.009974765300750702,0.00031377315521240233
4560,1332.5788779258728,0.22361925170742825,0.002862266540527329,0.01031193923950193,0.00030798244476318374
4570,1333.722608089447,0.2646412062054595,0.0029733405113220104,0.01053648424148557,0.00031919145584106463
4580,1334.7279889583588,0.22145495839168744,0.0029162712097167837,0.010202866554260222,0.0003136110305786132
4590,1335.746410369873,0.22271405062541585,0.0029431662559509155,0.010401369571685757,0.00031125736236572267
4600,1336.8429446220398,0.22832516477786338,0.0028729171752929546,0.010496169567108122,0.0003170576095581054
4610,1338.002760887146,0.24581439911573238,0.002899748802185044,0.010448412418365454,0.00031190490722656286
4620,1339.1007120609283,0.2240569587000391,0.002875751972198471,0.010776163101196256,0.0003073959350585937
4630,1340.1474301815033,0.2143751376504989,0.0029204339981078946,0.010410714626312234,0.00030102157592773416
4640,1341.2608890533447,0.23061389664866327,0.002967182636260974,0.01017598295211789,0.0003068828582763672
4650,1342.383651971817,0.21790312902869596,0.0028702049255370982,0.010222508907318083,0.00031516170501709017
4660,1343.3542351722717,0.2408448542904372,0.002894239902496323,0.009987981319427467,0.00030633878707885773
4670,1344.3493728637695,0.2489166837328824,0.0028884510993957392,0.010468647956848114,0.00030780792236328124
4680,1345.3996868133545,0.20730992495011016,0.0029213705062866068,0.010187628746032688,0.0003099632263183593
4690,1346.4531512260437,0.22801495426971247,0.0029032464027404646,0.010413103580474826,0.000313626766204834
4700,1347.5253291130066,0.22526406260493653,0.002864679813384996,0.01073544549942014,0.00031327247619628907
4710,1348.5864987373352,0.249913891211098,0.0028944964408874397,0.010544068813323934,0.0003130884170532224
4720,1349.6107485294342,0.21345745544017042,0.0028615207672119,0.010499897956848114,0.00031291198730468736
4730,1350.7151517868042,0.2262625326719125,0.002858170986175525,0.010785654067993138,0.0003087987899780271
4740,1351.792075395584,0.2253747811069971,0.0028954944610595575,0.010185588359832727,0.00030715084075927737
4750,1352.8379888534546,0.19791541775008137,0.0029669098854064836,0.009987421989440892,0.00031322240829467806
4760,1353.8133668899536,0.2093008112764409,0.0028094162940978874,0.0102520942687988,0.000312044620513916
4770,1354.8484869003296,0.224097790177506,0.0029837923049926608,0.010219258785247766,0.00032513761520385723
4780,1355.8809008598328,0.22254518847897295,0.002928318500518784,0.01015822935104367,0.00031695795059204104
4790,1356.9354190826416,0.20986902537567237,0.002885641098022447,0.01056735229492185,0.000319016933441162
4800,1358.0024693012238,0.22103437540093734,0.0029193243980407575,0.010634044647216772,0.000313113212585449
4810,1359.0121812820435,0.21317413019957238,0.0028989024162292347,0.010242408752441375,0.0003069896697998044
4820,1360.0099914073944,0.2410566568439974,0.0029266400337219127,0.010103837490081752,0.0003065371513366698
4830,1360.969440460205,0.2500636147792536,0.0028130946159362655,0.010587402343749965,0.0003043503761291504
4840,1361.89622092247,0.227633947014329,0.002893042087554917,0.010653151512145971,0.00030830335617065455
4850,1362.8205831050873,0.22896980022299815,0.0028883256912231297,0.01032959032058712,0.0003067021369934083
4860,1363.7946090698242,0.2439006219613738,0.003007826328277575,0.009695830345153785,0.00031930112838745087
4870,1364.8341763019562,0.21793817107457042,0.002841699600219715,0.01092685365676877,0.00031158876419067364
4880,1365.8494772911072,0.22601287762649996,0.002938949584960923,0.010498411655425994,0.0003054256439208983
4890,1366.88805270195,0.21173958197143755,0.0029339308738708363,0.010719931602478,0.00031066513061523413
4900,1367.8385472297668,0.21238790600770013,0.002900362968444811,0.009951529979705786,0.00030364370346069305
4910,1369.0422885417938,0.2693931706007036,0.0028379588127136106,0.01063970947265622,0.00032499361038208004
4920,1370.2276146411896,0.269559509705959,0.0029082145690917825,0.010293553352355916,0.000320995807647705
4930,1371.4016742706299,0.24428092602213952,0.002886407375335679,0.010476949691772429,0.0003157124519348146
4940,1372.5863947868347,0.23801341817266702,0.0029165039062499887,0.010209417343139621,0.00031953954696655287
4950,1373.7907087802887,0.220988893231036,0.002937664508819566,0.010531126976013163,0.0003210649490356447
4960,1375.0689432621002,0.23955368909814295,0.0028866786956786962,0.01069134664535521,0.00034486150741577164
4970,1376.278353214264,0.21228291952982312,0.0029302821159362686,0.010084191322326628,0.00032435274124145507
4980,1377.4564278125763,0.2195300756626331,0.0028542542457580438,0.010293013095855685,0.0003187308311462399
4990,1378.6435859203339,0.23089523536237805,0.0030072722434997404,0.010103825569152803,0.0003164863586425776
5000,1379.888829946518,0.2418633585172214,0.0028553891181945677,0.010533311843872038,0.00031226205825805674