#=== ait_scratch_reduced_w10_1000b1000a ===
#
#Metrics:
#  Accuracy: 0.4464 | Macro Precision: 0.6788 | Macro Recall: 0.8831 | Macro F1: 0.6532
#  False Alarms: 78109 | False Alarm Rate: 0.5847
#  Missed Attacks: 0 | Detection Rate: 1.0000
#
#Per-Class Metrics:
#  [phase1] P=0.0295 | R=1.0000 | F1=0.0574 | 
#  [phase4] P=0.5892 | R=1.0000 | F1=0.7415 | 
#  [phase2] P=0.9167 | R=1.0000 | F1=0.9565 | 
#  [phase3] P=0.8585 | R=1.0000 | F1=0.9239 | 
#
#Confusion Matrix:
#         	      	      	      	Actual	      	      
#         	      	benign	phase1	phase4	phase2	phase3
#         	benign	 55473	     0	     0	     0	     0
#Predicted	phase1	 74506	  2268	     0	     0	     0
#         	phase4	  3587	     0	  5144	     0	     0
#         	phase2	     1	     0	     0	    11	     0
#         	phase3	    15	     0	     0	     0	    91
i,time,loss,ground_time,compile_time,eval_time
10,1.0092613697052002,0.7266297414025757,0.002382997035980233,0.00035157251358032305,0.0002490339279174805
20,2.6041107177734375,0.7762385478359647,0.0027527170181274544,0.0003818607330322271,0.0004174675941467281
30,4.027123928070068,0.7759940572548658,0.002848883628845227,0.00039806365966796943,0.00040126276016235336
40,4.975712299346924,0.7503699549590237,0.002701934814453139,0.0003816709518432623,0.000284700870513916
50,6.286444187164307,0.7600734654115513,0.0027341918945312615,0.0003935794830322273,0.0003574905395507807
60,7.411470890045166,0.7301721842435654,0.002778275966644298,0.00038862085342407317,0.0002970871925354002
70,8.543761968612671,0.7291704169940203,0.0026699194908142232,0.00039314603805542083,0.0003383460044860841
80,9.48280119895935,0.6900126196036581,0.002747206211090101,0.0003854393959045417,0.0002794198989868165
90,10.628248691558838,0.6766219896031543,0.0027997736930847274,0.0003860559463500986,0.00033783149719238283
100,11.835408687591553,0.6568108739913441,0.002771252632141127,0.0004008350372314461,0.00036127138137817376
110,12.955814123153687,0.62802426465787,0.0027711725234985463,0.000395353794097901,0.00038558053970336924
120,14.107646703720093,0.5854449737933465,0.002724191665649427,0.00039109659194946347,0.0004007778167724609
130,15.278175354003906,0.5493086456437595,0.002772287845611587,0.0003887534141540533,0.0003839836120605468
140,16.5970139503479,0.4822324113221839,0.002753044605255139,0.00038683700561523523,0.0004278521537780766
150,18.008832216262817,0.4415205564815551,0.002728591442108164,0.00039934635162353624,0.00048235082626342805
160,19.472346782684326,0.40384429646655917,0.0026934523582458634,0.0003865323066711433,0.0004913692474365233
170,20.888861179351807,0.3604424305725843,0.0027516756057739383,0.0003931417465209969,0.0004984059333801269
180,22.36278223991394,0.3236861677723937,0.00268613958358766,0.0003839540481567388,0.0004960551261901855
190,23.87867760658264,0.3602685714722611,0.0027468123435974248,0.0003874335289001475,0.0004986972808837889
200,25.40105390548706,0.34441038365475835,0.0028219509124755987,0.0003849029541015629,0.0005006270408630371
210,26.88755178451538,0.32409566066926343,0.0027522130012512342,0.0003817415237426764,0.0005007376670837407
220,28.3897647857666,0.34391135949408635,0.002744749069213878,0.0004026107788085946,0.0005006451606750487
230,29.861207962036133,0.2759457409149036,0.0026514000892639304,0.00039556026458740297,0.0004985828399658202
240,31.355435609817505,0.319874205137603,0.002773153305053725,0.00038916063308715886,0.0004920411109924315
250,32.82475686073303,0.35432254588231443,0.0027616791725158817,0.000380343914031983,0.0005007567405700679
260,34.32142424583435,0.36370414714328947,0.0027172970771789677,0.0003892245292663582,0.0004978075027465823
270,35.825578689575195,0.35527465036138894,0.002769993305206312,0.0003956713676452643,0.000498156070709228
280,37.34698224067688,0.28108389221597463,0.0026742115020752045,0.0003939104080200202,0.0004977116584777831
290,38.822001934051514,0.3156007200945169,0.0027886776924133426,0.0003847494125366217,0.000497971057891846
300,40.29091262817383,0.37830011716578155,0.002802015304565445,0.00038336324691772494,0.0005134811401367183
310,41.861838817596436,0.31004742678487673,0.0026589875221252573,0.0003911170959472663,0.0005309615135192875
320,43.39053463935852,0.30169010754907505,0.002694209098815931,0.00039052200317382863,0.0005260705947875972
330,44.87487435340881,0.35253966562449934,0.002794323921203627,0.00039734935760498135,0.0005082883834838863
340,46.407031297683716,0.34314581541693767,0.002791234016418469,0.0003909654617309582,0.0005188236236572259
350,47.97392463684082,0.3172485359013081,0.0027391834259033318,0.0003907628059387212,0.0005191445350646977
360,49.479626178741455,0.3267470210092142,0.002762541770935069,0.0003963270187377939,0.0005077266693115235
370,50.97245812416077,0.3211656320723705,0.0027241954803466943,0.0003796615600585946,0.0005054435729980469
380,52.46920871734619,0.3146206057048403,0.0027380299568176393,0.0003902673721313484,0.0005106105804443358
390,54.00816631317139,0.3688815188361332,0.0027823662757873674,0.0003761348724365238,0.000514081954956055
400,55.48574733734131,0.2999749582610093,0.00277276659011842,0.00039474248886108487,0.0004934411048889155
410,57.32444715499878,0.31207898613647556,0.0027538466453552375,0.00038874483108520565,0.001121137619018554
420,59.095885038375854,0.29933325142483225,0.0027145032882690536,0.00038716363906860386,0.0007029852867126461
430,60.803608894348145,0.3095387831679545,0.002785407543182387,0.00038707304000854556,0.0006789202690124518
440,62.52209711074829,0.32363766558701174,0.0027590270042419556,0.00038815641403198325,0.0006979217529296869
450,64.42377662658691,0.30241526697645893,0.0026946277618408333,0.00038891935348510804,0.0006754465103149417
460,66.13388204574585,0.3269309452327434,0.0028057603836059712,0.0003921246528625494,0.0006394815444946293
470,67.82280230522156,0.2988354861154221,0.002718342781066905,0.00039104080200195394,0.0006194748878479005
480,69.56555795669556,0.29962322032079103,0.002721265316009534,0.0003972702026367193,0.0006420254707336427
490,71.25422883033752,0.3224819961760659,0.0027630186080932757,0.00038653755187988327,0.0006165289878845211
500,72.97067761421204,0.2955420475453138,0.0027563266754150493,0.0003954720497131354,0.000607754230499267