#=== ait_scratch_reduced_w100_full ===
#
#Metrics:
#  Accuracy: 0.9889 | Macro Precision: 0.7780 | Macro Recall: 0.5412 | Macro F1: 0.5601
#  False Alarms: 539 | False Alarm Rate: 0.0040
#  Missed Attacks: 1020 | Detection Rate: 0.8642
#
#Per-Class Metrics:
#  [phase1] P=0.8974 | R=0.9173 | F1=0.9073 | 
#  [phase2] P=1.0000 | R=0.7817 | F1=0.8775 | 
#  [phase3] P=0.0000 | R=0.0000 | F1=0.0000 | 
#  [phase4] P=1.0000 | R=0.0110 | F1=0.0217 | 
#
#Confusion Matrix:
#         	      	      	      	Actual	      	      
#         	      	benign	phase1	phase2	phase3	phase4
#         	benign	133011	   425	   495	    10	    90
#Predicted	phase1	   539	  4716	     0	     0	     0
#         	phase2	     0	     0	  1773	     0	     0
#         	phase3	     0	     0	     0	     0	     0
#         	phase4	     0	     0	     0	     0	     1
i,time,loss,ground_time,compile_time,eval_time
100,14.333909749984741,0.1273680848516249,0.004461981773376623,0.012543504619598083,0.00031415853500366223
200,27.367887258529663,0.11054092193910561,0.004466705799102913,0.012672988891601287,0.0002940395355224602
300,40.51047372817993,0.10799952145711084,0.004502277517318874,0.012628164148330399,0.00029706077575683624
400,57.87746715545654,0.11759894130431896,0.00484683098793047,0.012584321260451996,0.00036077232360839885
500,71.01363921165466,0.10791485201961258,0.004498541164398338,0.01262119016647308,0.0003005647659301759
600,83.97696018218994,0.09889774585405173,0.00444013633728043,0.012609083509444891,0.0002944118499755864
700,97.05013251304626,0.09801943779888209,0.004527055358886864,0.01264900918006871,0.0002980745315551754
800,110.01002192497253,0.09782586663285851,0.004772176408767883,0.01256225647926299,0.00029497704505920325
900,122.74280858039856,0.09585116260104339,0.004541273784637612,0.012663088226318082,0.00029403800964355396
1000,137.35841488838196,0.09840821226230317,0.0044832540035249155,0.01262906761169408,0.0003621995925903323
1100,151.06895232200623,0.09036517332919977,0.004482107734680333,0.012574001550674105,0.00033672881126403827
1200,163.85913562774658,0.0883624220698555,0.004792852926254436,0.012619625949859319,0.00029221887588501004
1300,177.6026213169098,0.08839252687747749,0.0045254204273225355,0.012565830230712581,0.0003416765689849852
1400,196.69169068336487,0.08639415969134619,0.004492735099792611,0.012645520353316952,0.0004600550651550283
1500,210.99445343017578,0.07545744731065886,0.004516956901550445,0.012598205995559403,0.00034890689849853595
1600,225.32538223266602,0.09236807777602142,0.004517409563064725,0.012628403282165239,0.00035044164657592925
1700,239.52931451797485,0.08330634827618995,0.004428800773620774,0.012609954786300344,0.000345982313156128
1800,254.02971386909485,0.08051786015914157,0.004481478261947791,0.01260075631141632,0.00035411629676818926
1900,268.2012014389038,0.07759903756136793,0.004506375932693651,0.012612769746780097,0.0003446594715118411
2000,282.61407494544983,0.07016432923580698,0.004442839431762859,0.012645335292815871,0.00035041856765747085
2100,300.88707065582275,0.0772949316211871,0.004500291728973527,0.012549907970428164,0.0004379072189331048
2200,315.64495277404785,0.07411778830455139,0.004768656826019433,0.01258291721343965,0.00035921001434326133
2300,330.4064075946808,0.07643338873135098,0.00449703931808489,0.012590962839126286,0.0003591922760009752
2400,342.67050075531006,0.06961405338434008,0.004460803937912142,0.012629197931289339,0.0002949820041656498
2500,355.4749803543091,0.06770676044454066,0.004443247175216839,0.01264539895057652,0.00030878214836120615
2600,369.7776885032654,0.06960531650933234,0.004445999240875411,0.012592750692367262,0.0003557734012603754
2700,384.1366214752197,0.06867995673909812,0.0044923778057099845,0.012673825216293058,0.00035909543037414754
2800,398.5288691520691,0.06444932052113335,0.004446754693985137,0.012621421003341373,0.0003583317279815671
2900,412.8007798194885,0.07054576448500821,0.004476696157455617,0.01261982045173613,0.0003555444717407229
3000,426.8345322608948,0.06496899948268642,0.004484600210189963,0.012612663745879858,0.0003506724834442148
3100,441.20922207832336,0.06797940812454038,0.004527809762954856,0.012590713644027411,0.0003587402820587146
3200,455.42333602905273,0.06884594803125113,0.004481044149398974,0.012576084232330042,0.0003546539306640619
3300,468.4041655063629,0.06311737391951622,0.004487711811065835,0.012612140369414977,0.00032356691360473566
3400,481.76077485084534,0.058157298419850186,0.0045479224205018515,0.012672953891753888,0.0003347043037414538
3500,493.7208230495453,0.059901473904738156,0.004465934848785543,0.012649292421340606,0.00029578094482421826
3600,506.91211795806885,0.06469711311911723,0.004505018186569364,0.012619858217239082,0.00032827906608581575
3700,521.32665848732,0.06089134515097422,0.004443171262741258,0.0126018935203549,0.0003562489986419677
3800,535.7083826065063,0.06099759387929247,0.0044803250312806745,0.012644112920760812,0.00035783109664917003
3900,550.073793888092,0.061227849686539874,0.004454894304275643,0.012625218915939049,0.0003596091747283937
4000,564.5194537639618,0.0559820291067371,0.00449666132926955,0.012586937665939055,0.00035974397659301716
4100,578.9706628322601,0.05810508233921314,0.00447694664001482,0.012613707351684298,0.00035984177589416593
4200,593.040322303772,0.05444919512919319,0.004428885030746604,0.012591667413711247,0.00034974532127380497
4300,607.4481275081635,0.06034196696993923,0.004501197528839268,0.012599568355083197,0.00034873187541961697
4400,618.8977677822113,0.05852987312717721,0.004491687822342075,0.01266524486541718,0.0002614790439605714
4500,629.5104126930237,0.050387650728382555,0.0045360272407533216,0.012646671104430877,0.00023705925941467268
4600,646.6887621879578,0.05929429845622782,0.0044761431217195165,0.012542933654784871,0.0004100248813629143
4700,667.8262360095978,0.057310791707256434,0.004801206588745301,0.01271211338043184,0.000522763109207154
4800,688.6270489692688,0.05131495301816974,0.004471314954757849,0.012623850059508977,0.0005141904830932619
4900,708.8722126483917,0.05736998801828513,0.004520958662033232,0.012621479082107256,0.0004979167938232405
5000,725.7183809280396,0.058808379332023625,0.004477565860748447,0.01264040575027439,0.00040135612487792913
5100,738.8908884525299,0.049039677192059185,0.00478128480911268,0.01262701396942107,0.00029400949478149477
5200,752.1454384326935,0.04886348326189089,0.0045187872886659364,0.012651328659057286,0.000296560716629028
5300,764.6204266548157,0.0473944737003201,0.0044467790603639175,0.012605673933028878,0.00027886505126953104
5400,775.5922245979309,0.054290885642991886,0.004490029621124421,0.012593132734298402,0.0002472439765930166
5500,787.3410494327545,0.05049313933948607,0.004481621503830104,0.012567446899413741,0.0002642954826354979
5600,801.0677745342255,0.05796604810398067,0.004456635189056569,0.012621520233153978,0.0003066148757934569
5700,814.4099688529968,0.0518433498830608,0.004472200202942039,0.012608328723907197,0.0002959538936614988
5800,827.7353749275208,0.05146375784573548,0.004476999998092802,0.012609799480437955,0.0002984197139739982
5900,841.0793702602386,0.04814390080216798,0.004463212919235372,0.012670344114303256,0.00029764666557311983
6000,854.0891382694244,0.047146088280991816,0.004417741584777972,0.012623195648193069,0.00029704036712646545
6100,867.0355560779572,0.04640730513457661,0.0044984589099885544,0.0126051897048947,0.0002981550216674806
6200,879.8094899654388,0.04472258441090756,0.004470121622085726,0.012669667816161826,0.0002957431793212896
6300,892.6325056552887,0.04653770506940622,0.00478436517715469,0.012586533498763753,0.0002973736763000497
6400,905.456207036972,0.04404059851933686,0.004558982276916655,0.0126095560550687,0.0002964404106140136
6500,917.065664768219,0.051719866503348644,0.004505019378662252,0.012614540386199684,0.00027003808021545424
6600,927.0261192321777,0.045493281760069025,0.004497564649582069,0.012568526220321362,0.00023219614028930567
6700,936.7978444099426,0.04455079151452572,0.004457673454284831,0.012623545408248605,0.00022961659431457404
6800,947.0533154010773,0.04028167182385592,0.004456320953369291,0.012618025970458684,0.00023948159217834436
6900,959.7621626853943,0.048669258453928534,0.004565603876114057,0.012587472629546794,0.0002925475597381597
7000,973.2106738090515,0.03534614766553919,0.004468911838531651,0.012649832820892023,0.000303183412551879
7100,985.9858112335205,0.04228044017977485,0.004462514829635757,0.012628079175948836,0.00029842114448547317
7200,998.8537197113037,0.04714981684873225,0.0045057002067567424,0.012599102401733104,0.00030086569786071755
7300,1011.4310290813446,0.041134359684141926,0.004432502222061288,0.01257350411415072,0.00029254274368286054
7400,1023.9735062122345,0.04213477129131886,0.004506220149994055,0.01261675596237156,0.00029142117500305246
7500,1036.5851714611053,0.0487561911493561,0.004494884061813495,0.012632894563674663,0.00029380345344543396
7600,1049.2083477973938,0.045721898421415864,0.004471063566208033,0.012629448699950878,0.00029370985031127914
7700,1061.699027299881,0.04656108804913456,0.00445950250625626,0.012531382369994813,0.0002939739704132078
7800,1072.5505876541138,0.049764984127314206,0.004451810550689842,0.012556561183929166,0.00025615901947021423
7900,1084.665191411972,0.042989211650347886,0.00475526700019851,0.012647531652450281,0.00028408985137939354
8000,1097.5531423091888,0.04481292776423163,0.004511695623397968,0.01268810720443694,0.00030074267387390183
8100,1110.1754741668701,0.04281678935454822,0.00448139333724992,0.012630286455154129,0.0002943140506744394
8200,1123.0402648448944,0.042203504977419246,0.004568961238861243,0.012631734085082695,0.0003021425247192385
8300,1135.7240669727325,0.042316978382442326,0.004356094646454012,0.012590968179702516,0.0002953359603881836
8400,1154.6314179897308,0.046741526742127865,0.0044496301651002585,0.012598411893844369,0.00047039370536804234
8500,1178.7398393154144,0.04219818972307955,0.00451619873046891,0.012579321742057503,0.000675025904178621
8600,1215.6280772686005,0.04236380766871334,0.004464192342758334,0.012607332611083703,0.001152831268310549
8700,1253.3524386882782,0.041818348970941006,0.004480852222442776,0.012646124029159222,0.0011717048645019516
8800,1290.887235403061,0.038974337245364456,0.004513667154312281,0.01259281911849948,0.0011701800823211662
8900,1328.1333475112915,0.04516670659440873,0.004499654674530194,0.012613074111938172,0.001162799739837647
9000,1352.3641793727875,0.04138046092103798,0.004423792791366716,0.012650129699706737,0.000665601253509521
9100,1371.3732509613037,0.038096278744721594,0.004500792884826821,0.012652918291091613,0.00046791090965270953
9200,1385.077533006668,0.04090754636835567,0.004401462078094622,0.012660109472274505,0.00033994431495666547
9300,1399.1664848327637,0.03811897629741424,0.004507771396637116,0.012592954206466382,0.00034724321365356436
9400,1413.0005252361298,0.038102088140866575,0.004498039245605612,0.012677068662643145,0.00034073314666748097
9500,1425.9697132110596,0.041538037862408374,0.00507623524665846,0.012629195499419908,0.0003183090686798097
9600,1438.2192885875702,0.04173819787799388,0.004460245609283618,0.012605619525909101,0.00029199442863464325
9700,1449.4111518859863,0.03910626055074469,0.00450664453506486,0.01261253561973541,0.00026548547744750914
9800,1459.381334066391,0.04683826854592119,0.004436864233017121,0.012605088043212557,0.0002361380577087401
9900,1469.7609498500824,0.03403858060014814,0.0044637351036073344,0.012583258962630928,0.00024726781845092716
10000,1482.4162299633026,0.04067018380265119,0.004437455892563,0.012590964651107506,0.0003039563655853271
10100,1496.0019714832306,0.037851973669021176,0.004485282802581939,0.01264773278236359,0.0003264904022216794
10200,1509.3908479213715,0.03803950068315585,0.0045103170394899025,0.01263954186439483,0.0003212190628051761
10300,1522.6306054592133,0.043591809190579374,0.004549249982834011,0.012584947681426751,0.0003173656463623043
10400,1535.6866147518158,0.040391528907350656,0.004491512393951573,0.012602192687988002,0.0003140080451965343
10500,1548.8855764865875,0.03557076983149973,0.004432802629470984,0.012624577951430965,0.00031516475677490353
10600,1562.073848247528,0.032629197307962786,0.004501428127288958,0.01257273244857759,0.0003151268959045409
10700,1575.1986877918243,0.03189147143292028,0.004540184783935698,0.012656206893920609,0.00031357865333557104
10800,1588.2044823169708,0.038834914584742884,0.004491594791412504,0.012638365888595288,0.0003103730678558343
10900,1601.0535714626312,0.03857943492666128,0.00454761452674882,0.012603076219558418,0.0003018924236297611
11000,1613.8108294010162,0.033607789815725486,0.004544552850723438,0.012616261911391915,0.0002974966526031497
11100,1625.5861110687256,0.03409121140143137,0.0048051391124726926,0.012628656816482245,0.00027721900939941364
11200,1637.5115203857422,0.04049911143145588,0.004444135808944871,0.012611325502395314,0.0002795617103576652
11300,1649.8819179534912,0.037712725857959685,0.004402149581909315,0.012590740156173452,0.00028855376243591316
11400,1661.572177886963,0.041035810608165885,0.004514067697525166,0.012597286128997472,0.0002757711410522469
11500,1672.7911274433136,0.03649960634252886,0.004796500730514681,0.012648914909362517,0.00026448001861572283
11600,1685.6344060897827,0.037426316189033956,0.004468245697021648,0.012560120773315133,0.0002997008800506601
11700,1698.5324606895447,0.03858936593608019,0.0044850195407868925,0.012619806957244543,0.00030050292015075655
11800,1710.991865158081,0.03950982739319644,0.004517559194564969,0.01256500267982452,0.0002917687416076659
11900,1723.8757102489471,0.04717927052894774,0.004535975122451948,0.012612868070602164,0.0003002677917480473
12000,1736.7153859138489,0.03683804364101091,0.004453514623642133,0.012602042770385449,0.00029852161407470634
12100,1749.7599902153015,0.04212851088730182,0.004394806289673004,0.01261838707923858,0.0003094187736511224
12200,1763.0883009433746,0.04004093547842284,0.004481547546386864,0.012579308557510075,0.0003245127201080328
12300,1776.2006075382233,0.03509758445701682,0.00454138412475601,0.01264716091155977,0.0003193962574005121
12400,1787.2189807891846,0.03804765115478295,0.004488311004638819,0.012670297861098983,0.00027052669525146544
12500,1798.9914994239807,0.03513565200805735,0.0044870704174043465,0.012629012441634842,0.00028755664825439467
12600,1812.688125371933,0.03961719494688016,0.004490161228180103,0.012607660198211355,0.0003311750888824461
12700,1826.1913228034973,0.037339334241009395,0.004472783470153948,0.012601455199718168,0.000327057647705079
12800,1841.1383624076843,0.03922952115287472,0.004433585023880159,0.012644949150085174,0.000392241048812865
12900,1855.940978527069,0.039542999693944786,0.00444601874351517,0.012612367820739458,0.00037969875335693443
13000,1870.4564020633698,0.034668326093397844,0.004754767894745054,0.012592541790008323,0.0003721137046813974
13100,1884.372306585312,0.03523252103814833,0.004451923561096338,0.012607941627502155,0.00035473880767822227
13200,1894.6953146457672,0.035298067704894485,0.004506487274170084,0.012593318939208707,0.00024543147087097145
13300,1905.2574350833893,0.03472061980060917,0.00479389238357562,0.012601031732558917,0.0002526307106018065
13400,1918.9667856693268,0.03523878646000519,0.004445353364944616,0.012596719121932694,0.0003493486881256091
13500,1935.9894819259644,0.03623733944327558,0.004432850217819369,0.012577270555495935,0.00039996228218078467
13600,1950.1235072612762,0.03444643240142413,0.004489786148071457,0.012583579254150056,0.0003541499137878415
13700,1964.1818249225616,0.0361189607907408,0.0045800969123841965,0.012579814910888382,0.0003522204875946037
13800,1978.6542983055115,0.04054566931573019,0.00448577189445512,0.012616710519790342,0.00036423120498657265
13900,1992.7589383125305,0.04039121925986683,0.004490023994445958,0.012621868085860912,0.0003568382263183595
14000,2006.9866452217102,0.034291393404231554,0.004472188472747971,0.012641229581832569,0.00035575451850891214
14100,2018.2722880840302,0.034216309666821564,0.0045106204509736715,0.012620278072356883,0.0002730798721313477
14200,2028.8921735286713,0.03481750958607854,0.004488723659515532,0.01263554944992037,0.0002520718574523928
14300,2042.4382395744324,0.03452336151399921,0.00448229503631605,0.012616130542754839,0.00033770079612731937
14400,2056.782071352005,0.031304621264398765,0.004442258739471589,0.012640060234069559,0.0003628075599670424
14500,2070.873701095581,0.0318154103308656,0.00450546422004715,0.012631889533996304,0.00035409188270568866
14600,2085.039532184601,0.037433883571767176,0.004540515041351484,0.012610956382751165,0.00035714855194091734
14700,2098.9509992599487,0.037546072380315744,0.0045426112174989175,0.012596631097793316,0.00034962449073791676
14800,2112.804357767105,0.03383127293032016,0.004496378135681304,0.012628647136687956,0.00034262323379516657
14900,2127.074660539627,0.03530522442836371,0.004481993532180953,0.012600388193130203,0.00034006552696227993
15000,2140.345054626465,0.03411235685003852,0.004437366294860986,0.012606121444701883,0.0003134592533111578
15100,2151.3057701587677,0.03347010676229293,0.004471875524521027,0.012584819650649726,0.0002476662635803221
15200,2162.666586637497,0.03286348546817163,0.004419619178772129,0.01260014595985381,0.0002583165168762212
15300,2177.406857728958,0.0329651803496478,0.004735122013092233,0.01256740903854338,0.00035101499557495106
15400,2192.0264172554016,0.032873125791566635,0.004534391880035548,0.01258639588355992,0.0003520330905914299
15500,2206.5605533123016,0.028837762807793155,0.004513825845718524,0.01265877494811982,0.00034930124282836884
15600,2221.289136648178,0.035217126753835336,0.004473868417740022,0.012656273937225054,0.0003547627449035647
15700,2235.9932174682617,0.03492875118762356,0.0044980904102327034,0.012638314867019352,0.0003561323165893563
15800,2250.4460196495056,0.035058309607892656,0.004504446220398102,0.01261861233711212,0.00034602551460266064
15900,2262.3909883499146,0.03316370357587345,0.004486939668655542,0.012604782056808166,0.00027497034072875964
16000,2275.0778861045837,0.03502590254212247,0.0044810111045839015,0.012617582988738702,0.00030688433647155797
16100,2290.03399848938,0.03028396235322333,0.00443476228714005,0.01266501607894868,0.00037337188720703104
16200,2304.732890844345,0.030016981980267473,0.004526930952072273,0.012583909797668198,0.00036577343940734857
16300,2319.927754163742,0.034137770567437345,0.004477065801620631,0.012612848615646077,0.00038076152801513636
16400,2334.292752981186,0.03019107320268905,0.004506091976165934,0.012614198732375797,0.0003509571075439451
16500,2348.3927261829376,0.03468609416525517,0.004521660661697543,0.01265823454856845,0.00034513134956359854
16600,2376.705432653427,0.03531933046410135,0.004454470682144299,0.012647265624999791,0.0008345571041107167
16700,2414.462055206299,0.03564326664753733,0.004849616050720354,0.012622434711456016,0.0011675147056579586
16800,2451.4920411109924,0.02894578964876685,0.004418319845199727,0.012603866434096993,0.0011441704273223844
16900,2489.347532749176,0.03323937993585907,0.004511702585220506,0.012660935688018507,0.0011669348716735859
17000,2510.356354236603,0.03565328662196096,0.004479260599613354,0.012662345838546456,0.0005832836747169491
17100,2524.5034732818604,0.04165642312795671,0.004518129682541041,0.012646084833144841,0.0003536979675292971
17200,2538.6559839248657,0.035623097485944034,0.00447549881935134,0.01266482777595486,0.00035400495529174875
17300,2552.723853826523,0.03254844042051786,0.00440417404174822,0.012580644512176194,0.00035148329734802227
17400,2565.1531326770782,0.02663695941873028,0.00455929880142227,0.012585324859618843,0.0003087008476257326
17500,2575.9541029930115,0.031042994719489906,0.004521255445480499,0.012662481689452809,0.000263190364837647
17600,2587.949591398239,0.03662381091975824,0.004460690355301046,0.012629843091964393,0.00029782171249389644
17700,2602.4613316059113,0.03817569467398638,0.004510825300216837,0.01257519102096528,0.000359725809097289
17800,2616.6872041225433,0.034217010318701876,0.004436442279815821,0.012617772960662538,0.0003545325279235858
17900,2630.7562477588654,0.03421610662990973,0.004464557266235515,0.012634899854659718,0.00035273251533508404
18000,2644.833105325699,0.03593321365596968,0.004528278350830237,0.012591915178298657,0.0003539169788360605
18100,2658.9302780628204,0.03080854866974267,0.004539165401458894,0.012652795457839698,0.00035337729454040464
18200,2672.619834423065,0.033031422982909626,0.004520442438125766,0.012635624790191377,0.0003430046558380126
18300,2685.243184566498,0.03362158394022788,0.004844818210601968,0.012544139623641678,0.0003152066707611076
18400,2698.740791082382,0.03116124205678739,0.004512463617324996,0.012595590972900094,0.00033808760643005314
18500,2712.970151901245,0.03077756085753679,0.00443350543975844,0.012641546821593913,0.00035603928565979047
18600,2727.0168249607086,0.037066465747160444,0.004459355258941811,0.01255586743354769,0.0003528826713562013
18700,2741.1806180477142,0.027025440134929673,0.004456218290329137,0.012664900016784377,0.0003565105915069578
18800,2755.0264282226562,0.032883290735785574,0.004480475759506371,0.012603846454620092,0.0003488892078399646
18900,2769.0937218666077,0.02999001833520731,0.004440823030471963,0.012598515081405333,0.0003552893161773693
19000,2781.554069042206,0.034662030886973005,0.0047709941387178,0.012593149566650091,0.0003095648765563967
19100,2791.7549264431,0.03761834210840083,0.004478319311142135,0.012617329502105406,0.0002500470161437986
19200,2802.2360813617706,0.0379106060976377,0.004472876405716089,0.012637496662139605,0.0002566870212554931
19300,2814.2195036411285,0.030859723171300365,0.004410664796829369,0.012581814956664718,0.0002948015689849855
19400,2837.4564306735992,0.034703990554251204,0.004437305212021018,0.012589418935775459,0.0006626219272613522
19500,2875.3322772979736,0.031598791242021786,0.004440797233581704,0.012636857414245304,0.0011811219692230207
19600,2913.2861437797546,0.032802323415740846,0.004466714143753211,0.012610310459136636,0.0011866109371185315
19700,2950.9981455802917,0.032660117614292654,0.00481620802879352,0.012575196409225154,0.0011691894054412834
19800,2982.5419833660126,0.03131563607403164,0.004767262315750306,0.012609166383742982,0.000893359899520874
19900,2996.5969111919403,0.03216486332342008,0.004475568008423001,0.012641793727874473,0.0003602070331573486
20000,3010.030578136444,0.034451638119785216,0.004482189655304103,0.01265177845954867,0.00033928556442260847
20100,3021.8624436855316,0.03684591842608511,0.004448377466201939,0.012658682918548249,0.00029111509323120113
20200,3033.494469165802,0.034177321654409176,0.004503616428375397,0.012642958927154288,0.0002842954635620121
20300,3047.36012339592,0.030976284863498287,0.00457874197959914,0.012645508766174034,0.0003502831935882576
20400,3061.521959066391,0.030234459751075894,0.004460105705261397,0.01262854981422396,0.0003596539497375494
20500,3075.752418756485,0.031844950380201256,0.004512355184555225,0.012561273145675369,0.00036019339561462306
20600,3089.755627155304,0.03185115057346521,0.004529825019836584,0.01264274253845185,0.0003538783550262455
20700,3103.592429161072,0.03769568572548046,0.004573840904235984,0.012602972602843954,0.00035227208137512137
20800,3114.6629695892334,0.028369599196175984,0.004408722829818854,0.012584464168548328,0.0002674341678619391
20900,3131.2480278015137,0.03398310404891602,0.004478284835815592,0.012585263347625435,0.00041038079261779785
21000,3151.077988386154,0.02949965740951002,0.004530626869201815,0.012601021337508858,0.0005040470123290996
21100,3169.5393505096436,0.03166360156642784,0.004439218711853179,0.012677305316924759,0.00046855430603027375
21200,3184.6222825050354,0.03420728642253704,0.004489313590526725,0.012623787999152859,0.0003833971619606016
21300,3197.5800442695618,0.029839026130139702,0.004503279876709155,0.012630593681335118,0.00032161493301391506
21400,3209.3801307678223,0.03023184928222968,0.004500360250473175,0.012585083293914532,0.0002844288349151607
21500,3223.561239719391,0.02772514169045745,0.0048156933307649565,0.012552150440215753,0.00035660247802734343
21600,3239.827610731125,0.02889169915054708,0.004513921213150206,0.012641017055511159,0.0004268035411834722
21700,3255.4733312129974,0.03358549062009767,0.004482253599167019,0.012643652057647434,0.00040514988899230874
21800,3270.0055408477783,0.033067437400981205,0.00445411844253556,0.012627659082412462,0.0003638355731964106
21900,3283.651529788971,0.03136701967380128,0.004498163175583021,0.012675973463058203,0.0003391181468963628
22000,3294.0137310028076,0.029391396014457293,0.004478451347351238,0.012587502813338917,0.00023995919227600093
22100,3304.624478340149,0.03248065286683871,0.004522060346603537,0.012639044713973717,0.0002477025985717773
22200,3318.615569829941,0.028529330544282427,0.004495567798614659,0.012650269842147548,0.00035497970581054646
22300,3334.6309654712677,0.029559155609630315,0.004506871843338187,0.012617078685760223,0.00041605057716369596
22400,3349.999732017517,0.03064391398975373,0.004421765899658327,0.0126594961166379,0.0003942701339721675
22500,3365.2492015361786,0.026614624349762413,0.00447612514495863,0.012616154193877883,0.0003896863937377928
22600,3380.273307323456,0.028287073505037775,0.0044795182228089935,0.012629346752166435,0.00037767224311828664
22700,3394.427145242691,0.0279640643660638,0.004455271768570094,0.012647593593597099,0.0003515165328979492
22800,3409.6932096481323,0.03170593494266085,0.004450733518600617,0.012616790294646924,0.00039563093185424774
22900,3447.6615796089172,0.03521875351165045,0.004514632654190205,0.012554746389388754,0.0011863613128662112
23000,3484.2901887893677,0.03002193710818465,0.004521303224563736,0.012596720457076722,0.0011557491302490244
23100,3521.4521069526672,0.03374052478251765,0.004754232168197765,0.012578740167617498,0.0011631863594055206
23200,3552.4483876228333,0.030166640659699765,0.004430261659622356,0.012578138875960997,0.0009472167491912825
23300,3566.2867419719696,0.03369957810663225,0.004440959501266641,0.012555009794234913,0.0003518277168273921
23400,3579.9434463977814,0.029479230378576048,0.00445805978775039,0.012578448963165014,0.00034536089897155655
23500,3593.737715482712,0.02952360514550815,0.004492704057693638,0.012606402158736872,0.00034869108200073225
23600,3606.930990219116,0.03336670503171367,0.0045037304878236374,0.012625186109542563,0.00033372244834899893
23700,3619.207177877426,0.030768670181269435,0.004522455930709971,0.012682336235046112,0.000312828063964844
23800,3632.743919610977,0.03644155075391129,0.0048062315940858615,0.012624438333511036,0.0003432059764862063
23900,3646.517632007599,0.032847940275195,0.0044247056484223975,0.012628070545196258,0.00035123739242553744
24000,3660.520539999008,0.0277223002337601,0.0044545475482942205,0.012671388387679769,0.00035462632179260296
24100,3674.5266122817993,0.032943155739322355,0.004536034584045546,0.01259759163856481,0.0003561493873596197
24200,3688.382161140442,0.03336283333494688,0.00445343513488784,0.01260943484306306,0.0003542526721954336
24300,3700.0215470790863,0.03492955472135578,0.004441209268570101,0.012612808322906203,0.00029074316024780216
24400,3711.5748505592346,0.028385622305400027,0.004475055313110504,0.012584715414046977,0.00028794832229614274
24500,3725.210717201233,0.034305852930490766,0.00453872694969193,0.012553634834289274,0.0003461670398712155
24600,3739.4171607494354,0.03418637028202045,0.004481797885894929,0.012576746082305593,0.0003611767292022708
24700,3753.5783257484436,0.034699794597056445,0.004433980035782024,0.012711153888702082,0.00035787096023559583
24800,3767.5012288093567,0.03644193773638453,0.004486930036544962,0.01264505743980379,0.0003532955646514913
24900,3781.417441368103,0.0389572212954469,0.004403786993026875,0.012623198032378841,0.00035280380249023415
25000,3795.39909863472,0.02530265118716465,0.004506270360946803,0.01265193271636932,0.00035261254310607864
25100,3807.7131881713867,0.0331346702096494,0.004528814649582055,0.012648074817657166,0.0003087515830993653
25200,3819.7515981197357,0.03480418346164691,0.004532144546508938,0.012551976633071622,0.00030233969688415465
25300,3831.569474220276,0.03440530112109491,0.004859362745285226,0.012578779315948174,0.000295070981979371
25400,3845.1128849983215,0.035435665124992195,0.00450049245357528,0.012642213940620118,0.0003365103006362925
25500,3858.030888080597,0.030031494751841012,0.004564617252350016,0.012662830018996884,0.00030491218566894524
25600,3871.0560483932495,0.03074758571376941,0.004439185762405558,0.0125540304183957,0.0003151365756988525
25700,3884.328135251999,0.03822753615045884,0.004491077995300448,0.012564791917800617,0.00032910494804382366
25800,3897.5963191986084,0.03543998057759504,0.004804723453521888,0.012596654701232623,0.00032829532623291133
25900,3910.648040533066,0.03512693443862069,0.004425697517395163,0.012634438180923184,0.00032233958244323805
26000,3923.7406299114227,0.03964058345404577,0.004485729169845739,0.012591447734832445,0.00032357234954833954
26100,3936.429036617279,0.034197926608166694,0.0048488823890687534,0.01267347941398591,0.0003168886661529543
26200,3949.4420869350433,0.03534728873534815,0.004521066570282152,0.012627693414687806,0.0003221379280090339
26300,3961.9653508663177,0.035773267771901554,0.004478407049179241,0.012670311307906803,0.0003103624343872079
26400,3974.1475496292114,0.033070524783251606,0.004492612075805823,0.012554749870299944,0.00030072798728942923
26500,3985.789755344391,0.03385578226598517,0.004463282871246469,0.012598522043227884,0.00028635954856872563
26600,3997.7432477474213,0.03295272372477004,0.004449516582489165,0.012644264507293397,0.00029505114555359024
26700,4011.0416395664215,0.03605664275804135,0.004470009469986108,0.012628163337707223,0.0003279629707336424
26800,4039.2763504981995,0.033350709717258106,0.004475302171707309,0.012689951229095142,0.000842333555221557
26900,4076.4861805438995,0.030873637563107074,0.0044895356178285125,0.012595587348937717,0.0011623375415801983
27000,4114.098214387894,0.029956763478077617,0.004456301641464377,0.012554464292525921,0.0011720032691955578
27100,4150.316727638245,0.03350304423617675,0.0044461877822877405,0.01255450711250277,0.0011317880630493137
27200,4188.054206371307,0.03790209285563819,0.004510542583465732,0.01264547891616793,0.0011793069839477518
27300,4226.541578292847,0.035653343021500764,0.004493433952331707,0.012617663669585864,0.001200909519195551
27400,4264.921782493591,0.036086924978959004,0.004444686365127747,0.012605247688293146,0.0011937747478485096
27500,4303.194705247879,0.040101994615866804,0.004561513280868681,0.012592132663726519,0.001193692588806152
27600,4340.3024735450745,0.03456148863738918,0.004490647220611734,0.012589323091506628,0.0011580474376678457
27700,4376.93279004097,0.030246592155918798,0.004462688875198515,0.01261021418571441,0.0011447932720184293
27800,4414.900559663773,0.027420218129779916,0.0045137713909150735,0.012651548957824428,0.0011843253135681128
27900,4452.6057596206665,0.02828883488681779,0.0044947321891786055,0.012575425004958792,0.0011830525398254382
28000,4488.635141849518,0.032848508030246165,0.004471520853042751,0.012638861751556128,0.0011308003902435271
28100,4526.7733454704285,0.03741740289815549,0.004491904067993322,0.012632095336913769,0.0011850522994995096
28200,4564.375038146973,0.028977282814552405,0.004458237171173249,0.012565396356582343,0.0011745617866516095
28300,4583.857551813126,0.0311660168880789,0.004456602764129781,0.012630225801467604,0.00048736429214477615
28400,4603.431485414505,0.03303609485630043,0.004487823677063127,0.01261167540550207,0.0004919365406036387
28500,4638.864120960236,0.02985841625842836,0.004538727903366228,0.012691656637191502,0.0011005561351776138
28600,4676.898040294647,0.028377595325427513,0.004505436038971119,0.012631604814529112,0.0011967567443847676
28700,4714.4836592674255,0.02783189983309423,0.004494219732284684,0.012609942722320267,0.0011777844429016078
28800,4752.061438560486,0.035812067718842905,0.004487190103531044,0.012610595989226979,0.0011761512279510492
28900,4789.983311891556,0.0360955179266382,0.005018151807785211,0.012603488206863118,0.0011917915344238303
29000,4826.871860265732,0.03402902554704727,0.004486372041702429,0.012616267871856362,0.0011523756980895983
29100,4864.257966995239,0.032623302447845164,0.004456522941589502,0.012648533105849931,0.0011709152221679709
29200,4902.378709077835,0.032854787968439526,0.004484094333648821,0.012649165868758847,0.0011972069740295375
29300,4915.188327074051,0.02877024836142025,0.0044534126758576965,0.012577072381972977,0.0003157526969909667
29400,4925.946686506271,0.03134120275133995,0.0045049984931947295,0.012654375743865694,0.00025255947113037133
29500,4938.925938844681,0.030601461813490903,0.004464670705795451,0.012582630395888974,0.00031734542846679635
29600,4953.866719007492,0.03238168375387903,0.004502759218216097,0.012630335855483694,0.0003776500701904288
29700,4972.694020748138,0.02868515634805199,0.004787148272991374,0.012667966890334779,0.00047309073209762543
29800,4991.9428794384,0.029486587730746486,0.00452805457115188,0.012596848726272319,0.00047767772674560735
29900,5010.795871019363,0.0353727145854959,0.004838766241073778,0.012624590635299424,0.00046536536216736015
30000,5027.12516784668,0.03140934257573816,0.0045187509536744695,0.012610534048080135,0.0003856246948242179
30100,5046.239208936691,0.0311715962368904,0.004474305868148946,0.012584068536758126,0.00046009764671325795
30200,5066.148756027222,0.027879472937358082,0.004480015802383575,0.012631684541701944,0.0004831964015960684
30300,5083.518559455872,0.03796943989635333,0.004491530799865876,0.012639068937301325,0.0004344770431518554
30400,5096.109134435654,0.030180445456169058,0.004437527179718179,0.012571946287154839,0.00029442520141601534
30500,5108.883566856384,0.0322044268201301,0.004519831228256367,0.012637785100936626,0.0003032819747924801
30600,5121.421477556229,0.03447324767234,0.004443306779861609,0.012674623775481876,0.0002973176002502435
30700,5132.906958580017,0.03256124894613927,0.004454510116577307,0.012665397977828681,0.000276313781738281
30800,5142.857461929321,0.03107938952933133,0.004542017698288118,0.012587347173690495,0.0002413360595703128
30900,5152.825177669525,0.02562743001013016,0.004518673038482832,0.012590104866027532,0.00024113631248474113
31000,5163.941594839096,0.031225703368844452,0.004511388158798355,0.012653542709350313,0.00026832942962646525
31100,5177.10314655304,0.03388421640700414,0.004407236623764184,0.012597151803970029,0.00031109728813171416
31200,5190.434237480164,0.03238342251652223,0.0044351370811464156,0.012590112066268614,0.0003205558300018302
31300,5203.7247195243835,0.030991304971752388,0.00447167158126846,0.01259449048042266,0.0003222043514251704
31400,5216.711444616318,0.037733497850149886,0.004541261911392348,0.012541437053680151,0.00031505217552185
31500,5229.601771831512,0.03291281892885665,0.004484742546081708,0.012623613643645901,0.0003113476276397695
31600,5242.732900857925,0.03100728837890553,0.0044646354675294455,0.012638700056075758,0.00031563396453857423
31700,5255.702314853668,0.03598097295170508,0.004807424211502224,0.012631379318236992,0.0003117330551147461
31800,5268.481174707413,0.031191128032372374,0.004491616582870643,0.012636792135238344,0.0003077815532684318
31900,5280.927886247635,0.033188377530299545,0.004424119043350379,0.01264232530593841,0.00030240368843078663
32000,5291.547826528549,0.032392381882918826,0.004455294084549107,0.012610754966735534,0.00026078629493713525
32100,5302.346824169159,0.033695632479308346,0.004457826137542887,0.012623274183273008,0.000259707260131836
32200,5315.2360508441925,0.03089824398968945,0.0044794693470002825,0.012576176977157311,0.00030357580184936587
32300,5328.370423555374,0.03293424471671644,0.004494179201126265,0.012614711761474355,0.0003072972297668464
32400,5341.351427078247,0.03914448999481999,0.004480894374847577,0.012643853139877027,0.0003048327445983878
32500,5354.289000511169,0.02492556474103195,0.004464057874679732,0.012605690240859708,0.0003033847332000732
32600,5367.178656101227,0.0283336315526773,0.004495237541198874,0.012643230867385582,0.0003035729885101314
32700,5380.2002103328705,0.0306721874083778,0.004516388130188134,0.012619123983382852,0.0003065913677215574
32800,5392.451096773148,0.030384588181061142,0.004463024473190455,0.012605262041091626,0.0002888085842132566
32900,5404.984266281128,0.028562921031191967,0.004531502389907971,0.012652549743652049,0.000295554256439209
33000,5417.650284767151,0.028913301358376803,0.0044373831748963964,0.012638786697387414,0.00029902901649475047
33100,5428.174134492874,0.02857284024093398,0.004807631301880045,0.012643786907195724,0.00025090470314025846
33200,5438.337224721909,0.03430277781399881,0.00450031480789199,0.0125996304035184,0.00024246149063110345
33300,5449.741503715515,0.03566440149042302,0.004531102514267132,0.01265132818222015,0.0002695439338684084
33400,5462.9323036670685,0.032584430612083964,0.004476918983459631,0.012580698776244837,0.0003091295719146727
33500,5476.1435668468475,0.030875202150170585,0.004487049865722806,0.012564780855178523,0.0003097528457641597
33600,5488.942055463791,0.030914359051545392,0.004391766929626626,0.012564411163329766,0.00030180859565734954
33700,5502.043341398239,0.031961162798157,0.004494922780990763,0.012615696763992004,0.0003069196224212636
33800,5515.010537862778,0.029036258771127102,0.004543493223190465,0.012633381605147993,0.0003040635108947747
33900,5528.086759328842,0.033021309722858716,0.004467648303508907,0.012586227869987204,0.0003083360314369199
34000,5540.743803262711,0.033624348442658596,0.004523295688629311,0.012617398118972516,0.00029858055114746047
34100,5553.419135808945,0.02897245734515771,0.004448808097839507,0.01264378638267489,0.0002989001274108883
34200,5566.227159976959,0.03294829761921576,0.004472537374496594,0.012642740726470664,0.00030171675682067795
34300,5578.969898700714,0.028012651588280087,0.004488859033584747,0.012644923067092622,0.0002994550228118897
34400,5591.1685955524445,0.031204497059191313,0.00444359927177444,0.012603287601470644,0.0002877502918243399
34500,5602.1819179058075,0.03278255112497988,0.004437240743637234,0.012597663402557056,0.00026475596427917526
34600,5612.652103662491,0.034269105903973696,0.004485571193695231,0.012595109319686578,0.0002490850448608395
34700,5624.353987932205,0.03838042483883139,0.004573516654968407,0.01257644290924045,0.00027861952781677306
34800,5637.418394327164,0.026447300779759864,0.004434899044037017,0.012603979063033757,0.0003078301429748538
34900,5650.166827917099,0.03561565040520202,0.004486422395706313,0.012587498331069693,0.0003013600349426267
35000,5662.944362401962,0.028650597262002923,0.004460427045822305,0.012641174030303643,0.00030000038146972633
35100,5675.7052438259125,0.030972042336003026,0.004560467767715601,0.012620949125289637,0.00030040426254272497
35200,5688.722438335419,0.02808971102547669,0.004468942070007475,0.012584659576415747,0.00030227952003479064
35300,5701.567627906799,0.028831815269346625,0.004871919488906998,0.012662235260009478,0.00029927086830139175
35400,5714.48753452301,0.028675459371511444,0.004466560888290563,0.012617228174209334,0.0003005901813507087
35500,5726.802735090256,0.027701513696229495,0.004432649374008348,0.012643183469772001,0.00028768224716186616
35600,5738.084536314011,0.030613848035741922,0.004492450523376623,0.012599917602538702,0.0002655658721923828
35700,5750.236925125122,0.03213387152454665,0.004496707630157622,0.012614399337768286,0.00028373627662658664
35800,5763.055878400803,0.03306956177500901,0.004445035028457805,0.012633171606063533,0.0002971360683441168
35900,5776.265093803406,0.03363700467284682,0.004472316265106363,0.012575589513778393,0.0003066630363464348
36000,5789.387099981308,0.03964590208926763,0.004450654411316061,0.012624602508544682,0.00030469174385070824
36100,5802.520887136459,0.029643227377522986,0.00478084578514115,0.012618981456756304,0.0002982113361358641
36200,5815.600165843964,0.028370058344431036,0.0044131094932557515,0.012596823263168055,0.0002956637859344476
36300,5827.880495071411,0.030984939525247755,0.004478439378738568,0.012643207454681102,0.0002760885238647462
36400,5838.431894302368,0.031940970405860775,0.004523064422607594,0.012610048770904228,0.000238813304901123
36500,5849.541364192963,0.028142204405382346,0.004457073307037523,0.01263707365989653,0.00025193409919738765
36600,5863.193643808365,0.031655786658159824,0.004509383296966721,0.012633773469924637,0.00030571641921997046
36700,5876.846346139908,0.03340957965335627,0.004492018270492731,0.012590976333617918,0.0003069981575012205
36800,5890.18568277359,0.033271261583340615,0.0044914901733399985,0.012595272684097006,0.00030199432373046895
36900,5903.546599149704,0.03546589283398677,0.004527205657959133,0.012608724212646215,0.00030074110031127853
37000,5934.853402853012,0.02554717185367805,0.004539819097519093,0.012637198019027433,0.000931315183639526
37100,5973.0146770477295,0.03638820259757083,0.004473523473739791,0.012615750980376851,0.0011823166370391828
37200,6009.337996721268,0.026916258187620837,0.004514105129242087,0.012613053083419541,0.0011313486576080309
37300,6047.549236774445,0.03248557371528353,0.00452807030677812,0.012614237499236798,0.001191897535324099
37400,6086.256066799164,0.03186436608872013,0.004835438919067519,0.0125590538978574,0.0012077627658844008
37500,6124.297502756119,0.03192571571919572,0.004432000017166295,0.012640228223800369,0.0011804355621337897
37600,6158.982567071915,0.028660422932917977,0.004506827306747585,0.012613992452621152,0.0010876042366027802
37700,6197.253625631332,0.029397600889807265,0.004786919069290334,0.012596551322936777,0.0011820260047912597
37800,6235.802144289017,0.028764296794132758,0.004464026880264438,0.012633072757720631,0.0011985612869262678
37900,6273.999806165695,0.031120727341598473,0.004460500049591236,0.012620968914031673,0.0011905635833740244
38000,6312.452413082123,0.026838176684714336,0.00452677135467544,0.012644945383071588,0.0011925727367401153
38100,6348.188793420792,0.029680791400472358,0.0043848165988923495,0.01264978199005093,0.0010945869326591505
38200,6364.768604516983,0.02738774848401528,0.004524259233474889,0.01269345998764006,0.0003980119228363034
38300,6381.905115604401,0.02862368387559715,0.00449993023872392,0.012651350355148002,0.0004106725692749031
38400,6401.522299051285,0.02968025674585808,0.0044993281841279546,0.012573415374755575,0.00048258028030395526
38500,6420.758002281189,0.033664852113082025,0.004520279407501369,0.012649466466903408,0.000469449710845948
38600,6439.809072971344,0.030871089493601372,0.004541017055511614,0.01260853133201571,0.0004674292564392081
38700,6458.868601799011,0.0295451045494348,0.004403450059890904,0.012581708908080738,0.0004635689258575422
38800,6476.723277330399,0.028711531751926426,0.004444187879562519,0.012605581855773621,0.00043310489654541144
38900,6492.663107395172,0.034109299159517666,0.004426285266876377,0.01255731277465792,0.0003793009757995608
39000,6511.905965089798,0.031037883103587315,0.004443227291107316,0.012632736396789229,0.00046979002952575596
39100,6531.340198993683,0.029031282882843824,0.004787253761291654,0.012632690286636088,0.0004795636653900126
39200,6550.147608757019,0.03335548260444839,0.004530858898162985,0.012578769922256188,0.00046148185729980484
39300,6569.408896923065,0.027503787102892675,0.004464598560333405,0.012678867959975875,0.0004762270927429194
39400,6585.333828926086,0.03079352412873049,0.004488927316665819,0.012574314641952198,0.0003817497730255124
39500,6601.511847734451,0.03251861588390461,0.004512100887298736,0.012607766532897649,0.0003846259117126473
39600,6621.66095995903,0.02829655837840634,0.004458267402649092,0.01263846535682645,0.0004994706153869625
39700,6640.832044124603,0.03296677424357711,0.004822036552429363,0.012646442270278653,0.00047162399291992196
39800,6659.937155008316,0.030270993238295674,0.004506372213363805,0.012602279710769373,0.00046971335411071717
39900,6679.176504850388,0.028027557287004408,0.004520965814590608,0.012628536081313807,0.0004742763519287107
40000,6696.243447780609,0.031210975349012213,0.004505822372436652,0.012588740873336507,0.00041210083961486726
40100,6713.698265552521,0.03312145534379961,0.004496929121017602,0.012575435543060023,0.00042193899154663143
40200,6733.3291754722595,0.025936071699817376,0.0044707400798799125,0.012676431703567198,0.00048222403526306066
40300,6752.314045667648,0.03430021715518467,0.004463619661331304,0.012561805629729979,0.0004676384925842289
40400,6770.387818574905,0.03200114863402173,0.004440868520736849,0.012557645845412918,0.00044061784744262635
40500,6787.015867471695,0.03624862402347382,0.00441935029029859,0.012583919334411336,0.0003995591163635257
40600,6806.4443345069885,0.028082189665492818,0.004518375873565837,0.012587821483611743,0.0004770122528076185
40700,6825.65959072113,0.02898363819908266,0.004526619195938254,0.012652344179153167,0.00047112336158752413
40800,6844.5852110385895,0.029847648703955145,0.004736684131622456,0.012613929653167448,0.00046300883293152003
40900,6863.17924785614,0.03260826170971664,0.00454723796844498,0.012596045255660741,0.0004538758754730227
41000,6880.458403110504,0.03098662054165435,0.0048105011463166845,0.012619682025909107,0.00041628460884094327
41100,6895.333704948425,0.02935479442452051,0.004515591001510762,0.012614841032027906,0.00034985761642456126
41200,6912.3256158828735,0.03232226938269166,0.0044912542819978245,0.012611137056350398,0.0004114155292510993
41300,6932.466894388199,0.032210351649146374,0.004520636415481719,0.012594541120528886,0.0004972756385803228
41400,6951.6697380542755,0.03410880135436858,0.004416070127487332,0.012636251735686952,0.00047181048393249555
41500,6970.79469704628,0.02825012498167551,0.004460576009750517,0.012650502109527268,0.00046861014366149964
41600,6989.764018774033,0.028791214162913432,0.004455250978469997,0.012616936874389362,0.00046664242744445876
41700,7008.731290340424,0.03386458877760119,0.004519372081756753,0.01260852608680697,0.0004650669097900396
41800,7029.600296258926,0.030092857647392744,0.004490664291381991,0.012685258722305012,0.0008233989715576187
41900,7048.312360286713,0.025702063219619542,0.0044548873424531555,0.01263816561698885,0.00045537796020507753
42000,7064.452328920364,0.02641994125008659,0.004467124271392985,0.012641029930114407,0.0003827704429626462
42100,7079.417014360428,0.029734074466425165,0.0044203380107881015,0.012605942344665255,0.0003539958000183098
42200,7093.011693954468,0.032793284417584945,0.0045565520763398695,0.012605050849914274,0.0003368208408355708
42300,7107.580360651016,0.02907408363568547,0.004431620502472074,0.012626092863082616,0.0003655847072601318