#=== ait_scratch_full_w100_10b10a ===
#
#Metrics:
#  Accuracy: 0.4463 | Macro Precision: 0.6619 | Macro Recall: 0.8830 | Macro F1: 0.6435
#  False Alarms: 78108 | False Alarm Rate: 0.5849
#  Missed Attacks: 0 | Detection Rate: 1.0000
#
#Per-Class Metrics:
#  [phase1] P=0.0295 | R=1.0000 | F1=0.0574 | 
#  [phase2] P=0.8333 | R=1.0000 | F1=0.9091 | 
#  [phase3] P=0.8585 | R=1.0000 | F1=0.9239 | 
#  [phase4] P=0.5881 | R=1.0000 | F1=0.7407 | 
#
#Confusion Matrix:
#         	      	      	      	Actual	      	      
#         	      	benign	phase1	phase2	phase3	phase4
#         	benign	 55442	     0	     0	     0	     0
#Predicted	phase1	 74491	  2268	     0	     0	     0
#         	phase2	     2	     0	    10	     0	     0
#         	phase3	    15	     0	     0	    91	     0
#         	phase4	  3600	     0	     0	     0	  5141
i,time,loss,ground_time,compile_time,eval_time
10,1.543247938156128,0.5701950622256845,0.0022873363494872994,0.011601716995239266,0.00032317972183227553
20,3.0904970169067383,0.6217743775923736,0.002541484832763665,0.01289079666137696,0.00039190149307250985
30,4.671897888183594,0.6097855888074264,0.002541484832763665,0.012890796661376967,0.0004028244018554684
40,6.213132619857788,0.5976480857119896,0.0025414848327636654,0.01289079666137696,0.00039523649215698263
50,7.835127830505371,0.5846839981502854,0.002541484832763665,0.012890796661376963,0.00040969562530517565