#=== ait_scratch_full_w10_10b10a ===
#
#Metrics:
#  Accuracy: 0.5184 | Macro Precision: 0.5551 | Macro Recall: 0.8865 | Macro F1: 0.5588
#  False Alarms: 90773 | False Alarm Rate: 0.5673
#  Missed Attacks: 0 | Detection Rate: 1.0000
#
#Per-Class Metrics:
#  [phase1] P=0.2107 | R=1.0000 | F1=0.3481 | 
#  [phase2] P=0.1134 | R=1.0000 | F1=0.2037 | 
#  [phase3] P=0.9615 | R=1.0000 | F1=0.9804 | 
#  [phase4] P=0.4901 | R=1.0000 | F1=0.6578 | 
#
#Confusion Matrix:
#         	      	      	      	Actual	      	      
#         	      	benign	phase1	phase2	phase3	phase4
#         	benign	 69233	     0	     0	     0	     0
#Predicted	phase1	 84577	 22577	     0	     0	     0
#         	phase2	    86	     0	    11	     0	     0
#         	phase3	     1	     0	     0	    25	     0
#         	phase4	  6109	     0	     0	     0	  5871
i,time,loss,ground_time,compile_time,eval_time
10,0.5305063724517822,0.5800518984557129,0.0019434170722961446,0.002760752677917472,0.00021893739700317387
20,1.1075801849365234,0.6338433033670299,0.0021593523025512738,0.0030675029754638583,0.0002626066207885744
30,1.6027276515960693,0.6223230267059989,0.002159352302551273,0.003067502975463858,0.00021581077575683595
40,2.1114351749420166,0.6100823781103827,0.0021593523025512733,0.0030675029754638583,0.00022063255310058607
50,2.6101298332214355,0.5973937586415559,0.0021593523025512738,0.003067502975463858,0.00022197961807250986