#=== ait_pretrained_full_w10_full ===
#
#Metrics:
#  Accuracy: 0.9263 | Macro Precision: 0.9286 | Macro Recall: 0.7262 | Macro F1: 0.7658
#  False Alarms: 5889 | False Alarm Rate: 0.0368
#  Missed Attacks: 8006 | Detection Rate: 0.7189
#
#Per-Class Metrics:
#  [phase1] P=0.7239 | R=0.6632 | F1=0.6922 | 
#  [phase2] P=1.0000 | R=0.9091 | F1=0.9524 | 
#  [phase3] P=1.0000 | R=0.1600 | F1=0.2759 | 
#  [phase4] P=0.9686 | R=0.9354 | F1=0.9517 | 
#
#Confusion Matrix:
#         	      	      	      	Actual	      	      
#         	      	benign	phase1	phase2	phase3	phase4
#         	benign	154117	  7605	     1	    21	   379
#Predicted	phase1	  5711	 14972	     0	     0	     0
#         	phase2	     0	     0	    10	     0	     0
#         	phase3	     0	     0	     0	     4	     0
#         	phase4	   178	     0	     0	     0	  5492
i,time,loss,ground_time,compile_time,eval_time
100,9.30247449874878,0.20228420838726074,0.005108570766449112,0.002995580053329481,0.00030873661041259703
200,16.264841079711914,0.1887803360953707,0.004849633502960325,0.0030070956707000823,0.00029422693252563513
300,23.242762565612793,0.18547075834161542,0.0047987455368043224,0.0030330350399017493,0.0002986070156097411
400,30.076507091522217,0.173666561998395,0.00485239505767834,0.003108757448196423,0.0003112546443939199
500,36.3305184841156,0.1849242631311618,0.004800818490982183,0.0030039580821991023,0.0002705306053161616
600,41.36346220970154,0.15975025873002707,0.004817579030990729,0.0030697094917297514,0.00022787723541259727
700,48.57767724990845,0.16834231990652107,0.005158859443664676,0.003067940139770534,0.0003303118228912348
800,53.96760845184326,0.16066412098024407,0.004928960323333869,0.003154577970504787,0.0002453358650207525
900,59.336527824401855,0.17116184921520702,0.004871016788482793,0.003106102657318124,0.0002461405277252192
1000,65.4925594329834,0.1739213343973942,0.0048091204643250715,0.003091529846191416,0.0002831587791442868
1100,71.97794556617737,0.1548754144854337,0.004835789155960221,0.003107692956924446,0.00030787487030029323
1200,78.83626627922058,0.1596527876950331,0.004859227561950808,0.003096828413009636,0.0003170307636260986
1300,85.08816909790039,0.16802930718645903,0.004941168403625617,0.0032112270355224852,0.00029023060798645024
1400,91.24285078048706,0.1603747251224998,0.00480282936096203,0.0031326690673828456,0.00028764362335205034
1500,97.26280403137207,0.16735791096207944,0.0048697308063508325,0.003048061895370492,0.0002855535984039318
1600,105.19016480445862,0.16611316627796038,0.004890014600753901,0.0030492056369781665,0.00038114261627197193
1700,114.51094770431519,0.16580958130524354,0.004832098102569715,0.003000112199783348,0.0004376638412475578
1800,121.7172520160675,0.16658870607634693,0.004696529531479002,0.002933317518234263,0.00034298071861267035
1900,128.29726338386536,0.15593516600114282,0.00480217013359081,0.0030711555957794443,0.0003286758899688717
2000,134.80007910728455,0.16243831337036144,0.004828695869445929,0.0030898326873779395,0.0003168425083160402
2100,139.91630029678345,0.15139599687128066,0.004754911136627323,0.003022176313400292,0.00025024805068969746
2200,145.07121396064758,0.15497540128448906,0.0047250984191895724,0.0029831472396850732,0.0002500051975250248
2300,150.3639988899231,0.16137112275640583,0.004821397924423343,0.0031187804698944205,0.0002559825897216799
2400,155.99905586242676,0.1665114912210727,0.00481689500808728,0.0031050098419189596,0.0002787151336669917
2500,161.12710618972778,0.15756751050879203,0.004840787076950206,0.0031217837810516486,0.00024896197319030744
2600,167.18288946151733,0.16404985145333412,0.005199154663086081,0.003095014905929581,0.0002989593982696527
2700,173.46253442764282,0.15774710259611513,0.004850109815597657,0.0030921899318695238,0.0003132173061370844
2800,180.36355829238892,0.15313950083005964,0.004957790517807124,0.0031027491569519095,0.00034480381011962907
2900,187.27575397491455,0.15579908319444813,0.0048338971138001665,0.003118723773956318,0.000341875314712524
3000,195.97342801094055,0.15305125117431967,0.005117415189743192,0.0030531768321991103,0.0004304593563079829
3100,202.8222360610962,0.16203931677784225,0.004858488893509036,0.0031000299930572634,0.0003411176204681405
3200,210.54253244400024,0.16801953912724715,0.004835249519348274,0.0030486972808838075,0.00037724552154541006
3300,217.73245215415955,0.1547885913213285,0.004823164129257322,0.002961354541778576,0.0003531005382537829
3400,224.31095695495605,0.15968663112641324,0.004846645450592161,0.003033714914321903,0.00032689938545226935
3500,230.96502423286438,0.15908173945980728,0.004795590353012204,0.0030404801845550717,0.00033805866241455156
3600,239.1560001373291,0.15431222929707492,0.004791648101806755,0.002998644542694095,0.0004016277790069587
3700,244.22796750068665,0.1563895217882464,0.004871805906295899,0.0031948806285858307,0.0002504624843597409
3800,248.95602202415466,0.1545886675628325,0.005167755937576441,0.0031379719257354837,0.0002334346771240233
3900,253.8747808933258,0.1636377618331391,0.004856563329696789,0.0030528620719909765,0.00024321894645690969
4000,259.5098989009857,0.15237951765912588,0.00491054811477672,0.0031565634727478194,0.0002867300033569329
4100,265.60698223114014,0.14919788359931074,0.004821105098724489,0.0030089391231536955,0.0003167098045349122
4200,271.621102809906,0.15061616582101378,0.0048773983001710215,0.003030943489074718,0.0003080460548400899
4300,278.31303787231445,0.16194951327700965,0.0048852354049683825,0.003141186285018935,0.00034217095375061124
4400,284.6443145275116,0.1596104203516033,0.0048724236488343516,0.003088909673690809,0.0003236492633819579
4500,292.83437180519104,0.1566461094141701,0.0048395875930787365,0.003081033325195328,0.0004112942218780499
4600,302.24940276145935,0.1640181966762786,0.0048543611526490615,0.0030529748439789128,0.0004709137916564939
4700,308.68400287628174,0.16474191314252465,0.004731975173950322,0.003001920318603527,0.00032480964660644456
4800,314.9369466304779,0.15347210392660116,0.005554810237884723,0.0031639649391174496,0.0003200951576232906
4900,321.4376485347748,0.15877553405365136,0.0048614205837250925,0.0030284924983978367,0.0003272506713867198
5000,327.5464298725128,0.16029402425692704,0.00487302980422987,0.0031505231380462746,0.0003125914096832272
5100,333.29048466682434,0.15581402890352014,0.004822984218597534,0.003125561666488663,0.000284581089019775
5200,338.46444725990295,0.15733405695921723,0.004804404926300165,0.00308888130187989,0.00025670261383056633
5300,343.13354086875916,0.15385185967730478,0.004836460971832398,0.003129288673400888,0.00023296155929565456
5400,347.7736849784851,0.15616515400450956,0.005256343936920312,0.003166683530807512,0.00022364997863769543
5500,352.2688317298889,0.15520079205470194,0.004850652170181397,0.0030987376213073843,0.0002258057117462154
5600,356.92479610443115,0.1607472768682144,0.004862975645065432,0.0030475108623504864,0.00023024048805236896
5700,362.03346729278564,0.15756978633629162,0.004871943174089821,0.0031537273747580478,0.00025848798751831084
5800,367.0433895587921,0.15044027949654848,0.004930526924133419,0.003134844923019423,0.0002689002513885497
5900,372.11259961128235,0.15903989249727846,0.004845335197448866,0.0031836833953857507,0.00026808285713195834
6000,377.59317421913147,0.15400864620967802,0.004726457357406726,0.0029724361896515143,0.00029067516326904315
6100,383.30927777290344,0.15189134575082697,0.004840334081649894,0.0030896008014679077,0.00030485606193542526
6200,388.72284150123596,0.16000966624955196,0.004882708072662477,0.0030836412906646874,0.0002862799167633044
6300,394.1034917831421,0.1565642113606129,0.004863874483108635,0.003073062610626226,0.00028452892303466794
6400,399.46178245544434,0.1621769328353182,0.004893772411346563,0.0030507818698883153,0.00028337316513061547
6500,404.7869801521301,0.169921360777237,0.005209614229202416,0.0030631421566009627,0.0002799746513366712
6600,410.07028889656067,0.1510707333698099,0.004909097194671755,0.003258125829696669,0.0002817943096160896
6700,415.3708219528198,0.16024747418075802,0.0049168693065644534,0.0030596942901611533,0.00028037157058715794
6800,420.8169710636139,0.1644321169606373,0.004882982492447024,0.003024140262603773,0.00028592243194580104
6900,426.1093125343323,0.15025586016232778,0.0049078669071198735,0.0030917225837707786,0.0002797613143920897
7000,431.3915305137634,0.15479780686572087,0.004826096868515134,0.0031553192138672028,0.00028037123680114696
7100,436.747859954834,0.15774716497981914,0.004759180736541877,0.0030975636005401794,0.0002839257240295407
7200,442.3408234119415,0.16172718891304322,0.005186312818527368,0.003110375928878792,0.00029742240905761773
7300,447.6100490093231,0.15510776713150773,0.0048402592658997766,0.0030913371086120755,0.0002793852806091314
7400,452.8951852321625,0.16278755004068504,0.004876235961914184,0.003074188756942752,0.00027978940010070725
7500,458.0695288181305,0.1569346173363267,0.004809630775451782,0.003166814279556279,0.00027479815483093256
7600,462.844890832901,0.15568878112489573,0.005153431797027725,0.0030630065917968807,0.0002507452011108389
7700,467.3903856277466,0.15715443903408477,0.004864956569671751,0.0030708519935608008,0.00023686885833740343
7800,471.74264574050903,0.1553337608445372,0.005430057096481492,0.002976060438156135,0.0002273856639862067
7900,476.3965721130371,0.1533600942597734,0.004768680953979618,0.0029174874305725146,0.0002465313911437981
8000,481.89774441719055,0.15806871050862767,0.004833969402313358,0.0030463848590850935,0.0002992754936218262
8100,489.14769649505615,0.1462147039462446,0.004894411516189701,0.003147368192672735,0.00041211509704589926
8200,497.36824655532837,0.15721602375598331,0.004799979257583749,0.003099327278137219,0.0004779844760894769
8300,503.3935489654541,0.1581996085538329,0.004873364448547502,0.0030643208980560372,0.00032928447723388696
8400,508.4545407295227,0.15568114320113516,0.004837681770324819,0.0030768516540527493,0.0002674649238586424
8500,513.9511284828186,0.1502081016228319,0.0051988910675050334,0.0030948395729065133,0.00029351701736450185
8600,519.4576156139374,0.1520152665578958,0.004803830671310553,0.0031020972728729363,0.0002928234100341796
8700,524.8046772480011,0.15714411996425026,0.004805265903473022,0.003084342288970957,0.0002844604015350347
8800,530.2035012245178,0.15540865946691812,0.004780426788330214,0.003064492893219015,0.0002854406833648676
8900,535.5237264633179,0.1550872408703773,0.004821417331695683,0.003076777982711812,0.00028201923370361386
9000,540.8008315563202,0.15335421428075766,0.004789316606521734,0.0030028292655944868,0.0002807226181030277
9100,546.0404500961304,0.15409929951279147,0.004808601808548094,0.00313986287117006,0.00028022813796997023
9200,551.3548965454102,0.15130996359211712,0.0048538177013398446,0.0030512206077575863,0.0002820344924926758
9300,556.6253697872162,0.16081413836856723,0.004887000465393197,0.003166904449462914,0.0002797842979431157
9400,561.9788472652435,0.15499725347801388,0.005208014535904067,0.0030464266777038796,0.00028491067886352527
9500,567.1934244632721,0.15915955375467358,0.0048381524085999664,0.003050505065917984,0.0002781060218811037
9600,572.4856774806976,0.15725409099379803,0.004799489021301398,0.0030685705661773815,0.00028149137496948225
9700,577.7214596271515,0.15115691945146892,0.004829713392257811,0.003099367380142231,0.0002803476333618161
9800,582.9382514953613,0.15092279237651307,0.004860635471344109,0.0030903119564056475,0.0002784769058227534
9900,588.1666457653046,0.15165655989713073,0.004818858146667601,0.0031182972431182893,0.00028021030426025374
10000,593.4204316139221,0.16079668864141486,0.005084470510482933,0.002984077882766736,0.0002781188964843738
10100,598.6840441226959,0.1550696298009353,0.004952411556244024,0.003083386611938487,0.0002804884910583492
10200,603.9124114513397,0.16375440351415757,0.004839275360107555,0.003092152452468884,0.00027843999862670857
10300,608.9637279510498,0.1527682504753074,0.004832571411132928,0.0031033824443817254,0.0002696841239929202
10400,613.98783659935,0.1603721413590083,0.004858912611007811,0.003121111917495753,0.0002668597221374521
10500,618.7358243465424,0.15597838037482561,0.004771683120727662,0.0031264805316925156,0.00025098266601562515
10600,623.6204257011414,0.1620306656554011,0.00486614065170301,0.003105222320556663,0.0002588674068450933
10700,628.3419349193573,0.15928089969054404,0.004800510358810544,0.0030162212371826385,0.00024960007667541493
10800,632.7922141551971,0.1516296098036074,0.0048181427955628605,0.002960494613647478,0.0002341226100921626
10900,637.2190670967102,0.14753026469323108,0.004961344099044916,0.003176272583007826,0.0002325277328491215
11000,641.7018246650696,0.1541472107405352,0.004798740911483901,0.0030134171962738253,0.00023485455513000528
11100,646.1864547729492,0.15320991390342706,0.004794957780838141,0.0030916749000549386,0.0002365740299224857
11200,650.7694857120514,0.15252028365768813,0.004787646150589122,0.0030218061447143726,0.0002425356388092043
11300,655.4233634471893,0.15066701861462187,0.0048396905422211775,0.0030512374401092724,0.00024656958580017093
11400,660.725744009018,0.15276127844950071,0.005144506025314473,0.0030281575202942075,0.0002801084109715042
11500,666.3318071365356,0.15772414751588726,0.005162273550033737,0.0029903486728668394,0.0003009997367858891
11600,671.9288470745087,0.1548316079842495,0.004891736459732192,0.003067970275878916,0.0003015539646148675
11700,677.4873249530792,0.1561411602558185,0.004864015626907466,0.0030371806144714403,0.0002999759197235111
11800,683.0164201259613,0.15857683170246015,0.004909420919418461,0.003096027994155898,0.00029861302375793495
11900,688.4782524108887,0.14578172608623022,0.004786922454834109,0.003080183696746831,0.00029628872871398934
12000,694.0357239246368,0.1584448260180136,0.004863623809814577,0.0031643835067749282,0.0003005038261413586
12100,699.5810606479645,0.15453384173518972,0.00511235809326185,0.0030509929180145483,0.00029786915779113793
12200,705.0648019313812,0.15256545328156101,0.004911963844299434,0.0031944884300232055,0.0002946795463562012
12300,710.4948699474335,0.15790024456091367,0.004830875873565808,0.003117997837066652,0.0002934079170227045
12400,715.8900969028473,0.15146309659602006,0.004884317636489984,0.0031153169631958242,0.0002918492794036859
12500,721.3323750495911,0.15805726793358596,0.004847468471527224,0.0030590007781982503,0.0002938512802124027
12600,726.8170578479767,0.1563452119413443,0.004831566381454588,0.0030461824893951526,0.0002956024169921874
12700,732.3236248493195,0.152353479971742,0.0047902753829957255,0.002995230865478529,0.0002972122669219967
12800,737.3724014759064,0.15574825309670848,0.0052251652717591815,0.003036089038848892,0.0002701728343963617
12900,741.7892212867737,0.15803251510092003,0.005134822368621972,0.003066035413742089,0.00023396615982055575
13000,746.0871815681458,0.1534197601612015,0.004826000833511467,0.003063880634307883,0.0002261356830596922
13100,750.3684089183807,0.1526387277448536,0.00480291228294385,0.0030772410392761376,0.000226528882980347
13200,754.8337526321411,0.14947153089603155,0.004811686134338498,0.0030295729637146076,0.00023842158317565889
13300,759.462902545929,0.15399800496854327,0.004888496732711909,0.0030813181400299273,0.00024740262031555145
13400,764.1922934055328,0.15140761433735003,0.0051807978153230105,0.0031014446258545107,0.00025239100456237747
13500,768.825092792511,0.1550819835690751,0.004821497726440544,0.0030428938388824666,0.00024966416358947755
13600,773.4639594554901,0.14969066286712449,0.004773528909683339,0.002973357534408573,0.0002487883567810064
13700,778.3794872760773,0.14355919502396894,0.004761579799652208,0.0030295662403106876,0.0002627263545989994
13800,783.8218669891357,0.15740141233598248,0.004910204696655399,0.0031458339214325117,0.0002916407585144044
13900,789.1526806354523,0.15112767888280074,0.004803196907043582,0.0030472973346710374,0.00028738908767700155
14000,794.5303342342377,0.16292609349420403,0.004813529825210703,0.00306421189308167,0.000287550735473632
14100,799.7863140106201,0.15996830919985924,0.004870497035980354,0.003131301498413093,0.0002817319869995118
14200,805.1228504180908,0.1560119070473633,0.004871344995498771,0.003060215091705339,0.00028536834716796845
14300,810.4218249320984,0.16019814601934856,0.004823001194000356,0.003063578271865874,0.0002818304538726802
14400,815.6792569160461,0.1571116726926089,0.004869383382797372,0.003174913930892965,0.00028076391220092765
14500,820.9493110179901,0.15710232782935285,0.0048223913192750245,0.0030553531169891434,0.0002804010391235348
14600,826.2112250328064,0.14959899187481907,0.0048420609951020524,0.0031034314632415894,0.0002793935298919671
14700,831.4856152534485,0.15353983135589738,0.004858062934875618,0.003114674425125137,0.00028080773353576674
14800,836.5953495502472,0.15928074470917403,0.00485539841651929,0.0030554891586303786,0.00027408747673034705
14900,841.8411939144135,0.15504953095916957,0.004801058912277345,0.003102412843704233,0.0002810530662536619
15000,846.9956758022308,0.15168981433004758,0.004757456922531254,0.003082380771636982,0.00027628197669982894
15100,851.9200718402863,0.15286620719234573,0.004914403247833375,0.003119666337966919,0.000261843872070313
15200,856.4833018779755,0.1563939137730131,0.004967812776565677,0.003072629451751727,0.00024057397842407156
15300,860.8910510540009,0.16184525099473457,0.004764371633529794,0.003034650135040291,0.00023311157226562444
15400,865.1729915142059,0.1452892143247787,0.004859735250473153,0.0031883890628814776,0.00022707915306091256
15500,871.7083494663239,0.15785345773469325,0.004876072120666638,0.0031228128910064756,0.00023561544418334915
15600,878.0434076786041,0.1476928592198663,0.005104526329040663,0.0030477948665619007,0.00035930042266845677
15700,885.582911491394,0.15306638393799013,0.00483337702751172,0.0030736469268799003,0.00043523335456848133
15800,891.8489179611206,0.1489340573680799,0.004704134416580329,0.0029605717182159554,0.0003536663055419923
15900,897.0598015785217,0.1548684269458256,0.004799332141876345,0.0030941115379333538,0.00028056201934814493
16000,905.346426486969,0.1556822777114032,0.0047968514442445105,0.003047795200347919,0.0004427621841430669
16100,917.0432722568512,0.14978745526360068,0.004813129568100102,0.0030605649471283046,0.0006256555557250981
16200,923.7697491645813,0.1568421757442351,0.0048141881942750245,0.0031170350551605387,0.00036992621421813967
16300,930.2260901927948,0.15038386963713454,0.004890588092804078,0.0031185453891754296,0.0003563037872314448
16400,936.656702041626,0.1549405873729735,0.0048542935371400095,0.0030449912548065274,0.00035551285743713463
16500,943.1486458778381,0.16263800073552073,0.004875911331176877,0.0030419664859771788,0.00035563225746154746
16600,949.6286334991455,0.1521889385741076,0.0048811872005463915,0.0031514904022216946,0.0003541394710540776
16700,956.0108850002289,0.14979013199429378,0.005147649908065919,0.0030512164592743046,0.00035705056190490746
16800,962.3680052757263,0.15420199618310754,0.004880639028549325,0.0031294037342071723,0.00035319838523864626
16900,968.7429158687592,0.16251517066772034,0.00488383202552808,0.0030809746265411313,0.0003545465469360342
17000,981.4435343742371,0.15020027378584225,0.004862335320881547,0.0031589942319052745,0.00066629992212568
17100,1006.9719879627228,0.15836625826013825,0.004831107330322389,0.0030999211311340457,0.0013062098503112737
17200,1016.9289011955261,0.14972624683734087,0.0047918927192689385,0.003108430910110484,0.0005210560321807853
17300,1024.0458841323853,0.15845375731144432,0.0048031331539155194,0.003036298656463628,0.00037588405609130846
17400,1030.8984904289246,0.1603016668076898,0.004810014915466443,0.003041015911102305,0.0003584823608398444
17500,1037.669912815094,0.14910383959613158,0.004834071397781494,0.0031009194374084508,0.00035664591789245583
17600,1044.5556862354279,0.15923453884510252,0.004778268957138196,0.0030418280124664436,0.0003592421054840088
17700,1051.3496887683868,0.14770719068197427,0.004831783056259275,0.003114427328109759,0.0003571844100952149
17800,1058.4655785560608,0.1513297687243559,0.0047444150447846665,0.002967744493484505,0.00037650389671325756
17900,1067.7763457298279,0.15184176182424575,0.004905767154693721,0.0031166273593902683,0.0005034804344177225
18000,1076.706398010254,0.15929706694589776,0.004908015727996954,0.0030851852416992395,0.000481413650512696
18100,1085.358677148819,0.15801856407074072,0.0047823018550874116,0.0030459492683410864,0.00046161522865295477
18200,1093.789046049118,0.15016917273958671,0.004797027969360475,0.0030118465900421244,0.00045379657745361386
18300,1102.380099773407,0.14067627006249464,0.004804547882080201,0.0031269105911255085,0.00046206398010253843
18400,1110.7610993385315,0.15340780265686912,0.004893931674957403,0.0030781511306762965,0.00045147061347961426
18500,1119.1716740131378,0.14832813142547197,0.004915852737426881,0.0030575015544891558,0.000452091264724731
18600,1127.6271257400513,0.16064900321795894,0.004889877033233762,0.0030936692237854063,0.00045291404724121117
18700,1135.969381570816,0.1466453038376998,0.004781937122345104,0.0030781189441681034,0.0004519010066986095
18800,1144.4177734851837,0.15160525350060147,0.004878115844726692,0.0031354925632476965,0.00045406870841980016
18900,1152.9396378993988,0.1549821443980443,0.004798769569397101,0.002983539533615121,0.0004550169944763178
19000,1161.1491112709045,0.15772696394975697,0.004851851129531982,0.0031340348243713606,0.00043806715011596734
19100,1168.6342182159424,0.1550028307120857,0.004887827110290653,0.003160144042968765,0.00039788398742675936
19200,1175.3309540748596,0.1466373097719042,0.004801349258422975,0.0031637178421020733,0.00035553793907165546
19300,1182.081627368927,0.15250926547112287,0.004845076513290516,0.003059289407730119,0.00035488963127136217
19400,1188.805323600769,0.14501920437096338,0.004878604698181276,0.0031618332386017045,0.000355107069015503
19500,1195.5627510547638,0.16230878572283555,0.00484713015556348,0.003000885152816783,0.0003562353134155286
19600,1202.3362107276917,0.15298500829799294,0.005220626926422259,0.003051787948608411,0.0003559920787811282
19700,1209.4245681762695,0.152323357326773,0.005149531412124771,0.0030585643291473454,0.00037572865486144906
19800,1218.639738559723,0.15863798196924025,0.005084741878509657,0.002987031412124643,0.0004979556083679193
19900,1227.9501280784607,0.15439429626911075,0.004741687107086298,0.002998698568344134,0.0005006215095520012
20000,1236.603199005127,0.1614608597612639,0.004911722421646256,0.003102605676651003,0.00046163229942321904
20100,1245.075926542282,0.14940467007469382,0.004861929416656613,0.0030651718139648645,0.00045359368324279564
20200,1253.5194163322449,0.15028382471454507,0.004820716571807993,0.0030861571311950847,0.00045613584518432697
20300,1261.864382982254,0.15450320289997904,0.0048717893123627985,0.003126138639450095,0.000450781202316284
20400,1270.2353248596191,0.15239178983460427,0.0048244172096253675,0.003042544078826914,0.0004513779163360587
20500,1278.6412482261658,0.1641069770166086,0.004860930538177616,0.0029899307250976755,0.00045132966041564956
20600,1287.0437672138214,0.1488789884659745,0.0048357295036317105,0.003100528478622454,0.00045606675148010284
20700,1295.4489660263062,0.152453757673546,0.004808349561691414,0.0030933318138122745,0.00045218181610107394
20800,1303.81303191185,0.15596919739176401,0.004840303421020623,0.0030734856605529907,0.0004517184734344496
20900,1312.1498703956604,0.15264311899809602,0.005219292640686177,0.003155141496658334,0.0004496168613433845
21000,1320.566175699234,0.15893100659692,0.0048325772762299836,0.0030617520332336585,0.00045427484512328955
21100,1328.089326620102,0.15021774999566523,0.004903132915496941,0.0030729731559753525,0.0004018004417419429
21200,1334.9126133918762,0.1596697086930175,0.00486292452812207,0.003162131309509293,0.0003597774505615229
21300,1341.6162712574005,0.14880731389929877,0.004821471977234007,0.003062914323806775,0.00035456576347350956
21400,1348.2799932956696,0.1521367525217339,0.004782391071319698,0.0030574278831482053,0.00035340247154235735
21500,1354.9757096767426,0.14865950217648463,0.005162027692794957,0.0030964723587036352,0.0003543887138366707
21600,1361.7015080451965,0.15601901091728607,0.005230417156219641,0.0031413234710693538,0.0003561733722686763
21700,1369.0157613754272,0.14979643171814333,0.004927692413330209,0.003180118370056166,0.00038958535194396943
21800,1378.2100665569305,0.16126640486314345,0.004862644577026484,0.0030359312534332405,0.0004965148925781249
21900,1387.2082464694977,0.1595336616954729,0.004860056352615479,0.003113814020156875,0.0004877521038055421
22000,1395.762359380722,0.15776858495478602,0.0049709315776826106,0.003060070753097553,0.0004586011409759521
22100,1404.084683895111,0.1451748426687864,0.004759263277053954,0.0031561530113220293,0.0004532708644866949
22200,1412.451000213623,0.15139912706949077,0.00482500586509717,0.0031404842853546278,0.0004530464649200447
22300,1420.823152065277,0.15374100101660773,0.005070762300491487,0.0029855116367340246,0.00045379018783569327
22400,1429.3034162521362,0.15104518651448715,0.004878024387359741,0.003054771089553844,0.0004572194576263442
22500,1437.7225458621979,0.1604682472769521,0.004808302593231322,0.0030410230159759783,0.00045231118202209347
22600,1446.1668615341187,0.15718528297567072,0.005221108436584616,0.0031362905979156665,0.000452780961990355
22700,1455.0769038200378,0.15481717713770313,0.004846529286248468,0.0030034310272762025,0.0004778516224452426
22800,1463.930867433548,0.14503449663081314,0.004865881776809817,0.003053368186950698,0.00048029799461364755
22900,1472.4757273197174,0.15104211774248558,0.004857346534729138,0.003039648532867446,0.0004605731010437024
23000,1481.1286561489105,0.15395450564676913,0.004893046474456904,0.003064287042617821,0.0004667176246643071
23100,1489.2313499450684,0.14890533043400409,0.004903854417801032,0.0031318431854248175,0.0004354258060455328
23200,1496.1690845489502,0.15071284314485472,0.00518054409027116,0.002999626874923701,0.0003687956809997552
23300,1502.8628070354462,0.14531934227312332,0.004873879957199217,0.0030797472953796555,0.0003549271106719972
23400,1509.6357634067535,0.1593311077260552,0.004787652969360473,0.0029867599964141923,0.0003574577331542958
23500,1516.3133335113525,0.14484011057407034,0.004788182544708361,0.0030659040927887037,0.00035547032356262156
23600,1523.088824748993,0.15073913049286092,0.004844782638549928,0.0031199515342712654,0.00035901207923889076
23700,1530.9837727546692,0.15564637822787797,0.004760579919815202,0.0030637649536132965,0.00041967983245849624
23800,1540.5952067375183,0.15412783534214547,0.005104299879074232,0.0030258473873138523,0.0005246438503265389
23900,1549.6645195484161,0.14753665834308707,0.00487601971626295,0.0031065548419952523,0.0004933363437652577
24000,1558.7094011306763,0.16358833562705946,0.004810790729522828,0.0029872722625732544,0.00048737139701843235
24100,1567.4206929206848,0.152350325651345,0.004856984806060913,0.0030982294559478768,0.0004720676422119139
24200,1576.164397239685,0.16328474877203372,0.0052413675308229,0.0030681116580963236,0.00047298073768615783
24300,1585.0639612674713,0.15449502583854227,0.004851793336868413,0.0030296097278595235,0.0004820277690887443
24400,1593.895625591278,0.14707708244307965,0.005195472049713271,0.003088981151580834,0.00047827801704406674
24500,1602.5407569408417,0.1436362092552119,0.00487149009704602,0.0031188700199127257,0.00047091588973999075
24600,1611.3471734523773,0.15149958353110954,0.0047999203681946935,0.0031351326942443865,0.0004737004756927499
24700,1620.024512052536,0.14843876415522808,0.004810563802719239,0.003017621040344252,0.00047265963554382335
24800,1628.876811504364,0.14718182191308712,0.004883354520797847,0.003155008649826069,0.00047536106109618995
24900,1635.8279893398285,0.15433628913692327,0.004810122537613041,0.003139530324935929,0.00037741146087646706
25000,1641.0048472881317,0.15811451492233905,0.004849359226226924,0.0030896446228027463,0.0002831672668457042
25100,1645.9710521697998,0.14406423970562507,0.004916687631607186,0.0032106733798980876,0.00026981616020202735
25200,1650.6940989494324,0.15871665164132875,0.004814920377731443,0.003024079370498666,0.00025608687400817935
25300,1655.3213934898376,0.15966110515155452,0.004989070415496954,0.0031532251358032293,0.0002478895187377927
25400,1659.7627050876617,0.15716398297544418,0.004853601360321165,0.003101963949203497,0.00023969163894653264
25500,1664.2598280906677,0.14154297330533616,0.005143729209900024,0.0030707701683044537,0.0002445875167846685
25600,1668.8867428302765,0.157543856476872,0.004892600154876832,0.003129139518737818,0.0002501855373382564
25700,1673.6439151763916,0.15114504562768824,0.004734702157974352,0.003052841901779187,0.000259151554107667
25800,1678.768322944641,0.15225291740824395,0.005160863828659197,0.003073826169967665,0.00027707381248474053
25900,1684.690511226654,0.1542790217425453,0.004815664148330814,0.00298369932174684,0.00032461218833923245
26000,1690.944741487503,0.15138816127829646,0.004902432441711552,0.0030195373535156387,0.00034584631919860746
26100,1697.1541907787323,0.16000154895387264,0.004788928079605231,0.0030328351974487546,0.0003422372817993169
26200,1703.485812664032,0.16373146257699414,0.005174454641342301,0.002981704568862932,0.0003506149768829346
26300,1709.5751111507416,0.1576437224634629,0.00487400822639479,0.0031281957149505873,0.0003367890357971188
26400,1715.6105353832245,0.15559614120145723,0.004834463500976696,0.003048682880401628,0.0003329020977020263
26500,1721.4655287265778,0.15429275007842486,0.0051673801422120556,0.0030997707843780625,0.0003257939815521234
26600,1727.4193127155304,0.1531912863767895,0.004830068492889538,0.00306976675987246,0.00032840356826782213
26700,1733.4707369804382,0.14888392637103115,0.004817707443237418,0.0031096656322479473,0.00033508086204528864
26800,1739.4958736896515,0.16440086637748877,0.004780356502533075,0.0030876918315887636,0.0003319745063781735
26900,1745.5581052303314,0.15375145490659126,0.004865958738327156,0.0030861480236053585,0.00033283329010009736
27000,1751.4436326026917,0.1460461094702957,0.004950248956680429,0.0031536628246307537,0.0003263171195983883
27100,1757.31329703331,0.15101313559068075,0.004850988388061643,0.0032194813728332605,0.0003253916740417487
27200,1763.3279502391815,0.1562984177933558,0.004880648756027338,0.003116408348083503,0.00033500218391418416
27300,1769.065705537796,0.1548031452889164,0.004819640207290772,0.0031032642364502037,0.00031550378799438433
27400,1774.8446373939514,0.15824158577082612,0.004837028121948362,0.0031073207378387677,0.0003179925918579108
27500,1780.7328596115112,0.14710511298720602,0.00481267457008373,0.0030329579353332637,0.00032593989372253475
27600,1786.5604829788208,0.1523993693639543,0.004800644302368286,0.003030768060684217,0.0003228273868560796
27700,1792.253460407257,0.15017875588091623,0.004707223987579475,0.0030256583690643434,0.00031116394996642984
27800,1797.5542838573456,0.1530283417921481,0.004777021551132308,0.0030489215850830233,0.00029240608215331995
27900,1802.2610802650452,0.15146326426379564,0.0048315810680390646,0.0031001759529113966,0.0002572117328643795
28000,1806.6420850753784,0.15699121995645215,0.004834797286987426,0.003038480710983308,0.0002360147476196292
28100,1810.9223239421844,0.1496442712751541,0.004854653596878167,0.003114525508880627,0.00022848548889160123
28200,1815.1835064888,0.15663271311005758,0.004910107231140268,0.0031988575935363982,0.00023042063713073712
28300,1820.2859933376312,0.14838010891439046,0.004748550176620605,0.00303026826722283,0.0002671759128570564
28400,1826.972050189972,0.15921413802193823,0.005302040767669833,0.0031637557506561287,0.00035697450637817477
28500,1834.2393007278442,0.1513150953154674,0.0047849275112153275,0.0030404260635376146,0.00038951148986816485
28600,1843.617434501648,0.15483775985875542,0.0052627446651460396,0.0031120609283447277,0.0005131927013397225
28700,1852.7215480804443,0.15237868427062623,0.004835948896408191,0.003014003038406385,0.0004989949226379401
28800,1861.5377793312073,0.1521570246023164,0.004788210439682131,0.0030505726814270048,0.0004791278839111324
28900,1870.3081130981445,0.15592318826892065,0.004857488727569711,0.0030888370513916124,0.0004749999046325677
29000,1878.96666431427,0.15201347683973462,0.004853489446640144,0.003174939775466934,0.0004712277412414538
29100,1887.7378735542297,0.15452841730167197,0.004875699329376347,0.0031553149700164944,0.0004783753871917714
29200,1896.4630706310272,0.1440454681435197,0.004847648715973013,0.003025272417068488,0.00047439947128295724
29300,1905.1391372680664,0.1458699831686152,0.004775256681442379,0.0030964581489563016,0.00047181200981140196
29400,1913.803028345108,0.14680988480141674,0.004829091882705808,0.0030156193256378272,0.00047237424850463854
29500,1922.5424377918243,0.15408951721929465,0.004753779458999752,0.00297931699752809,0.00047288742065429765
29600,1931.0835103988647,0.1563704453465812,0.005104464673996093,0.002991850185394301,0.00045894894599914597
29700,1939.3060266971588,0.15310843898330767,0.0047725831031800595,0.0030024493217468413,0.00044008641242981075
29800,1946.9345407485962,0.1576435944512973,0.004909983396530279,0.002992144966125517,0.0004052794456481939
29900,1953.782234430313,0.15279177982728587,0.0048530477046967785,0.0030917295932769897,0.0003627600669860846
30000,1960.467556476593,0.1584820886464518,0.0048147351741792,0.0030519437789917146,0.00035580720901489185
30100,1967.1631677150726,0.15051228918090742,0.0049079677581788375,0.0030970041275024457,0.00035455198287964057
30200,1973.8329339027405,0.14488583608698255,0.004836322259903071,0.003084182310104386,0.00035387282371521076
30300,1980.5299091339111,0.1488246681956954,0.005094992446899569,0.0030428104400634925,0.0003548271656036383
30400,1987.4893164634705,0.15298922961041148,0.004863295412063721,0.003135100269317651,0.00036017475128173783
30500,1996.0044507980347,0.15864758925560835,0.005104381608963142,0.0029851192474365357,0.00045906300544738593
30600,2005.8490064144135,0.1541969920287193,0.0048462943077088785,0.003114949750900277,0.0005383493900299073
30700,2014.9356908798218,0.1463694221266306,0.004778700876236081,0.003118822145462049,0.0004966026782989488
30800,2023.7505729198456,0.15215552087321485,0.004845581197738768,0.003078488540649436,0.0004760999679565429
30900,2032.4606885910034,0.14939449652548217,0.004878052759170656,0.0031539432048797913,0.00047263188362121547
31000,2041.1996448040009,0.15419946643354662,0.004874898862838869,0.0030862834930420243,0.00047255902290344184
31100,2049.86771941185,0.15287736792915785,0.004892251920700194,0.003166167116165174,0.00047079343795776365
31200,2058.501180410385,0.15831687459762395,0.004798479986190922,0.0029463047981262407,0.0004699521064758313
31300,2067.3257114887238,0.1583000896051877,0.004816444826126221,0.0030088955879211563,0.0004790799617767339
31400,2076.0526225566864,0.14733538371001478,0.004871539592743044,0.0031743505001068316,0.0004728441238403337
31500,2084.8157591819763,0.1467528145690223,0.004803743886947756,0.003189901590347306,0.00047515954971313526
31600,2093.567817926407,0.15463781541286578,0.0049304002761842115,0.0031345170497894346,0.0004721694469451905
31700,2102.32266330719,0.14475842682079848,0.004749316835403557,0.003049396800994889,0.0004730792999267571
31800,2110.9733493328094,0.1581974389658926,0.004877443218231331,0.003102230501174946,0.00046861553192138685
31900,2118.4511251449585,0.16442678710509906,0.0048686448097230205,0.003123981475830093,0.0003954362869262694
32000,2125.2162823677063,0.15110292789193835,0.004803146362304816,0.0029523046016693166,0.00035608663558959883
32100,2131.9457914829254,0.1562949658256967,0.005179557275772252,0.0031186376094818357,0.00035515832901001065
32200,2138.614159822464,0.15349781796400644,0.004809905767440917,0.0030363980770111254,0.000353500986099244
32300,2145.29868888855,0.15760430101969752,0.004823957109451415,0.00306499810218812,0.0003540465831756591
32400,2152.1473441123962,0.15764888421652537,0.0051463123321534585,0.002995462036132825,0.0003590528964996345
32500,2159.71102809906,0.15613315842175346,0.0048893987655640875,0.0031139174461364922,0.0004029475688934331
32600,2169.3637363910675,0.1442742816133053,0.004892062759399541,0.00308429675102235,0.0005288121700286863
32700,2178.5791318416595,0.14834116064386563,0.004769838523864861,0.0030553893566131677,0.0005005377292633063
32800,2187.5850796699524,0.14648279531643763,0.004862756824493532,0.003093986272811907,0.0004893874645233153
32900,2196.45445227623,0.15156764216888083,0.004773447370529303,0.0030335557460785035,0.0004774202346801744
33000,2205.13405919075,0.1481109880683821,0.004771185827255371,0.003072033596038829,0.00047033371925353946
33100,2213.9088966846466,0.15050341923816102,0.00513424673080457,0.0030623754501342914,0.00047474536895751986
33200,2222.6227955818176,0.151592857673009,0.0048744987964631364,0.0031616243839264063,0.00047110671997070306
33300,2231.4222543239594,0.14080341753892342,0.004887175273895374,0.0030066811084747307,0.0004748011112213124
33400,2240.0611515045166,0.1532873385287069,0.004906865978241093,0.00321723837852479,0.0004699611663818371
33500,2248.8308894634247,0.15609541222319398,0.004907840442657601,0.003146528148651153,0.0004765997886657729
33600,2257.587746858597,0.1521571763030075,0.004861192274093747,0.0030937315464019998,0.000471117067337036
33700,2266.2244980335236,0.16085551795365352,0.0047841986179353105,0.0030990191459655788,0.0004659373283386231
33800,2274.3894302845,0.15047447667527097,0.004890475654602171,0.003132926654815697,0.0004389721393585195
33900,2281.3189644813538,0.14681445243925767,0.004871317005157591,0.0030913064002990897,0.00037000222206115616
34000,2286.489025115967,0.15948738557011496,0.0048350127560753,0.003010305302483706,0.00027533769607543965
34100,2291.0270824432373,0.15043839862662792,0.004911989355087407,0.0031385510921478382,0.00024928908348083496
34200,2295.6801278591156,0.14567773089351266,0.005174602127075336,0.0031237762928009206,0.0002566562652587896
34300,2300.427444458008,0.1546757069810739,0.004821132469177372,0.003045636606216452,0.00026061272621154805
34400,2305.1308414936066,0.14670222436568867,0.0048784065723420506,0.003138021707534799,0.0002579669952392581
34500,2309.762670993805,0.14811434532657589,0.004746643400192385,0.0030620324611664047,0.0002509303569793694
34600,2314.9377784729004,0.15947344483393885,0.004906091833114745,0.003096115446090713,0.00028228154182434017
34700,2320.349855661392,0.15365420482470807,0.005133552646637127,0.003023945856094376,0.00029482607841491745
34800,2325.666791677475,0.15425439092939816,0.004853561544418456,0.0030365257740020885,0.00028883509635925254
34900,2330.996015071869,0.1521666988854099,0.004857044601440555,0.0030367602348327677,0.00028881983757019
35000,2336.320301055908,0.14888734229867326,0.0048552023887635555,0.0030921468257904166,0.00028966994285583523
35100,2361.966138601303,0.14775111294844456,0.004862363767624028,0.003073388147354135,0.0013062037944793694
35200,2387.5294914245605,0.1547614371836556,0.004871695852279785,0.0031124066829681467,0.0012990418434143103
35300,2403.857083797455,0.14432059558220428,0.004842354679107789,0.0031365999698639065,0.0008410116195678727
35400,2410.6803481578827,0.14911242877610761,0.0048639940261842015,0.0031720807075500657,0.000362465381622314
35500,2417.455290079117,0.15124420770627195,0.004794579648971674,0.0029711170196533303,0.0003568165779113772
35600,2424.238931417465,0.15717608359159246,0.004815614318847776,0.0030764557838440006,0.00035696635246276894
35700,2430.989939212799,0.1548928923528156,0.004838285303115981,0.003016870737075818,0.0003565023899078361
35800,2437.744309902191,0.14833466179309207,0.005181139898300313,0.003132847595214849,0.0003574717998504634
35900,2445.3557822704315,0.15177981546722608,0.0047744338035584635,0.0029316917419433767,0.0004047909259796158
36000,2455.094274044037,0.14638202136950965,0.004901224946975834,0.003107142496109018,0.0005289072990417494
36100,2464.165910243988,0.14696104639335192,0.00487362470626843,0.0031625587940216134,0.000493847942352293
36200,2472.9421520233154,0.1469454902519615,0.004844257164001592,0.003113165950775164,0.0004741472244262719
36300,2481.6237876415253,0.14802216869052034,0.004838074970245485,0.00313130917549135,0.00047147321701049907
36400,2490.450681209564,0.15288612769848842,0.0048198265075684804,0.003126646375656136,0.000478896617889404
36500,2499.2139151096344,0.150717807039519,0.00477984790802014,0.0030313486099243303,0.0004716007232666019
36600,2507.9239802360535,0.14660278404650254,0.004843280553817873,0.0030530758857727127,0.0004717808246612553
36700,2516.6673476696014,0.15177774361455745,0.004835536670684945,0.003077018785476694,0.0004738999843597407
36800,2525.5201528072357,0.15492428897526214,0.005158609962463523,0.003005423688888559,0.0004783352851867671
36900,2534.2420830726624,0.14795687955191547,0.004918137645721547,0.0030346950531005916,0.00046979632377624385
37000,2542.928518295288,0.15007748687705352,0.004808162164688237,0.0030396241664886604,0.00046715474128723267
37100,2551.0755457878113,0.15778527106566245,0.004817132282257195,0.0030231699943542682,0.0004376978874206526
37200,2557.8943445682526,0.15223886680615356,0.004789719963073849,0.0030104021072387814,0.00035971784591674774
37300,2564.648736000061,0.15048921613792285,0.004826246070861941,0.0031051226615905884,0.0003560805797576908
37400,2571.3151030540466,0.14015158859147375,0.00473475308418286,0.003039417409896867,0.0003536793231964102
37500,2578.004702091217,0.1548575584857161,0.004858272647857791,0.0030664074420929115,0.0003545976638793945
37600,2584.7492620944977,0.1538516116256939,0.004841894960403567,0.00307159357070924,0.00035590171813964827
37700,2591.792275428772,0.1574245831213659,0.00483667049407971,0.00303896107673647,0.00037241740226745616
37800,2600.9545969963074,0.15443987737127415,0.005150652027130278,0.0030745305061340433,0.0004962799072265612
37900,2610.4413628578186,0.14782850746354734,0.004847636651992926,0.003113876914978035,0.0005182489395141592
38000,2619.8328676223755,0.151708493525985,0.004762792539596681,0.0030730306625366237,0.0005007609844207756
38100,2645.6367325782776,0.15124677691683572,0.004840687847137583,0.003135278749465959,0.0013151512145996062
38200,2671.1694316864014,0.1604627408608746,0.004803859519958638,0.003117801856994641,0.0013020028591156022
38300,2696.9094684123993,0.15410794542862777,0.004886687898636001,0.0031230862617492748,0.0013011471748352102
38400,2709.182678937912,0.15810802334114263,0.004783337593078739,0.003066381883621231,0.0006397469043731698
38500,2716.132350921631,0.15363373067693595,0.004859175825119141,0.003074177455902104,0.00037224049568176264
38600,2722.8016705513,0.1522159757758585,0.005222486352920664,0.003138626909255998,0.00035622119903564483
38700,2729.582827091217,0.15853689324948228,0.004810745763778816,0.003083730459213262,0.0003582586288452145
38800,2736.284408092499,0.15408440436102538,0.004823729991912963,0.0030295361995697173,0.0003563060283660894
38900,2743.01419878006,0.15353941303219984,0.004953146553039672,0.003119408321380622,0.0003567383766174313
39000,2750.1530969142914,0.15911417706235953,0.004778980493545654,0.003103447389602675,0.00037908692359924336
39100,2759.7977166175842,0.15583932869421083,0.004841552591323966,0.0030439209461212285,0.000524712133407593
39200,2768.8487741947174,0.1474810148885893,0.005152455663681176,0.003100227260589605,0.0004932246208190913
39300,2777.641968727112,0.1568605480330771,0.005258909845352312,0.003130675554275528,0.0004757096767425518
39400,2786.442811727524,0.1567460422761528,0.004838964033126953,0.0030478481292724896,0.00047577209472656314
39500,2795.1508464813232,0.1530311642525815,0.004841169834137086,0.003121779251098639,0.00047196807861327975
39600,2804.0483927726746,0.14666777965280944,0.004921946232659595,0.0031389543397086295,0.0004831728049686979
39700,2809.890862226486,0.15177655421462385,0.004917416238784911,0.0031231218338012897,0.00032198648452758794
39800,2816.1880457401276,0.14861310777226053,0.004822273111343513,0.003106786108016978,0.000347532033920287
39900,2822.0670425891876,0.15108308721793046,0.004773016071319709,0.0030686130523681714,0.00032298512458801165
40000,2827.8770558834076,0.15080966104194096,0.004935354137420782,0.003120223712921166,0.00032096085548400836
40100,2833.855543613434,0.1552740912933859,0.0048828630924226115,0.0030678451061248962,0.00032740697860717693
40200,2839.6384785175323,0.14981199117331095,0.004822668457031374,0.003088725185394298,0.00031887187957763726
40300,2845.210583925247,0.14965666838832684,0.005176042222976835,0.003085555315017724,0.0003072004795074475
40400,2850.4838914871216,0.15128094260239544,0.004789097261428962,0.0030690697669983054,0.00028699431419372626
40500,2855.8294172286987,0.14735199328329585,0.0048620178222657465,0.0030635007858276398,0.0002917789936065681
40600,2860.699225664139,0.14866915626391985,0.004815307044983035,0.0030665178298950367,0.00026397967338562
40700,2865.442234992981,0.15287214242899289,0.004863510465622069,0.003017895412445076,0.00025182662010192903
40800,2870.2714042663574,0.14627137301039075,0.004741485214233514,0.002955516958236707,0.00025967669486999404
40900,2875.1720106601715,0.15033814216940494,0.004911086845398075,0.0031184754848480405,0.00026420531272888136
41000,2880.3158280849457,0.15520950736844336,0.004756535530090455,0.003017009401321425,0.0002795248985290524
41100,2886.3649287223816,0.15075947405986745,0.004929963207244998,0.003231977605819733,0.00033263731002807666
41200,2892.3667097091675,0.15135920835720593,0.004832664966583378,0.0031179772377014415,0.00033062548637390125
41300,2898.2660768032074,0.15355663470182182,0.004753458118438845,0.003099410009384171,0.0003260200500488279
41400,2904.311389684677,0.14531104146263935,0.005173322820663593,0.003170885896682756,0.00033298149108886753
41500,2910.254859685898,0.15200289141520293,0.004878066587448238,0.003111228561401385,0.00032705616950988746
41600,2916.0912976264954,0.15406476074859718,0.005157765293121491,0.0030795457363128804,0.000321392345428467
41700,2921.9654655456543,0.15406751591826162,0.004829942607879761,0.0030768098831176894,0.00032252244949340766
41800,2927.8306946754456,0.15757084177045264,0.004837810516357541,0.003024520444869992,0.0003215300083160398
41900,2933.6650161743164,0.15136731980883683,0.004783821105957151,0.0030669263362884704,0.00032132186889648515
42000,2939.326784133911,0.14756385395735977,0.004715140247345095,0.002989197683334364,0.000311599636077881
42100,2944.164388656616,0.1558114221163691,0.004771656322479378,0.0031121778964996387,0.0002619112014770504
42200,2948.6453750133514,0.1450970365771716,0.005192911529541166,0.003096819448471088,0.0002412129402160652
42300,2952.8374955654144,0.15134633503265177,0.004802279663086061,0.0031573025226593232,0.00022271575927734308
42400,2957.0281143188477,0.1543095749457439,0.004920328855514646,0.003008032512664806,0.00022246913909912034
42500,2961.277091026306,0.14643482798002908,0.004840082359314087,0.0031262109279632687,0.0002267514705657955
42600,2965.6305413246155,0.1436026452069689,0.0048591298580170925,0.0031780606746673666,0.00023373856544494723
42700,2970.1583790779114,0.1585420472023188,0.004855341053009157,0.0030008505344391,0.00024311990737915107
42800,2974.8891060352325,0.14674972870632869,0.00524049324989334,0.0031193817138671955,0.0002565028667449953
42900,2980.4788370132446,0.15282270261397662,0.005118378114700459,0.0029545265197754044,0.00030677118301391664
43000,2986.553714990616,0.1423394791720196,0.004834462642669803,0.0031005871295929073,0.00033764009475707973
43100,2992.6565957069397,0.14684861552524972,0.004816061973571898,0.003058821201324477,0.00033873572349548347
43200,2998.688700914383,0.14638007735993006,0.004858835220337033,0.0030676391124725517,0.0003329929351806641
43300,3004.7417645454407,0.1605215405212358,0.004796781873703117,0.002950383520126352,0.00033268713951110874
43400,3010.6202170848846,0.15263578632434027,0.004838936281204343,0.0030279107570648357,0.0003240699768066408
43500,3016.596538543701,0.16393580728015297,0.004802807712555051,0.0030051341056823934,0.00032579441070556604
43600,3022.4797406196594,0.14532793894223464,0.004804001188278322,0.0030067060947418147,0.0003262753486633307
43700,3030.3120625019073,0.15462049165704644,0.004880316686630377,0.003097556686401381,0.0007267418384552
43800,3035.517177581787,0.14806060425330037,0.004832573556900146,0.0031793076038360646,0.0002817654609680171
43900,3040.760746717453,0.15448690262454978,0.004807348537445191,0.0029737136363983197,0.00028115205764770514
44000,3045.9615349769592,0.14906177995437145,0.004839761972427486,0.003123848485946667,0.00028175373077392535
44100,3051.150972366333,0.1522325249273429,0.004826092195510988,0.0030678017616272047,0.000281101751327516
44200,3056.351010084152,0.14932103772450006,0.004894271707534912,0.0032130820274353243,0.0002831049919128419
44300,3061.567897796631,0.1512545401191736,0.004930888938903933,0.003120844268798852,0.0002827491760253899
44400,3066.7711124420166,0.1581970371237053,0.004874451637268201,0.0031865633964538696,0.0002800085067749019
44500,3071.4921221733093,0.15906887506121772,0.005272013473510904,0.0031736202239990336,0.000252128028869629
44600,3075.8736374378204,0.1522796009292931,0.004888616037368899,0.003109970331192024,0.00023383731842041038
44700,3080.198056459427,0.16387137639794658,0.004770407581329475,0.003000640630722054,0.0002300011157989492
44800,3084.5687594413757,0.1541713107372996,0.005138161563873418,0.0030359680175781434,0.00023330683708190934
44900,3088.996651172638,0.15613916735348352,0.004830394649505742,0.0030594218730926655,0.00023813991546630859
45000,3093.6652903556824,0.1505296810531109,0.0048702641010285605,0.003073908424377454,0.00024962654113769517
45100,3098.3218421936035,0.14617041452912408,0.004838675069809089,0.003100549030303969,0.00025371942520141646
45200,3103.154013156891,0.15016488945616996,0.00486377406120313,0.003078840065002455,0.0002618490695953366
45300,3108.163279771805,0.15095687886182158,0.004854939440318643,0.0029410399573189926,0.0002692567484719421
45400,3113.634936571121,0.14466797038944842,0.004822186899185293,0.0030522790908813578,0.00029935474395752085
45500,3119.943015575409,0.1530109678332467,0.004882949542999399,0.003117279815673849,0.0003525568485260008
45600,3126.1707730293274,0.1475609454931948,0.0048447318077088665,0.003128261661529561,0.00034642252922058086
45700,3132.3370020389557,0.15008567380088467,0.0048546754360200145,0.0030457359790802096,0.0003442421436309807
45800,3138.385556459427,0.14665494880469995,0.004840305089950689,0.0032017617702484375,0.00033821339607238737
45900,3144.481002807617,0.1470929480814527,0.004894671058654909,0.0031417014598846544,0.00033976073265075575
46000,3150.4368221759796,0.15206750646006342,0.004885574054718151,0.003211856412887594,0.0003323505878448495
46100,3156.456758737564,0.15910654963711043,0.004813458490371832,0.0030422082901001048,0.0003344640254974368
46200,3162.492511034012,0.15779523250460575,0.004817597532272471,0.0030527534008026108,0.0003348666667938237
46300,3168.380620956421,0.13644131819410682,0.004773969364166383,0.0031057679653167768,0.0003312448978424069
46400,3174.308655023575,0.14438310219510087,0.004809427165985228,0.0030405784606933758,0.0003308937072753913
46500,3180.2929422855377,0.14785510644107433,0.005117154788971091,0.003093822956085219,0.0003327867507934578
46600,3186.1510541439056,0.14396622659791058,0.004708839607238887,0.00298568196296693,0.0003278769493103027
46700,3192.0538170337677,0.14702583610053932,0.004936527919769407,0.0030954421043396137,0.0003289711952209473
46800,3197.9530506134033,0.15261788081430988,0.004856254005432249,0.003078285312652604,0.0003261103630065916
46900,3203.2009541988373,0.1485164288467505,0.004820360851287967,0.0030259384632110747,0.00028927316665649405
47000,3207.9095418453217,0.1511786686122149,0.004828939867019777,0.00302389869689944,0.0002562404155731196
47100,3212.558194875717,0.15605946675568994,0.004865570211410653,0.003072702741622949,0.0002544569015502927
47200,3216.9561829566956,0.14902324349308266,0.0048448467731477055,0.003173742294311548,0.0002397883415222166
47300,3221.3632814884186,0.15447209700697262,0.00487752313613905,0.003107115507125877,0.00023813719749450664
47400,3225.8411617279053,0.15496456681500803,0.004821642351150637,0.003037139940261863,0.0002430811405181889
47500,3230.4711973667145,0.15782080462793788,0.00483566365242016,0.0030138042449951302,0.0002520927906036377
47600,3235.2734417915344,0.14765902018055085,0.0047466133594514185,0.003065790128707908,0.00026330413818359387
47700,3240.5726165771484,0.15908966803793897,0.004851779270172243,0.003080755853652971,0.00029141998291015627
47800,3246.8766853809357,0.15021164588691513,0.004859275054931763,0.002996034717559832,0.0003511972427368153
47900,3253.134379863739,0.14850554106558086,0.004943867397308468,0.0030921357154846244,0.00034867758750915426
48000,3259.3109879493713,0.1532122982750373,0.004823090457916375,0.003008887100219741,0.00034333000183105395
48100,3265.472695350647,0.14843119788918352,0.005205694770813142,0.003076826810836803,0.0003421277999877924
48200,3271.49480342865,0.1497257899401695,0.0047331875801087655,0.0030488924980163774,0.0003361573696136478
48300,3277.489272594452,0.1618332712000172,0.004873414707183958,0.0030385993003845314,0.00033401265144348164
48400,3283.5825555324554,0.14939383067887652,0.004737377786636464,0.0030048585891723745,0.0003372161388397215
48500,3289.4833760261536,0.15131852971344487,0.004818080854416022,0.0031043835163116697,0.00033009018898010257
48600,3295.390814781189,0.14108243527333758,0.004919886636734139,0.003293481206893936,0.0003296958446502687
48700,3301.4318618774414,0.1622169970758873,0.004904579448700076,0.003048118352890021,0.0003341508388519284
48800,3307.32524394989,0.14556121772906871,0.004829490756988642,0.003076032972335827,0.0003296200752258297
48900,3313.233320713043,0.15629462177208508,0.004868945741653564,0.003011365318298353,0.000329150772094726
49000,3319.217168569565,0.15601975530794934,0.004818928098678717,0.0031662851810455393,0.00033158454895019693
49100,3325.2894587516785,0.14796886712877855,0.0048045123577119195,0.0030911810874939133,0.0003390419483184796
49200,3331.133115053177,0.14779290276446436,0.004829410457611217,0.0030427670001983826,0.00032365045547485275
49300,3336.10320186615,0.14998767161883958,0.004805644464492921,0.003081590318679824,0.00027119393348693817
49400,3340.7371575832367,0.14906550514690262,0.004758592796325815,0.0030061243057250974,0.00025222935676574745
49500,3345.151087999344,0.1584863616217998,0.0049087260723115304,0.003099830913543728,0.0002393246173858641
49600,3349.535331726074,0.15172025934845723,0.005222904729843275,0.003115318059921262,0.00023843345642089855
49700,3354.0792469978333,0.16402616095414296,0.004896811389923211,0.0030645470619201777,0.00024542126655578635
49800,3358.710144996643,0.1468670027521313,0.004863541412353643,0.0030881184101105045,0.0002518740177154533
49900,3363.4671070575714,0.15077546492805796,0.004871883964538699,0.0031534245967865192,0.00026039257049560597
50000,3368.62983417511,0.15015175184870608,0.005178923463821571,0.003171551799774186,0.00028528485298156777
50100,3375.304296731949,0.15424627537967303,0.004827055597305415,0.0030188960552215757,0.0003697764873504625
50200,3381.527979850769,0.14857691636873513,0.005203079891204971,0.003142620420455947,0.00034739704132080045
50300,3387.8198862075806,0.15458175497321866,0.004895164632797367,0.00313038420677187,0.0003514519214630125
50400,3393.86860370636,0.15031531168363138,0.005156815099716328,0.003053633975982695,0.0003383536338806159
50500,3399.899931192398,0.14726144250827772,0.004752054500579953,0.0029594887733459543,0.0003366507530212414
50600,3405.8896441459656,0.15420967234041436,0.004795531177520868,0.0030429944992065496,0.00033348536491393995
50700,3411.9081315994263,0.1595142726009715,0.005564888906479068,0.003201697349548358,0.0003372172832489018
50800,3418.0025601387024,0.155916995482028,0.004794940996170158,0.002980424308776868,0.0003391343593597415
50900,3424.0099532604218,0.14733202651325808,0.004854662132263297,0.0030630623000008853,0.00033267419678824274
51000,3429.835113286972,0.1511800575348186,0.004817696380615364,0.0030742295265197917,0.0003206916332244866
51100,3435.6485545635223,0.15243135908866814,0.004798833560943725,0.003071354627609262,0.0003188151836395263
51200,3441.322295188904,0.15535981400758161,0.0048598051071168215,0.0030052989482879755,0.00031679902076721145
51300,3447.1029489040375,0.1471067355671935,0.004850601196289179,0.0030891334533691694,0.00032444305419921895
51400,3452.8073744773865,0.14931372288796813,0.004712749290466426,0.0030180857181549216,0.0003170935630798348
51500,3457.7785923480988,0.15026604480874198,0.004945625734329346,0.003135815763473531,0.0002722353935241699
51600,3462.469584465027,0.15196747695151167,0.004852822160720957,0.003080614185333274,0.00025296473503112825
51700,3467.115841627121,0.15089668266122908,0.004891639947891371,0.003099801778793351,0.00025351905822753896
51800,3471.742114543915,0.1536518157498387,0.004863240671157957,0.0031118883132934716,0.0002493493080139158
51900,3476.0314240455627,0.14203024292575658,0.00493870482444775,0.0031819669723510886,0.000231812429428101
52000,3480.2258265018463,0.1517770689899921,0.00480015115737927,0.0030401148796081762,0.0002272759437561043
52100,3484.5610518455505,0.14688864074568952,0.0048709383964539756,0.0031103800296783603,0.00023646774291992276
52200,3489.06160902977,0.1577624751339146,0.004879788875579949,0.00306263170242311,0.00024467029571533265
52300,3493.539823770523,0.14333402304270174,0.005127149486541905,0.003062652063369767,0.0002462439537048332
52400,3498.0685019493103,0.15932590941535163,0.004886987495422493,0.003030910539627081,0.0002441994667053219
52500,3502.6682941913605,0.14450617767424914,0.004817832088470583,0.0030508713245392077,0.00024854307174682565
52600,3508.3196992874146,0.15505041962064545,0.004816741514206056,0.0030833266735077066,0.0003096304416656486
52700,3514.137182235718,0.1514891280389579,0.004850758504867675,0.003100598669052137,0.00032165007591247567
52800,3519.9353721141815,0.14867066565901566,0.004795598316192753,0.003118825197219873,0.00032156262397766046
52900,3525.632969379425,0.1483632223267872,0.005183723592758344,0.0030835352897644196,0.00031546268463134686
53000,3531.2954115867615,0.1455772753629003,0.004899120235443227,0.0031416256904602245,0.0003138772010803234
53100,3536.811117887497,0.14425755207395802,0.004861752176284913,0.003105907964706436,0.0003055925369262696
53200,3542.231376647949,0.15084978444027872,0.004790856838226441,0.003123125839233413,0.00029916996955871593
53300,3547.7206161022186,0.14820021219179608,0.004875043773651258,0.003185677433013932,0.00030327162742614834
53400,3553.3016996383667,0.15804896881020045,0.004789281320572035,0.00308860139846802,0.0003026978969573978
53500,3558.837089538574,0.1404525672362876,0.004818301916122578,0.003132284593582173,0.0003036753177642823
53600,3564.402629852295,0.15537724112234724,0.004920132875442632,0.0031774890899658446,0.00030491905212402337
53700,3569.942064523697,0.1482457799755286,0.0048623487949372626,0.0031023838520050184,0.0003044912815093992
53800,3575.414158344269,0.15098982753222617,0.00485905141830457,0.003040835809707665,0.00030062556266784635
53900,3580.9414892196655,0.1525555900584913,0.005123433065414565,0.003031306171417254,0.00030239567756652904
54000,3586.4435522556305,0.15012984839678364,0.004890913534164559,0.0030366423606872734,0.00030247840881347636
54100,3591.8752970695496,0.15058375447465605,0.0055078854084016585,0.003064903306961074,0.00029670553207397486
54200,3596.9938015937805,0.15871718784875244,0.004842689085006849,0.0030846390247345084,0.00027786397933959937
54300,3601.4663631916046,0.15458060586561864,0.004822341537475703,0.0031150074005127106,0.00024002466201782178
54400,3605.654961824417,0.15902725979883153,0.004860639238357684,0.0031353489875793573,0.0002227428913116451
54500,3609.897454023361,0.1513120459000942,0.00524818692207351,0.0031545112133026278,0.0002277432441711429
54600,3615.2554953098297,0.15284760197564345,0.004821806144714479,0.0031277994632721,0.0002989514350891107
54700,3625.922490119934,0.15510343758903886,0.004830684423446773,0.0030417150020599464,0.0006275866985321037
54800,3633.2449984550476,0.1504705977429949,0.004738999795913806,0.0029499764919281124,0.0003889033794403063
54900,3640.572448015213,0.15123391272984954,0.00478535914421094,0.002964881372451793,0.00039144411087036146
55000,3650.3021805286407,0.14304282259482293,0.004774126148223994,0.00304221782684328,0.0005359962463378903
55100,3659.5586955547333,0.14279882919494874,0.004799007558822755,0.0030840805053710977,0.0005069105148315443
55200,3668.437109231949,0.1557886447089528,0.004843936252594106,0.0030455928802490266,0.000478327131271361
55300,3677.128315448761,0.1510650917753702,0.004868542289734009,0.0030800015926361157,0.0004708707332611077
55400,3685.9712636470795,0.14533375694770037,0.004820779800415155,0.00305491118431093,0.00047945404052734367
55500,3694.6290140151978,0.15110656897268687,0.004777646923065306,0.003027825880050671,0.000470502901077269
55600,3703.3184030056,0.1455651988922407,0.00519378776550309,0.0030181051731109744,0.0004742112636566169
55700,3711.945027589798,0.15608786793805535,0.004876824426651124,0.003138567256927504,0.0004689687728881847
55800,3720.518206357956,0.15271722483849579,0.0048335670948029775,0.0031270097255706947,0.00046662082672119243
55900,3729.1609146595,0.15426096138713213,0.004792429876327636,0.0029942798614502196,0.00046699595451354844
56000,3737.860862970352,0.1462146791059855,0.0051821074008943134,0.0030644827842712563,0.0004704695224761976
56100,3746.8952395915985,0.15637170397421174,0.004887070751190327,0.003173431634902964,0.0004846683025360107
56200,3755.3733344078064,0.14949378895131055,0.004838624334335455,0.0029847590446472182,0.0004576906204223618
56300,3762.7019045352936,0.16207161384061639,0.004868521547317628,0.0030171986579895127,0.0003897212505340577
56400,3769.4139873981476,0.15331529726267512,0.004868370866775644,0.0030294356346130514,0.00035455045700073085
56500,3776.0200600624084,0.14444826876044264,0.004807745027542232,0.0031130039691925136,0.0003523936271667479