#=== ait_pretrained_full_w10_1000b1000a ===
#
#Metrics:
#  Accuracy: 0.8450 | Macro Precision: 0.8735 | Macro Recall: 0.8063 | Macro F1: 0.7871
#  False Alarms: 28568 | False Alarm Rate: 0.1785
#  Missed Attacks: 657 | Detection Rate: 0.9769
#
#Per-Class Metrics:
#  [phase1] P=0.4406 | R=0.9824 | F1=0.6084 | 
#  [phase2] P=1.0000 | R=0.9091 | F1=0.9524 | 
#  [phase3] P=1.0000 | R=0.3600 | F1=0.5294 | 
#  [phase4] P=0.9320 | R=0.9588 | F1=0.9452 | 
#
#Confusion Matrix:
#         	      	      	      	Actual	      	      
#         	      	benign	phase1	phase2	phase3	phase4
#         	benign	131438	   398	     1	    16	   242
#Predicted	phase1	 28157	 22179	     0	     0	     0
#         	phase2	     0	     0	    10	     0	     0
#         	phase3	     0	     0	     0	     9	     0
#         	phase4	   411	     0	     0	     0	  5629
i,time,loss,ground_time,compile_time,eval_time
10,0.7370157241821289,0.3240083330763005,0.002379227638244635,0.001102723121643069,0.0002597346305847168
20,1.6213605403900146,0.3383326513745575,0.0026665477752685603,0.0011729369163513213,0.00034300708770751973
30,2.557943344116211,0.2578711358519559,0.0026843581199646033,0.0011857542991638211,0.00036937952041625965
40,3.4919211864471436,0.2541355087873688,0.0026594471931457577,0.0014391636848449763,0.0003657288551330567
50,4.356464385986328,0.20300501108872093,0.0027346272468566956,0.0012214622497558635,0.00036337566375732426
60,5.324977397918701,0.23185370308969402,0.002724136352539068,0.0011833639144897498,0.00039210605621337887
70,6.269535541534424,0.2082665650382028,0.0027203297615051316,0.0012096590995788604,0.0003892965316772466
80,7.231848239898682,0.19502025830480635,0.0026919131278991754,0.0010312633514404327,0.00038241720199584954
90,8.227710247039795,0.2089825058797336,0.002740811824798592,0.0012119455337524449,0.00040351676940917974
100,9.560963153839111,0.16486035968127566,0.0027565445899963427,0.001305010318756107,0.0005171871185302737
110,10.361296653747559,0.17421342937332476,0.0026890740394592346,0.001345454692840578,0.0003716368675231934
120,11.134955644607544,0.15069965984684536,0.002699977874755867,0.0010918083190918008,0.0003682780265808104
130,11.912452697753906,0.17814053345366,0.002712111473083503,0.0012336997985839884,0.0003696398735046389
140,12.768053531646729,0.17246319617835554,0.0027412233352661205,0.00113657379150391,0.0004133720397949222
150,14.091926097869873,0.16983085407623794,0.0026677174568176345,0.001297339916229253,0.00038779354095459003
160,14.883575439453125,0.16048015913322305,0.002703724861145026,0.00125410079956055,0.0003724832534790038
170,15.62961196899414,0.1872522448452673,0.0026959400177001985,0.0011311511993408235,0.0003508715629577636
180,16.40545654296875,0.17247891403657573,0.002649575710296635,0.0012605056762695344,0.0003635778427124025
190,17.168025493621826,0.18013564391538434,0.002754532814025883,0.0011355319023132347,0.0003647904396057129
200,17.899505138397217,0.14538099499601015,0.002696370601654061,0.0012084131240844766,0.00034429788589477537
210,18.628854751586914,0.16650059224426011,0.002723428726196292,0.0012923994064331103,0.00034522628784179697
220,19.37229084968567,0.16469592011285342,0.002676359176635747,0.0013226232528686566,0.0003466453552246092
230,20.118783235549927,0.14810468700915946,0.0026856870651245186,0.0009851517677307148,0.0003537545204162596
240,20.868993520736694,0.15227724955943936,0.0026914792060852106,0.001183497905731205,0.00035232019424438445
250,21.583428144454956,0.16050076709632763,0.0026760888099670453,0.0012245955467224152,0.00033715486526489266
260,22.29767680168152,0.15958126992548474,0.002681600570678716,0.0011719675064086942,0.0003356590270996092
270,23.04332160949707,0.18073863653031785,0.0027752099037170485,0.0011750788688659705,0.0003515348434448244
280,23.788723468780518,0.142614736113857,0.002670042514801033,0.0010137658119201683,0.0003504796028137204
290,24.571475982666016,0.13749704920460032,0.0026845941543579164,0.0013791956901550333,0.0003695526123046876
300,25.34781813621521,0.1428551501977747,0.00272177696228028,0.0014123282432556192,0.00036712265014648455
310,26.096677541732788,0.14986914636494233,0.0026990013122558647,0.0012247605323791543,0.0003508777618408202
320,26.802194118499756,0.1366923670355051,0.0027454743385315,0.0011112952232360874,0.00032920742034912105
330,27.533583879470825,0.15025860523783588,0.0027177939414978073,0.0011436700820922875,0.0003471522331237794
340,28.300597667694092,0.12974949851657502,0.002712490558624274,0.0012101163864135784,0.00036297512054443384
350,29.038161516189575,0.1373894689006819,0.002654178142547614,0.0013445463180542041,0.00034609222412109353
360,29.800471782684326,0.1407912313427475,0.002675339698791512,0.0011582074165344272,0.00035293531417846674
370,30.5421724319458,0.15606862155799003,0.0026945285797119194,0.0012303695678710963,0.00034742832183837864
380,31.256361722946167,0.16967296037213855,0.002687909603118902,0.0011615624427795447,0.0003350152969360351
390,31.958695650100708,0.1526966108864531,0.0026777138710022018,0.001334353446960452,0.0003285517692565913
400,32.65038251876831,0.14331669295634003,0.0027328820228576718,0.001175034523010256,0.00032687044143676783
410,33.30708622932434,0.13829522900076813,0.0026908140182495197,0.0012636857032775912,0.0003098788261413574
420,33.96093726158142,0.1419295822798212,0.002720861911773685,0.0013157191276550336,0.00030775308609008793
430,34.60436940193176,0.158032716291434,0.0027075119018554732,0.0012808156013488815,0.0003010721206665038
440,35.268680810928345,0.14713114279669964,0.002696585655212409,0.001121931076049807,0.0003116602897644041
450,35.90085959434509,0.1390038438494532,0.0027224960327148526,0.001040015697479252,0.0003020758628845213
460,36.548478841781616,0.13250937027686446,0.002702916145324715,0.0010403289794921908,0.00030189847946167006
470,37.213075399398804,0.1334700131253762,0.0026963996887207084,0.0012434453964233442,0.0003112316131591797
480,37.84300994873047,0.16246211307939,0.0027332959175109914,0.0014299778938293493,0.0002962427139282226
490,38.52282190322876,0.12416665605303971,0.0026695408821106013,0.001268630504608158,0.0003138661384582518
500,39.16597509384155,0.14462287207347901,0.0026870183944702223,0.0012355399131774947,0.00029856538772583016
510,39.84524416923523,0.15409337038020834,0.002709318637847906,0.0011335229873657264,0.00031808567047119144
520,40.50254511833191,0.12580192384949315,0.002688289642333991,0.0010245175361633337,0.0003060336112976077
530,41.18516993522644,0.14613752101958075,0.002653959751129157,0.0011061511039733925,0.00032412815093994156
540,41.8921434879303,0.1208910608198099,0.0027603297233581613,0.0012881760597229046,0.0003390145301818849
550,42.56013774871826,0.1218985884114471,0.0026791372299194392,0.0011048569679260284,0.00031780910491943377
560,43.21656632423401,0.13870358790890847,0.002698733806610113,0.0015199818611145084,0.00030788946151733384
570,43.85425853729248,0.13769311089026265,0.002699427604675299,0.0013543758392334034,0.000297444820404053
580,44.49579429626465,0.14405052067608032,0.0026996049880981528,0.0012756319046020562,0.0002988247871398927
590,45.146331787109375,0.1467901879739732,0.0027385702133178778,0.0012741475105285678,0.00030239152908325176
600,45.77970004081726,0.15468653127925247,0.002681796550750738,0.001026526927948001,0.0002981233596801761
610,46.4297456741333,0.13819307577675816,0.002648391246795661,0.001132504940032962,0.00030057764053344736
620,47.07597374916077,0.16224341663737002,0.002741800785064705,0.0014529585838317916,0.0003021202087402348
630,47.711546659469604,0.1325112230249986,0.0027063007354736395,0.0013369450569152854,0.0002934236526489256
640,48.34290337562561,0.1474733664608281,0.0026995501518249556,0.00138892221450806,0.0002962408065795899
650,48.986562967300415,0.13564822721747943,0.0026466464996337934,0.001057561874389651,0.00029882192611694334
660,49.62443161010742,0.12433408629882756,0.0026885027885437084,0.0011036901473999061,0.0002976078987121584
670,50.24286127090454,0.133708010843373,0.0026521258354187077,0.0010306816101074239,0.00029175424575805656
680,50.889798641204834,0.12009104339882623,0.002713804721832284,0.0011584067344665566,0.00030007219314575186
690,51.517776012420654,0.15268238300747783,0.0027248697280883834,0.0014149222373962453,0.0003001537322998049
700,52.225067377090454,0.13908209413877232,0.002765420436859137,0.0010552182197570829,0.0003372707366943362
710,52.89458107948303,0.12884140826140617,0.0027409691810607976,0.0012152152061462448,0.0003150463104248047
720,53.530007123947144,0.13221675738024058,0.0027041416168212965,0.0011299700736999536,0.00029806470870971663
730,54.1989541053772,0.14612679716015975,0.002752994537353522,0.0010336103439331078,0.0003163385391235354
740,54.894524335861206,0.12369625051819373,0.0026938724517822353,0.0013138508796691933,0.0003315033912658691
750,55.56832814216614,0.12830737925109875,0.0027165789604187067,0.0012749586105346717,0.00032052087783813495
760,56.270280838012695,0.1507276810229213,0.0026453771591186588,0.0012075028419494657,0.0003308358192443847
770,56.962198972702026,0.11855575139383626,0.0026759743690490797,0.0011553988456726113,0.0003274350166320801
780,57.65122842788696,0.14438336062680027,0.002704325199127202,0.00120883131027222,0.0003244395256042481
790,58.342488050460815,0.14457227316014146,0.002670677661895759,0.0012392330169677768,0.0003333268165588384
800,59.02053928375244,0.13112314792326135,0.0027044563293457087,0.0013701839447021523,0.00032085895538330067
810,59.73635125160217,0.13372964079493452,0.0027078814506530818,0.0011580562591552769,0.00034008932113647447
820,60.45212936401367,0.15107040181726208,0.0026515293121337964,0.0010866255760192903,0.00033686590194702157
830,61.19363975524902,0.12977767084214836,0.0026941862106323313,0.0010933065414428743,0.0003518509864807127
840,61.89740180969238,0.13484297790228544,0.00270325613021851,0.0012999386787414594,0.000333669662475586
850,62.616265058517456,0.13049800619924698,0.002699612617492681,0.0014313316345214888,0.000340970516204834
860,63.32630467414856,0.15312424104271938,0.002740933418273931,0.001258733749389651,0.000341703414916992
870,64.03783941268921,0.14277062969023602,0.002735455989837654,0.0012606692314147982,0.0003396835327148436
880,64.8172881603241,0.12014660026203527,0.0026885523796081603,0.001159031391143803,0.0003724007606506349
890,65.57329058647156,0.1272760755177206,0.002755194664001471,0.0011382522583007844,0.00036338996887207007
900,66.35328388214111,0.13101395865326976,0.002647413730621343,0.0012745356559753463,0.00036653947830200215
910,67.11947202682495,0.11493375666268876,0.0026983938217163164,0.0010405240058898961,0.00036213636398315464
920,67.89768290519714,0.13406057866801047,0.002600257396698005,0.0011115813255310099,0.0003663864135742186
930,68.69658255577087,0.1228354427415566,0.002693777561187748,0.0011511631011962922,0.00038205146789550826
940,69.50223159790039,0.12919860737403588,0.0027125849723816002,0.0011821970939636267,0.000387027740478516
950,70.29217076301575,0.12065583322492168,0.002650076389312751,0.0011422133445739774,0.00037574720382690485
960,71.05878567695618,0.14643382444253034,0.0027748327255249067,0.0012778925895690955,0.00036607694625854516
970,71.83184766769409,0.12845489902721566,0.0026895031929016185,0.001350487709045414,0.0003674445152282714
980,72.61818265914917,0.1531383049971145,0.0026998057365417516,0.0012879171371460007,0.0003703813552856446
990,73.49794030189514,0.15397638886709014,0.0027473468780517614,0.0013807549476623584,0.0004222912788391112
1000,74.31304955482483,0.12847657871828677,0.002725788116455084,0.0012621974945068396,0.00038866472244262703