#=== ait_scratch_reduced_w10_10000b10000a ===
#
#Metrics:
#  Accuracy: 0.7717 | Macro Precision: 0.6709 | Macro Recall: 0.8886 | Macro F1: 0.7128
#  False Alarms: 42825 | False Alarm Rate: 0.2676
#  Missed Attacks: 204 | Detection Rate: 0.9928
#
#Per-Class Metrics:
#  [phase4] P=0.5835 | R=0.9995 | F1=0.7369 | 
#  [phase1] P=0.3669 | R=0.9914 | F1=0.5356 | 
#  [phase2] P=0.4583 | R=1.0000 | F1=0.6286 | 
#  [phase3] P=0.9474 | R=0.7200 | F1=0.8182 | 
#
#Confusion Matrix:
#         	      	      	      	Actual	      	      
#         	      	benign	phase4	phase1	phase2	phase3
#         	benign	117181	     3	   194	     0	     7
#Predicted	phase4	  4188	  5868	     0	     0	     0
#         	phase1	 38623	     0	 22383	     0	     0
#         	phase2	    13	     0	     0	    11	     0
#         	phase3	     1	     0	     0	     0	    18
i,time,loss,ground_time,compile_time,eval_time
10,1.4823567867279053,0.6002440904849209,0.0027115664482116743,0.00034007072448730477,0.00035790872573852504
20,2.9572865962982178,0.6637785311089829,0.0030694718360900946,0.00038541936874389676,0.000462995052337647
30,4.846724271774292,0.6496585307759233,0.0030411849021911657,0.00039123439788818373,0.0006819257736206048
40,6.178921699523926,0.6489984087413176,0.0028968901634216344,0.00036725711822509775,0.0002864842414855958
50,7.146015167236328,0.6524654340581038,0.0027656302452087455,0.0003567342758178711,0.0002582368850708008
60,8.238734483718872,0.6321281446027569,0.002855409145355226,0.00036665821075439496,0.00029870033264160127
70,10.02617859840393,0.6163723144796677,0.0029340605735778827,0.00038336229324340834,0.0004423031806945802
80,12.09116268157959,0.6029409832903184,0.0029526290893554753,0.00038573026657104506,0.000594836235046387
90,13.43367886543274,0.572067775845062,0.0029128274917602577,0.0003789610862731935,0.0003652329444885256
100,14.7003173828125,0.5509151733480394,0.0029553685188293466,0.0003784947395324709,0.0003336868286132811
110,15.974189758300781,0.5159916549921035,0.0028799204826355012,0.0003667635917663576,0.0003613023757934569
120,17.70623230934143,0.4756563227972947,0.0030349845886230484,0.0003813848495483398,0.0005678300857543943
130,19.588401556015015,0.420721382915508,0.0030330977439880407,0.00037190103530883783,0.0006623306274414064
140,21.487333059310913,0.39485633315052837,0.002932037830352787,0.0003890347480773927,0.0006012825965881351
150,23.37003445625305,0.39670588916633276,0.003047606468200686,0.00038241481781005847,0.0005970630645751953
160,25.251373291015625,0.3525379603379406,0.0030661516189575224,0.0003833470344543458,0.0006132373809814455
170,27.137306928634644,0.38009249335154893,0.0029312524795532236,0.0003766336441040039,0.0006052355766296382
180,28.952795028686523,0.3480008451733738,0.002906672477722172,0.0003781929016113284,0.0005954999923706057
190,30.816750288009644,0.35037252845941114,0.002952809333801271,0.00038300609588623073,0.000699155330657959
200,32.730151653289795,0.30686077633872627,0.0029436736106872577,0.00038332128524780286,0.0006305656433105471
210,34.63498544692993,0.322461876180023,0.0029868283271789558,0.00038811302185058584,0.000632874011993408
220,36.42776870727539,0.3362724569044076,0.003056484699249275,0.00037402772903442373,0.0005797724723815913
230,38.24138951301575,0.3452327396604232,0.002980155944824225,0.0003754367828369141,0.0005727787017822271
240,40.057021141052246,0.31564811324933545,0.0030270957946777395,0.00038445806503295906,0.0006121678352355958
250,41.87267303466797,0.33085515758721157,0.0029821820259094273,0.0003763713836669925,0.0006006870269775393
260,43.720595359802246,0.3176198133849539,0.0029542045593261767,0.000386271953582764,0.0006377110481262211
270,45.61856293678284,0.29350299601210283,0.003050164222717291,0.0003945875167846682,0.000674482345581055
280,47.4241259098053,0.3106342206941918,0.0029881939888000524,0.00038815546035766627,0.0006598453521728515
290,49.48090052604675,0.28256613811827264,0.0029366374015808113,0.0003896851539611819,0.0006153688430786137
300,51.147289991378784,0.32588410874595863,0.002999386787414557,0.00038661193847656255,0.0005493102073669435
310,53.185593128204346,0.35304542134981604,0.002961004734039313,0.0003734545707702637,0.0007173004150390628
320,55.036964654922485,0.3229895790864248,0.003058678150177004,0.0003852257728576663,0.0006129846572875974
330,57.05479645729065,0.34932072333758696,0.003008601188659669,0.00037399673461914094,0.0006452164649963382
340,58.889408826828,0.31870675227837636,0.003075663566589359,0.00038185453414917,0.0006288256645202628
350,60.754483461380005,0.3354296480072662,0.002979894161224372,0.0003712067604064942,0.000606786251068116
360,62.6414520740509,0.33996204830473287,0.003086717128753669,0.0004071707725524903,0.0006639695167541511
370,64.31295275688171,0.31146748329047114,0.002989705085754398,0.0003919782638549806,0.0005139975547790531
380,66.21401572227478,0.38601639575790614,0.0030949411392211957,0.00039343309402465845,0.0006747193336486817
390,68.03896188735962,0.3255672306520864,0.0029844021797180266,0.0003902616500854494,0.00061812686920166
400,69.21868920326233,0.3284457039204426,0.0029645857810974164,0.0003742809295654298,0.00036874675750732427
410,70.49549746513367,0.26435354087734597,0.00291964483261109,0.00037171936035156246,0.00038691902160644526
420,71.7068817615509,0.3292450793378521,0.0029006614685058623,0.0003787755966186524,0.0003679270744323729
430,72.93702864646912,0.3073827595973853,0.003000681400299074,0.00037749528884887666,0.000360703945159912
440,74.25643253326416,0.31695211548358204,0.002948599815368655,0.0003631010055541993,0.00041189813613891617
450,75.69803619384766,0.3100707619509194,0.0030039353370666538,0.00038261938095092787,0.0004385581016540526
460,77.11816501617432,0.2934571759251412,0.003019592285156255,0.0003867511749267582,0.0004304909706115724
470,78.504718542099,0.2966219841444399,0.002931084632873538,0.0003804941177368164,0.0004347043037414555
480,79.91883420944214,0.2909858679806348,0.003019975662231449,0.00037830781936645525,0.00046275901794433605
490,81.25913333892822,0.2784315040218644,0.0030228829383850144,0.00037891817092895497,0.0004313578605651859
500,82.6738269329071,0.2837051971000619,0.0029759821891784718,0.00037429332733154283,0.0004273686408996579
510,84.05349445343018,0.32549451937084084,0.003004600524902347,0.00038702821731567396,0.0004214134216308592
520,85.45747232437134,0.34229408274986783,0.0029847693443298398,0.00036650800704956073,0.0004199457168579105
530,86.84528183937073,0.35862430825945923,0.0029041919708251963,0.0003683209419250488,0.0004132070541381833
540,88.15613055229187,0.29938095243414864,0.0030655665397644094,0.00038639736175537123,0.00041859722137451187
550,89.5109543800354,0.29486663416028025,0.0029173469543457044,0.000376204490661621,0.00041762447357177783
560,90.80457639694214,0.2894907911424525,0.002959017276763921,0.0003836798667907716,0.0004030776023864746
570,92.1181390285492,0.31111530474736354,0.002917931079864507,0.00037247848510742193,0.00041107988357543934
580,93.42957592010498,0.3250523049966432,0.00299776601791382,0.00037481880187988304,0.0004110331535339357
590,94.75995397567749,0.31333007974899374,0.002934654712677007,0.00038394927978515627,0.0004226388931274413
600,96.06341123580933,0.3126668144017458,0.0028415532112121603,0.0003608517646789546,0.00042041301727294925
610,97.33804059028625,0.29035945010255093,0.0029589438438415595,0.00037054681777954116,0.00041258287429809577
620,98.6051082611084,0.326231191662373,0.0029871373176574767,0.0003787345886230467,0.00040529632568359395
630,100.33206677436829,0.28468304669950156,0.0028844342231750535,0.000370408058166504,0.0005087385177612305
640,101.59642195701599,0.34316235848818905,0.002946392059326177,0.00038622951507568374,0.00038962364196777367
650,102.73957777023315,0.3305031858908478,0.0030173778533935575,0.00037362909317016613,0.00035330677032470724
660,103.94471788406372,0.3008464549202472,0.002995592594146736,0.0003770804405212404,0.00035264301300048847
670,105.10240364074707,0.32732705925009214,0.003026412010192876,0.00037056112289428713,0.0003511538505554199
680,106.25567245483398,0.2859418382839067,0.0029028873443603543,0.00037356138229370137,0.00035033702850341766
690,107.46663856506348,0.2806352941610385,0.0029174194335937547,0.00037520599365234355,0.00035639715194702153
700,108.6361837387085,0.28547462323331274,0.0029380745887756347,0.0003770895004272463,0.0003480224609375001
710,109.80111122131348,0.26677573375345676,0.002936676025390628,0.0003771786689758302,0.00034725332260131844
720,110.95200562477112,0.27212691300082953,0.002991862297058108,0.00038174962997436555,0.00034860181808471713
730,112.08974623680115,0.2663045315304771,0.002984882354736333,0.0003815212249755859,0.0003450279235839842
740,113.2895941734314,0.28936449447937773,0.0029295048713684087,0.0003724770545959472,0.0003566679954528807
750,115.34600496292114,0.278491373360157,0.0029376211166381836,0.0003789086341857911,0.0007298812866210938
760,117.04917550086975,0.2941044260456692,0.0029221034049987794,0.0003715438842773436,0.0005082044601440428
770,119.24399042129517,0.30745148259447885,0.0029483842849731493,0.00038480234146118176,0.0021912722587585447
780,120.75466895103455,0.29263932139147075,0.002965044975280765,0.00038318300247192386,0.00044711685180664085
790,122.21531963348389,0.2930504785908852,0.0030351743698120177,0.00038396978378295906,0.00045148277282714864
800,124.7811119556427,0.2927891903440468,0.002979738235473637,0.0003816628456115723,0.0006532278060913084
810,126.77913236618042,0.29901979137794116,0.0029882526397705116,0.00038342666625976554,0.0006309289932250973
820,128.14489150047302,0.3000953906303039,0.0029879207611084022,0.00039164018630981443,0.0004418797492980957
830,129.43913197517395,0.2819194122945191,0.0030326747894287133,0.0003829517364501955,0.0004070911407470706
840,132.11538100242615,0.3124479541031178,0.0029933853149414083,0.00038356447219848623,0.0008069458007812504
850,134.36059713363647,0.26230517658405006,0.0030874009132385283,0.0003928027153015134,0.00076101541519165
860,136.309650182724,0.29565451231028417,0.0030620946884155334,0.0003889827728271486,0.0007129797935485837
870,138.54598116874695,0.3105646687676199,0.003017409801483155,0.0003806862831115726,0.0008008294105529787
880,140.69302606582642,0.24903172486810946,0.0029900326728820857,0.00037842512130737316,0.000783926963806152
890,143.17667698860168,0.26789784284192136,0.002997635841369634,0.0003824591636657715,0.0009200696945190431
900,145.24124431610107,0.2664829275716329,0.002957491874694826,0.0003835344314575197,0.000749170303344726
910,146.95090007781982,0.2620506547711557,0.0030088529586791996,0.0003836541175842284,0.0005380597114562994
920,148.6208381652832,0.27872667359188197,0.003072319984436039,0.00037773513793945313,0.000532812118530273
930,150.36663174629211,0.2934532878221944,0.0030142455101013236,0.00037921190261840847,0.0005424618721008301
940,151.9411337375641,0.2801028315909207,0.0029733495712280346,0.00037476444244384765,0.0004843826293945312
950,153.35404443740845,0.2662248430744512,0.0029584512710571316,0.00038125705718994145,0.0004558634757995607
960,154.6700406074524,0.3172517285333015,0.0030547266006469764,0.00038596773147582997,0.0003862977027893065
970,155.9061472415924,0.2876075344058336,0.002939159870147709,0.0003785243034362795,0.0003743014335632326
980,157.11542916297913,0.23842930658720435,0.0030170726776123083,0.0003929786682128908,0.00037006807327270516
990,158.45876741409302,0.2892517379135825,0.0029786458015441932,0.000384650230407715,0.0004039192199707031
1000,160.0445156097412,0.32802867438294925,0.002984595775604255,0.0003780736923217773,0.0004558377265930174
1010,161.52679181098938,0.27314374553679954,0.002915988922119144,0.00037360239028930663,0.0004632110595703124
1020,162.7578682899475,0.2810894086040207,0.0030481061935424877,0.00038325834274292013,0.0003865289688110351
1030,163.96300864219666,0.27355854330817236,0.0030292468070983935,0.000378349781036377,0.00038387918472290066
1040,165.12407803535461,0.27405876661941875,0.0030323500633239802,0.00038514137268066414,0.00036459970474243185
1050,166.32097125053406,0.2762407116460963,0.0029370899200439476,0.00037496042251586916,0.00037677383422851586
1060,167.51752185821533,0.2553045070380904,0.002990536212921144,0.0003850555419921876,0.00038612461090087877
1070,168.6201958656311,0.27860860312212027,0.0029602708816528385,0.0003810968399047854,0.00035323190689086885
1080,169.7065966129303,0.2946300339564914,0.003023261547088625,0.0003674850463867186,0.0003474392890930178
1090,170.8263816833496,0.2872542042794521,0.003013540267944344,0.00037733650207519536,0.0003610119819641113
1100,171.86874794960022,0.2856100105214864,0.003010266780853273,0.0003764824867248534,0.00032749843597412135
1110,172.94939589500427,0.2812456704079523,0.0029709901809692406,0.0003796582221984864,0.0003513789176940919
1120,173.9254388809204,0.2766755970806116,0.0030193514823913608,0.0003872447013854983,0.00031343221664428714
1130,175.23849391937256,0.2753137948078802,0.002927025318145754,0.0003764247894287113,0.0004305772781372067
1140,176.62890601158142,0.259711212394177,0.003054802417755133,0.0003817305564880372,0.0004907121658325196
1150,177.97497606277466,0.27968272905854974,0.0029870247840881364,0.0003830690383911133,0.00047243309020996116
1160,179.30852508544922,0.2628200400125934,0.002972682476043704,0.0003788447380065919,0.00047052812576293924
1170,180.6191258430481,0.2549458308014437,0.002993520259857181,0.0003842430114746096,0.00046451568603515645
1180,181.9252781867981,0.285042190621607,0.0030416870117187544,0.0003870549201965335,0.00045131063461303683
1190,183.67500519752502,0.27556470636482117,0.0029819068908691457,0.00037750196456909195,0.0005837464332580564
1200,186.0522482395172,0.2769661082464154,0.0029713530540466356,0.0003815088272094726,0.0008798251152038567
1210,188.3394796848297,0.25429902833566304,0.003043311595916754,0.00038172817230224595,0.000846000671386718
1220,190.69108986854553,0.2762630810204428,0.003019340991973882,0.0003759536743164065,0.0008530387878417963
1230,192.73096370697021,0.2538058101898059,0.003050826549530034,0.0003954849243164065,0.000745220184326172
1240,194.76854825019836,0.27756438889045965,0.002981235027313237,0.00038116216659545916,0.0007509098052978516
1250,196.867591381073,0.2437714356710785,0.0030206885337829637,0.00038363170623779296,0.0007824263572692863
1260,198.71960377693176,0.3039750747018843,0.003145288944244388,0.00038647270202636744,0.0006578054428100582
1270,200.6253526210785,0.261108656784927,0.0030349650382995625,0.0003840365409851075,0.0006977400779724125
1280,202.51422905921936,0.2799594421332586,0.0029352068901062076,0.0003703866004943848,0.0006888351440429688
1290,204.374657869339,0.28090580045682145,0.0029737434387207056,0.00037234592437744135,0.0006642646789550787
1300,206.2743103504181,0.23580177170370006,0.0028844923973083488,0.0003843650817871097,0.000684697151184082
1310,208.1012156009674,0.2597276424232405,0.002921506881713869,0.0003778891563415532,0.0006488938331604002
1320,210.12572026252747,0.2288024020876037,0.0029413065910339413,0.0003759207725524902,0.0007442698478698728
1330,212.00938773155212,0.26751936534856213,0.0029713268280029356,0.0003789110183715821,0.0006739912033081055
1340,213.97574710845947,0.2472849826197489,0.002963741779327397,0.0003811893463134765,0.0007110962867736814
1350,215.85101556777954,0.28492226355156164,0.0030627679824829146,0.0003865122795104985,0.0006683387756347655
1360,217.7306191921234,0.25914895042369607,0.002936073780059817,0.00037612724304199216,0.0006777081489562992
1370,219.72496891021729,0.25146425957937024,0.0029785189628601123,0.00038160371780395516,0.0007347841262817388
1380,221.6648199558258,0.25133321922039614,0.0029505691528320375,0.0003797631263732911,0.0007375836372375492
1390,223.3347873687744,0.2547784276350285,0.0030955061912536644,0.00038406372070312513,0.0005998911857604979
1400,224.9232850074768,0.2894760264549404,0.0029397363662719785,0.00036689281463623093,0.0005731868743896484
1410,226.43724608421326,0.24780548278649803,0.0029736170768737812,0.000382368564605713,0.0005228223800659179
1420,227.95523762702942,0.264840526363696,0.0029363803863525473,0.0003761944770812986,0.0005151090621948239
1430,229.42389702796936,0.27396217040804915,0.0030320239067077675,0.00039148139953613275,0.0005057387351989743
1440,230.8650782108307,0.22665957460558275,0.0028808255195617726,0.0003762850761413574,0.0004899234771728519
1450,232.2472186088562,0.25477706391829996,0.003012088775634772,0.0003831143379211428,0.00046853399276733387
1460,233.63918685913086,0.24230201047612354,0.0028974552154541035,0.00036842060089111356,0.00047222709655761724
1470,234.99490523338318,0.26615739350236256,0.002987384319305424,0.00038942337036132816,0.00045916891098022423
1480,236.3449831008911,0.2873953049056581,0.0029440698623657254,0.0003788566589355472,0.00046389722824096693
1490,237.72567772865295,0.2627489759484888,0.0030484070777893123,0.0003787431716918947,0.0004764046669006344
1500,239.05130815505981,0.24101884645351673,0.0030169291496276894,0.0003821225166320804,0.00044044446945190434
1510,240.37379813194275,0.2405933456656804,0.0030414781570434635,0.000379793643951416,0.0004597773551940922
1520,241.69895911216736,0.24381206730759003,0.003016524791717534,0.0003925366401672368,0.0004588327407836912
1530,243.05027866363525,0.23855144137633033,0.003040289878845223,0.0003811864852905275,0.0004518332481384283
1540,244.3745539188385,0.2616169483808335,0.002989476680755619,0.0003849153518676761,0.0004531397819519044
1550,245.7091064453125,0.25244926783211313,0.0029542608261108436,0.00037767124176025396,0.0004494256973266603
1560,247.05915355682373,0.2360457301037968,0.0030121231079101645,0.0003877687454223633,0.0004652271270751955
1570,248.43380451202393,0.2263398809824139,0.00297086715698243,0.0003770666122436525,0.0004625253677368156
1580,249.8224639892578,0.23055691357003524,0.002934192657470701,0.0003873286247253421,0.0004780211448669437
1590,251.21293187141418,0.26014379092812306,0.002837980270385748,0.0003632173538208005,0.0004768047332763672
1600,252.578542470932,0.2421020936468267,0.0029572768211364843,0.0003764209747314451,0.0004751081466674808
1610,254.0146963596344,0.2601463936807704,0.0030569400787353552,0.0003884115219116216,0.00048614168167114254
1620,255.46753334999084,0.2688145505817374,0.002890639305114749,0.00037001323699951174,0.0005027699470520018
1630,256.8999021053314,0.2326968456240138,0.0028770732879638697,0.0003726787567138675,0.0004975061416625975
1640,258.34929275512695,0.23517045516359403,0.0030094118118286143,0.00038200044631958043,0.0004974575042724607
1650,259.878324508667,0.22800256550544873,0.0028892641067504916,0.0003734035491943362,0.00053127384185791
1660,261.418879032135,0.25441851161753776,0.002982713699340826,0.00037900781631469737,0.000539056301116943
1670,262.95111179351807,0.2548082961774945,0.0029673533439636265,0.00038258790969848656,0.0005381150245666501
1680,265.0623450279236,0.24631138616678072,0.0029217753410339404,0.00038673973083496073,0.0007852110862731941
1690,266.9816188812256,0.21754993369408665,0.002974808216094974,0.00038379383087158204,0.0007005300521850582
1700,269.01190185546875,0.2020739801083856,0.0028758940696716377,0.00038401412963867166,0.0007330350875854501
1710,270.96366024017334,0.2421673194506603,0.0029651155471801813,0.00038096952438354493,0.0006988520622253418
1720,273.09898805618286,0.2415160167717587,0.0029748291969299363,0.0003690800666809084,0.0008061237335205076
1730,275.40954852104187,0.22902369385556084,0.002961818218231203,0.00036873579025268564,0.0008682546615600593
1740,277.47695207595825,0.25794761800366006,0.0029866476058959986,0.00037528800964355455,0.00076377820968628
1750,279.31869101524353,0.22270848258340264,0.0030352945327758825,0.0003827710151672365,0.0006486663818359377
1760,281.3067955970764,0.21474827946658478,0.002896936893463137,0.0003716325759887699,0.0007358827590942381
1770,283.54017663002014,0.25385795044276166,0.0030045337677001996,0.00038842439651489265,0.0008416819572448732
1780,285.5264539718628,0.22038584299166003,0.0029744977951049857,0.0003800520896911625,0.0007289657592773438
1790,287.3952693939209,0.25115437126369217,0.002926985740661624,0.0003788838386535643,0.0006720356941223142
1800,289.35484433174133,0.22615760564552892,0.0030361676216125494,0.00037409162521362356,0.0007052698135375979
1810,291.1512186527252,0.23079940785391956,0.003027029514312749,0.00039036464691162125,0.0006386170387268067
1820,292.9724380970001,0.2281829610481509,0.0029365067481994652,0.0003710246086120605,0.0006514334678649903
1830,294.6666808128357,0.209372802042477,0.0029452261924743676,0.0003785581588745118,0.0005862169265747073
1840,296.7078890800476,0.19253801695899353,0.002956909179687506,0.0003767504692077638,0.0007442102432250976
1850,298.6261775493622,0.21964824750493075,0.0031002178192138705,0.00038723754882812516,0.0007009668350219731
1860,300.53177785873413,0.24163864864531207,0.0029648165702819856,0.00037126255035400404,0.0006811041831970207
1870,302.45976638793945,0.212215002978337,0.0029886741638183666,0.0003795313835144044,0.0006977963447570804
1880,304.32085609436035,0.22503662023823026,0.0029441118240356506,0.000375899314880371,0.0006666073799133293
1890,306.2180812358856,0.22089461305599442,0.002941743850708012,0.00038114976882934573,0.000685260772705078
1900,307.9959669113159,0.1953119461904862,0.0029982872009277376,0.00038174247741699213,0.0006318621635437007
1910,309.8488709926605,0.25118773726862853,0.0029670047760009793,0.0003734784126281739,0.0006641039848327637
1920,311.73396921157837,0.2101754172808306,0.0030567922592163147,0.0003770618438720709,0.0006670131683349614
1930,313.781302690506,0.21349511781035485,0.0029004082679748556,0.00037578582763671877,0.0007564806938171389
1940,315.585812330246,0.23115244417276698,0.0029393706321716364,0.0003760848045349124,0.0006353878974914556
1950,317.7343113422394,0.20727682139113313,0.0030317864418029847,0.00037693166732788067,0.0008093190193176265
1960,319.92403984069824,0.20456094831461086,0.002886618137359626,0.0003830528259277346,0.0008118929862976073
1970,322.0055339336395,0.22570763171256303,0.0030577859878540073,0.00040478086471557636,0.0007837438583374026
1980,324.02049946784973,0.23083823648194085,0.0029229712486267146,0.00038042259216308603,0.0007441372871398921
1990,326.0811400413513,0.21658745255117537,0.00296695709228516,0.00038146972656250016,0.0007654500007629391
2000,327.8950021266937,0.23823254966897056,0.0030149259567260767,0.0003866825103759765,0.000658888339996337
2010,330.07913517951965,0.20214110056695062,0.002938313007354738,0.0003785271644592286,0.000801302433013916
2020,331.92478823661804,0.23933637993537094,0.002912809371948244,0.0003753705024719239,0.0006519374847412105
2030,333.70270347595215,0.21648792392389832,0.0029588866233825712,0.00039182138442993227,0.0006259264945983887
2040,335.54386806488037,0.1809052228151334,0.0029581360816955614,0.00037811565399169933,0.0006737003326416015
2050,337.3626127243042,0.2263333317767467,0.002937794208526614,0.00038020992279052754,0.0006696825027465826
2060,339.1357386112213,0.19524177650679406,0.0029918045997619695,0.0003760290145874023,0.0006430130004882813
2070,341.1976411342621,0.19505382933735235,0.0029317116737365726,0.000372037410736084,0.0007743244171142567
2080,342.9605448246002,0.24698234840733463,0.003064260005950935,0.0003806557655334477,0.000647158145904541
2090,345.0741934776306,0.21986187203501045,0.002896277427673344,0.00036380767822265616,0.0008317832946777345
2100,346.9330289363861,0.23011241127827087,0.002917469501495366,0.0003719625473022463,0.0007096648216247561
2110,348.90060210227966,0.20220170124249873,0.0029690017700195366,0.0003845553398132326,0.0007740178108215331
2120,350.5944924354553,0.21810109860405866,0.0029555430412292493,0.00037832307815551734,0.0006404948234558105
2130,352.1745092868805,0.222157189485449,0.0029366898536682166,0.0003807053565979009,0.0005592021942138665
2140,353.6636884212494,0.21996736719981072,0.0031307535171508855,0.000396171569824219,0.0005366282463073731
2150,355.21477031707764,0.1839963177259643,0.003001940727233887,0.00037408399581909194,0.0005608744621276855
2160,356.6637861728668,0.19745391489616376,0.0029753899574279847,0.0003793992996215822,0.0005220475196838379
2170,358.14358854293823,0.20964062243210252,0.0030824055671691926,0.0003792276382446292,0.0005310697555541991
2180,359.5477674007416,0.18761082368459067,0.0029706811904907297,0.0003928871154785154,0.0005172209739685057
2190,361.0358271598816,0.21429425655235912,0.003037507534027102,0.000374701499938965,0.0005419282913208007
2200,362.53182077407837,0.2169289681020518,0.0029458093643188513,0.0003739233016967775,0.0005575351715087893
2210,364.0636293888092,0.22195336989866696,0.002914357185363772,0.00037541913986206067,0.0005716333389282225
2220,365.63831400871277,0.22587144512584656,0.003086380481719977,0.00038167762756347674,0.0005808243751525877
2230,367.1177394390106,0.198785170435335,0.0030471367835998597,0.00038509130477905296,0.0005480403900146481
2240,368.52245807647705,0.1843526218284404,0.003013628005981447,0.0003838753700256352,0.000511195182800293
2250,369.8968753814697,0.20172528116642327,0.00296675634384156,0.00038110637664794925,0.0004873509407043458
2260,371.26942920684814,0.23344907329101963,0.0030046682357788104,0.00037925243377685564,0.0004913768768310547
2270,372.6442971229553,0.22184708645670703,0.003048768997192386,0.00037580776214599614,0.0004895629882812498
2280,374.0097334384918,0.18301820412183134,0.0029013271331787146,0.00037389230728149427,0.0004906811714172365
2290,375.3929831981659,0.21236209090780886,0.00299975919723511,0.00038339138031005896,0.0005006499290466311
2300,376.7801835536957,0.18011041806571088,0.0029690566062927294,0.0003958039283752439,0.0005009498596191401
2310,378.1632754802704,0.19922029908639205,0.0028967652320861857,0.0003765912055969236,0.0004967145919799804
2320,379.52187180519104,0.22094764101387168,0.0030561256408691458,0.00038173246383667027,0.000492920398712159
2330,380.9605619907379,0.2017428600704468,0.002964852809906008,0.0003783383369445801,0.0005304770469665529
2340,382.45605182647705,0.20552661423036475,0.0030134277343750035,0.00038333368301391623,0.0005561165809631348
2350,383.9532165527344,0.2246177094122029,0.003031148910522465,0.00037580633163452145,0.0005800518989562989
2360,385.64002990722656,0.18355670058084947,0.0029186925888061515,0.00038105630874633823,0.0006521830558776852
2370,387.3840329647064,0.17688332047969835,0.002890112876892092,0.00037668657302856453,0.0006728701591491693
2380,388.9917793273926,0.20335636813416208,0.002955789089202886,0.00036951112747192385,0.0006166796684265132
2390,390.709849357605,0.18811383198376574,0.0030478181838989307,0.0003769488334655764,0.000666245460510254
2400,392.78818106651306,0.22398538101620438,0.003005752086639409,0.0003812456130981445,0.0008281598091125482
2410,394.63841009140015,0.18205066759329394,0.002975811004638674,0.00038451576232910196,0.0007283663749694826
2420,396.51099848747253,0.19516286877658795,0.0030724573135376054,0.0003872756958007813,0.000733080863952637
2430,398.178026676178,0.2032442466047319,0.0028802690505981485,0.0003769707679748536,0.0006335954666137696
2440,399.8376934528351,0.20830860354671227,0.002839512348175055,0.0003740687370300293,0.0006448516845703128
2450,401.81375765800476,0.23673879501890432,0.002990122318267823,0.00038484573364257836,0.0007874245643615729
2460,403.59421038627625,0.1970521458308852,0.003016421318054202,0.0003910574913024905,0.0006894373893737787
2470,405.29220819473267,0.21825590037779574,0.0030622572898864786,0.00038557004928588875,0.0006407189369201656
2480,407.26355719566345,0.19110448506944483,0.0031290416717529345,0.0003854460716247561,0.0007740712165832523
2490,409.18164134025574,0.21750204410078244,0.0029882516860961924,0.0003891458511352542,0.0007748465538024905
2500,411.0859868526459,0.18757219424388494,0.002975889682769778,0.0003779726028442384,0.0007525601387023924
2510,413.01717352867126,0.21536315697728745,0.002958977222442631,0.0003782243728637696,0.0007852783203125002
2520,414.79974150657654,0.21036061171929368,0.003049664020538333,0.0003807396888732909,0.0007004342079162595
2530,416.50567603111267,0.2117513006421387,0.002862917900085453,0.0003826060295104979,0.0006771798133850104
2540,418.16930174827576,0.18646601386204592,0.0029837613105773955,0.0003820333480834962,0.0006468148231506349
2550,420.0512533187866,0.192597455763076,0.003011921405792241,0.0003726391792297364,0.0007626600265502923
2560,421.76600646972656,0.1830818862901418,0.002951603412628179,0.0003739256858825683,0.0006639852523803711
2570,423.65864968299866,0.21249716611004493,0.0030971155166626013,0.0003871107101440432,0.000752730369567871
2580,425.39794087409973,0.19822355483165677,0.002932384967803959,0.0003846631050109864,0.0006733403205871581
2590,427.46252393722534,0.18783439417659614,0.0030072126388549854,0.00038257360458374037,0.0008670077323913575
2600,429.3875606060028,0.23609429818530106,0.003011691093444832,0.000373417377471924,0.0007585921287536623
2610,431.17262053489685,0.23155470311145931,0.0029674391746521015,0.0003705825805664064,0.0007021336555480962
2620,432.79335594177246,0.22434243727871156,0.0030614328384399466,0.00037927818298339844,0.0006273298263549808
2630,434.2446792125702,0.19275445334746028,0.002975289821624759,0.0003782782554626467,0.0005451231002807612
2640,435.6170151233673,0.2048946212173563,0.0029571542739868176,0.00037347698211669935,0.0005107741355895997
2650,437.0962450504303,0.20222620961716017,0.0030007100105285687,0.0003782281875610353,0.000531218528747559
2660,438.5031921863556,0.1844123415406256,0.0029570589065551823,0.0003861308097839357,0.0005256514549255374
2670,439.9832515716553,0.21872330651715383,0.0029375734329223683,0.00037242555618286134,0.0005811977386474611
2680,441.45008850097656,0.19513910950077407,0.003039267063140873,0.0003852386474609377,0.0005446553230285644
2690,442.9489064216614,0.19254603601413037,0.0029992132186889694,0.0003812160491943362,0.0005549945831298829
2700,444.5049948692322,0.19646093191791175,0.00294204473495484,0.00038162946701049796,0.0006036205291748055
2710,446.0199272632599,0.18075547021730806,0.002904684543609621,0.0003718209266662597,0.0005699005126953126
2720,447.6723117828369,0.18673152749612623,0.0029433856010437024,0.00038742256164550794,0.0006403884887695307
2730,449.2229940891266,0.19683130535194132,0.0029592080116271962,0.00037454032897949233,0.0005845441818237297
2740,451.08239817619324,0.2065835307575071,0.002999749183654791,0.0003817329406738281,0.0007574982643127444
2750,452.74472308158875,0.17120839468620228,0.0029278426170349127,0.00037668752670288086,0.0006525583267211921
2760,454.5184278488159,0.20152475032413095,0.0030697803497314493,0.00038272619247436534,0.0007021284103393558
2770,456.20843601226807,0.2216363638382556,0.0030428814888000524,0.00037475824356079126,0.0006572318077087411
2780,457.95156741142273,0.20853289399014407,0.0029311127662658707,0.00038404369354248053,0.0007013874053955074
2790,459.538871049881,0.19836073554412764,0.002884636402130135,0.00036801099777221673,0.0006296892166137699
2800,461.2936806678772,0.21482347896821313,0.003000881671905521,0.0003844318389892578,0.0007047801017761228
2810,463.03840231895447,0.15470585806584897,0.002910369873046879,0.0003781685829162599,0.0006953058242797854
2820,464.6922228336334,0.17653588045872293,0.0029892015457153357,0.00037592220306396473,0.0006356792449951174
2830,466.4746849536896,0.19048096458070707,0.002938213825225835,0.0003831939697265623,0.0007266879081726066
2840,468.24753165245056,0.18157144528165964,0.0029058451652526846,0.00037957477569580103,0.0007329335212707521
2850,470.11614179611206,0.17603846691505,0.0030077219009399464,0.0003860020637512212,0.0007781834602355964
2860,471.9043972492218,0.1673561069117252,0.0029831781387329166,0.0003895344734191895,0.0007269101142883301
2870,473.49310302734375,0.19681415507096725,0.00307623291015625,0.00038665962219238314,0.0006140284538269045
2880,475.1025366783142,0.17103072114189757,0.0030161986351013225,0.00038594770431518607,0.0006136736869812012
2890,476.67913269996643,0.2454248775855327,0.0030220694541931194,0.00038045263290405293,0.0006061930656433108
2900,478.38651609420776,0.20714331890036447,0.0029989967346191445,0.00037751483917236324,0.0006701254844665527
2910,480.00812816619873,0.19668664601133862,0.0028822674751281772,0.0003763628005981446,0.0006413350105285643
2920,481.7417688369751,0.20088582303608157,0.0029968757629394585,0.0003849930763244626,0.0006979269981384269
2930,483.3143048286438,0.16459860690612513,0.002944735050201421,0.0003819041252136231,0.0006222996711730965
2940,485.02253699302673,0.18497888728930922,0.0030130414962768596,0.0003742899894714356,0.0006810917854309086
2950,486.66385555267334,0.20197125436111457,0.0029367890357971252,0.0003736252784729005,0.000643848896026612
2960,488.5294280052185,0.1803187580135588,0.002990851879119876,0.0003796343803405765,0.0007295031547546384
2970,490.3320369720459,0.18500665710458594,0.00295909214019776,0.00037502336502075195,0.0007086768150329586
2980,492.10040855407715,0.16550070142420692,0.0029526348114013714,0.0003804793357849121,0.0007371964454650875
2990,493.850040435791,0.16751777217066077,0.0029339480400085477,0.0003832354545593265,0.0006952252388000489
3000,495.65825271606445,0.15970567249826087,0.002924467086791994,0.00037943124771118187,0.0007396602630615235
3010,496.81279945373535,0.19214188371420637,0.0029682583808898944,0.0003709044456481936,0.0003896956443786621
3020,497.9170958995819,0.19535514647522903,0.003015172004699711,0.00038123273849487296,0.0003926134109497067
3030,499.01651096343994,0.2032386809100013,0.002982163429260259,0.0003707699775695802,0.0003828558921813958
3040,500.1801824569702,0.18118641842636785,0.0029381194114685098,0.0003735466003417967,0.0004125404357910157
3050,501.2666928768158,0.18195084674586354,0.002900254249572758,0.00037450075149536143,0.00039415502548217804
3060,502.3448488712311,0.1996152787537159,0.0030722184181213403,0.00038851594924926765,0.0003945775032043455
3070,503.32300901412964,0.18098811877319593,0.00296783542633057,0.0003767075538635255,0.0003459134101867675
3080,504.4047763347626,0.16398873536647757,0.002982195854187017,0.0003781719207763671,0.00038843393325805676
3090,505.3955295085907,0.19877680664187122,0.0029508399963378952,0.00039032602310180674,0.00035339927673339836
3100,506.40587615966797,0.19429042693557028,0.002877740383148194,0.000373321533203125,0.00035856246948242205
3110,507.4072678089142,0.20042820403059286,0.0028925619125366236,0.0003729443550109865,0.0003502449989318848
3120,508.449613571167,0.21570957873574578,0.003024477958679203,0.00037558746337890614,0.0003677058219909668
3130,509.4708228111267,0.19140217760464032,0.002947100639343268,0.0003801631927490237,0.00036356592178344725
3140,510.45135021209717,0.17913700972877453,0.003005134582519536,0.0003811721801757812,0.00034456968307495156
3150,511.5507757663727,0.20136964773545613,0.0029418182373046925,0.0003795642852783206,0.0003829736709594725
3160,512.6365656852722,0.17229787292236626,0.003028065681457518,0.0003952493667602543,0.0003719263076782225
3170,513.6302373409271,0.20108646964573965,0.0030258011817932196,0.0003830862045288085,0.00035317468643188496
3180,514.6455957889557,0.18304438411559693,0.0029106850624084505,0.0003702507019042968,0.0003587646484375002
3190,515.626229763031,0.15042236065087877,0.002944854259490974,0.00037592315673828144,0.00034511375427246087
3200,516.8984372615814,0.15845999608612382,0.0028976874351501485,0.00038507127761840815,0.00044463825225830097
3210,518.1038672924042,0.20253469297946308,0.0029865951538085938,0.00038512277603149417,0.00043837070465087876
3220,519.2185032367706,0.17124936393598464,0.002972483158111578,0.00037361669540405287,0.0003991665840148928
3230,521.6682486534119,0.21325880570980565,0.0029917459487915046,0.00037870073318481477,0.0009758400917053228
3240,525.0556490421295,0.18644053087720902,0.0028977494239807184,0.00037360191345214855,0.0013770174980163587
3250,528.1725852489471,0.1914337330321146,0.0029708852767944367,0.0003814325332641601,0.0012265787124633794
3260,531.5164701938629,0.19172475226497726,0.0029218511581420898,0.00037290287017822276,0.0013068628311157225
3270,534.4812843799591,0.18670187029384933,0.0030160517692565995,0.00037929582595825197,0.0011539216041564944
3280,537.5500919818878,0.18196628362063375,0.0030220823287963956,0.0003854546546936036,0.0012004356384277344
3290,540.9451012611389,0.19833334358917948,0.0030100579261779837,0.00038606071472167987,0.0013199157714843743
3300,544.4157910346985,0.1893493789525068,0.0029644389152526894,0.0003780641555786133,0.00133691644668579
3310,547.6907806396484,0.20133109454939496,0.0029772710800170937,0.0003699507713317873,0.0012548356056213377
3320,550.8631861209869,0.19128297797394514,0.0030169286727905298,0.00038653039932250985,0.001240845680236817
3330,554.1662447452545,0.17114457394202534,0.0029750065803527846,0.00038359689712524415,0.0013037052154541023
3340,557.4727563858032,0.19564076226271876,0.0029730286598205575,0.0003734312057495119,0.0012773861885070803
3350,560.6023361682892,0.15762922586880662,0.003007452011108404,0.00038682651519775414,0.001296430110931396
3360,564.1119832992554,0.2151369189081001,0.003074663639068605,0.0003822922706604007,0.0013447275161743168
3370,567.346339225769,0.19027577398751835,0.0030214638710022003,0.000380551338195801,0.0013105463981628416
3380,570.745751619339,0.1779979503934996,0.002978976249694826,0.0003842625617980961,0.0013534159660339366
3390,573.9880816936493,0.18876732287556447,0.002908311843872074,0.00037331295013427745,0.0013205766677856442
3400,576.7384514808655,0.21319112544838653,0.0031222004890441935,0.00038512372970581066,0.0011247868537902846
3410,578.4748659133911,0.18020862278275468,0.0029721589088439956,0.00038271379470825213,0.0006969351768493655
3420,580.206978559494,0.18856069515220492,0.0030074081420898486,0.0003853173255920414,0.000682621955871582
3430,582.3696055412292,0.1915279288372383,0.0030902566909790123,0.00039825916290283216,0.0008278288841247556
3440,585.5536015033722,0.15882020575060238,0.0029520630836486856,0.00037445259094238275,0.0012973737716674813
3450,588.8853724002838,0.1932785615139508,0.0029782772064209013,0.00038069534301757817,0.0012993721961975092
3460,592.0936381816864,0.18290787632477273,0.003013743400573737,0.0003921322822570799,0.0012994942665100102
3470,595.202347278595,0.18060891193343626,0.0029746522903442416,0.00037907314300537133,0.00127848243713379
3480,598.3533504009247,0.19480092493179457,0.0029897642135620164,0.00038302946090698224,0.0012946276664733895
3490,601.0247716903687,0.19594226530638562,0.002937922477722172,0.0003881072998046875,0.0011448616981506341
3500,602.3229441642761,0.17439472026991037,0.002991153240203863,0.0003766140937805177,0.00048696899414062535
3510,604.0251529216766,0.18894356092593095,0.003009904861450201,0.0003822340965270999,0.0006030616760253902
3520,605.5887186527252,0.17424462517761877,0.003107902050018314,0.0003903651237487794,0.0005606718063354493
3530,606.7288813591003,0.18191043574763116,0.0030085225105285643,0.00038824939727783223,0.0004225697517395022
3540,607.7984261512756,0.19381054612120302,0.0029804940223693895,0.00037757682800292975,0.0004019212722778322
3550,609.0912897586823,0.1722199849533626,0.003038635253906253,0.00037751531600952175,0.0004792156219482425
3560,610.1958677768707,0.19490028874978121,0.0029600253105163607,0.0003658790588378907,0.0004008522033691407
3570,611.3635215759277,0.22608324707958255,0.0030416750907897964,0.00039115905761718763,0.00044016218185424837
3580,612.7823030948639,0.18319492990519287,0.0030885429382324255,0.00038000535964965835,0.0005242967605590819
3590,614.3754653930664,0.1899958518824808,0.0030156288146972717,0.0003789548873901369,0.0005603284835815428
3600,616.0416522026062,0.19453301021932126,0.0030327792167663624,0.0003910121917724611,0.0005711522102355951
3610,617.2268443107605,0.18896604476767828,0.0030235595703125033,0.00038186264038085957,0.0004389533996582031
3620,618.4271805286407,0.19240503626036282,0.0030034179687500008,0.0003781590461730958,0.00044574594497680676
3630,619.6117091178894,0.1804693519323868,0.0028996052742004427,0.0003796744346618652,0.0004508800506591794
3640,620.7529036998749,0.20422462160103513,0.003018253326416019,0.00037605428695678745,0.00042743873596191384
3650,621.8574688434601,0.1923080579936798,0.00294476699829102,0.00038071346282958984,0.0004147615432739256
3660,622.9192922115326,0.18518298362065516,0.002930123805999759,0.00038825225830078143,0.0003974924087524416
3670,623.9897508621216,0.20275204625656068,0.0029793782234191946,0.00037841176986694335,0.00040309572219848625
3680,625.0980982780457,0.18106088555782343,0.0030212116241455085,0.0003813462257385255,0.0004073262214660642
3690,626.1599020957947,0.1874347713151886,0.002868944168090825,0.0003752927780151365,0.00039269590377807645
3700,627.2493295669556,0.17704871901408165,0.003136262893676763,0.0003835363388061524,0.00039629030227661123
3710,628.3078329563141,0.17507656910889963,0.002947232246398929,0.00037928915023803696,0.0003949427604675296
3720,629.4032506942749,0.2096969558938621,0.003007975101470952,0.00038224506378173827,0.00040418100357055676
3730,630.5353283882141,0.19903785193085738,0.003024332046508794,0.000377760410308838,0.0004243636131286615
3740,631.6679558753967,0.1672530698622582,0.003019443035125737,0.00038769912719726577,0.0004200515747070314
3750,633.0077278614044,0.18071809804155206,0.002914835453033448,0.0003746395111083985,0.0004833588600158691
3760,634.2396793365479,0.20290810476588095,0.0029061670303344752,0.0003865132331848143,0.0004551568031311041
3770,635.3707880973816,0.18388985941573527,0.002958391189575201,0.0003679680824279784,0.0004251360893249512
3780,636.7253286838531,0.17521182611654157,0.002966138839721684,0.0003746128082275391,0.000476023197174072
3790,638.2959599494934,0.1485863028609639,0.0029716763496398955,0.0003890061378479002,0.0005504283905029296
3800,639.4524705410004,0.163529684121971,0.003013915061950686,0.00038647413253784185,0.0004247555732727051
3810,640.5362966060638,0.21069735783280885,0.002899126052856451,0.0003758869171142579,0.0003882899284362792
3820,641.6181917190552,0.1906639188510782,0.003103198051452643,0.0003799633979797363,0.0003897604942321779
3830,642.756010055542,0.15593311067768256,0.002911206722259522,0.00037341213226318364,0.0004318084716796875
3840,643.826717376709,0.1712304421260184,0.002918261528015144,0.0003788633346557618,0.00039668416976928745
3850,644.9525442123413,0.1872845922412411,0.0029250955581665078,0.0003687686920166017,0.00041702699661254875
3860,646.0115673542023,0.1549684563040206,0.0029027633666992214,0.00037556982040405293,0.00039359760284423865
3870,647.3835217952728,0.219553660382985,0.002980112552642828,0.00038460588455200217,0.0004902186393737796
3880,648.6155314445496,0.17437439126890322,0.0029652400016784717,0.0003792223930358888,0.00045676851272583003
3890,650.2301816940308,0.17147748925417278,0.003091305255889894,0.00038772869110107453,0.0005730957984924313
3900,651.7801399230957,0.1802347009530692,0.0029470629692077656,0.00037881422042846676,0.0005406813621520999
3910,652.9331321716309,0.16126177963530475,0.0028794450759887713,0.0003803658485412598,0.00043404817581176806
3920,654.3812892436981,0.15185980439251254,0.00285003662109375,0.0003815422058105472,0.0005195698738098139
3930,655.6658797264099,0.16146062995965266,0.003004271507263188,0.000378612995147705,0.00048644971847534206
3940,656.8287992477417,0.2427461412906357,0.0029154686927795456,0.00037576580047607444,0.0004300012588500979
3950,657.9625399112701,0.19362248130263837,0.002947025299072269,0.00037520790100097653,0.0004216923713684084
3960,660.0660445690155,0.16331031538376573,0.003000201702117926,0.00037775087356567395,0.0006772937774658209
3970,661.3167340755463,0.2003977604199955,0.002972807884216311,0.0003689289093017577,0.0004690122604370119
3980,662.4195556640625,0.18394044082220765,0.002950828552246096,0.0003838624954223633,0.0004244976043701167
3990,663.7847218513489,0.17718482930507756,0.002923299312591558,0.000375216007232666,0.0005016880035400391
4000,665.3112032413483,0.19140696711639502,0.002977536678314215,0.00037411451339721676,0.0005563039779663082
4010,668.4636569023132,0.18145075249207643,0.0029963293075561544,0.00038850021362304694,0.001252503395080566
4020,671.4136893749237,0.14057532430319625,0.0029625568389892586,0.0003814415931701662,0.001222132205963135
4030,674.4590268135071,0.16419879859579617,0.0029908604621887254,0.0003817667961120606,0.0012345552444458004
4040,677.7341377735138,0.2086324804167567,0.0029808678627014163,0.0003814072608947756,0.001322250843048095
4050,680.7860174179077,0.15914720828569212,0.002968977928161628,0.0003775043487548831,0.0012562065124511709
4060,683.8930342197418,0.17534156477100876,0.0030248336791992235,0.00038768053054809596,0.001274306774139404
4070,687.104001045227,0.19086856333466676,0.002994884967803961,0.0003808073997497557,0.0013078370094299315
4080,690.3112690448761,0.18726080609514756,0.0030146722793579156,0.00038402795791625955,0.001296549797058106
4090,693.6641244888306,0.15657679693781218,0.003026491165161138,0.0003859701156616213,0.00135718059539795
4100,696.9300050735474,0.16545560131747394,0.002958305835723883,0.0003786678314208986,0.0013090920448303213
4110,700.7191076278687,0.19905550496783522,0.0029813485145568836,0.00038492155075073276,0.0014757981300354012
4120,704.4328255653381,0.17951632908899537,0.002944873809814457,0.0003746843338012699,0.0014339919090270994
4130,708.2521965503693,0.1790663089980829,0.0030459671020507833,0.0003855671882629396,0.001472918033599855
4140,712.0305767059326,0.1632344793353462,0.002911613941192629,0.0003653569221496582,0.0014419794082641607
4150,715.6127960681915,0.18358775497066196,0.0029006490707397465,0.0003710551261901857,0.0014147553443908693
4160,718.9407503604889,0.18295592705204147,0.0030044422149658233,0.00038583135604858395,0.0013304138183593756
4170,722.5501642227173,0.19701521911668154,0.0029178872108459497,0.0003754615783691407,0.0014140615463256842
4180,725.8717043399811,0.18072248892729187,0.00309027814865113,0.0003862085342407227,0.0013138294219970706
4190,729.2032079696655,0.1685718379344799,0.0029975652694702185,0.00037237453460693367,0.0013346047401428212
4200,732.5163078308105,0.20237902314077352,0.0029654703140258843,0.0003740458488464355,0.0013234443664550794
4210,735.8030364513397,0.1943384827186727,0.0029339718818664614,0.0003735961914062497,0.0013074460029602066
4220,739.3552503585815,0.21657515402259042,0.0029853930473327708,0.00038174438476562523,0.0013672857284545907
4230,742.414924621582,0.17908386741941404,0.002879793167114259,0.0003755273818969725,0.0012278790473937988
4240,745.4281225204468,0.17510929199877606,0.0029157819747924855,0.0003742532730102539,0.0012200989723205567
4250,748.734335899353,0.20925498681812385,0.003105784893035892,0.00037881851196289076,0.0012760953903198243
4260,751.8728566169739,0.1823136741036698,0.0030168814659118698,0.0003763089179992679,0.001247684001922609
4270,755.1336517333984,0.17561685544402333,0.002958129405975344,0.000365236282348633,0.0012967181205749529
4280,758.5892486572266,0.17102467028362978,0.0029683909416198745,0.00038355541229248064,0.001379358768463135
4290,761.8559081554413,0.18744225506792916,0.0029644827842712452,0.0003737010955810548,0.0013268823623657235
4300,765.3679330348969,0.21788810409082604,0.003034346580505374,0.00037586355209350616,0.0013730735778808606
4310,768.7859723567963,0.18842576032421215,0.0030632534027099654,0.0003850083351135254,0.0013583803176879887
4320,772.2200272083282,0.18913171588063987,0.0030032582283020066,0.0003843970298767091,0.0013745059967041025
4330,775.9069893360138,0.16147412836958439,0.002990485191345216,0.0003800225257873537,0.001463558673858644
4340,779.4958488941193,0.1666421510463701,0.0028832545280456554,0.00036994981765747076,0.0014293851852416992
4350,782.5871329307556,0.16698112783063698,0.002980980873107914,0.00038919734954834007,0.0012501158714294425
4360,785.8825151920319,0.16615124782724536,0.0029547567367553765,0.00037378215789794935,0.0013397250175476068
4370,789.1508150100708,0.1796005207845123,0.0029509510993957553,0.0003851461410522461,0.001333449840545653
4380,792.6190919876099,0.19606092373835504,0.0029882435798645047,0.0003790216445922852,0.0013871641159057628
4390,796.0715126991272,0.17555550615646187,0.0030004677772522016,0.0003804397583007813,0.0013813996315002446
4400,799.6618182659149,0.2135886545257928,0.003010808944702154,0.0003795166015625,0.001405957221984862
4410,802.9752266407013,0.16555268289405725,0.002922560214996347,0.0003775706291198727,0.0013406744003295892
4420,806.5401940345764,0.1835334107539663,0.0029978790283203176,0.0003851466178894043,0.0014249768257141116
4430,809.6080129146576,0.18529578475839553,0.0029096512794494667,0.00037497043609619135,0.001278535842895509
4440,812.6439666748047,0.17376511446130885,0.002922257423400882,0.00037533426284790046,0.0012596540451049803
4450,816.033745765686,0.17669085888119068,0.002968808650970463,0.0003844642639160154,0.0013598227500915521
4460,819.4860849380493,0.17549832224808054,0.002966716766357428,0.00037730312347412134,0.0013577723503112797
4470,822.8950617313385,0.17378980608427153,0.0028898763656616247,0.0003705334663391113,0.0013537259101867678
4480,826.28289270401,0.18081919267733268,0.0029498400688171443,0.000385344982147217,0.001316714286804199
4490,829.6617980003357,0.18356218857395717,0.00297117948532105,0.00037141752243041997,0.0013250503540039066
4500,832.780604839325,0.19539260969232503,0.0031025304794311576,0.00039515495300292944,0.0012642979621887204
4510,836.0647644996643,0.18908589522995078,0.0030193471908569326,0.00038635158538818395,0.0012700634002685539
4520,839.2066285610199,0.22307972746448962,0.002984465122222906,0.00038566112518310556,0.0012323408126831048
4530,842.4349021911621,0.18204037590477157,0.0029222855567932137,0.0003780126571655274,0.0013172121047973638
4540,845.8137423992157,0.15951604807332856,0.0029906973838806175,0.00039146184921264656,0.0013857669830322264
4550,849.1681797504425,0.1649663799193784,0.0029137077331543018,0.0003793992996215821,0.0013618192672729503
4560,852.6745491027832,0.18106856554819856,0.0030094985961914103,0.0003860659599304201,0.0013729286193847657
4570,855.8348956108093,0.20912189290989427,0.0029576926231384333,0.0003732309341430665,0.001331460952758789
4580,859.3364007472992,0.18150538201798522,0.0030405240058898994,0.0003780307769775392,0.0014031448364257818
4590,863.0263657569885,0.17514456185366134,0.0029326424598693883,0.00037781953811645525,0.0014460773468017584
4600,866.501139163971,0.20399893544517686,0.00299746036529541,0.0003722348213195803,0.0013981285095214843
4610,869.2241122722626,0.15591601718412498,0.0029109988212585496,0.00037372779846191423,0.0011191620826721197
4620,871.0715265274048,0.1978091790214544,0.0029466762542724617,0.0003796706199645998,0.0007644586563110353
4630,873.0335948467255,0.20399683480239378,0.0029232053756713923,0.0003693833351135252,0.0008376712799072264
4640,874.7809979915619,0.17594782059225672,0.002952212333679201,0.000373931884765625,0.0007250871658325193
4650,876.4076023101807,0.197943976721071,0.003090723037719732,0.00039052629470825203,0.0006605677604675293
4660,878.1724600791931,0.17139716726012721,0.0030531558990478567,0.0003849496841430666,0.0007244739532470704
4670,879.8343396186829,0.16269022277132889,0.00294227313995362,0.0003826656341552734,0.0006837968826293945
4680,881.4150724411011,0.15759165614911652,0.0030249915122985875,0.0003826699256896974,0.0006334609985351559
4690,883.02845287323,0.2085233090762264,0.003013479709625248,0.0003855414390563964,0.0006574931144714351
4700,884.7563328742981,0.16551645038800888,0.002977578639984132,0.00037908887863159237,0.0007188687324523931
4710,886.3037347793579,0.18414824273722646,0.0029776635169983003,0.0003741269111633299,0.0006367106437683102
4720,887.7819516658783,0.20889476228295342,0.0030113825798034717,0.0003727774620056152,0.0005776162147521971
4730,889.3477263450623,0.17745742476391474,0.002984910011291508,0.00037485933303833027,0.0006230974197387699
4740,890.8885333538055,0.16589947388793935,0.0030130443572998064,0.00037641763687133793,0.0006267023086547846
4750,892.4242372512817,0.1591362106725237,0.0030139303207397513,0.00038494062423706065,0.0006221938133239748
4760,894.1581311225891,0.18464130204646964,0.003035529136657717,0.0003793559074401858,0.0007103452682495116
4770,895.7709760665894,0.16091345643967764,0.003062711715698248,0.0003925466537475587,0.0006631627082824706
4780,897.4279005527496,0.17406086188673978,0.002984745979309086,0.00037880039215087914,0.0006838941574096679
4790,899.3426291942596,0.1699755949398767,0.0030163817405700686,0.00038669776916503936,0.0007942905426025387
4800,900.9566898345947,0.18187718620460086,0.0029714312553405808,0.0003846349716186526,0.0006490831375122071
4810,902.5439841747284,0.16220943540735336,0.002969483852386479,0.0003814525604248044,0.0006459803581237796
4820,904.0746726989746,0.2189836717416688,0.0028545064926147504,0.0003662247657775878,0.00060771369934082
4830,905.6765987873077,0.19290835956365662,0.0031036195755004942,0.0003892440795898439,0.0006182641983032226
4840,907.2054114341736,0.1944907111298162,0.002982570648193362,0.00037560272216796876,0.0006123442649841309
4850,908.8744292259216,0.18166108004328269,0.00296876335144043,0.00038356018066406283,0.0006728653907775883
4860,910.4478914737701,0.1861370135078705,0.0028760304450988787,0.00037218999862670903,0.0006442704200744631
4870,912.0638995170593,0.1779887313439486,0.002937895298004155,0.00037046480178832994,0.0006546521186828613
4880,913.6955902576447,0.18741225983013748,0.0029705419540405325,0.0003789343833923341,0.0006677665710449215
4890,915.3941731452942,0.15641295490793347,0.002902806282043458,0.0003776268959045411,0.0007118377685546878
4900,917.1410791873932,0.16573023074055693,0.002947477817535407,0.00038187026977539097,0.0007057342529296865
4910,919.0282244682312,0.16264897214434443,0.003020778656005861,0.00039424228668212937,0.000791769981384278
4920,920.841046333313,0.1701079109196842,0.0029965319633483913,0.00039651966094970725,0.0007694425582885735
4930,922.438798904419,0.1732542001908196,0.0029749698638916063,0.00038638877868652307,0.0006537523269653315
4940,924.0630717277527,0.1915480893988319,0.0029779949188232413,0.0003836755752563476,0.0006547641754150387
4950,925.7819273471832,0.18198881850604615,0.0030838894844055238,0.0003851776123046873,0.000710350036621094
4960,927.7249507904053,0.17422362636701444,0.0029915361404418985,0.0003736839294433595,0.000826145172119141
4970,929.7183451652527,0.1844553126374522,0.0029587268829345753,0.000379818916320801,0.0008602848052978526
4980,931.3854050636292,0.17398043860656462,0.002975730895996099,0.0003824634552001958,0.0007118754386901864
4990,932.8301808834076,0.16380003646955538,0.002927503585815436,0.0003749008178710937,0.0005896162986755374
5000,934.1989352703094,0.1788330607056249,0.0029766387939453164,0.00038619852066040057,0.000547869682312012