COMMAND: uv run python experiments/models/mlp.py experiments/preprocessing/processed_data/stratified/sampled/phase_1/ False
START: 20251215T154358Z

Data shapes:
(90483, 101) (90483,) (90483,)
(50330, 101) (50330,) (50330,)

Training Classifier...
Training completed.
Testing Classifier...
Testing completed.
Evaluating Classifier...
Evaluation completed.

=== MLP Classifier Results ===
Accuracy:  0.9998
Precision: 0.4444
Recall:    1.0000
F1-Score:  0.6154
Confusion Matrix:
[[50312    10]
 [    0     8]]

categorical__local_orig_T: 0.000044 ± 0.000025
categorical__conn_state_SF: 0.000036 ± 0.000024
categorical__proto_tcp: 0.000030 ± 0.000019
categorical__ip_proto_6: 0.000030 ± 0.000019
categorical__history_A: 0.000028 ± 0.000018
categorical__ip_proto_17: 0.000027 ± 0.000024
categorical__history_Dd: 0.000009 ± 0.000015
numerical__resp_pkts: 0.000007 ± 0.000005
categorical__service_http: 0.000005 ± 0.000008
categorical__local_resp_T: 0.000002 ± 0.000008
categorical__service_ftp-data: 0.000001 ± 0.000003
numerical__resp_ip_bytes: 0.000001 ± 0.000004
categorical__history_ShADdfFa: 0.000001 ± 0.000002
numerical__orig_ip_bytes: 0.000000 ± 0.000002
categorical__history_ShAdDaFf: 0.000000 ± 0.000001
categorical__history_ShADaFf: 0.000000 ± 0.000001
categorical__service_-: 0.000000 ± 0.000011
categorical__service_smtp: 0.000000 ± 0.000001
categorical__conn_state_SHR: 0.000000 ± 0.000000
categorical__service_ssh: 0.000000 ± 0.000000

Number of misclassified samples: 10
Misclassified samples per phase:
Phase 0: 5 samples
Phase 1: 0 samples
Phase 2: 5 samples
Phase 3: 0 samples
Phase 4: 0 samples
Phase 5: 0 samples

Misclassified samples plot saved to: experiments/results/mlp/no_sample_weights/stratified/sampled/phase_1/misclassified_samples.png

END: 20251215T154446Z
RETURN_CODE: 0
