#=== ait_temp_endtoend_base_w100_10b10a_0.001lr ===
#
#Metrics:
#  Accuracy: 0.0532 | Micro F1: 0.0532 | Macro F1: 0.0923 | 
#  False Alarms: 100163 | False Alarm Rate: 1.0000
#  Missed Attacks: 0 | Detection Rate: 1.0000
#
#Per-Class Metrics:
#  [phase1] P=0.0429 | R=1.0000 | F1=0.0823 | 
#  [phase2] P=0.1192 | R=1.0000 | F1=0.2129 | 
#  [phase3] P=0.0421 | R=1.0000 | F1=0.0808 | 
#  [phase4] P=0.0446 | R=1.0000 | F1=0.0855 | 
#
#Inference time:
#  Average: 0.0025 | Total: 259.7275
#
#Confusion Matrix:
#         	      	      	      	Actual	      	      
#         	      	benign	phase1	phase2	phase3	phase4
#         	benign	     0	     0	     0	     0	     0
#Predicted	phase1	 85952	  3856	     0	     0	     0
#         	phase2	 12574	     0	  1701	     0	     0
#         	phase3	   182	     0	     0	     8	     0
#         	phase4	  1455	     0	     0	     0	    68
i,time,loss,ground_time,compile_time,eval_time
10,1.7442731857299805,0.5778074291534722,0.001396293640136716,0.012590739727020262,0.00025765848159790036
20,3.5098319053649902,0.5309503481956199,0.0015514373779296838,0.013989710807800282,0.00029359960556030277
30,5.19133996963501,0.4863639908609912,0.0015514373779296838,0.013989710807800279,0.00028807783126831045
40,6.882609844207764,0.45959219632204623,0.001551437377929684,0.013989710807800282,0.00030336427688598634
50,8.848739862442017,0.4179386256088037,0.001551437377929684,0.013989710807800279,0.0003401060104370116