#=== ait_temp_endtoend_base_w100_20b20a_0.001lr ===
#
#Metrics:
#  Accuracy: 0.3508 | Micro F1: 0.3508 | Macro F1: 0.1997 | 
#  False Alarms: 68628 | False Alarm Rate: 0.6852
#  Missed Attacks: 50 | Detection Rate: 0.9911
#
#Per-Class Metrics:
#  [phase1] P=0.0653 | R=1.0000 | F1=0.1225 | 
#  [phase2] P=0.1199 | R=0.9759 | F1=0.2135 | 
#  [phase3] P=0.0426 | R=1.0000 | F1=0.0816 | 
#  [phase4] P=0.0541 | R=0.8676 | F1=0.1019 | 
#
#Inference time:
#  Average: 0.0024 | Total: 249.6663
#
#Confusion Matrix:
#         	      	      	      	Actual	      	      
#         	      	benign	phase1	phase2	phase3	phase4
#         	benign	 31535	     0	    41	     0	     9
#Predicted	phase1	 55230	  3856	     0	     0	     0
#         	phase2	 12187	     0	  1660	     0	     0
#         	phase3	   180	     0	     0	     8	     0
#         	phase4	  1031	     0	     0	     0	    59
i,time,loss,ground_time,compile_time,eval_time
10,1.9636058807373047,0.6409457611851395,0.0014841809868812582,0.009948638743824439,0.00029052992661794013
20,3.3982889652252197,0.6005855047143995,0.0015847331119908249,0.011263534675041834,0.00024502298070324784
30,4.827248573303223,0.48817485102918,0.001583036242259876,0.011257935729291712,0.00024381217857201892
40,6.38613486289978,0.506852945080027,0.0016374718811776926,0.011342771848042811,0.0002653455154763327
50,7.921051740646362,0.4386129279737361,0.0015634056180715585,0.011397446733382017,0.0002658723129166497
60,9.40050220489502,0.44500580577296206,0.0016227977971235937,0.011339436140325338,0.00025222914086447826
70,10.808985233306885,0.41541150251869113,0.0016599917991293824,0.011075798049569135,0.00023774533636040154
80,12.238321542739868,0.39422083287499843,0.0016096784008873856,0.011334579893284378,0.00024666587511698406
90,13.730597972869873,0.35801462608505974,0.001592569384309983,0.011390522950225407,0.00025231846504741254
100,15.246371507644653,0.3903629330729018,0.0016220055520534537,0.011326695937249397,0.00025009417699442977