#=== ait_temp_endtoend_base_w100_1000b1000a_0.001lr ===
#
#Metrics:
#  Accuracy: 0.9269 | Micro F1: 0.9269 | Macro F1: 0.6048 | 
#  False Alarms: 7668 | False Alarm Rate: 0.0766
#  Missed Attacks: 68 | Detection Rate: 0.9879
#
#Per-Class Metrics:
#  [phase1] P=0.3592 | R=0.9852 | F1=0.5265 | 
#  [phase2] P=0.7538 | R=0.9971 | F1=0.8585 | 
#  [phase3] P=0.2500 | R=1.0000 | F1=0.4000 | 
#  [phase4] P=0.1649 | R=0.9118 | F1=0.2793 | 
#
#Inference time:
#  Average: 0.0023 | Total: 238.7485
#
#Confusion Matrix:
#         	      	      	      	Actual	      	      
#         	      	benign	phase1	phase2	phase3	phase4
#         	benign	 92495	    57	     5	     0	     6
#Predicted	phase1	  6776	  3799	     0	     0	     0
#         	phase2	   554	     0	  1696	     0	     0
#         	phase3	    24	     0	     0	     8	     0
#         	phase4	   314	     0	     0	     0	    62
i,time,loss,ground_time,compile_time,eval_time
10,3.25199556350708,0.5833352335728705,0.0017331749200820922,0.008917510509490967,0.0003148183226585388
20,5.178235292434692,0.5803548531141132,0.0018160827457904816,0.009984920918941497,0.00024407021701335906
30,7.220480680465698,0.5076948560075835,0.0017906222492456436,0.009725600481033325,0.0002476535737514496
40,9.153116226196289,0.5223407532088459,0.0018697112798690795,0.00973099023103714,0.00024116896092891694
50,11.086024522781372,0.48235706354025754,0.0018454112112522125,0.010137734562158584,0.0002410922199487686
60,13.087927341461182,0.4030819009698462,0.0017244055867195129,0.009759936481714249,0.0002506796270608902
70,14.990468740463257,0.4573148541210685,0.0017608411610126496,0.010162309929728507,0.00024378634989261628
80,18.18585968017578,0.4386715509725036,0.0022010277956724168,0.009668327122926711,0.0004474721848964691
90,21.004653930664062,0.44570830793090865,0.0019141487777233125,0.009769128635525703,0.00039995573461055757
100,23.91260313987732,0.38739550989412236,0.0018057335168123246,0.009987106546759605,0.0004162423312664032
110,26.811094999313354,0.42238644876051695,0.0018234159797430038,0.009945883974432945,0.00041724592447280886
120,29.642871856689453,0.42763721902520047,0.0018645413219928741,0.009614137560129165,0.0004038166254758835
130,32.444307804107666,0.415950627275015,0.0018532782793045043,0.00969662219285965,0.00039893127977848054
140,35.3128297328949,0.42627345273285755,0.0017929058521986008,0.010189612582325935,0.0004021894186735153
150,38.35246968269348,0.38005347562411773,0.0018230780959129333,0.009913644939661025,0.0004423726350069046
160,40.96445631980896,0.3361143284042555,0.0020722579210996628,0.010154432058334351,0.0004117671400308609
170,43.830260038375854,0.34241661571068105,0.0019483085721731185,0.00994793102145195,0.00041019953787326815
180,46.70023274421692,0.3347458620303769,0.002179941162467003,0.009786119312047958,0.0004055175930261612
190,49.583340644836426,0.30717676791564374,0.0018393680453300475,0.009845196083188058,0.0004086114466190338
200,52.42927145957947,0.3448568473139858,0.00192611925303936,0.009743496030569076,0.0004083320498466492
210,54.314300537109375,0.27115053074376194,0.0017136227339506148,0.01020842120051384,0.0002720572054386139
220,56.48866534233093,0.3248647496715421,0.0017710670828819275,0.010155268386006356,0.0003109835088253021
230,58.58000922203064,0.28265031784212624,0.0017701566219329834,0.009573683515191079,0.0003044102340936661
240,60.41555213928223,0.26069122824374064,0.001733851432800293,0.010105732083320617,0.0003007296472787857
250,62.331512212753296,0.2529877817780289,0.0018548619002103806,0.00982566587626934,0.0002841569483280182
260,64.30721664428711,0.24704270413822088,0.001813749223947525,0.009967852011322975,0.00029083304107189176
270,66.27738952636719,0.24310882891304572,0.001883215829730034,0.00989285297691822,0.00028682202100753783
280,68.20605182647705,0.2456057365572633,0.0017609458416700363,0.010168306156992912,0.00028737448155879974
290,70.28862285614014,0.21566427400812244,0.0017712567001581191,0.01022796519100666,0.000311979278922081
300,72.24495434761047,0.1829383084383153,0.0017933838069438934,0.009972799196839332,0.00028941594064235687
310,74.26618194580078,0.22810761791488404,0.00220814123749733,0.00958266295492649,0.0003020081669092178
320,76.05627799034119,0.20796779907723248,0.0018329385668039322,0.00916118584573269,0.00029581114649772643
330,77.98778414726257,0.22366261880029015,0.0018645644187927247,0.00983152724802494,0.00028578341007232664
340,79.94559669494629,0.1744437659468076,0.0018394045531749726,0.009771135076880455,0.00029339045286178587
350,82.02829551696777,0.23064210195404938,0.00183761864900589,0.0098647590726614,0.00030895434319972993
360,83.98577809333801,0.1990839791025792,0.001802164688706398,0.009771209210157394,0.0002941429615020752
370,86.58288264274597,0.18511505051108088,0.0017870791256427766,0.009883344173431396,0.00042524263262748717
380,88.61808061599731,0.19141675039566053,0.001839767023921013,0.010091833025217056,0.0003029633313417435
390,90.56929183006287,0.19824736336206286,0.0021972112357616425,0.009936156496405602,0.00028464049100875857
400,92.38503742218018,0.17270959199288427,0.0018537729978561402,0.009888992086052895,0.00029306970536708833
410,94.47505640983582,0.1656191263153346,0.0021489661186933516,0.009960455074906348,0.00030682608485221863
420,96.40924525260925,0.18611902560602117,0.0018317267298698426,0.009593592211604118,0.0002877261489629745
430,98.49590611457825,0.15610782028050493,0.0018241140991449357,0.009990726038813591,0.0003182977437973022
440,100.46745109558105,0.17465954482199067,0.0018591221421957016,0.009841372817754745,0.0002919536083936691
450,102.42388129234314,0.1707731253147017,0.001742999255657196,0.010161716490983963,0.0002907291054725647
460,104.6149034500122,0.16473216908858318,0.001836393028497696,0.00999494455754757,0.0003179885447025299
470,106.61990308761597,0.18220762765949275,0.001841103658080101,0.009989513456821442,0.0002971068024635315
480,108.38783621788025,0.12855077341235982,0.0017504829913377762,0.010259022191166877,0.00028443336486816406
490,110.74105024337769,0.1672575139124209,0.002254245802760124,0.009672783315181732,0.00036556050181388853
500,112.80621337890625,0.13479639138878668,0.0018323700875043868,0.009990277513861657,0.00031011961400508883
510,115.02426314353943,0.15939919524075208,0.0017643112689256669,0.010023264586925507,0.0003487590700387955
520,117.44326663017273,0.1596142148347653,0.001755548268556595,0.009836999699473381,0.0003842167556285858
530,121.39530563354492,0.12587634683656646,0.0018303140997886658,0.010111860558390617,0.0006598390638828278
540,126.1639895439148,0.14981672388372952,0.0018917117267847061,0.009194266423583031,0.0008818473666906357
550,128.1703553199768,0.13910417772867484,0.0017868101596832276,0.010148579254746437,0.00031595230102539064
560,129.7891616821289,0.13863030881289048,0.0018056441098451615,0.009707754850387574,0.0002461854368448257
570,131.58519887924194,0.10635911702467808,0.0017234243452548981,0.00996796004474163,0.00024944767355918886
580,134.49136662483215,0.12919670145260015,0.001882019266486168,0.00998820662498474,0.00041239820420742036
590,139.30449891090393,0.13706288680661763,0.001888430491089821,0.009826770052313805,0.0008937250822782516
600,144.10970544815063,0.15098340128709964,0.002142893150448799,0.00995166301727295,0.0008950047194957733
610,148.94218111038208,0.14624549514867766,0.0018406208604574204,0.010113818570971489,0.0008911158889532089
620,153.72471117973328,0.10762655465529428,0.001822526752948761,0.009983289986848831,0.0008768927305936814
630,158.54838371276855,0.13416062354764255,0.0017812155187129975,0.009576668590307235,0.0009069751948118209
640,162.97760319709778,0.0962257197092363,0.00183904729783535,0.00963488481938839,0.0008999444544315338
650,167.79769921302795,0.1358514147381439,0.0018091138452291488,0.010314273461699486,0.0008918698877096176
660,172.5986099243164,0.1272387668702475,0.0018001891672611236,0.009759876504540443,0.0008946914225816726
670,177.41735076904297,0.1134802046250571,0.002207670733332634,0.009606247767806053,0.0008909355849027634
680,182.21831011772156,0.0940040271251498,0.0017992481589317322,0.009959864243865014,0.0008828803896903991
690,184.86150002479553,0.11679416404649934,0.0018495503813028336,0.009752043336629868,0.0004362739622592926
700,187.9948604106903,0.09124665074689686,0.0018078438937664033,0.010081800818443298,0.0005397718399763107
710,189.836665391922,0.10000668935429431,0.0018905617296695709,0.009829182922840119,0.00025897659361362457
720,191.63185787200928,0.10257497325304413,0.0018568046391010285,0.009262513369321823,0.00027247406542301177
730,193.4029519557953,0.14085711220128205,0.0018260788172483444,0.009913263842463493,0.00024341605603694916
740,195.1821722984314,0.12214739498116658,0.002220844477415085,0.009657012671232224,0.00024392344057559966
750,197.047212600708,0.14395621877624667,0.0018110834062099457,0.009810126572847366,0.00025343820452690126
760,198.8420844078064,0.09911549818728335,0.0017947748303413392,0.01007520966231823,0.00024840906262397767
770,200.62334775924683,0.08562149913412402,0.001809370145201683,0.010023887455463409,0.00024548247456550597
780,202.53433322906494,0.12493091075348454,0.001769833266735077,0.009991113841533662,0.0002623073756694794
790,204.39072060585022,0.09806990216183527,0.0018112238496541977,0.009990471228957177,0.0002570148557424545
800,206.00588607788086,0.10666750033800339,0.0018107913434505462,0.009883398562669754,0.00024254918098449708
810,207.95504426956177,0.08920237734941512,0.0018164914101362229,0.010311457514762878,0.0002706892788410187
820,209.75755882263184,0.08349924369099644,0.0017154693603515625,0.01011258140206337,0.00024701543152332305
830,211.54277563095093,0.0709837383868249,0.001861501857638359,0.010008932277560233,0.00024631135165691375
840,213.4638011455536,0.12229227722280622,0.002179126814007759,0.009955722093582153,0.00026755891740322114
850,215.32580757141113,0.06988832245129406,0.0018136925995349885,0.009673532098531723,0.00025136955082416534
860,217.11279702186584,0.10526164500838422,0.001784927025437355,0.009829619899392128,0.00024594739079475403
870,218.74541854858398,0.10151888404514268,0.0018332064151763915,0.009607528150081635,0.00024939924478530886
880,220.55474424362183,0.09657055655233444,0.0018297243863344193,0.009760532900691033,0.0002476215362548828
890,222.32939887046814,0.08501703162011412,0.0021050360053777696,0.009730800986289978,0.0002454947680234909
900,224.10360383987427,0.06326232509438827,0.0018047336488962173,0.010020864754915237,0.00024353228509426116
910,225.941832780838,0.0560764097255342,0.0018250282853841781,0.010292569547891617,0.00025020428001880645
920,227.7521607875824,0.08898730484861891,0.0017882071435451508,0.009960587322711944,0.0002489689737558365
930,229.56485772132874,0.09485288641030831,0.0018688235431909561,0.009742043912410736,0.0002556707710027695
940,231.555428981781,0.05497462273687206,0.0018123891204595566,0.009647631645202636,0.0002832770347595215
950,233.23160886764526,0.11193874860254134,0.001841740682721138,0.010396872088313103,0.0002638373523950577
960,235.08147406578064,0.06682397895656429,0.001762513443827629,0.010330336168408394,0.0002656124532222748
970,237.07893586158752,0.04451311789113519,0.0021581675857305525,0.009984040260314941,0.0002878807485103607
980,238.93590188026428,0.06611614405064462,0.0017994496971368789,0.00982205718755722,0.0002671878784894943
990,240.79622554779053,0.05033306988442141,0.0018118664622306824,0.00987527221441269,0.00026532523334026336
1000,242.71553349494934,0.05177018329466441,0.0018209144473075867,0.009852783381938934,0.00027574673295021056
1010,244.551349401474,0.07257468304607535,0.0018092934042215347,0.01015685275197029,0.0002632007002830505
1020,246.37395191192627,0.09577918591676422,0.0018606480211019517,0.009762724488973617,0.0002594839781522751
1030,248.26444578170776,0.10239666203667971,0.0018322300165891647,0.009477696567773818,0.00030002593994140627
1040,250.1047546863556,0.05430609862533246,0.0018405847251415253,0.010170049965381622,0.00026392750442028046
1050,251.945086479187,0.07461973458842301,0.0022243227809667586,0.009858423471450805,0.0002616927027702332
1060,253.95602369308472,0.06610971973094175,0.0019361890852451324,0.009168536216020585,0.00029225535690784453
1070,255.80430459976196,0.08212474699201837,0.0017704583704471588,0.010159177705645561,0.00026720017194747925
1080,257.64315819740295,0.07235444611688857,0.0018218114972114563,0.00980699434876442,0.00026203058660030366
1090,259.7206013202667,0.0895579210926423,0.0017878118902444839,0.010155868902802467,0.00030313171446323396
1100,261.63507556915283,0.048091155585997525,0.0018568739295005798,0.009908241033554078,0.00027836374938488006
1110,263.4310555458069,0.042865976890466964,0.0017315916717052459,0.009730401262640954,0.0002997826784849167
1120,265.41192650794983,0.038435819451712636,0.0017983485013246536,0.009980983287096023,0.00029300786554813384
1130,267.34437441825867,0.047276508237125925,0.002041270583868027,0.010146842896938324,0.0002859368920326233
1140,269.2644011974335,0.057327293233465124,0.0018067680299282073,0.010032297298312187,0.00028065629303455355
1150,271.4179148674011,0.05865662587973077,0.0019099947065114975,0.009740180149674416,0.0003248397260904312
1160,273.32031774520874,0.04672207864140356,0.0018556516617536545,0.010063741356134415,0.00028102323412895205
1170,275.1998414993286,0.05078566537728728,0.0018184453248977662,0.009896334260702133,0.00027867630124092104
1180,277.31125044822693,0.1019658853425888,0.0018782563507556914,0.009709438681602478,0.0003152437508106232
1190,279.1020953655243,0.0433676314522119,0.00186154805123806,0.009482692927122116,0.00029374659061431885
1200,281.0512578487396,0.0366167882956697,0.001816892996430397,0.009656202793121339,0.00029223598539829254
1210,283.08940625190735,0.047190971095557234,0.001892167702317238,0.009837786108255387,0.000301288440823555
1220,285.0132694244385,0.06480177284498896,0.0018485985696315766,0.009635259211063386,0.00028650350868701934
1230,286.9333870410919,0.04612799957152711,0.0017839998006820678,0.010035470873117448,0.00028610266745090487
1240,288.9417324066162,0.04692406417690102,0.0018661897629499435,0.009686622768640518,0.0002940800040960312
1250,290.9413194656372,0.07550449189560016,0.001760074868798256,0.010222185403108597,0.0002944309264421463
1260,292.86924958229065,0.046605878968920725,0.0021224185824394227,0.010224753990769386,0.00028740689158439635
1270,294.89379358291626,0.0609533103740411,0.0017495684325695038,0.009834966436028481,0.0003319893032312393
1280,296.8197228908539,0.09330082640939677,0.0021759025752544404,0.01001298874616623,0.00028646513819694517
1290,298.74754786491394,0.05567088811402221,0.0018356725573539733,0.0096881203353405,0.0002852499485015869
1300,300.8877010345459,0.06509571294833874,0.0018457744270563125,0.009872902557253838,0.00032264478504657746
1310,302.8223671913147,0.048798008607416656,0.0018699657171964645,0.010015774518251419,0.0002868574112653732
1320,304.7756633758545,0.05513570940466326,0.001862131804227829,0.009798609465360642,0.0002878159284591675
1330,306.81155252456665,0.0445130781704133,0.0017490938305854797,0.01021881252527237,0.0002951633185148239
1340,308.75156354904175,0.06229760233549253,0.0017613276839256286,0.009814317896962165,0.0002886146306991577
1350,310.552118062973,0.03777532979866956,0.0017970919609069825,0.00978960432112217,0.00029513277113437655
1360,312.57782220840454,0.04288940527844589,0.0018454782664775848,0.009992024302482605,0.0002918709069490433
1370,314.518479347229,0.04320542807261847,0.0022037677466869355,0.009966521710157394,0.0002881687134504318
1380,316.5862030982971,0.02613416097450394,0.00188126377761364,0.009857206791639327,0.0003018908202648163
1390,318.5408148765564,0.0385083755548743,0.001758946105837822,0.009834135696291924,0.00028845369815826415
1400,320.48865723609924,0.026193971905270043,0.0017444603145122528,0.009592978283762932,0.00028873831033706667
1410,322.4939830303192,0.06586423261405286,0.0018664997071027756,0.010016639903187751,0.00029380582273006437
1420,324.51286220550537,0.06665342011681478,0.0018539518117904664,0.009944698959589004,0.00029711127281188964
1430,326.71216320991516,0.0467152318448083,0.0020547591149806975,0.009565758332610131,0.0003451116383075714
1440,329.5582585334778,0.037959530644171166,0.001817137375473976,0.009635286405682564,0.0004098135977983475
1450,331.4840929508209,0.03099212225136292,0.0018788360059261322,0.010021426156163216,0.00028498433530330656
1460,333.4103035926819,0.025549900695864824,0.0018787041306495666,0.009963777661323548,0.00028047673404216764
1470,335.444438457489,0.04422047942432143,0.001742582768201828,0.010196802392601966,0.0003008183091878891
1480,337.36759066581726,0.03564495453593688,0.001883111149072647,0.009907037019729614,0.000288337841629982
1490,339.3813443183899,0.03352071973179729,0.0017530307173728942,0.009950430318713187,0.00029536783695220946
1500,341.37445545196533,0.044298851657387714,0.0018804673105478286,0.009642494469881057,0.0002979576587677002
1510,343.47746229171753,0.019865354775059595,0.0018117211759090424,0.010080328956246377,0.0003302067518234253
1520,346.40011954307556,0.03705627381667067,0.0021096743643283845,0.009912947937846184,0.00041018612682819366
1530,349.0883963108063,0.027553397461400418,0.001794978603720665,0.010008115321397781,0.00037436969578266146
1540,352.11976289749146,0.03684457273842941,0.0018400799483060837,0.009814072027802467,0.00043389536440372465
1550,354.9254033565521,0.036481503357650304,0.001826845109462738,0.010153541341423988,0.0003928821533918381
1560,357.890084028244,0.0243614608921489,0.0018548648804426193,0.009708121791481972,0.0004148926585912704
1570,360.71484303474426,0.02982324989465317,0.001888657733798027,0.009720848128199577,0.000397200882434845
1580,363.6216309070587,0.03777817824256968,0.0017550200223922729,0.010177277401089669,0.0004122484475374222
1590,366.2086970806122,0.02626130092617256,0.0017450869083404541,0.01023670993745327,0.0004102073609828949
1600,368.72771763801575,0.024899221754776834,0.0017648406326770782,0.010119102150201797,0.00037568695843219756
1610,370.6602737903595,0.011752713092765798,0.0017537828534841537,0.009873981401324273,0.0002798907458782196
1620,372.62324953079224,0.02922215717255372,0.0017555054277181626,0.009857190400362014,0.00029174759984016416
1630,374.7682659626007,0.019899330557920748,0.00224517285823822,0.009950127825140953,0.0003287062048912048
1640,376.78496503829956,0.055121183525553286,0.0018845263868570328,0.009689019620418548,0.0003039557486772537
1650,378.81016421318054,0.03249243555149532,0.0018514204770326615,0.009967980533838272,0.00030942372977733613
1660,380.7517991065979,0.03002409303646787,0.0018754858523607255,0.009695954993367195,0.00031766481697559357
1670,382.68415212631226,0.038385473688846886,0.001863308623433113,0.009880458563566208,0.0002857375890016556
1680,384.64949345588684,0.018625641706599038,0.0018031544983386993,0.009779441356658935,0.0002902951091527939
1690,386.6469807624817,0.04116253487023791,0.0018271502107381822,0.00994437150657177,0.00029183104634284974
1700,389.11435198783875,0.03822623262424059,0.0017453819513320924,0.010006184875965118,0.00035371407866477964
1710,392.032940864563,0.025470511670251095,0.0018651492893695832,0.00961069092154503,0.0004150170832872391
1720,395.7283010482788,0.035504441368748085,0.001787567138671875,0.010124266892671586,0.0006032001227140426
1730,400.48721075057983,0.026612993158629396,0.0022238992154598237,0.009657631441950799,0.0008715633302927017
1740,403.5092751979828,0.07471936422901712,0.0017706036567687988,0.010467334464192391,0.0005585260689258576
1750,405.4898374080658,0.020044966965270937,0.0017763704061508178,0.010115434229373933,0.00029308795928955077
1760,407.4337811470032,0.02493758102452386,0.0018375664949417114,0.010036265477538109,0.0002888396382331848
1770,409.4760799407959,0.024651891922938818,0.001868537813425064,0.009569522738456727,0.00030018389225006104
1780,411.5066044330597,0.030498708548525544,0.0017505839467048645,0.00992167554795742,0.0002975054085254669
1790,413.4919991493225,0.03094943951375213,0.0018376592546701432,0.00995611548423767,0.00028925202786922455
1800,415.52240228652954,0.036029018345246966,0.001840614154934883,0.009719835966825486,0.0003017272800207138
1810,417.4578959941864,0.031506453307203454,0.0022382911294698713,0.009901641681790353,0.0002830900251865387
1820,419.27717781066895,0.02851175986242316,0.0017484460026025773,0.010034979507327079,0.0002967335283756256
1830,421.2447621822357,0.01739896859947223,0.0016967244446277618,0.01013297438621521,0.0002889685332775116
1840,423.1971740722656,0.012666738530316612,0.0017994634807109832,0.009864235296845436,0.0002863075584173203
1850,425.23030066490173,0.022566679767848007,0.0018311653286218644,0.009687463194131852,0.000295388326048851
1860,427.2074477672577,0.01725164163546067,0.0018225941807031632,0.009902391210198402,0.0002967372536659241
1870,429.1511330604553,0.02764168109886842,0.0018520489335060119,0.00990688130259514,0.0002886347472667694
1880,431.1702880859375,0.030878002858729613,0.002224067598581314,0.009816442802548408,0.0002925872802734375
1890,433.12202048301697,0.041790344199318576,0.0018471065908670426,0.010032638534903526,0.00028582029044628144
1900,434.8914153575897,0.1421184646968934,0.0018610339611768723,0.00993632934987545,0.0002928923815488815
1910,436.93686962127686,0.30430470198270587,0.0018216673284769057,0.010185740888118744,0.0003035109490156174
1920,438.9150469303131,0.21875816004996404,0.0018936417996883391,0.010089198872447015,0.0002918317914009094
1930,440.8981990814209,0.20464132138810537,0.0018134433776140213,0.009534569829702378,0.00029867030680179595
1940,442.93336486816406,0.12755477153439368,0.0017490997910499574,0.009830624237656594,0.00030054710805416107
1950,444.88631319999695,0.09400951637435054,0.0018448293209075927,0.009724603220820426,0.0002954211086034775
1960,446.8302128314972,0.058303099958503024,0.002082611992955208,0.009930480271577835,0.00028694309294223784
1970,449.4931035041809,0.04954894347657335,0.0018627569079399109,0.009778010472655297,0.00037833675742149353
1980,452.06146812438965,0.03980569167040628,0.0017928477376699448,0.010377733036875725,0.0004046376794576645
1990,454.9598219394684,0.043903227296117155,0.002179697901010513,0.010059702768921852,0.0004150431603193283
2000,457.748468875885,0.020835350077312964,0.0018590979278087616,0.009670044481754302,0.00039795003831386564
2010,460.3770046234131,0.045106001592797276,0.0018199611455202102,0.010000542551279069,0.0003683067858219147
2020,462.27023339271545,0.05331210358581806,0.0017381995916366578,0.010099856927990914,0.0002777736634016037
2030,464.21360421180725,0.04959065877887867,0.0018834780901670455,0.009811841696500779,0.0002880733460187912
2040,466.2858016490936,0.049628010599106,0.0018778488039970398,0.009559260308742523,0.00030910223722457886
2050,468.2213234901428,0.055522795689907346,0.0017918791621923448,0.009897402301430703,0.0002858545631170273
2060,470.0274212360382,0.024885376881523435,0.0018139734864234924,0.009865174070000648,0.00029894188046455385
2070,472.32737374305725,0.03218370259009973,0.0017360124737024307,0.010208989679813384,0.00034569799900054934
2080,474.29439759254456,0.0273977456755339,0.0017365973442792892,0.010066940635442733,0.0002909477800130844
2090,476.27720069885254,0.024400909106825287,0.0018469169735908508,0.00986146591603756,0.00029313452541828154
2100,478.4511721134186,0.040174589178169004,0.0018317483365535737,0.009926063194870948,0.0003340184688568115
2110,480.4257159233093,0.03442664971150324,0.0021811001002788543,0.009610550478100777,0.0002937469631433487
2120,482.4426829814911,0.022298751404683514,0.0019637785851955416,0.009554118290543557,0.0002940721809864044
2130,484.6034529209137,0.032922454244689446,0.0018224280327558517,0.009930497780442239,0.0003074478358030319
2140,486.24700903892517,0.029881862749340838,0.0017107006162405014,0.010387899354100227,0.0002538666129112244
2150,488.35708498954773,0.016644050212577775,0.0018632210791110992,0.00950225293636322,0.00027453862130641935
2160,490.34238600730896,0.03601677685564775,0.001704704388976097,0.010335223749279976,0.0002894937992095947
2170,492.29091811180115,0.017313718671086685,0.001810164749622345,0.009978394210338592,0.00028846375644207
2180,494.4333164691925,0.027320037283022746,0.0019501715898513794,0.009702218323945999,0.00031768381595611574
2190,496.37792801856995,0.0327528587109827,0.002150716260075569,0.009907522052526475,0.00028604716062545775
2200,498.3956768512726,0.017744586806463424,0.001732749119400978,0.010175186768174171,0.0002885926514863968
2210,500.5371022224426,0.034936421096745884,0.0018741603940725326,0.009727619588375092,0.00031921304762363436
2220,502.2878658771515,0.01426157801915735,0.0017196107655763626,0.009854159504175185,0.0002881582826375961
2230,504.23885202407837,0.013914275235133089,0.0018381882458925248,0.010009393841028214,0.00028636530041694643
2240,506.2668948173523,0.017728665478842533,0.0018147706985473632,0.009826899319887162,0.0002924151718616486
2250,508.21704030036926,0.02074708793185891,0.0018348954617977142,0.00973341315984726,0.00028630867600440977
2260,510.16876244544983,0.014873410023027112,0.001789601519703865,0.010031642392277718,0.00028648935258388517
2270,512.154848575592,0.035150378678410955,0.0018318705260753632,0.00982263870537281,0.00028979144990444184
2280,514.0961649417877,0.03596974977797442,0.0018409103155136108,0.010031149163842202,0.0002840489149093628
2290,516.0123724937439,0.02826943414199403,0.002212240919470787,0.009883587062358857,0.00027848780155181885
2300,518.0280578136444,0.03151085151547641,0.0017771881073713302,0.010078343003988266,0.00033168792724609376
2310,519.9767785072327,0.02375879658553508,0.0018196452409029007,0.00987963043153286,0.00028191357851028445
2320,522.832079410553,0.010237718510700567,0.001760043203830719,0.009934283420443535,0.00042089968919754026
2330,527.628689289093,0.009961228104084641,0.00180806964635849,0.009754285588860512,0.0008780501782894134
2340,532.3811192512512,0.022081782373542545,0.0018473580479621888,0.009783677384257316,0.0008790485560894012
2350,537.118216753006,0.032687355841480595,0.001902308315038681,0.009892699122428895,0.0008763007819652558
2360,541.8090972900391,0.021157108968654727,0.0022453464567661285,0.009888367727398872,0.0008471306413412094
2370,546.5508191585541,0.02501591136277017,0.0017885599285364152,0.009727848321199417,0.0008695218712091446
2380,550.7560932636261,0.012023740127042637,0.0017698176205158233,0.010051750764250755,0.0008530318737030029
2390,554.4163556098938,0.007494603759350693,0.0018107283860445023,0.010059031844139098,0.0006233055144548416
2400,559.1927905082703,0.00968129311214605,0.0019057992845773696,0.009760754927992821,0.000880596786737442
2410,563.9877672195435,0.0062582683068121096,0.0017401717603206634,0.010136156901717186,0.0008800346404314041
2420,568.8391308784485,0.01794244402043461,0.0021478869020938873,0.009879331290721893,0.0008965227752923965
2430,573.652143239975,0.016559079226257968,0.0017998885363340379,0.009936051815748215,0.0008965637534856796
2440,578.5012407302856,0.012936604891951076,0.0018148429691791535,0.009857233986258507,0.000896686315536499
2450,582.8966817855835,0.02561968144579043,0.0018381614238023758,0.009889090806245804,0.000886821374297142
2460,587.7145974636078,0.009651312556431568,0.0018822520971298218,0.009988091140985488,0.00088474340736866
2470,592.5317938327789,0.019136790780870917,0.0017970692366361617,0.009952404722571372,0.000887499377131462
2480,597.2876839637756,0.013386111865193917,0.0018919505178928374,0.009622294828295708,0.0008693620562553406
2490,602.1264138221741,0.007570465143378113,0.0018334459513425828,0.009879011660814285,0.0008988469839096069
2500,607.0048060417175,0.020468762406846207,0.001801726222038269,0.009684662520885467,0.0009041130542755127
2510,611.824921131134,0.01019721629994077,0.002097060903906822,0.010143538564443588,0.0008800078183412551
2520,616.6813883781433,0.013829794813176388,0.0018330108374357223,0.009794722497463226,0.0008885897696018219
2530,621.1178789138794,0.012485602068212387,0.0018012747168540955,0.010121024772524833,0.0008788779377937317
2540,625.9420273303986,0.010983087829775662,0.0017577458173036575,0.010238460078835488,0.0008811183273792267
2550,630.7988228797913,0.01253030264126287,0.0021477922797203063,0.009816672280430793,0.000894387811422348
2560,635.5397577285767,0.014749653789451967,0.0017708905041217804,0.01003926433622837,0.0008592072874307633
2570,640.2430317401886,0.008466600333023688,0.0018924113363027572,0.009581753239035606,0.000856076180934906
2580,645.0750870704651,0.012860701563687437,0.0018075123429298402,0.009879259765148163,0.0008860982954502106
2590,649.914901971817,0.007482269914351569,0.0019168101251125335,0.009701868891716004,0.0008869912475347519
2600,654.7143561840057,0.008996232167630036,0.0018628299236297607,0.009739752486348152,0.0008881766349077225
2610,659.1650493144989,0.006856564231695584,0.0017045937478542329,0.010428816825151444,0.0008935559540987015
2620,663.8527548313141,0.004335704431774645,0.0018171928822994232,0.009985854476690292,0.0008630674332380295
2630,668.6032629013062,0.033245714130077465,0.00179547481238842,0.010106121003627778,0.0008944623172283172
2640,673.3568181991577,0.03468277623521645,0.0021288227289915085,0.009500096365809441,0.0008709248155355454
2650,678.1519711017609,0.04030751245969035,0.0017838973551988601,0.00981072075664997,0.0008821003139019012
2660,682.9801361560822,0.0329744366257364,0.0018441695719957352,0.00997752621769905,0.0008749376982450485
2670,687.8313307762146,0.048647731743290956,0.001923472434282303,0.009901000931859017,0.0008854899555444717
2680,690.9292919635773,0.020231666930366887,0.001858874037861824,0.009668596461415291,0.0005504500120878219
2690,692.5255999565125,0.02461758872998727,0.0018383551388978959,0.010316137596964836,0.00024126842617988586
2700,696.2740983963013,0.015915083323374303,0.0018359813839197159,0.009932706505060196,0.0006445836275815964
2710,699.4032282829285,0.012244621317553972,0.00190235897898674,0.009671325609087945,0.0005322311073541642
2720,701.2246201038361,0.021781349610225754,0.0018271811306476593,0.009995469823479652,0.0002543546259403229
2730,703.0438723564148,0.03169591766616149,0.0017462246119976043,0.009950601682066917,0.00025345981121063235
2740,704.9773802757263,0.029003140763215085,0.002158472314476967,0.009849083051085472,0.0002623159438371658
2750,706.7640726566315,0.025246325629219933,0.001790052279829979,0.0101644866168499,0.00024068392813205718
2760,708.5206429958344,0.027667724679700623,0.001840348169207573,0.009756910055875779,0.00023854821920394899
2770,710.1817693710327,0.0071611040892822775,0.001728949323296547,0.010048307850956917,0.0002474669367074966
2780,712.1823592185974,0.024395110166839575,0.0018370315432548524,0.009618262201547623,0.00028084106743335723
2790,713.9567756652832,0.008780600610194433,0.0018413931131362915,0.009763751551508904,0.00024315454065799714
2800,716.9159595966339,0.018965494779911295,0.0018756113946437835,0.00989849641919136,0.00041639134287834166
2810,720.0422651767731,0.0058529080360981475,0.00221935473382473,0.009535197913646699,0.0005335826426744461
2820,722.4334998130798,0.005452172209361561,0.0018135972321033477,0.010428277403116226,0.0003326773643493652
2830,725.2306492328644,0.019305486954251206,0.0017379418015480042,0.01009708344936371,0.0003916401416063309
2840,727.7899932861328,0.009498405985004066,0.0018341507762670516,0.009881411120295525,0.00036228783428668974
2850,729.4602189064026,0.005732329963103755,0.0017512537539005279,0.010112546384334564,0.00025962404906749726
2860,731.2746257781982,0.007762271021233946,0.002096252515912056,0.010160399228334427,0.0002519272267818451
2870,733.1459205150604,0.00564951168957033,0.0018076244741678238,0.01023140624165535,0.00025974586606025696
2880,734.9325375556946,0.007125759444244051,0.001893949881196022,0.00991515927016735,0.00025110021233558654
2890,736.7246716022491,0.007448366172444066,0.00185605026781559,0.00940307192504406,0.0002472437918186188
2900,738.6761391162872,0.003933764767979265,0.0017485875636339188,0.009667735546827316,0.00027421191334724425
2910,740.598690032959,0.010222537668497211,0.0018357500433921815,0.010158646479249,0.00027633495628833773
2920,743.1756355762482,0.016004614861820476,0.0018575947731733322,0.009756716340780259,0.0003517970442771912
2930,745.8428122997284,0.008152984445311384,0.0017039787024259567,0.010111096128821374,0.0004270277917385101
2940,748.5594320297241,0.00637195340572474,0.0018482036888599397,0.0100541140884161,0.00037428401410579684
2950,751.5142560005188,0.005115482732285126,0.0019365683197975158,0.00988960601389408,0.0004128444939851761
2960,754.3349504470825,0.005274398524902546,0.0018254365772008897,0.009732256829738616,0.0003905210644006729
2970,757.2026438713074,0.006867999442093198,0.0021438375115394592,0.00983957275748253,0.00040444768965244295
2980,759.9935066699982,0.010937544907475916,0.0017970219254493714,0.010007426515221596,0.00038483254611492156
2990,762.9153895378113,0.006307153664824617,0.0017511054873466491,0.010027973353862763,0.0004103761166334152
3000,765.7104794979095,0.012996435871240752,0.0018577933311462401,0.00967210941016674,0.00038724690675735475
3010,768.2239139080048,0.010293793515691397,0.0019302606582641602,0.009484495967626572,0.00047781281173229215
3020,770.1661610603333,0.0038301205740217,0.001769423484802246,0.010092941299080848,0.00028040073812007904
3030,772.1838669776917,0.004869515398835844,0.002228739857673645,0.009817204251885415,0.0002909153699874878
3040,774.2509081363678,0.0068072294089117635,0.0018442373722791672,0.009995372593402862,0.0003010343760251999
3050,776.196670293808,0.009226975970498864,0.0017283488065004348,0.01003459133207798,0.0002837631851434708
3060,778.1569013595581,0.0023756758484889894,0.0018650323152542114,0.009610769152641297,0.000284653902053833
3070,780.1475613117218,0.010053858148888128,0.0018688376992940902,0.009966469556093215,0.00028940923511981963
3080,782.1136059761047,0.006515282410084966,0.0017613358795642853,0.009866989776492118,0.00028422065079212187
3090,783.9244029521942,0.004081463605831481,0.002287409454584122,0.009578078985214233,0.00029144249856472015
3100,785.9947183132172,0.003165053424452657,0.0018595043569803239,0.009856652095913887,0.0003046046942472458
3110,787.9229915142059,0.002008637604772767,0.0019088096916675568,0.009386176615953446,0.0002821825444698334
3120,789.9133605957031,0.005449831760785706,0.0018149007111787796,0.010125786811113358,0.0002904072403907776
3130,791.8915510177612,0.003810042514247547,0.0018024791032075882,0.009867253899574279,0.00029223039746284485
3140,793.8451042175293,0.004041943683378446,0.0018090903759002686,0.00992352031171322,0.00028687044978141784
3150,795.8434574604034,0.00334106133237031,0.0018168985843658447,0.010080923140048981,0.0002874482423067093
3160,797.8336853981018,0.010642710002539534,0.0017186280339956284,0.01019236519932747,0.00029237605631351473
3170,799.626791715622,0.0030086252997535644,0.0018907610327005386,0.009804745391011237,0.000290486216545105
3180,801.6196599006653,0.002291480654892797,0.0019452646374702454,0.00970112979412079,0.0002905219793319702
3190,803.5798165798187,0.001365280855176798,0.0017450053244829177,0.010022231191396714,0.0002831649035215378
3200,805.5462934970856,0.003027968509717427,0.0018164027482271195,0.009738347306847573,0.0002869118005037308
3210,807.530827999115,0.0039913656428328895,0.0017923258244991302,0.010031965374946595,0.0002820990979671478
3220,809.5206861495972,0.015080983973978678,0.0017435643821954727,0.010055533796548843,0.0002915579825639725
3230,811.4554889202118,0.008273217668065037,0.0020695991814136507,0.009940992668271064,0.0002840418368577957
3240,813.3215322494507,0.03568085508500403,0.0019239906221628189,0.009798972681164742,0.00028319284319877625
3250,815.16188621521,0.039799334358885184,0.001852494105696678,0.009880356118083,0.000260993093252182
3260,818.4854719638824,0.0151830088179707,0.0021182864904403685,0.009846723824739455,0.0005665775388479233
3270,821.2938854694366,0.017270741161155057,0.0018752876669168473,0.009823980554938317,0.0004910428076982498
3280,823.1052474975586,0.01321711713486915,0.0018419206142425537,0.00962168425321579,0.0002518337219953537
3290,825.0019223690033,0.013130226974749148,0.00180332250893116,0.010183284059166908,0.00025853738188743593
3300,826.8256556987762,0.027582063684559777,0.0018599804490804673,0.009774139523506165,0.0002548113465309143
3310,830.4258189201355,0.013373573556254214,0.0018096666783094407,0.009897696226835251,0.0006165243685245514
3320,832.8891386985779,0.016143753866374545,0.0017695385962724687,0.010232992470264435,0.0004749614745378494
3330,836.2674520015717,0.01896034316391182,0.001736471801996231,0.010295445099473,0.0005940649658441544
3340,838.4062333106995,0.030173639698247844,0.0020619597285985946,0.010338049009442329,0.0003277786076068878
3350,840.5351312160492,0.02542298315194589,0.0018512491136789323,0.009678863361477852,0.0003288540989160538
3360,842.7396111488342,0.16563676412698486,0.0018308788537979126,0.0099662434309721,0.0003377176821231842
3370,844.6963844299316,0.11531540746949445,0.0017910279333591462,0.009976416081190109,0.00028555877506732943
3380,846.7747490406036,0.13050657798959134,0.0019828762859106066,0.009540323540568352,0.00029967278242111207
3390,848.8120248317719,0.07006768818337625,0.0018373548984527588,0.009801048785448074,0.0002950161695480347
3400,850.650271654129,0.07539394667448585,0.001804027333855629,0.009892770275473594,0.00030617304146289824
3410,852.8213818073273,0.046893942871435224,0.001804758608341217,0.009755123779177666,0.0003156408667564392
3420,854.8337745666504,0.031113426505745022,0.0018155377358198166,0.010233002156019211,0.0003058120608329773
3430,856.8113465309143,0.043648163008074524,0.0022108875215053557,0.009827984869480133,0.0002851523458957672
3440,858.9372441768646,0.03318357816575328,0.0018538087606430054,0.009726744145154953,0.00032225176692008973
3450,861.263091802597,0.024007646261403635,0.001723923161625862,0.009934383630752563,0.00033651813864707945
3460,864.4012897014618,0.033027361839347444,0.001736907660961151,0.009927688166499138,0.0004521101713180542
3470,867.2820782661438,0.05279289774710414,0.001844996213912964,0.010182585567235947,0.0004095856100320816
3480,870.0028176307678,0.016387330230805696,0.0018182020634412766,0.009527425467967986,0.000433310866355896
3490,872.7876033782959,0.02363579532021709,0.001860518753528595,0.009897280111908912,0.00039406977593898774
3500,875.5933322906494,0.02086491379472697,0.0020311154425144196,0.009837011620402337,0.00039463862776756287
3510,878.3890995979309,0.02624968423704923,0.0018749989569187165,0.01019485741853714,0.00039501897990703585
3520,881.2568352222443,0.018044774026838996,0.001906241476535797,0.009650444611907005,0.00040422417223453524
3530,884.1399648189545,0.02253870121524839,0.0017226282507181168,0.009902955591678619,0.0004064079374074936
3540,886.975590467453,0.022221723842295704,0.0018441583961248398,0.010134776309132575,0.0003990698605775833
3550,889.7840955257416,0.014095349523949686,0.0019215278327465058,0.009548205509781837,0.00039680637419223783
3560,892.4867866039276,0.011176017161471253,0.0016968030482530593,0.010510243102908134,0.0004302993416786194
3570,895.4680774211884,0.01861376043250451,0.0018519196659326554,0.009829685091972351,0.00043085180222988126
3580,898.2848331928253,0.013836982315025125,0.0018603041768074035,0.009592617675662041,0.00039540454745292666
3590,901.1782476902008,0.010244933461301953,0.0018855690956115722,0.010047510638833046,0.0004167117178440094
3600,904.0085473060608,0.021777117810625257,0.0017649289220571518,0.010166601091623307,0.000400678813457489
3610,906.9528126716614,0.010695294295317547,0.0019033517688512801,0.009844768047332763,0.00042315423488616946
3620,909.7514889240265,0.013657325891999594,0.0021501999348402024,0.0097193893045187,0.0003937806934118271
3630,912.6599597930908,0.013872483566381554,0.0017148271203041078,0.00998835414648056,0.00041310228407382966
3640,915.2605926990509,0.010218735870052398,0.0018499355763196945,0.01010834015905857,0.0004049152135848999
3650,918.2226359844208,0.004890331281850657,0.0018283501267433167,0.010087821632623672,0.00042346715927124026
3660,921.0402138233185,0.021572975224285317,0.002070792019367218,0.01042739488184452,0.0003949534147977829
3670,924.140832901001,0.006289685462225391,0.001780404895544052,0.009686402976512909,0.0004487909376621246
3680,927.2381429672241,0.014761912423073875,0.0018053524196147918,0.009764683991670608,0.0004409316927194595
3690,930.1491911411285,0.011772318767404278,0.0018532395362854004,0.009804195910692214,0.00042917579412460327
3700,933.0268409252167,0.014827165340732496,0.0018883641809225083,0.009697680547833442,0.0004048403352499008
3710,935.8096716403961,0.016606131270678625,0.001815984398126602,0.00976002961397171,0.00039008520543575286
3720,938.4270610809326,0.010855201648234303,0.0018367286771535873,0.009977693110704422,0.00040527284145355227
3730,941.3083138465881,0.015085647840839234,0.0017900500446558,0.009988249838352203,0.0004154786467552185
3740,944.7091693878174,0.011401939817919704,0.001758844405412674,0.009981638938188552,0.00048769377171993257
3750,948.6109087467194,0.005815643197455289,0.002097688615322113,0.009921848773956299,0.0005913790315389633
3760,953.1255061626434,0.022533240002981826,0.0018830861896276473,0.009923538565635681,0.000753210112452507
3770,955.6039543151855,0.004878392791071806,0.0019125957041978836,0.009922709688544274,0.0003469489514827728
3780,957.7256541252136,0.006968130841264952,0.001789044588804245,0.009991056099534035,0.0003101307898759842
3790,959.9269464015961,0.008025305266640336,0.0019019138067960738,0.009676226228475571,0.0003212254494428635
3800,961.7646017074585,0.014354923145208653,0.0018666423857212067,0.009855078533291817,0.0003043346107006073
3810,963.824013710022,0.0028022322180005998,0.0018205232918262482,0.009843050688505172,0.0003060556948184967
3820,965.8101608753204,0.003405681069228694,0.001899072527885437,0.00942908376455307,0.00029582902789115906
3830,967.7810990810394,0.002295973849504351,0.0018763326108455658,0.00975179634988308,0.0002912379801273346
3840,969.7710785865784,0.0030909192963777033,0.0022124692797660826,0.009787193685770034,0.00029530785977840426
3850,971.8443491458893,0.019188264289266545,0.0017556194216012955,0.009946870803833007,0.00030221752822399137
3860,973.9282066822052,0.005899290012419756,0.0018191471695899963,0.009870135039091111,0.0003108847886323929
3870,976.0307595729828,0.011287136269532306,0.0016845222562551498,0.010640514269471168,0.00031976066529750826
3880,977.9274272918701,0.002420962699641915,0.001799096167087555,0.010206428915262222,0.00031850710511207583
3890,980.0793554782867,0.0034766596019280894,0.0019007980823516845,0.010065654665231705,0.0003180120140314102
3900,982.5871734619141,0.009452598045894888,0.0016699757426977158,0.010196220129728317,0.00033160224556922914
3910,985.3313348293304,0.008553180340229671,0.00207669660449028,0.009942393377423286,0.00037541501224040984
3920,989.6102240085602,0.003777369161859645,0.0018520042300224303,0.009558016061782837,0.0008372753858566284
3930,991.7277488708496,0.007844635458694982,0.0019051827490329742,0.00971544124186039,0.00030180439352989197
3940,993.7292485237122,0.003974114726355338,0.0017920847982168197,0.009910836815834045,0.00028866566717624666
3950,995.7231891155243,0.008389546939157078,0.0018956862390041352,0.009752830490469933,0.0002923909574747086