#=== ait_temp_context_endtoend_base_w100_10b10a_0.001lr ===
#
#Metrics:
#  Accuracy: 0.8951 | Micro F1: 0.8951 | Macro F1: 0.6961 | 
#  False Alarms: 11100 | False Alarm Rate: 0.1108
#  Missed Attacks: 1 | Detection Rate: 0.9998
#
#Per-Class Metrics:
#  [phase1] P=0.2693 | R=1.0000 | F1=0.4243 | 
#  [phase2] P=0.9971 | R=1.0000 | F1=0.9985 | 
#  [phase3] P=0.8889 | R=1.0000 | F1=0.9412 | 
#  [phase4] P=0.0963 | R=0.9853 | F1=0.1754 | 
#
#Inference time:
#  Average: 0.0006 | Total: 59.5954
#
#Confusion Matrix:
#         	      	      	      	Actual	      	      
#         	      	benign	phase1	phase2	phase3	phase4
#         	benign	 89063	     0	     0	     0	     1
#Predicted	phase1	 10465	  3856	     0	     0	     0
#         	phase2	     5	     0	  1701	     0	     0
#         	phase3	     1	     0	     0	     8	     0
#         	phase4	   629	     0	     0	     0	    67
i,time,loss,ground_time,compile_time,eval_time
10,1.3808348178863525,0.5065007007679213,0.002080853462219244,0.012020356178283644,0.00031461858749389643
20,2.79927396774292,0.4048652159513969,0.0023120594024658284,0.01335595130920406,0.00038908624649047844
30,4.651169061660767,0.1595040397600333,0.0023120594024658276,0.013355951309204065,0.0005007967948913571
40,6.558522939682007,0.0943417340035031,0.0023120594024658284,0.013355951309204065,0.0005260996818542482
50,8.50835657119751,0.09729974177735322,0.0023120594024658284,0.013355951309204065,0.0005382027626037596