#=== ait_temp_endtoend_base_w100_500b500a_0.001lr ===
#
#Metrics:
#  Accuracy: 0.9021 | Micro F1: 0.9021 | Macro F1: 0.5202 | 
#  False Alarms: 10265 | False Alarm Rate: 0.1025
#  Missed Attacks: 88 | Detection Rate: 0.9844
#
#Per-Class Metrics:
#  [phase1] P=0.2989 | R=0.9818 | F1=0.4583 | 
#  [phase2] P=0.6284 | R=0.9941 | F1=0.7700 | 
#  [phase3] P=0.0506 | R=1.0000 | F1=0.0964 | 
#  [phase4] P=0.2034 | R=0.8824 | F1=0.3306 | 
#
#Inference time:
#  Average: 0.0020 | Total: 215.8939
#
#Confusion Matrix:
#         	      	      	      	Actual	      	      
#         	      	benign	phase1	phase2	phase3	phase4
#         	benign	 89898	    70	    10	     0	     8
#Predicted	phase1	  8880	  3786	     0	     0	     0
#         	phase2	  1000	     0	  1691	     0	     0
#         	phase3	   150	     0	     0	     8	     0
#         	phase4	   235	     0	     0	     0	    60
i,time,loss,ground_time,compile_time,eval_time
10,3.523097038269043,0.5871536276303232,0.001725202426314354,0.009308765456080437,0.00038405880331993103
20,5.744954824447632,0.5577529738191516,0.001884867250919342,0.009829453006386758,0.00028824247419834137
30,7.962427616119385,0.4697785846306942,0.001913362741470337,0.010064519941806793,0.00028337650001049043
40,10.018769979476929,0.4878068362362683,0.0018695611506700516,0.009576632454991341,0.00027048327028751374
50,11.818035125732422,0.4505950038146693,0.0018670331686735154,0.010142026841640473,0.00029428862035274506
60,13.88284969329834,0.4314515223930357,0.001817500963807106,0.010374117270112037,0.00029314756393432616
70,15.833719491958618,0.4986537810531445,0.0019622545689344404,0.009748586639761924,0.00029322057962417604
80,17.859293699264526,0.4000673129172355,0.0018932819366455078,0.009882893040776252,0.00030402839183807373
90,19.65203833580017,0.3758507895021467,0.0018184721469879151,0.009939279779791832,0.00031536407768726347
100,21.569809913635254,0.39828247372170156,0.0019397057592868804,0.009893833845853805,0.0002826381474733353
110,23.564969539642334,0.42423787361294674,0.0019721761345863342,0.009659137949347496,0.0002923805266618729
120,25.566357612609863,0.3917783168029928,0.0018093433231115342,0.009999650716781616,0.0002901621162891388
130,27.277315855026245,0.41608928853529503,0.001880442351102829,0.009944415092468262,0.00028054043650627136
140,29.440738201141357,0.34151154315968596,0.0018988624215126038,0.009930037334561348,0.0003261536359786987
150,31.57729482650757,0.3172601745907741,0.0019163358956575394,0.009820514172315598,0.00033278726041316984
160,33.69844579696655,0.4156795217792023,0.0019109945744276047,0.010105264186859132,0.0003299746662378311
170,35.67835569381714,0.35756277370983297,0.0018852856010198593,0.009805252030491828,0.000328710675239563
180,37.67847919464111,0.3435469463267509,0.0018501248210668563,0.009972948580980301,0.00029537416994571684
190,39.629677295684814,0.3002641873090397,0.0018885262310504914,0.009709357097744942,0.00028787627816200255
200,41.706254720687866,0.36515662625306505,0.0019254021346569062,0.010310465469956398,0.0003058526664972305
210,43.47832417488098,0.2600087244575661,0.0017945025116205215,0.009988653287291527,0.00029538683593273164
220,45.38466835021973,0.3229932929565621,0.0019868753850460054,0.009928418695926667,0.00028139762580394747
230,48.0293447971344,0.30712723566966815,0.001876000314950943,0.010122173652052879,0.00037749186158180236
240,50.56762933731079,0.294815716507037,0.0018728375434875488,0.009744049236178397,0.0003643013536930084
250,52.42959690093994,0.2633289948009406,0.0018470607697963714,0.0104476947337389,0.00030150189995765687
260,54.381895542144775,0.2344679959595851,0.0018551729619503022,0.00996713675558567,0.00028924383223056794
270,56.30030274391174,0.2581576057115399,0.0019768822938203813,0.009667354449629784,0.0002883676439523697
280,58.30711579322815,0.23493976521472176,0.0018772095441818236,0.010033643618226052,0.0002956826239824295
290,60.056535720825195,0.20635061811217384,0.0018265422433614731,0.010192690789699555,0.00028389357030391695
300,61.96980905532837,0.20263441594224788,0.0018545053899288177,0.010027962550520898,0.0002845510840415955
310,64.01641511917114,0.23373225455670762,0.0018764618784189225,0.009858629107475281,0.00029890798032283783
320,66.27296376228333,0.24191320107493083,0.001976335048675537,0.009740513563156129,0.0003181368112564087
330,68.02324199676514,0.22061192363926238,0.0018789540976285935,0.00990411899983883,0.00029338859021663664
340,70.10883903503418,0.23225777030547762,0.001955563575029373,0.009701148420572282,0.00030305385589599607
350,72.03920936584473,0.19995346059677105,0.0018362034112215041,0.010255662724375725,0.00028839968144893645
360,73.96628761291504,0.35096259123979506,0.0018956735730171204,0.009982740506529808,0.00028900429606437683
370,76.77499461174011,0.2505151134692255,0.0018422380089759827,0.00962490364909172,0.00047789588570594787
380,81.50462365150452,0.2347359674575955,0.0019498445093631745,0.009780637174844741,0.0008747931569814682
390,86.25800013542175,0.25379655150554753,0.0018048632889986038,0.010166940093040467,0.0008781958371400833
400,91.00705146789551,0.23986030047294662,0.0019405312836170197,0.009939996153116226,0.0008864928036928177
410,95.28347110748291,0.22228188132914967,0.0018546167761087418,0.009918076172471046,0.0008613333106040954
420,100.07960724830627,0.19269988501624197,0.0018368568271398544,0.00973811149597168,0.0008813347667455673
430,104.77088761329651,0.22901662955883922,0.0019588183611631395,0.009974012151360512,0.000864250585436821
440,109.50560259819031,0.2013121156902969,0.0019141577184200286,0.009880634769797326,0.000869986042380333
450,113.82632970809937,0.17776786850619147,0.0019071634858846664,0.009825107082724572,0.000884569063782692
460,117.86630964279175,0.16511526459007086,0.0018591105937957764,0.010000864416360855,0.0007107254117727279
470,121.9338538646698,0.18872664617163082,0.0019403759390115738,0.009787479788064957,0.0007171209901571274
480,126.69776272773743,0.16071872829276118,0.0019520040601491927,0.009901798143982888,0.0008848413825035095
490,131.04545521736145,0.1568511849964466,0.0018823713064193726,0.009132257848978042,0.0008804325014352798
500,135.88511490821838,0.1411265136147904,0.00184905044734478,0.010131003707647324,0.0008957676589488983
510,140.63371086120605,0.14809937124316547,0.0018440153449773788,0.01004440151154995,0.0008834891021251678
520,145.4308099746704,0.1495708308951464,0.0019595589488744735,0.009879764914512635,0.0008918728679418563
530,149.71802258491516,0.11753164721006329,0.001830359548330307,0.010083670169115067,0.000864558294415474
540,154.44633150100708,0.10308568106877943,0.0018454324454069138,0.010037893801927567,0.0008749734610319137
550,159.2409598827362,0.16983691235138282,0.0019314665347337722,0.009782658144831657,0.0008890464901924134
560,164.03261923789978,0.14327550392866292,0.0019463974982500075,0.009605505689978599,0.0008777324110269547
570,168.30775332450867,0.1529589058451279,0.0019465815275907516,0.009750830382108689,0.0008509781211614609
580,173.03689098358154,0.1557730858767826,0.0018582478165626525,0.009874789044260979,0.0008733939379453659
590,177.7927143573761,0.14854009965781073,0.00191289521753788,0.009743639081716538,0.0008801795542240143
600,182.57413578033447,0.14926260206730219,0.0019256159663200378,0.010063671320676804,0.000886598601937294
610,186.88132095336914,0.25808225787827155,0.0018761251121759415,0.01021876446902752,0.0008676931262016297
620,191.62784576416016,0.16088956956086237,0.0019438929855823516,0.009747956693172456,0.000880156084895134
630,196.4305305480957,0.11767434481703702,0.0018930450081825257,0.010099142044782638,0.0008933834731578826
640,201.20596623420715,0.13426339718566282,0.001881229132413864,0.01002952791750431,0.0008997775614261628
650,205.5826337337494,0.15767367396192639,0.0019403915852308274,0.010324395447969436,0.0008906673640012742
660,210.3790123462677,0.11629176606759835,0.0019176777452230454,0.009948700293898582,0.000892912968993187
670,215.1064875125885,0.09589947708651962,0.0018165558576583862,0.009993461892008781,0.0008904322981834412
680,219.93219828605652,0.10571532036207146,0.001891583576798439,0.009848358109593391,0.0008855178952217102
690,224.28948640823364,0.15093974917910868,0.002043608948588371,0.009615836292505264,0.0008653026074171066
700,229.05450415611267,0.10629346763415697,0.0018690448254346848,0.010076026618480682,0.0008902214467525482
710,233.7728192806244,0.09438950821598838,0.0018494471907615662,0.01010405607521534,0.0008641980588436126
720,238.53155636787415,0.09404178294797579,0.0019138604402542114,0.009671613574028015,0.0008905708789825439
730,241.37154960632324,0.09712550695974001,0.0018927071243524552,0.009741529822349548,0.0005913726985454559
740,243.27159571647644,0.08955732125962967,0.00186183862388134,0.010339767858386039,0.0002770483493804932
750,245.29930305480957,0.07262779761631392,0.001875126361846924,0.010019998624920845,0.0003049921244382858
760,247.18592762947083,0.09591373427788649,0.001909848302602768,0.009710383787751197,0.0002739109098911285
770,248.9434576034546,0.048421952469431595,0.0018227767199277879,0.010294757783412933,0.0002871353179216385
780,250.9470784664154,0.08015307122468482,0.001856488361954689,0.010262580215930938,0.0002944491803646088
790,252.8824851512909,0.129729886570242,0.001994703710079193,0.009731900691986085,0.000288144126534462
800,254.81079840660095,0.10202589118863017,0.0018924534320831298,0.00945449247956276,0.00028137750923633574
810,256.6820168495178,0.07810796444212471,0.0018951546400785447,0.010359928011894226,0.0003077898174524307
820,258.5806794166565,0.06534458745268434,0.0019024573266506195,0.009954145178198814,0.0002784375101327896
830,260.50459003448486,0.06159091897643594,0.0019375592470169067,0.009987390786409377,0.0002831369638442993
840,262.5509352684021,0.08768773801217522,0.0018734056502580643,0.009795624390244484,0.00029511712491512296
850,264.2989971637726,0.06258420755649727,0.0019143376499414443,0.009999004378914832,0.0002859320491552353
860,266.2257351875305,0.06835316037887829,0.0018474459648132324,0.009682311490178109,0.0002834800630807877
870,268.75680136680603,0.07085840876612251,0.0019241776317358017,0.010178482532501221,0.0003779027611017227
880,271.5050971508026,0.0829846238679123,0.0018824107944965362,0.009958506003022194,0.0003839600831270218
890,274.12060356140137,0.06098369118113371,0.0018557272851467133,0.010043543577194215,0.00041351281106472015
900,276.9790482521057,0.05993212081573671,0.001876728981733322,0.00994388498365879,0.0004037458449602127
910,279.87519669532776,0.057467507399648274,0.0018493462353944778,0.010014760121703149,0.0004104200750589371
920,282.66686511039734,0.06367255699663679,0.0019604798406362535,0.00982302539050579,0.0003968149423599243
930,285.3290672302246,0.04313737511323459,0.0017866764217615127,0.00979786403477192,0.0004301596432924271
940,290.07208800315857,0.0541836932673206,0.0019249502569437028,0.009856815636157989,0.0008618898689746856
950,294.6247045993805,0.04586899214335645,0.0018832679837942124,0.010082198679447174,0.0008382599800825119
960,296.6501762866974,0.05784764923630679,0.0019500184804201125,0.009729154780507088,0.00029877424240112307
970,298.41887164115906,0.040474215358993135,0.001863156259059906,0.010210531204938889,0.00029101669788360595
980,300.3276312351227,0.05174537654538349,0.0019688405096530913,0.009652395918965339,0.0002811949700117111
990,302.3176281452179,0.03659529058139466,0.0019132804125547409,0.009841106086969375,0.00029456131160259246
1000,304.23479676246643,0.04664389506058615,0.001882045716047287,0.010111365094780922,0.0002815887331962585
1010,305.97175884246826,0.05320377254668838,0.001780756562948227,0.010579439252614975,0.00028659626841545107
1020,308.00665283203125,0.051867524439144844,0.0019266087561845779,0.009667945280671119,0.00029764696955680847
1030,309.9567151069641,0.08187888415889136,0.0018891163170337677,0.010153024271130563,0.00029195696115493777
1040,311.87909054756165,0.039507468085761485,0.001918097585439682,0.009756046161055566,0.00028375126421451566
1050,313.7135021686554,0.044416968560293354,0.0019196700304746628,0.009873742982745171,0.0002997554838657379
1060,315.651150226593,0.03920651379807209,0.0018419917672872544,0.010241593793034553,0.00028380528092384336
1070,317.55947160720825,0.0570488282651326,0.0018791977316141128,0.00990770272910595,0.000285840779542923
1080,319.7015838623047,0.04435154557492682,0.0019336923956871032,0.009804056212306022,0.00032870694994926455
1090,321.4498369693756,0.06603213499828356,0.0018983185291290283,0.009618593752384186,0.00029575861990451815
1100,323.35458111763,0.10227798979517355,0.0018901310861110688,0.009765991196036338,0.00028246976435184477
1110,325.3298513889313,0.06817944111932106,0.001829632744193077,0.010176961496472358,0.00029096342623233793
1120,327.242680311203,0.09139894701572593,0.0019284646958112716,0.009904660657048226,0.00028451979160308837
1130,329.03807306289673,0.05754811756002998,0.0020112164318561556,0.010258406773209572,0.0002725858241319656
1140,331.0531587600708,0.05745387668807407,0.001800764724612236,0.010083488747477531,0.0002663325518369675
1150,332.9783823490143,0.05957118968128683,0.0018591176718473434,0.009718668833374976,0.0002907693386077881
1160,334.91043043136597,0.0523582995895268,0.0018681008368730545,0.010048620402812958,0.0002924181520938873
1170,336.86596965789795,0.04891126503635943,0.001800151914358139,0.01035832092165947,0.0003162313252687454
1180,338.8052475452423,0.02859215460996134,0.0018794611096382141,0.009845788776874542,0.0002915807068347931
1190,340.7492229938507,0.07403842967460969,0.0019123341888189315,0.009941888228058814,0.00028889477252960207
1200,342.89381766319275,0.045267783656277816,0.001964201405644417,0.009959940612316132,0.00032359771430492403
1210,344.64466643333435,0.1759592062873185,0.0018670354038476944,0.010112037509679794,0.0002969689667224884
1220,346.59903955459595,0.10662747913276105,0.0019322670996189117,0.009871457144618035,0.0002897895872592926
1230,350.200439453125,0.0989260039366499,0.0018604014068841935,0.009670908004045487,0.0006213724613189697
1240,354.9647614955902,0.08668372705543832,0.001902410387992859,0.010201752930879594,0.0008880235254764557
1250,358.33485865592957,0.058912809105811335,0.001969170942902565,0.009333084151148797,0.0006835334002971649
1260,360.48964047431946,0.05380280468069003,0.0018368829041719437,0.009925834834575653,0.0003322124481201172
1270,362.5343632698059,0.06000619854838811,0.0019462328404188157,0.009943770617246628,0.000310608372092247
1280,364.6728398799896,0.057670743116091924,0.0018632087856531143,0.009932833909988403,0.0003148995339870453
1290,366.5755150318146,0.10710832569045652,0.0018310628831386567,0.010264178365468979,0.00031409375369548795
1300,368.6523017883301,0.11034238126733487,0.0018861208111047745,0.010087097063660622,0.00031962618231773376
1310,370.8473048210144,0.04768666953497354,0.00196751207113266,0.00976889356970787,0.0003240574151277542
1320,372.87853622436523,0.03493413581269069,0.0018790356814861297,0.010015271604061127,0.00030212774872779847
1330,375.34036660194397,0.04891075223747741,0.001822957769036293,0.010041829943656922,0.0003827132284641266
1340,377.4074511528015,0.04152103783543193,0.0019616108387708665,0.009599540010094642,0.0003132641315460205
1350,379.4583349227905,0.06703044756567245,0.0019019197672605515,0.01014341339468956,0.00030497126281261446
1360,381.59542441368103,0.057371069199912486,0.001884247362613678,0.009981745108962058,0.0003153875470161438
1370,383.4325420856476,0.06538729062494475,0.0019418898969888686,0.010158783942461013,0.0003181595355272293
1380,385.44476294517517,0.05628569356068984,0.001831134781241417,0.00984034240245819,0.0003017120063304901
1390,387.54545164108276,0.06192758027805019,0.001912846788764,0.010151244327425956,0.0003136519342660904
1400,389.59791135787964,0.046423192440713176,0.001885877177119255,0.009971165284514426,0.0003104373812675476
1410,391.4501061439514,0.04554619870045551,0.0019631732255220415,0.009801287204027176,0.00031728819012641905
1420,393.5849962234497,0.040318312089726825,0.0019373364746570587,0.009766743332147599,0.00031502135097980497
1430,395.63249468803406,0.040855829412920694,0.001912923902273178,0.009880159050226212,0.00031266584992408755
1440,397.76105308532715,0.03396810378461932,0.001872892677783966,0.009981559589505196,0.0003148019313812256
1450,399.68748688697815,0.16683266503737987,0.001852061226963997,0.01028941124677658,0.00032322816550731657
1460,401.7089681625366,0.05852739872922339,0.0019528210163116456,0.009657325595617295,0.00030178353190422056
1470,403.7874901294708,0.038267875026573694,0.0018790248781442643,0.010149413347244262,0.0003055721521377563
1480,405.9260540008545,0.04650962544914845,0.0019067462533712387,0.010037633031606675,0.00031977519392967224
1490,407.7880871295929,0.05833035468700241,0.0019140332937240601,0.010132577642798424,0.00031496509909629823
1500,409.87548184394836,0.021640134488118922,0.0019016001373529435,0.009945238754153252,0.0003085125237703323
1510,411.93431782722473,0.041679870904589286,0.0019449625164270402,0.009517888724803924,0.0003119099885225296
1520,413.9980888366699,0.030030374374910428,0.0018620431423187257,0.01024487093091011,0.00031335316598415377
1530,416.0724747180939,0.06255325730296346,0.001963672786951065,0.009246985614299773,0.00034168660640716554
1540,418.1505000591278,0.030202405510006768,0.001949329674243927,0.009875553101301194,0.0003104209899902344
1550,420.2523105144501,0.057322453425883976,0.0018992658704519271,0.009993216022849083,0.000315224751830101
1560,422.3688449859619,0.04953924278614066,0.0018168389797210693,0.010413381829857826,0.0003122739493846893
1570,424.24193143844604,0.03142765661892473,0.001959390565752983,0.009371621906757355,0.000313112884759903
1580,426.2787187099457,0.026684806352016865,0.0018909942358732224,0.009604891389608383,0.00030777789652347565
1590,428.4727785587311,0.023750150790572144,0.0019057799130678178,0.010140575841069222,0.0003255501389503479
1600,430.5251441001892,0.015733560030997684,0.0018935773521661758,0.010036179050803184,0.0003084834665060043
1610,432.4211916923523,0.019969577853712207,0.001891561970114708,0.010022323578596115,0.0003107808530330658
1620,434.5489196777344,0.016244893324735842,0.0019468910992145537,0.009666165336966515,0.00032166168093681333
1630,436.6000463962555,0.01668383169987584,0.0018340021371841431,0.010214148089289665,0.00030567869544029236
1640,438.8159267902374,0.029768941130689775,0.001889181137084961,0.009910603985190392,0.00033897869288921354
1650,440.74128103256226,0.015458802456227615,0.001867949590086937,0.010219059512019157,0.00034198835492134095
1660,442.7913088798523,0.015958022153125674,0.001885659620165825,0.009763920307159423,0.00030827932059764864
1670,444.90947008132935,0.01759710303425386,0.0018767494708299636,0.009957779571413994,0.0003152087330818176
1680,446.969957113266,0.02715186151471365,0.0019092075526714325,0.009864496067166328,0.0003107462078332901
1690,448.82769203186035,0.01454064180755672,0.0018295340240001678,0.00980461873114109,0.0003159318119287491
1700,450.99933767318726,0.008739150914055948,0.0019078642129898072,0.010074951127171517,0.0003166787326335907
1710,453.02190232276917,0.023235130161016037,0.001958850771188736,0.009785531461238861,0.00030370168387889863
1720,455.06687903404236,0.01918627705369371,0.0018744796514511108,0.01014062985777855,0.00030904300510883333
1730,457.07802534103394,0.17481504409170384,0.0018628738820552827,0.010040581598877907,0.00032389983534812926
1740,459.12373065948486,0.017609307267729246,0.0018986567854881286,0.00973512977361679,0.0003065839409828186
1750,461.18703413009644,0.008652961163309603,0.0019290197640657424,0.009776704385876656,0.0003079604357481003
1760,463.28702783584595,0.0321891347912288,0.0019271545112133025,0.009898430109024048,0.00031392574310302735
1770,465.09273529052734,0.006838755039432454,0.0018331214785575866,0.009987565129995346,0.0003040257841348648
1780,467.1715805530548,0.019220161682660275,0.0019122421741485595,0.009828731790184975,0.00030491650104522703
1790,469.2294068336487,0.027525354333365316,0.0019118167459964753,0.009933045133948326,0.00030610747635364535
1800,471.2573776245117,0.010352858181800428,0.0018652882426977158,0.010031848400831222,0.00030494704842567446
1810,473.22488617897034,0.010293365881830097,0.0018405523151159286,0.010254045575857162,0.00032695606350898745
1820,475.2958199977875,0.01697965845706917,0.0018764641135931015,0.009908158704638481,0.0003119364380836487
1830,477.32517170906067,0.016879638569508137,0.001861061155796051,0.010285415500402451,0.0003063380718231201
1840,479.470725774765,0.012931522797198513,0.0019873134791851045,0.009688097611069679,0.0003093332052230835
1850,481.32687067985535,0.013824584789009609,0.0018049050122499466,0.00992080420255661,0.00031064823269844055
1860,483.3487961292267,0.006270809289053702,0.0018621649593114852,0.00992238000035286,0.00030125901103019717
1870,485.52703380584717,0.0181161352178117,0.001959340274333954,0.009719973802566529,0.00032076984643936157
1880,487.57372403144836,0.014793030087542935,0.0018874134868383408,0.00995253473520279,0.00030674636363983156
1890,489.472044467926,0.00695225548679026,0.001969803124666214,0.009527059644460678,0.00031343251466751096
1900,491.58490681648254,0.017364033268206215,0.0019366927444934845,0.009884276241064072,0.00031430684030056
1910,493.6397695541382,0.016534918206214978,0.0018866386264562607,0.010273582860827446,0.00030916258692741393
1920,495.7391529083252,0.012239758021842073,0.0018405269831418992,0.0098177257925272,0.0003039620816707611
1930,497.6698741912842,0.011866685046344472,0.001891675591468811,0.010007668286561966,0.00034011900424957275
1940,499.70564913749695,0.00879659144052609,0.00179811492562294,0.01037481464445591,0.000298217311501503
1950,501.80645990371704,0.01491932794282802,0.0019393935799598694,0.009547199681401252,0.00031314902007579805
1960,503.851624250412,0.016411873107258244,0.0019310295581817627,0.009870781376957894,0.0003049086779356003
1970,505.71045756340027,0.012150864368771396,0.0018904071301221847,0.009949299693107604,0.00031111277639865874
1980,507.83505368232727,0.007481441773292463,0.0018696077167987823,0.010135436803102494,0.0003136083483695984
1990,509.86799669265747,0.014530823794112968,0.0018889155238866807,0.009854970127344131,0.0003060437738895416
2000,511.8886351585388,0.010933469139037588,0.0019157137721776962,0.009853364154696464,0.00029869675636291505