#=== ait_temp_context_endtoend_base_w100_1000b1000a_0.001lr ===
#
#Metrics:
#  Accuracy: 0.9772 | Micro F1: 0.9772 | Macro F1: 0.7836 | 
#  False Alarms: 2376 | False Alarm Rate: 0.0237
#  Missed Attacks: 32 | Detection Rate: 0.9943
#
#Per-Class Metrics:
#  [phase1] P=0.6829 | R=0.9925 | F1=0.8091 | 
#  [phase2] P=0.9977 | R=0.9994 | F1=0.9985 | 
#  [phase3] P=0.8889 | R=1.0000 | F1=0.9412 | 
#  [phase4] P=0.1000 | R=0.9706 | F1=0.1813 | 
#
#Inference time:
#  Average: 0.0005 | Total: 55.5785
#
#Confusion Matrix:
#         	      	      	      	Actual	      	      
#         	      	benign	phase1	phase2	phase3	phase4
#         	benign	 97787	    29	     1	     0	     2
#Predicted	phase1	  1777	  3827	     0	     0	     0
#         	phase2	     4	     0	  1700	     0	     0
#         	phase3	     1	     0	     0	     8	     0
#         	phase4	   594	     0	     0	     0	    66
i,time,loss,ground_time,compile_time,eval_time
10,1.9983744621276855,0.512063152808543,0.002122163772583008,0.009227506071329116,0.0002581775188446045
20,3.8777337074279785,0.41357933026720195,0.002409278601408005,0.010218746960163116,0.0003013450652360916
30,5.612961053848267,0.18143602886100477,0.0024168781936168672,0.010408905521035194,0.000296860933303833
40,7.381145238876343,0.09841649482240777,0.0023846033960580825,0.010640020668506622,0.00030935928225517273
50,9.200568437576294,0.09050332126191397,0.0023819521069526673,0.010293664783239365,0.000309859961271286
60,11.105873823165894,0.10802820515362647,0.0027010321617126467,0.010404178127646446,0.0002991698682308197
70,12.922996520996094,0.10910939743463535,0.002403142675757408,0.010118838772177697,0.0003242470324039459
80,15.760375022888184,0.08856022659732551,0.002459944412112236,0.010603512823581695,0.0006251275539398193
90,17.496691942214966,0.07162918197845605,0.0023876607418060304,0.010462788119912147,0.00037728361785411836
100,19.244447708129883,0.09589318630731844,0.002429930865764618,0.010130110383033752,0.00038297995924949644
110,20.977396249771118,0.10520231529935295,0.0024122592061758042,0.010209861025214196,0.0003802284598350525
120,22.746421813964844,0.09152586523542687,0.0027116093784570693,0.010021725296974182,0.00038664788007736206
130,24.5805504322052,0.08828233907678815,0.002389993518590927,0.010641895234584808,0.00039036497473716737
140,26.33781409263611,0.09619163642473945,0.0024032019078731536,0.010795358195900917,0.0003815401345491409
150,28.589218854904175,0.1240852853485247,0.002396253123879433,0.010554071143269539,0.0004824060946702957
160,31.019899606704712,0.06683429187092063,0.0023711010813713073,0.010294544324278832,0.0005686484277248382
170,33.45258140563965,0.07678203173107725,0.0024098426103591917,0.01040097363293171,0.0005206935107707978
180,35.95613956451416,0.07129699086054735,0.0023792799562215804,0.010320995002985,0.0005305752158164978
190,40.290242195129395,0.07990759758594827,0.002411702275276184,0.010435618087649345,0.0011671654880046844
200,44.74905014038086,0.10707759578491524,0.0024067528545856478,0.010604615136981011,0.0012154068797826767
210,49.187350034713745,0.07524582775057943,0.0024072933942079545,0.010117914900183678,0.0012365873903036118
220,53.88147187232971,0.10404250299019016,0.0026757925748825072,0.010558445006608963,0.001314815506339073
230,58.33231520652771,0.06424549441925315,0.0024272069334983827,0.010192610323429108,0.0012516353279352188
240,62.59512400627136,0.07918497188858302,0.0023835156112909316,0.010441537946462631,0.001302008330821991
250,67.01286745071411,0.07683224776464506,0.002402754873037338,0.010580123215913773,0.0012491293251514434
260,71.46729445457458,0.09709284810868701,0.002430552616715431,0.010319897532463073,0.0012512929737567902
270,74.81425023078918,0.07564179321141333,0.0024237494915723802,0.010381451994180679,0.0009161848574876785
280,76.59398198127747,0.06734278621133605,0.002401947230100632,0.010223064571619034,0.0003803268074989319
290,78.35829448699951,0.07578516271478511,0.0027018487453460693,0.01032559797167778,0.00037565752863883973
300,80.1360547542572,0.07703738788260214,0.002383273094892502,0.010421129688620568,0.00038026832044124603
310,82.00894069671631,0.05348617982564937,0.002389112487435341,0.010478664189577103,0.00039866603910923006
320,83.65819931030273,0.05636141612607095,0.0023697249591350554,0.010480846837162971,0.00039529725909233094
330,85.39055442810059,0.0673716402803783,0.002390880510210991,0.010627923160791397,0.00037369653582572935
340,87.14151453971863,0.07195103456942484,0.002721419557929039,0.010254385694861413,0.0003760393708944321
350,88.9403886795044,0.05354182199610311,0.0023754924535751344,0.010327605158090591,0.00038179457187652587
360,90.6750602722168,0.06489988423107837,0.0024288374930620193,0.01038140468299389,0.00037567950785160064
370,92.44837927818298,0.056843258132549646,0.002387751266360283,0.01027914509177208,0.00038135014474391935
380,94.65782904624939,0.04239953872129326,0.0023863084614276888,0.010410835593938827,0.0004732538014650345
390,97.09864211082458,0.05857258361322998,0.0024217918515205385,0.010337729752063752,0.0005204971879720688
400,99.57615613937378,0.0561988016046792,0.002375645935535431,0.010434035584330559,0.000567411258816719
410,102.00730276107788,0.05217851042934448,0.002683069556951523,0.010481643304228783,0.0005113683640956878
420,104.52035188674927,0.04516863699073773,0.002395549789071083,0.010566388443112373,0.0005387209355831146
430,106.9856321811676,0.035544129767961216,0.0023915030062198637,0.010484612733125686,0.0005137354135513305
440,109.50263333320618,0.053594865149062434,0.00244506299495697,0.009759224206209182,0.0005268249660730362
450,112.01810121536255,0.03885543584194513,0.002395149692893028,0.010303700342774391,0.0005291394889354705
460,114.46953988075256,0.029005519467904216,0.0024035122245550157,0.010211657360196113,0.0005190681666135788
470,118.24001431465149,0.05064510203504774,0.002420063689351082,0.010735373944044113,0.0009910732507705689
480,121.88134431838989,0.05071052279810323,0.0023806191980838775,0.010442676767706872,0.0010766886174678803
490,124.38367056846619,0.03613319407697467,0.0024374943226575852,0.009963199868798256,0.0005376208573579788
500,126.33793663978577,0.026260218916871803,0.0023953232914209364,0.010502253472805024,0.0004228025674819946
510,128.19046235084534,0.030764375923840598,0.0024325940757989883,0.010416993498802185,0.00039872005581855776
520,129.88558721542358,0.02837219298474259,0.002371196821331978,0.010415880009531975,0.00035618208348751066
530,131.6005938053131,0.03433102746839018,0.0024145230650901794,0.010205399245023727,0.0003692459315061569
540,133.33364605903625,0.018981295607773833,0.0023843947798013686,0.010664796456694603,0.0003726024180650711
550,135.05704641342163,0.02418897555064923,0.002696115896105766,0.010272925719618797,0.0003801509737968445
560,136.6419861316681,0.03173659420372266,0.00237974114716053,0.010574152320623397,0.00038013756275177
570,138.32944345474243,0.01936537675794163,0.0024059198796749113,0.01038684993982315,0.00036226809024810793
580,140.04959225654602,0.020900368034526544,0.002412480488419533,0.010343211516737939,0.0003677941858768463
590,141.7353754043579,0.029450728566271133,0.0024125222116708755,0.010207535326480865,0.0003592781722545624
600,143.5195243358612,0.04145727115728283,0.0023761864751577376,0.010580866783857345,0.0003777090460062027
610,145.30227851867676,0.03724296106197263,0.0023955430835485457,0.010442769899964333,0.00038397684693336487
620,147.00573348999023,0.020946318066938613,0.0024309270083904266,0.010212260484695434,0.0003636501729488373
630,148.76540064811707,0.016236170890162695,0.0026755407452583313,0.010090535506606102,0.00038157366216182707
640,150.3599169254303,0.020084631853420867,0.002399856224656105,0.010402682051062585,0.00037534162402153015
650,152.0679693222046,0.018988258505635607,0.002398277074098587,0.010246019810438156,0.00036849752068519593
660,153.7989103794098,0.012771966549103328,0.002401381731033325,0.01054958626627922,0.00037229545414447786
670,155.48120617866516,0.026275948904663192,0.002460082992911339,0.010081616789102554,0.0003617607057094574
680,157.20432567596436,0.02609237733536409,0.0023978296667337418,0.010382980108261108,0.00036840252578258515
690,158.90860557556152,0.013681353692260024,0.0023976068943738936,0.010555632784962654,0.0003709994256496429
700,160.74246311187744,0.02695670960582852,0.0023754552006721497,0.010551008954644203,0.00039973556995391845
710,163.28612160682678,0.03374647030280008,0.0026810284703969955,0.01037687249481678,0.0005352776497602463
720,166.04888701438904,0.018372784749031083,0.0024154536426067353,0.010505499690771103,0.000672929733991623
730,170.60713958740234,0.019884006729871322,0.002382943034172058,0.010646072775125503,0.0012846529483795167
740,175.16178917884827,0.03766057342465039,0.002418144419789314,0.010201077908277512,0.0012799937278032303
750,179.63547897338867,0.024651939372951896,0.002411692962050438,0.010459386929869651,0.0012449491769075394
760,184.15784001350403,0.014045257371809247,0.002696290984749794,0.01038341149687767,0.001274595782160759
770,188.56936717033386,0.03030656863686907,0.002424037456512451,0.01042156144976616,0.0012417774647474288
780,193.22223830223083,0.01565345530129568,0.002371184527873993,0.010308824479579926,0.0012912124395370484
790,197.70459747314453,0.010950395519553732,0.0024166077375411986,0.01004965864121914,0.001241210103034973
800,201.81815767288208,0.008358216566789794,0.0023963309824466704,0.010557321459054947,0.0012759193778038025
810,206.14135909080505,0.011753934585824261,0.0024012792855501175,0.010483989119529724,0.0012385085225105285
820,210.26613569259644,0.030683844235367637,0.0024250634014606476,0.01030045822262764,0.0011833831667900085
830,214.79138779640198,0.018302440113073068,0.0023779489099979402,0.010560936853289604,0.001268264278769493
840,219.15842413902283,0.026280410732453196,0.0024057138711214066,0.010455692559480667,0.001248137652873993
850,222.14688444137573,0.03485297019501138,0.002408217266201973,0.010524441301822663,0.0008212890475988388
860,223.70330834388733,0.0186924186118977,0.002682897821068764,0.010234690085053445,0.0003123003989458084
870,225.1732063293457,0.018480156442329507,0.002412208169698715,0.009951623529195786,0.0003230243921279907
880,226.74498844146729,0.031012188941865793,0.002698466181755066,0.010420660302042962,0.0003153350204229355
890,228.28109192848206,0.015387757428583554,0.0024237528443336485,0.010148300975561141,0.0003069672733545303
900,229.91081714630127,0.008917519681810602,0.0023818861693143843,0.010440050438046456,0.0003224961459636688
910,231.4483106136322,0.013806069944119407,0.002396714314818382,0.010392417758703231,0.00031437724828720093
920,232.99209713935852,0.029326546203016824,0.0024246562272310255,0.009977380186319352,0.0003192707896232605
930,234.68783617019653,0.01969294069819546,0.0023970458656549453,0.01035333126783371,0.00033808723092079165
940,236.2234332561493,0.015502838260752083,0.0024115681648254395,0.010574205219745636,0.00031214989721775057
950,237.51146292686462,0.012228640645397571,0.002412416413426399,0.010419901087880134,0.0003037218004465103
960,238.90669631958008,0.03714027085015152,0.002420368790626526,0.010414506867527961,0.0003173127770423889
970,240.46080231666565,0.012954791049066966,0.0024246718734502793,0.010207342728972436,0.0003165867179632187
980,242.05283570289612,0.016221867273393746,0.002398550882935524,0.010457751899957657,0.00031560920178890227
990,243.6208517551422,0.010709934612709504,0.0023731749504804613,0.010497628152370453,0.0003163337707519531
1000,245.1510603427887,0.025320476924589663,0.002703796699643135,0.010046180337667465,0.00031715556979179383
1010,246.6156358718872,0.013352856410768008,0.002397199347615242,0.01062517948448658,0.00030409879982471464
1020,248.1412432193756,0.01439725626658806,0.002404329925775528,0.010448667779564857,0.0003253202885389328
1030,249.441504240036,0.012955562419841074,0.002386046200990677,0.01023792140185833,0.0003258701413869858
1040,250.85905933380127,0.016936532954530382,0.0023932982236146926,0.010394930839538574,0.000320642814040184
1050,252.26119756698608,0.011324732921499447,0.002374972775578499,0.010638270527124405,0.00031665898859500885
1060,253.57463431358337,0.01977284117673398,0.0024108681827783585,0.009878646582365036,0.0003055207431316376
1070,254.9414689540863,0.02577776982580452,0.002404594421386719,0.010117946937680245,0.0003141157329082489
1080,256.4158790111542,0.014000529331908564,0.0027000196278095245,0.010564658790826797,0.000308995321393013
1090,257.94788432121277,0.009617811360827701,0.002412329241633415,0.010650396347045898,0.0003071080893278122
1100,259.5179488658905,0.016895248812998382,0.0024074923247098924,0.01050647608935833,0.00031874477863311765
1110,260.8993055820465,0.0249211353335061,0.0024343144148588182,0.010197549685835838,0.00032624416053295135
1120,262.3360073566437,0.017494091638219862,0.0023929644376039505,0.010460660234093666,0.00031350255012512206
1130,263.6679735183716,0.01568840668150733,0.0024256590753793717,0.010287294536828995,0.00030727535486221316
1140,265.0641667842865,0.019670208152292253,0.0024029314517974854,0.010476894304156303,0.00031035169959068296
1150,266.4176278114319,0.01620715997894968,0.0023945733904838563,0.010272791236639022,0.0003074686974287033
1160,267.8465313911438,0.010488613131742052,0.0023506354540586472,0.010351630672812463,0.00031410083174705506
1170,269.36560463905334,0.015699186804218286,0.002419879660010338,0.010258889943361282,0.0003231920301914215
1180,270.74827790260315,0.011173867870646956,0.0027113057672977447,0.010485706105828285,0.0003100130707025528
1190,271.8905098438263,0.013427965841113748,0.002422325685620308,0.010389401018619538,0.00030857659876346586
1200,273.16262435913086,0.011457841310698238,0.0024327602237462997,0.010074786841869354,0.0003134146332740784
1210,274.4882552623749,0.013984363137324676,0.0026736151427030562,0.010487868636846542,0.00031008459627628325
1220,275.85487389564514,0.018144853645815202,0.0023886751383543014,0.010315548256039619,0.00032074600458145144
1230,277.14305424690247,0.01543514703115895,0.00240427628159523,0.010294044390320778,0.0003095686435699463
1240,278.40921330451965,0.012474447118958306,0.0023721929639577864,0.010819411277770996,0.00030514784157276154
1250,279.56386518478394,0.018624848603681195,0.0024136226624250413,0.010455406457185745,0.0002993140369653702
1260,280.85014176368713,0.01782325271219483,0.002410772442817688,0.010316267982125283,0.00031536929309368135
1270,281.98936772346497,0.008134817387411532,0.0024305716156959533,0.01000802256166935,0.0003031585365533829
1280,283.2528371810913,0.013684432843174573,0.0024346083402633665,0.010189798846840858,0.00030359625816345215
1290,284.53237295150757,0.007889314199553535,0.0026862062513828278,0.010406791418790817,0.00031881742179393766
1300,285.78931188583374,0.02231228084939651,0.0023965250700712206,0.010351050645112991,0.0003046788275241852
1310,287.07424998283386,0.013401572147014837,0.0023932255804538726,0.010604656115174294,0.0003034468740224838
1320,288.2454264163971,0.008059853464523942,0.00237819142639637,0.010577737540006637,0.0003039505332708359
1330,289.36578464508057,0.01885915164230957,0.0024003062397241594,0.010437381267547608,0.00030377358198165896
1340,290.62162470817566,0.010515478130512216,0.0024169918149709703,0.01012786403298378,0.0003035765141248703
1350,291.85574555397034,0.013008687237521365,0.002364002913236618,0.010670765489339828,0.00032392069697380067
1360,293.04020285606384,0.025152416633506,0.0024050667881965635,0.010290637612342834,0.0003023330122232437
1370,294.3508367538452,0.011978329554999825,0.0023965351283550262,0.01088593788444996,0.00031068585813045504
1380,295.62112760543823,0.009673881262873388,0.0024046674370765686,0.010412952303886414,0.00030258186161518096
1390,296.8042414188385,0.023463096315304376,0.0024406962096691132,0.010277067497372627,0.0002999633550643921
1400,298.0967080593109,0.0034679113765338997,0.0023864153772592545,0.010390642285346984,0.0003147754818201065
1410,299.3647792339325,0.005910628575924684,0.0024124566465616227,0.010270980000495911,0.0003264300525188446
1420,300.4550199508667,0.011856760634995338,0.0026700541377067564,0.010193608328700065,0.0003069940954446793
1430,301.56625533103943,0.026508795735827196,0.002384635433554649,0.010383268445730209,0.00031716711819171903
1440,302.83580780029297,0.02343587549996846,0.0026892852038145065,0.010276168584823608,0.0003084879368543625
1450,303.9917049407959,0.011982762693628139,0.0024078324437141418,0.010633188113570214,0.0003035601228475571
1460,305.28555703163147,0.01816231899240938,0.0023517511785030366,0.010713698342442513,0.0003162052482366562
1470,306.47533440589905,0.015816854040123833,0.0024319693446159365,0.010339050740003585,0.0002912390977144241
1480,307.76339077949524,0.012530679493607897,0.002425370365381241,0.01013745777308941,0.00031421482563018797
1490,308.9953224658966,0.009399517927955181,0.0024192359298467634,0.01036280207335949,0.00029939860105514525
1500,310.20316100120544,0.004473566903006154,0.002400112152099609,0.010320121049880981,0.0003002490848302841
1510,311.26457166671753,0.019451886126003674,0.0024223163723945617,0.010033540800213814,0.00030767247080802916
1520,312.4392921924591,0.014230513008780643,0.002420114353299141,0.010665549337863922,0.00029737763106822966
1530,313.7003891468048,0.009950366062744038,0.0023972563445568084,0.010844274237751961,0.00029911212623119355
1540,314.9495093822479,0.009325157625420879,0.0023860089480876923,0.010299836099147797,0.0003088388592004776
1550,316.0098662376404,0.016518153994675582,0.0027439609169960023,0.009833117201924323,0.0002960767596960068
1560,317.1827583312988,0.008506924129091037,0.0023934021592140198,0.010240785405039787,0.00032061487436294553
1570,318.3156626224518,0.007440118583285821,0.0024009551852941513,0.010167546197772026,0.00030582994222640993
1580,319.42585587501526,0.003314327096575684,0.0023684695363044737,0.010615693032741546,0.00030827447772026063
1590,320.4210934638977,0.010040884339826795,0.0023554775863885878,0.011002632975578307,0.00030070915818214417
1600,321.5561053752899,0.005334160510679089,0.0024101361632347107,0.010282762348651886,0.00030993521213531496
1610,322.6938591003418,0.009208149979914777,0.0024262931197881698,0.010311637446284294,0.0003097999840974808
1620,323.70934200286865,0.021083022741601308,0.002391425147652626,0.010572604089975356,0.00029335059225559234
1630,324.77253460884094,0.004060670613755579,0.002412974461913109,0.01014481596648693,0.0003019869327545166
1640,325.91363620758057,0.013246392851422178,0.002429039776325226,0.01011425480246544,0.0003018941730260849
1650,327.06637144088745,0.0058283802590970105,0.002687801420688629,0.010405590757727623,0.00030076541006565096
1660,328.0610156059265,0.0040014461762671455,0.0024179544299840925,0.01011180691421032,0.0003035653382539749
1670,329.13076853752136,0.008936152104005743,0.0023952022194862364,0.010317702963948249,0.00030568651854991915
1680,330.34237909317017,0.013357380857223041,0.0024271134287118913,0.010400138795375824,0.00032022558152675626
1690,331.2704267501831,0.007108001158340119,0.002447732537984848,0.01005924604833126,0.00029303133487701416
1700,332.22111225128174,0.005735220730867555,0.002359197288751602,0.010573216155171395,0.0003040879964828491
1710,333.20280265808105,0.00885273029570562,0.0023690082132816316,0.01044304333627224,0.00029036104679107665
1720,334.30581974983215,0.007913497818613193,0.002698909118771553,0.01020793691277504,0.0003070540726184845
1730,335.30712699890137,0.01378404895169616,0.002405356988310814,0.010471784695982932,0.00029833577573299406
1740,336.25569200515747,0.017004383688732,0.002394840493798256,0.010685677081346512,0.0003023914992809296
1750,337.359610080719,0.006055671830910181,0.0024123918265104294,0.010442445427179337,0.0002973325550556183
1760,340.57496762275696,0.019360519601866237,0.0023943614214658737,0.01064196489751339,0.001107223704457283
1770,343.80854749679565,0.00932935377825422,0.002409893646836281,0.010065261647105217,0.0012457381933927536
1780,347.19383096694946,0.009870280701193562,0.002394026517868042,0.01013871543109417,0.001258060336112976
1790,350.5308256149292,0.00598585604300218,0.002400786057114601,0.010555757209658623,0.0012141283601522445
1800,353.70022988319397,0.006331143692741173,0.0026877027004957197,0.010341614112257957,0.0011194966733455657
1810,357.00665307044983,0.005416898594342498,0.002415945753455162,0.010467980057001114,0.0012142330408096314
1820,360.05192732810974,0.004443773258319716,0.0024196702986955644,0.010123848170042037,0.0012113261967897416
1830,363.3849821090698,0.010918618941705977,0.002404578775167465,0.010448379442095757,0.001249949261546135
1840,366.80381631851196,0.009731074812252194,0.0024121709167957304,0.010119352862238884,0.0012422282248735427
1850,369.92177534103394,0.006190877403985046,0.002395620569586754,0.010340804606676102,0.0010761134326457977
1860,371.7225182056427,0.0027590499141886215,0.0024081505835056305,0.01017237789928913,0.0005438089370727539
1870,373.37570357322693,0.00868517458983611,0.0024476505815982817,0.010473260655999184,0.00047882162034511565
1880,374.9672944545746,0.006521107296959544,0.002375422418117523,0.01081370674073696,0.00044878050684928896
1890,376.08751249313354,0.009227969235102263,0.0027074079960584642,0.010148197412490845,0.00035518668591976165
1900,377.10121726989746,0.006181642556794942,0.002417607605457306,0.010323320329189301,0.0003697346895933151
1910,378.19854712486267,0.0073773733511757755,0.002376988157629967,0.010464111343026161,0.0003602087497711182
1920,379.38178420066833,0.015555413593618759,0.002430224418640137,0.010754073038697243,0.00034978054463863373
1930,380.55091381073,0.004178900067540417,0.0023892875760793686,0.010363294556736947,0.000364387035369873
1940,381.5923738479614,0.003810374807871475,0.0023669458925724028,0.010229727998375893,0.00036441758275032046
1950,382.6799190044403,0.007976712241423411,0.0024098601192235948,0.010288259014487267,0.0003557484596967697
1960,383.8079478740692,0.008382813689810925,0.002393953502178192,0.010521087050437927,0.00036236047744750974
1970,384.80330443382263,0.007951164981438621,0.0027076344937086104,0.010258171707391739,0.0003408461809158325
1980,385.8268756866455,0.006803098017037349,0.0027188945561647413,0.010220834240317344,0.0003596920520067215
1990,386.8630509376526,0.003132502101094228,0.002421634644269943,0.010141148790717125,0.0003439977765083313
2000,387.9370732307434,0.00413677254327148,0.0024214204400777816,0.010227618366479873,0.00034649334847927096
2010,388.98741483688354,0.006361412747503492,0.0023924119770526884,0.010338329523801804,0.0003575950860977173
2020,390.07418632507324,0.006196948230708083,0.002412519603967667,0.0105283223092556,0.0003582783043384552
2030,391.109005689621,0.006131376421093992,0.002413247153162956,0.010366043820977212,0.00036345496773719787
2040,392.17036485671997,0.009919613527357629,0.002390453964471817,0.010455172881484032,0.00035312026739120483
2050,393.18944692611694,0.0026143831297687076,0.0024088360369205475,0.01035652942955494,0.00034750290215015414
2060,394.14080905914307,0.0015344318109122596,0.0023668438196182253,0.010812275111675262,0.00035750605165958406
2070,395.2407748699188,0.006258077577984178,0.0023819584399461745,0.010446409881114959,0.0003786023706197739
2080,396.3588137626648,0.001229372931537176,0.002407679334282875,0.010113580524921418,0.0003728453069925308
2090,397.453980922699,0.006828119005776248,0.0023964375257492067,0.010110893100500108,0.0003645945340394974
2100,398.5163812637329,0.0035218122749036823,0.0023908115923404693,0.01049710288643837,0.0003495350480079651
2110,399.54127168655396,0.002349623108036028,0.0024376891553401945,0.010092125087976456,0.0003477327525615692
2120,400.5586140155792,0.00819204786035577,0.002440177649259567,0.01040242165327072,0.00034450218081474306
2130,401.5206117630005,0.0053256444339478265,0.002395894005894661,0.010608983039855958,0.00034670419991016387
2140,402.45484137535095,0.00341812180367021,0.002705150097608566,0.010468938201665879,0.00035432614386081694
2150,403.4622597694397,0.0025790482766571837,0.0024294964969158173,0.010011480003595353,0.0003491390496492386
2160,404.5021126270294,0.007680958957320091,0.0023962430655956267,0.01051960289478302,0.00035109147429466245
2170,405.50152564048767,0.0038173038608744657,0.002685527876019478,0.010341864451766014,0.00034573562443256377
2180,406.5505073070526,0.0037292134190660938,0.002397436648607254,0.01036662608385086,0.00035539679229259493
2190,407.6618206501007,0.0021565703408987892,0.002379084378480911,0.01093205288052559,0.0005869287997484207
2200,408.57650113105774,0.0074660117056122716,0.002400892600417137,0.010400020331144334,0.00030232854187488555
2210,409.4850437641144,0.004704906396333894,0.00239359550178051,0.010390985757112503,0.0003037352114915848
2220,410.4570984840393,0.0012236749631986039,0.002405349165201187,0.010411172732710838,0.0003017012029886246
2230,411.64011812210083,0.022356487701657032,0.0024132829159498213,0.010236405581235886,0.0002997402101755142
2240,413.05332112312317,0.018772714790410903,0.0026700779795646667,0.0102331705391407,0.0003319472074508667
2250,414.4707911014557,0.009431032986315474,0.00238957479596138,0.010608530417084695,0.0003297872841358185
2260,415.7462968826294,0.010722971925260144,0.002406226098537445,0.010373017191886902,0.00032512769103050233
2270,416.8886067867279,0.005998440400803054,0.0024123240262269975,0.010424529016017915,0.000319937989115715
2280,418.06216526031494,0.019220886102254926,0.002410612627863884,0.010482703521847724,0.00032685138285160065
2290,420.18301606178284,0.01159552839647424,0.0023993510752916337,0.010165295377373696,0.0006809227168560028
2300,423.06748127937317,0.003874770138368777,0.002672509476542473,0.010595369711518287,0.0011324048042297362
2310,424.8071753978729,0.018092640312290402,0.0023695215582847594,0.010474605113267898,0.0004955101758241653
2320,428.1461446285248,0.008957486362687422,0.002417611703276634,0.010348495468497277,0.00118703693151474
2330,431.79661107063293,0.01129958246580592,0.002428688108921051,0.010460303351283073,0.0012472379952669145
2340,435.727251291275,0.008357620808888758,0.002388368546962738,0.010422364622354508,0.0012524887919425965
2350,439.1905679702759,0.007766184909698448,0.0024180006235837936,0.010431499406695365,0.001242196187376976
2360,442.5098521709442,0.002706600360038802,0.0023816853761672975,0.010330284759402276,0.0012553215026855468
2370,445.80989384651184,0.007150629029990868,0.002438191697001457,0.010100803524255752,0.001203811913728714
2380,448.8121888637543,0.0018878318083108748,0.0024079758673906325,0.010490107536315917,0.001239553466439247
2390,452.1371214389801,0.003406926817334213,0.0023936677724123003,0.01025991328060627,0.0012474462389945983
2400,455.40874195098877,0.005400642068697503,0.0024141710251569747,0.010333829000592232,0.0012332137674093246
2410,458.64370346069336,0.0050688731167479436,0.0024152349680662153,0.01002063900232315,0.0012316539883613586
2420,459.9600205421448,0.003967710988310877,0.0024028558284044264,0.010597123950719833,0.00046645402908325196
2430,461.61825704574585,0.019395592178556652,0.0024079855531454085,0.010342135652899742,0.0005144834518432617
2440,463.239453792572,0.0066953434917324025,0.0024144437164068224,0.01040780432522297,0.00048067159950733186
2450,464.7819023132324,0.005385769978921271,0.002621915563941002,0.010754745826125145,0.0005056489259004593
2460,466.43055272102356,0.0033010254238103414,0.0024064354598522185,0.010484148561954499,0.00048179440200328826
2470,468.2676820755005,0.005338346000845378,0.0026921376585960386,0.010289676859974861,0.0005568649619817733
2480,469.8002905845642,0.00205195528095693,0.002437682077288628,0.010130123421549796,0.0004902373999357224
2490,471.7084183692932,0.008584770618944675,0.002382788434624672,0.010554075241088867,0.0006751958280801773
2500,474.86793661117554,0.0030149791125840043,0.0023847855627536774,0.010502788051962853,0.0012253839522600174
2510,478.00989532470703,0.011771337873010235,0.0024336162954568864,0.010301904380321502,0.0012121889740228653
2520,481.38292169570923,0.0038038795900982914,0.0023628365248441695,0.010311447083950043,0.0012559112161397933
2530,484.2780363559723,0.011916087651398538,0.0024371583014726637,0.010192839801311493,0.0011986680328845978
2540,487.41992115974426,0.0050071732175936,0.002405987307429314,0.010568536072969436,0.0012220937758684158
2550,490.649573802948,0.009889834733299158,0.0024042338132858275,0.01055358424782753,0.0012182481586933136
2560,493.99784302711487,0.005602685398019736,0.002415379509329796,0.010133982449769974,0.0012648485600948334
2570,497.1982560157776,0.003446079344195349,0.002427368611097336,0.009963149577379227,0.0012348715215921402
2580,500.2720715999603,0.004644300443238547,0.0024016428738832473,0.010230916738510131,0.0012090187519788742
2590,503.5699095726013,0.0012563564805009864,0.0023865003138780596,0.010513964295387267,0.0012413527816534041
2600,504.8771960735321,0.003843133093403772,0.0026968635618686678,0.010444212704896927,0.0004654984921216965
2610,505.84624004364014,0.002418023463435956,0.0023583099246025085,0.010860773921012878,0.00037810057401657107
2620,506.9647419452667,0.003079715110999284,0.002402268350124359,0.010412223264575004,0.0003658384084701538
2630,508.03769969940186,0.0033024074839059945,0.0024028509855270387,0.010051311925053596,0.00038186237215995786
2640,509.19756150245667,0.0034579804852631095,0.0023542322218418122,0.010829317942261696,0.0004029873758554459
2650,510.2625162601471,0.0014874155985885428,0.002414214611053467,0.009992813318967819,0.0003932289779186249
2660,511.3795382976532,0.008999552100305184,0.0026940539479255675,0.010215077176690101,0.0003729596734046936
2670,512.5759088993073,0.004897940718297561,0.002448275312781334,0.010657825320959092,0.00039476677775382993
2680,513.4543659687042,0.0057633449114410235,0.0023992057889699937,0.010454060882329941,0.0003081463277339935
2690,514.3857588768005,0.0028464912900951463,0.0023789837956428527,0.010515502467751504,0.00036140792071819304
2700,515.3788073062897,0.003170537977785615,0.0023942045867443086,0.01055728867650032,0.0003410164266824722
2710,516.3626391887665,0.0032905054872029603,0.002426951751112938,0.010248207673430442,0.0003489818423986435
2720,517.3982017040253,0.0032929763107565372,0.0023991968482732773,0.01050964891910553,0.00036067962646484374
2730,518.3407242298126,0.009612771302917836,0.0024318739771842955,0.010089512541890144,0.0003358606249094009
2740,519.5083858966827,0.004405810544908845,0.0026945341378450394,0.010098283365368842,0.0004000656306743622
2750,521.0113246440887,0.003934648932978524,0.002399269863963127,0.0105537049472332,0.00048797242343425753
2760,522.5234715938568,0.001981914388570144,0.002390085160732269,0.010335706546902657,0.00048680342733860017
2770,523.8731200695038,0.00223738419583461,0.0023802150040864944,0.010152584686875344,0.0004900243133306503
2780,525.3505861759186,0.0016171456073602152,0.0023922357708215714,0.010526502877473832,0.0004849981516599655
2790,526.8148281574249,0.0016493042466357243,0.0024281129240989684,0.009835653379559517,0.0004768017679452896
2800,528.2855832576752,0.005101846462344845,0.00238722451031208,0.01072249300777912,0.00047487542033195493
2810,529.8061089515686,0.0036615735074970873,0.0023979559540748597,0.010596289485692977,0.0004829656332731247
2820,531.2425608634949,0.0027228173538141913,0.002694549411535263,0.010439396277070046,0.0004693262279033661
2830,532.6895413398743,0.0012826342768631261,0.002385296672582626,0.010648900642991066,0.0004819463938474655
2840,534.1358194351196,0.0014458999030420388,0.0024086013436317444,0.010102902725338935,0.0004838809370994568
2850,535.449059009552,0.0028851330794720576,0.0024300534278154373,0.010202306881546974,0.0004948336631059646
2860,537.9474589824677,0.0007784022207751845,0.0023767508566379545,0.010735997557640075,0.000959104672074318
2870,538.9866118431091,0.001780491909138024,0.002706563100218773,0.010034120082855225,0.00036110058426856994
2880,539.9394249916077,0.001845754005282807,0.002405344694852829,0.01034364104270935,0.00034770295023918153
2890,540.9552292823792,0.0011311224504664153,0.00237094983458519,0.010513082146644592,0.00036201514303684234
2900,541.8671326637268,0.0004437776302179147,0.002390997111797333,0.010376519709825515,0.00033775530755519867
2910,542.8228943347931,0.0012385362104262027,0.0024376489222049714,0.010027708113193512,0.00033970139920711515
2920,543.773206949234,0.00693656038682057,0.0024076368659734725,0.01057250015437603,0.0003418385982513428
2930,544.7092771530151,0.0006240194745635808,0.0024000663310289384,0.01037919819355011,0.0003595415502786636
2940,545.7405605316162,0.0008161056839789821,0.0024284616112709044,0.010134436190128326,0.0003613568842411041
2950,546.6508421897888,0.005260794340870442,0.002411819249391556,0.010475970432162285,0.0003214191645383835
2960,547.696531534195,0.0020987871355131167,0.0023725945502519608,0.010869422182440757,0.00036922618746757505
2970,548.5996482372284,0.0030785547695381084,0.0023992754518985747,0.010070743039250374,0.00034546665847301483
2980,549.5169458389282,0.0013619843160845523,0.0024046339094638824,0.010334044694900513,0.0003438785672187805
2990,550.5276494026184,0.003944371225797374,0.0024220161139965057,0.010384533181786537,0.00035363733768463136
3000,551.5448746681213,0.0019321657414543003,0.0026860423386096954,0.010403190180659294,0.0003492925316095352
3010,552.4034869670868,0.0008678444186688949,0.0024102482944726943,0.010107649862766266,0.0003397457301616669
3020,553.3215615749359,0.0031172465826725835,0.0024280112236738207,0.010385295003652572,0.0003410942852497101
3030,554.2855587005615,0.0007295825028420827,0.002404762804508209,0.010444335266947746,0.0003476947546005249
3040,555.240391254425,0.0009142145151874754,0.002419878542423248,0.01048523150384426,0.0003463178873062134
3050,556.1552982330322,0.0007536841710805875,0.0024202577769756317,0.010131963342428208,0.0003415726125240326
3060,557.0656609535217,0.0005444486651871416,0.0023740828037261963,0.010590327158570289,0.0003441620618104935
3070,558.0360984802246,0.0017521605812941348,0.0026670359075069427,0.01030539683997631,0.00035310983657836913
3080,558.9882655143738,0.003169549608309186,0.0023962359875440596,0.0102339718490839,0.00034723840653896334
3090,559.8380174636841,0.0001826485831718766,0.002397628501057625,0.010573305562138558,0.0003576584160327911
3100,560.7218232154846,0.0004996053767624853,0.0024073880165815355,0.01017151027917862,0.00034331865608692167
3110,561.624410867691,0.0012272839557578325,0.0024139855057001116,0.010473726689815522,0.0003466237336397171
3120,562.5764729976654,0.002517074378697609,0.002422747015953064,0.010283121466636657,0.00034877173602581023
3130,563.5451927185059,0.005485461223491003,0.002661503478884697,0.010583065077662468,0.00035006292164325715
3140,564.4854083061218,0.004812563487432225,0.002427348494529724,0.010224173963069915,0.000346146896481514
3150,565.4114437103271,0.0008616335596580039,0.0023956064134836195,0.010354772955179215,0.00035235583782196046
3160,566.3105754852295,0.004018100951090331,0.002361924946308136,0.010538313165307045,0.0003457184880971909
3170,567.12886095047,0.0035602874471596267,0.0023853499442338943,0.010739803314208984,0.0003395218402147293
3180,568.0986654758453,0.0008502290010486635,0.0023775123059749602,0.010420187935233116,0.00034412965178489687
3190,569.0386793613434,0.00271731798502578,0.00240260511636734,0.010475101694464684,0.0003393199294805527
3200,569.9680728912354,0.0011131496991786283,0.0024089500308036803,0.010236430168151855,0.00034152381122112276
3210,570.8961231708527,0.0013542623399263876,0.0024112988263368606,0.01033174954354763,0.00034141689538955686
3220,571.7694535255432,0.0028901451824837167,0.002692950889468193,0.010291426628828048,0.00033403001725673676
3230,572.7140448093414,0.001939545368838566,0.0024087660014629362,0.01044517420232296,0.0003428235650062561
3240,573.5720596313477,0.0036610046760984618,0.002415832132101059,0.010425712540745735,0.0003486216068267822
3250,574.5323195457458,0.00025460994292465235,0.0023961786180734636,0.010700645670294762,0.0003426458686590195
3260,575.4563708305359,0.002019464784532868,0.002421869710087776,0.010397066548466682,0.0003475818783044815
3270,576.367039680481,0.0006994975781150575,0.002402232587337494,0.01014539934694767,0.00034349076449871065
3280,577.2824091911316,0.0009156814587335832,0.002660052850842476,0.01037467122077942,0.00034778937697410583
3290,578.1798846721649,0.0006346800953708209,0.0024253275245428086,0.010073225200176238,0.00034018605947494507
3300,579.1445791721344,0.0026078067205514005,0.0023939941078424455,0.010413937270641327,0.0003646351397037506
3310,580.070766210556,0.0007904302225099219,0.002397846430540085,0.01046079359948635,0.00034036785364151
3320,580.8966195583344,0.0008971979795520529,0.0024562060832977297,0.010476509109139442,0.0003298040479421616
3330,581.9045865535736,0.000343220376801609,0.002405247837305069,0.01036655567586422,0.00038699842989444735
3340,582.7903301715851,0.0004076611821272252,0.002675267681479454,0.010590937733650208,0.00033985786139965055
3350,583.6851184368134,0.0012388944017191455,0.0024103827774524687,0.010283524915575982,0.0003474932163953781
3360,584.619286775589,0.0007989553386830217,0.002410957217216492,0.010514399409294129,0.0003442887216806412
3370,585.5431022644043,0.0006537465848211965,0.0023941658437252045,0.010252904891967774,0.00035455785691738126
3380,586.431129693985,0.0012158193324201844,0.0023936860263347624,0.01023474633693695,0.00034716352820396423
3390,587.3117625713348,0.0002890838928528372,0.0023943070322275163,0.010350960865616798,0.000347132608294487
3400,588.1309359073639,0.0004505488149269543,0.002434448525309563,0.010176368802785874,0.0003388427197933197
3410,589.0403814315796,0.0002166510822703277,0.0023905646055936815,0.010401095449924468,0.0003512706607580185
3420,589.9194858074188,0.0008848142421528093,0.002696632221341133,0.010446268692612648,0.00034259818494319916
3430,590.8203740119934,0.00036248375359113907,0.002415475249290466,0.010049971938133239,0.00035956501960754395
3440,591.7606477737427,0.0006483155951619912,0.0024142902344465255,0.01026817038655281,0.0003574669361114502
3450,592.6488530635834,0.0002135941303804817,0.002424805611371994,0.010343062505126,0.00034502334892749786
3460,593.5219497680664,0.0012203855805307002,0.0023894023150205614,0.010599736124277115,0.00033751800656318666
3470,594.4968159198761,0.0002512454426591204,0.0023802325129508974,0.010334205999970435,0.0003598302602767944
3480,595.3259782791138,0.0003196403349740945,0.0023989196866750716,0.010626066848635674,0.00033559687435626986
3490,596.2118365764618,0.0009817857701275273,0.002426721528172493,0.010228140279650688,0.00033471472561359407
3500,597.1039302349091,0.0006137626146286018,0.002400166541337967,0.010422633215785026,0.0003430746495723724
3510,597.9680910110474,0.00033950812780694783,0.0026890549808740614,0.010450129210948945,0.00033751539885997774
3520,598.8531155586243,0.0004447795244666125,0.0023742277175188065,0.010544595122337342,0.00035012178122997286
3530,599.7399060726166,0.0001443651881193969,0.0023981161415576936,0.01027875505387783,0.000352940708398819
3540,600.59263920784,0.0003418196969588616,0.002418593689799309,0.010100842267274857,0.00033626966178417205
3550,601.4777719974518,0.00036101211176563783,0.002417191118001938,0.010324619710445404,0.00034204274415969846
3560,602.3545911312103,0.00032450989668907635,0.002379860356450081,0.010478876903653145,0.0003749195486307144
3570,603.2390787601471,0.00015099991199356012,0.002718166261911392,0.010211002081632614,0.00034783557057380674
3580,604.3621969223022,0.0004899574250899874,0.0023962128907442093,0.010773753747344017,0.00043499022722244264
3590,606.3368234634399,0.00021593152709264152,0.0023727148771286012,0.010454030334949493,0.0008506510406732559
3600,607.2435779571533,0.0001375890359442883,0.002430962771177292,0.0100407924503088,0.0003683421760797501
3610,608.2300186157227,0.00019625887261617847,0.002414243295788765,0.010354119911789894,0.0003935504704713821
3620,609.2649199962616,0.0005259594682093582,0.002408386021852493,0.010102905705571175,0.0003793951123952866
3630,610.1628303527832,0.00022544063197634523,0.002400737628340721,0.010414238646626472,0.00036609135568141935
3640,611.1144156455994,0.0002926579690097797,0.0023539021611213686,0.01088421158492565,0.00041118673980236056
3650,612.0471749305725,0.0005228364696349491,0.0024246592074632645,0.010481658950448036,0.00036504752933979033
3660,612.9380958080292,6.696815790213084e-05,0.0026737958192825317,0.010087979584932327,0.0003758341073989868
3670,613.8391170501709,0.00016686601784975108,0.00241570845246315,0.010141872242093087,0.0003649968653917313
3680,614.7684967517853,0.0003811518824898663,0.002380688861012459,0.01024932898581028,0.0003731515258550644
3690,615.6704423427582,4.7004259486335684e-05,0.0024160873144865036,0.010213375091552734,0.000368315726518631
3700,616.5937829017639,0.00014307873924927216,0.0024200674146413804,0.010709323361516,0.0003697521984577179
3710,617.550169467926,0.000383202610018768,0.002379678562283516,0.010617148876190186,0.00037690363824367524
3720,618.4110426902771,0.00018531695245264102,0.0024095971137285234,0.01034153625369072,0.00037623457610607146
3730,619.3302352428436,0.00013327664501878723,0.002378721535205841,0.010556576773524284,0.00037312060594558717
3740,620.2636396884918,0.00011532151541920055,0.002402891218662262,0.010385413840413093,0.0003754395991563797
3750,621.2226510047913,0.00032022946840647436,0.0024329464882612228,0.010412336513400077,0.00038160830736160277
3760,622.4553084373474,9.129134166719621e-05,0.0024114347994327544,0.010144692659378052,0.0004633583128452301
3770,623.5625734329224,0.00023526903648877218,0.0023803792893886564,0.010203464701771737,0.00040719173848628997
3780,624.378509759903,0.00010633009285178908,0.0024288687855005264,0.010221628844738007,0.0003371875733137131
3790,625.5386826992035,0.0003938172683387281,0.00267682671546936,0.010530082508921623,0.0004605475813150406
3800,627.2519125938416,8.56977333794584e-05,0.002388487756252289,0.010083306208252906,0.0008163303136825562
3810,628.463390827179,0.0003514616578342261,0.002412205934524536,0.010192582011222839,0.0004333004355430603
3820,629.7081644535065,0.00016460991350249475,0.0024072930216789247,0.010373195633292198,0.00046551115810871123
3830,631.3107373714447,0.0001850201003119084,0.0023975349962711335,0.010385442152619362,0.0006566930562257767
3840,632.6408627033234,0.0001620559868984267,0.0024009190499782564,0.01047673225402832,0.0004752516746520996
3850,634.0421466827393,0.00017722229053978856,0.002401076629757881,0.010284700989723205,0.0004936523735523223
3860,635.3832712173462,0.0002543101898239503,0.002401752769947052,0.010549727082252502,0.0004886005073785782
3870,636.679615020752,4.466340206938368e-05,0.002684314176440239,0.01067659892141819,0.00047439225018024443
3880,637.8752286434174,0.0002062396610526984,0.002507299929857254,0.010520636662840843,0.0004690319299697876
3890,639.1940042972565,0.00016545582461381658,0.0024118471890687944,0.010418912395834923,0.0004788544028997421
3900,640.4229726791382,0.00019122594190981723,0.00268707238137722,0.010338212549686431,0.0004531156271696091
3910,641.7499248981476,0.0001639425450561921,0.0023887135088443757,0.010279637947678565,0.0004800114780664444
3920,643.2272329330444,0.00012697142697510878,0.0024098318070173265,0.010223675519227982,0.0005432184785604477
3930,644.3624053001404,0.00028731498647523445,0.0024097058922052383,0.010491260513663291,0.00043496564030647277
3940,645.1981248855591,0.00020727938784324552,0.002394043281674385,0.01022610329091549,0.0003430955111980438
3950,646.0284764766693,4.451317598045956e-05,0.0023782726377248762,0.010534903034567833,0.0003442831337451935