#=== ait_temp_endtoend_base_w100_1000b1000a_0.001lr ===
#
#Metrics:
#  Accuracy: 0.9381 | Micro F1: 0.9381 | Macro F1: 0.6126 | 
#  False Alarms: 6469 | False Alarm Rate: 0.0646
#  Missed Attacks: 82 | Detection Rate: 0.9854
#
#Per-Class Metrics:
#  [phase1] P=0.4038 | R=0.9855 | F1=0.5729 | 
#  [phase2] P=0.7398 | R=0.9947 | F1=0.8485 | 
#  [phase3] P=0.2424 | R=1.0000 | F1=0.3902 | 
#  [phase4] P=0.1759 | R=0.7500 | F1=0.2849 | 
#
#Inference time:
#  Average: 0.0020 | Total: 214.8015
#
#Confusion Matrix:
#         	      	      	      	Actual	      	      
#         	      	benign	phase1	phase2	phase3	phase4
#         	benign	 93694	    56	     9	     0	    17
#Predicted	phase1	  5610	  3800	     0	     0	     0
#         	phase2	   595	     0	  1692	     0	     0
#         	phase3	    25	     0	     0	     8	     0
#         	phase4	   239	     0	     0	     0	    51
i,time,loss,ground_time,compile_time,eval_time
10,2.1175806522369385,0.6215185245499015,0.0015016164630651473,0.009447405487298966,0.00023652426898479462
20,4.811227083206177,0.5902603562455624,0.0017039258033037185,0.01015046276152134,0.00036989375948905947
30,7.198474168777466,0.4970755763119087,0.0017154995352029801,0.010175680741667747,0.0003222119063138962
40,9.981327295303345,0.4780590060167015,0.0017692442983388902,0.010017350316047668,0.0003767918795347214
50,12.57411813735962,0.4721652426989749,0.0017108462750911712,0.010355449095368386,0.00032784491777420043
60,14.461606979370117,0.48652373724617065,0.0017256956547498704,0.010230186581611633,0.0002492941915988922
70,16.49374771118164,0.43461464887368495,0.0016650643199682235,0.010340837761759758,0.00024917423725128173
80,18.261133670806885,0.47774786811787634,0.0017180617898702622,0.010226592421531677,0.00026119835674762724
90,20.430309772491455,0.46426858761697076,0.0017793525010347366,0.009969674423336983,0.00031384266912937164
100,22.250841856002808,0.40284459415270246,0.0017362359911203384,0.009764217212796212,0.00027022920548915865
110,24.10223412513733,0.3973932317669096,0.0017213720828294754,0.010222453996539116,0.0002782348543405533
120,25.984819650650024,0.41899338189541596,0.0017144620418548585,0.010289786383509636,0.0002797357738018036
130,28.707374811172485,0.3654848346232029,0.0016781866550445556,0.010176596418023109,0.00039994977414608
140,31.54955768585205,0.38097183228092035,0.0016868989914655685,0.010618634149432182,0.0004219386726617813
150,35.128403663635254,0.33944164230561,0.0016800552606582642,0.010399071872234345,0.0006283130496740341
160,37.8802809715271,0.31584059419474214,0.0016588155180215836,0.010412739589810371,0.0005711998790502548
170,40.761086225509644,0.3167380942926684,0.001709076017141342,0.010381057113409042,0.00041909292340278623
180,43.56827735900879,0.3438271442857513,0.001699555665254593,0.010237087309360505,0.00040538646280765536
190,45.94750237464905,0.3386337009447743,0.0017497345805168151,0.0100434061139822,0.0003533344715833664
200,48.073375940322876,0.324374188204456,0.0017314758151769638,0.010179730877280236,0.00031938143074512483
210,50.128108978271484,0.2704331582353916,0.001672864705324173,0.010315024480223655,0.00031936727464199066
220,52.14950704574585,0.2965026930462045,0.0016793359071016311,0.010232330113649369,0.00031511038541793824
230,54.12807607650757,0.3099695041146333,0.001711922138929367,0.010331806913018226,0.0003064360469579697
240,55.924484729766846,0.23130650901184707,0.0017064791172742844,0.01002887673676014,0.0003059573471546173
250,57.9621958732605,0.28193881921579306,0.0017095699906349183,0.010340647026896476,0.000308971107006073
260,59.93719696998596,0.23185272804548732,0.0017498418688774108,0.010189737007021905,0.0003029149025678635
270,61.94155478477478,0.28414356304529065,0.0017305739223957063,0.01006983183324337,0.000310887023806572
280,63.90531778335571,0.26616421665312373,0.0017471075057983398,0.010094624757766724,0.0003018926829099655
290,65.89062213897705,0.2672588556561095,0.0016671199351549148,0.010694445297122001,0.000305035337805748
300,67.83594512939453,0.19808660019261878,0.001651429757475853,0.010079749673604966,0.00029619000852108
310,69.84612250328064,0.23841702941135737,0.0017390985041856766,0.010159294307231902,0.0003148715943098068
320,71.66017603874207,0.23628226984665163,0.0016783934086561203,0.010182356834411621,0.0003168679773807526
330,73.64877367019653,0.30981602778738304,0.0017205271869897842,0.01020524576306343,0.00030442364513874056
340,76.02573490142822,0.2611687584867468,0.0016941595822572708,0.010293691232800484,0.0003881748765707016
350,78.90220928192139,0.26202749938183845,0.0017130255699157714,0.010247820988297462,0.0004341810941696167
360,82.38701462745667,0.236196993329213,0.0017113368958234787,0.010333430022001266,0.0005287889391183854
370,84.9735016822815,0.25245332995609715,0.0017352838069200516,0.010084206610918045,0.00039043314754962923
380,89.42716145515442,0.25273096088931196,0.0017639793455600738,0.010369575768709182,0.000846143439412117
390,92.95445990562439,0.2326583589260281,0.0016868539154529572,0.010213152319192887,0.000583556666970253
400,96.45216679573059,0.19098606424577155,0.0017093222588300705,0.010297803580760956,0.0006639257073402405
410,101.03750348091125,0.2057900367906768,0.0017058826982975007,0.010335990786552429,0.0008762069046497345
420,105.60348296165466,0.15525546025933182,0.001708780601620674,0.010518619045615196,0.0008559003472328186
430,108.76879620552063,0.17965747534695992,0.0017940744757652283,0.009792472422122955,0.0006035953760147095
440,110.78095555305481,0.2152155301166488,0.0017352305352687837,0.01031637266278267,0.0003015846014022827
450,112.89555382728577,0.16197859745457208,0.0016762975603342057,0.010031618177890778,0.00030633695423603057
460,117.03009152412415,0.18795839474416312,0.0017316993325948715,0.01006704829633236,0.0007397588342428207
470,120.93662905693054,0.1666621889600492,0.0016026340425014495,0.010638418421149255,0.0006914500147104264
480,125.09053158760071,0.17913009799445376,0.0017857681959867477,0.009981830045580864,0.0008888836950063705
490,128.14401268959045,0.1470699115331456,0.0017475791275501252,0.009905534982681274,0.000548466295003891
500,130.16003274917603,0.14288857626827678,0.0016918983310461044,0.010390505194664001,0.00030835866928100584
510,132.09474778175354,0.1872941941671101,0.0017700176686048508,0.009984878450632095,0.00030126534402370454
520,134.20323777198792,0.1532981366010489,0.001696227490901947,0.009981397539377213,0.0003099124878644943
530,136.83525347709656,0.1267602730816435,0.001711578294634819,0.010292632877826691,0.0003923200070858002
540,139.7754204273224,0.11082110401448234,0.0016949020326137542,0.010744673013687134,0.00044798552989959716
550,142.51032543182373,0.18622862184502936,0.0016634151339530944,0.01033403053879738,0.00040768757462501527
560,145.070796251297,0.1946134221522314,0.0017547030001878738,0.009861624613404275,0.0004204746335744858
570,147.98435926437378,0.16335581493959667,0.0017057213932275771,0.010344758257269859,0.00043819807469844816
580,150.81358408927917,0.1392910722261007,0.0016563579440116883,0.010250968113541602,0.00042032189667224885
590,154.16813230514526,0.16419207215536707,0.0017044737935066224,0.009931444004178048,0.0005461357533931733
600,156.18071389198303,0.18172573038048084,0.001694357767701149,0.010452049225568772,0.0002769544720649719
610,158.35350441932678,0.1609240591131389,0.0017156373709440232,0.01031307652592659,0.00031322799623012543
620,160.41139602661133,0.13961492952020507,0.001724659651517868,0.010418647155165672,0.0003117207437753677
630,162.56056880950928,0.1214719569509839,0.0017418280243873597,0.010078446939587593,0.000315316766500473
640,165.20428204536438,0.1123857576188378,0.0017450392246246339,0.010230901092290879,0.00043525509536266325
650,167.94511771202087,0.10412671511228525,0.0016910810023546218,0.010084189847111702,0.00040282346308231356
660,170.86106371879578,0.0837668053204336,0.0017294701188802718,0.009985889121890069,0.0004438556730747223
670,173.6224594116211,0.09942346695126694,0.0016421619802713394,0.010379227250814438,0.00040879994630813596
680,176.1606481075287,0.08379780993264152,0.0016734756529331208,0.010254821926355361,0.00036943219602108
690,178.3352358341217,0.14709698198250742,0.0017248544842004775,0.010266538709402084,0.0003104258328676224
700,180.3824644088745,0.11747996546331425,0.0017573848366737367,0.010089169815182686,0.0003094807267189026
710,182.3985161781311,0.09595952648453085,0.001734471693634987,0.010578501597046852,0.00030031017959117887
720,184.27634501457214,0.171993265970198,0.0018208883702754974,0.010117498412728309,0.0003101315349340439
730,186.29376792907715,0.10495295566809182,0.0017383523285388947,0.010088958591222764,0.0003016747534275055
740,188.31959629058838,0.11023307600666996,0.001648543030023575,0.010543768107891083,0.0003028366714715958
750,190.37190437316895,0.07702042934741744,0.0016766227781772614,0.0103276114910841,0.0003061413764953613
760,194.8241274356842,0.09820710843016085,0.0017301801592111588,0.009961861744523048,0.00086098313331604
770,199.4590663909912,0.12916175080465112,0.0017194714397192,0.010137490183115005,0.000851120799779892
780,201.6327304840088,0.102594537041829,0.001742013171315193,0.010407310351729393,0.0003476414829492569
790,203.5804283618927,0.0908354372457878,0.0017514385282993317,0.010042370110750199,0.00028444528579711913
800,205.30307269096375,0.08048296644783108,0.001649358868598938,0.010125118121504784,0.00027909763157367705
810,207.201176404953,0.0921146373989397,0.001709119975566864,0.01058007888495922,0.0002574130892753601
820,209.07061314582825,0.054802402190623226,0.0017069440335035324,0.010067950934171677,0.00025828927755355835
830,210.92479038238525,0.07970193137735619,0.0017424736171960831,0.01023644469678402,0.0002561751753091812
840,212.7788908481598,0.09325282384520764,0.0016936566680669785,0.01030970960855484,0.00025550611317157743
850,214.809876203537,0.06581771336561171,0.0017451707273721695,0.010087128356099128,0.0002699557691812515
860,217.2942762374878,0.10306225897383103,0.0017218470573425293,0.010220612213015557,0.0003432393074035645
870,219.95892214775085,0.10441225620304524,0.001681126281619072,0.009907415881752969,0.0004136271774768829
880,222.86485171318054,0.09150960989640508,0.0017516333609819412,0.010165596008300781,0.0004282381385564804
890,225.7526249885559,0.067121909778451,0.0017296452075242995,0.0102117620408535,0.0004252579063177109
900,228.60528683662415,0.05987876411768127,0.0017270680516958236,0.009985324740409852,0.00041592009365558623
910,231.58154320716858,0.07944074994198388,0.0016617726534605027,0.010321607068181037,0.00043418370187282563
920,234.5329737663269,0.04468424181268067,0.0016360953450202942,0.010819166526198387,0.000433759018778801
930,237.28082537651062,0.05767686405557584,0.0017370734363794326,0.01016189344227314,0.0003831133246421814
940,239.56551432609558,0.13052274587600082,0.0017413225024938584,0.010144093632698059,0.000308709591627121
950,241.34917569160461,0.12506556717365383,0.0016993209719657898,0.010159004107117653,0.000283375009894371
960,243.24739933013916,0.08078696498237611,0.001755814626812935,0.01003461740911007,0.0002707570791244507
970,245.16641569137573,0.08940182276538253,0.0016721807420253753,0.0103928554803133,0.0002730287611484528
980,247.07520270347595,0.09809534139876512,0.001695680245757103,0.010474056005477905,0.00027424655854701996
990,248.9684772491455,0.0719858027102688,0.0017089448869228364,0.010278460755944251,0.00026743561029434203
1000,250.88336610794067,0.05339317195313074,0.0017188161611557007,0.010088788717985154,0.00027338042855262756
1010,252.77913641929626,0.07672704255219949,0.0017272669821977616,0.010103553906083107,0.0002707432955503464
1020,254.68959856033325,0.07917256788034574,0.0017003990709781648,0.010062850639224052,0.0002720244228839874
1030,257.46968817710876,0.04687163983421176,0.0017168805003166198,0.010290392860770225,0.000545157864689827
1040,261.97534918785095,0.08116146323789264,0.0017618607729673386,0.010163776203989982,0.0008449643850326538
1050,266.59218430519104,0.0575390070797351,0.0016954950988292694,0.010590502992272377,0.0009021218866109848
1060,271.13548040390015,0.05027992815799096,0.001780698075890541,0.009947571530938148,0.0008662506937980652
1070,275.6986413002014,0.08698138355042248,0.0016396567225456238,0.010448341444134712,0.0008753262460231781
1080,278.2991428375244,0.07077854045807677,0.0016730863600969315,0.010271749272942544,0.0003858935087919235
1090,282.66592025756836,0.08494973165017308,0.0017467495054006577,0.010119053721427917,0.0008087236434221268
1100,287.20634150505066,0.18221344108271753,0.0016594905406236648,0.01021161712706089,0.0008861817419528961
1110,291.3177444934845,0.1381380828153287,0.0016738444566726685,0.010475791618227958,0.0008518639951944351
1120,295.86140298843384,0.10200832856050765,0.0016779381781816482,0.01026179939508438,0.0009020816534757615
1130,298.76731967926025,0.0949942936524985,0.0017352987080812455,0.009988217055797577,0.0004285760223865509
1140,302.56047463417053,0.14743781600486708,0.001735619455575943,0.009843721985816956,0.0006931655108928681
1150,307.13145637512207,0.1287439299287868,0.001723022386431694,0.010247907415032387,0.0008913427591323853
1160,311.71111035346985,0.12130269983718234,0.0016997590661048888,0.010412947833538055,0.0009054489433765412
1170,316.1831991672516,0.10149543943874781,0.0016789518296718598,0.010276652872562408,0.0008875682950019836
1180,318.9542169570923,0.12003860751362527,0.001729128509759903,0.010536987334489822,0.00039029791951179505
1190,321.46967458724976,0.12121312066092167,0.001710892841219902,0.010357635840773583,0.00041727982461452483
1200,324.25430703163147,0.06308128743478522,0.0017175175249576568,0.010071414709091186,0.0004154864698648453
1210,328.6212902069092,0.10179316140791043,0.0016955606639385223,0.010277266055345536,0.0008322354406118393
1220,333.19423818588257,0.07466369009679397,0.0017211511731147766,0.010175562277436257,0.0009077116847038269
1230,337.72490096092224,0.10979205964045671,0.0017462167888879776,0.009896220266819,0.0008515413850545883
1240,341.0089511871338,0.11935609918824597,0.0017303545027971268,0.010271794348955154,0.0005404636263847351
1250,345.52755093574524,0.10099338528950501,0.0016934100538492202,0.010286779701709747,0.00087905153632164
1260,350.11716771125793,0.08478756178805917,0.001675085723400116,0.010564326867461204,0.000898979976773262
1270,354.22635412216187,0.058767600635013226,0.0017020225524902344,0.010039700940251351,0.0008652124553918839
1280,358.8818039894104,0.0765698286151816,0.0016970239579677583,0.010195131599903106,0.0008832160383462906
1290,363.4239284992218,0.06661491416646828,0.001756545901298523,0.010243687406182289,0.0008694607764482498
1300,367.9703652858734,0.058832181994437335,0.001674829050898552,0.0104434572160244,0.0008853692561388016
1310,372.4360020160675,0.10025652007636705,0.001702946424484253,0.01023717038333416,0.0008596926927566528
1320,376.81832551956177,0.054988277518206743,0.0016707144677639008,0.010417350754141807,0.0008409056812524795
1330,380.3334016799927,0.09561771639654189,0.0017253808677196504,0.009973026439547538,0.0005232159048318863
1340,382.1743392944336,0.10015490606262312,0.0017008397728204728,0.01020144708454609,0.0002546295523643494
1350,383.87494921684265,0.07789120664805878,0.0017829306423664093,0.010539064556360245,0.00026200637221336366
1360,385.74523520469666,0.0670703759005015,0.0016852736473083497,0.010398738458752632,0.0002600517123937607
1370,387.6167962551117,0.0950304659113024,0.0016940031200647354,0.010720445960760116,0.0002584341913461685
1380,389.45380091667175,0.0622010339363364,0.0017233680933713912,0.009933961555361748,0.0002585016191005707
1390,391.27921175956726,0.056894793040701,0.0017163597047328949,0.010118766874074935,0.000253000482916832
1400,393.1106598377228,0.07744922339978051,0.0016852911561727525,0.010146330296993255,0.0002552993595600128
1410,394.91957902908325,0.05652519121598758,0.0017124272882938385,0.010113684087991714,0.0002520732581615448
1420,396.9862949848175,0.06023040225168082,0.0017414093017578125,0.010023801401257516,0.0002947382628917694
1430,398.9567382335663,0.07213858349512234,0.0017556082457304,0.010158538445830345,0.0002864766865968704
1440,402.0448546409607,0.06698922986210414,0.0016259010881185532,0.010583286359906196,0.0004289861768484116
1450,404.90090918540955,0.060927230701882704,0.001671348139643669,0.01008213572204113,0.0004114735871553421
1460,407.8176293373108,0.05644848780708134,0.0017216045409440995,0.010228607431054115,0.0004247203469276428
1470,410.740110874176,0.06241070156556709,0.001777675375342369,0.009653424844145775,0.00042653828859329224
1480,413.6769461631775,0.06298033484481658,0.0017250996083021165,0.01033346951007843,0.00042971931397914884
1490,415.65917801856995,0.07304089379341253,0.0017304539680480957,0.010642194002866746,0.00029628872871398924
1500,417.70969104766846,0.0902795626472835,0.0016619399189949035,0.010189541056752205,0.0003065135329961777
1510,420.06849122047424,0.057307213841238755,0.0016769535839557647,0.009961611032485962,0.0003232154995203018
1520,422.1550555229187,0.09174254056980971,0.0016890697181224823,0.010350410640239716,0.00031178779900074003
1530,424.13254618644714,0.045438225801813184,0.0016734745353460313,0.010091046243906021,0.000300082191824913
1540,426.31747007369995,0.07241297718124765,0.0017536245286464691,0.010189225152134895,0.0003240283578634262
1550,429.22555923461914,0.059714403317423656,0.0017748471349477769,0.010211197286844253,0.0004296556115150452
1560,431.96366810798645,0.038410035838864376,0.001656278222799301,0.010074864327907562,0.0004011780023574829
1570,434.7940604686737,0.06658021617185066,0.0016836155205965041,0.010533750057220459,0.00041913501918315886
1580,437.7034261226654,0.05940179667645238,0.0017595499753952025,0.01031929962337017,0.0004339147359132767
1590,440.30075550079346,0.05669684376848545,0.0016727011650800705,0.010227906703948974,0.0004640500992536545
1600,442.5653541088104,0.041739379717059474,0.0017084408551454543,0.010430465638637542,0.00036689490079879763
1610,444.7372353076935,0.06710245114363125,0.0016652170568704605,0.010190148651599885,0.00035848282277584076
1620,447.1271824836731,0.07315900673118585,0.0017902713268995285,0.010088630393147469,0.00039626508951187136
1630,449.31359910964966,0.05788822761514208,0.0017588384449481963,0.010200076550245286,0.00035566575825214387
1640,451.36044120788574,0.03977203004196541,0.0016802240163087845,0.010247983783483506,0.0003149978816509247
1650,453.35209703445435,0.043760132145514594,0.0017059732228517533,0.010214944928884506,0.0003033816814422607
1660,455.18895196914673,0.08280407154279715,0.0016953282058238984,0.010380692780017853,0.00030523017048835757
1670,457.4559004306793,0.07099371514994128,0.0017303954809904099,0.010164900124073029,0.0003445606678724289
1680,459.7125663757324,0.056165322925879634,0.0017246711999177934,0.009907592460513115,0.0003220394253730774
1690,461.8411319255829,0.049301659056305035,0.001680348813533783,0.010515425726771355,0.00032730475068092345
1700,463.87254452705383,0.04631430432716852,0.0017141528427600861,0.010417577624320985,0.0003054652363061905
1710,465.91583490371704,0.20925141472090886,0.0017432525753974914,0.010254166275262832,0.0003051433712244034
1720,467.9680871963501,0.19302627620161056,0.0016776248812675476,0.010250847414135933,0.00031170584261417387
1730,470.01070261001587,0.12827499585791866,0.0017285428941249848,0.01028541922569275,0.00030822642147541044
1740,471.87926745414734,0.0948670355483218,0.0016683336347341538,0.009771006181836128,0.00031519606709480287
1750,473.8878216743469,0.09135650422925856,0.0017191410064697266,0.010025520250201226,0.0003013446927070618
1760,475.89669489860535,0.11380452631553714,0.0017402376979589462,0.010738836228847503,0.0003025181591510773
1770,478.0537269115448,0.07628280768325682,0.0017691724002361297,0.010145750641822816,0.00031399577856063845
1780,480.601122379303,0.07305184439869376,0.0016563978046178819,0.009978564828634262,0.00034771077334880827
1790,482.9628961086273,0.09332424184255514,0.0017369944602251054,0.010252530127763749,0.00036298073828220365
1800,485.1663329601288,0.06446250113789027,0.0017161857336759566,0.01023215651512146,0.00035992898046970366
1810,487.35169434547424,0.03540610443156158,0.0016184329986572265,0.010429036617279053,0.0003593049943447113
1820,489.3499388694763,0.08880557669900155,0.0017436731606721878,0.010069245472550392,0.0003584880381822586
1830,491.41538095474243,0.06678110122715215,0.0017110802233219146,0.010191217437386513,0.00031385868787765504
1840,493.423357963562,0.045691868750601515,0.0017593979835510253,0.010403541848063469,0.0003032851964235306
1850,495.46982884407043,0.04995341754727611,0.0017096765339374542,0.010310632735490799,0.0003089331090450287
1860,497.46500182151794,0.06398329757771455,0.0017309542745351791,0.010145874693989754,0.00030507184565067293
1870,499.5869858264923,0.061814097587398864,0.0017291616648435592,0.010141769051551819,0.0003010094165802002
1880,501.9040675163269,0.04477309654525863,0.0016770999878644942,0.010338816419243812,0.00033459216356277464
1890,504.0040490627289,0.044160307863032086,0.0016639478504657744,0.010084914416074753,0.00032785460352897645
1900,505.866605758667,0.04125460240353227,0.0016555581241846085,0.010337243601679803,0.00031465664505958557
1910,507.8706464767456,0.02707179292836339,0.001648927852511406,0.01047208420932293,0.00030675828456878663
1920,509.9993977546692,0.03761665001237726,0.0017783217132091521,0.009838560223579406,0.00032135508954524996
1930,512.0381231307983,0.0358444115453674,0.0016342326998710632,0.010371802747249604,0.00030722543597221373
1940,514.0673725605011,0.052791604559708015,0.0017531916499137878,0.010223472490906715,0.0003109123557806015
1950,516.2388718128204,0.08124127890736425,0.0016778178513050079,0.01027282252907753,0.00032684840261936187
1960,518.6036260128021,0.06157254806442447,0.0017526302486658095,0.01003446951508522,0.0003526467829942703
1970,520.9267585277557,0.07371022039399906,0.0017473485320806503,0.010309198871254921,0.00036421529948711396
1980,524.5064299106598,0.042796273951231846,0.001782507449388504,0.010177231952548027,0.0006779834628105163
1990,529.081139087677,0.04036375699152428,0.0017156150192022324,0.010644226148724557,0.0008741598576307297
2000,533.6521172523499,0.05267710025393293,0.0017093289643526077,0.009721985459327698,0.0009060792624950409
2010,538.2214636802673,0.017929963498919843,0.0016653116792440415,0.010201653838157654,0.0008831758052110672
2020,541.6397511959076,0.04029364031807627,0.0017514847218990325,0.010289081558585166,0.0005305346101522445
2030,544.6864292621613,0.05786764694081923,0.0016553997993469238,0.010193950310349465,0.000435735285282135
2040,547.4696528911591,0.04299678167804033,0.0017655085772275924,0.010094077885150909,0.00041248463094234467
2050,550.3176648616791,0.02572184963602786,0.0016990318894386292,0.010379204899072647,0.0004220031201839447
2060,552.8470177650452,0.02972361337746714,0.0016486510634422303,0.010597197711467743,0.0004068225622177124
2070,555.6838128566742,0.025661077817575983,0.0017121873795986175,0.01011396236717701,0.0004207693040370941
2080,558.3777813911438,0.03280564170795919,0.0017228391021490096,0.010474074259400367,0.0004009854048490524
2090,561.2473931312561,0.03719570533653036,0.0017047807574272155,0.010088169947266579,0.0004187755286693573
2100,564.4807531833649,0.016775228705734623,0.001731528341770172,0.010228832811117172,0.0004530265927314758
2110,567.3293187618256,0.04849274509809594,0.001748475804924965,0.01035088337957859,0.0004265323281288147
2120,570.2126729488373,0.021607062791972866,0.0016889676451683044,0.010273376479744911,0.00042014680802822114
2130,573.087658405304,0.035686859280677295,0.001694018766283989,0.009863174334168435,0.00042579807341098786
2140,575.7025747299194,0.05428717284083604,0.0016809388995170592,0.010178816318511964,0.00043441541492938995
2150,578.7375280857086,0.025110012370376245,0.0017217956483364105,0.010337670892477035,0.00045416876673698425
2160,582.0302224159241,0.03153990736899885,0.0016955602914094925,0.009962324053049088,0.0004552926868200302
2170,584.893816947937,0.0246460043851535,0.0016659807413816452,0.010615748912096023,0.00042748525738716124
2180,587.72030210495,0.04212512887529929,0.0017326131463050842,0.010052968934178352,0.00041556619107723235
2190,590.5335142612457,0.03134070904960242,0.0017474889755249023,0.010030199587345124,0.00041480325162410734
2200,593.2342617511749,0.02471214952571228,0.0016980566084384917,0.010068318247795105,0.000395834818482399
2210,596.0761592388153,0.017503009111161295,0.0017341546714305877,0.010372430831193925,0.00041453838348388673
2220,598.4613032341003,0.02333814555167224,0.0017205357551574707,0.010047286748886108,0.00039996728301048277
2230,600.4629142284393,0.019892981131566588,0.0017248213291168213,0.010445009544491768,0.0002970706671476364
2240,602.6514620780945,0.022125273476201524,0.0017742160707712173,0.010371789708733559,0.00030884891748428345
2250,604.6612091064453,0.033812944329133024,0.0017112120985984802,0.010142766311764717,0.00030308254063129427
2260,606.6283934116364,0.03141519875964087,0.0016415711492300034,0.010269599407911301,0.00029575936496257783
2270,608.6062977313995,0.05504532563332774,0.0017938241362571716,0.00995355136692524,0.0002992995083332062
2280,610.5784718990326,0.0299257318712282,0.001671035960316658,0.01020744927227497,0.00029091350734233856
2290,612.6276199817657,0.03340831901309689,0.0016569722443819045,0.010414929687976837,0.0003031827509403229
2300,614.5968027114868,0.024378084078820406,0.0016920622438192368,0.009888437390327454,0.00029486529529094697
2310,616.5738141536713,0.02042935799583794,0.0017002943903207778,0.010281898453831673,0.00030095279216766355
2320,620.6514942646027,0.012028983672505577,0.0017117839306592941,0.01026877760887146,0.0007555630058050155
2330,624.6640701293945,0.02928598380372014,0.0017842929810285568,0.009828436002135277,0.0006519827991724014
2340,627.9320166110992,0.03743740718683301,0.0016811970621347428,0.010519128665328026,0.0005842506885528565
2350,632.4157485961914,0.028183355496964824,0.0016471117734909058,0.010492904856801034,0.000852905958890915
2360,637.0001695156097,0.023803482989964264,0.0016989335417747498,0.010322093218564986,0.000882956013083458
2370,641.4975988864899,0.02019352401302783,0.0017480064183473588,0.009941909462213516,0.0008601192384958267
2380,644.7292749881744,0.021453554318815748,0.001705283299088478,0.010593490675091743,0.0006150629371404648
2390,647.6033585071564,0.0203979700994096,0.0016989454627037049,0.010493304952979088,0.00042950548231601715
2400,650.4076147079468,0.023170255014437792,0.0017300345003604888,0.010168531537055969,0.0004099186509847641
2410,653.1592590808868,0.026369232596942637,0.0017193380743265152,0.010041537135839463,0.0004065871238708496
2420,655.8251464366913,0.020590604791086476,0.0017152145504951478,0.010191019251942634,0.0003958083689212799
2430,658.6888933181763,0.019591515853193808,0.0017428230494260788,0.009937996789813042,0.0004236847162246704
2440,661.9306569099426,0.012791616995278,0.0016799617558717727,0.010361021384596825,0.0004991576075553894
2450,664.4155790805817,0.03175362876122745,0.0016902510076761245,0.010332166403532028,0.0004110943526029587
2460,666.515697479248,0.0274074965495368,0.0017332617193460465,0.00999177098274231,0.00031364560127258303
2470,668.5867865085602,0.010248876833601272,0.0017069682478904724,0.010051865503191948,0.00031687729060649874
2480,670.6757736206055,0.04967779333900979,0.0017100796103477478,0.010330796986818314,0.0003210335969924927
2490,672.7109785079956,0.013255033973535136,0.0016770310699939727,0.010189135745167732,0.00031266063451766967
2500,674.778945684433,0.01865365113481361,0.0017413806170225143,0.010129763558506966,0.0003138087689876556
2510,676.8674213886261,0.017841382866645317,0.0017008762806653976,0.010169269144535064,0.00032225139439105986
2520,678.9438734054565,0.010566891893791541,0.0017172444611787796,0.010509847477078438,0.00031771473586559293
2530,680.9377455711365,0.027307827036875888,0.0016679838299751282,0.01066504791378975,0.0003418825566768646
2540,683.671820640564,0.01399387543785613,0.0017222795635461808,0.010300499945878982,0.00041362009942531587
2550,685.7133693695068,0.026845053557496446,0.001704223081469536,0.010244325920939445,0.0002891402691602707
2560,687.6792197227478,0.016674619490506103,0.0017200265079736709,0.010002980381250382,0.00029213689267635343
2570,689.6542720794678,0.02340685468857371,0.0017067298293113708,0.010347536951303481,0.00029403194785118105
2580,692.2829837799072,0.011138012933250941,0.0016947221010923386,0.010128196701407433,0.0004218723624944687
2590,696.4722697734833,0.014025219643230646,0.0017563674598932266,0.01016792543232441,0.0008094079792499542
2600,698.5861494541168,0.027253212738237532,0.0017144910991191864,0.010493402928113937,0.0003163609653711319
2610,700.4831674098969,0.009992275253536142,0.001664971187710762,0.009905252978205681,0.00032494924962520597
2620,702.8354797363281,0.009742608413810893,0.0016812000423669815,0.010138074308633805,0.0003412801772356033
2630,705.0598537921906,0.01592549840796007,0.0017400950193405152,0.010274270176887512,0.00033166781067848203
2640,707.1043474674225,0.019746432610895526,0.0016905717551708222,0.010431119427084922,0.0003153573721647263
2650,709.158171415329,0.006427445717232238,0.0017393775284290313,0.010274673625826836,0.0003176901489496231
2660,711.2251017093658,0.02962606560846026,0.0016782429069280625,0.010294144600629806,0.00031452588737010954
2670,713.3328366279602,0.015771107677584828,0.0017407763749361037,0.010126133263111115,0.0003236748278141022
2680,715.4077293872833,0.02113598762183779,0.0017351161688566208,0.009960231184959412,0.00032188817858695983
2690,717.3052458763123,0.03585363024167543,0.0016439825296401978,0.010099266096949578,0.0003255099058151245
2700,719.3671970367432,0.020691304111722663,0.0017392203211784364,0.010101371631026267,0.00031906887888908384
2710,721.5390756130219,0.025895726384756502,0.001722455769777298,0.01010192446410656,0.00032271817326545715
2720,723.9216754436493,0.027067490924253867,0.0016926493495702743,0.01057036519050598,0.00033368729054927826
2730,726.0783152580261,0.02546128776531733,0.0016417045146226883,0.010574006661772727,0.00031967461109161377
2740,728.1936359405518,0.022326936349907456,0.0017391301691532135,0.00979749783873558,0.00031664595007896423
2750,730.356353521347,0.026928635739127915,0.001757228747010231,0.010131997615098953,0.0003221206367015839
2760,732.5064578056335,0.018480165286911564,0.0016465626657009124,0.010241976007819176,0.000317392498254776
2770,734.5310723781586,0.007693946869931412,0.0017621498554944992,0.010392466932535172,0.00032850466668605806
2780,736.6682014465332,0.02014243856066613,0.0017443105578422546,0.009840484336018562,0.00031531527638435365
2790,738.7954936027527,0.012786775520128569,0.0017603013664484024,0.010007326304912568,0.0003165930509567261
2800,740.9287738800049,0.019035976083783445,0.0016324110329151154,0.010614906251430512,0.00031779371201992037
2810,743.1949553489685,0.009192745484321807,0.0017067894339561462,0.010133883729577065,0.0003261897712945938
2820,745.5261313915253,0.008552191602902947,0.0016293201595544815,0.010446019843220711,0.00033392533659934995
2830,747.6477863788605,0.007595687819418084,0.001771976426243782,0.010458424314856529,0.00031510964035987856
2840,749.8131368160248,0.0283434145074138,0.0017059653997421264,0.010127772018313408,0.0003178521990776062
2850,751.8256349563599,0.004526302229913015,0.0017122909426689147,0.010138855874538421,0.000330975279211998
2860,753.9642567634583,0.014787908053005849,0.0017213806509971618,0.010190001875162124,0.0003193013370037079
2870,756.1294045448303,0.014981167273424845,0.0016740988940000534,0.010118992254137992,0.0003187999129295349
2880,758.3614468574524,0.007861171339826823,0.0017249129712581634,0.009929722175002098,0.0003220502287149429
2890,760.5333530902863,0.02502336257931157,0.0016974445432424545,0.010465914756059647,0.0003237340599298477
2900,762.8084392547607,0.0053049204802912975,0.001679961010813713,0.010736574977636337,0.00032489299774169923
2910,765.2433915138245,0.012907686038663102,0.001725791022181511,0.010181091353297233,0.0003294568508863449
2920,767.3473324775696,0.007974366181131343,0.0017489325255155563,0.009901221469044685,0.00031260959804058075
2930,769.2848181724548,0.009653780311440995,0.0016928929835557938,0.010709962621331216,0.0003185860812664032
2940,771.4238021373749,0.020457292087411337,0.001739313453435898,0.010296739265322685,0.000315345823764801
2950,773.6861085891724,0.004765066288763853,0.001643139496445656,0.010398316755890846,0.0003396756947040558
2960,775.8505418300629,0.010052470226612664,0.0017863288521766663,0.009920181706547737,0.00032481513917446134
2970,778.0325086116791,0.007779718722217166,0.0017716232687234879,0.009740290045738221,0.0003250263631343842
2980,780.2087268829346,0.01933492066047098,0.0016927458345890045,0.010048605129122734,0.00031651556491851807
2990,782.457353591919,0.006733529107770942,0.0016543269157409668,0.010500945895910264,0.0003254931420087814
3000,784.8429532051086,0.01918579243642742,0.0016726270318031312,0.010374839603900909,0.00033148601651191714
3010,786.7889585494995,0.02823182037711307,0.0017022226005792619,0.010521787405014037,0.00032583959400653837
3020,788.9314172267914,0.005419285399221452,0.0017146021127700806,0.010255854949355126,0.00031788088381290436
3030,791.037449836731,0.010690153863390783,0.0016981549561023712,0.010536939650774003,0.0003153286874294281
3040,793.1957530975342,0.009732960799130197,0.0016970865428447724,0.010316978394985198,0.00032128840684890746
3050,795.3496165275574,0.014049894072623515,0.0016835980117321015,0.010220594704151154,0.0003213841468095779
3060,797.5039410591125,0.017152395725396175,0.0016738612204790116,0.010292637348175048,0.00032077357172966003
3070,799.5721085071564,0.056918261297829245,0.001748814806342125,0.009950880333781243,0.00031540095806121827
3080,801.706057548523,0.04615950317384958,0.0017497502267360687,0.009859804064035416,0.00032039470970630647
3090,803.7020750045776,0.05451059305871142,0.0016707193106412887,0.010285266116261483,0.0003273598849773407
3100,806.0826051235199,0.034912635489896274,0.0017480775713920593,0.010058766230940819,0.0003338634967803955
3110,808.1998698711395,0.018294548557950496,0.001728503778576851,0.010472243279218673,0.00031873397529125214
3120,810.3601787090302,0.03554446401153093,0.0016924161463975906,0.010071846097707749,0.00032913647592067716
3130,812.4253997802734,0.014954352637988855,0.0016488365828990937,0.010051142051815986,0.0003196079283952713
3140,814.5263316631317,0.029756698251937008,0.0017488319426774979,0.010285207256674766,0.0003161698579788208
3150,816.6938490867615,0.015533161563400432,0.0016873296350240707,0.010528364777565002,0.0003361232578754425
3160,818.802374124527,0.014638481335698917,0.0017239615321159364,0.010054396837949753,0.00031952671706676484
3170,820.6849863529205,0.011356640657524463,0.0017647258937358856,0.010247588902711869,0.0003215886652469635
3180,822.7668418884277,0.010600873983522474,0.001708545908331871,0.010497008636593818,0.0003175672143697739
3190,825.5045640468597,0.01119037492467132,0.0017411455512046814,0.010360437631607055,0.0004038751125335693
3200,827.6725924015045,0.005358870698251428,0.0017226316034793855,0.010286862030625343,0.0003182046115398407
3210,829.7839121818542,0.014459832287571705,0.001707511767745018,0.010111723095178604,0.0003157198429107666
3220,831.8445127010345,0.011729749998820283,0.0016828447580337525,0.01018485687673092,0.0003074068576097488
3230,833.9441282749176,0.020609685354991303,0.001761706918478012,0.01006798930466175,0.000314679741859436
3240,835.859216928482,0.061917120663545176,0.0016580335795879364,0.00978611521422863,0.0003198679536581039
3250,838.0212152004242,0.020040831727645703,0.0017175141721963883,0.01039961613714695,0.00030702203512191775
3260,840.2650637626648,0.035100973489544704,0.0017086043953895569,0.010412574931979179,0.00036823488771915437
3270,842.639741897583,0.010340460712170341,0.0016730602830648423,0.010296780243515968,0.0003741741180419922
3280,845.1079759597778,0.021132191827080128,0.0017154548317193986,0.010112060233950615,0.0003382079303264618
3290,849.6432063579559,0.011002895954524639,0.0016509529203176498,0.010232154279947281,0.0008639421314001084
3300,854.158863067627,0.014612480606643174,0.001728641241788864,0.01034923829138279,0.0008538622409105301
3310,858.6721413135529,0.010736251882889602,0.0017633508890867234,0.010176441073417664,0.0008745502680540084
3320,862.8837130069733,0.01937000778172506,0.0017151329666376114,0.009893566370010376,0.0008844897150993347
3330,865.9312744140625,0.005790566426554599,0.0016285680234432221,0.010417087003588676,0.0004828721284866333
3340,870.1446962356567,0.006969225811961644,0.0016715887933969498,0.010086915269494057,0.0007657427340745926
3350,874.5742189884186,0.00724023534417062,0.0017095480114221572,0.010080191865563392,0.0008276246488094329
3360,879.166835308075,0.003800123819027168,0.0016492925584316253,0.010190651565790177,0.0008662696927785873
3370,883.6729743480682,0.008577946425628258,0.0017405163496732711,0.010092495381832123,0.0008579093962907791
3380,886.8288884162903,0.010361081392347326,0.0017668023705482484,0.010405166447162629,0.0004961427301168441
3390,888.9075291156769,0.00981143392790762,0.0018100276589393615,0.010142600908875466,0.00026910528540611265
3400,890.6648914813995,0.007306613923395355,0.0017631471157073975,0.010061727464199066,0.000255512073636055
3410,892.5941734313965,0.004018333769808535,0.0017269033938646316,0.010512977465987205,0.0002625446766614914
3420,894.4937160015106,0.02231585588014624,0.001663786545395851,0.00996103249490261,0.00025417245924472807
3430,896.3888163566589,0.002433736978734524,0.00171181820333004,0.010248163715004921,0.0002484437078237534
3440,898.2556240558624,0.002564801148472395,0.0017148640006780624,0.010552768036723137,0.00024716295301914216
3450,900.1576707363129,0.005263908431797826,0.0016814261674880982,0.009988481551408768,0.0002504590898752213
3460,901.9919891357422,0.00855860146340417,0.0017232317477464676,0.010398327559232711,0.00024242065846920015
3470,903.9969663619995,0.0019618270098154646,0.0017086002975702287,0.010228213295340538,0.00025478526949882505
3480,906.6778724193573,0.010559627055561438,0.00179082453250885,0.009801910817623138,0.00042234621942043303
3490,908.5393552780151,0.016214136834489534,0.0017159081995487212,0.010250220447778702,0.0002545051276683807
3500,910.3587248325348,0.0051941666576620586,0.0017497658729553223,0.010055551677942276,0.00025095939636230467
3510,912.1956567764282,0.0018991833981726104,0.001637580618262291,0.010074523836374282,0.0002528354525566101
3520,914.0743069648743,0.012659754782974098,0.0017159510403871535,0.010180211812257766,0.00025836825370788573
3530,915.9211735725403,0.006667646027979002,0.0016834687441587449,0.01050747036933899,0.00025528743863105773
3540,918.6094522476196,0.0022329663937291633,0.001609046757221222,0.010444367304444313,0.000372207909822464
3550,921.4063215255737,0.007058872336627231,0.0017725158482789992,0.010087048262357711,0.0004070885479450226
3560,923.7929320335388,0.09994454457123994,0.0017661400139331817,0.010425367206335068,0.0003929052501916885
3570,927.5744347572327,0.07685348800642869,0.001711525022983551,0.010269606113433838,0.0006785638630390167
3580,930.4973800182343,0.09332661961735407,0.0017061695456504823,0.010319331660866737,0.00042946487665176394
3590,933.3284692764282,0.06449084177986757,0.0017835590988397598,0.010229646414518356,0.00041709579527378083
3600,936.2061305046082,0.03856245686738735,0.0016443662345409394,0.010490240156650543,0.0004274588078260422
3610,939.199277639389,0.026671091687977676,0.0017117597162723541,0.0097990233451128,0.0004388362169265747
3620,943.597706079483,0.03420990742614569,0.0017178259789943696,0.010058550536632538,0.0008288614451885223
3630,946.2658829689026,0.04201301095950365,0.001660991832613945,0.01061616986989975,0.00036725960671901703
3640,948.4204940795898,0.059248308535387276,0.0016678061336278915,0.010178667679429054,0.00034675225615501406
3650,951.2737936973572,0.03175505604516744,0.0017272960394620895,0.009869883954524993,0.00041789114475250245
3660,954.1610069274902,0.023541998011629883,0.0017307475209236145,0.010127659514546394,0.00042371302843093874
3670,956.8283348083496,0.020424692965620505,0.0016804873943328858,0.01043262667953968,0.00038607269525527956
3680,959.8253555297852,0.0304778213816131,0.0017394926398992538,0.010187919437885284,0.0004579387605190277
3690,964.3950643539429,0.04139169570179626,0.0016939561814069749,0.010424268245697022,0.0008925918489694595
3700,967.968754529953,0.024332274419863097,0.001691865175962448,0.01051834262907505,0.0006070200353860856
3710,969.8882949352264,0.023333761838336596,0.0017289157956838607,0.010160260275006295,0.00027248784899711607
3720,971.5849273204803,0.027109191749390325,0.001737787202000618,0.010233831778168678,0.00026963166892528533
3730,973.4185740947723,0.022916464656917122,0.001674971729516983,0.010404474660754203,0.0002626858651638031
3740,975.258623123169,0.01651574256407682,0.0017351791262626647,0.009895686805248261,0.00026613473892211914
3750,977.1373383998871,0.03111005217032259,0.0017226729542016983,0.010448883846402168,0.0002684634178876877
3760,979.0759558677673,0.01975265057005606,0.0017048273235559463,0.01025029607117176,0.0002776671200990677
3770,980.9108533859253,0.012868023333538292,0.0016581378877162933,0.010620678588747979,0.00026319026947021487
3780,982.7267196178436,0.020726184343432187,0.0017093807458877564,0.009955698996782303,0.000261509045958519
3790,984.6634285449982,0.013321804914777236,0.0017128322273492814,0.010046577081084251,0.0002794679254293442
3800,987.2669675350189,0.01769092961270602,0.0017517611384391784,0.010611854866147042,0.0004501320421695709
3810,989.3358027935028,0.01808314142240184,0.0017093636095523834,0.010448233038187028,0.00030820779502391813
3820,991.3233680725098,0.023372877171616468,0.0017257381230592727,0.009986046329140663,0.0002953693270683289
3830,993.2844240665436,0.02015645359565612,0.0017017655074596405,0.010210569202899932,0.00028987452387809756
3840,995.2709093093872,0.009365697441997533,0.001684119924902916,0.010317864641547204,0.0002938374876976013
3850,997.3920516967773,0.015808686786887072,0.001640002802014351,0.010360641777515412,0.00031051598489284515
3860,999.3981063365936,0.021128503364749963,0.0017695821821689605,0.010333267971873283,0.000301099568605423
3870,1001.3823959827423,0.013156196821895816,0.0017150145024061203,0.00990675576031208,0.0003021184355020523
3880,1003.1953077316284,0.012167183076849919,0.0017789844423532486,0.010272068530321121,0.00030130557715892794
3890,1005.2538447380066,0.014601996635680603,0.0016712181270122529,0.010379419848322868,0.0003002200275659561
3900,1007.4156239032745,0.0176069565161709,0.0017504967749118806,0.01012551374733448,0.0003162018954753876
3910,1009.5769131183624,0.016021543451028464,0.001702626794576645,0.010256769880652428,0.00032586157321929933
3920,1011.5694184303284,0.019729270956639254,0.0016885321587324143,0.01045287325978279,0.000302848219871521
3930,1013.5863311290741,0.007008631645962127,0.0016927458345890045,0.010281111299991607,0.00029967688024044035
3940,1015.6038587093353,0.005422055671868753,0.0017299950122833252,0.009788382798433304,0.0003051605075597763
3950,1017.545654296875,0.01694879286029367,0.0017240893095731736,0.010195610299706458,0.0002865258604288101