#=== ait_temp_context_endtoend_base_w100_5b5a_0.001lr ===
#
#Metrics:
#  Accuracy: 0.8951 | Micro F1: 0.8951 | Macro F1: 0.6961 | 
#  False Alarms: 11100 | False Alarm Rate: 0.1108
#  Missed Attacks: 1 | Detection Rate: 0.9998
#
#Per-Class Metrics:
#  [phase1] P=0.2693 | R=1.0000 | F1=0.4243 | 
#  [phase2] P=0.9971 | R=1.0000 | F1=0.9985 | 
#  [phase3] P=0.8889 | R=1.0000 | F1=0.9412 | 
#  [phase4] P=0.0963 | R=0.9853 | F1=0.1754 | 
#
#Inference time:
#  Average: 0.0005 | Total: 55.4216
#
#Confusion Matrix:
#         	      	      	      	Actual	      	      
#         	      	benign	phase1	phase2	phase3	phase4
#         	benign	 89063	     0	     0	     0	     1
#Predicted	phase1	 10465	  3856	     0	     0	     0
#         	phase2	     5	     0	  1701	     0	     0
#         	phase3	     1	     0	     0	     8	     0
#         	phase4	   629	     0	     0	     0	    67
i,time,loss,ground_time,compile_time,eval_time
10,0.6700642108917236,0.5199240196494449,0.0019657287597656266,0.01181004524230957,0.0002756071090698242
20,1.3939847946166992,0.41454086480642227,0.002184143066406251,0.013122272491455075,0.00042298603057861335
30,2.187446117401123,0.10762172604425364,0.0021841430664062507,0.013122272491455075,0.00045176410675048796
40,2.902742624282837,0.009932671929509595,0.002184143066406251,0.013122272491455075,0.0004153308868408203
50,4.407884359359741,0.0019140575904931015,0.0021841430664062507,0.01312227249145508,0.0010368022918701167