#=== ait_temp_context_endtoend_base_w100_5b5a_0.001lr ===
#
#Metrics:
#  Accuracy: 0.8951 | Micro F1: 0.8951 | Macro F1: 0.6961 | 
#  False Alarms: 11100 | False Alarm Rate: 0.1108
#  Missed Attacks: 1 | Detection Rate: 0.9998
#
#Per-Class Metrics:
#  [phase1] P=0.2693 | R=1.0000 | F1=0.4243 | 
#  [phase2] P=0.9971 | R=1.0000 | F1=0.9985 | 
#  [phase3] P=0.8889 | R=1.0000 | F1=0.9412 | 
#  [phase4] P=0.0963 | R=0.9853 | F1=0.1754 | 
#
#Inference time:
#  Average: 0.0005 | Total: 52.6338
#
#Confusion Matrix:
#         	      	      	      	Actual	      	      
#         	      	benign	phase1	phase2	phase3	phase4
#         	benign	 89063	     0	     0	     0	     1
#Predicted	phase1	 10465	  3856	     0	     0	     0
#         	phase2	     5	     0	  1701	     0	     0
#         	phase3	     1	     0	     0	     8	     0
#         	phase4	   629	     0	     0	     0	    67
i,time,loss,ground_time,compile_time,eval_time
10,0.5294828414916992,0.4353552551938284,0.00197563362121582,0.01206368350982671,0.00020176601409912105
20,1.0912086963653564,0.28251505242640645,0.002195148468017579,0.013404092788696345,0.00033599853515625005
30,1.5107593536376953,0.04271929457880113,0.002195148468017579,0.013404092788696345,0.00023408699035644504
40,1.9310855865478516,0.004817145302313362,0.0021951484680175787,0.013404092788696342,0.0002292261123657227
50,2.3530936241149902,0.0013371808536067678,0.0021951484680175787,0.013404092788696345,0.00023048782348632818