#=== ait_temp_context_endtoend_base_w100_5b5a_0.001lr ===
#
#Metrics:
#  Accuracy: 0.8951 | Micro F1: 0.8951 | Macro F1: 0.6961 | 
#  False Alarms: 11100 | False Alarm Rate: 0.1108
#  Missed Attacks: 1 | Detection Rate: 0.9998
#
#Per-Class Metrics:
#  [phase1] P=0.2693 | R=1.0000 | F1=0.4243 | 
#  [phase2] P=0.9971 | R=1.0000 | F1=0.9985 | 
#  [phase3] P=0.8889 | R=1.0000 | F1=0.9412 | 
#  [phase4] P=0.0963 | R=0.9853 | F1=0.1754 | 
#
#Inference time:
#  Average: 0.0005 | Total: 52.5795
#
#Confusion Matrix:
#         	      	      	      	Actual	      	      
#         	      	benign	phase1	phase2	phase3	phase4
#         	benign	 89063	     0	     0	     0	     1
#Predicted	phase1	 10465	  3856	     0	     0	     0
#         	phase2	     5	     0	  1701	     0	     0
#         	phase3	     1	     0	     0	     8	     0
#         	phase4	   629	     0	     0	     0	    67
i,time,loss,ground_time,compile_time,eval_time
10,0.6382734775543213,0.4498474899677623,0.00192755126953125,0.011831425666809097,0.00024181461334228495
20,1.2425050735473633,0.3247322199398515,0.0021417236328124998,0.013146028518676781,0.0002924585342407228
30,1.8636417388916016,0.0570310564826105,0.0021417236328124998,0.013146028518676781,0.0002941551208496094
40,2.459571123123169,0.004748163695858308,0.0021417236328125,0.013146028518676777,0.00028535461425781256
50,3.071744203567505,0.0010902938285472174,0.0021417236328125006,0.013146028518676777,0.00029249954223632837