#=== ait_temp_endtoend_base_w100_5b5a_0.001lr ===
#
#Metrics:
#  Accuracy: 0.0538 | Micro F1: 0.0538 | Macro F1: 0.0927 | 
#  False Alarms: 100109 | False Alarm Rate: 0.9995
#  Missed Attacks: 0 | Detection Rate: 1.0000
#
#Per-Class Metrics:
#  [phase1] P=0.0430 | R=1.0000 | F1=0.0824 | 
#  [phase2] P=0.1192 | R=1.0000 | F1=0.2129 | 
#  [phase3] P=0.0421 | R=1.0000 | F1=0.0808 | 
#  [phase4] P=0.0450 | R=1.0000 | F1=0.0862 | 
#
#Inference time:
#  Average: 0.0017 | Total: 176.9807
#
#Confusion Matrix:
#         	      	      	      	Actual	      	      
#         	      	benign	phase1	phase2	phase3	phase4
#         	benign	    54	     0	     0	     0	     0
#Predicted	phase1	 85911	  3856	     0	     0	     0
#         	phase2	 12574	     0	  1701	     0	     0
#         	phase3	   182	     0	     0	     8	     0
#         	phase4	  1442	     0	     0	     0	    68
i,time,loss,ground_time,compile_time,eval_time
10,1.58864426612854,0.6369080232456327,0.0012499780654907223,0.012026535987854,0.000643381118774414
20,3.502210855484009,0.5878280680626631,0.0013888645172119142,0.013362817764282211,0.000894926071166992
30,5.394824504852295,0.479640856012702,0.0013888645172119142,0.013362817764282215,0.0009134120941162114
40,7.2679784297943115,0.42723944429308175,0.0013888645172119142,0.013362817764282215,0.0008653230667114258
50,9.123748779296875,0.3458341372315772,0.0013888645172119142,0.013362817764282215,0.0008859224319458006