#=== ait_temp_context_endtoend_base_w100_10b10a_0.001lr ===
#
#Metrics:
#  Accuracy: 0.8951 | Micro F1: 0.8951 | Macro F1: 0.6961 | 
#  False Alarms: 11100 | False Alarm Rate: 0.1108
#  Missed Attacks: 1 | Detection Rate: 0.9998
#
#Per-Class Metrics:
#  [phase1] P=0.2693 | R=1.0000 | F1=0.4243 | 
#  [phase2] P=0.9971 | R=1.0000 | F1=0.9985 | 
#  [phase3] P=0.8889 | R=1.0000 | F1=0.9412 | 
#  [phase4] P=0.0963 | R=0.9853 | F1=0.1754 | 
#
#Inference time:
#  Average: 0.0005 | Total: 57.7410
#
#Confusion Matrix:
#         	      	      	      	Actual	      	      
#         	      	benign	phase1	phase2	phase3	phase4
#         	benign	 89063	     0	     0	     0	     1
#Predicted	phase1	 10465	  3856	     0	     0	     0
#         	phase2	     5	     0	  1701	     0	     0
#         	phase3	     1	     0	     0	     8	     0
#         	phase4	   629	     0	     0	     0	    67
i,time,loss,ground_time,compile_time,eval_time
10,1.5190560817718506,0.46307365223749175,0.0021574659347534117,0.01221148824691768,0.00036321640014648395
20,3.036510467529297,0.3424653355030406,0.002397184371948235,0.01356832027435296,0.00043360233306884773
30,4.589205980300903,0.11354343465918837,0.0023971843719482354,0.01356832027435296,0.00044818449020385745
40,6.108125686645508,0.09790698893030103,0.0023971843719482354,0.01356832027435296,0.00044360494613647467
50,7.621397972106934,0.09556200024508335,0.002397184371948236,0.013568320274352957,0.0004371690750122068