#=== ait_temp_endtoend_base_w100_5b5a_0.001lr ===
#
#Metrics:
#  Accuracy: 0.0548 | Micro F1: 0.0548 | Macro F1: 0.0933 | 
#  False Alarms: 99994 | False Alarm Rate: 0.9983
#  Missed Attacks: 0 | Detection Rate: 1.0000
#
#Per-Class Metrics:
#  [phase1] P=0.0430 | R=1.0000 | F1=0.0825 | 
#  [phase2] P=0.1192 | R=1.0000 | F1=0.2129 | 
#  [phase3] P=0.0421 | R=1.0000 | F1=0.0808 | 
#  [phase4] P=0.0454 | R=1.0000 | F1=0.0868 | 
#
#Inference time:
#  Average: 0.0023 | Total: 242.6506
#
#Confusion Matrix:
#         	      	      	      	Actual	      	      
#         	      	benign	phase1	phase2	phase3	phase4
#         	benign	   169	     0	     0	     0	     0
#Predicted	phase1	 85808	  3856	     0	     0	     0
#         	phase2	 12574	     0	  1701	     0	     0
#         	phase3	   182	     0	     0	     8	     0
#         	phase4	  1430	     0	     0	     0	    68
i,time,loss,ground_time,compile_time,eval_time
10,0.59375,0.5862946735695005,0.0012013635635375983,0.011766263008117655,0.0001715393066406251
20,1.106184482574463,0.5665169041603804,0.0013348484039306654,0.013073625564575178,0.00020643997192382806
30,1.6015052795410156,0.48366923225112257,0.0013348484039306652,0.013073625564575175,0.00019455814361572272
40,2.1023752689361572,0.41967805474996567,0.0013348484039306654,0.013073625564575173,0.00019206905364990237
50,2.6028692722320557,0.30909057704266163,0.0013348484039306652,0.01307362556457517,0.00019227790832519533