#=== ait_flags_neg_scratch_reduced_w10_500b30a ===
#
#Metrics:
#  Accuracy: 0.9467 | Macro Precision: 0.1893 | Macro Recall: 0.2000 | Macro F1: 0.1945
#  False Alarms: 0 | False Alarm Rate: 0.0000
#  Missed Attacks: 7514 | Detection Rate: 0.0000
#
#Per-Class Metrics:
#  [phase4] P=0.0000 | R=0.0000 | F1=0.0000 | 
#  [phase1] P=0.0000 | R=0.0000 | F1=0.0000 | 
#  [phase2] P=0.0000 | R=0.0000 | F1=0.0000 | 
#  [phase3] P=0.0000 | R=0.0000 | F1=0.0000 | 
#
#Confusion Matrix:
#         	      	      	      	Actual	      	      
#         	      	benign	phase4	phase1	phase2	phase3
#         	benign	133582	  5144	  2268	    11	    91
#Predicted	phase4	     0	     0	     0	     0	     0
#         	phase1	     0	     0	     0	     0	     0
#         	phase2	     0	     0	     0	     0	     0
#         	phase3	     0	     0	     0	     0	     0
i,time,loss,ground_time,compile_time,eval_time
10,0.849865198135376,0.3887938410975039,0.002345834255218516,0.0002672038078308118,0.0002647795677185059