#=== ait_flags_neg_scratch_reduced_w10_1000b50a ===
#
#Metrics:
#  Accuracy: 0.9473 | Macro Precision: 0.3596 | Macro Recall: 0.4000 | Macro F1: 0.3784
#  False Alarms: 16 | False Alarm Rate: 0.0001
#  Missed Attacks: 7423 | Detection Rate: 0.0121
#
#Per-Class Metrics:
#  [phase4] P=0.0000 | R=0.0000 | F1=0.0000 | 
#  [phase1] P=0.0000 | R=0.0000 | F1=0.0000 | 
#  [phase2] P=0.0000 | R=0.0000 | F1=0.0000 | 
#  [phase3] P=0.8505 | R=1.0000 | F1=0.9192 | 
#
#Confusion Matrix:
#         	      	      	      	Actual	      	      
#         	      	benign	phase4	phase1	phase2	phase3
#         	benign	133566	  5144	  2268	    11	     0
#Predicted	phase4	     0	     0	     0	     0	     0
#         	phase1	     0	     0	     0	     0	     0
#         	phase2	     0	     0	     0	     0	     0
#         	phase3	    16	     0	     0	     0	    91
i,time,loss,ground_time,compile_time,eval_time
10,1.0392813682556152,0.5291053182445467,0.002404728889465327,0.0001828031539916996,0.00016587638854980474
20,2.1958839893341064,0.5768924572505056,0.0026775469779968188,0.00020296096801757842,0.00025988769531250005