#=== darpa_neg_scratch_down_w10 ===
#
#Metrics:
#  Accuracy: 0.9963 | Macro Precision: 0.8069 | Macro Recall: 0.8091 | Macro F1: 0.8080
#  False Alarms: 1 | False Alarm Rate: 0.0002
#  Missed Attacks: 67 | Detection Rate: 0.9952
#
#Per-Class Metrics:
#  [phase1] P=1.0000 | R=1.0000 | F1=1.0000 | 
#  [phase2] P=1.0000 | R=1.0000 | F1=1.0000 | 
#  [phase3] P=0.0000 | R=0.0000 | F1=0.0000 | 
#  [phase4] P=0.8571 | R=0.8571 | F1=0.8571 | 
#  [phase5] P=1.0000 | R=0.9975 | F1=0.9987 | 
#
#Confusion Matrix:
#         	      	      	      	Actual	      	      	      
#         	      	benign	phase1	phase2	phase3	phase4	phase5
#         	benign	  4239	     0	     0	    32	     1	    34
#         	phase1	     0	   307	     0	     0	     0	     0
#Predicted	phase2	     0	     0	    10	     0	     0	     0
#         	phase3	     0	     0	     0	     0	     0	     0
#         	phase4	     1	     0	     0	     0	     6	     0
#         	phase5	     0	     0	     0	     0	     0	 13543
i,time,loss,ground_time,compile_time,eval_time
100,12.459747552871704,0.4174169715896285,0.0012948484420776403,0.00019646410942077898,0.00019653277397155774
200,27.75498104095459,0.2666940618443716,0.0014120237827300846,0.0002850146293640176,0.00027400727272033687
300,45.16917943954468,0.07121666694887747,0.0014723982810973919,0.0003254657745361341,0.0003535892486572264