#=== ait_flags_scratch_aug_w10_20b20a ===
#
#Metrics:
#  Accuracy: 0.0533 | Macro Precision: 0.0497 | Macro Recall: 0.8000 | Macro F1: 0.0923
#  False Alarms: 133582 | False Alarm Rate: 1.0000
#  Missed Attacks: 0 | Detection Rate: 1.0000
#
#Per-Class Metrics:
#  [phase1] P=0.0430 | R=1.0000 | F1=0.0824 | 
#  [phase2] P=0.1182 | R=1.0000 | F1=0.2114 | 
#  [phase3] P=0.0414 | R=1.0000 | F1=0.0794 | 
#  [phase4] P=0.0461 | R=1.0000 | F1=0.0881 | 
#
#Confusion Matrix:
#         	      	      	      	Actual	      	      
#         	      	benign	phase1	phase2	phase3	phase4
#         	benign	     0	     0	     0	     0	     0
#Predicted	phase1	114522	  5144	     0	     0	     0
#         	phase2	 16920	     0	  2268	     0	     0
#         	phase3	   255	     0	     0	    11	     0
#         	phase4	  1885	     0	     0	     0	    91
i,time,loss,ground_time,compile_time,eval_time
10,0.7036864757537842,0.549432076048106,0.0012940740585327094,0.002342786788940436,0.00018728971481323252
20,1.412580966949463,0.6089834836311638,0.001456773281097405,0.0026760373115539632,0.0002161607742309571
30,2.116091728210449,0.5964962029829621,0.0014305801391601499,0.0027029252052307206,0.00021073770523071287
40,2.8824262619018555,0.5945062669925392,0.001442372322082513,0.002728690624237068,0.0002332596778869629