#=== ait_flags_pretrained_aug_w10_100b100a ===
#
#Metrics:
#  Accuracy: 0.9989 | Macro Precision: 0.8051 | Macro Recall: 0.9255 | Macro F1: 0.8520
#  False Alarms: 135 | False Alarm Rate: 0.0010
#  Missed Attacks: 25 | Detection Rate: 0.9967
#
#Per-Class Metrics:
#  [phase1] P=0.9894 | R=1.0000 | F1=0.9947 | 
#  [phase2] P=1.0000 | R=0.9974 | F1=0.9987 | 
#  [phase3] P=0.5294 | R=0.8182 | F1=0.6429 | 
#  [phase4] P=0.5068 | R=0.8132 | F1=0.6245 | 
#
#Confusion Matrix:
#         	      	      	      	Actual	      	      
#         	      	benign	phase1	phase2	phase3	phase4
#         	benign	133447	     0	     6	     2	    17
#Predicted	phase1	    55	  5144	     0	     0	     0
#         	phase2	     0	     0	  2262	     0	     0
#         	phase3	     8	     0	     0	     9	     0
#         	phase4	    72	     0	     0	     0	    74
i,time,loss,ground_time,compile_time,eval_time
10,0.7667810916900635,0.6130580568863905,0.001274685859680175,0.0025128808021545484,0.00017978668212890623
20,1.4241561889648438,0.6003977989174072,0.0014128699302673334,0.002737454414367683,0.00020036602020263657
30,2.1911072731018066,0.496734198058974,0.0014220051765441873,0.002685513973236093,0.0002446308135986328
40,2.9004878997802734,0.46011054142459207,0.0014174222946166987,0.002738260746002205,0.00022605180740356448
50,3.560570478439331,0.4225646743599601,0.001417213439941405,0.002945409297943124,0.0002085876464843749