#=== ait_flags_scratch_aug_w10_50b50a ===
#
#Metrics:
#  Accuracy: 0.0533 | Macro Precision: 0.0497 | Macro Recall: 0.8000 | Macro F1: 0.0923
#  False Alarms: 133582 | False Alarm Rate: 1.0000
#  Missed Attacks: 0 | Detection Rate: 1.0000
#
#Per-Class Metrics:
#  [phase1] P=0.0430 | R=1.0000 | F1=0.0824 | 
#  [phase2] P=0.1182 | R=1.0000 | F1=0.2114 | 
#  [phase3] P=0.0414 | R=1.0000 | F1=0.0794 | 
#  [phase4] P=0.0461 | R=1.0000 | F1=0.0881 | 
#
#Confusion Matrix:
#         	      	      	      	Actual	      	      
#         	      	benign	phase1	phase2	phase3	phase4
#         	benign	     0	     0	     0	     0	     0
#Predicted	phase1	114522	  5144	     0	     0	     0
#         	phase2	 16920	     0	  2268	     0	     0
#         	phase3	   255	     0	     0	    11	     0
#         	phase4	  1885	     0	     0	     0	    91
i,time,loss,ground_time,compile_time,eval_time
10,0.7870242595672607,0.5516416660510004,0.0012996233871270862,0.0020565936534569164,0.0001655933029692749
20,1.5182232856750488,0.6026060025207698,0.0014238308087505128,0.0023067978050174383,0.00018701377356874534
30,2.22554612159729,0.5992961132898926,0.0014328619786377606,0.0023429391841436244,0.00018096492979033233
40,2.9506146907806396,0.5976687456481159,0.0014468583053555968,0.002352014980439483,0.00018459442874480935
50,3.686551332473755,0.5841005322057754,0.001422427954344913,0.0025120377155213496,0.00018949773291061667
60,4.484659671783447,0.5873977186623961,0.0014524133683278622,0.0022079617941174025,0.0002049500443812074
70,5.215825080871582,0.5721126926131547,0.0014183298652542034,0.0022968887640484434,0.00018709001356157761
80,5.9478373527526855,0.5748033141717315,0.0014545377472351313,0.0022743958209095346,0.00018536998280163462
90,6.712847709655762,0.5574393504764885,0.0014289877152648459,0.0024271866370891675,0.00019734703518193344
100,7.497838497161865,0.552891608979553,0.0014373441965415544,0.0022899605719179953,0.00020027423984017874
110,8.249840021133423,0.5486932042986155,0.0014473193292987745,0.0021887391163357356,0.00019352569662291436
120,8.995586633682251,0.521684251120314,0.0014186516789526757,0.0024667130590512827,0.00019138064877740262