#=== ait_temp_baseline_endtoend_base_w100_full_0.001lr ===
#
#Metrics:
#  Accuracy: 0.0532 | Micro F1: 0.0532 | Macro F1: 0.0923 | 
#  False Alarms: 100163 | False Alarm Rate: 1.0000
#  Missed Attacks: 0 | Detection Rate: 1.0000
#
#Per-Class Metrics:
#  [phase1] P=0.0429 | R=1.0000 | F1=0.0823 | 
#  [phase2] P=0.1192 | R=1.0000 | F1=0.2129 | 
#  [phase3] P=0.0421 | R=1.0000 | F1=0.0808 | 
#  [phase4] P=0.0446 | R=1.0000 | F1=0.0855 | 
#
#Inference time:
#  Average: 0.0001 | Total: 11.1268
#
#Confusion Matrix:
#         	      	      	      	Actual	      	      
#         	      	benign	phase1	phase2	phase3	phase4
#         	benign	     0	     0	     0	     0	     0
#Predicted	phase1	 85952	  3856	     0	     0	     0
#         	phase2	 12574	     0	  1701	     0	     0
#         	phase3	   182	     0	     0	     8	     0
#         	phase4	  1455	     0	     0	     0	    68
i,time,loss,ground_time,compile_time,eval_time
100,1.4829535484313965,25.886812907985437,0.00247077252715826,0.012638251557946205,5.7709775865077974e-05
200,2.420839548110962,26.18039250734218,0.0024641361832618714,0.012769392281770707,5.721021443605423e-05
300,3.332453727722168,26.085410872256176,0.0024811847135424612,0.012726536653935909,5.691152065992355e-05
400,4.246551275253296,26.171757813243453,0.002473246268928051,0.012791855037212372,5.7443529367446896e-05
500,5.167897462844849,26.141536383897904,0.002460646964609623,0.012743467465043068,5.8383755385875704e-05
600,6.044297456741333,26.102680260453624,0.0024999286606907844,0.012743878774344922,5.737736821174622e-05
700,6.8680970668792725,26.193344548490273,0.0024394168704748153,0.012785099893808365,5.6317709386348725e-05
800,7.745336532592773,26.124266995700445,0.0025339876487851143,0.012749633640050889,5.796164274215698e-05
900,8.6227445602417,26.21061393668773,0.0024732470884919165,0.012791269905865193,5.909040570259094e-05
1000,9.479470491409302,26.232200671934546,0.0024747956916689874,0.012805211544036865,5.904324352741241e-05
1100,10.347108602523804,26.063824137009355,0.0024621467664837837,0.012796713635325432,5.888350307941437e-05