#=== ait_neg_one_net_scratch_behavioral_w10_500b20a ===
#
#Metrics:
#  Accuracy: 0.9467 | Macro Precision: 0.1893 | Macro Recall: 0.2000 | Macro F1: 0.1945
#  False Alarms: 0 | False Alarm Rate: 0.0000
#  Missed Attacks: 7514 | Detection Rate: 0.0000
#
#Per-Class Metrics:
#  [phase4] P=0.0000 | R=0.0000 | F1=0.0000 | 
#  [phase1] P=0.0000 | R=0.0000 | F1=0.0000 | 
#  [phase2] P=0.0000 | R=0.0000 | F1=0.0000 | 
#  [phase3] P=0.0000 | R=0.0000 | F1=0.0000 | 
#
#Confusion Matrix:
#         	      	      	      	Actual	      	      
#         	      	benign	phase4	phase1	phase2	phase3
#         	benign	133582	  5144	  2268	    11	    91
#Predicted	phase4	     0	     0	     0	     0	     0
#         	phase1	     0	     0	     0	     0	     0
#         	phase2	     0	     0	     0	     0	     0
#         	phase3	     0	     0	     0	     0	     0
i,time,loss,ground_time,compile_time,eval_time
10,0.6879332065582275,1.1677731207195894,0.002897174835205087,0.0001484169960021971,0.00013875818252563488