#=== ait_neg_one_net_scratch_behavioral_w10_20000b20a ===
#
#Metrics:
#  Accuracy: 0.9467 | Macro Precision: 0.1893 | Macro Recall: 0.2000 | Macro F1: 0.1945
#  False Alarms: 0 | False Alarm Rate: 0.0000
#  Missed Attacks: 7514 | Detection Rate: 0.0000
#
#Per-Class Metrics:
#  [phase4] P=0.0000 | R=0.0000 | F1=0.0000 | 
#  [phase1] P=0.0000 | R=0.0000 | F1=0.0000 | 
#  [phase2] P=0.0000 | R=0.0000 | F1=0.0000 | 
#  [phase3] P=0.0000 | R=0.0000 | F1=0.0000 | 
#
#Confusion Matrix:
#         	      	      	      	Actual	      	      
#         	      	benign	phase4	phase1	phase2	phase3
#         	benign	133582	  5144	  2268	    11	    91
#Predicted	phase4	     0	     0	     0	     0	     0
#         	phase1	     0	     0	     0	     0	     0
#         	phase2	     0	     0	     0	     0	     0
#         	phase3	     0	     0	     0	     0	     0
i,time,loss,ground_time,compile_time,eval_time
10,0.3849325180053711,0.05923989098438677,0.002825607776641837,0.00010958194732666037,9.023857116699219e-05
20,0.631436824798584,0.061763007192905686,0.0031891570091247476,0.0001248359680175786,9.183979034423835e-05
30,0.8668296337127686,0.07073487425134782,0.0031694583892822154,0.00012393712997436573,9.632492065429681e-05
40,1.1150050163269043,0.06693923268378378,0.0032238106727599984,0.00012304782867431687,9.488630294799812e-05
50,1.370774269104004,0.05743579780592913,0.003221532821655265,0.00012565994262695351,0.00010643911361694338
60,1.6579270362854004,0.06604749131859547,0.0032272949218749908,0.00012707853317260788,0.00011394119262695315
70,1.9159326553344727,0.05460564102887504,0.003261693954467766,0.00012617397308349658,0.00010828638076782222
80,2.2074458599090576,0.057633083312807434,0.0031588883399963283,0.00012268018722534217,0.00011845779418945316
90,2.572939872741699,0.055110679286569354,0.00323700284957885,0.00012613439559936568,0.00012871503829956044
100,2.875875234603882,0.06430000997991567,0.0032382769584655678,0.00013025140762329144,0.00010922813415527343
110,3.137512445449829,0.0638150210483552,0.0031762838363647364,0.0001249861717224125,9.608173370361317e-05
120,3.3526248931884766,0.053868434949823255,0.0031747851371765065,0.00012322473526001014,8.354711532592775e-05
130,3.582216739654541,0.05439884792925724,0.0031736803054809477,0.00012345838546752979,8.806705474853526e-05
140,3.7833943367004395,0.03943682424633491,0.0032170205116271874,0.00012515974044799855,8.340263366699221e-05
150,4.007739543914795,0.039950444315599395,0.003180016517639152,0.00012411785125732464,8.744668960571284e-05
160,4.239742755889893,0.03807386835016309,0.003187095165252675,0.00012457180023193407,8.913373947143548e-05
170,4.467605113983154,0.0343398285089573,0.0031816444396972586,0.00012448072433471713,8.824491500854492e-05
180,4.69430685043335,0.02701628652776921,0.0031331734657287502,0.00012089824676513707,8.762454986572266e-05
190,4.901415109634399,0.014770302850772321,0.0032175827026367115,0.00012564516067504927,8.62045288085937e-05
200,5.140007972717285,0.024795430245850507,0.0031336255073547287,0.0001233196258544926,9.279870986938482e-05
210,5.346436977386475,0.021633923192525745,0.0031932687759399295,0.00012287616729736374,8.677196502685541e-05
220,5.609943389892578,0.043832128785158145,0.003213713645935051,0.0001288561820983891,9.465885162353513e-05
230,5.8230321407318115,0.010243832842965778,0.0031725740432739192,0.00012510919570922878,8.464527130126951e-05
240,6.0777976512908936,0.027420520467263232,0.0031641569137573155,0.0001244454383850101,9.2742919921875e-05
250,6.312795877456665,0.011740155912966978,0.003169508934020986,0.00012210083007812536,0.00010561895370483402
260,6.555456876754761,0.017230298718480794,0.0031986389160156134,0.000123440265655518,0.00010800743103027348
270,6.8231470584869385,0.02320746842218699,0.0031852793693542395,0.00012437820434570355,0.00010670948028564463
280,7.080948114395142,0.009280066429903446,0.003201842784881582,0.0001268987655639653,9.957218170166018e-05
290,7.359327077865601,0.02301645793398977,0.0032377696037292425,0.00012899398803710975,0.00010185813903808604
300,7.624023914337158,0.01636079538058887,0.003210921764373772,0.0001253361701965337,0.00011107635498046876
310,7.858671426773071,0.009887413109220273,0.003205615520477286,0.00012392187118530313,8.706665039062497e-05
320,8.132457256317139,0.02754775624983081,0.0031980724334716736,0.00012571239471435592,0.00013380670547485365
330,8.466175079345703,0.01757883154702116,0.003279104709625237,0.00013239288330078172,9.921598434448246e-05
340,8.744006633758545,0.015641967840766796,0.0032181863784789973,0.00012608194351196322,0.00011758089065551751
350,9.00955605506897,0.01546023021129091,0.00319839429855346,0.00012366199493408245,0.00010563373565673831
360,9.220925331115723,0.0036362424949436508,0.0032089853286743097,0.00012172269821167027,9.610033035278317e-05
370,9.545642375946045,0.021511703699643586,0.0032238230705261177,0.0001256842613220218,0.00012962436676025403
380,9.83929705619812,0.004721048258063408,0.0032226700782775793,0.0001271882057189945,0.00012265539169311522
390,10.129173517227173,0.028938881114877003,0.0031936817169189377,0.0001266388893127445,9.812259674072264e-05
400,10.383603572845459,0.009075876941463999,0.0032137207984924213,0.00012420606613159236,9.787464141845708e-05