COMMAND: uv run python experiments/models/decision_tree.py experiments/preprocessing/processed_data/stratified/sampled/phase_2/ True
START: 20251216T072041Z

Data shapes:
(90482, 101) (90482,) (90482,)
(50330, 101) (50330,) (50330,)

Training Classifier...
Using class weights: [0.59936144 0.59936144 0.59936144 ... 3.01606667 3.01606667 3.01606667]
Training completed.
Testing Classifier...
Testing completed.
Evaluating Classifier...
Evaluation completed.

=== Decision Tree Classifier Results ===
Accuracy:  0.9999
Precision: 0.6364
Recall:    0.7778
F1-Score:  0.7000
Confusion Matrix:
[[50317     4]
 [    2     7]]

Top 10 feature indices: [  0   7   8  11  37   1 100  35  95  91]
Number of features: 101
numerical__duration: 0.7070
numerical__resp_ip_bytes: 0.1522
categorical__proto_icmp: 0.1397
categorical__service_-: 0.0004
categorical__local_resp_T: 0.0003
numerical__orig_bytes: 0.0003
categorical__ip_proto_17: 0.0000
categorical__local_orig_T: 0.0000
categorical__history_^d: 0.0000
categorical__history_ShAdtDtfFa: 0.0000

Number of misclassified samples: 6
Misclassified samples per phase:
Phase 0: 2 samples
Phase 1: 0 samples
Phase 2: 2 samples
Phase 3: 2 samples
Phase 4: 0 samples
Phase 5: 0 samples

Misclassified samples plot saved to: experiments/results/decision_tree/sample_weights/stratified/sampled/phase_2/misclassified_samples.png

END: 20251216T072043Z
RETURN_CODE: 0
