COMMAND: uv run python experiments/models/decision_tree.py experiments/preprocessing/processed_data/stratified/unbalanced/phase_3/ True
START: 20251216T072029Z

Data shapes:
(75495, 101) (75495,) (75495,)
(50330, 101) (50330,) (50330,)

Training Classifier...
Using class weights: [0.50013912 0.50013912 0.50013912 ... 0.50013912 0.50013912 0.50013912]
Training completed.
Testing Classifier...
Testing completed.
Evaluating Classifier...
Evaluation completed.

=== Decision Tree Classifier Results ===
Accuracy:  0.9999
Precision: 0.8571
Recall:    0.8571
F1-Score:  0.8571
Confusion Matrix:
[[50314     2]
 [    2    12]]

Top 10 feature indices: [ 5  1 35 11 25  7 92 54  0  8]
Number of features: 101
numerical__orig_ip_bytes: 0.6540
numerical__orig_bytes: 0.3424
categorical__local_orig_T: 0.0030
categorical__service_-: 0.0004
categorical__conn_state_OTH: 0.0001
numerical__resp_ip_bytes: 0.0001
categorical__history_ShAfFa: 0.0000
categorical__history_ShA: 0.0000
numerical__duration: 0.0000
categorical__proto_icmp: 0.0000

Number of misclassified samples: 4
Misclassified samples per phase:
Phase 0: 0 samples
Phase 1: 0 samples
Phase 2: 1 samples
Phase 3: 2 samples
Phase 4: 1 samples
Phase 5: 0 samples

Misclassified samples plot saved to: experiments/results/decision_tree/sample_weights/stratified/unbalanced/phase_3/misclassified_samples.png

END: 20251216T072031Z
RETURN_CODE: 0
