COMMAND: uv run python experiments/models/decision_tree.py experiments/preprocessing/processed_data/host_temporal/unbalanced/phase_2/ True
START: 20251216T072053Z

Data shapes:
(61862, 100) (61862,) (61862,)
(63963, 100) (63963,) (63963,)

Training Classifier...
Using class weights: [0.50005658 0.50005658 0.50005658 ... 0.50005658 0.50005658 0.50005658]
Training completed.
Testing Classifier...
Testing completed.
Evaluating Classifier...
Evaluation completed.

=== Decision Tree Classifier Results ===
Accuracy:  0.9998
Precision: 0.5000
Recall:    0.0667
F1-Score:  0.1176
Confusion Matrix:
[[63947     1]
 [   14     1]]

Top 10 feature indices: [ 0  7 26  5  4  1 95 94 91 90]
Number of features: 100
numerical__duration: 0.6259
numerical__resp_ip_bytes: 0.3733
categorical__conn_state_S0: 0.0008
numerical__orig_ip_bytes: 0.0000
numerical__orig_pkts: 0.0000
numerical__orig_bytes: 0.0000
categorical__history_^dtADFf: 0.0000
categorical__history_^d: 0.0000
categorical__history_ShAdtDtfFa: 0.0000
categorical__history_ShAdtDawFf: 0.0000

Number of misclassified samples: 15
Misclassified samples per phase:
Phase 0: 1 samples
Phase 1: 0 samples
Phase 2: 14 samples
Phase 3: 0 samples
Phase 4: 0 samples
Phase 5: 0 samples

Misclassified samples plot saved to: experiments/results/decision_tree/sample_weights/host_temporal/unbalanced/phase_2/misclassified_samples.png

END: 20251216T072055Z
RETURN_CODE: 0
