COMMAND: uv run python experiments/models/decision_tree.py experiments/preprocessing/processed_data/stratified/unbalanced/phase_1/ True
START: 20251216T072025Z

Data shapes:
(75495, 101) (75495,) (75495,)
(50330, 101) (50330,) (50330,)

Training Classifier...
Using class weights: [0.50007949 0.50007949 0.50007949 ... 0.50007949 0.50007949 0.50007949]
Training completed.
Testing Classifier...
Testing completed.
Evaluating Classifier...
Evaluation completed.

=== Decision Tree Classifier Results ===
Accuracy:  1.0000
Precision: 0.8889
Recall:    1.0000
F1-Score:  0.9412
Confusion Matrix:
[[50321     1]
 [    0     8]]

Top 10 feature indices: [98  2  1  5  4  0 95 93 94 91]
Number of features: 101
categorical__ip_proto_1: 0.9997
numerical__resp_bytes: 0.0003
numerical__orig_bytes: 0.0001
numerical__orig_ip_bytes: 0.0000
numerical__orig_pkts: 0.0000
numerical__duration: 0.0000
categorical__history_^d: 0.0000
categorical__history_Sr: 0.0000
categorical__history_^a: 0.0000
categorical__history_ShAdtDtfFa: 0.0000

Number of misclassified samples: 1
Misclassified samples per phase:
Phase 0: 1 samples
Phase 1: 0 samples
Phase 2: 0 samples
Phase 3: 0 samples
Phase 4: 0 samples
Phase 5: 0 samples

Misclassified samples plot saved to: experiments/results/decision_tree/sample_weights/stratified/unbalanced/phase_1/misclassified_samples.png

END: 20251216T072027Z
RETURN_CODE: 0
