COMMAND: uv run python experiments/models/decision_tree.py experiments/preprocessing/processed_data/host_temporal/unbalanced/phase_4/ True
START: 20251216T072057Z

Data shapes:
(61862, 100) (61862,) (61862,)
(63963, 100) (63963,) (63963,)

Training Classifier...
Using class weights: [0.50005658 0.50005658 0.50005658 ... 0.50005658 0.50005658 0.50005658]
Training completed.
Testing Classifier...
Testing completed.
Evaluating Classifier...
Evaluation completed.

=== Decision Tree Classifier Results ===
Accuracy:  0.9998
Precision: 0.8000
Recall:    0.2667
F1-Score:  0.4000
Confusion Matrix:
[[63947     1]
 [   11     4]]

Top 10 feature indices: [ 0  5  1 11 34  4 24  2 91 90]
Number of features: 100
numerical__duration: 0.7323
numerical__orig_ip_bytes: 0.2496
numerical__orig_bytes: 0.0163
categorical__service_-: 0.0014
categorical__local_resp_F: 0.0002
numerical__orig_pkts: 0.0001
categorical__conn_state_OTH: 0.0000
numerical__resp_bytes: 0.0000
categorical__history_ShAdtDtfFa: 0.0000
categorical__history_ShAdtDawFf: 0.0000

Number of misclassified samples: 12
Misclassified samples per phase:
Phase 0: 0 samples
Phase 1: 0 samples
Phase 2: 0 samples
Phase 3: 0 samples
Phase 4: 11 samples
Phase 5: 1 samples

Misclassified samples plot saved to: experiments/results/decision_tree/sample_weights/host_temporal/unbalanced/phase_4/misclassified_samples.png

END: 20251216T072059Z
RETURN_CODE: 0
