COMMAND: uv run python experiments/models/decision_tree.py experiments/preprocessing/processed_data/host_temporal/unbalanced/phase_5/ True
START: 20251216T072059Z

Data shapes:
(61862, 100) (61862,) (61862,)
(63963, 100) (63963,) (63963,)

Training Classifier...
Using class weights: [0.99109231 0.99109231 0.99109231 ... 1.00906926 1.00906926 1.00906926]
Training completed.
Testing Classifier...
Testing completed.
Evaluating Classifier...
Evaluation completed.

=== Decision Tree Classifier Results ===
Accuracy:  0.3821
Precision: 0.0724
Recall:    0.9948
F1-Score:  0.1350
Confusion Matrix:
[[21355 39507]
 [   16  3085]]

Top 10 feature indices: [37  5 33 99 95 94 93 92 91 90]
Number of features: 100
categorical__history_A: 0.9999
numerical__orig_ip_bytes: 0.0001
categorical__local_orig_T: 0.0000
categorical__ip_proto_17: 0.0000
categorical__history_^dtADFf: 0.0000
categorical__history_^d: 0.0000
categorical__history_Sr: 0.0000
categorical__history_ShAfFa: 0.0000
categorical__history_ShAdtDtfFa: 0.0000
categorical__history_ShAdtDawFf: 0.0000

Number of misclassified samples: 39523
Misclassified samples per phase:
Phase 0: 39507 samples
Phase 1: 0 samples
Phase 2: 0 samples
Phase 3: 0 samples
Phase 4: 0 samples
Phase 5: 16 samples

Misclassified samples plot saved to: experiments/results/decision_tree/sample_weights/host_temporal/unbalanced/phase_5/misclassified_samples.png

END: 20251216T072101Z
RETURN_CODE: 0
