COMMAND: uv run python experiments/models/decision_tree.py experiments/preprocessing/processed_data/host_temporal/sampled/phase_3/ True
START: 20251216T072109Z

Data shapes:
(76840, 100) (76840,) (76840,)
(63963, 100) (63963,) (63963,)

Training Classifier...
Using class weights: [0.62128072 0.62128072 0.62128072 ... 2.56133333 2.56133333 2.56133333]
Training completed.
Testing Classifier...
Testing completed.
Evaluating Classifier...
Evaluation completed.

=== Decision Tree Classifier Results ===
Accuracy:  0.9999
Precision: 0.6842
Recall:    1.0000
F1-Score:  0.8125
Confusion Matrix:
[[63944     6]
 [    0    13]]

Top 10 feature indices: [ 5  1 33 11  0 24 54 43 76 98]
Number of features: 100
numerical__orig_ip_bytes: 0.6012
numerical__orig_bytes: 0.3952
categorical__local_orig_T: 0.0030
categorical__service_-: 0.0005
numerical__duration: 0.0001
categorical__conn_state_OTH: 0.0001
categorical__history_ShA: 0.0000
categorical__history_Dd: 0.0000
categorical__history_ShADdt: 0.0000
categorical__ip_proto_6: 0.0000

Number of misclassified samples: 6
Misclassified samples per phase:
Phase 0: 1 samples
Phase 1: 0 samples
Phase 2: 1 samples
Phase 3: 0 samples
Phase 4: 4 samples
Phase 5: 0 samples

Misclassified samples plot saved to: experiments/results/decision_tree/sample_weights/host_temporal/sampled/phase_3/misclassified_samples.png

END: 20251216T072111Z
RETURN_CODE: 0
