COMMAND: uv run python experiments/models/decision_tree.py experiments/preprocessing/processed_data/host_temporal/sampled/downsample/ True
START: 20251216T072103Z

Data shapes:
(31239, 100) (31239,) (31239,)
(63963, 100) (63963,) (63963,)

Training Classifier...
Using class weights: [  0.50121939   0.50121939   0.50121939 ... 205.51973684 205.51973684
 205.51973684]
Training completed.
Testing Classifier...
Testing completed.
Evaluating Classifier...
Evaluation completed.

=== Decision Tree Classifier Results ===
Accuracy:  0.3818
Precision: 0.0734
Recall:    0.9930
F1-Score:  0.1367
Confusion Matrix:
[[21287 39522]
 [   22  3132]]

Top 10 feature indices: [11  5 93  4 27  1 41 53  6 75]
Number of features: 100
categorical__service_-: 0.9848
numerical__orig_ip_bytes: 0.0055
categorical__history_Sr: 0.0039
numerical__orig_pkts: 0.0034
categorical__conn_state_S1: 0.0008
numerical__orig_bytes: 0.0004
categorical__history_DTdFfA: 0.0003
categorical__history_Fa: 0.0003
numerical__resp_pkts: 0.0002
categorical__history_ShADdfFa: 0.0001

Number of misclassified samples: 39544
Misclassified samples per phase:
Phase 0: 39522 samples
Phase 1: 10 samples
Phase 2: 6 samples
Phase 3: 0 samples
Phase 4: 5 samples
Phase 5: 1 samples

Misclassified samples plot saved to: experiments/results/decision_tree/sample_weights/host_temporal/sampled/downsample/misclassified_samples.png

END: 20251216T072105Z
RETURN_CODE: 0
