COMMAND: uv run python experiments/models/decision_tree.py experiments/preprocessing/processed_data/host_temporal/sampled/phase_4/ True
START: 20251216T072111Z

Data shapes:
(76855, 100) (76855,) (76855,)
(63963, 100) (63963,) (63963,)

Training Classifier...
Using class weights: [0.62125131 0.62125131 0.62125131 ... 2.56183333 2.56183333 2.56183333]
Training completed.
Testing Classifier...
Testing completed.
Evaluating Classifier...
Evaluation completed.

=== Decision Tree Classifier Results ===
Accuracy:  0.9998
Precision: 0.6667
Recall:    0.2667
F1-Score:  0.3810
Confusion Matrix:
[[63946     2]
 [   11     4]]

Top 10 feature indices: [ 0  5  1 11 33  4 95 94 91 90]
Number of features: 100
numerical__duration: 0.7277
numerical__orig_ip_bytes: 0.2542
numerical__orig_bytes: 0.0163
categorical__service_-: 0.0014
categorical__local_orig_T: 0.0002
numerical__orig_pkts: 0.0001
categorical__history_^dtADFf: 0.0000
categorical__history_^d: 0.0000
categorical__history_ShAdtDtfFa: 0.0000
categorical__history_ShAdtDawFf: 0.0000

Number of misclassified samples: 13
Misclassified samples per phase:
Phase 0: 1 samples
Phase 1: 0 samples
Phase 2: 0 samples
Phase 3: 0 samples
Phase 4: 11 samples
Phase 5: 1 samples

Misclassified samples plot saved to: experiments/results/decision_tree/sample_weights/host_temporal/sampled/phase_4/misclassified_samples.png

END: 20251216T072113Z
RETURN_CODE: 0
