#=== darpa_neg_one_net_scratch_behavioral_w10_500b10a ===
#
#Metrics:
#  Accuracy: 0.9849 | Macro Precision: 0.9426 | Macro Recall: 0.9679 | Macro F1: 0.9543
#  False Alarms: 2 | False Alarm Rate: 0.0001
#  Missed Attacks: 568 | Detection Rate: 0.9743
#
#Per-Class Metrics:
#  [phase1] P=0.8333 | R=0.8333 | F1=0.8333 | 
#  [phase2] P=0.8571 | R=1.0000 | F1=0.9231 | 
#  [phase3] P=1.0000 | R=1.0000 | F1=1.0000 | 
#  [phase4] P=1.0000 | R=1.0000 | F1=1.0000 | 
#  [phase5] P=1.0000 | R=0.9743 | F1=0.9870 | 
#
#Confusion Matrix:
#         	      	      	      	Actual	      	      	      
#         	      	benign	phase1	phase2	phase3	phase4	phase5
#         	benign	 15673	     1	     0	     0	     0	   567
#         	phase1	     1	     5	     0	     0	     0	     0
#Predicted	phase2	     1	     0	     6	     0	     0	     0
#         	phase3	     0	     0	     0	    10	     0	     0
#         	phase4	     0	     0	     0	     0	     6	     0
#         	phase5	     0	     0	     0	     0	     0	 21475
i,time,loss,ground_time,compile_time,eval_time
10,0.20539569854736328,0.03684350866741377,0.0022906680107116746,0.00011125326156616227,5.798721313476564e-05