#=== darpa_flags_pretrained_down_w10 ===
#
#Metrics:
#  Accuracy: 0.9993 | Macro Precision: 0.7891 | Macro Recall: 0.9491 | Macro F1: 0.8509
#  Number of False Alarms: 20 | False Alarm Rate: 0.0010
#
#Per-Class Metrics:
#  [phase1] P=1.0000 | R=1.0000 | F1=1.0000 | 
#  [phase2] P=0.4706 | R=0.8889 | F1=0.6154 | 
#  [phase3] P=0.6000 | R=0.8571 | F1=0.7059 | 
#  [phase4] P=0.8750 | R=1.0000 | F1=0.9333 | 
#  [phase5] P=0.9999 | R=0.9996 | F1=0.9997 | 
#
#Confusion Matrix:
#         	      	      	      	Actual	      	      	      
#         	      	benign	phase1	phase2	phase3	phase4	phase5
#         	benign	 20880	     0	     1	     2	     0	    13
#         	phase1	     0	     8	     0	     0	     0	     0
#Predicted	phase2	     9	     0	     8	     0	     0	     0
#         	phase3	     8	     0	     0	    12	     0	     0
#         	phase4	     1	     0	     0	     0	     7	     0
#         	phase5	     2	     0	     0	     0	     0	 29376
i,time,loss,ground_time,compile_time,eval_time
100,11.735088109970093,0.0024223606845145598,0.0009160137653350875,0.0003257796287536603,0.0002336157798767085
200,25.689115285873413,0.001328799621781953,0.0011089355468750057,0.00034244637489318696,0.00036194424629211464
300,38.170164823532104,0.0031272664938538173,0.001008601903915412,0.00033909940719604466,0.00033695054054260376
400,47.82213115692139,0.0010777577037349006,0.0010270050525665359,0.0003017806529998766,0.00020524125099182134
500,58.20066714286804,0.0021836102788314205,0.0009505473613739036,0.0003159195899963375,0.00023358488082885729
600,66.59605503082275,0.0015929201441909568,0.0009098379611969046,0.00031827378273010224,0.0002026494979858398
700,74.84812951087952,1.2505052941349516e-05,0.000897100162506108,0.0003262564659118637,0.00020040254592895536
800,84.30439019203186,8.866371117806749e-05,0.0010331457614898717,0.0002876098632812495,0.0002067096233367926