#
#=== Dataset results ===
#
#Accuracy: 0.9663
#Micro F1: 0.9663 | Macro F1: 0.4272 | Weighted F1: 0.9816 | Overall FPR: 0.0067
#
#Per-class metrics:
#  [benign] P=0.9992 | R=0.9197 | F1=0.9578 | FPR=0.000544 | FNR=0.080335 | Support=20900
#  [phase1] P=0.2162 | R=1.0000 | F1=0.3556 | FPR=0.000576 | FNR=0.000000 | Support=8
#  [phase2] P=0.0089 | R=1.0000 | F1=0.0176 | FPR=0.019913 | FNR=0.000000 | Support=9
#  [phase3] P=0.0236 | R=1.0000 | F1=0.0461 | FPR=0.011528 | FNR=0.000000 | Support=14
#  [phase4] P=0.1029 | R=1.0000 | F1=0.1867 | FPR=0.001212 | FNR=0.000000 | Support=7
#  [phase5] P=0.9998 | R=0.9995 | F1=0.9996 | FPR=0.000334 | FNR=0.000544 | Support=29389
#Confusion Matrix:
#         	      	      	      	Actual	      	      	      
#         	      	benign	phase1	phase2	phase3	phase4	phase5
#         	benign	 19221	     0	     0	     0	     0	    16
#         	phase1	    29	     8	     0	     0	     0	     0
#Predicted	phase2	  1002	     0	     9	     0	     0	     0
#         	phase3	   580	     0	     0	    14	     0	     0
#         	phase4	    61	     0	     0	     0	     7	     0
#         	phase5	     7	     0	     0	     0	     0	 29373
i,time,loss,ground_time,compile_time,eval_time
100,4.674588441848755,0.6430837392341345,0.0024551980972289025,0.00829401602745068,0.00013233661651611349
200,9.728471279144287,0.4626489904045593,0.0024602731227873695,0.008368405103683599,0.00015094156265258785
300,17.9325110912323,0.20258402911480516,0.00239807224273672,0.008240004301071286,0.000274347209930419
400,30.192291021347046,0.1596950044677942,0.0024700008392332918,0.008305927658081174,0.000419638109207154
500,40.04215121269226,0.14534412353990775,0.002519617176055813,0.008350856304168803,0.0002934180259704584
600,48.52661204338074,0.11183999531018345,0.002333714246749779,0.008289388465881455,0.00022660779953002967
700,56.90544033050537,0.10827303921098064,0.0025563851356505524,0.008233890295028759,0.00022629117965698234
800,65.36485409736633,0.09533452193609264,0.0024859365940092973,0.0083693159580232,0.0002268764019012444
900,73.89667654037476,0.09248179114847517,0.0023627817153929653,0.008322184181213532,0.00022649874687194802
1000,82.47296047210693,0.08833170133604654,0.0024099476814268992,0.008288128042221211,0.0002265270709991455
1100,91.01005530357361,0.08507937057189338,0.002513770484924223,0.008362770318985104,0.00022547826766967767
1200,99.77525210380554,0.08046465841551254,0.0024348059177397643,0.008441184854507603,0.0002270025730133058
1300,108.44741535186768,0.07172803422366997,0.0024598361015318836,0.008317646503448607,0.00022665662765502883
1400,117.14410734176636,0.07461678700172342,0.002433669090270889,0.00833435893058789,0.00022573218345642055
1500,125.99580812454224,0.06726106978454481,0.0024060561180113747,0.008198540163040282,0.00022966399192810033
1600,134.85657811164856,0.07325318943407183,0.002474356079101467,0.008375215196609614,0.00022909474372863738
1700,143.68880796432495,0.07524501468934432,0.0025705056667326975,0.00838147163391126,0.0002294822692871096
1800,152.482985496521,0.06969444722214575,0.002464554166793724,0.008432426738739156,0.00022892417907714797
1900,162.03524661064148,0.06628153065789774,0.002298552560806178,0.008075140237808325,0.00025564975738525325
2000,174.0014364719391,0.05775318001665255,0.0024535080909727984,0.008364027786255022,0.00032742061614990115
2100,185.37661051750183,0.06297881578450415,0.0024448375225066083,0.008297615385055692,0.00031035237312316904
2200,196.45176124572754,0.059233800414986035,0.0025486868858336513,0.00850811505317702,0.0003005601882934566
2300,206.61436223983765,0.05711938481639209,0.0023735160827635816,0.008252015733718998,0.00027115817070007427
2400,215.06933283805847,0.055881204160937156,0.002468494606017967,0.00841843333244335,0.00022136063575744564
2500,223.48621582984924,0.05423782236126953,0.0024137567043303505,0.008318835926056041,0.0002200050830841069
2600,232.14149498939514,0.05195141089586741,0.002396646451949974,0.008144769287109463,0.00022400412559509274
2700,239.68514919281006,0.0492998812396263,0.002540662717819115,0.008343754100799674,0.0002189052104949953
2800,247.07528233528137,0.05162845123617217,0.0024107727527617456,0.00843934130668654,0.00021739840507507282
2900,253.9146225452423,0.040838379288773013,0.002536894702911276,0.008471297359466688,0.00020008082389831556
3000,261.10454535484314,0.04153815186336601,0.0023458698749541204,0.00830254225730907,0.00020848083496093775
3100,269.39096689224243,0.04019544296664208,0.002378175783157255,0.008333883428573741,0.0002446595668792722
3200,277.6232223510742,0.03890588102842685,0.0024327682018278982,0.008300454998016472,0.00024412307739257754
3300,285.8111050128937,0.03921119882180392,0.0025508127689360667,0.008353129577636847,0.00024130587577819802
3400,293.6325445175171,0.040613128313451624,0.0025633957386015983,0.008287042522430533,0.0002302450656890871
3500,301.53091192245483,0.04138107510742202,0.002497460556030172,0.008387534952163827,0.00023384795188903865
3600,309.33973240852356,0.03962361680006097,0.0024299045562743106,0.008395804452896241,0.0002307025432586674
3700,316.8257601261139,0.030438515701948176,0.002416563558578392,0.008326335382461657,0.00021922464370727557
3800,323.0515170097351,0.034046894755419714,0.002396368265151871,0.00839386100769056,0.0001779081344604487
3900,328.39248538017273,0.030675851431302022,0.0024406836986540724,0.008363270854950063,0.00014787087440490716
4000,333.682168006897,0.036386616496982355,0.00245178618431081,0.008240383434295766,0.00014665231704711934
4100,338.9934446811676,0.029579502481006728,0.0023475614070891373,0.008190080976486304,0.0001474804401397711
4200,344.28784132003784,0.03222273766079354,0.002433181524276629,0.00819020309448251,0.00014713158607482918
4300,350.9495084285736,0.02795049137944787,0.0023709399700163804,0.00816946735382091,0.0001982726573944094
4400,358.3937463760376,0.034875857135938305,0.002430514526367085,0.008344597244262805,0.00021709823608398476
4500,365.80731678009033,0.02834489555412631,0.0024522621154784126,0.008251998901367274,0.0002209736347198483
4600,373.7598159313202,0.023454164330638606,0.002533339405059719,0.008338746404647912,0.00023357262611389178
4700,383.20952224731445,0.02600508351568706,0.002476160669326678,0.008234748125076378,0.00024561424255371015
4800,391.4101836681366,0.02782847929847456,0.002419533872604275,0.008290716123581033,0.00024101748466491684
4900,399.6372458934784,0.02618157205238738,0.0023538374423979777,0.008236008214950678,0.00024183340072631913
5000,407.5864453315735,0.03755302605183324,0.0025138222217558847,0.008346189975738634,0.0002338526725769047