#
#=== Dataset results ===
#
#Accuracy: 0.9988
#Micro F1: 0.9988 | Macro F1: 0.4239 | Weighted F1: 0.9985
#
#Per-class metrics:
#  [benign] P=0.9975 | R=0.9997 | F1=0.9986 | Support=20900
#  [phase1] P=1.0000 | R=0.3750 | F1=0.5455 | Support=8
#  [phase2] P=0.0000 | R=0.0000 | F1=0.0000 | Support=9
#  [phase3] P=0.0000 | R=0.0000 | F1=0.0000 | Support=14
#  [phase4] P=0.0000 | R=0.0000 | F1=0.0000 | Support=7
#  [phase5] P=0.9998 | R=0.9994 | F1=0.9996 | Support=29389
#Confusion Matrix:
#         	      	      	      	Actual	      	      	      
#         	      	benign	phase1	phase2	phase3	phase4	phase5
#         	benign	 20893	     5	     9	    14	     7	    17
#         	phase1	     0	     3	     0	     0	     0	     0
#Predicted	phase2	     0	     0	     0	     0	     0	     0
#         	phase3	     0	     0	     0	     0	     0	     0
#         	phase4	     0	     0	     0	     0	     0	     0
#         	phase5	     7	     0	     0	     0	     0	 29372
i,time,loss,ground_time,compile_time,eval_time
100,6.632343530654907,0.6932822663709521,0.001558844327926702,0.0001653157711029083,0.00021228008270263713
200,19.76265549659729,0.34759081896278077,0.0015676586151123712,0.00016768884658813668,0.0004510512351989749
300,40.3708918094635,0.09158728090988007,0.001569087600708076,0.00016705374717712658,0.0006243649005889889
400,53.55539107322693,0.03383794527340797,0.0015842801094055885,0.00016787724494934315,0.00038543868064880397
500,63.829299449920654,0.019342530333378818,0.0015383030891419158,0.0001666270732879658,0.00029316186904907175
600,78.8783540725708,0.01009482346351433,0.0015390690326691386,0.00016563286781311307,0.0004401587963104244
700,91.1461431980133,0.010633721865779079,0.001534550762176584,0.00016518650054931955,0.00036245570182800313
800,100.12910318374634,0.009595692582151968,0.001553226709365913,0.00016675958633423084,0.00027046303749084466
900,110.0522894859314,0.008015224379123538,0.0015507175922394472,0.00016619000434875747,0.00029229836463928244
1000,120.82280397415161,0.005788595759840973,0.0015576875686646161,0.0001671182632446313,0.00033408823013305694
1100,130.02693819999695,0.005448639438363898,0.001526624202728339,0.00016572928428650188,0.0002774057865142829
1200,139.5239725112915,0.010762964031928278,0.0015463745117188206,0.00016632690429687762,0.0002856323242187505
1300,155.67150926589966,0.008338646460815653,0.0015945585727692281,0.00016792144775390814,0.0004895375728607174
1400,166.92925190925598,0.00923896002534093,0.001550950622558657,0.0001660765647888211,0.00032741222381591823
1500,173.1655912399292,0.006943394135178096,0.0015362891674042408,0.0001659711837768581,0.00017975873947143506