COMMAND: uv run python experiments/models/random_forest.py experiments/preprocessing/processed_data/host_temporal/sampled/phase_1/ False
START: 20251215T160130Z

Data shapes:
(76852, 100) (76852,) (76852,)
(63963, 100) (63963,) (63963,)
Training Classifier...
Training completed.
Testing Classifier...
Testing completed.
Evaluating Classifier...
Evaluation completed.

=== Random Forest Classifier Results ===
Accuracy:  0.9998
Precision: 0.0000
Recall:    0.0000
F1-Score:  0.0000
Confusion Matrix:
[[63953     0]
 [   10     0]]

Top 10 feature indices: [36 97  8  5  7 24 11  1  9  2]
Number of features: 100
categorical__history_-: 0.1528
categorical__ip_proto_1: 0.1522
categorical__proto_icmp: 0.1444
numerical__orig_ip_bytes: 0.0943
numerical__resp_ip_bytes: 0.0599
categorical__conn_state_OTH: 0.0456
categorical__service_-: 0.0357
numerical__orig_bytes: 0.0342
categorical__proto_tcp: 0.0340
numerical__resp_bytes: 0.0340

Number of misclassified samples: 10
Misclassified samples per phase:
Phase 0: 0 samples
Phase 1: 10 samples
Phase 2: 0 samples
Phase 3: 0 samples
Phase 4: 0 samples
Phase 5: 0 samples

Misclassified samples plot saved to: experiments/results/random_forest/no_sample_weights/host_temporal/sampled/phase_1/misclassified_samples.png

END: 20251215T160133Z
RETURN_CODE: 0
