COMMAND: uv run python experiments/models/random_forest.py experiments/preprocessing/processed_data/host_temporal/sampled/upsample/ False
START: 20251215T160123Z

Data shapes:
(141816, 100) (141816,) (141816,)
(63963, 100) (63963,) (63963,)
Training Classifier...
Training completed.
Testing Classifier...
Testing completed.
Evaluating Classifier...
Evaluation completed.

=== Random Forest Classifier Results ===
Accuracy:  0.3818
Precision: 0.0734
Recall:    0.9930
F1-Score:  0.1368
Confusion Matrix:
[[21289 39520]
 [   22  3132]]

Top 10 feature indices: [11  2 13  7 33 32  1  0  5  4]
Number of features: 100
categorical__service_-: 0.1981
numerical__resp_bytes: 0.1362
categorical__service_dns: 0.1337
numerical__resp_ip_bytes: 0.0932
categorical__local_orig_T: 0.0568
categorical__local_orig_F: 0.0506
numerical__orig_bytes: 0.0504
numerical__duration: 0.0453
numerical__orig_ip_bytes: 0.0330
numerical__orig_pkts: 0.0318

Number of misclassified samples: 39542
Misclassified samples per phase:
Phase 0: 39520 samples
Phase 1: 0 samples
Phase 2: 9 samples
Phase 3: 0 samples
Phase 4: 10 samples
Phase 5: 3 samples

Misclassified samples plot saved to: experiments/results/random_forest/no_sample_weights/host_temporal/sampled/upsample/misclassified_samples.png

END: 20251215T160127Z
RETURN_CODE: 0
