COMMAND: uv run python experiments/models/random_forest.py experiments/preprocessing/processed_data/stratified/sampled/phase_1/ False
START: 20251215T160049Z

Data shapes:
(90483, 101) (90483,) (90483,)
(50330, 101) (50330,) (50330,)
Training Classifier...
Training completed.
Testing Classifier...
Testing completed.
Evaluating Classifier...
Evaluation completed.

=== Random Forest Classifier Results ===
Accuracy:  1.0000
Precision: 1.0000
Recall:    1.0000
F1-Score:  1.0000
Confusion Matrix:
[[50322     0]
 [    0     8]]

Top 10 feature indices: [98  8 38  5 99  9 36 39 37  7]
Number of features: 101
categorical__ip_proto_1: 0.2075
categorical__proto_icmp: 0.1463
categorical__history_-: 0.1449
numerical__orig_ip_bytes: 0.0813
categorical__ip_proto_6: 0.0582
categorical__proto_tcp: 0.0560
categorical__local_resp_F: 0.0382
categorical__history_A: 0.0334
categorical__local_resp_T: 0.0316
numerical__resp_ip_bytes: 0.0255

Number of misclassified samples: 0
Misclassified samples per phase:
Phase 0: 0 samples
Phase 1: 0 samples
Phase 2: 0 samples
Phase 3: 0 samples
Phase 4: 0 samples
Phase 5: 0 samples

Misclassified samples plot saved to: experiments/results/random_forest/no_sample_weights/stratified/sampled/phase_1/misclassified_samples.png

END: 20251215T160052Z
RETURN_CODE: 0
