#=== ait_logic_scratch_aug_w10_full ===
#
#Metrics:
#  Accuracy: 0.9932 | Macro Precision: 0.7926 | Macro Recall: 0.8407 | Macro F1: 0.7856
#  False Alarms: 2891 | False Alarm Rate: 0.0072
#  Missed Attacks: 291 | Detection Rate: 0.9959
#
#Per-Class Metrics:
#  [phase1] P=0.9950 | R=0.9921 | F1=0.9936 | 
#  [phase2] P=1.0000 | R=0.9977 | F1=0.9988 | 
#  [phase3] P=0.9615 | R=0.8929 | F1=0.9259 | 
#  [phase4] P=0.0070 | R=0.3279 | F1=0.0138 | 
#
#Confusion Matrix:
#         	      	      	      	Actual	      	      
#         	      	benign	phase1	phase2	phase3	phase4
#         	benign	397124	   116	   131	     3	    41
#Predicted	phase1	    73	 14562	     0	     0	     0
#         	phase2	     0	     0	 56312	     0	     0
#         	phase3	     1	     0	     0	    25	     0
#         	phase4	  2817	     0	     0	     0	    20
i,time,loss,ground_time,compile_time,eval_time
100,11.411570310592651,0.15107503104372882,0.009595941044390202,0.007775726988911629,0.0003148310631513596
200,21.865305185317993,0.13299334344163072,0.00973237119615078,0.007723473720252514,0.00030467741191387177
300,38.19196629524231,0.11743191684567136,0.009499663151800633,0.0075857088342309,0.00047107998281717303
400,50.41546845436096,0.10406836744921748,0.009699513725936413,0.007723009064793587,0.00036502186208963393
500,63.50715661048889,0.11639051720230782,0.00964273687452078,0.0077204350009560585,0.00037836581468582154
600,75.41717672348022,0.0955640565680369,0.009771464504301547,0.007843531407415867,0.00034721944481134413
700,84.75115942955017,0.09679353252784495,0.00967779517173767,0.007772590219974518,0.0002790933847427368
800,93.76875185966492,0.09887348245856628,0.00969516534358263,0.007712969519197941,0.000263645201921463
900,102.99057793617249,0.09374660969904652,0.009778867773711682,0.007767203040421009,0.00027383722364902495
1000,113.72592306137085,0.0894341634297598,0.009546543024480342,0.007652114927768707,0.00032212771475315094
1100,124.11962914466858,0.08299038311904951,0.009706419408321381,0.0077792065218091015,0.00031408559530973437
1200,134.13584566116333,0.07944743093747092,0.009605244435369968,0.007612642683088779,0.00030490130186080935
1300,145.1005301475525,0.07440445957956399,0.009663682542741298,0.007786844000220299,0.00033383965492248533
1400,156.9295151233673,0.0726722803463349,0.009669362790882588,0.007762758582830429,0.000357353612780571
1500,168.7795693874359,0.06795053460459713,0.009723916202783584,0.007747031226754189,0.0003604530543088913
1600,180.42542052268982,0.06762355065347038,0.009874543957412243,0.00786857321858406,0.0003579174354672432
1700,190.5197355747223,0.06988572166083258,0.009673166498541831,0.007848209254443645,0.0003092362731695175
1800,200.2740240097046,0.06207586481380303,0.009660734683275224,0.007788804285228252,0.0002959724888205528
1900,214.16776490211487,0.06291947661691324,0.00949346337467432,0.007560518383979797,0.0004247672110795975
2000,225.97206950187683,0.05787616890374011,0.00951097559183836,0.00767954383045435,0.0003579499572515488
2100,236.4925925731659,0.05871818845813323,0.009730980433523655,0.007808230891823769,0.00031175918877124787
2200,246.90809178352356,0.05342536664997624,0.009709791541099548,0.0077828730270266535,0.00030935637652873993
2300,257.3791649341583,0.05167104141664652,0.009590747132897377,0.007677399180829525,0.00031207270920276644
2400,267.9740538597107,0.05290086576847216,0.009745720773935318,0.007779153734445572,0.0003161501884460449
2500,278.3624269962311,0.051957727031612534,0.009557233452796935,0.007717663124203682,0.00031160544604063033
2600,287.5241813659668,0.050829650214718074,0.009755881279706955,0.007782326899468899,0.0002782607451081276
2700,298.7213044166565,0.050304898410714144,0.009725914746522903,0.007819367572665215,0.0006204987689852714
2800,307.9380452632904,0.05029892613075333,0.009702079519629479,0.007788920477032661,0.0002768771722912788
2900,317.2317199707031,0.042924929615676885,0.00979592964053154,0.007833059430122375,0.00027826983481645586
3000,327.98057889938354,0.04662342195610819,0.00965640489012003,0.007731476388871669,0.0003249718248844147
3100,338.7215223312378,0.03821120563786195,0.009692711159586906,0.007753108255565166,0.0003240066766738892
3200,349.2433304786682,0.04762990595934525,0.009558441378176212,0.007708507776260376,0.0003176200017333031
3300,359.93828535079956,0.048730343329337414,0.009589601531624794,0.0076234985888004305,0.00032216809689998625
3400,370.0877740383148,0.04364124166662862,0.0098659885302186,0.007900522574782371,0.0003058097511529922
3500,381.26841831207275,0.03238303723254177,0.009517387486994267,0.007628935799002648,0.00034145209938287737
3600,394.5618486404419,0.03441650023567405,0.0096980918943882,0.007693487405776978,0.00041563451290130613
3700,406.7384343147278,0.039898769501535016,0.009799448736011983,0.007815074510872363,0.0003900068625807762
3800,417.01362013816833,0.03358324961628711,0.009650821425020694,0.007664751000702381,0.0003231089562177658
3900,427.2276074886322,0.03408197551814467,0.009721972346305847,0.007710986323654651,0.00031915366649627687
4000,438.21122908592224,0.03452911908870078,0.00965587917715311,0.007768266126513481,0.00034499697387218475
4100,449.8593590259552,0.030129074168636263,0.009573047794401646,0.007621819451451302,0.0003647473081946373
4200,461.36940026283264,0.031818935421134426,0.009730865471065045,0.0077839124575257304,0.00036379285156726835
4300,472.58257150650024,0.030341967497392375,0.009724376648664474,0.007699577361345291,0.00034958865493536
4400,483.9536147117615,0.028934458276645075,0.00958996471017599,0.007669952139258385,0.00035368159413337705
4500,495.74237036705017,0.03084107906574559,0.009613347724080085,0.007744617350399494,0.00036482404917478564
4600,506.8320791721344,0.028902149682869548,0.009816923066973687,0.007777684442698956,0.0003458399698138237
4700,517.0785126686096,0.027222923129978083,0.009672706611454487,0.007852629609405994,0.000316375233232975
4800,527.6317842006683,0.03210995728983207,0.009559286572039128,0.007688953317701816,0.000323399230837822
4900,539.1528387069702,0.025255544641817663,0.009581649117171765,0.0076969703659415245,0.00036289256066083907
5000,552.3870735168457,0.028797913556407054,0.00951338067650795,0.007733222395181656,0.0004114244133234024
5100,576.091655254364,0.03119047193518341,0.009657012037932873,0.007647411786019802,0.0007552531734108925
5200,595.4849376678467,0.030599139779511546,0.009649159722030162,0.007750496044754982,0.0006061607971787452
5300,608.383944272995,0.024676640680338906,0.009576089419424534,0.007606589794158935,0.00040139198303222655
5400,620.5159273147583,0.023037664269569262,0.009724644646048546,0.007793692462146282,0.0003740629181265831
5500,633.195821762085,0.023573728180105676,0.009763418398797512,0.007774846255779266,0.00040257863700389864
5600,643.1752660274506,0.02863209829085335,0.009609902559055224,0.007720200911992127,0.00032021084179480874
5700,652.4364495277405,0.02388392979143255,0.00951640959829092,0.007576363608241082,0.00029971253126859665
5800,661.6079549789429,0.02492672266304524,0.00985697440803051,0.007832534983754158,0.0002957895025610924
5900,671.1596441268921,0.02415172271900694,0.009573015682399273,0.007710463888943195,0.00030820854008197787
6000,681.9536650180817,0.023513053648594778,0.009662963822484017,0.00780351847410202,0.00035176690667867663
6100,693.8859961032867,0.02571145715050136,0.009629098288714886,0.007751388102769851,0.0003851213678717613
6200,705.3281826972961,0.024050212668568348,0.009571141228079796,0.00761639554053545,0.0003707774356007576
6300,717.1395366191864,0.02390953181274117,0.009559040665626526,0.007671300508081913,0.00038521628826856616
6400,728.8411793708801,0.025052174229161183,0.009610012955963611,0.007787218354642391,0.0003803924471139908
6500,739.806990146637,0.018662215452128414,0.009849037751555443,0.007865313850343227,0.0003568237647414207
6600,750.796204328537,0.028195551483150467,0.009761113747954369,0.0078010325133800506,0.00035961199551820755
6700,761.9107084274292,0.022230152277464228,0.009714298695325852,0.007780513018369675,0.0003626370057463646
6800,773.2416021823883,0.022563414046153765,0.009694455675780773,0.007743474543094635,0.00036784905940294264
6900,783.6387052536011,0.02142100976701627,0.009819401204586029,0.007904658801853657,0.0003369951620697975
7000,793.7990002632141,0.01841778921706524,0.009743820317089558,0.007863038890063763,0.00032794516533613205
7100,804.6870310306549,0.020293868101808173,0.009617187157273293,0.007822215743362903,0.00035287249833345415
7200,816.4392473697662,0.019864617111543588,0.009744162671267986,0.007776130065321922,0.000381089523434639
7300,827.8208804130554,0.023428529425148028,0.009623622968792916,0.007677270844578743,0.0003690231218934059
7400,838.6981110572815,0.021757017590666727,0.009546418376266956,0.007668842226266861,0.00035310715436935423
7500,849.9545910358429,0.021820048183565782,0.009673842526972294,0.007799165435135365,0.0003662615269422531
7600,861.9957191944122,0.01897955710073564,0.009819656424224377,0.007839116901159286,0.00039170123636722565
7700,873.2652745246887,0.022417753989014494,0.009710298925638199,0.007779859267175198,0.00036615457385778425
7800,882.58655834198,0.022809489057855466,0.009594028927385806,0.0076857577636837955,0.00030163619667291643
7900,891.682914018631,0.023887301563723005,0.00973351925611496,0.007851538360118865,0.00029285740107297896
8000,900.9682431221008,0.021001875814144207,0.009649809896945954,0.007737368233501911,0.0002977173775434494
8100,911.152782201767,0.023537693727956787,0.00967445109039545,0.007697809226810932,0.0003319399058818817
8200,922.8328912258148,0.018606606798621785,0.009721829332411289,0.007704606577754021,0.00037700802087783816
8300,934.5552141666412,0.02032043527861017,0.009607842899858951,0.007585620358586311,0.00037936601787805555
8400,946.3538401126862,0.018867002867608722,0.009748857617378235,0.007865889593958855,0.00038483742624521254
8500,957.5524368286133,0.021137357065001777,0.009605169259011746,0.007592706717550754,0.00036371324211359024
8600,968.929860830307,0.019868906083897356,0.009527055211365223,0.007617601342499256,0.00036852013319730757
8700,980.024276971817,0.018737503396944924,0.009803908206522464,0.007768803387880325,0.00035928413271903994
8800,991.2947819232941,0.021502948996187835,0.009650493375957012,0.0076567118242383,0.00036597657948732375
8900,1002.53542137146,0.019240273377151312,0.009795465283095836,0.007858600802719592,0.0003609218820929527
9000,1013.8907635211945,0.0168200135980276,0.009714794643223286,0.007753602974116802,0.00036666590720415117
9100,1025.581426858902,0.017913775781199313,0.009640102609992027,0.007693727165460586,0.00037988025695085526
9200,1037.1375555992126,0.017825316864525154,0.009640235044062138,0.007647161819040776,0.00037517208606004717
9300,1048.4850676059723,0.022624667564810644,0.009581113271415233,0.007654960975050926,0.0003612339496612549
9400,1058.8366830348969,0.018490436017675263,0.009696213230490684,0.007757979221642017,0.0003271280229091644
9500,1071.0798342227936,0.01749647691370928,0.009737146310508251,0.007858030237257481,0.00038592275232076647
9600,1087.4541823863983,0.023680534112734738,0.009754377454519271,0.007835227884352208,0.0005164963006973267
9700,1104.3662343025208,0.016930309288932913,0.00970464188605547,0.007739440798759461,0.0005361327528953553
9800,1121.3401720523834,0.018554611585944018,0.009736789762973786,0.007842405661940575,0.0005359956622123718
9900,1136.892170906067,0.018663278436346787,0.009677550382912159,0.007713126875460148,0.0004951642453670502
10000,1149.66290640831,0.01880638511360326,0.009687261432409286,0.0077938871085643764,0.0004071993753314018
10100,1160.8406298160553,0.02245399342041228,0.009629906453192234,0.007755272164940834,0.00035573508590459825
10200,1174.5695624351501,0.02467622266258699,0.009677803032100201,0.00783794466406107,0.0004324027523398399
10300,1188.0308332443237,0.019190909331596017,0.009538909308612347,0.007571898549795151,0.00042803805321455
10400,1200.223129272461,0.019080315703418123,0.009610640592873096,0.007609558030962944,0.0003893133625388145
10500,1213.4403584003448,0.021262844622719542,0.009643363766372204,0.00769341804087162,0.00042179707437753675
10600,1228.2838950157166,0.018194557527383227,0.009594280794262887,0.007653408944606781,0.00047049660235643387
10700,1241.027562379837,0.019231341264919842,0.00967721190303564,0.007732905745506287,0.0004038833826780319
10800,1253.3953368663788,0.018431358731541607,0.009592556543648243,0.007763664796948433,0.0003981852531433105
10900,1267.7097721099854,0.022669452962041526,0.009637501388788224,0.0077288391068577765,0.0004566097632050514
11000,1281.6028802394867,0.01880474427761106,0.009666068740189075,0.007701797671616078,0.00044338468462228774
11100,1292.859535932541,0.016770014149515865,0.009674219754007129,0.00770092837512493,0.00034982793447044166
11200,1328.2237794399261,0.01964256838732343,0.009684053845703602,0.007713378705084324,0.001083993799984455
11300,1351.0347037315369,0.015438631316720545,0.009672939628362656,0.007747875861823559,0.0007029202207922935
11400,1366.1967527866364,0.016181914664367372,0.009582511410117149,0.007606944665312767,0.0004833851009607315
11500,1380.763669013977,0.018982701478503547,0.009623795226216316,0.007756190225481987,0.0004565184935927391
11600,1396.3591048717499,0.019800035432557875,0.009692472480237484,0.007810104563832283,0.0005010476335883141
11700,1413.3161499500275,0.018593351447037155,0.009712697677314282,0.007788310535252094,0.0005442777648568154
11800,1432.123871088028,0.01732089602165924,0.009630716256797314,0.007643302083015442,0.0006074902042746544
11900,1448.6444506645203,0.017903534903489372,0.00943303942680359,0.007571845427155495,0.0005350657552480697
12000,1463.4413475990295,0.015834834042975324,0.009548296108841897,0.007624191790819168,0.00047472849488258364
12100,1478.5873951911926,0.016338886449578344,0.00960707176476717,0.007647251635789871,0.0004865805432200432
12200,1493.645190000534,0.018699160024922244,0.009760904349386692,0.007824012115597724,0.0004824955016374588
12300,1508.5945134162903,0.0204218571093335,0.00976436872035265,0.007784122712910175,0.0004785524681210518
12400,1523.5102715492249,0.017426559077441367,0.009794989824295044,0.007920805960893632,0.0004784374311566353
12500,1538.800325870514,0.017373828016079264,0.009737575240433217,0.0077441221848130225,0.0004907958209514618
12600,1553.9633603096008,0.015797871601189718,0.009717844389379025,0.007737045735120773,0.00048712220042943953
12700,1569.9621753692627,0.015789026272511674,0.009617852568626404,0.007691274434328079,0.0005099492520093918
12800,1580.8921971321106,0.01576959894142497,0.009568702317774297,0.0076510940864682195,0.0003457377105951309
12900,1591.4947173595428,0.017625798205776956,0.009610072821378707,0.007744030952453613,0.0003365334495902061
13000,1602.3437337875366,0.01638232269433364,0.009402726516127587,0.007507758177816868,0.00034517545253038407
13100,1612.2163734436035,0.01633835781682639,0.009688796773552895,0.0077964792028069494,0.00031179938465356825
13200,1622.3158972263336,0.016348207531510534,0.009747867695987225,0.00785896584391594,0.0003179029002785683
13300,1633.191740512848,0.01751602869701211,0.009678204879164695,0.007715559490025043,0.0003454534336924553
13400,1644.0313534736633,0.01677259918870792,0.00954012680798769,0.007629394121468067,0.00034346874803304673
13500,1654.9131181240082,0.017336681571526135,0.009631518349051476,0.007722044140100479,0.00034513261169195176
13600,1665.7344868183136,0.01989657230729053,0.009627193622291088,0.007626359798014164,0.00034331902861595154
13700,1676.4367308616638,0.014305936091374845,0.009792612679302693,0.007924696318805219,0.00034016281366348265
13800,1687.1350424289703,0.017298864889341393,0.009699254408478736,0.007800480872392654,0.000339362770318985
13900,1697.829559803009,0.016241138767723165,0.009841700866818428,0.007909604646265507,0.00033957123756408694
14000,1708.6506094932556,0.016577419540370918,0.009664754010736942,0.007697100825607777,0.0003430979326367378
14100,1721.7419266700745,0.016609238511943264,0.00973009254783392,0.007772193886339664,0.00041516140103340147
14200,1737.6043765544891,0.013417840554124823,0.009641967713832855,0.007773981429636478,0.0005051961913704872
14300,1755.124656677246,0.01711349913278482,0.009487293511629104,0.0075023391470313075,0.0005607858672738075
14400,1771.1544930934906,0.02024984819215893,0.009547298029065131,0.007670742273330688,0.000516471080482006
14500,1786.290514945984,0.01598490220249779,0.009712379612028598,0.007774425819516182,0.0004822633787989616
14600,1800.0869691371918,0.016195612258747508,0.009659704491496087,0.007750464119017125,0.0004337825626134872
14700,1813.241269826889,0.01605789909549032,0.00974960669875145,0.007829604782164096,0.0004161548614501953
14800,1828.6323935985565,0.015443857102994814,0.009812130630016326,0.007869196385145187,0.0004906635731458664
14900,1844.6818358898163,0.014105376113267286,0.009528198093175889,0.007686785981059074,0.0005167928710579872
15000,1860.4465630054474,0.015953535117429824,0.009766248986124992,0.007761634811758995,0.0005061407387256622
15100,1875.807516336441,0.015521683083601256,0.00972965594381094,0.007777398005127906,0.0004993903264403343
15200,1894.5953760147095,0.01716829478449582,0.009697540104389191,0.00775546595454216,0.0006082376837730408
15300,1914.0367860794067,0.018455257785183813,0.009705849885940553,0.007722245454788208,0.0006181350722908974
15400,1930.0792410373688,0.015641327159760375,0.009609354846179485,0.007657109573483467,0.0005130133777856827
15500,1943.7049350738525,0.021962961681424926,0.009701819717884063,0.007702497281134129,0.00042416151612997057
15600,1981.7193722724915,0.014037234348690896,0.009879049062728882,0.007859282568097115,0.0011725593730807305
15700,2012.322066783905,0.017793112474585628,0.00962459471076727,0.007670428715646267,0.0009421322494745255
15800,2028.5616400241852,0.01713461599636299,0.00968605998903513,0.007848016247153282,0.0005165734887123108
15900,2043.8951909542084,0.019363503830598993,0.00966726239770651,0.007711704708635807,0.0004893844574689866
16000,2058.8805816173553,0.017503770181055322,0.009667511619627476,0.007768174260854721,0.0004773404076695442
16100,2074.555271625519,0.015147415863917149,0.009498126991093158,0.007608004957437515,0.0004991683736443519
16200,2090.985461950302,0.015735086490206506,0.009607070125639439,0.0076820428296923635,0.0005216076225042344
16300,2106.900135755539,0.01139120974297273,0.00965792302042246,0.007726618088781834,0.0005064179748296738
16400,2122.143301963806,0.013465167040414165,0.009843442440032959,0.0078042706102132795,0.0004873555153608322
16500,2135.5967967510223,0.01449144640777044,0.009841904938220979,0.007997412532567978,0.0004183534160256386
16600,2145.474948167801,0.015224352601390979,0.009619226819939083,0.007714376263320444,0.00030885808997684056
16700,2153.4976258277893,0.013817920325982048,0.009739776588976384,0.00784155186265707,0.00025656834244728086
16800,2162.0729587078094,0.015667765386762022,0.009572835862636566,0.007720965892076492,0.00027529191225767136
16900,2172.8508110046387,0.015067473332099745,0.009727101065218449,0.007860218286514281,0.0003539368137717247
17000,2185.2363905906677,0.014139587879426438,0.009514491744339467,0.007608222588896751,0.0004084905236959457
17100,2197.2237713336945,0.01589124967722027,0.009599673487246036,0.007717894986271858,0.0003921876847743988
17200,2208.4056997299194,0.015958996594444053,0.009652655348181724,0.007660679258406162,0.00036777850240468976
17300,2219.2503097057343,0.017425193265273732,0.009767770059406758,0.007771135084331035,0.0003522241488099098
17400,2230.355965614319,0.0163994553057048,0.009673001617193222,0.007670689336955547,0.0003599461540579796
17500,2241.553586244583,0.014230712448182706,0.009620239771902562,0.007636986151337624,0.00036353189498186114
17600,2253.110579967499,0.015382364322106521,0.009706176482141018,0.007797541879117489,0.00037994276732206345
17700,2264.2335529327393,0.014228085814857684,0.009693170338869095,0.0077430902421474455,0.0003642382472753525
17800,2275.054547071457,0.01463689840900684,0.009591605775058269,0.0076642394810915,0.00035437818616628646
17900,2285.3494777679443,0.014855438626252618,0.009543784037232399,0.007637083269655704,0.00033526446670293806
18000,2295.9888784885406,0.011503435946350594,0.009603626802563667,0.007667614333331585,0.00034530866891145705
18100,2306.2445726394653,0.017692574066987276,0.00966407347470522,0.007700035013258457,0.0003317016735672951
18200,2318.3025407791138,0.016538436203613296,0.009557871334254741,0.007689903378486633,0.0003802814707159996
18300,2334.9045209884644,0.018628566366581566,0.009654888473451138,0.007801497206091881,0.0005360712483525276
18400,2351.2257277965546,0.015880743571081202,0.009647126346826553,0.007596677504479885,0.0005322454869747162
18500,2363.4748866558075,0.014141555470331595,0.009710923470556736,0.0077206089720129965,0.00039272818714380264
18600,2373.51962685585,0.012328165530483055,0.009522394053637981,0.007601640783250332,0.00031833302229642866
18700,2383.352210998535,0.013667828598884562,0.009593599028885364,0.007640750631690025,0.0003088133409619331
18800,2392.8494851589203,0.016058691775151443,0.009694974385201931,0.007819136939942836,0.0002975867688655853
18900,2401.018680334091,0.012852425844382667,0.00974198330193758,0.007800911702215672,0.00025493033230304717
19000,2409.4220309257507,0.013173793648737135,0.009575923271477223,0.007737705409526825,0.00026268169283866883
19100,2418.56591796875,0.014608630504736627,0.00972409475594759,0.00781549111008644,0.000285993292927742
19200,2428.6420114040375,0.011899305272525489,0.009618241973221302,0.0077348570525646206,0.0003154168277978897
19300,2438.7603204250336,0.013140792355040296,0.009525118693709374,0.007714094594120979,0.0003189203515648842
19400,2448.9071385860443,0.015373974632520665,0.009690419510006905,0.007640672661364078,0.0003178472071886063
19500,2459.024838924408,0.014375319823950614,0.00958860907703638,0.007677838318049908,0.0003223366290330887
19600,2469.33589553833,0.017619554714937213,0.009672068394720554,0.007762455940246582,0.0003244459629058838
19700,2479.2846257686615,0.013209610653776733,0.009867697730660438,0.007881955839693547,0.00031059615314006807
19800,2489.0909945964813,0.012757933141535973,0.009667649604380131,0.007716774232685566,0.00030667584389448165
19900,2499.0990352630615,0.017452772928008592,0.009713999703526497,0.007775968536734581,0.00031417936086654665
20000,2508.5478315353394,0.012195957864114582,0.009715242944657802,0.007848046906292438,0.0002949840575456619
20100,2518.1790447235107,0.015399111193887972,0.009608979187905788,0.007718267813324928,0.00030331749469041824
20200,2528.2662296295166,0.013588464611184837,0.009739829637110233,0.007823659516870975,0.0003152794390916824
20300,2538.196507692337,0.014170860539644958,0.009658715017139911,0.007766841165721417,0.00031168445944786073
20400,2548.0802929401398,0.015467902737089778,0.009587593786418437,0.007698436863720417,0.0003092087060213089
20500,2557.9895157814026,0.015123492692130671,0.009781526401638985,0.007813123427331448,0.00030927278101444244
20600,2567.9016346931458,0.017065759324302387,0.009580742977559566,0.007622275687754154,0.0003129084035754204
20700,2577.8432240486145,0.013561093822245346,0.009824958294630051,0.00788671799004078,0.00031382154673337937
20800,2587.184569120407,0.014124328211275966,0.009610719941556455,0.007784700021147728,0.00029256738722324374
20900,2595.973968744278,0.013380787294680034,0.0096350122615695,0.007629042342305183,0.0002763701602816582
21000,2604.930294275284,0.014404439583964913,0.009790554009377957,0.007809772342443466,0.0002784982696175575
21100,2614.1639120578766,0.014423242979074713,0.009661409333348274,0.007727571725845337,0.000287722609937191
21200,2623.9391639232635,0.01208031577740322,0.009753353148698806,0.007776664607226849,0.0003069157153367996
21300,2632.2152903079987,0.016206228689877412,0.009781989939510823,0.007820206247270107,0.0002567121386528015
21400,2641.475618124008,0.015553741545275494,0.009637833125889301,0.007679275684058667,0.00029297523200511933
21500,2651.10866689682,0.015340639428704282,0.00959337454289198,0.0076581741496920585,0.00030383966863155364
21600,2660.8199796676636,0.014484329745745893,0.009740029461681843,0.007848580591380596,0.0003047668561339378
21700,2671.725609064102,0.011380999177830711,0.009665866643190383,0.007660839520394802,0.00034657273441553117
21800,2681.419018507004,0.013044343026897722,0.009845644570887088,0.00791912030428648,0.00030314695090055465
21900,2692.2699851989746,0.012156787579405947,0.009719747975468635,0.007842791751027107,0.00034147776663303377
22000,2707.882237672806,0.012725286621453884,0.009726080112159252,0.007777155041694641,0.0005031077936291695
22100,2720.166127204895,0.012411543639317141,0.009771763980388641,0.007749292068183421,0.0003883510703841845
22200,2729.611992120743,0.014082720212829393,0.009488174691796303,0.007502819932997226,0.00029546987265348433
22300,2739.041352748871,0.015122600322637065,0.009828617200255393,0.007853412926197052,0.00029617320746183395
22400,2754.4348571300507,0.01215163662018708,0.009742322079837322,0.007750443778932094,0.000477730855345726
22500,2767.8978130817413,0.0140500544117187,0.009594593234360217,0.007665356211364269,0.0004378046467900276
22600,2782.674556493759,0.0130702768837682,0.009669892378151418,0.007805938832461834,0.00047829583287239074
22700,2797.996453523636,0.01529053705013857,0.009741728864610196,0.007839525900781154,0.0004968654736876488
22800,2809.557679414749,0.010708120622740456,0.009709120616316796,0.00780841700732708,0.0003710121661424637
22900,2820.764216184616,0.013164527599536745,0.009570161439478397,0.007659988291561603,0.000361386276781559
23000,2834.1411077976227,0.017181337660456146,0.009724895432591439,0.007811486274003982,0.0004301661625504494
23100,2849.5488436222076,0.014344753126241318,0.009680258706212044,0.007687204480171204,0.0005077483505010605
23200,2864.234883069992,0.012180241539865957,0.009654733240604401,0.007623790800571442,0.000484500452876091
23300,2879.010407447815,0.011966007756582308,0.009719641841948033,0.007857579328119755,0.00048481661826372147
23400,2893.970295190811,0.014283782499173512,0.009679016210138797,0.007664403431117534,0.0004875069856643677
23500,2909.091145992279,0.014572299577327157,0.00958670374006033,0.007672602459788323,0.0004920235648751259
23600,2923.903396129608,0.011422277169413764,0.00951153602451086,0.0075639765337109565,0.00048185136169195177
23700,2938.2793078422546,0.01142121106154369,0.009718426316976548,0.007733638100326061,0.0004731618240475655
23800,2952.9032385349274,0.014631281726617859,0.009740385301411152,0.007782869711518287,0.00047579973936080934
23900,2966.747217655182,0.012782612723926832,0.009841020666062832,0.007840784415602684,0.00044902898371219636
24000,2979.4229991436005,0.012699435583395934,0.009710515514016152,0.007792272381484508,0.0004061765968799591
24100,2992.184980392456,0.010293020121535837,0.009669250063598155,0.007708450630307197,0.0004139585420489311
24200,3006.389238357544,0.013285090931134978,0.00978891745209694,0.007878082618117333,0.00046703886240720747
24300,3020.2863647937775,0.01484501453211317,0.009557188004255295,0.007630737759172917,0.0004557427763938904
24400,3034.151256084442,0.012165373317735874,0.009797621332108975,0.007864164635539055,0.0004550798237323761
24500,3048.153047323227,0.012207112015027782,0.00965024635195732,0.007660415917634964,0.00045940861105918883
24600,3061.892003774643,0.01207272634172903,0.009650307074189186,0.007766174674034118,0.0004510281607508659
24700,3075.86825633049,0.013817567564159899,0.009768508858978748,0.0077891812101006505,0.0004585233703255653
24800,3089.548508644104,0.012215623165235272,0.009596305154263973,0.007719283886253834,0.00045057885348796843
24900,3103.0945875644684,0.013884287780475808,0.009665772803127765,0.007762737721204758,0.0004443276673555374
25000,3115.9204828739166,0.010568797686600446,0.009565058015286922,0.007608304247260094,0.0004193120077252388
25100,3128.351107120514,0.015259933027193832,0.009675241261720657,0.007780492901802063,0.00040590837597846984
25200,3141.9190680980682,0.01503737789444855,0.009613728784024715,0.007757296226918698,0.00044620320200920103
25300,3155.9125962257385,0.013469315291623912,0.00955055259168148,0.007687249518930912,0.0004590180516242981
25400,3171.343082666397,0.013886811821234447,0.009745776988565921,0.007764955423772335,0.0005038579553365707
25500,3187.1875562667847,0.01637906106018576,0.009601042456924915,0.007770543098449707,0.0005145788937807083
25600,3202.8799867630005,0.015558476184440579,0.009599750973284244,0.0076745430752635,0.0005091169103980064
25700,3218.2791998386383,0.013082711655406554,0.009589744880795479,0.007726504690945149,0.0005023297667503357
25800,3232.9940037727356,0.01149802895822174,0.009652776978909969,0.007724692076444626,0.00047784965485334394
25900,3247.3514766693115,0.011045847077018594,0.009665352702140808,0.0077435291185975075,0.0004696055129170418
26000,3260.1644699573517,0.011477314548439714,0.00972833201289177,0.007834362387657166,0.00041767895221710204
26100,3274.506763935089,0.013127418575792915,0.009654315300285815,0.007837677299976349,0.00047044310718774796
26200,3290.5422275066376,0.0116703777984939,0.009710604660212993,0.007813660949468613,0.0005292244628071784
26300,3305.427726507187,0.012341026597556757,0.009575557373464107,0.007687562629580497,0.0004894483089447021
26400,3320.7305557727814,0.012315099447960075,0.009669169187545776,0.00767095010727644,0.0004963576421141624
26500,3335.6179022789,0.011174616771698231,0.009567183069884777,0.007615649476647377,0.0004848204553127289
26600,3348.9707601070404,0.013538495941156008,0.009641660451889038,0.007816423736512661,0.00042463310062885285
26700,3362.437704563141,0.01115877682445944,0.009836876504123212,0.007849118299782276,0.0004280929267406464
26800,3377.742966413498,0.011019832621882372,0.00962284442037344,0.0077072855830192565,0.0004953458905220032
26900,3393.319299221039,0.010928282843637546,0.00978174053132534,0.0077985752373933796,0.0005067818239331245
27000,3408.83371424675,0.010980698918932243,0.009646100662648678,0.007702811919152737,0.0005136085301637649
27100,3422.35164475441,0.01082117120236104,0.009706983640789986,0.007812395095825196,0.0004572894051671028
27200,3436.6660165786743,0.014440254278885763,0.00956792537122965,0.007569989934563637,0.00047428689897060394
27300,3451.446620464325,0.010105635421081298,0.00974701914936304,0.007713991068303585,0.000489288866519928
27400,3466.041484594345,0.01047511323285963,0.009696292243897914,0.007839307375252246,0.00047137666493654253
27500,3479.4585070610046,0.010359626110844001,0.009648457765579224,0.007700941599905491,0.000431196428835392
27600,3490.9620885849,0.015584411938179216,0.009628389486008219,0.007787738612128625,0.0003626070792476336
27700,3501.49596619606,0.013373685352940446,0.009550057761371135,0.007558459974825382,0.0003406557068228722
27800,3512.131057739258,0.01240149123600112,0.009608574919402599,0.007731132656335831,0.00034239303320646283
27900,3522.8636677265167,0.011048050501778475,0.009667875505983829,0.0077835961431264875,0.00035192742943763734
28000,3533.9635717868805,0.01227351046617522,0.009544460698962212,0.007618897296488285,0.00036013416945934295
28100,3544.7610437870026,0.011961523041916744,0.009798310920596123,0.007871605716645717,0.00035068172961473466
28200,3555.3512873649597,0.012949700521104444,0.00985157661139965,0.007868810817599296,0.00034181833267211915
28300,3566.2145113945007,0.011405265262051623,0.009629348032176495,0.007617703303694725,0.00035479363054037095
28400,3576.6936089992523,0.010528089367165278,0.009774707742035389,0.007796599119901657,0.00033807191997766497
28500,3587.829993247986,0.010580930958950551,0.00971154659986496,0.007863578163087368,0.0003625398501753807
28600,3597.0084552764893,0.012195160686495028,0.009785513542592526,0.007775236442685127,0.00029055636376142504
28700,3606.2624163627625,0.01278670900024031,0.00980358723551035,0.007854110598564147,0.00029457181692123415
28800,3615.1894471645355,0.010691076702262207,0.009591245800256729,0.007648230642080307,0.0002856522426009178
28900,3624.27276968956,0.010478195346662863,0.009598866812884807,0.007691939622163773,0.00029138188809156416
29000,3635.0772693157196,0.014112684320155087,0.009778350181877614,0.007928866185247898,0.0003463589772582054
29100,3645.574948787689,0.010749009303991275,0.00961712010204792,0.007602148428559303,0.0003372930735349655
29200,3655.652585744858,0.011053670781651143,0.009710689559578895,0.007764455378055573,0.0003249179571866989
29300,3666.244443655014,0.014452994099151158,0.009500499665737152,0.007637807130813599,0.00034149721264839175
29400,3676.7586872577667,0.011860953228623426,0.009679538048803806,0.007816601954400539,0.0003351840376853943
29500,3687.2840642929077,0.011353840066025231,0.009495635218918323,0.007570837587118149,0.000340016596019268
29600,3699.2447345256805,0.013709619733199311,0.009545873254537582,0.007730380035936833,0.00038563400506973265
29700,3709.952310323715,0.011489667588197368,0.009789053983986377,0.007792462669312954,0.0003427892178297043
29800,3726.155300617218,0.013470838817435875,0.00971464715898037,0.007801466286182403,0.0005234935507178307
29900,3740.2961695194244,0.009613526263242876,0.009841687679290771,0.007828618735074996,0.00045611258596181867
30000,3756.0967659950256,0.012159257634112283,0.009488201811909675,0.0074892547726631165,0.0005173769593238831
30100,3771.9025242328644,0.010128620372382331,0.009572480842471122,0.0076580729708075525,0.0005155474320054054
30200,3787.8616664409637,0.009827932537166852,0.009755894467234611,0.007717090509831905,0.000515415258705616
30300,3802.8837785720825,0.010955219572311185,0.009738373942673207,0.007840965017676354,0.0004918012768030166
30400,3818.4867100715637,0.012043390881348925,0.009759319983422755,0.007818605713546277,0.0005057592317461967
30500,3833.4780373573303,0.014299156914576979,0.009509192630648613,0.007588645592331886,0.00048104654997587203
30600,3847.8585925102234,0.013303693908964917,0.009662239924073219,0.0076203802973032,0.0004578352347016335
30700,3860.3781383037567,0.013475372422659598,0.009701829329133034,0.007762276455760002,0.00039454039186239244
30800,3873.4054169654846,0.009379967769988102,0.009823934510350227,0.00793691076338291,0.00042356230318546295
30900,3888.1477241516113,0.01129516276236831,0.009732194617390633,0.007764685153961182,0.000480690598487854
31000,3902.6620814800262,0.013764300724821366,0.009640251882374287,0.007671642750501632,0.0004674023762345314
31100,3918.4649777412415,0.01120163472349417,0.009793790131807327,0.007819351851940154,0.0005161902308464051
31200,3937.9034197330475,0.009949451539953426,0.009666640497744083,0.007695296034216881,0.0006480084732174874
31300,3956.8483016490936,0.011217096718489104,0.009649524018168449,0.007838961184024811,0.0006225687637925148
31400,3975.077485561371,0.013097658753286891,0.0096295852586627,0.007824516631662845,0.0006110573932528496
31500,3990.7632052898407,0.010014461233361516,0.009671920984983444,0.0076772202923893924,0.0005313937738537788
31600,4006.5334928035736,0.011205202937131023,0.009587697833776474,0.007754987925291061,0.0005287776887416839
31700,4020.718889474869,0.012943223525982523,0.009590986222028731,0.007672442197799683,0.00047439347952604293
31800,4034.5410199165344,0.013435085845635035,0.009529770240187646,0.007724158093333244,0.000454791858792305
31900,4049.4734694957733,0.011607647025154943,0.009780236780643463,0.00776469998061657,0.0004926441609859467
32000,4063.4944784641266,0.011075293150097481,0.009722201935946941,0.007619197703897953,0.00046239666640758516
32100,4076.09783411026,0.011881976068199804,0.009615342356264591,0.007660142295062542,0.0004094568639993668
32200,4089.7412099838257,0.010613376791933016,0.009613153971731663,0.007821957468986512,0.00044416647404432296
32300,4105.523257732391,0.011236290352353611,0.009688040502369403,0.007778431214392185,0.0005261766910552979
32400,4121.186274290085,0.011338498742633594,0.009533455558121205,0.007593953534960746,0.000519534982740879
32500,4139.542130947113,0.01279010924243888,0.009635323956608773,0.007625606916844845,0.0006063393130898476
32600,4154.886297225952,0.010895231633781404,0.009845330342650414,0.007851986698806285,0.0005000797659158707
32700,4170.308624982834,0.01265102899574056,0.009656823612749577,0.007844268754124641,0.0004963196814060211
32800,4185.6735870838165,0.012817897460071191,0.00966692429035902,0.0077629324793815615,0.0004990773648023605
32900,4198.947836399078,0.010178498711443749,0.009727411940693854,0.007846419550478458,0.0004224543273448944
33000,4212.065382242203,0.010723247454968115,0.00956974770873785,0.00768953438848257,0.00043110091239213945
33100,4226.114142656326,0.009335346654221598,0.00972062142772807,0.007742074690759177,0.00045873199072149056
33200,4236.574209451675,0.011413353049494495,0.009610449150204658,0.0077334815263748165,0.00034946810454130174
33300,4247.313696861267,0.010757623704378473,0.009542750641703606,0.007571493424475193,0.000364445261657238
33400,4257.672403097153,0.009642844520416789,0.009614096134901046,0.007700761407613754,0.0003501087799668312
33500,4267.869354724884,0.013016946801664177,0.009636191315948964,0.007759475745260715,0.0003506012260913849
33600,4278.298615694046,0.009091649820871305,0.009847888015210629,0.007881578765809536,0.0003518564999103546
33700,4286.638833761215,0.013228721878934497,0.009668033532798291,0.007777527458965778,0.0002770357206463814
33800,4295.429360151291,0.00946229708745292,0.009715591259300708,0.007779369689524173,0.0002921953424811363
33900,4305.436935901642,0.0085641876945724,0.009761297702789306,0.007913273386657238,0.0003398974984884262
34000,4315.056924819946,0.009654852305226898,0.009644566662609577,0.007734050899744034,0.000329328291118145
34100,4323.6362998485565,0.009249797760823806,0.009598598442971706,0.007653701566159726,0.0002889293059706688
34200,4332.4129865169525,0.01522021263608643,0.009711657650768757,0.007712097950279713,0.00029612138867378233
34300,4342.531703710556,0.013564470421246968,0.009677463136613369,0.007681374736130238,0.00033895574510097506
34400,4351.347895860672,0.011513168509195332,0.0097130236774683,0.007827612347900867,0.0002911100536584854
34500,4376.243284463882,0.009215697639751348,0.009829832650721073,0.007913543619215488,0.000806773155927658
34600,4408.806414365768,0.012734530240817969,0.00966397523880005,0.007739677429199219,0.0010580764710903167
34700,4424.199026823044,0.012849683582601787,0.009673856608569622,0.00770950935781002,0.0004987247288227081
34800,4439.5791647434235,0.010915654915335606,0.009661475829780101,0.007727619893848896,0.0004973559081554413
34900,4454.551906585693,0.01032343063111647,0.00955277182161808,0.007614202462136745,0.0004870997741818428
35000,4468.211196422577,0.014328356737321347,0.009579611420631408,0.007775521278381348,0.0004417882487177849
35100,4481.656683921814,0.010854204324758024,0.009548195600509644,0.0077198433876037595,0.0007468653842806816
35200,4491.465766906738,0.012047478900370301,0.009591247700154782,0.007678777128458023,0.000322566032409668
35300,4500.134992361069,0.01166480097010051,0.00964940182864666,0.007729147337377071,0.00028454162180423736
35400,4509.080252408981,0.01090105271618603,0.009709244221448898,0.007800527438521385,0.0002954136952757835
35500,4518.878518104553,0.011911695679336913,0.009557138122618198,0.007715861797332763,0.00032604776322841644
35600,4529.840157747269,0.011297082446760642,0.009719634503126144,0.007774600274860859,0.00037567049264907836
35700,4540.855595588684,0.011133965343902305,0.009794430807232857,0.0078107621893286705,0.0003772524744272232
35800,4552.2017159461975,0.010715298709852243,0.00972903922200203,0.00765143632888794,0.00038943752646446227
35900,4567.69210267067,0.00993272467391549,0.009725850522518158,0.007799715921282768,0.000521780326962471
36000,4586.777051210403,0.010440543484810699,0.009668177999556065,0.007729342505335808,0.0006255808845162392
36100,4598.6660442352295,0.009648456422837149,0.009703291468322278,0.007712245248258114,0.0004033547267317772
36200,4608.0148820877075,0.011522528887271241,0.009506723135709763,0.0075388261303305625,0.000327143557369709
36300,4616.837386369705,0.00920521311922216,0.009812484234571458,0.007810051292181015,0.0003007664531469345
36400,4626.26896739006,0.007894407237079196,0.00958345778286457,0.007739642076194287,0.0003211335465312004
36500,4639.5944945812225,0.01070547359416179,0.009743555597960949,0.007870260551571846,0.0004529619216918945
36600,4650.618330001831,0.01396533221920888,0.009586813561618328,0.007721479535102844,0.000375894233584404
36700,4661.688900947571,0.008695582820412946,0.00984082542359829,0.007883736714720726,0.0003767097368836403
36800,4671.661558151245,0.01054730858671991,0.0097526790574193,0.007883718498051166,0.00033269073814153673
36900,4680.798588037491,0.011388008521149953,0.0096884223818779,0.00777322206646204,0.00030722200870513916
37000,4689.815397977829,0.009415355030212265,0.009694061875343322,0.007706004455685616,0.00030464082956314085
37100,4699.013447523117,0.014383513108696486,0.009578109830617904,0.007657306008040905,0.00030845094472169875
37200,4707.907958507538,0.010334507645691571,0.009648323059082031,0.007788228280842305,0.000301351398229599
37300,4716.842781543732,0.011448948311892193,0.009775557816028594,0.007798173651099205,0.0003012995421886444
37400,4726.501810789108,0.009792047261389785,0.009625685736536979,0.007609490677714348,0.00032262828201055525
37500,4736.720341920853,0.012404656108343409,0.009560034722089767,0.007560963630676269,0.00034211523830890656
37600,4746.311371803284,0.011721885100589878,0.0096414839848876,0.007781992964446545,0.0003184180334210396
37700,4755.652546167374,0.011559743832541935,0.009747052527964116,0.007763369083404541,0.0003153399005532265
37800,4764.514577865601,0.009272792962542721,0.009795680157840252,0.00784870631992817,0.0003004440665245056
37900,4773.293889045715,0.01054769705708467,0.009745550714433194,0.007752916924655438,0.0002979961037635803
38000,4782.589558601379,0.009809354479854844,0.009738203845918178,0.007809806019067765,0.0003116258606314659
38100,4791.566443443298,0.011691452599175822,0.009708706438541412,0.007841997183859348,0.00029920898377895356
38200,4799.338549852371,0.009317456559154547,0.009480599611997605,0.007510187588632106,0.0002593875676393509
38300,4806.895975112915,0.010406873445330249,0.009645460210740565,0.0076710846647620205,0.00025421641767024993
38400,4814.542656421661,0.010110630848648494,0.00952806018292904,0.0076950653642416,0.00025656502693891523
38500,4822.731666564941,0.010302813712373238,0.009663543440401554,0.007674896009266376,0.00028089839965105055
38600,4832.143087387085,0.010783143264171518,0.009596229675743318,0.007629004365040194,0.00031769445786873504
38700,4841.789749145508,0.010507504327830675,0.009708093069493771,0.007793951891362667,0.0003324088454246521
38800,4850.319078207016,0.011819672082808996,0.009637820683419705,0.007682384550571441,0.0003000345081090927
38900,4859.4112157821655,0.009384935381368236,0.009722325503826141,0.007699154056608677,0.00030780818313360216
39000,4868.356858253479,0.010159601855392313,0.009572043791413307,0.007655689828097821,0.00030021268874406813
39100,4877.3051245212555,0.009993258135998636,0.009723391719162464,0.007829174734652042,0.0003040116652846336
39200,4886.110849618912,0.009608303676548356,0.0096097045019269,0.00774216216057539,0.00029642697423696516
39300,4894.944715499878,0.011208544620020987,0.009555480815470219,0.007596102431416511,0.00030708163976669314
39400,4904.0875124931335,0.010960306403244288,0.009750046841800213,0.007806603088974953,0.0003125244751572609
39500,4912.982360601425,0.010619117371236823,0.009607775211334229,0.007647575214505196,0.0003035082668066025
39600,4923.2040202617645,0.012278584798454626,0.009690156169235707,0.0077463313937187195,0.0003463497757911682
39700,4940.456407546997,0.01002952451496127,0.009616640023887157,0.007777572795748711,0.000592327006161213
39800,4960.890591144562,0.009041145710800218,0.0097423604875803,0.007808944992721081,0.0007120020687580109
39900,4972.279947757721,0.010175734283374212,0.009634510725736617,0.007610748149454593,0.000378851406276226
40000,4982.330647945404,0.0105827727945021,0.009748807400465012,0.0077463951334357265,0.0003435634449124336
40100,4992.057760000229,0.010264604948201384,0.009659815281629562,0.007691666409373283,0.0003310888260602951
40200,5000.99985575676,0.009197236828791762,0.009552692919969559,0.00769045814871788,0.00030996009707450866
40300,5009.519140481949,0.010015965493286474,0.00939099706709385,0.007692950703203678,0.000299270823597908
40400,5017.9400997161865,0.008276671774717047,0.00968093678355217,0.007750645652413369,0.00029968295246362686
40500,5025.417801618576,0.008140451681135563,0.00972503688186407,0.0078074106201529506,0.0002723439410328865
40600,5033.508008003235,0.010573077329896487,0.009774257093667985,0.007694238908588886,0.0002827195078134537
40700,5042.85741686821,0.013719428846734976,0.00965806856751442,0.007670861221849918,0.00031719252467155457
40800,5052.682440042496,0.009636890606646324,0.009507260881364346,0.007595155648887158,0.00034159205853939056
40900,5062.606439113617,0.011188830803584024,0.009720242209732532,0.0077472621202468875,0.0003296758607029915
41000,5072.905817270279,0.01151399021310899,0.009749944619834423,0.007879112251102924,0.000337940976023674
41100,5083.668966293335,0.009560724478214848,0.009761559404432773,0.007851280607283115,0.00035574965178966525
41200,5093.771260738373,0.009061509489942167,0.009669173546135425,0.007674427106976509,0.0003525562584400177
41300,5106.225273132324,0.010695241494186563,0.00961291093379259,0.0077215971425175665,0.00043192282319068907
41400,5119.972905397415,0.009901865816405914,0.009687009267508984,0.007713756375014782,0.00047183133661746977
41500,5133.704626560211,0.00910872515411281,0.009667310230433941,0.0077373417094349865,0.0004694942757487297
41600,5150.90998005867,0.010467587113910944,0.009631026908755303,0.007765695899724961,0.0005719292908906937
41700,5168.550961256027,0.01338429790705433,0.009592480883002281,0.007617843709886074,0.000577898770570755
41800,5181.520610809326,0.009616191559201728,0.009741894006729125,0.007799523137509823,0.0004164089635014534
41900,5191.961136102676,0.008804109864528982,0.009672899655997753,0.007780120074748993,0.0003404834121465683
42000,5202.863922595978,0.010218294228963616,0.009624459482729435,0.007652424909174442,0.0003449800983071327
42100,5214.185451745987,0.009429104442765582,0.009678068608045577,0.007779433652758599,0.000355529822409153
42200,5220.861007928848,0.011179228541629236,0.009655775427818298,0.0077521540597081185,0.00021329734474420547
42300,5227.749073028564,0.01205985435382063,0.009640406481921673,0.007715923935174942,0.00021444711834192276
42400,5234.847303152084,0.010271132680832622,0.00962025459855795,0.007719925232231617,0.00021902959793806075
42500,5241.928776979446,0.011552135143019227,0.009792280942201614,0.007848574966192245,0.00021929897367954255
42600,5249.65301156044,0.010413802185205111,0.009698402062058449,0.007751079127192497,0.00023315105587244035
42700,5258.666461467743,0.008472558267992904,0.00979284692555666,0.007839118577539921,0.0002803896740078926
42800,5270.515269756317,0.007130119301772114,0.00963196750730276,0.007653228379786015,0.0003868425264954567
42900,5279.732453346252,0.012847240512044913,0.009622316397726536,0.007651378214359283,0.00029634591192007065
43000,5287.523921489716,0.012621960818103723,0.00948397021740675,0.007597256563603878,0.00023658357560634612
43100,5295.424911737442,0.011224641303150217,0.009776947200298309,0.007848114781081677,0.0002416801080107689
43200,5312.757885456085,0.008451315413212106,0.009847158379852772,0.00789504285901785,0.000534219779074192
43300,5324.536623477936,0.009466307050792482,0.009725982546806336,0.007780602611601353,0.00036341588944196703
43400,5337.95502448082,0.009014819989583322,0.009684480018913746,0.007751913629472256,0.00041976477950811386
43500,5350.43913602829,0.008439343427846158,0.009830131568014622,0.007878032140433788,0.00037845622748136523
43600,5361.804687738419,0.008326399103198892,0.009579572938382625,0.007779932022094727,0.00035462267696857453
43700,5373.022664308548,0.01023634118429005,0.009602565988898278,0.007597457058727742,0.00034917142242193224
43800,5384.196828842163,0.009467292082351546,0.009609026648104192,0.007752556093037128,0.0003498993441462517
43900,5395.26288151741,0.01177641050642154,0.009811508841812611,0.007882464863359927,0.0003489545360207558
44000,5407.377386808395,0.011028253210495083,0.009614525772631168,0.007745839208364486,0.00036498144268989565
44100,5420.032989501953,0.012713172931666239,0.00969828632142809,0.007745771523978972,0.00038329648060931096
44200,5427.907200098038,0.009168114673457252,0.009625413566827773,0.0077462193369865415,0.00023940257728099823
44300,5436.732133626938,0.008812677847976493,0.009667642340064049,0.007694155275821686,0.00027474820613861085
44400,5448.035745382309,0.01139139649146228,0.009598915502429008,0.007559463009238243,0.0003485773876309395
44500,5457.450720787048,0.011013339509377969,0.009767359755933284,0.007759746760129928,0.0002780745550990105
44600,5477.090218305588,0.01067650426210264,0.009641864635050297,0.00763798613101244,0.0006103451550006866
44700,5485.7937960624695,0.010266853392844763,0.009731109328567982,0.007755216658115387,0.0002682215720415115
44800,5494.446807146072,0.010688881880440154,0.00967513170093298,0.007781150043010712,0.00026812523603439334
44900,5502.992884397507,0.009688383725601404,0.00979152947664261,0.007815116979181767,0.00026512693613767624
45000,5510.895071983337,0.009618905105694969,0.009624901823699475,0.007741114273667336,0.0002459728717803955
45100,5519.44984960556,0.009383126939849162,0.009589406475424767,0.007658482864499092,0.00025574207305908205
45200,5527.5998442173,0.011664922358801299,0.009698446616530418,0.00785313691943884,0.00024557847529649735
45300,5536.037678718567,0.008859699408756062,0.00959045734256506,0.007649259194731712,0.0002587792277336121
45400,5544.332924127579,0.011344093460599452,0.009562832713127136,0.007713054530322552,0.00025615442544221875
45500,5552.861452817917,0.008141093883142133,0.00966196570545435,0.007722685299813748,0.0002622271329164505
45600,5561.6375098228455,0.01052909515032443,0.009532955139875413,0.007660132683813572,0.00027448959648609163
45700,5569.954762220383,0.010743593663236482,0.009579987451434135,0.007642821930348873,0.0002482721582055092
45800,5578.453857421875,0.009245010212810394,0.009752898588776588,0.007771683670580387,0.0002595815435051918
45900,5591.120309829712,0.010092957625266139,0.009557997658848762,0.007651337496936321,0.00038093127310276034
46000,5599.151403665543,0.010141826556306332,0.009810344725847244,0.007833854518830776,0.00024218153208494187
46100,5607.423805713654,0.009900000119714448,0.009810064062476158,0.007886497229337692,0.0002512858435511589
46200,5616.014923810959,0.009598534770806114,0.00977921810001135,0.007847914025187492,0.0002709916234016418
46300,5624.730694532394,0.011901876410678483,0.009718582890927792,0.007731703482568264,0.00027166739106178285
46400,5633.681285381317,0.009073926687789943,0.009598209112882615,0.007785650305449963,0.0002751372754573822
46500,5642.503016471863,0.008469364896656208,0.009724632278084755,0.007766615264117717,0.00027427155524492266
46600,5651.382648944855,0.008557325509713899,0.009672935158014297,0.007700198404490948,0.00027176111936569216
46700,5661.072507143021,0.011216057856267827,0.009773163832724094,0.00782967835664749,0.00029284015297889707
46800,5668.511812925339,0.008057201389338546,0.009603700302541256,0.007687976732850075,0.00021710213273763658
46900,5677.378361940384,0.0100901069872972,0.009514085315167904,0.007570564560592174,0.0002684411033987999
47000,5686.100052118301,0.008770724258210783,0.009678824357688427,0.007689021155238151,0.0002626616507768631
47100,5696.372298240662,0.011217441183881965,0.009686449393630028,0.007763075605034828,0.00030919212847948076
47200,5708.491320371628,0.012586310738828101,0.009642234854400158,0.0076942890509963035,0.0003616725653409958
47300,5716.600779294968,0.00945457934933619,0.009720676951110363,0.00783584162592888,0.00024375434964895248
47400,5724.657016038895,0.009171919148138362,0.009692002721130848,0.0076632662117481236,0.00024839434772729876
47500,5734.971514463425,0.007470140460266985,0.009783217050135136,0.007809908427298069,0.00031917471438646316
47600,5746.825768947601,0.00946597669945628,0.00963379379361868,0.007751309312880039,0.0003569592908024788
47700,5758.814070701599,0.01002449010888574,0.009690849408507347,0.0077660934627056125,0.0003595183789730072
47800,5770.764680862427,0.01017017921349928,0.009629761315882206,0.007693644091486931,0.00036157410591840743
47900,5782.935828447342,0.011161785499519135,0.009576591439545154,0.007728549502789974,0.00036415182054042814
48000,5794.93597817421,0.009809245628734985,0.009651246555149555,0.007744350396096706,0.0003617271780967712
48100,5806.815530061722,0.008644516544830495,0.00953071516007185,0.007690104581415653,0.00036047697067260743
48200,5818.285770893097,0.009555713096895915,0.009667880684137344,0.007801320999860763,0.0003436444699764252
48300,5828.054600954056,0.010887384440893893,0.009876973778009415,0.007945071756839752,0.0002972111478447914
48400,5836.886477947235,0.00837619442059918,0.009776136092841625,0.007828547358512879,0.00025985267013311385
48500,5847.903439760208,0.0091540081144577,0.009599913321435451,0.007794851921498775,0.00034248784184455873
48600,5861.359863996506,0.010898875042051226,0.009577917866408825,0.007671781852841377,0.0004148109629750252
48700,5873.370547771454,0.009405392474220255,0.009623533748090267,0.007785530425608158,0.00035801809281110764
48800,5881.685536146164,0.010313193725469157,0.009686709083616733,0.007712417617440224,0.00025222349911928175
48900,5890.004472255707,0.010713654065385905,0.009570046961307525,0.0076034127920866015,0.0002545835077762604
49000,5899.104077100754,0.009538981744917453,0.009725127778947353,0.007697636894881725,0.0002775122970342636
49100,5907.657607793808,0.007798206483910886,0.009641823172569276,0.007671289853751659,0.0002668832987546921
49200,5915.315420150757,0.009014310053588697,0.009663595296442508,0.007811618633568287,0.00023623388260602952
49300,5923.796494245529,0.010557176172327208,0.009749631248414516,0.007835108675062657,0.00026513859629631045
49400,5932.644972324371,0.00948523524813521,0.009733192585408688,0.0077502022311091425,0.00026977766305208206
49500,5947.405645370483,0.01031551198386272,0.009829800203442573,0.007857585810124874,0.0004433850198984146
49600,5954.363899469376,0.00910729148957265,0.00955177154392004,0.007648558653891087,0.0002128058671951294
49700,5962.720663547516,0.01040276392291112,0.009621688607666228,0.007679006867110729,0.00025352763219012157
49800,5970.545198917389,0.0084341885104103,0.009619924612343312,0.007758298180997372,0.0002441287413239479
49900,5978.683130264282,0.011590986079678116,0.009730678759515285,0.007866475954651833,0.0002503509074449539
50000,5987.398459434509,0.009666905563746603,0.009738920629024506,0.007745247483253479,0.00026624616235494615
50100,6011.2152264118195,0.01164866256084775,0.009683223217725754,0.007680373191833496,0.0007302464172244072
50200,6019.577641248703,0.007811462858895627,0.009593347497284412,0.007508290335536003,0.00025385867804288863
50300,6027.473881006241,0.008163997457797324,0.00965365756303072,0.007788515836000443,0.00024393584579229354
50400,6035.596217870712,0.009478163073392774,0.009640104733407498,0.007699679508805275,0.0002518950402736664
50500,6043.659774541855,0.007593052416939562,0.009593789651989936,0.00763232409954071,0.0002585373446345329
50600,6051.8050491809845,0.010934609534650686,0.00973693884909153,0.007754425667226315,0.00025450270622968675
50700,6060.735929727554,0.0123688943530941,0.009683772660791875,0.0077114137262105946,0.0002624835819005966
50800,6071.271505117416,0.008293943130630454,0.009780522137880325,0.007916595675051213,0.0003205907344818115
50900,6079.640704870224,0.010193102214645977,0.009606599919497966,0.007645482495427132,0.0002587161958217621
51000,6089.687558174133,0.009692795317654232,0.009599241726100445,0.007683577090501785,0.0003080229088664055
51100,6099.338571071625,0.011038713315725222,0.00966808445751667,0.007739748358726501,0.0002963513135910034
51200,6107.3364198207855,0.008497606540277518,0.009579995088279248,0.007768651209771633,0.0002430439367890358
51300,6116.216784954071,0.010835929761061836,0.009733027294278145,0.007786523625254631,0.00026235990226268767
51400,6126.354200363159,0.00999507270056821,0.009725907109677792,0.007725745774805546,0.00029883842915296555
51500,6134.739013433456,0.010098120571923797,0.00967206422239542,0.007677817679941654,0.000260840505361557
51600,6142.323972702026,0.011869492658800988,0.00957537081092596,0.007701179534196853,0.0002380826696753502
51700,6155.68431019783,0.009301852673516487,0.009610097520053387,0.007677288688719273,0.00040666349232196806
51800,6166.006864070892,0.007433935565023226,0.009634833559393883,0.007699969932436943,0.00031885042786598204
51900,6173.705238580704,0.009288321558786275,0.009594613797962665,0.007674853689968586,0.00023923009634017943
52000,6181.939392566681,0.008907081801926404,0.009661720953881741,0.007676066756248474,0.00025427568703889847
52100,6189.924461841583,0.009406947193382958,0.009719514325261115,0.007688135243952275,0.00024286746978759765
52200,6198.088190317154,0.007889768687334564,0.009711303375661373,0.007806811444461346,0.0002466548979282379
52300,6209.6911079883575,0.009263117964982666,0.009783452972769738,0.007762295231223106,0.00035384103655815123
52400,6220.965753078461,0.008420854723955488,0.009562872089445592,0.007638367265462876,0.00034850046038627626
52500,6231.978431463242,0.010034173472372954,0.00969340704381466,0.007672053948044777,0.00034549564123153686
52600,6243.420899391174,0.008893454005254047,0.009725348353385925,0.00785020399838686,0.0003512910008430481
52700,6254.991314411163,0.009911292009759287,0.009595781825482845,0.007653667330741882,0.00035702340304851534
52800,6266.937046527863,0.00829245995448226,0.009660664834082127,0.007847763411700726,0.0003658430278301239
52900,6282.339320898056,0.00921992108383633,0.009606025516986846,0.0076369202882051465,0.0004855610430240631
53000,6293.55858874321,0.009980563776807325,0.009663956128060818,0.007783459909260273,0.0003508321568369865
53100,6304.5457491874695,0.009655280197992267,0.009736138954758644,0.007840178571641446,0.0003480038419365883
53200,6314.6281905174255,0.009306249399260665,0.009710946567356587,0.007847380451858043,0.00031471148133277894
53300,6322.160737514496,0.007514005490225683,0.009731466062366962,0.007776226103305817,0.0002374047040939331
53400,6329.83745265007,0.008686350381755175,0.009556987881660461,0.007731013223528862,0.0002359744906425476
53500,6339.083296537399,0.008354126774112399,0.00977433193475008,0.007818605192005635,0.00028778310865163804
53600,6346.681953191757,0.007642127172856233,0.00975091002881527,0.007818088531494141,0.00022878464311361314
53700,6354.048805713654,0.012508469230829513,0.009707764089107514,0.00781624037772417,0.00023593097925186156
53800,6361.343108415604,0.011205222956449821,0.00953496716916561,0.007618136070668698,0.00022731214761734009
53900,6370.1041049957275,0.008219081905123849,0.009748119935393334,0.007851092629134655,0.00026748355478048327
54000,6380.58002781868,0.008369312989698263,0.009706269204616546,0.007706472650170326,0.0003155321627855301
54100,6391.937388181686,0.008427919690756297,0.009647017233073712,0.007714695297181606,0.00034830160439014435
54200,6401.308603286743,0.010452564974990102,0.009685095027089119,0.007714928276836872,0.0002900597453117371
54300,6409.342059373856,0.008862141490931669,0.009633897729218006,0.007628822214901448,0.0002477708086371422
54400,6416.863330364227,0.010871857509549315,0.009660355225205421,0.007758878171443939,0.00022795625030994416
54500,6424.894394159317,0.011059961551102969,0.009655405841767788,0.007785959579050541,0.00024015627801418304
54600,6433.856536388397,0.008509331540168228,0.00958404816687107,0.00773079264909029,0.00027319926768541334
54700,6441.280250310898,0.00815275890438078,0.009814724959433078,0.007860492430627346,0.00022050432860851288
54800,6449.094353199005,0.011379093703770883,0.009629490561783314,0.007672593444585801,0.00023004982620477676
54900,6457.555901050568,0.008761062181018913,0.00970186311751604,0.007798860780894756,0.00025388628244400025
55000,6467.917474746704,0.01014240151035572,0.00968396607786417,0.007763539887964726,0.0003231804445385933
55100,6479.911352396011,0.010526643794163857,0.009674598164856434,0.00781541407108307,0.00036287587136030197